2022-09-14 23:26:50.485 | INFO     | __main__:main:57 - Load config from configs/neo_small.yaml
2022-09-14 23:26:50.486 | INFO     | __main__:main:58 - {'dataset': {'data_path': '/home/s/hungpv/polyps/dataset', 'train_data_path': ['/home/s/hungpv/polyps/dataset/neo_small/train'], 'test_data_path': ['/home/s/hungpv/polyps/dataset/neo_small/test'], 'val_data_path': ['/home/s/hungpv/polyps/dataset/neo_small/test']}, 'model': {'num_classes': 3, 'save_dir': '/home/s/hungpv/polyps/checkpoint/neo/neo_small_v2', 'backbone': 'MiT-B3', 'head': 'FaPNHead', 'pretrained': '/home/s/hungpv/polyps/pretrained_models/mit_b3.pth'}, 'optimizer': {'name': 'adam', 'lr': 0.0001, 'clip': 0.5, 'scheduler': 'cosine_warmup', 'loss': 'multi_structure_loss'}, 'dev': 'cuda', 'train': {'start_from': 0, 'save_from': 79, 'num_epochs': 80, 'num_warmup_epoch': 8, 'is_val': False, 'size_rates': [0.75, 1, 1.25], 'dataloader': {'batchsize': 16, 'img_size': 384, 'shuffle': True, 'num_workers': 4, 'pin_memory': True, 'drop_last': True}, 'amp': False, 'ddp': False, 'augment': {'prob': 1, 'Flip_prob': 0.5, 'HueSaturationValue_prob': 0.5, 'RandomBrightnessContrast_prob': 0.5, 'crop_prob': 0.0, 'randomrotate90_prob': 0.5, 'ColorJitter_prob': 0.5}}, 'val': {'dataloader': {'batchsize': 8, 'img_size': 384, 'shuffle': True, 'num_workers': 4, 'pin_memory': True, 'drop_last': False}}, 'test': {'dev': 'cuda', 'visualize': True, 'visualize_dir': '/home/s/hungpv/polyps/neo_visualize', 'vis_x': 180, 'vis_overwrite': False, 'checkpoint_dir': '/home/s/hungpv/polyps/checkpoint/neo/neo_small_v2/MiT-B3-FaPNHead_150.pth', 'dataloader': {'batchsize': 1, 'img_size': 384, 'shuffle': True, 'num_workers': 4, 'pin_memory': True, 'drop_last': False}, 'augment': {'prob': 1, 'Flip_prob': 0, 'HueSaturationValue_prob': 0, 'RandomBrightnessContrast_prob': 0, 'crop_prob': 0, 'randomrotate90_prob': 0, 'elastictransform_prob': 0, 'gridistortion_prob': 0, 'opticaldistortion_prob': 0, 'verticalflip_prob': 0, 'horizontalflip_prob': 0, 'randomgamma_prob': 0, 'CoarseDropout_prob': 0, 'RGBShift_prob': 0, 'MotionBlur_prob': 0, 'MedianBlur_prob': 0, 'GaussianBlur_prob': 0, 'GaussNoise_prob': 0, 'ChannelShuffle_prob': 0}}}
2022-09-14 23:26:50.486 | INFO     | __main__:main:59 - Getting datapath
2022-09-14 23:26:50.491 | INFO     | __main__:main:74 - There are 1000 images to train
2022-09-14 23:26:50.492 | INFO     | __main__:main:93 - Train model with no valid dataset
2022-09-14 23:26:50.492 | INFO     | __main__:main:95 - Loading data
2022-09-14 23:26:50.574 | INFO     | __main__:main:109 - 62 batches to train
2022-09-14 23:26:50.574 | INFO     | __main__:main:122 - Loading model
2022-09-14 23:26:50.574 | INFO     | __main__:main:143 - Loading checkpoint from /home/s/hungpv/polyps/pretrained_models/mit_b3.pth ...
2022-09-14 23:26:53.713 | INFO     | __main__:main:187 - Training with FP32 ...
2022-09-14 23:28:25.462 | INFO     | tools.trainer:train_loop:126 - Epoch: [1/ 80] | Train loss: [2.30639470969477]
2022-09-14 23:29:56.292 | INFO     | tools.trainer:train_loop:126 - Epoch: [2/ 80] | Train loss: [1.0574277889344]
2022-09-14 23:31:27.298 | INFO     | tools.trainer:train_loop:126 - Epoch: [3/ 80] | Train loss: [0.7449558002333487]
2022-09-14 23:32:58.322 | INFO     | tools.trainer:train_loop:126 - Epoch: [4/ 80] | Train loss: [0.815258696194618]
2022-09-14 23:34:29.497 | INFO     | tools.trainer:train_loop:126 - Epoch: [5/ 80] | Train loss: [0.796147333998834]
2022-09-14 23:36:01.147 | INFO     | tools.trainer:train_loop:126 - Epoch: [6/ 80] | Train loss: [0.6632734008373753]
2022-09-14 23:37:33.095 | INFO     | tools.trainer:train_loop:126 - Epoch: [7/ 80] | Train loss: [0.6123759919597257]
2022-09-14 23:39:04.956 | INFO     | tools.trainer:train_loop:126 - Epoch: [8/ 80] | Train loss: [0.5740742193114373]
2022-09-14 23:40:37.343 | INFO     | tools.trainer:train_loop:126 - Epoch: [9/ 80] | Train loss: [0.5438657278014768]
2022-09-14 23:42:10.491 | INFO     | tools.trainer:train_loop:126 - Epoch: [10/ 80] | Train loss: [0.45004993004183613]
2022-09-14 23:43:43.571 | INFO     | tools.trainer:train_loop:126 - Epoch: [11/ 80] | Train loss: [0.3630551388186793]
2022-09-14 23:45:15.715 | INFO     | tools.trainer:train_loop:126 - Epoch: [12/ 80] | Train loss: [0.3350855748980276]
2022-09-14 23:46:49.427 | INFO     | tools.trainer:train_loop:126 - Epoch: [13/ 80] | Train loss: [0.33200445422722447]
2022-09-14 23:48:21.381 | INFO     | tools.trainer:train_loop:126 - Epoch: [14/ 80] | Train loss: [0.29862694394203926]
2022-09-14 23:49:55.415 | INFO     | tools.trainer:train_loop:126 - Epoch: [15/ 80] | Train loss: [0.2824521025101985]
2022-09-14 23:51:29.229 | INFO     | tools.trainer:train_loop:126 - Epoch: [16/ 80] | Train loss: [0.28594575702182706]
2022-09-14 23:53:01.379 | INFO     | tools.trainer:train_loop:126 - Epoch: [17/ 80] | Train loss: [0.28991380538190564]
2022-09-14 23:54:34.672 | INFO     | tools.trainer:train_loop:126 - Epoch: [18/ 80] | Train loss: [0.32532944866726476]
2022-09-14 23:56:06.996 | INFO     | tools.trainer:train_loop:126 - Epoch: [19/ 80] | Train loss: [0.29224332626308164]
2022-09-14 23:57:40.657 | INFO     | tools.trainer:train_loop:126 - Epoch: [20/ 80] | Train loss: [0.26159765186809725]
2022-09-14 23:59:13.111 | INFO     | tools.trainer:train_loop:126 - Epoch: [21/ 80] | Train loss: [0.24713120585487736]
2022-09-15 00:00:47.017 | INFO     | tools.trainer:train_loop:126 - Epoch: [22/ 80] | Train loss: [0.2404925634543742]
2022-09-15 00:02:19.394 | INFO     | tools.trainer:train_loop:126 - Epoch: [23/ 80] | Train loss: [0.242235251011387]
2022-09-15 00:03:53.397 | INFO     | tools.trainer:train_loop:126 - Epoch: [24/ 80] | Train loss: [0.21354409187070786]
2022-09-15 00:05:25.692 | INFO     | tools.trainer:train_loop:126 - Epoch: [25/ 80] | Train loss: [0.20935304679216876]
2022-09-15 00:06:59.777 | INFO     | tools.trainer:train_loop:126 - Epoch: [26/ 80] | Train loss: [0.2056776314012466]
2022-09-15 00:08:34.313 | INFO     | tools.trainer:train_loop:126 - Epoch: [27/ 80] | Train loss: [0.21270532497475225]
2022-09-15 00:10:07.481 | INFO     | tools.trainer:train_loop:126 - Epoch: [28/ 80] | Train loss: [0.20657814155903556]
2022-09-15 00:11:42.383 | INFO     | tools.trainer:train_loop:126 - Epoch: [29/ 80] | Train loss: [0.19181054872610875]
2022-09-15 00:13:15.444 | INFO     | tools.trainer:train_loop:126 - Epoch: [30/ 80] | Train loss: [0.18869841194921924]
2022-09-15 00:14:48.540 | INFO     | tools.trainer:train_loop:126 - Epoch: [31/ 80] | Train loss: [0.18309970824949204]
2022-09-15 00:16:23.164 | INFO     | tools.trainer:train_loop:126 - Epoch: [32/ 80] | Train loss: [0.1734647371115223]
2022-09-15 00:17:57.378 | INFO     | tools.trainer:train_loop:126 - Epoch: [33/ 80] | Train loss: [0.1968953965772544]
2022-09-15 00:19:31.146 | INFO     | tools.trainer:train_loop:126 - Epoch: [34/ 80] | Train loss: [0.1739058766153551]
2022-09-15 00:21:05.372 | INFO     | tools.trainer:train_loop:126 - Epoch: [35/ 80] | Train loss: [0.1710213761656515]
2022-09-15 00:22:38.329 | INFO     | tools.trainer:train_loop:126 - Epoch: [36/ 80] | Train loss: [0.1781795687012134]
2022-09-15 00:24:12.532 | INFO     | tools.trainer:train_loop:126 - Epoch: [37/ 80] | Train loss: [0.17395438049589435]
2022-09-15 00:25:47.228 | INFO     | tools.trainer:train_loop:126 - Epoch: [38/ 80] | Train loss: [0.1814833532177633]
2022-09-15 00:27:20.662 | INFO     | tools.trainer:train_loop:126 - Epoch: [39/ 80] | Train loss: [0.18150542400056316]
2022-09-15 00:28:53.240 | INFO     | tools.trainer:train_loop:126 - Epoch: [40/ 80] | Train loss: [0.15792283908494056]
2022-09-15 00:30:27.393 | INFO     | tools.trainer:train_loop:126 - Epoch: [41/ 80] | Train loss: [0.15705346376184495]
2022-09-15 00:32:01.639 | INFO     | tools.trainer:train_loop:126 - Epoch: [42/ 80] | Train loss: [0.14211716208486788]
2022-09-15 00:33:35.676 | INFO     | tools.trainer:train_loop:126 - Epoch: [43/ 80] | Train loss: [0.1510761857273117]
2022-09-15 00:35:09.083 | INFO     | tools.trainer:train_loop:126 - Epoch: [44/ 80] | Train loss: [0.14272268783421285]
2022-09-15 00:36:42.791 | INFO     | tools.trainer:train_loop:126 - Epoch: [45/ 80] | Train loss: [0.14892589330913558]
2022-09-15 00:38:16.449 | INFO     | tools.trainer:train_loop:126 - Epoch: [46/ 80] | Train loss: [0.14721026565999754]
2022-09-15 00:39:50.999 | INFO     | tools.trainer:train_loop:126 - Epoch: [47/ 80] | Train loss: [0.13154214079822263]
2022-09-15 00:41:26.175 | INFO     | tools.trainer:train_loop:126 - Epoch: [48/ 80] | Train loss: [0.1371672400423596]
2022-09-15 00:43:00.042 | INFO     | tools.trainer:train_loop:126 - Epoch: [49/ 80] | Train loss: [0.12225292845358772]
2022-09-15 00:44:33.653 | INFO     | tools.trainer:train_loop:126 - Epoch: [50/ 80] | Train loss: [0.11945354998592407]
2022-09-15 00:46:08.309 | INFO     | tools.trainer:train_loop:126 - Epoch: [51/ 80] | Train loss: [0.12173928999372068]
2022-09-15 00:47:41.588 | INFO     | tools.trainer:train_loop:126 - Epoch: [52/ 80] | Train loss: [0.11217531417646716]
2022-09-15 00:49:16.530 | INFO     | tools.trainer:train_loop:126 - Epoch: [53/ 80] | Train loss: [0.10380053400031981]
2022-09-15 00:50:50.650 | INFO     | tools.trainer:train_loop:126 - Epoch: [54/ 80] | Train loss: [0.11136394060186801]
2022-09-15 00:52:23.095 | INFO     | tools.trainer:train_loop:126 - Epoch: [55/ 80] | Train loss: [0.10039300705877043]
2022-09-15 00:53:57.425 | INFO     | tools.trainer:train_loop:126 - Epoch: [56/ 80] | Train loss: [0.10248630433793991]
2022-09-15 00:55:30.334 | INFO     | tools.trainer:train_loop:126 - Epoch: [57/ 80] | Train loss: [0.08823708595047074]
2022-09-15 00:57:04.164 | INFO     | tools.trainer:train_loop:126 - Epoch: [58/ 80] | Train loss: [0.09583117722743942]
2022-09-15 00:58:38.425 | INFO     | tools.trainer:train_loop:126 - Epoch: [59/ 80] | Train loss: [0.08690838239366008]
2022-09-15 01:00:11.611 | INFO     | tools.trainer:train_loop:126 - Epoch: [60/ 80] | Train loss: [0.08314039359890646]
2022-09-15 01:01:44.956 | INFO     | tools.trainer:train_loop:126 - Epoch: [61/ 80] | Train loss: [0.1022085303801202]
2022-09-15 01:03:17.612 | INFO     | tools.trainer:train_loop:126 - Epoch: [62/ 80] | Train loss: [0.08655199474625049]
2022-09-15 01:04:52.263 | INFO     | tools.trainer:train_loop:126 - Epoch: [63/ 80] | Train loss: [0.09888916907291259]
2022-09-15 01:06:25.503 | INFO     | tools.trainer:train_loop:126 - Epoch: [64/ 80] | Train loss: [0.08430301800610558]
2022-09-15 01:07:58.772 | INFO     | tools.trainer:train_loop:126 - Epoch: [65/ 80] | Train loss: [0.07864406710911181]
2022-09-15 01:09:33.927 | INFO     | tools.trainer:train_loop:126 - Epoch: [66/ 80] | Train loss: [0.07662947157457951]
2022-09-15 01:11:08.133 | INFO     | tools.trainer:train_loop:126 - Epoch: [67/ 80] | Train loss: [0.07528860482477373]
2022-09-15 01:12:42.006 | INFO     | tools.trainer:train_loop:126 - Epoch: [68/ 80] | Train loss: [0.07205201457104375]
2022-09-15 01:14:16.951 | INFO     | tools.trainer:train_loop:126 - Epoch: [69/ 80] | Train loss: [0.07234088253350027]
2022-09-15 01:15:50.586 | INFO     | tools.trainer:train_loop:126 - Epoch: [70/ 80] | Train loss: [0.07137563079595566]
2022-09-15 01:17:23.437 | INFO     | tools.trainer:train_loop:126 - Epoch: [71/ 80] | Train loss: [0.06920889930258836]
2022-09-15 01:18:58.521 | INFO     | tools.trainer:train_loop:126 - Epoch: [72/ 80] | Train loss: [0.0659349124518133]
2022-09-15 01:20:32.521 | INFO     | tools.trainer:train_loop:126 - Epoch: [73/ 80] | Train loss: [0.07000459093720682]
2022-09-15 01:22:05.615 | INFO     | tools.trainer:train_loop:126 - Epoch: [74/ 80] | Train loss: [0.06228851929547325]
2022-09-15 01:23:38.826 | INFO     | tools.trainer:train_loop:126 - Epoch: [75/ 80] | Train loss: [0.06307314690803328]
2022-09-15 01:25:13.195 | INFO     | tools.trainer:train_loop:126 - Epoch: [76/ 80] | Train loss: [0.06667785184277643]
2022-09-15 01:26:47.585 | INFO     | tools.trainer:train_loop:126 - Epoch: [77/ 80] | Train loss: [0.06465334090734681]
2022-09-15 01:28:21.289 | INFO     | tools.trainer:train_loop:126 - Epoch: [78/ 80] | Train loss: [0.0660714565385734]
2022-09-15 01:29:55.382 | INFO     | tools.trainer:train_loop:126 - Epoch: [79/ 80] | Train loss: [0.06142724906244586]
2022-09-15 01:31:30.626 | INFO     | tools.trainer:train_loop:126 - Epoch: [80/ 80] | Train loss: [0.06145927532305641]
2022-09-15 01:31:31.042 | INFO     | tools.trainer:train_loop:138 - [Saving Snapshot:]/home/s/hungpv/polyps/checkpoint/neo/neo_small_v2/MiT-B3-FaPNHead_80.pth
2022-09-15 01:31:31.043 | INFO     | tools.trainer:train_loop:147 - Training cost: 7476.380259100348seconds
