2022-09-13 09:12:01.210 | INFO     | __main__:main:57 - Load config from configs/neo_small.yaml
2022-09-13 09:12:01.210 | INFO     | __main__:main:58 - {'dataset': {'data_path': '/home/s/hungpv/polyps/dataset', 'train_data_path': ['/home/s/hungpv/polyps/dataset/neo_small/train'], 'test_data_path': ['/home/s/hungpv/polyps/dataset/neo_small/test'], 'val_data_path': ['/home/s/hungpv/polyps/dataset/neo_small/test']}, 'model': {'num_classes': 3, 'save_dir': '/home/s/hungpv/polyps/checkpoint/neo/neo_small_v1', 'backbone': 'MiT-B3', 'head': 'FaPNHead', 'pretrained': '/home/s/hungpv/polyps/pretrained_models/mit_b3.pth'}, 'optimizer': {'name': 'adam', 'lr': 0.0001, 'clip': 0.5, 'scheduler': 'cosine_warmup', 'loss': 'multi_structure_loss'}, 'dev': 'cuda', 'train': {'start_from': 0, 'save_from': 59, 'num_epochs': 60, 'num_warmup_epoch': 4, 'is_val': False, 'size_rates': [0.75, 1, 1.25], 'dataloader': {'batchsize': 16, 'img_size': 384, 'shuffle': True, 'num_workers': 4, 'pin_memory': True, 'drop_last': True}, 'amp': False, 'ddp': False, 'augment': {'prob': 1, 'Flip_prob': 0.5, 'HueSaturationValue_prob': 0.5, 'RandomBrightnessContrast_prob': 0.5, 'crop_prob': 0.0, 'randomrotate90_prob': 0.5, 'ColorJitter_prob': 0.5}}, 'val': {'dataloader': {'batchsize': 8, 'img_size': 384, 'shuffle': True, 'num_workers': 4, 'pin_memory': True, 'drop_last': False}}, 'test': {'dev': 'cuda', 'visualize': True, 'visualize_dir': '/home/s/hungpv/polyps/neo_visualize', 'vis_x': 180, 'vis_overwrite': False, 'checkpoint_dir': '/home/s/hungpv/polyps/checkpoint/neo/neo_small_v1/MiT-B3-FaPNHead_100.pth', 'dataloader': {'batchsize': 1, 'img_size': 384, 'shuffle': True, 'num_workers': 4, 'pin_memory': True, 'drop_last': False}, 'augment': {'prob': 1, 'Flip_prob': 0, 'HueSaturationValue_prob': 0, 'RandomBrightnessContrast_prob': 0, 'crop_prob': 0, 'randomrotate90_prob': 0, 'elastictransform_prob': 0, 'gridistortion_prob': 0, 'opticaldistortion_prob': 0, 'verticalflip_prob': 0, 'horizontalflip_prob': 0, 'randomgamma_prob': 0, 'CoarseDropout_prob': 0, 'RGBShift_prob': 0, 'MotionBlur_prob': 0, 'MedianBlur_prob': 0, 'GaussianBlur_prob': 0, 'GaussNoise_prob': 0, 'ChannelShuffle_prob': 0}}}
2022-09-13 09:12:01.211 | INFO     | __main__:main:59 - Getting datapath
2022-09-13 09:12:01.216 | INFO     | __main__:main:74 - There are 1000 images to train
2022-09-13 09:12:01.217 | INFO     | __main__:main:93 - Train model with no valid dataset
2022-09-13 09:12:01.217 | INFO     | __main__:main:95 - Loading data
2022-09-13 09:12:01.298 | INFO     | __main__:main:109 - 62 batches to train
2022-09-13 09:12:01.298 | INFO     | __main__:main:122 - Loading model
2022-09-13 09:12:01.298 | INFO     | __main__:main:143 - Loading checkpoint from /home/s/hungpv/polyps/pretrained_models/mit_b3.pth ...
2022-09-13 09:12:04.441 | INFO     | __main__:main:187 - Training with FP32 ...
2022-09-13 09:13:36.235 | INFO     | tools.trainer:train_loop:126 - Epoch: [1/ 60] | Train loss: [2.2356707857501124]
2022-09-13 09:15:06.980 | INFO     | tools.trainer:train_loop:126 - Epoch: [2/ 60] | Train loss: [0.9248930475404186]
2022-09-13 09:16:37.798 | INFO     | tools.trainer:train_loop:126 - Epoch: [3/ 60] | Train loss: [0.681250371279255]
2022-09-13 09:18:08.279 | INFO     | tools.trainer:train_loop:126 - Epoch: [4/ 60] | Train loss: [0.5963558131648649]
2022-09-13 09:19:39.350 | INFO     | tools.trainer:train_loop:126 - Epoch: [5/ 60] | Train loss: [0.5415700818261793]
2022-09-13 09:21:10.252 | INFO     | tools.trainer:train_loop:126 - Epoch: [6/ 60] | Train loss: [0.4804164118343784]
2022-09-13 09:22:41.696 | INFO     | tools.trainer:train_loop:126 - Epoch: [7/ 60] | Train loss: [0.34778259646508003]
2022-09-13 09:24:13.622 | INFO     | tools.trainer:train_loop:126 - Epoch: [8/ 60] | Train loss: [0.2834335301191576]
2022-09-13 09:25:45.351 | INFO     | tools.trainer:train_loop:126 - Epoch: [9/ 60] | Train loss: [0.2847581205348815]
2022-09-13 09:27:17.990 | INFO     | tools.trainer:train_loop:126 - Epoch: [10/ 60] | Train loss: [0.2654597520107223]
2022-09-13 09:28:49.531 | INFO     | tools.trainer:train_loop:126 - Epoch: [11/ 60] | Train loss: [0.2428715042769909]
2022-09-13 09:30:23.441 | INFO     | tools.trainer:train_loop:126 - Epoch: [12/ 60] | Train loss: [0.2523060812344474]
2022-09-13 09:31:54.626 | INFO     | tools.trainer:train_loop:126 - Epoch: [13/ 60] | Train loss: [0.22045055380271328]
2022-09-13 09:33:28.882 | INFO     | tools.trainer:train_loop:126 - Epoch: [14/ 60] | Train loss: [0.2217984980633182]
2022-09-13 09:35:00.723 | INFO     | tools.trainer:train_loop:126 - Epoch: [15/ 60] | Train loss: [0.2139858706824241]
2022-09-13 09:36:33.513 | INFO     | tools.trainer:train_loop:126 - Epoch: [16/ 60] | Train loss: [0.22902679335205786]
2022-09-13 09:38:06.006 | INFO     | tools.trainer:train_loop:126 - Epoch: [17/ 60] | Train loss: [0.19624634531717147]
2022-09-13 09:39:38.474 | INFO     | tools.trainer:train_loop:126 - Epoch: [18/ 60] | Train loss: [0.20382850052368257]
2022-09-13 09:41:13.185 | INFO     | tools.trainer:train_loop:126 - Epoch: [19/ 60] | Train loss: [0.20510060015705325]
2022-09-13 09:42:45.214 | INFO     | tools.trainer:train_loop:126 - Epoch: [20/ 60] | Train loss: [0.1788287424752789]
2022-09-13 09:44:18.100 | INFO     | tools.trainer:train_loop:126 - Epoch: [21/ 60] | Train loss: [0.1668724692877262]
2022-09-13 09:45:51.630 | INFO     | tools.trainer:train_loop:126 - Epoch: [22/ 60] | Train loss: [0.17443147139443504]
2022-09-13 09:47:23.461 | INFO     | tools.trainer:train_loop:126 - Epoch: [23/ 60] | Train loss: [0.1818511105112491]
2022-09-13 09:48:56.811 | INFO     | tools.trainer:train_loop:126 - Epoch: [24/ 60] | Train loss: [0.16045172482488618]
2022-09-13 09:50:28.482 | INFO     | tools.trainer:train_loop:126 - Epoch: [25/ 60] | Train loss: [0.14582498077183]
2022-09-13 09:52:01.698 | INFO     | tools.trainer:train_loop:126 - Epoch: [26/ 60] | Train loss: [0.14967729301462251]
2022-09-13 09:53:34.352 | INFO     | tools.trainer:train_loop:126 - Epoch: [27/ 60] | Train loss: [0.15669666579173458]
2022-09-13 09:55:06.206 | INFO     | tools.trainer:train_loop:126 - Epoch: [28/ 60] | Train loss: [0.15479328621539376]
2022-09-13 09:56:39.834 | INFO     | tools.trainer:train_loop:126 - Epoch: [29/ 60] | Train loss: [0.13127504084860125]
2022-09-13 09:58:13.389 | INFO     | tools.trainer:train_loop:126 - Epoch: [30/ 60] | Train loss: [0.1243196469280989]
2022-09-13 09:59:46.633 | INFO     | tools.trainer:train_loop:126 - Epoch: [31/ 60] | Train loss: [0.16185054002750304]
2022-09-13 10:01:19.185 | INFO     | tools.trainer:train_loop:126 - Epoch: [32/ 60] | Train loss: [0.12171732898681395]
2022-09-13 10:02:51.106 | INFO     | tools.trainer:train_loop:126 - Epoch: [33/ 60] | Train loss: [0.13551428487464304]
2022-09-13 10:04:24.538 | INFO     | tools.trainer:train_loop:126 - Epoch: [34/ 60] | Train loss: [0.11721479490159019]
2022-09-13 10:05:56.787 | INFO     | tools.trainer:train_loop:126 - Epoch: [35/ 60] | Train loss: [0.12480363988828275]
2022-09-13 10:07:31.245 | INFO     | tools.trainer:train_loop:126 - Epoch: [36/ 60] | Train loss: [0.11215714918028924]
2022-09-13 10:09:04.347 | INFO     | tools.trainer:train_loop:126 - Epoch: [37/ 60] | Train loss: [0.11411839170802024]
2022-09-13 10:10:38.351 | INFO     | tools.trainer:train_loop:126 - Epoch: [38/ 60] | Train loss: [0.11012353111178644]
2022-09-13 10:12:10.970 | INFO     | tools.trainer:train_loop:126 - Epoch: [39/ 60] | Train loss: [0.11725343547521098]
2022-09-13 10:13:43.976 | INFO     | tools.trainer:train_loop:126 - Epoch: [40/ 60] | Train loss: [0.10888377318699513]
2022-09-13 10:15:16.534 | INFO     | tools.trainer:train_loop:126 - Epoch: [41/ 60] | Train loss: [0.08507912221454805]
2022-09-13 10:16:48.705 | INFO     | tools.trainer:train_loop:126 - Epoch: [42/ 60] | Train loss: [0.09213997315495245]
2022-09-13 10:18:21.417 | INFO     | tools.trainer:train_loop:126 - Epoch: [43/ 60] | Train loss: [0.09975233794220033]
2022-09-13 10:19:54.971 | INFO     | tools.trainer:train_loop:126 - Epoch: [44/ 60] | Train loss: [0.0957329484123376]
2022-09-13 10:21:27.649 | INFO     | tools.trainer:train_loop:126 - Epoch: [45/ 60] | Train loss: [0.09566226601600647]
2022-09-13 10:23:00.268 | INFO     | tools.trainer:train_loop:126 - Epoch: [46/ 60] | Train loss: [0.08057640679180622]
2022-09-13 10:24:32.950 | INFO     | tools.trainer:train_loop:126 - Epoch: [47/ 60] | Train loss: [0.0839184513615985]
2022-09-13 10:26:06.061 | INFO     | tools.trainer:train_loop:126 - Epoch: [48/ 60] | Train loss: [0.08479474124408537]
2022-09-13 10:27:38.891 | INFO     | tools.trainer:train_loop:126 - Epoch: [49/ 60] | Train loss: [0.08321732006246044]
2022-09-13 10:29:12.457 | INFO     | tools.trainer:train_loop:126 - Epoch: [50/ 60] | Train loss: [0.08165338010557237]
2022-09-13 10:30:45.438 | INFO     | tools.trainer:train_loop:126 - Epoch: [51/ 60] | Train loss: [0.06993103183565601]
2022-09-13 10:32:18.587 | INFO     | tools.trainer:train_loop:126 - Epoch: [52/ 60] | Train loss: [0.07768453387243132]
2022-09-13 10:33:51.523 | INFO     | tools.trainer:train_loop:126 - Epoch: [53/ 60] | Train loss: [0.07621188846326643]
2022-09-13 10:35:23.787 | INFO     | tools.trainer:train_loop:126 - Epoch: [54/ 60] | Train loss: [0.06697163238160071]
2022-09-13 10:36:58.152 | INFO     | tools.trainer:train_loop:126 - Epoch: [55/ 60] | Train loss: [0.07458064795261429]
2022-09-13 10:38:32.098 | INFO     | tools.trainer:train_loop:126 - Epoch: [56/ 60] | Train loss: [0.06947147963388313]
2022-09-13 10:40:04.654 | INFO     | tools.trainer:train_loop:126 - Epoch: [57/ 60] | Train loss: [0.0690526972494779]
2022-09-13 10:41:37.917 | INFO     | tools.trainer:train_loop:126 - Epoch: [58/ 60] | Train loss: [0.06979933861763246]
2022-09-13 10:43:11.079 | INFO     | tools.trainer:train_loop:126 - Epoch: [59/ 60] | Train loss: [0.0631178633099602]
2022-09-13 10:44:45.625 | INFO     | tools.trainer:train_loop:126 - Epoch: [60/ 60] | Train loss: [0.06147043280784161]
2022-09-13 10:44:46.044 | INFO     | tools.trainer:train_loop:138 - [Saving Snapshot:]/home/s/hungpv/polyps/checkpoint/neo/neo_small_v1/MiT-B3-FaPNHead_60.pth
2022-09-13 10:44:46.044 | INFO     | tools.trainer:train_loop:147 - Training cost: 5560.6669583241455seconds
