2023-06-03 14:00:55.873 | INFO     | __main__:main:57 - Load config from configs/neo_small.yaml
2023-06-03 14:00:55.873 | INFO     | __main__:main:58 - {'dataset': {'data_path': '/root/neo_code_reco/bkai-igh-neopolyp', 'train_data_path': ['/root/neo_code_reco/bkai-igh-neopolyp'], 'test_data_path': ['/root/neo_code/bkai-igh-neopolyp/test/test'], 'val_data_path': ['/root/neo_code_reco/bkai-igh-neopolyp']}, 'model': {'num_classes': 3, 'save_dir': '/root/neo_code_reco/configs/checkpoint_mb', 'backbone': 'MiT-B3', 'head': 'FaPNHead', 'pretrained': 'mit_b3.pth'}, 'optimizer': {'name': 'adam', 'lr': 0.0001, 'clip': 0.5, 'scheduler': 'cosine_warmup', 'loss': 'multi_structure_loss'}, 'dev': 'cuda', 'train': {'start_from': 0, 'save_from': 99, 'num_epochs': 100, 'num_warmup_epoch': 8, 'is_val': False, 'size_rates': [0.75, 1, 1.25], 'dataloader': {'batchsize': 8, 'img_size': 384, 'shuffle': True, 'num_workers': 4, 'pin_memory': True, 'drop_last': True}, 'amp': False, 'ddp': False, 'augment': {'prob': 1, 'Flip_prob': 0.5, 'HueSaturationValue_prob': 0.5, 'RandomBrightnessContrast_prob': 0.5, 'crop_prob': 0.0, 'randomrotate90_prob': 0.5, 'ColorJitter_prob': 0.5}, 'augment_weak': {'prob': 1, 'Flip_prob': 0.5}}, 'val': {'dataloader': {'batchsize': 8, 'img_size': 384, 'shuffle': True, 'num_workers': 4, 'pin_memory': True, 'drop_last': False}}, 'test': {'dev': 'cuda', 'visualize': True, 'visualize_dir': '/root/neo_code_reco/neo_visualize', 'vis_x': 180, 'vis_overwrite': False, 'checkpoint_dir': '/root/neo_code_reco/configs/checkpoint_mb/MiT-B3-FaPNHead_100.pth', 'dataloader': {'batchsize': 1, 'img_size': 384, 'shuffle': True, 'num_workers': 4, 'pin_memory': True, 'drop_last': False}, 'augment': {'prob': 1, 'Flip_prob': 0, 'HueSaturationValue_prob': 0, 'RandomBrightnessContrast_prob': 0, 'crop_prob': 0, 'randomrotate90_prob': 0, 'elastictransform_prob': 0, 'gridistortion_prob': 0, 'opticaldistortion_prob': 0, 'verticalflip_prob': 0, 'horizontalflip_prob': 0, 'randomgamma_prob': 0, 'CoarseDropout_prob': 0, 'RGBShift_prob': 0, 'MotionBlur_prob': 0, 'MedianBlur_prob': 0, 'GaussianBlur_prob': 0, 'GaussNoise_prob': 0, 'ChannelShuffle_prob': 0}}}
2023-06-03 14:00:55.874 | INFO     | __main__:main:59 - Getting datapath
2023-06-03 14:00:55.882 | INFO     | __main__:main:74 - There are 1000 images to train
2023-06-03 14:00:55.882 | INFO     | __main__:main:93 - Train model with no valid dataset
2023-06-03 14:00:55.883 | INFO     | __main__:main:95 - Loading data
2023-06-03 14:00:56.251 | INFO     | __main__:main:112 - 125 batches to train
2023-06-03 14:00:56.251 | INFO     | __main__:main:125 - Loading model
2023-06-03 14:00:56.251 | INFO     | __main__:main:146 - Loading checkpoint from mit_b3.pth ...
2023-06-03 14:01:01.178 | INFO     | __main__:main:190 - Training with FP32 ...
2023-06-03 14:06:24.973 | INFO     | trainer:train_loop:183 - Epoch: [1/ 100] | Train loss: [1.795271692276001]
2023-06-03 14:11:47.001 | INFO     | trainer:train_loop:183 - Epoch: [2/ 100] | Train loss: [0.8020026078224182]
2023-06-03 14:17:09.779 | INFO     | trainer:train_loop:183 - Epoch: [3/ 100] | Train loss: [0.6964879775047302]
2023-06-03 14:22:32.357 | INFO     | trainer:train_loop:183 - Epoch: [4/ 100] | Train loss: [0.6322067325115204]
2023-06-03 14:27:55.470 | INFO     | trainer:train_loop:183 - Epoch: [5/ 100] | Train loss: [0.5937690479755402]
2023-06-03 14:33:18.619 | INFO     | trainer:train_loop:183 - Epoch: [6/ 100] | Train loss: [0.4623719344139099]
2023-06-03 14:38:41.953 | INFO     | trainer:train_loop:183 - Epoch: [7/ 100] | Train loss: [0.3827699496746063]
2023-06-03 14:44:06.652 | INFO     | trainer:train_loop:183 - Epoch: [8/ 100] | Train loss: [0.35645228350162506]
2023-06-03 14:49:30.106 | INFO     | trainer:train_loop:183 - Epoch: [9/ 100] | Train loss: [0.3040806890130043]
2023-06-03 14:54:55.831 | INFO     | trainer:train_loop:183 - Epoch: [10/ 100] | Train loss: [0.2776052561998367]
2023-06-03 15:00:21.779 | INFO     | trainer:train_loop:183 - Epoch: [11/ 100] | Train loss: [0.3059361371994019]
2023-06-03 15:05:46.996 | INFO     | trainer:train_loop:183 - Epoch: [12/ 100] | Train loss: [0.3208038907051086]
2023-06-03 15:11:11.464 | INFO     | trainer:train_loop:183 - Epoch: [13/ 100] | Train loss: [0.2768067499399185]
2023-06-03 15:16:36.337 | INFO     | trainer:train_loop:183 - Epoch: [14/ 100] | Train loss: [0.24577030190825463]
2023-06-03 15:22:01.171 | INFO     | trainer:train_loop:183 - Epoch: [15/ 100] | Train loss: [0.23391945272684098]
2023-06-03 15:27:25.817 | INFO     | trainer:train_loop:183 - Epoch: [16/ 100] | Train loss: [0.2051152823269367]
2023-06-03 15:32:50.568 | INFO     | trainer:train_loop:183 - Epoch: [17/ 100] | Train loss: [0.2020139739215374]
2023-06-03 15:38:15.653 | INFO     | trainer:train_loop:183 - Epoch: [18/ 100] | Train loss: [0.19671339562535287]
2023-06-03 15:43:41.607 | INFO     | trainer:train_loop:183 - Epoch: [19/ 100] | Train loss: [0.18043552857637404]
2023-06-03 15:49:06.761 | INFO     | trainer:train_loop:183 - Epoch: [20/ 100] | Train loss: [0.17874503880739212]
2023-06-03 15:54:35.063 | INFO     | trainer:train_loop:183 - Epoch: [21/ 100] | Train loss: [0.22798583590984345]
2023-06-03 16:00:00.073 | INFO     | trainer:train_loop:183 - Epoch: [22/ 100] | Train loss: [0.19778041481971742]
2023-06-03 16:05:25.760 | INFO     | trainer:train_loop:183 - Epoch: [23/ 100] | Train loss: [0.15477725142240525]
2023-06-03 16:10:52.419 | INFO     | trainer:train_loop:183 - Epoch: [24/ 100] | Train loss: [0.165283685952425]
2023-06-03 16:16:18.740 | INFO     | trainer:train_loop:183 - Epoch: [25/ 100] | Train loss: [0.1447641022503376]
2023-06-03 16:21:46.979 | INFO     | trainer:train_loop:183 - Epoch: [26/ 100] | Train loss: [0.13852504408359528]
2023-06-03 16:27:13.150 | INFO     | trainer:train_loop:183 - Epoch: [27/ 100] | Train loss: [0.1516271722614765]
2023-06-03 16:32:38.978 | INFO     | trainer:train_loop:183 - Epoch: [28/ 100] | Train loss: [0.12017480382323265]
2023-06-03 16:38:05.027 | INFO     | trainer:train_loop:183 - Epoch: [29/ 100] | Train loss: [0.1385203954875469]
2023-06-03 16:43:30.741 | INFO     | trainer:train_loop:183 - Epoch: [30/ 100] | Train loss: [0.11733844247460365]
2023-06-03 16:48:56.571 | INFO     | trainer:train_loop:183 - Epoch: [31/ 100] | Train loss: [0.12143316823244095]
2023-06-03 16:54:22.186 | INFO     | trainer:train_loop:183 - Epoch: [32/ 100] | Train loss: [0.11447206410765648]
2023-06-03 16:59:46.800 | INFO     | trainer:train_loop:183 - Epoch: [33/ 100] | Train loss: [0.11968610268831253]
2023-06-03 17:05:11.578 | INFO     | trainer:train_loop:183 - Epoch: [34/ 100] | Train loss: [0.11028599435091019]
2023-06-03 17:10:36.923 | INFO     | trainer:train_loop:183 - Epoch: [35/ 100] | Train loss: [0.1827113416492939]
2023-06-03 17:16:02.866 | INFO     | trainer:train_loop:183 - Epoch: [36/ 100] | Train loss: [0.13675392746925355]
2023-06-03 17:21:28.192 | INFO     | trainer:train_loop:183 - Epoch: [37/ 100] | Train loss: [0.11669617453217507]
2023-06-03 17:26:53.815 | INFO     | trainer:train_loop:183 - Epoch: [38/ 100] | Train loss: [0.1134024007320404]
2023-06-03 17:32:19.163 | INFO     | trainer:train_loop:183 - Epoch: [39/ 100] | Train loss: [0.11562500923871993]
2023-06-03 17:37:45.079 | INFO     | trainer:train_loop:183 - Epoch: [40/ 100] | Train loss: [0.09251099146902561]
2023-06-03 17:43:11.559 | INFO     | trainer:train_loop:183 - Epoch: [41/ 100] | Train loss: [0.09439325714111328]
2023-06-03 17:48:38.462 | INFO     | trainer:train_loop:183 - Epoch: [42/ 100] | Train loss: [0.09269199997186661]
2023-06-03 17:54:03.983 | INFO     | trainer:train_loop:183 - Epoch: [43/ 100] | Train loss: [0.08929101002216339]
2023-06-03 17:59:30.898 | INFO     | trainer:train_loop:183 - Epoch: [44/ 100] | Train loss: [0.09661978736519813]
2023-06-03 18:04:57.318 | INFO     | trainer:train_loop:183 - Epoch: [45/ 100] | Train loss: [0.09861097225546837]
2023-06-03 18:10:24.677 | INFO     | trainer:train_loop:183 - Epoch: [46/ 100] | Train loss: [0.088594328135252]
2023-06-03 18:15:49.761 | INFO     | trainer:train_loop:183 - Epoch: [47/ 100] | Train loss: [0.08478552478551865]
2023-06-03 18:21:15.302 | INFO     | trainer:train_loop:183 - Epoch: [48/ 100] | Train loss: [0.08056056597828865]
2023-06-03 18:26:40.238 | INFO     | trainer:train_loop:183 - Epoch: [49/ 100] | Train loss: [0.06902373836934567]
2023-06-03 18:32:05.819 | INFO     | trainer:train_loop:183 - Epoch: [50/ 100] | Train loss: [0.07264703181385994]
2023-06-03 18:37:31.294 | INFO     | trainer:train_loop:183 - Epoch: [51/ 100] | Train loss: [0.07607496117055416]
2023-06-03 18:42:56.662 | INFO     | trainer:train_loop:183 - Epoch: [52/ 100] | Train loss: [0.07260338485240936]
2023-06-03 18:48:22.004 | INFO     | trainer:train_loop:183 - Epoch: [53/ 100] | Train loss: [0.08112995564937592]
2023-06-03 18:53:47.089 | INFO     | trainer:train_loop:183 - Epoch: [54/ 100] | Train loss: [0.07840120649337769]
2023-06-03 18:59:12.696 | INFO     | trainer:train_loop:183 - Epoch: [55/ 100] | Train loss: [0.07811896681785584]
2023-06-03 19:04:39.617 | INFO     | trainer:train_loop:183 - Epoch: [56/ 100] | Train loss: [0.07575833453238011]
2023-06-03 19:10:05.455 | INFO     | trainer:train_loop:183 - Epoch: [57/ 100] | Train loss: [0.07182195816934109]
2023-06-03 19:15:30.804 | INFO     | trainer:train_loop:183 - Epoch: [58/ 100] | Train loss: [0.06931819599866867]
2023-06-03 19:20:56.770 | INFO     | trainer:train_loop:183 - Epoch: [59/ 100] | Train loss: [0.07002643901109695]
2023-06-03 19:26:22.932 | INFO     | trainer:train_loop:183 - Epoch: [60/ 100] | Train loss: [0.06745153023302555]
2023-06-03 19:31:49.177 | INFO     | trainer:train_loop:183 - Epoch: [61/ 100] | Train loss: [0.05812835155427456]
2023-06-03 19:37:16.319 | INFO     | trainer:train_loop:183 - Epoch: [62/ 100] | Train loss: [0.059406023263931275]
2023-06-03 19:42:42.134 | INFO     | trainer:train_loop:183 - Epoch: [63/ 100] | Train loss: [0.05966896568238735]
2023-06-03 19:48:08.571 | INFO     | trainer:train_loop:183 - Epoch: [64/ 100] | Train loss: [0.05684281103312969]
2023-06-03 19:53:34.604 | INFO     | trainer:train_loop:183 - Epoch: [65/ 100] | Train loss: [0.05641523145139218]
2023-06-03 19:59:01.356 | INFO     | trainer:train_loop:183 - Epoch: [66/ 100] | Train loss: [0.06084936910867691]
2023-06-03 20:04:26.415 | INFO     | trainer:train_loop:183 - Epoch: [67/ 100] | Train loss: [0.05397772027552128]
2023-06-03 20:09:54.241 | INFO     | trainer:train_loop:183 - Epoch: [68/ 100] | Train loss: [0.05378714761137962]
2023-06-03 20:15:19.446 | INFO     | trainer:train_loop:183 - Epoch: [69/ 100] | Train loss: [0.04988127698004246]
2023-06-03 20:20:45.781 | INFO     | trainer:train_loop:183 - Epoch: [70/ 100] | Train loss: [0.05021356289088726]
2023-06-03 20:26:10.817 | INFO     | trainer:train_loop:183 - Epoch: [71/ 100] | Train loss: [0.049755584731698034]
2023-06-03 20:31:35.990 | INFO     | trainer:train_loop:183 - Epoch: [72/ 100] | Train loss: [0.051164918005466464]
2023-06-03 20:37:01.524 | INFO     | trainer:train_loop:183 - Epoch: [73/ 100] | Train loss: [0.05094736950099468]
2023-06-03 20:42:27.418 | INFO     | trainer:train_loop:183 - Epoch: [74/ 100] | Train loss: [0.0479905995875597]
2023-06-03 20:47:52.454 | INFO     | trainer:train_loop:183 - Epoch: [75/ 100] | Train loss: [0.046888251602649686]
2023-06-03 20:53:19.219 | INFO     | trainer:train_loop:183 - Epoch: [76/ 100] | Train loss: [0.044291331216692924]
2023-06-03 20:58:45.532 | INFO     | trainer:train_loop:183 - Epoch: [77/ 100] | Train loss: [0.04787870354950428]
2023-06-03 21:04:11.755 | INFO     | trainer:train_loop:183 - Epoch: [78/ 100] | Train loss: [0.04786753633618355]
2023-06-03 21:09:36.695 | INFO     | trainer:train_loop:183 - Epoch: [79/ 100] | Train loss: [0.045404200419783595]
2023-06-03 21:15:02.358 | INFO     | trainer:train_loop:183 - Epoch: [80/ 100] | Train loss: [0.045092266827821734]
2023-06-03 21:20:27.372 | INFO     | trainer:train_loop:183 - Epoch: [81/ 100] | Train loss: [0.04482918567955494]
2023-06-03 21:25:52.290 | INFO     | trainer:train_loop:183 - Epoch: [82/ 100] | Train loss: [0.0448458376377821]
2023-06-03 21:31:18.947 | INFO     | trainer:train_loop:183 - Epoch: [83/ 100] | Train loss: [0.0429480973482132]
2023-06-03 21:36:44.865 | INFO     | trainer:train_loop:183 - Epoch: [84/ 100] | Train loss: [0.044693547070026395]
2023-06-03 21:42:11.117 | INFO     | trainer:train_loop:183 - Epoch: [85/ 100] | Train loss: [0.04489959307014942]
2023-06-03 21:47:37.356 | INFO     | trainer:train_loop:183 - Epoch: [86/ 100] | Train loss: [0.04278059382736683]
2023-06-03 21:53:02.860 | INFO     | trainer:train_loop:183 - Epoch: [87/ 100] | Train loss: [0.0421630023419857]
2023-06-03 21:58:29.037 | INFO     | trainer:train_loop:183 - Epoch: [88/ 100] | Train loss: [0.04242764382064342]
2023-06-03 22:03:55.318 | INFO     | trainer:train_loop:183 - Epoch: [89/ 100] | Train loss: [0.04146100164949894]
2023-06-03 22:09:21.180 | INFO     | trainer:train_loop:183 - Epoch: [90/ 100] | Train loss: [0.04139977559447289]
2023-06-03 22:14:48.107 | INFO     | trainer:train_loop:183 - Epoch: [91/ 100] | Train loss: [0.041749672889709474]
2023-06-03 22:20:13.545 | INFO     | trainer:train_loop:183 - Epoch: [92/ 100] | Train loss: [0.04065916159749031]
2023-06-03 22:25:37.073 | INFO     | trainer:train_loop:183 - Epoch: [93/ 100] | Train loss: [0.042687542334198955]
2023-06-03 22:31:02.223 | INFO     | trainer:train_loop:183 - Epoch: [94/ 100] | Train loss: [0.04143168844282627]
2023-06-03 22:36:28.561 | INFO     | trainer:train_loop:183 - Epoch: [95/ 100] | Train loss: [0.041591815084218976]
2023-06-03 22:41:54.244 | INFO     | trainer:train_loop:183 - Epoch: [96/ 100] | Train loss: [0.04239903497695923]
2023-06-03 22:47:20.305 | INFO     | trainer:train_loop:183 - Epoch: [97/ 100] | Train loss: [0.039879140004515645]
2023-06-03 22:52:45.385 | INFO     | trainer:train_loop:183 - Epoch: [98/ 100] | Train loss: [0.04028796647489071]
2023-06-03 22:58:10.524 | INFO     | trainer:train_loop:183 - Epoch: [99/ 100] | Train loss: [0.04104447257518768]
2023-06-03 23:03:33.882 | INFO     | trainer:train_loop:183 - Epoch: [100/ 100] | Train loss: [0.039619654834270476]
2023-06-03 23:03:34.347 | INFO     | trainer:train_loop:195 - [Saving Snapshot:]/root/neo_code_reco/configs/checkpoint_mb/MiT-B3-FaPNHead_100.pth
2023-06-03 23:03:34.348 | INFO     | trainer:train_loop:204 - Training cost: 32551.736406430602seconds
