2022-09-15 01:43:23.997 | INFO     | __main__:main:57 - Load config from configs/neo_small.yaml
2022-09-15 01:43:23.997 | INFO     | __main__:main:58 - {'dataset': {'data_path': '/home/s/hungpv/polyps/dataset', 'train_data_path': ['/home/s/hungpv/polyps/dataset/neo_small/train'], 'test_data_path': ['/home/s/hungpv/polyps/dataset/neo_small/test'], 'val_data_path': ['/home/s/hungpv/polyps/dataset/neo_small/test']}, 'model': {'num_classes': 3, 'save_dir': '/home/s/hungpv/polyps/checkpoint/neo/neo_small_v2', 'backbone': 'MiT-B3', 'head': 'FaPNHead', 'pretrained': '/home/s/hungpv/polyps/pretrained_models/mit_b3.pth'}, 'optimizer': {'name': 'adam', 'lr': 0.0001, 'clip': 0.5, 'scheduler': 'cosine_warmup', 'loss': 'multi_structure_loss'}, 'dev': 'cuda', 'train': {'start_from': 0, 'save_from': 99, 'num_epochs': 100, 'num_warmup_epoch': 8, 'is_val': False, 'size_rates': [0.75, 1, 1.25], 'dataloader': {'batchsize': 16, 'img_size': 384, 'shuffle': True, 'num_workers': 4, 'pin_memory': True, 'drop_last': True}, 'amp': False, 'ddp': False, 'augment': {'prob': 1, 'Flip_prob': 0.5, 'HueSaturationValue_prob': 0.5, 'RandomBrightnessContrast_prob': 0.5, 'crop_prob': 0.0, 'randomrotate90_prob': 0.5, 'ColorJitter_prob': 0.5}}, 'val': {'dataloader': {'batchsize': 8, 'img_size': 384, 'shuffle': True, 'num_workers': 4, 'pin_memory': True, 'drop_last': False}}, 'test': {'dev': 'cuda', 'visualize': True, 'visualize_dir': '/home/s/hungpv/polyps/neo_visualize', 'vis_x': 180, 'vis_overwrite': False, 'checkpoint_dir': '/home/s/hungpv/polyps/checkpoint/neo/neo_small_v2/MiT-B3-FaPNHead_80.pth', 'dataloader': {'batchsize': 1, 'img_size': 384, 'shuffle': True, 'num_workers': 4, 'pin_memory': True, 'drop_last': False}, 'augment': {'prob': 1, 'Flip_prob': 0, 'HueSaturationValue_prob': 0, 'RandomBrightnessContrast_prob': 0, 'crop_prob': 0, 'randomrotate90_prob': 0, 'elastictransform_prob': 0, 'gridistortion_prob': 0, 'opticaldistortion_prob': 0, 'verticalflip_prob': 0, 'horizontalflip_prob': 0, 'randomgamma_prob': 0, 'CoarseDropout_prob': 0, 'RGBShift_prob': 0, 'MotionBlur_prob': 0, 'MedianBlur_prob': 0, 'GaussianBlur_prob': 0, 'GaussNoise_prob': 0, 'ChannelShuffle_prob': 0}}}
2022-09-15 01:43:23.997 | INFO     | __main__:main:59 - Getting datapath
2022-09-15 01:43:24.002 | INFO     | __main__:main:74 - There are 1000 images to train
2022-09-15 01:43:24.004 | INFO     | __main__:main:93 - Train model with no valid dataset
2022-09-15 01:43:24.004 | INFO     | __main__:main:95 - Loading data
2022-09-15 01:43:24.085 | INFO     | __main__:main:109 - 62 batches to train
2022-09-15 01:43:24.085 | INFO     | __main__:main:122 - Loading model
2022-09-15 01:43:24.086 | INFO     | __main__:main:143 - Loading checkpoint from /home/s/hungpv/polyps/pretrained_models/mit_b3.pth ...
2022-09-15 01:43:27.249 | INFO     | __main__:main:187 - Training with FP32 ...
2022-09-15 01:44:59.046 | INFO     | tools.trainer:train_loop:126 - Epoch: [1/ 100] | Train loss: [2.204535003631346]
2022-09-15 01:46:29.772 | INFO     | tools.trainer:train_loop:126 - Epoch: [2/ 100] | Train loss: [0.9147772644796679]
2022-09-15 01:48:00.755 | INFO     | tools.trainer:train_loop:126 - Epoch: [3/ 100] | Train loss: [0.6830377107666384]
2022-09-15 01:49:32.623 | INFO     | tools.trainer:train_loop:126 - Epoch: [4/ 100] | Train loss: [0.597595360009901]
2022-09-15 01:51:04.627 | INFO     | tools.trainer:train_loop:126 - Epoch: [5/ 100] | Train loss: [0.5520912980841052]
2022-09-15 01:52:38.806 | INFO     | tools.trainer:train_loop:126 - Epoch: [6/ 100] | Train loss: [0.5204550023040464]
2022-09-15 01:54:10.790 | INFO     | tools.trainer:train_loop:126 - Epoch: [7/ 100] | Train loss: [0.43394018084772173]
2022-09-15 01:55:44.984 | INFO     | tools.trainer:train_loop:126 - Epoch: [8/ 100] | Train loss: [0.34998184298315355]
2022-09-15 01:57:17.069 | INFO     | tools.trainer:train_loop:126 - Epoch: [9/ 100] | Train loss: [0.314458848247605]
2022-09-15 01:58:51.047 | INFO     | tools.trainer:train_loop:126 - Epoch: [10/ 100] | Train loss: [0.28907756098816473]
2022-09-15 02:00:24.946 | INFO     | tools.trainer:train_loop:126 - Epoch: [11/ 100] | Train loss: [0.263413465071109]
2022-09-15 02:01:56.931 | INFO     | tools.trainer:train_loop:126 - Epoch: [12/ 100] | Train loss: [0.2684211553104462]
2022-09-15 02:03:29.467 | INFO     | tools.trainer:train_loop:126 - Epoch: [13/ 100] | Train loss: [0.2386659184290517]
2022-09-15 02:05:03.817 | INFO     | tools.trainer:train_loop:126 - Epoch: [14/ 100] | Train loss: [0.24954970469397883]
2022-09-15 02:06:36.024 | INFO     | tools.trainer:train_loop:126 - Epoch: [15/ 100] | Train loss: [0.23794415016328135]
2022-09-15 02:08:10.872 | INFO     | tools.trainer:train_loop:126 - Epoch: [16/ 100] | Train loss: [0.2005733874055647]
2022-09-15 02:09:43.983 | INFO     | tools.trainer:train_loop:126 - Epoch: [17/ 100] | Train loss: [0.1896156838103648]
2022-09-15 02:11:17.962 | INFO     | tools.trainer:train_loop:126 - Epoch: [18/ 100] | Train loss: [0.20662020879887766]
2022-09-15 02:12:50.021 | INFO     | tools.trainer:train_loop:126 - Epoch: [19/ 100] | Train loss: [0.2227816107652841]
2022-09-15 02:14:23.891 | INFO     | tools.trainer:train_loop:126 - Epoch: [20/ 100] | Train loss: [0.190974221594872]
2022-09-15 02:15:56.359 | INFO     | tools.trainer:train_loop:126 - Epoch: [21/ 100] | Train loss: [0.1790819301480247]
2022-09-15 02:17:30.320 | INFO     | tools.trainer:train_loop:126 - Epoch: [22/ 100] | Train loss: [0.18432090167076357]
2022-09-15 02:19:03.394 | INFO     | tools.trainer:train_loop:126 - Epoch: [23/ 100] | Train loss: [0.17885221336637774]
2022-09-15 02:20:38.032 | INFO     | tools.trainer:train_loop:126 - Epoch: [24/ 100] | Train loss: [0.17120383697892388]
2022-09-15 02:22:12.072 | INFO     | tools.trainer:train_loop:126 - Epoch: [25/ 100] | Train loss: [0.1539922701495309]
2022-09-15 02:23:46.088 | INFO     | tools.trainer:train_loop:126 - Epoch: [26/ 100] | Train loss: [0.1839328689440604]
2022-09-15 02:25:18.585 | INFO     | tools.trainer:train_loop:126 - Epoch: [27/ 100] | Train loss: [0.1661003022905319]
2022-09-15 02:26:53.293 | INFO     | tools.trainer:train_loop:126 - Epoch: [28/ 100] | Train loss: [0.17350142443132016]
2022-09-15 02:28:27.310 | INFO     | tools.trainer:train_loop:126 - Epoch: [29/ 100] | Train loss: [0.16576457912883452]
2022-09-15 02:30:01.269 | INFO     | tools.trainer:train_loop:126 - Epoch: [30/ 100] | Train loss: [0.16573032814889185]
2022-09-15 02:31:33.587 | INFO     | tools.trainer:train_loop:126 - Epoch: [31/ 100] | Train loss: [0.1566667606633517]
2022-09-15 02:33:07.802 | INFO     | tools.trainer:train_loop:126 - Epoch: [32/ 100] | Train loss: [0.1544822935135134]
2022-09-15 02:34:42.355 | INFO     | tools.trainer:train_loop:126 - Epoch: [33/ 100] | Train loss: [0.15648450834616537]
2022-09-15 02:36:16.510 | INFO     | tools.trainer:train_loop:126 - Epoch: [34/ 100] | Train loss: [0.16254311018893797]
2022-09-15 02:37:49.905 | INFO     | tools.trainer:train_loop:126 - Epoch: [35/ 100] | Train loss: [0.14144203697721805]
2022-09-15 02:39:24.471 | INFO     | tools.trainer:train_loop:126 - Epoch: [36/ 100] | Train loss: [0.1363984488191143]
2022-09-15 02:40:58.122 | INFO     | tools.trainer:train_loop:126 - Epoch: [37/ 100] | Train loss: [0.1289857139270152]
2022-09-15 02:42:31.722 | INFO     | tools.trainer:train_loop:126 - Epoch: [38/ 100] | Train loss: [0.13224430171953094]
2022-09-15 02:44:06.604 | INFO     | tools.trainer:train_loop:126 - Epoch: [39/ 100] | Train loss: [0.1242014182310912]
2022-09-15 02:45:40.892 | INFO     | tools.trainer:train_loop:126 - Epoch: [40/ 100] | Train loss: [0.14021284499716374]
2022-09-15 02:47:14.938 | INFO     | tools.trainer:train_loop:126 - Epoch: [41/ 100] | Train loss: [0.11383695047228568]
2022-09-15 02:48:49.258 | INFO     | tools.trainer:train_loop:126 - Epoch: [42/ 100] | Train loss: [0.12217248002848317]
2022-09-15 02:50:22.091 | INFO     | tools.trainer:train_loop:126 - Epoch: [43/ 100] | Train loss: [0.1080229180834947]
2022-09-15 02:51:57.180 | INFO     | tools.trainer:train_loop:126 - Epoch: [44/ 100] | Train loss: [0.12265966418049028]
2022-09-15 02:53:29.945 | INFO     | tools.trainer:train_loop:126 - Epoch: [45/ 100] | Train loss: [0.10419435456635491]
2022-09-15 02:55:04.454 | INFO     | tools.trainer:train_loop:126 - Epoch: [46/ 100] | Train loss: [0.1161032986616896]
2022-09-15 02:56:38.944 | INFO     | tools.trainer:train_loop:126 - Epoch: [47/ 100] | Train loss: [0.12445214931522647]
2022-09-15 02:58:13.227 | INFO     | tools.trainer:train_loop:126 - Epoch: [48/ 100] | Train loss: [0.11971073303251498]
2022-09-15 02:59:46.633 | INFO     | tools.trainer:train_loop:126 - Epoch: [49/ 100] | Train loss: [0.10033384085662904]
2022-09-15 03:01:19.404 | INFO     | tools.trainer:train_loop:126 - Epoch: [50/ 100] | Train loss: [0.09666412684225267]
2022-09-15 03:02:53.844 | INFO     | tools.trainer:train_loop:126 - Epoch: [51/ 100] | Train loss: [0.1073130221376496]
2022-09-15 03:04:27.772 | INFO     | tools.trainer:train_loop:126 - Epoch: [52/ 100] | Train loss: [0.10263509639809208]
2022-09-15 03:06:03.009 | INFO     | tools.trainer:train_loop:126 - Epoch: [53/ 100] | Train loss: [0.09125915764560623]
2022-09-15 03:07:36.342 | INFO     | tools.trainer:train_loop:126 - Epoch: [54/ 100] | Train loss: [0.10183048326401942]
2022-09-15 03:09:10.533 | INFO     | tools.trainer:train_loop:126 - Epoch: [55/ 100] | Train loss: [0.1012620206081098]
2022-09-15 03:10:44.480 | INFO     | tools.trainer:train_loop:126 - Epoch: [56/ 100] | Train loss: [0.092752025733071]
2022-09-15 03:12:17.257 | INFO     | tools.trainer:train_loop:126 - Epoch: [57/ 100] | Train loss: [0.0765648158567567]
2022-09-15 03:13:51.921 | INFO     | tools.trainer:train_loop:126 - Epoch: [58/ 100] | Train loss: [0.08809930440639296]
2022-09-15 03:15:25.771 | INFO     | tools.trainer:train_loop:126 - Epoch: [59/ 100] | Train loss: [0.09472133609796723]
2022-09-15 03:16:59.023 | INFO     | tools.trainer:train_loop:126 - Epoch: [60/ 100] | Train loss: [0.08000019781531827]
2022-09-15 03:18:32.484 | INFO     | tools.trainer:train_loop:126 - Epoch: [61/ 100] | Train loss: [0.07841327257694737]
2022-09-15 03:20:05.383 | INFO     | tools.trainer:train_loop:126 - Epoch: [62/ 100] | Train loss: [0.0864927107768674]
2022-09-15 03:21:39.853 | INFO     | tools.trainer:train_loop:126 - Epoch: [63/ 100] | Train loss: [0.07967025882774784]
2022-09-15 03:23:14.514 | INFO     | tools.trainer:train_loop:126 - Epoch: [64/ 100] | Train loss: [0.07741161069322017]
2022-09-15 03:24:47.856 | INFO     | tools.trainer:train_loop:126 - Epoch: [65/ 100] | Train loss: [0.07268964583354612]
2022-09-15 03:26:20.951 | INFO     | tools.trainer:train_loop:126 - Epoch: [66/ 100] | Train loss: [0.07158672346943809]
2022-09-15 03:27:54.598 | INFO     | tools.trainer:train_loop:126 - Epoch: [67/ 100] | Train loss: [0.07209433344823699]
2022-09-15 03:29:28.297 | INFO     | tools.trainer:train_loop:126 - Epoch: [68/ 100] | Train loss: [0.07743179239332676]
2022-09-15 03:31:01.823 | INFO     | tools.trainer:train_loop:126 - Epoch: [69/ 100] | Train loss: [0.06971932536051158]
2022-09-15 03:32:35.506 | INFO     | tools.trainer:train_loop:126 - Epoch: [70/ 100] | Train loss: [0.07477092959227101]
2022-09-15 03:34:09.035 | INFO     | tools.trainer:train_loop:126 - Epoch: [71/ 100] | Train loss: [0.07203289256581376]
2022-09-15 03:35:42.681 | INFO     | tools.trainer:train_loop:126 - Epoch: [72/ 100] | Train loss: [0.06825403881169134]
2022-09-15 03:37:16.036 | INFO     | tools.trainer:train_loop:126 - Epoch: [73/ 100] | Train loss: [0.07872964721173048]
2022-09-15 03:38:48.808 | INFO     | tools.trainer:train_loop:126 - Epoch: [74/ 100] | Train loss: [0.06824577449550552]
2022-09-15 03:40:22.920 | INFO     | tools.trainer:train_loop:126 - Epoch: [75/ 100] | Train loss: [0.06467686010704886]
2022-09-15 03:41:55.819 | INFO     | tools.trainer:train_loop:126 - Epoch: [76/ 100] | Train loss: [0.06412053447697431]
2022-09-15 03:43:30.391 | INFO     | tools.trainer:train_loop:126 - Epoch: [77/ 100] | Train loss: [0.06641821100586845]
2022-09-15 03:45:04.619 | INFO     | tools.trainer:train_loop:126 - Epoch: [78/ 100] | Train loss: [0.07675152902881946]
2022-09-15 03:46:37.022 | INFO     | tools.trainer:train_loop:126 - Epoch: [79/ 100] | Train loss: [0.0626734142462092]
2022-09-15 03:48:11.979 | INFO     | tools.trainer:train_loop:126 - Epoch: [80/ 100] | Train loss: [0.06286080926656723]
2022-09-15 03:49:46.036 | INFO     | tools.trainer:train_loop:126 - Epoch: [81/ 100] | Train loss: [0.06030646714592172]
2022-09-15 03:51:21.105 | INFO     | tools.trainer:train_loop:126 - Epoch: [82/ 100] | Train loss: [0.0626789154484868]
2022-09-15 03:52:53.309 | INFO     | tools.trainer:train_loop:126 - Epoch: [83/ 100] | Train loss: [0.059164992082984216]
2022-09-15 03:54:27.652 | INFO     | tools.trainer:train_loop:126 - Epoch: [84/ 100] | Train loss: [0.06012136011474555]
2022-09-15 03:56:00.528 | INFO     | tools.trainer:train_loop:126 - Epoch: [85/ 100] | Train loss: [0.050903635039444894]
2022-09-15 03:57:33.861 | INFO     | tools.trainer:train_loop:126 - Epoch: [86/ 100] | Train loss: [0.057417862718143774]
2022-09-15 03:59:06.235 | INFO     | tools.trainer:train_loop:126 - Epoch: [87/ 100] | Train loss: [0.05768927658397344]
2022-09-15 04:00:38.849 | INFO     | tools.trainer:train_loop:126 - Epoch: [88/ 100] | Train loss: [0.059441463481034004]
2022-09-15 04:02:13.220 | INFO     | tools.trainer:train_loop:126 - Epoch: [89/ 100] | Train loss: [0.055230302555907156]
2022-09-15 04:03:47.024 | INFO     | tools.trainer:train_loop:126 - Epoch: [90/ 100] | Train loss: [0.05428215813252234]
2022-09-15 04:05:20.680 | INFO     | tools.trainer:train_loop:126 - Epoch: [91/ 100] | Train loss: [0.052656385596961744]
2022-09-15 04:06:54.690 | INFO     | tools.trainer:train_loop:126 - Epoch: [92/ 100] | Train loss: [0.054416357930148804]
2022-09-15 04:08:28.687 | INFO     | tools.trainer:train_loop:126 - Epoch: [93/ 100] | Train loss: [0.05374581501969407]
2022-09-15 04:10:01.772 | INFO     | tools.trainer:train_loop:126 - Epoch: [94/ 100] | Train loss: [0.050675305027154185]
2022-09-15 04:11:36.100 | INFO     | tools.trainer:train_loop:126 - Epoch: [95/ 100] | Train loss: [0.04991140967655566]
2022-09-15 04:13:09.580 | INFO     | tools.trainer:train_loop:126 - Epoch: [96/ 100] | Train loss: [0.0491767761207396]
2022-09-15 04:14:44.527 | INFO     | tools.trainer:train_loop:126 - Epoch: [97/ 100] | Train loss: [0.05363195542726786]
2022-09-15 04:16:16.754 | INFO     | tools.trainer:train_loop:126 - Epoch: [98/ 100] | Train loss: [0.05005872580072572]
2022-09-15 04:17:50.928 | INFO     | tools.trainer:train_loop:126 - Epoch: [99/ 100] | Train loss: [0.05682024473865186]
2022-09-15 04:19:25.767 | INFO     | tools.trainer:train_loop:126 - Epoch: [100/ 100] | Train loss: [0.051276939650697094]
2022-09-15 04:19:26.210 | INFO     | tools.trainer:train_loop:138 - [Saving Snapshot:]/home/s/hungpv/polyps/checkpoint/neo/neo_small_v2/MiT-B3-FaPNHead_100.pth
2022-09-15 04:19:26.210 | INFO     | tools.trainer:train_loop:147 - Training cost: 9358.017183070071seconds
