2023-06-02 16:47:24.460 | INFO     | __main__:main:57 - Load config from configs/neo_small.yaml
2023-06-02 16:47:24.461 | INFO     | __main__:main:58 - {'dataset': {'data_path': '/root/neo_code_reco/bkai-igh-neopolyp', 'train_data_path': ['/root/neo_code_reco/bkai-igh-neopolyp'], 'test_data_path': ['/root/neo_code/bkai-igh-neopolyp/test/test'], 'val_data_path': ['/root/neo_code_reco/bkai-igh-neopolyp']}, 'model': {'num_classes': 3, 'save_dir': '/root/neo_code_reco/configs/checkpoint_mb', 'backbone': 'MiT-B3', 'head': 'FaPNHead', 'pretrained': 'mit_b3.pth'}, 'optimizer': {'name': 'adam', 'lr': 0.0001, 'clip': 0.5, 'scheduler': 'cosine_warmup', 'loss': 'multi_structure_loss'}, 'dev': 'cuda', 'train': {'start_from': 0, 'save_from': 99, 'num_epochs': 100, 'num_warmup_epoch': 8, 'is_val': False, 'size_rates': [0.75, 1, 1.25], 'dataloader': {'batchsize': 8, 'img_size': 384, 'shuffle': True, 'num_workers': 4, 'pin_memory': True, 'drop_last': True}, 'amp': False, 'ddp': False, 'augment': {'prob': 1, 'Flip_prob': 0.5, 'HueSaturationValue_prob': 0.5, 'RandomBrightnessContrast_prob': 0.5, 'crop_prob': 0.0, 'randomrotate90_prob': 0.5, 'ColorJitter_prob': 0.5}, 'augment_weak': {'prob': 1, 'Flip_prob': 0.5}}, 'val': {'dataloader': {'batchsize': 8, 'img_size': 384, 'shuffle': True, 'num_workers': 4, 'pin_memory': True, 'drop_last': False}}, 'test': {'dev': 'cuda', 'visualize': True, 'visualize_dir': '/root/neo_code_reco/neo_visualize', 'vis_x': 180, 'vis_overwrite': False, 'checkpoint_dir': '/root/neo_code_reco/configs/checkpoint/MiT-B3-FaPNHead_100.pth', 'dataloader': {'batchsize': 1, 'img_size': 384, 'shuffle': True, 'num_workers': 4, 'pin_memory': True, 'drop_last': False}, 'augment': {'prob': 1, 'Flip_prob': 0, 'HueSaturationValue_prob': 0, 'RandomBrightnessContrast_prob': 0, 'crop_prob': 0, 'randomrotate90_prob': 0, 'elastictransform_prob': 0, 'gridistortion_prob': 0, 'opticaldistortion_prob': 0, 'verticalflip_prob': 0, 'horizontalflip_prob': 0, 'randomgamma_prob': 0, 'CoarseDropout_prob': 0, 'RGBShift_prob': 0, 'MotionBlur_prob': 0, 'MedianBlur_prob': 0, 'GaussianBlur_prob': 0, 'GaussNoise_prob': 0, 'ChannelShuffle_prob': 0}}}
2023-06-02 16:47:24.461 | INFO     | __main__:main:59 - Getting datapath
2023-06-02 16:47:24.474 | INFO     | __main__:main:74 - There are 1000 images to train
2023-06-02 16:47:24.474 | INFO     | __main__:main:93 - Train model with no valid dataset
2023-06-02 16:47:24.474 | INFO     | __main__:main:95 - Loading data
2023-06-02 16:47:24.864 | INFO     | __main__:main:112 - 125 batches to train
2023-06-02 16:47:24.864 | INFO     | __main__:main:125 - Loading model
2023-06-02 16:47:24.865 | INFO     | __main__:main:146 - Loading checkpoint from mit_b3.pth ...
2023-06-02 16:47:29.847 | INFO     | __main__:main:190 - Training with FP32 ...
2023-06-02 16:52:53.681 | INFO     | trainer:train_loop:183 - Epoch: [1/ 100] | Train loss: [1.8624854669570923]
2023-06-02 16:58:17.972 | INFO     | trainer:train_loop:183 - Epoch: [2/ 100] | Train loss: [0.7761085963249207]
2023-06-02 17:03:41.993 | INFO     | trainer:train_loop:183 - Epoch: [3/ 100] | Train loss: [0.6598063859939575]
2023-06-02 17:09:06.623 | INFO     | trainer:train_loop:183 - Epoch: [4/ 100] | Train loss: [0.6089957003593445]
2023-06-02 17:14:29.102 | INFO     | trainer:train_loop:183 - Epoch: [5/ 100] | Train loss: [0.5697824652194977]
2023-06-02 17:19:51.484 | INFO     | trainer:train_loop:183 - Epoch: [6/ 100] | Train loss: [0.5320919227600097]
2023-06-02 17:25:19.891 | INFO     | trainer:train_loop:183 - Epoch: [7/ 100] | Train loss: [0.4743517404794693]
2023-06-02 17:30:44.004 | INFO     | trainer:train_loop:183 - Epoch: [8/ 100] | Train loss: [0.32870073533058164]
2023-06-02 17:36:09.219 | INFO     | trainer:train_loop:183 - Epoch: [9/ 100] | Train loss: [0.2633002117872238]
2023-06-02 17:41:32.988 | INFO     | trainer:train_loop:183 - Epoch: [10/ 100] | Train loss: [0.24219904586672783]
2023-06-02 17:46:59.559 | INFO     | trainer:train_loop:183 - Epoch: [11/ 100] | Train loss: [0.25180764991044996]
2023-06-02 17:52:26.286 | INFO     | trainer:train_loop:183 - Epoch: [12/ 100] | Train loss: [0.22250899517536163]
2023-06-02 17:57:50.904 | INFO     | trainer:train_loop:183 - Epoch: [13/ 100] | Train loss: [0.19818723464012147]
2023-06-02 18:03:17.778 | INFO     | trainer:train_loop:183 - Epoch: [14/ 100] | Train loss: [0.190645157456398]
2023-06-02 18:08:41.987 | INFO     | trainer:train_loop:183 - Epoch: [15/ 100] | Train loss: [0.19478052029013634]
2023-06-02 18:14:08.400 | INFO     | trainer:train_loop:183 - Epoch: [16/ 100] | Train loss: [0.18439962929487227]
2023-06-02 18:19:35.614 | INFO     | trainer:train_loop:183 - Epoch: [17/ 100] | Train loss: [0.15853580936789513]
2023-06-02 18:25:03.339 | INFO     | trainer:train_loop:183 - Epoch: [18/ 100] | Train loss: [0.1863232624232769]
2023-06-02 18:30:28.653 | INFO     | trainer:train_loop:183 - Epoch: [19/ 100] | Train loss: [0.15226472583413125]
2023-06-02 18:35:53.291 | INFO     | trainer:train_loop:183 - Epoch: [20/ 100] | Train loss: [0.15014524826407433]
2023-06-02 18:41:20.929 | INFO     | trainer:train_loop:183 - Epoch: [21/ 100] | Train loss: [0.154409658908844]
2023-06-02 18:46:47.132 | INFO     | trainer:train_loop:183 - Epoch: [22/ 100] | Train loss: [0.15215735259652138]
2023-06-02 18:52:14.244 | INFO     | trainer:train_loop:183 - Epoch: [23/ 100] | Train loss: [0.1603874821960926]
2023-06-02 18:57:40.197 | INFO     | trainer:train_loop:183 - Epoch: [24/ 100] | Train loss: [0.14775311478972436]
2023-06-02 19:03:05.182 | INFO     | trainer:train_loop:183 - Epoch: [25/ 100] | Train loss: [0.13117687267065048]
2023-06-02 19:08:30.356 | INFO     | trainer:train_loop:183 - Epoch: [26/ 100] | Train loss: [0.1263221399486065]
2023-06-02 19:13:56.967 | INFO     | trainer:train_loop:183 - Epoch: [27/ 100] | Train loss: [0.14251893499493598]
2023-06-02 19:19:23.939 | INFO     | trainer:train_loop:183 - Epoch: [28/ 100] | Train loss: [0.12412877368927001]
2023-06-02 19:24:50.091 | INFO     | trainer:train_loop:183 - Epoch: [29/ 100] | Train loss: [0.12014448389410973]
2023-06-02 19:30:18.261 | INFO     | trainer:train_loop:183 - Epoch: [30/ 100] | Train loss: [0.14283378118276596]
2023-06-02 19:35:45.574 | INFO     | trainer:train_loop:183 - Epoch: [31/ 100] | Train loss: [0.11609040638804435]
2023-06-02 19:41:12.143 | INFO     | trainer:train_loop:183 - Epoch: [32/ 100] | Train loss: [0.1215291167497635]
2023-06-02 19:46:38.235 | INFO     | trainer:train_loop:183 - Epoch: [33/ 100] | Train loss: [0.10490740913152695]
2023-06-02 19:52:02.862 | INFO     | trainer:train_loop:183 - Epoch: [34/ 100] | Train loss: [0.1123676106929779]
2023-06-02 19:57:28.128 | INFO     | trainer:train_loop:183 - Epoch: [35/ 100] | Train loss: [0.09713373032212258]
2023-06-02 20:02:48.823 | INFO     | trainer:train_loop:183 - Epoch: [36/ 100] | Train loss: [0.10560600477457047]
2023-06-02 20:08:11.346 | INFO     | trainer:train_loop:183 - Epoch: [37/ 100] | Train loss: [0.09880227062106132]
2023-06-02 20:13:34.895 | INFO     | trainer:train_loop:183 - Epoch: [38/ 100] | Train loss: [0.09142905086278916]
2023-06-02 20:18:58.497 | INFO     | trainer:train_loop:183 - Epoch: [39/ 100] | Train loss: [0.09680234950780868]
2023-06-02 20:24:22.369 | INFO     | trainer:train_loop:183 - Epoch: [40/ 100] | Train loss: [0.08868614348769188]
2023-06-02 20:29:46.100 | INFO     | trainer:train_loop:183 - Epoch: [41/ 100] | Train loss: [0.09399771028757095]
2023-06-02 20:35:10.400 | INFO     | trainer:train_loop:183 - Epoch: [42/ 100] | Train loss: [0.09334901371598243]
2023-06-02 20:40:33.486 | INFO     | trainer:train_loop:183 - Epoch: [43/ 100] | Train loss: [0.09299699360132217]
2023-06-02 20:45:56.935 | INFO     | trainer:train_loop:183 - Epoch: [44/ 100] | Train loss: [0.08105339516699314]
2023-06-02 20:51:20.535 | INFO     | trainer:train_loop:183 - Epoch: [45/ 100] | Train loss: [0.08095902381837368]
2023-06-02 20:56:44.413 | INFO     | trainer:train_loop:183 - Epoch: [46/ 100] | Train loss: [0.0676034301519394]
2023-06-02 21:02:06.480 | INFO     | trainer:train_loop:183 - Epoch: [47/ 100] | Train loss: [0.07734012243151665]
2023-06-02 21:07:28.522 | INFO     | trainer:train_loop:183 - Epoch: [48/ 100] | Train loss: [0.07068634498119354]
2023-06-02 21:12:52.495 | INFO     | trainer:train_loop:183 - Epoch: [49/ 100] | Train loss: [0.06932443901896476]
2023-06-02 21:18:16.794 | INFO     | trainer:train_loop:183 - Epoch: [50/ 100] | Train loss: [0.07058996441960334]
2023-06-02 21:23:40.991 | INFO     | trainer:train_loop:183 - Epoch: [51/ 100] | Train loss: [0.06555595922470092]
2023-06-02 21:29:04.849 | INFO     | trainer:train_loop:183 - Epoch: [52/ 100] | Train loss: [0.06509995159506798]
2023-06-02 21:34:28.430 | INFO     | trainer:train_loop:183 - Epoch: [53/ 100] | Train loss: [0.06841298866271972]
2023-06-02 21:39:51.843 | INFO     | trainer:train_loop:183 - Epoch: [54/ 100] | Train loss: [0.06285885222256184]
2023-06-02 21:45:15.459 | INFO     | trainer:train_loop:183 - Epoch: [55/ 100] | Train loss: [0.06560535135865211]
2023-06-02 21:50:38.765 | INFO     | trainer:train_loop:183 - Epoch: [56/ 100] | Train loss: [0.06019682651758194]
2023-06-02 21:56:01.720 | INFO     | trainer:train_loop:183 - Epoch: [57/ 100] | Train loss: [0.059115690007805824]
2023-06-02 22:01:25.663 | INFO     | trainer:train_loop:183 - Epoch: [58/ 100] | Train loss: [0.06077142211794853]
2023-06-02 22:06:45.741 | INFO     | trainer:train_loop:183 - Epoch: [59/ 100] | Train loss: [0.05755381388962269]
2023-06-02 22:12:07.499 | INFO     | trainer:train_loop:183 - Epoch: [60/ 100] | Train loss: [0.05534211310744286]
2023-06-02 22:17:30.922 | INFO     | trainer:train_loop:183 - Epoch: [61/ 100] | Train loss: [0.06066153593361378]
2023-06-02 22:22:54.651 | INFO     | trainer:train_loop:183 - Epoch: [62/ 100] | Train loss: [0.055631601974368096]
2023-06-02 22:28:17.288 | INFO     | trainer:train_loop:183 - Epoch: [63/ 100] | Train loss: [0.05172734245657921]
2023-06-02 22:33:40.000 | INFO     | trainer:train_loop:183 - Epoch: [64/ 100] | Train loss: [0.05459107095003128]
2023-06-02 22:39:03.594 | INFO     | trainer:train_loop:183 - Epoch: [65/ 100] | Train loss: [0.05348730669915676]
2023-06-02 22:44:26.250 | INFO     | trainer:train_loop:183 - Epoch: [66/ 100] | Train loss: [0.05264875380694866]
2023-06-02 22:49:50.555 | INFO     | trainer:train_loop:183 - Epoch: [67/ 100] | Train loss: [0.05423810316622257]
2023-06-02 22:55:12.871 | INFO     | trainer:train_loop:183 - Epoch: [68/ 100] | Train loss: [0.05809868480265141]
2023-06-02 23:00:38.038 | INFO     | trainer:train_loop:183 - Epoch: [69/ 100] | Train loss: [0.051901687845587734]
2023-06-02 23:06:01.587 | INFO     | trainer:train_loop:183 - Epoch: [70/ 100] | Train loss: [0.05511230729520321]
2023-06-02 23:11:22.726 | INFO     | trainer:train_loop:183 - Epoch: [71/ 100] | Train loss: [0.04978249205648899]
2023-06-02 23:16:46.284 | INFO     | trainer:train_loop:183 - Epoch: [72/ 100] | Train loss: [0.05086819845438004]
2023-06-02 23:22:09.791 | INFO     | trainer:train_loop:183 - Epoch: [73/ 100] | Train loss: [0.04997309029102325]
2023-06-02 23:27:32.188 | INFO     | trainer:train_loop:183 - Epoch: [74/ 100] | Train loss: [0.04796043498814106]
2023-06-02 23:32:55.320 | INFO     | trainer:train_loop:183 - Epoch: [75/ 100] | Train loss: [0.05043576854467392]
2023-06-02 23:38:18.316 | INFO     | trainer:train_loop:183 - Epoch: [76/ 100] | Train loss: [0.04959007957577705]
2023-06-02 23:43:41.075 | INFO     | trainer:train_loop:183 - Epoch: [77/ 100] | Train loss: [0.049990807801485064]
2023-06-02 23:49:05.179 | INFO     | trainer:train_loop:183 - Epoch: [78/ 100] | Train loss: [0.046795623764395715]
2023-06-02 23:54:27.707 | INFO     | trainer:train_loop:183 - Epoch: [79/ 100] | Train loss: [0.04721059906482696]
2023-06-02 23:59:50.072 | INFO     | trainer:train_loop:183 - Epoch: [80/ 100] | Train loss: [0.04714703527092934]
2023-06-03 00:05:14.412 | INFO     | trainer:train_loop:183 - Epoch: [81/ 100] | Train loss: [0.0466309117525816]
2023-06-03 00:10:37.855 | INFO     | trainer:train_loop:183 - Epoch: [82/ 100] | Train loss: [0.047448681145906446]
2023-06-03 00:16:00.558 | INFO     | trainer:train_loop:183 - Epoch: [83/ 100] | Train loss: [0.045861077547073366]
2023-06-03 00:21:23.923 | INFO     | trainer:train_loop:183 - Epoch: [84/ 100] | Train loss: [0.04722170676290989]
2023-06-03 00:26:48.052 | INFO     | trainer:train_loop:183 - Epoch: [85/ 100] | Train loss: [0.044912903770804403]
2023-06-03 00:32:11.580 | INFO     | trainer:train_loop:183 - Epoch: [86/ 100] | Train loss: [0.0439447203874588]
2023-06-03 00:37:35.126 | INFO     | trainer:train_loop:183 - Epoch: [87/ 100] | Train loss: [0.04411160904169083]
2023-06-03 00:42:58.072 | INFO     | trainer:train_loop:183 - Epoch: [88/ 100] | Train loss: [0.04401193089783192]
2023-06-03 00:48:20.055 | INFO     | trainer:train_loop:183 - Epoch: [89/ 100] | Train loss: [0.04448101159930229]
2023-06-03 00:53:42.375 | INFO     | trainer:train_loop:183 - Epoch: [90/ 100] | Train loss: [0.04361133609712124]
2023-06-03 00:59:04.481 | INFO     | trainer:train_loop:183 - Epoch: [91/ 100] | Train loss: [0.044287527918815614]
2023-06-03 01:04:27.497 | INFO     | trainer:train_loop:183 - Epoch: [92/ 100] | Train loss: [0.04325072678923607]
2023-06-03 01:09:50.563 | INFO     | trainer:train_loop:183 - Epoch: [93/ 100] | Train loss: [0.04362656676769257]
2023-06-03 01:15:14.100 | INFO     | trainer:train_loop:183 - Epoch: [94/ 100] | Train loss: [0.044223535418510436]
2023-06-03 01:20:38.162 | INFO     | trainer:train_loop:183 - Epoch: [95/ 100] | Train loss: [0.04423014886677265]
2023-06-03 01:26:01.789 | INFO     | trainer:train_loop:183 - Epoch: [96/ 100] | Train loss: [0.04463985404372215]
2023-06-03 01:31:25.084 | INFO     | trainer:train_loop:183 - Epoch: [97/ 100] | Train loss: [0.043508130401372906]
2023-06-03 01:36:49.333 | INFO     | trainer:train_loop:183 - Epoch: [98/ 100] | Train loss: [0.04373035953938961]
2023-06-03 01:42:12.854 | INFO     | trainer:train_loop:183 - Epoch: [99/ 100] | Train loss: [0.04374893532693386]
2023-06-03 01:47:36.882 | INFO     | trainer:train_loop:183 - Epoch: [100/ 100] | Train loss: [0.042544298693537715]
2023-06-03 01:47:37.253 | INFO     | trainer:train_loop:195 - [Saving Snapshot:]/root/neo_code_reco/configs/checkpoint_mb/MiT-B3-FaPNHead_100.pth
2023-06-03 01:47:37.254 | INFO     | trainer:train_loop:204 - Training cost: 32405.901746183634seconds
