2022-09-14 08:55:34.695 | INFO     | __main__:main:57 - Load config from configs/neo_small.yaml
2022-09-14 08:55:34.696 | INFO     | __main__:main:58 - {'dataset': {'data_path': '/home/s/hungpv/polyps/dataset', 'train_data_path': ['/home/s/hungpv/polyps/dataset/neo_small/train'], 'test_data_path': ['/home/s/hungpv/polyps/dataset/neo_small/test'], 'val_data_path': ['/home/s/hungpv/polyps/dataset/neo_small/test']}, 'model': {'num_classes': 3, 'save_dir': '/home/s/hungpv/polyps/checkpoint/neo/neo_small_v3', 'backbone': 'MiT-B3', 'head': 'FaPNHead', 'pretrained': '/home/s/hungpv/polyps/pretrained_models/mit_b3.pth'}, 'optimizer': {'name': 'adam', 'lr': 0.0001, 'clip': 0.5, 'scheduler': 'cosine_warmup', 'loss': 'multi_structure_loss'}, 'dev': 'cuda', 'train': {'start_from': 0, 'save_from': 99, 'num_epochs': 100, 'num_warmup_epoch': 8, 'is_val': False, 'size_rates': [0.75, 1, 1.25], 'dataloader': {'batchsize': 16, 'img_size': 384, 'shuffle': True, 'num_workers': 4, 'pin_memory': True, 'drop_last': True}, 'amp': False, 'ddp': False, 'augment': {'prob': 1, 'Flip_prob': 0.5, 'HueSaturationValue_prob': 0.5, 'RandomBrightnessContrast_prob': 0.5, 'crop_prob': 0.0, 'randomrotate90_prob': 0.5, 'ColorJitter_prob': 0.5}}, 'val': {'dataloader': {'batchsize': 8, 'img_size': 384, 'shuffle': True, 'num_workers': 4, 'pin_memory': True, 'drop_last': False}}, 'test': {'dev': 'cuda', 'visualize': True, 'visualize_dir': '/home/s/hungpv/polyps/neo_visualize', 'vis_x': 180, 'vis_overwrite': False, 'checkpoint_dir': '/home/s/hungpv/polyps/checkpoint/neo/neo_small_v5/MiT-B3-FaPNHead_80.pth', 'dataloader': {'batchsize': 1, 'img_size': 384, 'shuffle': True, 'num_workers': 4, 'pin_memory': True, 'drop_last': False}, 'augment': {'prob': 1, 'Flip_prob': 0, 'HueSaturationValue_prob': 0, 'RandomBrightnessContrast_prob': 0, 'crop_prob': 0, 'randomrotate90_prob': 0, 'elastictransform_prob': 0, 'gridistortion_prob': 0, 'opticaldistortion_prob': 0, 'verticalflip_prob': 0, 'horizontalflip_prob': 0, 'randomgamma_prob': 0, 'CoarseDropout_prob': 0, 'RGBShift_prob': 0, 'MotionBlur_prob': 0, 'MedianBlur_prob': 0, 'GaussianBlur_prob': 0, 'GaussNoise_prob': 0, 'ChannelShuffle_prob': 0}}}
2022-09-14 08:55:34.696 | INFO     | __main__:main:59 - Getting datapath
2022-09-14 08:55:34.701 | INFO     | __main__:main:74 - There are 1000 images to train
2022-09-14 08:55:34.702 | INFO     | __main__:main:93 - Train model with no valid dataset
2022-09-14 08:55:34.702 | INFO     | __main__:main:95 - Loading data
2022-09-14 08:55:34.784 | INFO     | __main__:main:109 - 62 batches to train
2022-09-14 08:55:34.784 | INFO     | __main__:main:122 - Loading model
2022-09-14 08:55:34.784 | INFO     | __main__:main:143 - Loading checkpoint from /home/s/hungpv/polyps/pretrained_models/mit_b3.pth ...
2022-09-14 08:55:38.075 | INFO     | __main__:main:187 - Training with FP32 ...
2022-09-14 08:57:10.090 | INFO     | tools.trainer:train_loop:126 - Epoch: [1/ 100] | Train loss: [2.042829530854379]
2022-09-14 08:58:40.549 | INFO     | tools.trainer:train_loop:126 - Epoch: [2/ 100] | Train loss: [0.8637116705217669]
2022-09-14 09:00:11.387 | INFO     | tools.trainer:train_loop:126 - Epoch: [3/ 100] | Train loss: [0.7004884394907183]
2022-09-14 09:01:42.180 | INFO     | tools.trainer:train_loop:126 - Epoch: [4/ 100] | Train loss: [0.6303940953746918]
2022-09-14 09:03:13.094 | INFO     | tools.trainer:train_loop:126 - Epoch: [5/ 100] | Train loss: [0.5827179089669259]
2022-09-14 09:04:44.124 | INFO     | tools.trainer:train_loop:126 - Epoch: [6/ 100] | Train loss: [0.5424316020742539]
2022-09-14 09:06:17.066 | INFO     | tools.trainer:train_loop:126 - Epoch: [7/ 100] | Train loss: [0.49448983275121255]
2022-09-14 09:07:48.157 | INFO     | tools.trainer:train_loop:126 - Epoch: [8/ 100] | Train loss: [0.37662674438568855]
2022-09-14 09:09:21.654 | INFO     | tools.trainer:train_loop:126 - Epoch: [9/ 100] | Train loss: [0.3490554538945998]
2022-09-14 09:10:53.274 | INFO     | tools.trainer:train_loop:126 - Epoch: [10/ 100] | Train loss: [0.36989747588672944]
2022-09-14 09:12:26.221 | INFO     | tools.trainer:train_loop:126 - Epoch: [11/ 100] | Train loss: [0.3343217190234892]
2022-09-14 09:13:57.918 | INFO     | tools.trainer:train_loop:126 - Epoch: [12/ 100] | Train loss: [0.27463553449319256]
2022-09-14 09:15:31.038 | INFO     | tools.trainer:train_loop:126 - Epoch: [13/ 100] | Train loss: [0.25716090310485135]
2022-09-14 09:17:03.118 | INFO     | tools.trainer:train_loop:126 - Epoch: [14/ 100] | Train loss: [0.24546972397835023]
2022-09-14 09:18:36.818 | INFO     | tools.trainer:train_loop:126 - Epoch: [15/ 100] | Train loss: [0.24473499698985007]
2022-09-14 09:20:08.856 | INFO     | tools.trainer:train_loop:126 - Epoch: [16/ 100] | Train loss: [0.22117283039035335]
2022-09-14 09:21:41.807 | INFO     | tools.trainer:train_loop:126 - Epoch: [17/ 100] | Train loss: [0.2377133281721223]
2022-09-14 09:23:13.895 | INFO     | tools.trainer:train_loop:126 - Epoch: [18/ 100] | Train loss: [0.2196069024503231]
2022-09-14 09:24:46.250 | INFO     | tools.trainer:train_loop:126 - Epoch: [19/ 100] | Train loss: [0.22703922359693435]
2022-09-14 09:26:18.592 | INFO     | tools.trainer:train_loop:126 - Epoch: [20/ 100] | Train loss: [0.20186645393410035]
2022-09-14 09:27:52.795 | INFO     | tools.trainer:train_loop:126 - Epoch: [21/ 100] | Train loss: [0.18471684859644982]
2022-09-14 09:29:24.913 | INFO     | tools.trainer:train_loop:126 - Epoch: [22/ 100] | Train loss: [0.18939508029049443]
2022-09-14 09:30:58.714 | INFO     | tools.trainer:train_loop:126 - Epoch: [23/ 100] | Train loss: [0.19152751060262804]
2022-09-14 09:32:32.713 | INFO     | tools.trainer:train_loop:126 - Epoch: [24/ 100] | Train loss: [0.15796281024813652]
2022-09-14 09:34:05.547 | INFO     | tools.trainer:train_loop:126 - Epoch: [25/ 100] | Train loss: [0.16354794565948746]
2022-09-14 09:35:38.867 | INFO     | tools.trainer:train_loop:126 - Epoch: [26/ 100] | Train loss: [0.17308207931778125]
2022-09-14 09:37:11.133 | INFO     | tools.trainer:train_loop:126 - Epoch: [27/ 100] | Train loss: [0.15318815470222505]
2022-09-14 09:38:44.117 | INFO     | tools.trainer:train_loop:126 - Epoch: [28/ 100] | Train loss: [0.16893020794997293]
2022-09-14 09:40:16.339 | INFO     | tools.trainer:train_loop:126 - Epoch: [29/ 100] | Train loss: [0.1344507053013771]
2022-09-14 09:41:50.963 | INFO     | tools.trainer:train_loop:126 - Epoch: [30/ 100] | Train loss: [0.14778943612210213]
2022-09-14 09:43:23.506 | INFO     | tools.trainer:train_loop:126 - Epoch: [31/ 100] | Train loss: [0.1660269566721493]
2022-09-14 09:44:56.477 | INFO     | tools.trainer:train_loop:126 - Epoch: [32/ 100] | Train loss: [0.16609233749970312]
2022-09-14 09:46:28.722 | INFO     | tools.trainer:train_loop:126 - Epoch: [33/ 100] | Train loss: [0.1674837577006509]
2022-09-14 09:48:02.425 | INFO     | tools.trainer:train_loop:126 - Epoch: [34/ 100] | Train loss: [0.14787191182615295]
2022-09-14 09:49:35.362 | INFO     | tools.trainer:train_loop:126 - Epoch: [35/ 100] | Train loss: [0.16004189043756453]
2022-09-14 09:51:09.253 | INFO     | tools.trainer:train_loop:126 - Epoch: [36/ 100] | Train loss: [0.12520673131990817]
2022-09-14 09:52:41.288 | INFO     | tools.trainer:train_loop:126 - Epoch: [37/ 100] | Train loss: [0.12758751868480636]
2022-09-14 09:54:14.628 | INFO     | tools.trainer:train_loop:126 - Epoch: [38/ 100] | Train loss: [0.14592902530585566]
2022-09-14 09:55:47.080 | INFO     | tools.trainer:train_loop:126 - Epoch: [39/ 100] | Train loss: [0.15218174583729235]
2022-09-14 09:57:20.856 | INFO     | tools.trainer:train_loop:126 - Epoch: [40/ 100] | Train loss: [0.14434866529078252]
2022-09-14 09:58:53.248 | INFO     | tools.trainer:train_loop:126 - Epoch: [41/ 100] | Train loss: [0.11709525448180014]
2022-09-14 10:00:26.473 | INFO     | tools.trainer:train_loop:126 - Epoch: [42/ 100] | Train loss: [0.11680236627017299]
2022-09-14 10:01:59.752 | INFO     | tools.trainer:train_loop:126 - Epoch: [43/ 100] | Train loss: [0.1185663647108501]
2022-09-14 10:03:34.075 | INFO     | tools.trainer:train_loop:126 - Epoch: [44/ 100] | Train loss: [0.13824230204186133]
2022-09-14 10:05:06.087 | INFO     | tools.trainer:train_loop:126 - Epoch: [45/ 100] | Train loss: [0.11913144912931227]
2022-09-14 10:06:39.182 | INFO     | tools.trainer:train_loop:126 - Epoch: [46/ 100] | Train loss: [0.11416629996270902]
2022-09-14 10:08:13.278 | INFO     | tools.trainer:train_loop:126 - Epoch: [47/ 100] | Train loss: [0.10807512478241997]
2022-09-14 10:09:44.878 | INFO     | tools.trainer:train_loop:126 - Epoch: [48/ 100] | Train loss: [0.11759722491185512]
2022-09-14 10:11:18.049 | INFO     | tools.trainer:train_loop:126 - Epoch: [49/ 100] | Train loss: [0.11584896389995852]
2022-09-14 10:12:50.384 | INFO     | tools.trainer:train_loop:126 - Epoch: [50/ 100] | Train loss: [0.09511866084029598]
2022-09-14 10:14:23.670 | INFO     | tools.trainer:train_loop:126 - Epoch: [51/ 100] | Train loss: [0.10850381821153625]
2022-09-14 10:15:56.175 | INFO     | tools.trainer:train_loop:126 - Epoch: [52/ 100] | Train loss: [0.11386093575387232]
2022-09-14 10:17:29.191 | INFO     | tools.trainer:train_loop:126 - Epoch: [53/ 100] | Train loss: [0.1041287399467922]
2022-09-14 10:19:01.312 | INFO     | tools.trainer:train_loop:126 - Epoch: [54/ 100] | Train loss: [0.0893752611572704]
2022-09-14 10:20:35.034 | INFO     | tools.trainer:train_loop:126 - Epoch: [55/ 100] | Train loss: [0.08932388754140946]
2022-09-14 10:22:08.714 | INFO     | tools.trainer:train_loop:126 - Epoch: [56/ 100] | Train loss: [0.08722595720281524]
2022-09-14 10:23:40.739 | INFO     | tools.trainer:train_loop:126 - Epoch: [57/ 100] | Train loss: [0.09106664371586615]
2022-09-14 10:25:13.479 | INFO     | tools.trainer:train_loop:126 - Epoch: [58/ 100] | Train loss: [0.09490539121531671]
2022-09-14 10:26:47.207 | INFO     | tools.trainer:train_loop:126 - Epoch: [59/ 100] | Train loss: [0.08525251645234323]
2022-09-14 10:28:19.214 | INFO     | tools.trainer:train_loop:126 - Epoch: [60/ 100] | Train loss: [0.08582761883735657]
2022-09-14 10:29:52.012 | INFO     | tools.trainer:train_loop:126 - Epoch: [61/ 100] | Train loss: [0.08101610346667228]
2022-09-14 10:31:25.797 | INFO     | tools.trainer:train_loop:126 - Epoch: [62/ 100] | Train loss: [0.07196832183868654]
2022-09-14 10:32:59.145 | INFO     | tools.trainer:train_loop:126 - Epoch: [63/ 100] | Train loss: [0.07678567017278363]
2022-09-14 10:34:31.689 | INFO     | tools.trainer:train_loop:126 - Epoch: [64/ 100] | Train loss: [0.06935181378597213]
2022-09-14 10:36:05.613 | INFO     | tools.trainer:train_loop:126 - Epoch: [65/ 100] | Train loss: [0.07151942135345551]
2022-09-14 10:37:37.646 | INFO     | tools.trainer:train_loop:126 - Epoch: [66/ 100] | Train loss: [0.06518826381333413]
2022-09-14 10:39:10.514 | INFO     | tools.trainer:train_loop:126 - Epoch: [67/ 100] | Train loss: [0.06951721667522384]
2022-09-14 10:40:44.153 | INFO     | tools.trainer:train_loop:126 - Epoch: [68/ 100] | Train loss: [0.06871231588264627]
2022-09-14 10:42:16.846 | INFO     | tools.trainer:train_loop:126 - Epoch: [69/ 100] | Train loss: [0.08049283230737332]
2022-09-14 10:43:49.986 | INFO     | tools.trainer:train_loop:126 - Epoch: [70/ 100] | Train loss: [0.07303581293672323]
2022-09-14 10:45:24.609 | INFO     | tools.trainer:train_loop:126 - Epoch: [71/ 100] | Train loss: [0.06116635343360324]
2022-09-14 10:46:58.197 | INFO     | tools.trainer:train_loop:126 - Epoch: [72/ 100] | Train loss: [0.06535313479722507]
2022-09-14 10:48:31.636 | INFO     | tools.trainer:train_loop:126 - Epoch: [73/ 100] | Train loss: [0.06439210898092677]
2022-09-14 10:50:06.081 | INFO     | tools.trainer:train_loop:126 - Epoch: [74/ 100] | Train loss: [0.06463613457256748]
2022-09-14 10:51:39.429 | INFO     | tools.trainer:train_loop:126 - Epoch: [75/ 100] | Train loss: [0.061122157881336826]
2022-09-14 10:53:11.405 | INFO     | tools.trainer:train_loop:126 - Epoch: [76/ 100] | Train loss: [0.06787375084334804]
2022-09-14 10:54:45.496 | INFO     | tools.trainer:train_loop:126 - Epoch: [77/ 100] | Train loss: [0.06597228312203961]
2022-09-14 10:56:20.175 | INFO     | tools.trainer:train_loop:126 - Epoch: [78/ 100] | Train loss: [0.05888939642858121]
2022-09-14 10:57:52.995 | INFO     | tools.trainer:train_loop:126 - Epoch: [79/ 100] | Train loss: [0.058765630177672834]
2022-09-14 10:59:25.464 | INFO     | tools.trainer:train_loop:126 - Epoch: [80/ 100] | Train loss: [0.05775102759681402]
2022-09-14 11:00:58.794 | INFO     | tools.trainer:train_loop:126 - Epoch: [81/ 100] | Train loss: [0.05799975321297684]
2022-09-14 11:02:33.430 | INFO     | tools.trainer:train_loop:126 - Epoch: [82/ 100] | Train loss: [0.06040982448405797]
2022-09-14 11:04:06.189 | INFO     | tools.trainer:train_loop:126 - Epoch: [83/ 100] | Train loss: [0.057222244690262505]
2022-09-14 11:05:38.619 | INFO     | tools.trainer:train_loop:126 - Epoch: [84/ 100] | Train loss: [0.05784318445911331]
2022-09-14 11:07:12.004 | INFO     | tools.trainer:train_loop:126 - Epoch: [85/ 100] | Train loss: [0.05295391143449853]
2022-09-14 11:08:46.822 | INFO     | tools.trainer:train_loop:126 - Epoch: [86/ 100] | Train loss: [0.055331672962394454]
2022-09-14 11:10:20.840 | INFO     | tools.trainer:train_loop:126 - Epoch: [87/ 100] | Train loss: [0.05260843074610157]
2022-09-14 11:11:54.693 | INFO     | tools.trainer:train_loop:126 - Epoch: [88/ 100] | Train loss: [0.0487555137745315]
2022-09-14 11:13:26.552 | INFO     | tools.trainer:train_loop:126 - Epoch: [89/ 100] | Train loss: [0.05164447267569842]
2022-09-14 11:15:01.771 | INFO     | tools.trainer:train_loop:126 - Epoch: [90/ 100] | Train loss: [0.050689087369509285]
2022-09-14 11:16:35.755 | INFO     | tools.trainer:train_loop:126 - Epoch: [91/ 100] | Train loss: [0.05200887486458786]
2022-09-14 11:18:08.895 | INFO     | tools.trainer:train_loop:126 - Epoch: [92/ 100] | Train loss: [0.05343985416355633]
2022-09-14 11:19:42.139 | INFO     | tools.trainer:train_loop:126 - Epoch: [93/ 100] | Train loss: [0.046852297480067896]
2022-09-14 11:21:14.538 | INFO     | tools.trainer:train_loop:126 - Epoch: [94/ 100] | Train loss: [0.04698963135841393]
2022-09-14 11:22:49.414 | INFO     | tools.trainer:train_loop:126 - Epoch: [95/ 100] | Train loss: [0.04600014080924372]
2022-09-14 11:24:23.006 | INFO     | tools.trainer:train_loop:126 - Epoch: [96/ 100] | Train loss: [0.045826167949745734]
2022-09-14 11:25:55.380 | INFO     | tools.trainer:train_loop:126 - Epoch: [97/ 100] | Train loss: [0.04725638062002197]
2022-09-14 11:27:28.431 | INFO     | tools.trainer:train_loop:126 - Epoch: [98/ 100] | Train loss: [0.047138128880291216]
2022-09-14 11:29:00.973 | INFO     | tools.trainer:train_loop:126 - Epoch: [99/ 100] | Train loss: [0.04647891253473297]
2022-09-14 11:30:35.499 | INFO     | tools.trainer:train_loop:126 - Epoch: [100/ 100] | Train loss: [0.0448722519701527]
2022-09-14 11:30:35.908 | INFO     | tools.trainer:train_loop:138 - [Saving Snapshot:]/home/s/hungpv/polyps/checkpoint/neo/neo_small_v3/MiT-B3-FaPNHead_100.pth
2022-09-14 11:30:35.908 | INFO     | tools.trainer:train_loop:147 - Training cost: 9296.889793136157seconds
