2023-06-03 23:36:12.488 | INFO     | __main__:main:57 - Load config from configs/neo_small.yaml
2023-06-03 23:36:12.489 | INFO     | __main__:main:58 - {'dataset': {'data_path': '/root/neo_code_reco/bkai-igh-neopolyp', 'train_data_path': ['/root/neo_code_reco/bkai-igh-neopolyp'], 'test_data_path': ['/root/neo_code/bkai-igh-neopolyp/test/test'], 'val_data_path': ['/root/neo_code_reco/bkai-igh-neopolyp']}, 'model': {'num_classes': 3, 'save_dir': '/root/neo_code_reco/configs/checkpoint_mb_with_local', 'backbone': 'MiT-B3', 'head': 'FaPNHead', 'pretrained': 'mit_b3.pth'}, 'optimizer': {'name': 'adam', 'lr': 0.0001, 'clip': 0.5, 'scheduler': 'cosine_warmup', 'loss': 'multi_structure_loss'}, 'dev': 'cuda', 'train': {'start_from': 0, 'save_from': 99, 'num_epochs': 100, 'num_warmup_epoch': 8, 'is_val': False, 'size_rates': [0.75, 1, 1.25], 'dataloader': {'batchsize': 8, 'img_size': 384, 'shuffle': True, 'num_workers': 4, 'pin_memory': True, 'drop_last': True}, 'amp': False, 'ddp': False, 'augment': {'prob': 1, 'Flip_prob': 0.5, 'HueSaturationValue_prob': 0.5, 'RandomBrightnessContrast_prob': 0.5, 'crop_prob': 0.0, 'randomrotate90_prob': 0.5, 'ColorJitter_prob': 0.5}, 'augment_weak': {'prob': 1, 'Flip_prob': 0.5}}, 'val': {'dataloader': {'batchsize': 8, 'img_size': 384, 'shuffle': True, 'num_workers': 4, 'pin_memory': True, 'drop_last': False}}, 'test': {'dev': 'cuda', 'visualize': True, 'visualize_dir': '/root/neo_code_reco/neo_visualize', 'vis_x': 180, 'vis_overwrite': False, 'checkpoint_dir': '/root/neo_code_reco/configs/checkpoint_mb/MiT-B3-FaPNHead_100.pth', 'dataloader': {'batchsize': 1, 'img_size': 384, 'shuffle': True, 'num_workers': 4, 'pin_memory': True, 'drop_last': False}, 'augment': {'prob': 1, 'Flip_prob': 0, 'HueSaturationValue_prob': 0, 'RandomBrightnessContrast_prob': 0, 'crop_prob': 0, 'randomrotate90_prob': 0, 'elastictransform_prob': 0, 'gridistortion_prob': 0, 'opticaldistortion_prob': 0, 'verticalflip_prob': 0, 'horizontalflip_prob': 0, 'randomgamma_prob': 0, 'CoarseDropout_prob': 0, 'RGBShift_prob': 0, 'MotionBlur_prob': 0, 'MedianBlur_prob': 0, 'GaussianBlur_prob': 0, 'GaussNoise_prob': 0, 'ChannelShuffle_prob': 0}}}
2023-06-03 23:36:12.490 | INFO     | __main__:main:59 - Getting datapath
2023-06-03 23:36:12.501 | INFO     | __main__:main:74 - There are 1000 images to train
2023-06-03 23:36:12.502 | INFO     | __main__:main:93 - Train model with no valid dataset
2023-06-03 23:36:12.502 | INFO     | __main__:main:95 - Loading data
2023-06-03 23:36:12.960 | INFO     | __main__:main:112 - 125 batches to train
2023-06-03 23:36:12.961 | INFO     | __main__:main:125 - Loading model
2023-06-03 23:36:12.961 | INFO     | __main__:main:146 - Loading checkpoint from mit_b3.pth ...
2023-06-03 23:36:19.199 | INFO     | __main__:main:190 - Training with FP32 ...
2023-06-03 23:41:41.833 | INFO     | trainer:train_loop:183 - Epoch: [1/ 100] | Train loss: [1.8805925207138061]
2023-06-03 23:47:02.663 | INFO     | trainer:train_loop:183 - Epoch: [2/ 100] | Train loss: [0.8588896799087524]
2023-06-03 23:52:23.173 | INFO     | trainer:train_loop:183 - Epoch: [3/ 100] | Train loss: [0.7217727513313293]
2023-06-03 23:57:47.093 | INFO     | trainer:train_loop:183 - Epoch: [4/ 100] | Train loss: [0.6344186301231385]
2023-06-04 00:03:09.149 | INFO     | trainer:train_loop:183 - Epoch: [5/ 100] | Train loss: [0.5834754784107208]
2023-06-04 00:08:29.595 | INFO     | trainer:train_loop:183 - Epoch: [6/ 100] | Train loss: [0.44853152084350584]
2023-06-04 00:13:50.702 | INFO     | trainer:train_loop:183 - Epoch: [7/ 100] | Train loss: [0.6149967647790909]
2023-06-04 00:19:12.400 | INFO     | trainer:train_loop:183 - Epoch: [8/ 100] | Train loss: [0.5902063076496125]
2023-06-04 00:24:34.265 | INFO     | trainer:train_loop:183 - Epoch: [9/ 100] | Train loss: [0.49776933062076567]
2023-06-04 00:29:54.397 | INFO     | trainer:train_loop:183 - Epoch: [10/ 100] | Train loss: [0.45419867300987243]
2023-06-04 00:35:16.115 | INFO     | trainer:train_loop:183 - Epoch: [11/ 100] | Train loss: [0.42235681545734405]
2023-06-04 00:40:37.095 | INFO     | trainer:train_loop:183 - Epoch: [12/ 100] | Train loss: [0.3979570228457451]
2023-06-04 00:45:59.179 | INFO     | trainer:train_loop:183 - Epoch: [13/ 100] | Train loss: [0.38172793740034106]
2023-06-04 00:51:21.180 | INFO     | trainer:train_loop:183 - Epoch: [14/ 100] | Train loss: [0.3782544721364975]
2023-06-04 00:56:44.187 | INFO     | trainer:train_loop:183 - Epoch: [15/ 100] | Train loss: [0.36336522722244263]
2023-06-04 01:02:06.346 | INFO     | trainer:train_loop:183 - Epoch: [16/ 100] | Train loss: [0.33719714003801343]
2023-06-04 01:07:29.552 | INFO     | trainer:train_loop:183 - Epoch: [17/ 100] | Train loss: [0.32150475388765337]
2023-06-04 01:12:52.797 | INFO     | trainer:train_loop:183 - Epoch: [18/ 100] | Train loss: [0.3022487835288048]
2023-06-04 01:18:14.123 | INFO     | trainer:train_loop:183 - Epoch: [19/ 100] | Train loss: [0.27744816985726356]
2023-06-04 01:23:35.146 | INFO     | trainer:train_loop:183 - Epoch: [20/ 100] | Train loss: [0.26394699624180795]
2023-06-04 01:28:57.342 | INFO     | trainer:train_loop:183 - Epoch: [21/ 100] | Train loss: [0.25320262005925176]
2023-06-04 01:34:18.079 | INFO     | trainer:train_loop:183 - Epoch: [22/ 100] | Train loss: [0.24542027148604392]
2023-06-04 01:39:41.050 | INFO     | trainer:train_loop:183 - Epoch: [23/ 100] | Train loss: [0.23726338812708855]
2023-06-04 01:45:03.375 | INFO     | trainer:train_loop:183 - Epoch: [24/ 100] | Train loss: [0.2222216590344906]
2023-06-04 01:50:27.458 | INFO     | trainer:train_loop:183 - Epoch: [25/ 100] | Train loss: [0.20029886102676392]
2023-06-04 01:55:50.551 | INFO     | trainer:train_loop:183 - Epoch: [26/ 100] | Train loss: [0.19602579659223557]
2023-06-04 02:01:13.278 | INFO     | trainer:train_loop:183 - Epoch: [27/ 100] | Train loss: [0.19750743460655212]
2023-06-04 02:06:35.578 | INFO     | trainer:train_loop:183 - Epoch: [28/ 100] | Train loss: [0.1932594037055969]
2023-06-04 02:11:59.531 | INFO     | trainer:train_loop:183 - Epoch: [29/ 100] | Train loss: [0.181176810413599]
2023-06-04 02:17:22.194 | INFO     | trainer:train_loop:183 - Epoch: [30/ 100] | Train loss: [0.1743796089887619]
2023-06-04 02:22:43.168 | INFO     | trainer:train_loop:183 - Epoch: [31/ 100] | Train loss: [0.1955260599255562]
2023-06-04 02:28:08.251 | INFO     | trainer:train_loop:183 - Epoch: [32/ 100] | Train loss: [0.19370969796180726]
2023-06-04 02:33:32.215 | INFO     | trainer:train_loop:183 - Epoch: [33/ 100] | Train loss: [0.17693337994813918]
2023-06-04 02:38:54.822 | INFO     | trainer:train_loop:183 - Epoch: [34/ 100] | Train loss: [0.1627944173812866]
2023-06-04 02:44:18.732 | INFO     | trainer:train_loop:183 - Epoch: [35/ 100] | Train loss: [0.16068827563524246]
2023-06-04 02:49:41.335 | INFO     | trainer:train_loop:183 - Epoch: [36/ 100] | Train loss: [0.1602550449371338]
2023-06-04 02:55:04.321 | INFO     | trainer:train_loop:183 - Epoch: [37/ 100] | Train loss: [0.26465899538993837]
2023-06-04 03:00:28.163 | INFO     | trainer:train_loop:183 - Epoch: [38/ 100] | Train loss: [0.2467404914200306]
2023-06-04 03:05:52.004 | INFO     | trainer:train_loop:183 - Epoch: [39/ 100] | Train loss: [0.17190265649557113]
2023-06-04 03:11:15.475 | INFO     | trainer:train_loop:183 - Epoch: [40/ 100] | Train loss: [0.1517465362250805]
2023-06-04 03:16:38.242 | INFO     | trainer:train_loop:183 - Epoch: [41/ 100] | Train loss: [0.15389778450131417]
2023-06-04 03:22:02.713 | INFO     | trainer:train_loop:183 - Epoch: [42/ 100] | Train loss: [0.1371641747057438]
2023-06-04 03:27:24.368 | INFO     | trainer:train_loop:183 - Epoch: [43/ 100] | Train loss: [0.12617901334166526]
2023-06-04 03:32:48.317 | INFO     | trainer:train_loop:183 - Epoch: [44/ 100] | Train loss: [0.12347606292366982]
2023-06-04 03:38:13.573 | INFO     | trainer:train_loop:183 - Epoch: [45/ 100] | Train loss: [0.11760306775569916]
2023-06-04 03:43:38.379 | INFO     | trainer:train_loop:183 - Epoch: [46/ 100] | Train loss: [0.11931085702776908]
2023-06-04 03:49:02.484 | INFO     | trainer:train_loop:183 - Epoch: [47/ 100] | Train loss: [0.11704966306686401]
2023-06-04 03:54:24.778 | INFO     | trainer:train_loop:183 - Epoch: [48/ 100] | Train loss: [0.11606390425562858]
2023-06-04 03:59:50.028 | INFO     | trainer:train_loop:183 - Epoch: [49/ 100] | Train loss: [0.10707196426391602]
2023-06-04 04:05:14.978 | INFO     | trainer:train_loop:183 - Epoch: [50/ 100] | Train loss: [0.11210820305347442]
2023-06-04 04:10:38.685 | INFO     | trainer:train_loop:183 - Epoch: [51/ 100] | Train loss: [0.10418164132535458]
2023-06-04 04:16:02.554 | INFO     | trainer:train_loop:183 - Epoch: [52/ 100] | Train loss: [0.10007899278402328]
2023-06-04 04:21:27.201 | INFO     | trainer:train_loop:183 - Epoch: [53/ 100] | Train loss: [0.09651286539435387]
2023-06-04 04:26:50.838 | INFO     | trainer:train_loop:183 - Epoch: [54/ 100] | Train loss: [0.09047993694245815]
2023-06-04 04:32:13.753 | INFO     | trainer:train_loop:183 - Epoch: [55/ 100] | Train loss: [0.08948927447199821]
2023-06-04 04:37:35.021 | INFO     | trainer:train_loop:183 - Epoch: [56/ 100] | Train loss: [0.08952458456158638]
2023-06-04 04:42:57.797 | INFO     | trainer:train_loop:183 - Epoch: [57/ 100] | Train loss: [0.08810088531672955]
2023-06-04 04:48:22.737 | INFO     | trainer:train_loop:183 - Epoch: [58/ 100] | Train loss: [0.08756274145841599]
2023-06-04 04:53:46.687 | INFO     | trainer:train_loop:183 - Epoch: [59/ 100] | Train loss: [0.07935148736834526]
2023-06-04 04:59:09.262 | INFO     | trainer:train_loop:183 - Epoch: [60/ 100] | Train loss: [0.09485639096796512]
2023-06-04 05:04:34.102 | INFO     | trainer:train_loop:183 - Epoch: [61/ 100] | Train loss: [0.08170670852065086]
2023-06-04 05:09:58.604 | INFO     | trainer:train_loop:183 - Epoch: [62/ 100] | Train loss: [0.08552993716299534]
2023-06-04 05:15:23.367 | INFO     | trainer:train_loop:183 - Epoch: [63/ 100] | Train loss: [0.08974955552816391]
2023-06-04 05:20:48.656 | INFO     | trainer:train_loop:183 - Epoch: [64/ 100] | Train loss: [0.07871419490873814]
2023-06-04 05:26:12.160 | INFO     | trainer:train_loop:183 - Epoch: [65/ 100] | Train loss: [0.08592633421719074]
2023-06-04 05:31:35.056 | INFO     | trainer:train_loop:183 - Epoch: [66/ 100] | Train loss: [0.08051298013329505]
2023-06-04 05:36:59.290 | INFO     | trainer:train_loop:183 - Epoch: [67/ 100] | Train loss: [0.07562349230051041]
2023-06-04 05:42:23.511 | INFO     | trainer:train_loop:183 - Epoch: [68/ 100] | Train loss: [0.06836453858017921]
2023-06-04 05:47:46.715 | INFO     | trainer:train_loop:183 - Epoch: [69/ 100] | Train loss: [0.06567944206297398]
2023-06-04 05:53:09.703 | INFO     | trainer:train_loop:183 - Epoch: [70/ 100] | Train loss: [0.07363868518173694]
2023-06-04 05:58:32.604 | INFO     | trainer:train_loop:183 - Epoch: [71/ 100] | Train loss: [0.06033613188564777]
2023-06-04 06:03:57.642 | INFO     | trainer:train_loop:183 - Epoch: [72/ 100] | Train loss: [0.06573993664979935]
2023-06-04 06:09:19.379 | INFO     | trainer:train_loop:183 - Epoch: [73/ 100] | Train loss: [0.06432848417758942]
2023-06-04 06:14:42.548 | INFO     | trainer:train_loop:183 - Epoch: [74/ 100] | Train loss: [0.058134004428982734]
2023-06-04 06:20:05.821 | INFO     | trainer:train_loop:183 - Epoch: [75/ 100] | Train loss: [0.0596900314539671]
2023-06-04 06:25:27.074 | INFO     | trainer:train_loop:183 - Epoch: [76/ 100] | Train loss: [0.05641679212450981]
2023-06-04 06:30:49.702 | INFO     | trainer:train_loop:183 - Epoch: [77/ 100] | Train loss: [0.05771026402711868]
2023-06-04 06:36:13.894 | INFO     | trainer:train_loop:183 - Epoch: [78/ 100] | Train loss: [0.06361936917901038]
2023-06-04 06:41:37.246 | INFO     | trainer:train_loop:183 - Epoch: [79/ 100] | Train loss: [0.06425056537985802]
2023-06-04 06:47:01.292 | INFO     | trainer:train_loop:183 - Epoch: [80/ 100] | Train loss: [0.05580079433321953]
2023-06-04 06:52:26.619 | INFO     | trainer:train_loop:183 - Epoch: [81/ 100] | Train loss: [0.05552876427769661]
2023-06-04 06:57:48.517 | INFO     | trainer:train_loop:183 - Epoch: [82/ 100] | Train loss: [0.05186190018057823]
2023-06-04 07:03:11.057 | INFO     | trainer:train_loop:183 - Epoch: [83/ 100] | Train loss: [0.05355731950700283]
2023-06-04 07:08:34.853 | INFO     | trainer:train_loop:183 - Epoch: [84/ 100] | Train loss: [0.05111130355298519]
2023-06-04 07:14:00.441 | INFO     | trainer:train_loop:183 - Epoch: [85/ 100] | Train loss: [0.050911692410707476]
2023-06-04 07:19:23.423 | INFO     | trainer:train_loop:183 - Epoch: [86/ 100] | Train loss: [0.05213129910826683]
2023-06-04 07:24:47.151 | INFO     | trainer:train_loop:183 - Epoch: [87/ 100] | Train loss: [0.04957181303203106]
2023-06-04 07:30:10.187 | INFO     | trainer:train_loop:183 - Epoch: [88/ 100] | Train loss: [0.04792892833054066]
2023-06-04 07:35:33.579 | INFO     | trainer:train_loop:183 - Epoch: [89/ 100] | Train loss: [0.04621557527780533]
2023-06-04 07:40:55.546 | INFO     | trainer:train_loop:183 - Epoch: [90/ 100] | Train loss: [0.04812933622300625]
2023-06-04 07:46:19.218 | INFO     | trainer:train_loop:183 - Epoch: [91/ 100] | Train loss: [0.0465600691139698]
2023-06-04 07:51:43.263 | INFO     | trainer:train_loop:183 - Epoch: [92/ 100] | Train loss: [0.04481069341301918]
2023-06-04 07:57:05.034 | INFO     | trainer:train_loop:183 - Epoch: [93/ 100] | Train loss: [0.047937367022037505]
2023-06-04 08:02:28.366 | INFO     | trainer:train_loop:183 - Epoch: [94/ 100] | Train loss: [0.0449482344686985]
2023-06-04 08:07:51.055 | INFO     | trainer:train_loop:183 - Epoch: [95/ 100] | Train loss: [0.04555830134451389]
2023-06-04 08:13:15.713 | INFO     | trainer:train_loop:183 - Epoch: [96/ 100] | Train loss: [0.042239751666784286]
2023-06-04 08:18:37.268 | INFO     | trainer:train_loop:183 - Epoch: [97/ 100] | Train loss: [0.0436430702060461]
2023-06-04 08:23:59.944 | INFO     | trainer:train_loop:183 - Epoch: [98/ 100] | Train loss: [0.04444506138563156]
2023-06-04 08:29:24.787 | INFO     | trainer:train_loop:183 - Epoch: [99/ 100] | Train loss: [0.04040388503670692]
2023-06-04 08:34:47.557 | INFO     | trainer:train_loop:183 - Epoch: [100/ 100] | Train loss: [0.045771569788455965]
2023-06-04 08:34:47.880 | INFO     | trainer:train_loop:195 - [Saving Snapshot:]/root/neo_code_reco/configs/checkpoint_mb_with_local/MiT-B3-FaPNHead_100.pth
2023-06-04 08:34:47.881 | INFO     | trainer:train_loop:204 - Training cost: 32306.989023067057seconds
