2022-08-01 16:16:06.839 | INFO     | __main__:main:57 - Load config from configs/neo_small.yaml
2022-08-01 16:16:06.839 | INFO     | __main__:main:58 - {'dataset': {'data_path': '/home/s/hungpv/polyps/dataset', 'train_data_path': ['/home/s/hungpv/polyps/dataset/neo_small/train'], 'test_data_path': ['/home/s/hungpv/polyps/dataset/neo_small/test'], 'val_data_path': ['/home/s/hungpv/polyps/dataset/neo_small/test']}, 'model': {'num_classes': 3, 'save_dir': '/home/s/hungpv/polyps/checkpoint/neo/neo_small_v1', 'backbone': 'MiT-B3', 'head': 'UPerHead', 'pretrained': '/home/s/hungpv/polyps/pretrained_models/mit_b3.pth'}, 'optimizer': {'name': 'adam', 'lr': 0.0001, 'clip': 0.5, 'scheduler': 'cosine_warmup', 'loss': 'CustomLoss'}, 'dev': 'cuda', 'train': {'start_from': 0, 'save_from': 59, 'num_epochs': 60, 'num_warmup_epoch': 4, 'is_val': False, 'size_rates': [0.75, 1, 1.25], 'dataloader': {'batchsize': 16, 'img_size': 384, 'shuffle': True, 'num_workers': 4, 'pin_memory': True, 'drop_last': True}, 'amp': False, 'ddp': False, 'augment': {'prob': 1, 'Flip_prob': 0.5, 'HueSaturationValue_prob': 0.5, 'RandomBrightnessContrast_prob': 0.5, 'crop_prob': 0.0, 'randomrotate90_prob': 0.5, 'ColorJitter_prob': 0.5}}, 'val': {'dataloader': {'batchsize': 8, 'img_size': 352, 'shuffle': True, 'num_workers': 4, 'pin_memory': True, 'drop_last': False}}, 'test': {'dev': 'cuda', 'visualize': True, 'visualize_dir': '/home/s/hungpv/polyps/neo_visualize', 'vis_x': 180, 'vis_overwrite': False, 'checkpoint_dir': '/home/s/hungpv/polyps/checkpoint/neo/neo_large_v4/MiT-B3-UPerHead_60.pth', 'dataloader': {'batchsize': 1, 'img_size': 384, 'shuffle': True, 'num_workers': 4, 'pin_memory': True, 'drop_last': False}, 'augment': {'prob': 1, 'Flip_prob': 0, 'HueSaturationValue_prob': 0, 'RandomBrightnessContrast_prob': 0, 'crop_prob': 0, 'randomrotate90_prob': 0, 'elastictransform_prob': 0, 'gridistortion_prob': 0, 'opticaldistortion_prob': 0, 'verticalflip_prob': 0, 'horizontalflip_prob': 0, 'randomgamma_prob': 0, 'CoarseDropout_prob': 0, 'RGBShift_prob': 0, 'MotionBlur_prob': 0, 'MedianBlur_prob': 0, 'GaussianBlur_prob': 0, 'GaussNoise_prob': 0, 'ChannelShuffle_prob': 0}}}
2022-08-01 16:16:06.839 | INFO     | __main__:main:59 - Getting datapath
2022-08-01 16:16:06.844 | INFO     | __main__:main:74 - There are 1000 images to train
2022-08-01 16:16:06.845 | INFO     | __main__:main:93 - Train model with no valid dataset
2022-08-01 16:16:06.845 | INFO     | __main__:main:95 - Loading data
2022-08-01 16:16:06.927 | INFO     | __main__:main:109 - 62 batches to train
2022-08-01 16:16:06.927 | INFO     | __main__:main:122 - Loading model
2022-08-01 16:16:06.927 | INFO     | __main__:main:143 - Loading checkpoint from /home/s/hungpv/polyps/pretrained_models/mit_b3.pth ...
2022-08-01 16:16:09.984 | INFO     | __main__:main:187 - Training with FP32 ...
2022-08-01 16:17:38.714 | INFO     | tools.trainer:train_loop:124 - Epoch: [1/ 60] | Train loss: [5.810665207524454]
2022-08-01 16:19:06.486 | INFO     | tools.trainer:train_loop:124 - Epoch: [2/ 60] | Train loss: [1.4528055815927443]
2022-08-01 16:20:34.506 | INFO     | tools.trainer:train_loop:124 - Epoch: [3/ 60] | Train loss: [0.8050372912999122]
2022-08-01 16:22:02.679 | INFO     | tools.trainer:train_loop:124 - Epoch: [4/ 60] | Train loss: [0.8923083880255299]
2022-08-01 16:23:30.974 | INFO     | tools.trainer:train_loop:124 - Epoch: [5/ 60] | Train loss: [0.6400677292577682]
2022-08-01 16:24:59.473 | INFO     | tools.trainer:train_loop:124 - Epoch: [6/ 60] | Train loss: [0.51572813045594]
2022-08-01 16:26:27.806 | INFO     | tools.trainer:train_loop:124 - Epoch: [7/ 60] | Train loss: [0.43839167587218747]
2022-08-01 16:27:56.504 | INFO     | tools.trainer:train_loop:124 - Epoch: [8/ 60] | Train loss: [0.3664097139431584]
2022-08-01 16:29:24.981 | INFO     | tools.trainer:train_loop:124 - Epoch: [9/ 60] | Train loss: [0.37152543784149233]
2022-08-01 16:30:54.218 | INFO     | tools.trainer:train_loop:124 - Epoch: [10/ 60] | Train loss: [0.29287113105097123]
2022-08-01 16:32:22.442 | INFO     | tools.trainer:train_loop:124 - Epoch: [11/ 60] | Train loss: [0.2768029755642337]
2022-08-01 16:33:51.744 | INFO     | tools.trainer:train_loop:124 - Epoch: [12/ 60] | Train loss: [0.24929261892553298]
2022-08-01 16:35:20.101 | INFO     | tools.trainer:train_loop:124 - Epoch: [13/ 60] | Train loss: [0.26309660738033636]
2022-08-01 16:36:50.467 | INFO     | tools.trainer:train_loop:124 - Epoch: [14/ 60] | Train loss: [0.216604997914645]
2022-08-01 16:38:19.013 | INFO     | tools.trainer:train_loop:124 - Epoch: [15/ 60] | Train loss: [0.21823594178403577]
2022-08-01 16:39:48.098 | INFO     | tools.trainer:train_loop:124 - Epoch: [16/ 60] | Train loss: [0.1945445143407391]
2022-08-01 16:41:17.077 | INFO     | tools.trainer:train_loop:124 - Epoch: [17/ 60] | Train loss: [0.19050144596445945]
2022-08-01 16:42:46.581 | INFO     | tools.trainer:train_loop:124 - Epoch: [18/ 60] | Train loss: [0.18382121262050444]
2022-08-01 16:44:15.284 | INFO     | tools.trainer:train_loop:124 - Epoch: [19/ 60] | Train loss: [0.2164904635039068]
2022-08-01 16:45:45.213 | INFO     | tools.trainer:train_loop:124 - Epoch: [20/ 60] | Train loss: [0.23119841612154438]
2022-08-01 16:47:13.894 | INFO     | tools.trainer:train_loop:124 - Epoch: [21/ 60] | Train loss: [0.30421007016012747]
2022-08-01 16:48:44.441 | INFO     | tools.trainer:train_loop:124 - Epoch: [22/ 60] | Train loss: [0.2549846102633784]
2022-08-01 16:50:12.778 | INFO     | tools.trainer:train_loop:124 - Epoch: [23/ 60] | Train loss: [0.2284117292973303]
2022-08-01 16:51:42.111 | INFO     | tools.trainer:train_loop:124 - Epoch: [24/ 60] | Train loss: [0.177276348154391]
2022-08-01 16:53:12.279 | INFO     | tools.trainer:train_loop:124 - Epoch: [25/ 60] | Train loss: [0.16782439001385244]
2022-08-01 16:54:41.275 | INFO     | tools.trainer:train_loop:124 - Epoch: [26/ 60] | Train loss: [0.16834666603995907]
2022-08-01 16:56:12.015 | INFO     | tools.trainer:train_loop:124 - Epoch: [27/ 60] | Train loss: [0.13802704647664102]
2022-08-01 16:57:40.906 | INFO     | tools.trainer:train_loop:124 - Epoch: [28/ 60] | Train loss: [0.12598080518505267]
2022-08-01 16:59:09.756 | INFO     | tools.trainer:train_loop:124 - Epoch: [29/ 60] | Train loss: [0.1354729009852294]
2022-08-01 17:00:40.028 | INFO     | tools.trainer:train_loop:124 - Epoch: [30/ 60] | Train loss: [0.1366835680579947]
2022-08-01 17:02:08.670 | INFO     | tools.trainer:train_loop:124 - Epoch: [31/ 60] | Train loss: [0.11520822286125153]
2022-08-01 17:03:40.262 | INFO     | tools.trainer:train_loop:124 - Epoch: [32/ 60] | Train loss: [0.10653315136028875]
2022-08-01 17:05:08.740 | INFO     | tools.trainer:train_loop:124 - Epoch: [33/ 60] | Train loss: [0.10198714578103635]
2022-08-01 17:06:38.165 | INFO     | tools.trainer:train_loop:124 - Epoch: [34/ 60] | Train loss: [0.12262210334020276]
2022-08-01 17:08:07.036 | INFO     | tools.trainer:train_loop:124 - Epoch: [35/ 60] | Train loss: [0.14646114078500577]
2022-08-01 17:09:37.402 | INFO     | tools.trainer:train_loop:124 - Epoch: [36/ 60] | Train loss: [0.11439223395239922]
2022-08-01 17:11:06.259 | INFO     | tools.trainer:train_loop:124 - Epoch: [37/ 60] | Train loss: [0.09993171127092454]
2022-08-01 17:12:37.228 | INFO     | tools.trainer:train_loop:124 - Epoch: [38/ 60] | Train loss: [0.10083380359555444]
2022-08-01 17:14:05.996 | INFO     | tools.trainer:train_loop:124 - Epoch: [39/ 60] | Train loss: [0.08600072766984662]
2022-08-01 17:15:36.511 | INFO     | tools.trainer:train_loop:124 - Epoch: [40/ 60] | Train loss: [0.08251819525274538]
2022-08-01 17:17:05.510 | INFO     | tools.trainer:train_loop:124 - Epoch: [41/ 60] | Train loss: [0.0709323561600139]
2022-08-01 17:18:34.851 | INFO     | tools.trainer:train_loop:124 - Epoch: [42/ 60] | Train loss: [0.07544608702582697]
2022-08-01 17:20:04.042 | INFO     | tools.trainer:train_loop:124 - Epoch: [43/ 60] | Train loss: [0.07171787294529137]
2022-08-01 17:21:34.221 | INFO     | tools.trainer:train_loop:124 - Epoch: [44/ 60] | Train loss: [0.062494505557321736]
2022-08-01 17:23:03.311 | INFO     | tools.trainer:train_loop:124 - Epoch: [45/ 60] | Train loss: [0.07460372567537331]
2022-08-01 17:24:32.814 | INFO     | tools.trainer:train_loop:124 - Epoch: [46/ 60] | Train loss: [0.07298246407580952]
2022-08-01 17:26:02.470 | INFO     | tools.trainer:train_loop:124 - Epoch: [47/ 60] | Train loss: [0.06653731718899743]
2022-08-01 17:27:32.017 | INFO     | tools.trainer:train_loop:124 - Epoch: [48/ 60] | Train loss: [0.07099479307690935]
2022-08-01 17:29:02.976 | INFO     | tools.trainer:train_loop:124 - Epoch: [49/ 60] | Train loss: [0.0600773936678325]
2022-08-01 17:30:33.830 | INFO     | tools.trainer:train_loop:124 - Epoch: [50/ 60] | Train loss: [0.0580375986173749]
2022-08-01 17:32:02.347 | INFO     | tools.trainer:train_loop:124 - Epoch: [51/ 60] | Train loss: [0.06474667949782263]
2022-08-01 17:33:32.690 | INFO     | tools.trainer:train_loop:124 - Epoch: [52/ 60] | Train loss: [0.05902605771177238]
2022-08-01 17:35:01.821 | INFO     | tools.trainer:train_loop:124 - Epoch: [53/ 60] | Train loss: [0.05437554037498851]
2022-08-01 17:36:31.036 | INFO     | tools.trainer:train_loop:124 - Epoch: [54/ 60] | Train loss: [0.05167432186464148]
2022-08-01 17:38:02.137 | INFO     | tools.trainer:train_loop:124 - Epoch: [55/ 60] | Train loss: [0.0473709475970076]
2022-08-01 17:39:30.628 | INFO     | tools.trainer:train_loop:124 - Epoch: [56/ 60] | Train loss: [0.05254106590103719]
2022-08-01 17:41:01.750 | INFO     | tools.trainer:train_loop:124 - Epoch: [57/ 60] | Train loss: [0.05190718546509743]
2022-08-01 17:42:30.462 | INFO     | tools.trainer:train_loop:124 - Epoch: [58/ 60] | Train loss: [0.05061333941956682]
2022-08-01 17:44:00.015 | INFO     | tools.trainer:train_loop:124 - Epoch: [59/ 60] | Train loss: [0.054529253483539625]
2022-08-01 17:45:30.266 | INFO     | tools.trainer:train_loop:124 - Epoch: [60/ 60] | Train loss: [0.04404072577674543]
2022-08-01 17:45:30.685 | INFO     | tools.trainer:train_loop:136 - [Saving Snapshot:]/home/s/hungpv/polyps/checkpoint/neo/neo_small_v1/MiT-B3-UPerHead_60.pth
2022-08-01 17:45:30.685 | INFO     | tools.trainer:train_loop:145 - Training cost: 5359.781005148077seconds
