2023-06-04 10:02:17.058 | INFO     | __main__:main:57 - Load config from configs/neo_small.yaml
2023-06-04 10:02:17.058 | INFO     | __main__:main:58 - {'dataset': {'data_path': '/root/neo_code_reco/bkai-igh-neopolyp', 'train_data_path': ['/root/neo_code_reco/bkai-igh-neopolyp'], 'test_data_path': ['/root/neo_code/bkai-igh-neopolyp/test/test'], 'val_data_path': ['/root/neo_code_reco/bkai-igh-neopolyp']}, 'model': {'num_classes': 3, 'save_dir': '/root/neo_code_reco/configs/checkpoint_mb_with_local', 'backbone': 'MiT-B3', 'head': 'FaPNHead', 'pretrained': 'mit_b3.pth'}, 'optimizer': {'name': 'adam', 'lr': 0.0001, 'clip': 0.5, 'scheduler': 'cosine_warmup', 'loss': 'multi_structure_loss'}, 'dev': 'cuda', 'train': {'start_from': 0, 'save_from': 99, 'num_epochs': 100, 'num_warmup_epoch': 8, 'is_val': False, 'size_rates': [0.75, 1, 1.25], 'dataloader': {'batchsize': 8, 'img_size': 384, 'shuffle': True, 'num_workers': 4, 'pin_memory': True, 'drop_last': True}, 'amp': False, 'ddp': False, 'augment': {'prob': 1, 'Flip_prob': 0.5, 'HueSaturationValue_prob': 0.5, 'RandomBrightnessContrast_prob': 0.5, 'crop_prob': 0.0, 'randomrotate90_prob': 0.5, 'ColorJitter_prob': 0.5}, 'augment_weak': {'prob': 1, 'Flip_prob': 0.5}}, 'val': {'dataloader': {'batchsize': 8, 'img_size': 384, 'shuffle': True, 'num_workers': 4, 'pin_memory': True, 'drop_last': False}}, 'test': {'dev': 'cuda', 'visualize': True, 'visualize_dir': '/root/neo_code_reco/neo_visualize', 'vis_x': 180, 'vis_overwrite': False, 'checkpoint_dir': '/root/neo_code_reco/configs/checkpoint_mb_with_local/MiT-B3-FaPNHead_100.pth', 'dataloader': {'batchsize': 1, 'img_size': 384, 'shuffle': True, 'num_workers': 4, 'pin_memory': True, 'drop_last': False}, 'augment': {'prob': 1, 'Flip_prob': 0, 'HueSaturationValue_prob': 0, 'RandomBrightnessContrast_prob': 0, 'crop_prob': 0, 'randomrotate90_prob': 0, 'elastictransform_prob': 0, 'gridistortion_prob': 0, 'opticaldistortion_prob': 0, 'verticalflip_prob': 0, 'horizontalflip_prob': 0, 'randomgamma_prob': 0, 'CoarseDropout_prob': 0, 'RGBShift_prob': 0, 'MotionBlur_prob': 0, 'MedianBlur_prob': 0, 'GaussianBlur_prob': 0, 'GaussNoise_prob': 0, 'ChannelShuffle_prob': 0}}}
2023-06-04 10:02:17.059 | INFO     | __main__:main:59 - Getting datapath
2023-06-04 10:02:17.066 | INFO     | __main__:main:74 - There are 1000 images to train
2023-06-04 10:02:17.066 | INFO     | __main__:main:93 - Train model with no valid dataset
2023-06-04 10:02:17.066 | INFO     | __main__:main:95 - Loading data
2023-06-04 10:02:17.430 | INFO     | __main__:main:112 - 125 batches to train
2023-06-04 10:02:17.430 | INFO     | __main__:main:125 - Loading model
2023-06-04 10:02:17.431 | INFO     | __main__:main:146 - Loading checkpoint from mit_b3.pth ...
2023-06-04 10:02:22.085 | INFO     | __main__:main:190 - Training with FP32 ...
2023-06-04 10:07:41.747 | INFO     | trainer:train_loop:183 - Epoch: [1/ 100] | Train loss: [1.5833133420944214]
2023-06-04 10:12:58.582 | INFO     | trainer:train_loop:183 - Epoch: [2/ 100] | Train loss: [0.6871527843475341]
2023-06-04 10:18:15.245 | INFO     | trainer:train_loop:183 - Epoch: [3/ 100] | Train loss: [0.6249811184406281]
2023-06-04 10:23:32.379 | INFO     | trainer:train_loop:183 - Epoch: [4/ 100] | Train loss: [0.4646217349767685]
2023-06-04 10:28:48.421 | INFO     | trainer:train_loop:183 - Epoch: [5/ 100] | Train loss: [0.40942960119247435]
2023-06-04 10:34:07.284 | INFO     | trainer:train_loop:183 - Epoch: [6/ 100] | Train loss: [0.3640853540897369]
2023-06-04 10:39:26.755 | INFO     | trainer:train_loop:183 - Epoch: [7/ 100] | Train loss: [0.39733769071102143]
2023-06-04 10:44:46.806 | INFO     | trainer:train_loop:183 - Epoch: [8/ 100] | Train loss: [0.3782715507745743]
2023-06-04 10:50:04.528 | INFO     | trainer:train_loop:183 - Epoch: [9/ 100] | Train loss: [0.35075285613536833]
2023-06-04 10:55:23.053 | INFO     | trainer:train_loop:183 - Epoch: [10/ 100] | Train loss: [0.3252154768705368]
2023-06-04 11:00:43.405 | INFO     | trainer:train_loop:183 - Epoch: [11/ 100] | Train loss: [0.3742384068965912]
2023-06-04 11:06:02.497 | INFO     | trainer:train_loop:183 - Epoch: [12/ 100] | Train loss: [0.30822247856855395]
2023-06-04 11:11:19.830 | INFO     | trainer:train_loop:183 - Epoch: [13/ 100] | Train loss: [0.24642976146936416]
2023-06-04 11:16:40.425 | INFO     | trainer:train_loop:183 - Epoch: [14/ 100] | Train loss: [0.21774524587392807]
2023-06-04 11:22:01.049 | INFO     | trainer:train_loop:183 - Epoch: [15/ 100] | Train loss: [0.19885273611545562]
2023-06-04 11:27:19.595 | INFO     | trainer:train_loop:183 - Epoch: [16/ 100] | Train loss: [0.19178896802663803]
2023-06-04 11:32:41.256 | INFO     | trainer:train_loop:183 - Epoch: [17/ 100] | Train loss: [0.16987752836942674]
2023-06-04 11:38:01.579 | INFO     | trainer:train_loop:183 - Epoch: [18/ 100] | Train loss: [0.16754226675629616]
2023-06-04 11:43:20.021 | INFO     | trainer:train_loop:183 - Epoch: [19/ 100] | Train loss: [0.16827270010113715]
2023-06-04 11:48:38.722 | INFO     | trainer:train_loop:183 - Epoch: [20/ 100] | Train loss: [0.16173416650295258]
2023-06-04 11:53:57.248 | INFO     | trainer:train_loop:183 - Epoch: [21/ 100] | Train loss: [0.14549776020646096]
2023-06-04 11:59:16.691 | INFO     | trainer:train_loop:183 - Epoch: [22/ 100] | Train loss: [0.14466642108559608]
2023-06-04 12:04:36.429 | INFO     | trainer:train_loop:183 - Epoch: [23/ 100] | Train loss: [0.14193263411521911]
2023-06-04 12:09:57.060 | INFO     | trainer:train_loop:183 - Epoch: [24/ 100] | Train loss: [0.1354068023264408]
2023-06-04 12:15:17.899 | INFO     | trainer:train_loop:183 - Epoch: [25/ 100] | Train loss: [0.11869740694761276]
2023-06-04 12:20:38.763 | INFO     | trainer:train_loop:183 - Epoch: [26/ 100] | Train loss: [0.11496978276968002]
2023-06-04 12:25:59.831 | INFO     | trainer:train_loop:183 - Epoch: [27/ 100] | Train loss: [0.11190389966964721]
2023-06-04 12:31:20.779 | INFO     | trainer:train_loop:183 - Epoch: [28/ 100] | Train loss: [0.09884411197900772]
2023-06-04 12:36:43.179 | INFO     | trainer:train_loop:183 - Epoch: [29/ 100] | Train loss: [0.10312799134850502]
2023-06-04 12:42:04.981 | INFO     | trainer:train_loop:183 - Epoch: [30/ 100] | Train loss: [0.102943698823452]
2023-06-04 12:47:26.385 | INFO     | trainer:train_loop:183 - Epoch: [31/ 100] | Train loss: [0.09789082553982735]
2023-06-04 12:52:47.563 | INFO     | trainer:train_loop:183 - Epoch: [32/ 100] | Train loss: [0.10855422306060791]
2023-06-04 12:58:06.099 | INFO     | trainer:train_loop:183 - Epoch: [33/ 100] | Train loss: [0.10525653004646301]
2023-06-04 13:03:25.964 | INFO     | trainer:train_loop:183 - Epoch: [34/ 100] | Train loss: [0.10453242349624634]
2023-06-04 13:08:45.725 | INFO     | trainer:train_loop:183 - Epoch: [35/ 100] | Train loss: [0.08871100422739983]
2023-06-04 13:14:06.965 | INFO     | trainer:train_loop:183 - Epoch: [36/ 100] | Train loss: [0.08486065576970578]
2023-06-04 13:19:28.443 | INFO     | trainer:train_loop:183 - Epoch: [37/ 100] | Train loss: [0.08550853127241134]
2023-06-04 13:24:51.325 | INFO     | trainer:train_loop:183 - Epoch: [38/ 100] | Train loss: [0.08080006784200669]
2023-06-04 13:30:15.351 | INFO     | trainer:train_loop:183 - Epoch: [39/ 100] | Train loss: [0.08135143381357193]
2023-06-04 13:35:38.396 | INFO     | trainer:train_loop:183 - Epoch: [40/ 100] | Train loss: [0.08469903948903083]
2023-06-04 13:41:02.062 | INFO     | trainer:train_loop:183 - Epoch: [41/ 100] | Train loss: [0.07486709845066071]
2023-06-04 13:46:26.079 | INFO     | trainer:train_loop:183 - Epoch: [42/ 100] | Train loss: [0.07167793087661266]
2023-06-04 13:51:48.013 | INFO     | trainer:train_loop:183 - Epoch: [43/ 100] | Train loss: [0.0733844891488552]
2023-06-04 13:57:09.966 | INFO     | trainer:train_loop:183 - Epoch: [44/ 100] | Train loss: [0.07093531054258347]
2023-06-04 14:02:32.887 | INFO     | trainer:train_loop:183 - Epoch: [45/ 100] | Train loss: [0.07535566198825837]
2023-06-04 14:07:56.163 | INFO     | trainer:train_loop:183 - Epoch: [46/ 100] | Train loss: [0.06786738526821136]
2023-06-04 14:13:18.110 | INFO     | trainer:train_loop:183 - Epoch: [47/ 100] | Train loss: [0.06970870223641396]
2023-06-04 14:18:39.292 | INFO     | trainer:train_loop:183 - Epoch: [48/ 100] | Train loss: [0.06199081426858902]
2023-06-04 14:24:04.328 | INFO     | trainer:train_loop:183 - Epoch: [49/ 100] | Train loss: [0.06412268114089965]
2023-06-04 14:29:31.383 | INFO     | trainer:train_loop:183 - Epoch: [50/ 100] | Train loss: [0.06602180497348309]
2023-06-04 14:34:57.427 | INFO     | trainer:train_loop:183 - Epoch: [51/ 100] | Train loss: [0.06422126971185207]
2023-06-04 14:40:21.378 | INFO     | trainer:train_loop:183 - Epoch: [52/ 100] | Train loss: [0.06687036725878716]
2023-06-04 14:45:45.325 | INFO     | trainer:train_loop:183 - Epoch: [53/ 100] | Train loss: [0.0640792869925499]
2023-06-04 14:51:11.201 | INFO     | trainer:train_loop:183 - Epoch: [54/ 100] | Train loss: [0.06346799521148205]
2023-06-04 14:56:34.735 | INFO     | trainer:train_loop:183 - Epoch: [55/ 100] | Train loss: [0.05861898204684258]
2023-06-04 15:01:58.747 | INFO     | trainer:train_loop:183 - Epoch: [56/ 100] | Train loss: [0.05666130404174328]
2023-06-04 15:07:22.822 | INFO     | trainer:train_loop:183 - Epoch: [57/ 100] | Train loss: [0.06249463836848736]
2023-06-04 15:12:46.315 | INFO     | trainer:train_loop:183 - Epoch: [58/ 100] | Train loss: [0.05431489840149879]
2023-06-04 15:18:10.578 | INFO     | trainer:train_loop:183 - Epoch: [59/ 100] | Train loss: [0.056713484689593315]
2023-06-04 15:23:35.622 | INFO     | trainer:train_loop:183 - Epoch: [60/ 100] | Train loss: [0.05154381969571114]
2023-06-04 15:29:04.589 | INFO     | trainer:train_loop:183 - Epoch: [61/ 100] | Train loss: [0.05594716754555702]
2023-06-04 15:34:29.426 | INFO     | trainer:train_loop:183 - Epoch: [62/ 100] | Train loss: [0.05256739135086536]
2023-06-04 15:39:54.852 | INFO     | trainer:train_loop:183 - Epoch: [63/ 100] | Train loss: [0.053560612499713896]
2023-06-04 15:45:18.731 | INFO     | trainer:train_loop:183 - Epoch: [64/ 100] | Train loss: [0.05307267387211323]
2023-06-04 15:50:43.626 | INFO     | trainer:train_loop:183 - Epoch: [65/ 100] | Train loss: [0.05555996640026569]
2023-06-04 15:56:07.493 | INFO     | trainer:train_loop:183 - Epoch: [66/ 100] | Train loss: [0.05212632930278778]
2023-06-04 16:01:32.693 | INFO     | trainer:train_loop:183 - Epoch: [67/ 100] | Train loss: [0.0537318729609251]
2023-06-04 16:06:54.646 | INFO     | trainer:train_loop:183 - Epoch: [68/ 100] | Train loss: [0.06172589248418808]
2023-06-04 16:12:16.479 | INFO     | trainer:train_loop:183 - Epoch: [69/ 100] | Train loss: [0.056799946367740634]
2023-06-04 16:17:41.905 | INFO     | trainer:train_loop:183 - Epoch: [70/ 100] | Train loss: [0.05022402833402157]
2023-06-04 16:23:05.620 | INFO     | trainer:train_loop:183 - Epoch: [71/ 100] | Train loss: [0.049105553075671195]
2023-06-04 16:28:27.949 | INFO     | trainer:train_loop:183 - Epoch: [72/ 100] | Train loss: [0.049251973137259486]
2023-06-04 16:33:51.168 | INFO     | trainer:train_loop:183 - Epoch: [73/ 100] | Train loss: [0.04892611916363239]
2023-06-04 16:39:15.822 | INFO     | trainer:train_loop:183 - Epoch: [74/ 100] | Train loss: [0.05060563951730728]
2023-06-04 16:44:38.000 | INFO     | trainer:train_loop:183 - Epoch: [75/ 100] | Train loss: [0.05074379727244377]
2023-06-04 16:49:59.993 | INFO     | trainer:train_loop:183 - Epoch: [76/ 100] | Train loss: [0.05241947875916958]
2023-06-04 16:55:27.157 | INFO     | trainer:train_loop:183 - Epoch: [77/ 100] | Train loss: [0.04808468542993069]
2023-06-04 17:00:49.830 | INFO     | trainer:train_loop:183 - Epoch: [78/ 100] | Train loss: [0.04977451378107071]
2023-06-04 17:06:12.846 | INFO     | trainer:train_loop:183 - Epoch: [79/ 100] | Train loss: [0.047994962349534036]
2023-06-04 17:11:38.202 | INFO     | trainer:train_loop:183 - Epoch: [80/ 100] | Train loss: [0.061194743275642394]
2023-06-04 17:17:04.795 | INFO     | trainer:train_loop:183 - Epoch: [81/ 100] | Train loss: [0.050601641789078715]
2023-06-04 17:22:28.713 | INFO     | trainer:train_loop:183 - Epoch: [82/ 100] | Train loss: [0.050645430862903594]
2023-06-04 17:27:52.354 | INFO     | trainer:train_loop:183 - Epoch: [83/ 100] | Train loss: [0.05170924440026283]
2023-06-04 17:33:14.344 | INFO     | trainer:train_loop:183 - Epoch: [84/ 100] | Train loss: [0.05038906262814999]
2023-06-04 17:38:41.000 | INFO     | trainer:train_loop:183 - Epoch: [85/ 100] | Train loss: [0.047678570345044136]
2023-06-04 17:44:04.600 | INFO     | trainer:train_loop:183 - Epoch: [86/ 100] | Train loss: [0.04811044545471668]
2023-06-04 17:49:24.035 | INFO     | trainer:train_loop:183 - Epoch: [87/ 100] | Train loss: [0.049754515260457995]
2023-06-04 17:54:48.779 | INFO     | trainer:train_loop:183 - Epoch: [88/ 100] | Train loss: [0.0490219863653183]
2023-06-04 18:00:11.109 | INFO     | trainer:train_loop:183 - Epoch: [89/ 100] | Train loss: [0.0456573918312788]
2023-06-04 18:05:37.387 | INFO     | trainer:train_loop:183 - Epoch: [90/ 100] | Train loss: [0.04486064736545086]
2023-06-04 18:11:01.404 | INFO     | trainer:train_loop:183 - Epoch: [91/ 100] | Train loss: [0.045926468849182125]
2023-06-04 18:16:25.459 | INFO     | trainer:train_loop:183 - Epoch: [92/ 100] | Train loss: [0.04498876725137234]
2023-06-04 18:21:47.959 | INFO     | trainer:train_loop:183 - Epoch: [93/ 100] | Train loss: [0.04603856563568115]
2023-06-04 18:27:10.842 | INFO     | trainer:train_loop:183 - Epoch: [94/ 100] | Train loss: [0.04571857711672783]
2023-06-04 18:32:32.570 | INFO     | trainer:train_loop:183 - Epoch: [95/ 100] | Train loss: [0.045015551030635835]
2023-06-04 18:37:55.459 | INFO     | trainer:train_loop:183 - Epoch: [96/ 100] | Train loss: [0.045648282527923585]
2023-06-04 18:43:19.447 | INFO     | trainer:train_loop:183 - Epoch: [97/ 100] | Train loss: [0.04547584253549576]
2023-06-04 18:48:40.948 | INFO     | trainer:train_loop:183 - Epoch: [98/ 100] | Train loss: [0.04704829446971417]
2023-06-04 18:54:04.493 | INFO     | trainer:train_loop:183 - Epoch: [99/ 100] | Train loss: [0.04569406108558178]
2023-06-04 18:59:27.903 | INFO     | trainer:train_loop:183 - Epoch: [100/ 100] | Train loss: [0.046659199327230456]
2023-06-04 18:59:28.375 | INFO     | trainer:train_loop:195 - [Saving Snapshot:]/root/neo_code_reco/configs/checkpoint_mb_with_local/MiT-B3-FaPNHead_100.pth
2023-06-04 18:59:28.376 | INFO     | trainer:train_loop:204 - Training cost: 32224.903772227466seconds
