2022-09-15 11:59:53.748 | INFO     | __main__:main:57 - Load config from configs/neo_small.yaml
2022-09-15 11:59:53.748 | INFO     | __main__:main:58 - {'dataset': {'data_path': '/home/s/hungpv/polyps/dataset', 'train_data_path': ['/home/s/hungpv/polyps/dataset/neo_small/train'], 'test_data_path': ['/home/s/hungpv/polyps/dataset/neo_small/test'], 'val_data_path': ['/home/s/hungpv/polyps/dataset/neo_small/test']}, 'model': {'num_classes': 3, 'save_dir': '/home/s/hungpv/polyps/checkpoint/neo/neo_small_v1', 'backbone': 'MiT-B3', 'head': 'FaPNHead', 'pretrained': '/home/s/hungpv/polyps/pretrained_models/mit_b3.pth'}, 'optimizer': {'name': 'adam', 'lr': 0.0001, 'clip': 0.5, 'scheduler': 'cosine_warmup', 'loss': 'multi_structure_loss'}, 'dev': 'cuda', 'train': {'start_from': 0, 'save_from': 99, 'num_epochs': 100, 'num_warmup_epoch': 8, 'is_val': False, 'size_rates': [0.75, 1, 1.25], 'dataloader': {'batchsize': 16, 'img_size': 384, 'shuffle': True, 'num_workers': 4, 'pin_memory': True, 'drop_last': True}, 'amp': False, 'ddp': False, 'augment': {'prob': 1, 'Flip_prob': 0.5, 'HueSaturationValue_prob': 0.5, 'RandomBrightnessContrast_prob': 0.5, 'crop_prob': 0.0, 'randomrotate90_prob': 0.5, 'ColorJitter_prob': 0.5}}, 'val': {'dataloader': {'batchsize': 8, 'img_size': 384, 'shuffle': True, 'num_workers': 4, 'pin_memory': True, 'drop_last': False}}, 'test': {'dev': 'cuda', 'visualize': True, 'visualize_dir': '/home/s/hungpv/polyps/neo_visualize', 'vis_x': 180, 'vis_overwrite': False, 'checkpoint_dir': '/home/s/hungpv/polyps/checkpoint/neo/neo_small_v2/MiT-B3-FaPNHead_100.pth', 'dataloader': {'batchsize': 1, 'img_size': 384, 'shuffle': True, 'num_workers': 4, 'pin_memory': True, 'drop_last': False}, 'augment': {'prob': 1, 'Flip_prob': 0, 'HueSaturationValue_prob': 0, 'RandomBrightnessContrast_prob': 0, 'crop_prob': 0, 'randomrotate90_prob': 0, 'elastictransform_prob': 0, 'gridistortion_prob': 0, 'opticaldistortion_prob': 0, 'verticalflip_prob': 0, 'horizontalflip_prob': 0, 'randomgamma_prob': 0, 'CoarseDropout_prob': 0, 'RGBShift_prob': 0, 'MotionBlur_prob': 0, 'MedianBlur_prob': 0, 'GaussianBlur_prob': 0, 'GaussNoise_prob': 0, 'ChannelShuffle_prob': 0}}}
2022-09-15 11:59:53.748 | INFO     | __main__:main:59 - Getting datapath
2022-09-15 11:59:53.753 | INFO     | __main__:main:74 - There are 1000 images to train
2022-09-15 11:59:53.755 | INFO     | __main__:main:93 - Train model with no valid dataset
2022-09-15 11:59:53.755 | INFO     | __main__:main:95 - Loading data
2022-09-15 11:59:53.836 | INFO     | __main__:main:109 - 62 batches to train
2022-09-15 11:59:53.837 | INFO     | __main__:main:122 - Loading model
2022-09-15 11:59:53.837 | INFO     | __main__:main:143 - Loading checkpoint from /home/s/hungpv/polyps/pretrained_models/mit_b3.pth ...
2022-09-15 11:59:56.945 | INFO     | __main__:main:187 - Training with FP32 ...
2022-09-15 12:01:28.941 | INFO     | tools.trainer:train_loop:126 - Epoch: [1/ 100] | Train loss: [2.403233012845439]
2022-09-15 12:02:59.490 | INFO     | tools.trainer:train_loop:126 - Epoch: [2/ 100] | Train loss: [1.1428111176336966]
2022-09-15 12:04:30.629 | INFO     | tools.trainer:train_loop:126 - Epoch: [3/ 100] | Train loss: [0.8340965893960768]
2022-09-15 12:06:01.903 | INFO     | tools.trainer:train_loop:126 - Epoch: [4/ 100] | Train loss: [0.6664766871160076]
2022-09-15 12:07:33.061 | INFO     | tools.trainer:train_loop:126 - Epoch: [5/ 100] | Train loss: [0.6020471520962254]
2022-09-15 12:09:05.843 | INFO     | tools.trainer:train_loop:126 - Epoch: [6/ 100] | Train loss: [0.5553435966853173]
2022-09-15 12:10:37.271 | INFO     | tools.trainer:train_loop:126 - Epoch: [7/ 100] | Train loss: [0.5317931752051076]
2022-09-15 12:12:10.168 | INFO     | tools.trainer:train_loop:126 - Epoch: [8/ 100] | Train loss: [0.5298859779873202]
2022-09-15 12:13:43.221 | INFO     | tools.trainer:train_loop:126 - Epoch: [9/ 100] | Train loss: [0.4499771022988904]
2022-09-15 12:15:15.685 | INFO     | tools.trainer:train_loop:126 - Epoch: [10/ 100] | Train loss: [0.47015384031880286]
2022-09-15 12:16:49.633 | INFO     | tools.trainer:train_loop:126 - Epoch: [11/ 100] | Train loss: [0.38158679681439556]
2022-09-15 12:18:23.535 | INFO     | tools.trainer:train_loop:126 - Epoch: [12/ 100] | Train loss: [0.32853685343457806]
2022-09-15 12:19:56.615 | INFO     | tools.trainer:train_loop:126 - Epoch: [13/ 100] | Train loss: [0.29445263623229917]
2022-09-15 12:21:30.302 | INFO     | tools.trainer:train_loop:126 - Epoch: [14/ 100] | Train loss: [0.24779212090276903]
2022-09-15 12:23:03.800 | INFO     | tools.trainer:train_loop:126 - Epoch: [15/ 100] | Train loss: [0.25536101708008396]
2022-09-15 12:24:38.809 | INFO     | tools.trainer:train_loop:126 - Epoch: [16/ 100] | Train loss: [0.24685695478993078]
2022-09-15 12:26:13.549 | INFO     | tools.trainer:train_loop:126 - Epoch: [17/ 100] | Train loss: [0.2180625387737828]
2022-09-15 12:27:48.359 | INFO     | tools.trainer:train_loop:126 - Epoch: [18/ 100] | Train loss: [0.2045466147603527]
2022-09-15 12:29:22.795 | INFO     | tools.trainer:train_loop:126 - Epoch: [19/ 100] | Train loss: [0.22991376574481687]
2022-09-15 12:30:56.760 | INFO     | tools.trainer:train_loop:126 - Epoch: [20/ 100] | Train loss: [0.24003518661183695]
2022-09-15 12:32:31.210 | INFO     | tools.trainer:train_loop:126 - Epoch: [21/ 100] | Train loss: [0.21362602602570288]
2022-09-15 12:34:04.996 | INFO     | tools.trainer:train_loop:126 - Epoch: [22/ 100] | Train loss: [0.18310611238402705]
2022-09-15 12:35:40.271 | INFO     | tools.trainer:train_loop:126 - Epoch: [23/ 100] | Train loss: [0.2035155128086767]
2022-09-15 12:37:13.897 | INFO     | tools.trainer:train_loop:126 - Epoch: [24/ 100] | Train loss: [0.19871317054475507]
2022-09-15 12:38:48.481 | INFO     | tools.trainer:train_loop:126 - Epoch: [25/ 100] | Train loss: [0.1887341109254668]
2022-09-15 12:40:22.422 | INFO     | tools.trainer:train_loop:126 - Epoch: [26/ 100] | Train loss: [0.17784993867239646]
2022-09-15 12:41:57.490 | INFO     | tools.trainer:train_loop:126 - Epoch: [27/ 100] | Train loss: [0.16683947475206468]
2022-09-15 12:43:32.482 | INFO     | tools.trainer:train_loop:126 - Epoch: [28/ 100] | Train loss: [0.16653380651147134]
2022-09-15 12:45:06.527 | INFO     | tools.trainer:train_loop:126 - Epoch: [29/ 100] | Train loss: [0.28708985141448434]
2022-09-15 12:46:39.680 | INFO     | tools.trainer:train_loop:126 - Epoch: [30/ 100] | Train loss: [0.26057386939083377]
2022-09-15 12:48:14.173 | INFO     | tools.trainer:train_loop:126 - Epoch: [31/ 100] | Train loss: [0.20268870745935746]
2022-09-15 12:49:47.920 | INFO     | tools.trainer:train_loop:126 - Epoch: [32/ 100] | Train loss: [0.16951573243544948]
2022-09-15 12:51:22.552 | INFO     | tools.trainer:train_loop:126 - Epoch: [33/ 100] | Train loss: [0.15951081161056796]
2022-09-15 12:52:56.458 | INFO     | tools.trainer:train_loop:126 - Epoch: [34/ 100] | Train loss: [0.14702205389978423]
2022-09-15 12:54:32.323 | INFO     | tools.trainer:train_loop:126 - Epoch: [35/ 100] | Train loss: [0.14968557667828375]
2022-09-15 12:56:07.009 | INFO     | tools.trainer:train_loop:126 - Epoch: [36/ 100] | Train loss: [0.15408412637489458]
2022-09-15 12:57:42.370 | INFO     | tools.trainer:train_loop:126 - Epoch: [37/ 100] | Train loss: [0.127677638384123]
2022-09-15 12:59:17.793 | INFO     | tools.trainer:train_loop:126 - Epoch: [38/ 100] | Train loss: [0.1367765078621526]
2022-09-15 13:00:53.723 | INFO     | tools.trainer:train_loop:126 - Epoch: [39/ 100] | Train loss: [0.13017844625057712]
2022-09-15 13:02:28.392 | INFO     | tools.trainer:train_loop:126 - Epoch: [40/ 100] | Train loss: [0.12267956047529174]
2022-09-15 13:04:02.327 | INFO     | tools.trainer:train_loop:126 - Epoch: [41/ 100] | Train loss: [0.11955522962154881]
2022-09-15 13:05:37.543 | INFO     | tools.trainer:train_loop:126 - Epoch: [42/ 100] | Train loss: [0.13387675030577567]
2022-09-15 13:07:13.387 | INFO     | tools.trainer:train_loop:126 - Epoch: [43/ 100] | Train loss: [0.12181988700983985]
2022-09-15 13:08:48.795 | INFO     | tools.trainer:train_loop:126 - Epoch: [44/ 100] | Train loss: [0.10813573459463735]
2022-09-15 13:10:23.095 | INFO     | tools.trainer:train_loop:126 - Epoch: [45/ 100] | Train loss: [0.12239536276507762]
2022-09-15 13:11:58.883 | INFO     | tools.trainer:train_loop:126 - Epoch: [46/ 100] | Train loss: [0.11641994647441371]
2022-09-15 13:13:34.485 | INFO     | tools.trainer:train_loop:126 - Epoch: [47/ 100] | Train loss: [0.10770219702634119]
2022-09-15 13:15:09.355 | INFO     | tools.trainer:train_loop:126 - Epoch: [48/ 100] | Train loss: [0.11086509256593642]
2022-09-15 13:16:42.831 | INFO     | tools.trainer:train_loop:126 - Epoch: [49/ 100] | Train loss: [0.10129714841323514]
2022-09-15 13:18:18.944 | INFO     | tools.trainer:train_loop:126 - Epoch: [50/ 100] | Train loss: [0.12165587954223156]
2022-09-15 13:19:52.032 | INFO     | tools.trainer:train_loop:126 - Epoch: [51/ 100] | Train loss: [0.09941442917671896]
2022-09-15 13:21:27.134 | INFO     | tools.trainer:train_loop:126 - Epoch: [52/ 100] | Train loss: [0.10223332612264541]
2022-09-15 13:23:02.056 | INFO     | tools.trainer:train_loop:126 - Epoch: [53/ 100] | Train loss: [0.09692346208518551]
2022-09-15 13:24:35.839 | INFO     | tools.trainer:train_loop:126 - Epoch: [54/ 100] | Train loss: [0.08273037775389609]
2022-09-15 13:26:11.112 | INFO     | tools.trainer:train_loop:126 - Epoch: [55/ 100] | Train loss: [0.09495342637021695]
2022-09-15 13:27:45.612 | INFO     | tools.trainer:train_loop:126 - Epoch: [56/ 100] | Train loss: [0.09563731816747496]
2022-09-15 13:29:19.264 | INFO     | tools.trainer:train_loop:126 - Epoch: [57/ 100] | Train loss: [0.10524782394209216]
2022-09-15 13:30:53.923 | INFO     | tools.trainer:train_loop:126 - Epoch: [58/ 100] | Train loss: [0.09457165177070326]
2022-09-15 13:32:29.423 | INFO     | tools.trainer:train_loop:126 - Epoch: [59/ 100] | Train loss: [0.08842343422434022]
2022-09-15 13:34:02.388 | INFO     | tools.trainer:train_loop:126 - Epoch: [60/ 100] | Train loss: [0.08671418607475297]
2022-09-15 13:35:37.719 | INFO     | tools.trainer:train_loop:126 - Epoch: [61/ 100] | Train loss: [0.09544243224926534]
2022-09-15 13:37:12.691 | INFO     | tools.trainer:train_loop:126 - Epoch: [62/ 100] | Train loss: [0.0837344553682112]
2022-09-15 13:38:46.905 | INFO     | tools.trainer:train_loop:126 - Epoch: [63/ 100] | Train loss: [0.0890383884430893]
2022-09-15 13:40:21.885 | INFO     | tools.trainer:train_loop:126 - Epoch: [64/ 100] | Train loss: [0.08406791337315113]
2022-09-15 13:41:57.478 | INFO     | tools.trainer:train_loop:126 - Epoch: [65/ 100] | Train loss: [0.08568407541080829]
2022-09-15 13:43:31.009 | INFO     | tools.trainer:train_loop:126 - Epoch: [66/ 100] | Train loss: [0.07238959839507457]
2022-09-15 13:45:05.799 | INFO     | tools.trainer:train_loop:126 - Epoch: [67/ 100] | Train loss: [0.07725121459412959]
2022-09-15 13:46:38.855 | INFO     | tools.trainer:train_loop:126 - Epoch: [68/ 100] | Train loss: [0.0902308824682428]
2022-09-15 13:48:13.739 | INFO     | tools.trainer:train_loop:126 - Epoch: [69/ 100] | Train loss: [0.07199857395983511]
2022-09-15 13:49:47.985 | INFO     | tools.trainer:train_loop:126 - Epoch: [70/ 100] | Train loss: [0.0724525332691208]
2022-09-15 13:51:23.475 | INFO     | tools.trainer:train_loop:126 - Epoch: [71/ 100] | Train loss: [0.07353217953876141]
2022-09-15 13:52:58.486 | INFO     | tools.trainer:train_loop:126 - Epoch: [72/ 100] | Train loss: [0.06414679678217057]
2022-09-15 13:54:32.296 | INFO     | tools.trainer:train_loop:126 - Epoch: [73/ 100] | Train loss: [0.06129068394582118]
2022-09-15 13:56:05.419 | INFO     | tools.trainer:train_loop:126 - Epoch: [74/ 100] | Train loss: [0.06255981046706438]
2022-09-15 13:57:40.170 | INFO     | tools.trainer:train_loop:126 - Epoch: [75/ 100] | Train loss: [0.06374168525179548]
2022-09-15 13:59:16.071 | INFO     | tools.trainer:train_loop:126 - Epoch: [76/ 100] | Train loss: [0.06128969668380676]
2022-09-15 14:00:52.074 | INFO     | tools.trainer:train_loop:126 - Epoch: [77/ 100] | Train loss: [0.0586370516328081]
2022-09-15 14:02:26.311 | INFO     | tools.trainer:train_loop:126 - Epoch: [78/ 100] | Train loss: [0.05793230812395773]
2022-09-15 14:04:00.503 | INFO     | tools.trainer:train_loop:126 - Epoch: [79/ 100] | Train loss: [0.05853688070971158]
2022-09-15 14:05:35.763 | INFO     | tools.trainer:train_loop:126 - Epoch: [80/ 100] | Train loss: [0.05672367713263919]
2022-09-15 14:07:09.216 | INFO     | tools.trainer:train_loop:126 - Epoch: [81/ 100] | Train loss: [0.06000724305669146]
2022-09-15 14:08:43.343 | INFO     | tools.trainer:train_loop:126 - Epoch: [82/ 100] | Train loss: [0.05460802537779654]
2022-09-15 14:10:18.108 | INFO     | tools.trainer:train_loop:126 - Epoch: [83/ 100] | Train loss: [0.05803031288087368]
2022-09-15 14:11:52.904 | INFO     | tools.trainer:train_loop:126 - Epoch: [84/ 100] | Train loss: [0.054443010098991856]
2022-09-15 14:13:26.761 | INFO     | tools.trainer:train_loop:126 - Epoch: [85/ 100] | Train loss: [0.049277614892250104]
2022-09-15 14:15:02.174 | INFO     | tools.trainer:train_loop:126 - Epoch: [86/ 100] | Train loss: [0.05485671740626135]
2022-09-15 14:16:36.817 | INFO     | tools.trainer:train_loop:126 - Epoch: [87/ 100] | Train loss: [0.05479625020656855]
2022-09-15 14:18:11.812 | INFO     | tools.trainer:train_loop:126 - Epoch: [88/ 100] | Train loss: [0.05252160573558461]
2022-09-15 14:19:46.107 | INFO     | tools.trainer:train_loop:126 - Epoch: [89/ 100] | Train loss: [0.052654425853923444]
2022-09-15 14:21:20.646 | INFO     | tools.trainer:train_loop:126 - Epoch: [90/ 100] | Train loss: [0.049074032343924046]
2022-09-15 14:22:54.989 | INFO     | tools.trainer:train_loop:126 - Epoch: [91/ 100] | Train loss: [0.04954818831456284]
2022-09-15 14:24:29.919 | INFO     | tools.trainer:train_loop:126 - Epoch: [92/ 100] | Train loss: [0.05298846671658178]
2022-09-15 14:26:04.181 | INFO     | tools.trainer:train_loop:126 - Epoch: [93/ 100] | Train loss: [0.04853279648288604]
2022-09-15 14:27:37.875 | INFO     | tools.trainer:train_loop:126 - Epoch: [94/ 100] | Train loss: [0.04816374182701111]
2022-09-15 14:29:12.699 | INFO     | tools.trainer:train_loop:126 - Epoch: [95/ 100] | Train loss: [0.04809800874922545]
2022-09-15 14:30:46.898 | INFO     | tools.trainer:train_loop:126 - Epoch: [96/ 100] | Train loss: [0.04641213838852221]
2022-09-15 14:32:21.358 | INFO     | tools.trainer:train_loop:126 - Epoch: [97/ 100] | Train loss: [0.04790079677777906]
2022-09-15 14:33:54.759 | INFO     | tools.trainer:train_loop:126 - Epoch: [98/ 100] | Train loss: [0.04708438631026975]
2022-09-15 14:35:29.785 | INFO     | tools.trainer:train_loop:126 - Epoch: [99/ 100] | Train loss: [0.0480767842081766]
2022-09-15 14:37:04.804 | INFO     | tools.trainer:train_loop:126 - Epoch: [100/ 100] | Train loss: [0.049620668824401595]
2022-09-15 14:37:05.257 | INFO     | tools.trainer:train_loop:138 - [Saving Snapshot:]/home/s/hungpv/polyps/checkpoint/neo/neo_small_v1/MiT-B3-FaPNHead_100.pth
2022-09-15 14:37:05.257 | INFO     | tools.trainer:train_loop:147 - Training cost: 9427.371172348969seconds
