2022-09-14 14:58:27.427 | INFO     | __main__:main:57 - Load config from configs/neo_small.yaml
2022-09-14 14:58:27.427 | INFO     | __main__:main:58 - {'dataset': {'data_path': '/home/s/hungpv/polyps/dataset', 'train_data_path': ['/home/s/hungpv/polyps/dataset/neo_small/train'], 'test_data_path': ['/home/s/hungpv/polyps/dataset/neo_small/test'], 'val_data_path': ['/home/s/hungpv/polyps/dataset/neo_small/test']}, 'model': {'num_classes': 3, 'save_dir': '/home/s/hungpv/polyps/checkpoint/neo/neo_small_v2', 'backbone': 'MiT-B3', 'head': 'FaPNHead', 'pretrained': '/home/s/hungpv/polyps/pretrained_models/mit_b3.pth'}, 'optimizer': {'name': 'adam', 'lr': 0.0001, 'clip': 0.5, 'scheduler': 'cosine_warmup', 'loss': 'multi_structure_loss'}, 'dev': 'cuda', 'train': {'start_from': 0, 'save_from': 149, 'num_epochs': 150, 'num_warmup_epoch': 8, 'is_val': False, 'size_rates': [0.75, 1, 1.25], 'dataloader': {'batchsize': 16, 'img_size': 384, 'shuffle': True, 'num_workers': 4, 'pin_memory': True, 'drop_last': True}, 'amp': False, 'ddp': False, 'augment': {'prob': 1, 'Flip_prob': 0.5, 'HueSaturationValue_prob': 0.5, 'RandomBrightnessContrast_prob': 0.5, 'crop_prob': 0.0, 'randomrotate90_prob': 0.5, 'ColorJitter_prob': 0.5}}, 'val': {'dataloader': {'batchsize': 8, 'img_size': 384, 'shuffle': True, 'num_workers': 4, 'pin_memory': True, 'drop_last': False}}, 'test': {'dev': 'cuda', 'visualize': True, 'visualize_dir': '/home/s/hungpv/polyps/neo_visualize', 'vis_x': 180, 'vis_overwrite': False, 'checkpoint_dir': '/home/s/hungpv/polyps/checkpoint/neo/neo_small_v2/MiT-B3-FaPNHead_100.pth', 'dataloader': {'batchsize': 1, 'img_size': 384, 'shuffle': True, 'num_workers': 4, 'pin_memory': True, 'drop_last': False}, 'augment': {'prob': 1, 'Flip_prob': 0, 'HueSaturationValue_prob': 0, 'RandomBrightnessContrast_prob': 0, 'crop_prob': 0, 'randomrotate90_prob': 0, 'elastictransform_prob': 0, 'gridistortion_prob': 0, 'opticaldistortion_prob': 0, 'verticalflip_prob': 0, 'horizontalflip_prob': 0, 'randomgamma_prob': 0, 'CoarseDropout_prob': 0, 'RGBShift_prob': 0, 'MotionBlur_prob': 0, 'MedianBlur_prob': 0, 'GaussianBlur_prob': 0, 'GaussNoise_prob': 0, 'ChannelShuffle_prob': 0}}}
2022-09-14 14:58:27.427 | INFO     | __main__:main:59 - Getting datapath
2022-09-14 14:58:27.432 | INFO     | __main__:main:74 - There are 1000 images to train
2022-09-14 14:58:27.434 | INFO     | __main__:main:93 - Train model with no valid dataset
2022-09-14 14:58:27.434 | INFO     | __main__:main:95 - Loading data
2022-09-14 14:58:27.516 | INFO     | __main__:main:109 - 62 batches to train
2022-09-14 14:58:27.516 | INFO     | __main__:main:122 - Loading model
2022-09-14 14:58:27.516 | INFO     | __main__:main:143 - Loading checkpoint from /home/s/hungpv/polyps/pretrained_models/mit_b3.pth ...
2022-09-14 14:58:30.823 | INFO     | __main__:main:187 - Training with FP32 ...
2022-09-14 15:00:02.769 | INFO     | tools.trainer:train_loop:126 - Epoch: [1/ 150] | Train loss: [2.054326509275744]
2022-09-14 15:01:33.686 | INFO     | tools.trainer:train_loop:126 - Epoch: [2/ 150] | Train loss: [0.8776929503487002]
2022-09-14 15:03:04.813 | INFO     | tools.trainer:train_loop:126 - Epoch: [3/ 150] | Train loss: [0.6675369153099675]
2022-09-14 15:04:36.098 | INFO     | tools.trainer:train_loop:126 - Epoch: [4/ 150] | Train loss: [0.609672769423454]
2022-09-14 15:06:07.268 | INFO     | tools.trainer:train_loop:126 - Epoch: [5/ 150] | Train loss: [0.5402870332041094]
2022-09-14 15:07:38.587 | INFO     | tools.trainer:train_loop:126 - Epoch: [6/ 150] | Train loss: [0.5086574016078826]
2022-09-14 15:09:10.359 | INFO     | tools.trainer:train_loop:126 - Epoch: [7/ 150] | Train loss: [0.47559134662151337]
2022-09-14 15:10:41.532 | INFO     | tools.trainer:train_loop:126 - Epoch: [8/ 150] | Train loss: [0.35172174919036125]
2022-09-14 15:12:13.290 | INFO     | tools.trainer:train_loop:126 - Epoch: [9/ 150] | Train loss: [0.31473051900825194]
2022-09-14 15:13:46.957 | INFO     | tools.trainer:train_loop:126 - Epoch: [10/ 150] | Train loss: [0.3073462682866281]
2022-09-14 15:15:18.214 | INFO     | tools.trainer:train_loop:126 - Epoch: [11/ 150] | Train loss: [0.261158172642031]
2022-09-14 15:16:51.102 | INFO     | tools.trainer:train_loop:126 - Epoch: [12/ 150] | Train loss: [0.2468742896472254]
2022-09-14 15:18:24.229 | INFO     | tools.trainer:train_loop:126 - Epoch: [13/ 150] | Train loss: [0.24231385067105293]
2022-09-14 15:19:55.687 | INFO     | tools.trainer:train_loop:126 - Epoch: [14/ 150] | Train loss: [0.21839215017614827]
2022-09-14 15:21:29.364 | INFO     | tools.trainer:train_loop:126 - Epoch: [15/ 150] | Train loss: [0.20809810680727805]
2022-09-14 15:23:00.940 | INFO     | tools.trainer:train_loop:126 - Epoch: [16/ 150] | Train loss: [0.21065212221395585]
2022-09-14 15:24:33.852 | INFO     | tools.trainer:train_loop:126 - Epoch: [17/ 150] | Train loss: [0.1962570363595601]
2022-09-14 15:26:06.436 | INFO     | tools.trainer:train_loop:126 - Epoch: [18/ 150] | Train loss: [0.19460273401871805]
2022-09-14 15:27:39.732 | INFO     | tools.trainer:train_loop:126 - Epoch: [19/ 150] | Train loss: [0.19798119245998322]
2022-09-14 15:29:13.416 | INFO     | tools.trainer:train_loop:126 - Epoch: [20/ 150] | Train loss: [0.20555982366204262]
2022-09-14 15:30:47.652 | INFO     | tools.trainer:train_loop:126 - Epoch: [21/ 150] | Train loss: [0.18540749218194716]
2022-09-14 15:32:19.878 | INFO     | tools.trainer:train_loop:126 - Epoch: [22/ 150] | Train loss: [0.16153571069721254]
2022-09-14 15:33:53.513 | INFO     | tools.trainer:train_loop:126 - Epoch: [23/ 150] | Train loss: [0.17601415875457949]
2022-09-14 15:35:28.348 | INFO     | tools.trainer:train_loop:126 - Epoch: [24/ 150] | Train loss: [0.1620649659345227]
2022-09-14 15:37:00.624 | INFO     | tools.trainer:train_loop:126 - Epoch: [25/ 150] | Train loss: [0.19286309080498834]
2022-09-14 15:38:35.399 | INFO     | tools.trainer:train_loop:126 - Epoch: [26/ 150] | Train loss: [0.18205300586358195]
2022-09-14 15:40:07.646 | INFO     | tools.trainer:train_loop:126 - Epoch: [27/ 150] | Train loss: [0.15872939195363753]
2022-09-14 15:41:41.776 | INFO     | tools.trainer:train_loop:126 - Epoch: [28/ 150] | Train loss: [0.16575796697889605]
2022-09-14 15:43:15.549 | INFO     | tools.trainer:train_loop:126 - Epoch: [29/ 150] | Train loss: [0.16991828874714912]
2022-09-14 15:44:48.795 | INFO     | tools.trainer:train_loop:126 - Epoch: [30/ 150] | Train loss: [0.14893255809382086]
2022-09-14 15:46:21.280 | INFO     | tools.trainer:train_loop:126 - Epoch: [31/ 150] | Train loss: [0.1677621488849963]
2022-09-14 15:47:54.407 | INFO     | tools.trainer:train_loop:126 - Epoch: [32/ 150] | Train loss: [0.16863442296462675]
2022-09-14 15:49:27.035 | INFO     | tools.trainer:train_loop:126 - Epoch: [33/ 150] | Train loss: [0.14762009211605595]
2022-09-14 15:51:00.317 | INFO     | tools.trainer:train_loop:126 - Epoch: [34/ 150] | Train loss: [0.14756144661336176]
2022-09-14 15:52:32.681 | INFO     | tools.trainer:train_loop:126 - Epoch: [35/ 150] | Train loss: [0.1588032020916862]
2022-09-14 15:54:05.156 | INFO     | tools.trainer:train_loop:126 - Epoch: [36/ 150] | Train loss: [0.16660365384192236]
2022-09-14 15:55:39.016 | INFO     | tools.trainer:train_loop:126 - Epoch: [37/ 150] | Train loss: [0.1489673589145945]
2022-09-14 15:57:11.911 | INFO     | tools.trainer:train_loop:126 - Epoch: [38/ 150] | Train loss: [0.13917507117073383]
2022-09-14 15:58:44.427 | INFO     | tools.trainer:train_loop:126 - Epoch: [39/ 150] | Train loss: [0.1470382798222765]
2022-09-14 16:00:16.993 | INFO     | tools.trainer:train_loop:126 - Epoch: [40/ 150] | Train loss: [0.1322645283033771]
2022-09-14 16:01:51.017 | INFO     | tools.trainer:train_loop:126 - Epoch: [41/ 150] | Train loss: [0.14756283272177942]
2022-09-14 16:03:22.962 | INFO     | tools.trainer:train_loop:126 - Epoch: [42/ 150] | Train loss: [0.1328665825027612]
2022-09-14 16:04:57.141 | INFO     | tools.trainer:train_loop:126 - Epoch: [43/ 150] | Train loss: [0.1598182933465127]
2022-09-14 16:06:28.900 | INFO     | tools.trainer:train_loop:126 - Epoch: [44/ 150] | Train loss: [0.13937362103212264]
2022-09-14 16:08:03.576 | INFO     | tools.trainer:train_loop:126 - Epoch: [45/ 150] | Train loss: [0.13321968402353027]
2022-09-14 16:09:36.719 | INFO     | tools.trainer:train_loop:126 - Epoch: [46/ 150] | Train loss: [0.12015049405876667]
2022-09-14 16:11:09.673 | INFO     | tools.trainer:train_loop:126 - Epoch: [47/ 150] | Train loss: [0.10841332892737081]
2022-09-14 16:12:41.592 | INFO     | tools.trainer:train_loop:126 - Epoch: [48/ 150] | Train loss: [0.11526005594961104]
2022-09-14 16:14:14.394 | INFO     | tools.trainer:train_loop:126 - Epoch: [49/ 150] | Train loss: [0.11352179319627824]
2022-09-14 16:15:46.565 | INFO     | tools.trainer:train_loop:126 - Epoch: [50/ 150] | Train loss: [0.11530983423994433]
2022-09-14 16:17:19.997 | INFO     | tools.trainer:train_loop:126 - Epoch: [51/ 150] | Train loss: [0.10503286267480542]
2022-09-14 16:18:52.138 | INFO     | tools.trainer:train_loop:126 - Epoch: [52/ 150] | Train loss: [0.1271727996607942]
2022-09-14 16:20:25.859 | INFO     | tools.trainer:train_loop:126 - Epoch: [53/ 150] | Train loss: [0.11196297292988147]
2022-09-14 16:21:58.141 | INFO     | tools.trainer:train_loop:126 - Epoch: [54/ 150] | Train loss: [0.10419582040800203]
2022-09-14 16:23:31.912 | INFO     | tools.trainer:train_loop:126 - Epoch: [55/ 150] | Train loss: [0.1020139635450417]
2022-09-14 16:25:05.102 | INFO     | tools.trainer:train_loop:126 - Epoch: [56/ 150] | Train loss: [0.11942754890168866]
2022-09-14 16:26:38.870 | INFO     | tools.trainer:train_loop:126 - Epoch: [57/ 150] | Train loss: [0.1167836545576011]
2022-09-14 16:28:10.446 | INFO     | tools.trainer:train_loop:126 - Epoch: [58/ 150] | Train loss: [0.10129279661322793]
2022-09-14 16:29:44.234 | INFO     | tools.trainer:train_loop:126 - Epoch: [59/ 150] | Train loss: [0.08946830599058059]
2022-09-14 16:31:16.048 | INFO     | tools.trainer:train_loop:126 - Epoch: [60/ 150] | Train loss: [0.10022172157562548]
2022-09-14 16:32:49.655 | INFO     | tools.trainer:train_loop:126 - Epoch: [61/ 150] | Train loss: [0.10198060483221084]
2022-09-14 16:34:21.760 | INFO     | tools.trainer:train_loop:126 - Epoch: [62/ 150] | Train loss: [0.09670560644759287]
2022-09-14 16:35:53.933 | INFO     | tools.trainer:train_loop:126 - Epoch: [63/ 150] | Train loss: [0.09897712624121097]
2022-09-14 16:37:27.650 | INFO     | tools.trainer:train_loop:126 - Epoch: [64/ 150] | Train loss: [0.0900705703083546]
2022-09-14 16:38:59.473 | INFO     | tools.trainer:train_loop:126 - Epoch: [65/ 150] | Train loss: [0.08131428777931198]
2022-09-14 16:40:33.183 | INFO     | tools.trainer:train_loop:126 - Epoch: [66/ 150] | Train loss: [0.0798782861881679]
2022-09-14 16:42:04.972 | INFO     | tools.trainer:train_loop:126 - Epoch: [67/ 150] | Train loss: [0.07938558325892495]
2022-09-14 16:43:37.509 | INFO     | tools.trainer:train_loop:126 - Epoch: [68/ 150] | Train loss: [0.08301034083049144]
2022-09-14 16:45:09.207 | INFO     | tools.trainer:train_loop:126 - Epoch: [69/ 150] | Train loss: [0.0815104401159671]
2022-09-14 16:46:41.273 | INFO     | tools.trainer:train_loop:126 - Epoch: [70/ 150] | Train loss: [0.07371735386550426]
2022-09-14 16:48:14.351 | INFO     | tools.trainer:train_loop:126 - Epoch: [71/ 150] | Train loss: [0.07392924795708349]
2022-09-14 16:49:48.438 | INFO     | tools.trainer:train_loop:126 - Epoch: [72/ 150] | Train loss: [0.07676293130122847]
2022-09-14 16:51:20.429 | INFO     | tools.trainer:train_loop:126 - Epoch: [73/ 150] | Train loss: [0.07124498207122087]
2022-09-14 16:52:55.137 | INFO     | tools.trainer:train_loop:126 - Epoch: [74/ 150] | Train loss: [0.07640332572402493]
2022-09-14 16:54:27.233 | INFO     | tools.trainer:train_loop:126 - Epoch: [75/ 150] | Train loss: [0.07520882448842449]
2022-09-14 16:56:01.385 | INFO     | tools.trainer:train_loop:126 - Epoch: [76/ 150] | Train loss: [0.06671337861447565]
2022-09-14 16:57:34.255 | INFO     | tools.trainer:train_loop:126 - Epoch: [77/ 150] | Train loss: [0.061216034535919464]
2022-09-14 16:59:09.128 | INFO     | tools.trainer:train_loop:126 - Epoch: [78/ 150] | Train loss: [0.0724753450241781]
2022-09-14 17:00:41.354 | INFO     | tools.trainer:train_loop:126 - Epoch: [79/ 150] | Train loss: [0.07062382767758062]
2022-09-14 17:02:15.317 | INFO     | tools.trainer:train_loop:126 - Epoch: [80/ 150] | Train loss: [0.06640634556571322]
2022-09-14 17:03:47.976 | INFO     | tools.trainer:train_loop:126 - Epoch: [81/ 150] | Train loss: [0.0638896057742738]
2022-09-14 17:05:20.631 | INFO     | tools.trainer:train_loop:126 - Epoch: [82/ 150] | Train loss: [0.0640136965760781]
2022-09-14 17:06:54.532 | INFO     | tools.trainer:train_loop:126 - Epoch: [83/ 150] | Train loss: [0.06928978067251944]
2022-09-14 17:08:26.529 | INFO     | tools.trainer:train_loop:126 - Epoch: [84/ 150] | Train loss: [0.06190480532184724]
2022-09-14 17:09:59.434 | INFO     | tools.trainer:train_loop:126 - Epoch: [85/ 150] | Train loss: [0.06520535745808194]
2022-09-14 17:11:32.814 | INFO     | tools.trainer:train_loop:126 - Epoch: [86/ 150] | Train loss: [0.07249566155575937]
2022-09-14 17:13:05.616 | INFO     | tools.trainer:train_loop:126 - Epoch: [87/ 150] | Train loss: [0.06087344629509795]
2022-09-14 17:14:40.171 | INFO     | tools.trainer:train_loop:126 - Epoch: [88/ 150] | Train loss: [0.060925778842741446]
2022-09-14 17:16:15.262 | INFO     | tools.trainer:train_loop:126 - Epoch: [89/ 150] | Train loss: [0.0743905961092922]
2022-09-14 17:17:47.372 | INFO     | tools.trainer:train_loop:126 - Epoch: [90/ 150] | Train loss: [0.06807374161097311]
2022-09-14 17:19:20.681 | INFO     | tools.trainer:train_loop:126 - Epoch: [91/ 150] | Train loss: [0.060758204229416385]
2022-09-14 17:20:53.080 | INFO     | tools.trainer:train_loop:126 - Epoch: [92/ 150] | Train loss: [0.06393774406563851]
2022-09-14 17:22:27.138 | INFO     | tools.trainer:train_loop:126 - Epoch: [93/ 150] | Train loss: [0.05505592484147318]
2022-09-14 17:23:59.355 | INFO     | tools.trainer:train_loop:126 - Epoch: [94/ 150] | Train loss: [0.05565304624577684]
2022-09-14 17:25:31.522 | INFO     | tools.trainer:train_loop:126 - Epoch: [95/ 150] | Train loss: [0.05939323004455336]
2022-09-14 17:27:03.871 | INFO     | tools.trainer:train_loop:126 - Epoch: [96/ 150] | Train loss: [0.06086686842383877]
2022-09-14 17:28:36.547 | INFO     | tools.trainer:train_loop:126 - Epoch: [97/ 150] | Train loss: [0.0521984915399263]
2022-09-14 17:30:09.183 | INFO     | tools.trainer:train_loop:126 - Epoch: [98/ 150] | Train loss: [0.05103109749935327]
2022-09-14 17:31:42.997 | INFO     | tools.trainer:train_loop:126 - Epoch: [99/ 150] | Train loss: [0.052949387820497636]
2022-09-14 17:33:15.466 | INFO     | tools.trainer:train_loop:126 - Epoch: [100/ 150] | Train loss: [0.04761422807050328]
2022-09-14 17:34:47.709 | INFO     | tools.trainer:train_loop:126 - Epoch: [101/ 150] | Train loss: [0.050980041945172895]
2022-09-14 17:36:21.667 | INFO     | tools.trainer:train_loop:126 - Epoch: [102/ 150] | Train loss: [0.04630249588479919]
2022-09-14 17:37:55.066 | INFO     | tools.trainer:train_loop:126 - Epoch: [103/ 150] | Train loss: [0.04562199950939225]
2022-09-14 17:39:26.920 | INFO     | tools.trainer:train_loop:126 - Epoch: [104/ 150] | Train loss: [0.04862307961429319]
2022-09-14 17:40:59.575 | INFO     | tools.trainer:train_loop:126 - Epoch: [105/ 150] | Train loss: [0.04805839650573269]
2022-09-14 17:42:33.020 | INFO     | tools.trainer:train_loop:126 - Epoch: [106/ 150] | Train loss: [0.057903614195604476]
2022-09-14 17:44:05.049 | INFO     | tools.trainer:train_loop:126 - Epoch: [107/ 150] | Train loss: [0.047487237490713596]
2022-09-14 17:45:38.206 | INFO     | tools.trainer:train_loop:126 - Epoch: [108/ 150] | Train loss: [0.051941080679816586]
2022-09-14 17:47:10.721 | INFO     | tools.trainer:train_loop:126 - Epoch: [109/ 150] | Train loss: [0.04656839184463024]
2022-09-14 17:48:43.594 | INFO     | tools.trainer:train_loop:126 - Epoch: [110/ 150] | Train loss: [0.04952734946123054]
2022-09-14 17:50:17.397 | INFO     | tools.trainer:train_loop:126 - Epoch: [111/ 150] | Train loss: [0.046470432962861755]
2022-09-14 17:51:49.127 | INFO     | tools.trainer:train_loop:126 - Epoch: [112/ 150] | Train loss: [0.04347351562952803]
2022-09-14 17:53:23.474 | INFO     | tools.trainer:train_loop:126 - Epoch: [113/ 150] | Train loss: [0.04130956704818433]
2022-09-14 17:54:55.476 | INFO     | tools.trainer:train_loop:126 - Epoch: [114/ 150] | Train loss: [0.04351937046815311]
2022-09-14 17:56:30.045 | INFO     | tools.trainer:train_loop:126 - Epoch: [115/ 150] | Train loss: [0.045810266758405396]
2022-09-14 17:58:03.928 | INFO     | tools.trainer:train_loop:126 - Epoch: [116/ 150] | Train loss: [0.04239548469382909]
2022-09-14 17:59:37.593 | INFO     | tools.trainer:train_loop:126 - Epoch: [117/ 150] | Train loss: [0.042480500384924874]
2022-09-14 18:01:09.863 | INFO     | tools.trainer:train_loop:126 - Epoch: [118/ 150] | Train loss: [0.042952907271683216]
2022-09-14 18:02:42.224 | INFO     | tools.trainer:train_loop:126 - Epoch: [119/ 150] | Train loss: [0.0408546324939497]
2022-09-14 18:04:16.447 | INFO     | tools.trainer:train_loop:126 - Epoch: [120/ 150] | Train loss: [0.04040977818470809]
2022-09-14 18:05:48.239 | INFO     | tools.trainer:train_loop:126 - Epoch: [121/ 150] | Train loss: [0.03889315226866353]
2022-09-14 18:07:21.900 | INFO     | tools.trainer:train_loop:126 - Epoch: [122/ 150] | Train loss: [0.04201397783453426]
2022-09-14 18:08:53.667 | INFO     | tools.trainer:train_loop:126 - Epoch: [123/ 150] | Train loss: [0.03862401957233106]
2022-09-14 18:10:26.019 | INFO     | tools.trainer:train_loop:126 - Epoch: [124/ 150] | Train loss: [0.0389533749511165]
2022-09-14 18:11:59.769 | INFO     | tools.trainer:train_loop:126 - Epoch: [125/ 150] | Train loss: [0.04075915231219222]
2022-09-14 18:13:31.956 | INFO     | tools.trainer:train_loop:126 - Epoch: [126/ 150] | Train loss: [0.03843841314195625]
2022-09-14 18:15:05.021 | INFO     | tools.trainer:train_loop:126 - Epoch: [127/ 150] | Train loss: [0.04169532139935801]
2022-09-14 18:16:37.216 | INFO     | tools.trainer:train_loop:126 - Epoch: [128/ 150] | Train loss: [0.038982442399907495]
2022-09-14 18:18:10.127 | INFO     | tools.trainer:train_loop:126 - Epoch: [129/ 150] | Train loss: [0.03861218159117045]
2022-09-14 18:19:42.627 | INFO     | tools.trainer:train_loop:126 - Epoch: [130/ 150] | Train loss: [0.037804033036433884]
2022-09-14 18:21:15.472 | INFO     | tools.trainer:train_loop:126 - Epoch: [131/ 150] | Train loss: [0.03860117630251954]
2022-09-14 18:22:47.748 | INFO     | tools.trainer:train_loop:126 - Epoch: [132/ 150] | Train loss: [0.03748433766586165]
2022-09-14 18:24:20.640 | INFO     | tools.trainer:train_loop:126 - Epoch: [133/ 150] | Train loss: [0.038005576078449524]
2022-09-14 18:25:53.727 | INFO     | tools.trainer:train_loop:126 - Epoch: [134/ 150] | Train loss: [0.03732351739440234]
2022-09-14 18:27:27.222 | INFO     | tools.trainer:train_loop:126 - Epoch: [135/ 150] | Train loss: [0.036268428058153196]
2022-09-14 18:28:59.188 | INFO     | tools.trainer:train_loop:126 - Epoch: [136/ 150] | Train loss: [0.038446156308054924]
2022-09-14 18:30:34.037 | INFO     | tools.trainer:train_loop:126 - Epoch: [137/ 150] | Train loss: [0.03717760336134703]
2022-09-14 18:32:08.490 | INFO     | tools.trainer:train_loop:126 - Epoch: [138/ 150] | Train loss: [0.03669962677503786]
2022-09-14 18:33:40.597 | INFO     | tools.trainer:train_loop:126 - Epoch: [139/ 150] | Train loss: [0.0382884856493723]
2022-09-14 18:35:12.857 | INFO     | tools.trainer:train_loop:126 - Epoch: [140/ 150] | Train loss: [0.03634586293370493]
2022-09-14 18:36:47.154 | INFO     | tools.trainer:train_loop:126 - Epoch: [141/ 150] | Train loss: [0.0357519036098834]
2022-09-14 18:38:19.215 | INFO     | tools.trainer:train_loop:126 - Epoch: [142/ 150] | Train loss: [0.037250375765706265]
2022-09-14 18:39:53.064 | INFO     | tools.trainer:train_loop:126 - Epoch: [143/ 150] | Train loss: [0.03710631428346518]
2022-09-14 18:41:24.840 | INFO     | tools.trainer:train_loop:126 - Epoch: [144/ 150] | Train loss: [0.03481214205103536]
2022-09-14 18:42:57.492 | INFO     | tools.trainer:train_loop:126 - Epoch: [145/ 150] | Train loss: [0.03599340459632297]
2022-09-14 18:44:30.020 | INFO     | tools.trainer:train_loop:126 - Epoch: [146/ 150] | Train loss: [0.03544779293118946]
2022-09-14 18:46:02.562 | INFO     | tools.trainer:train_loop:126 - Epoch: [147/ 150] | Train loss: [0.03582858684803209]
2022-09-14 18:47:35.802 | INFO     | tools.trainer:train_loop:126 - Epoch: [148/ 150] | Train loss: [0.03545689841191615]
2022-09-14 18:49:07.680 | INFO     | tools.trainer:train_loop:126 - Epoch: [149/ 150] | Train loss: [0.03531448996715968]
2022-09-14 18:50:40.756 | INFO     | tools.trainer:train_loop:126 - Epoch: [150/ 150] | Train loss: [0.03594267803935274]
2022-09-14 18:50:41.169 | INFO     | tools.trainer:train_loop:138 - [Saving Snapshot:]/home/s/hungpv/polyps/checkpoint/neo/neo_small_v2/MiT-B3-FaPNHead_150.pth
2022-09-14 18:50:41.169 | INFO     | tools.trainer:train_loop:147 - Training cost: 13929.424849673174seconds
