2022-09-13 23:06:38.110 | INFO     | __main__:main:57 - Load config from configs/neo_small.yaml
2022-09-13 23:06:38.110 | INFO     | __main__:main:58 - {'dataset': {'data_path': '/home/s/hungpv/polyps/dataset', 'train_data_path': ['/home/s/hungpv/polyps/dataset/neo_small/train'], 'test_data_path': ['/home/s/hungpv/polyps/dataset/neo_small/test'], 'val_data_path': ['/home/s/hungpv/polyps/dataset/neo_small/test']}, 'model': {'num_classes': 3, 'save_dir': '/home/s/hungpv/polyps/checkpoint/neo/neo_small_v4', 'backbone': 'MiT-B3', 'head': 'FaPNHead', 'pretrained': '/home/s/hungpv/polyps/pretrained_models/mit_b3.pth'}, 'optimizer': {'name': 'adam', 'lr': 0.0001, 'clip': 0.5, 'scheduler': 'cosine_warmup', 'loss': 'multi_structure_loss'}, 'dev': 'cuda', 'train': {'start_from': 0, 'save_from': 79, 'num_epochs': 80, 'num_warmup_epoch': 8, 'is_val': False, 'size_rates': [0.75, 1, 1.25], 'dataloader': {'batchsize': 16, 'img_size': 384, 'shuffle': True, 'num_workers': 4, 'pin_memory': True, 'drop_last': True}, 'amp': False, 'ddp': False, 'augment': {'prob': 1, 'Flip_prob': 0.5, 'HueSaturationValue_prob': 0.5, 'RandomBrightnessContrast_prob': 0.5, 'crop_prob': 0.0, 'randomrotate90_prob': 0.5, 'ColorJitter_prob': 0.5}}, 'val': {'dataloader': {'batchsize': 8, 'img_size': 384, 'shuffle': True, 'num_workers': 4, 'pin_memory': True, 'drop_last': False}}, 'test': {'dev': 'cuda', 'visualize': True, 'visualize_dir': '/home/s/hungpv/polyps/neo_visualize', 'vis_x': 180, 'vis_overwrite': False, 'checkpoint_dir': '/home/s/hungpv/polyps/checkpoint/neo/neo_small_v3/MiT-B3-FaPNHead_80.pth', 'dataloader': {'batchsize': 1, 'img_size': 384, 'shuffle': True, 'num_workers': 4, 'pin_memory': True, 'drop_last': False}, 'augment': {'prob': 1, 'Flip_prob': 0, 'HueSaturationValue_prob': 0, 'RandomBrightnessContrast_prob': 0, 'crop_prob': 0, 'randomrotate90_prob': 0, 'elastictransform_prob': 0, 'gridistortion_prob': 0, 'opticaldistortion_prob': 0, 'verticalflip_prob': 0, 'horizontalflip_prob': 0, 'randomgamma_prob': 0, 'CoarseDropout_prob': 0, 'RGBShift_prob': 0, 'MotionBlur_prob': 0, 'MedianBlur_prob': 0, 'GaussianBlur_prob': 0, 'GaussNoise_prob': 0, 'ChannelShuffle_prob': 0}}}
2022-09-13 23:06:38.110 | INFO     | __main__:main:59 - Getting datapath
2022-09-13 23:06:38.115 | INFO     | __main__:main:74 - There are 1000 images to train
2022-09-13 23:06:38.116 | INFO     | __main__:main:93 - Train model with no valid dataset
2022-09-13 23:06:38.117 | INFO     | __main__:main:95 - Loading data
2022-09-13 23:06:38.208 | INFO     | __main__:main:109 - 62 batches to train
2022-09-13 23:06:38.208 | INFO     | __main__:main:122 - Loading model
2022-09-13 23:06:38.209 | INFO     | __main__:main:143 - Loading checkpoint from /home/s/hungpv/polyps/pretrained_models/mit_b3.pth ...
2022-09-13 23:06:41.391 | INFO     | __main__:main:187 - Training with FP32 ...
2022-09-13 23:08:13.258 | INFO     | tools.trainer:train_loop:126 - Epoch: [1/ 80] | Train loss: [2.2950439760761876]
2022-09-13 23:09:43.979 | INFO     | tools.trainer:train_loop:126 - Epoch: [2/ 80] | Train loss: [0.9479907722242417]
2022-09-13 23:11:14.916 | INFO     | tools.trainer:train_loop:126 - Epoch: [3/ 80] | Train loss: [0.6738709980441678]
2022-09-13 23:12:46.094 | INFO     | tools.trainer:train_loop:126 - Epoch: [4/ 80] | Train loss: [0.5997484047566691]
2022-09-13 23:14:17.006 | INFO     | tools.trainer:train_loop:126 - Epoch: [5/ 80] | Train loss: [0.5440834102130705]
2022-09-13 23:15:48.306 | INFO     | tools.trainer:train_loop:126 - Epoch: [6/ 80] | Train loss: [0.5175286041152093]
2022-09-13 23:17:21.272 | INFO     | tools.trainer:train_loop:126 - Epoch: [7/ 80] | Train loss: [0.4135412141200035]
2022-09-13 23:18:52.576 | INFO     | tools.trainer:train_loop:126 - Epoch: [8/ 80] | Train loss: [0.33642372537043785]
2022-09-13 23:20:25.016 | INFO     | tools.trainer:train_loop:126 - Epoch: [9/ 80] | Train loss: [0.3226233699148701]
2022-09-13 23:21:57.307 | INFO     | tools.trainer:train_loop:126 - Epoch: [10/ 80] | Train loss: [0.3018484017060649]
2022-09-13 23:23:29.950 | INFO     | tools.trainer:train_loop:126 - Epoch: [11/ 80] | Train loss: [0.2594369289375121]
2022-09-13 23:25:01.606 | INFO     | tools.trainer:train_loop:126 - Epoch: [12/ 80] | Train loss: [0.26486672785493637]
2022-09-13 23:26:34.872 | INFO     | tools.trainer:train_loop:126 - Epoch: [13/ 80] | Train loss: [0.23641835994297458]
2022-09-13 23:28:06.781 | INFO     | tools.trainer:train_loop:126 - Epoch: [14/ 80] | Train loss: [0.23815912344763357]
2022-09-13 23:29:40.507 | INFO     | tools.trainer:train_loop:126 - Epoch: [15/ 80] | Train loss: [0.24731452931319514]
2022-09-13 23:31:12.130 | INFO     | tools.trainer:train_loop:126 - Epoch: [16/ 80] | Train loss: [0.27487529682055595]
2022-09-13 23:32:46.618 | INFO     | tools.trainer:train_loop:126 - Epoch: [17/ 80] | Train loss: [0.234051049717011]
2022-09-13 23:34:19.790 | INFO     | tools.trainer:train_loop:126 - Epoch: [18/ 80] | Train loss: [0.2022621010340029]
2022-09-13 23:35:53.717 | INFO     | tools.trainer:train_loop:126 - Epoch: [19/ 80] | Train loss: [0.18466395728530421]
2022-09-13 23:37:26.465 | INFO     | tools.trainer:train_loop:126 - Epoch: [20/ 80] | Train loss: [0.20959702434559022]
2022-09-13 23:38:59.756 | INFO     | tools.trainer:train_loop:126 - Epoch: [21/ 80] | Train loss: [0.20928520282670374]
2022-09-13 23:40:34.039 | INFO     | tools.trainer:train_loop:126 - Epoch: [22/ 80] | Train loss: [0.18318994553579437]
2022-09-13 23:42:06.736 | INFO     | tools.trainer:train_loop:126 - Epoch: [23/ 80] | Train loss: [0.19836713205422124]
2022-09-13 23:43:39.261 | INFO     | tools.trainer:train_loop:126 - Epoch: [24/ 80] | Train loss: [0.19706342165027896]
2022-09-13 23:45:11.801 | INFO     | tools.trainer:train_loop:126 - Epoch: [25/ 80] | Train loss: [0.190654163158709]
2022-09-13 23:46:44.722 | INFO     | tools.trainer:train_loop:126 - Epoch: [26/ 80] | Train loss: [0.19183874262436743]
2022-09-13 23:48:18.223 | INFO     | tools.trainer:train_loop:126 - Epoch: [27/ 80] | Train loss: [0.17864543860477786]
2022-09-13 23:49:51.365 | INFO     | tools.trainer:train_loop:126 - Epoch: [28/ 80] | Train loss: [0.16281638546816765]
2022-09-13 23:51:23.589 | INFO     | tools.trainer:train_loop:126 - Epoch: [29/ 80] | Train loss: [0.14782486261138994]
2022-09-13 23:52:58.195 | INFO     | tools.trainer:train_loop:126 - Epoch: [30/ 80] | Train loss: [0.16263197855122627]
2022-09-13 23:54:31.967 | INFO     | tools.trainer:train_loop:126 - Epoch: [31/ 80] | Train loss: [0.1808907182947282]
2022-09-13 23:56:04.838 | INFO     | tools.trainer:train_loop:126 - Epoch: [32/ 80] | Train loss: [0.17492984721977864]
2022-09-13 23:57:37.677 | INFO     | tools.trainer:train_loop:126 - Epoch: [33/ 80] | Train loss: [0.1520259531154748]
2022-09-13 23:59:12.032 | INFO     | tools.trainer:train_loop:126 - Epoch: [34/ 80] | Train loss: [0.13075950243059667]
2022-09-14 00:00:45.705 | INFO     | tools.trainer:train_loop:126 - Epoch: [35/ 80] | Train loss: [0.14705997843655846]
2022-09-14 00:02:18.785 | INFO     | tools.trainer:train_loop:126 - Epoch: [36/ 80] | Train loss: [0.1422135140746832]
2022-09-14 00:03:52.697 | INFO     | tools.trainer:train_loop:126 - Epoch: [37/ 80] | Train loss: [0.14002484263431642]
2022-09-14 00:05:25.249 | INFO     | tools.trainer:train_loop:126 - Epoch: [38/ 80] | Train loss: [0.11098604631279746]
2022-09-14 00:06:58.192 | INFO     | tools.trainer:train_loop:126 - Epoch: [39/ 80] | Train loss: [0.1314747106404074]
2022-09-14 00:08:31.444 | INFO     | tools.trainer:train_loop:126 - Epoch: [40/ 80] | Train loss: [0.14453122320194398]
2022-09-14 00:10:03.917 | INFO     | tools.trainer:train_loop:126 - Epoch: [41/ 80] | Train loss: [0.1209206959052432]
2022-09-14 00:11:38.148 | INFO     | tools.trainer:train_loop:126 - Epoch: [42/ 80] | Train loss: [0.10854299294371758]
2022-09-14 00:13:10.537 | INFO     | tools.trainer:train_loop:126 - Epoch: [43/ 80] | Train loss: [0.11224190241867496]
2022-09-14 00:14:44.636 | INFO     | tools.trainer:train_loop:126 - Epoch: [44/ 80] | Train loss: [0.10998271718140572]
2022-09-14 00:16:18.256 | INFO     | tools.trainer:train_loop:126 - Epoch: [45/ 80] | Train loss: [0.0999079784678836]
2022-09-14 00:17:53.342 | INFO     | tools.trainer:train_loop:126 - Epoch: [46/ 80] | Train loss: [0.11223642083425675]
2022-09-14 00:19:27.235 | INFO     | tools.trainer:train_loop:126 - Epoch: [47/ 80] | Train loss: [0.0999008729573219]
2022-09-14 00:21:00.168 | INFO     | tools.trainer:train_loop:126 - Epoch: [48/ 80] | Train loss: [0.10350918150957554]
2022-09-14 00:22:33.727 | INFO     | tools.trainer:train_loop:126 - Epoch: [49/ 80] | Train loss: [0.09939346810983073]
2022-09-14 00:24:07.913 | INFO     | tools.trainer:train_loop:126 - Epoch: [50/ 80] | Train loss: [0.09730624858169787]
2022-09-14 00:25:43.198 | INFO     | tools.trainer:train_loop:126 - Epoch: [51/ 80] | Train loss: [0.0885331108565292]
2022-09-14 00:27:17.299 | INFO     | tools.trainer:train_loop:126 - Epoch: [52/ 80] | Train loss: [0.09927828555866595]
2022-09-14 00:28:51.407 | INFO     | tools.trainer:train_loop:126 - Epoch: [53/ 80] | Train loss: [0.1083380984923532]
2022-09-14 00:30:24.509 | INFO     | tools.trainer:train_loop:126 - Epoch: [54/ 80] | Train loss: [0.1018647266131255]
2022-09-14 00:31:57.922 | INFO     | tools.trainer:train_loop:126 - Epoch: [55/ 80] | Train loss: [0.08028589783897323]
2022-09-14 00:33:32.208 | INFO     | tools.trainer:train_loop:126 - Epoch: [56/ 80] | Train loss: [0.08033734710226136]
2022-09-14 00:35:05.144 | INFO     | tools.trainer:train_loop:126 - Epoch: [57/ 80] | Train loss: [0.09276415233410173]
2022-09-14 00:36:38.836 | INFO     | tools.trainer:train_loop:126 - Epoch: [58/ 80] | Train loss: [0.0965214291767728]
2022-09-14 00:38:12.970 | INFO     | tools.trainer:train_loop:126 - Epoch: [59/ 80] | Train loss: [0.0841867148635849]
2022-09-14 00:39:46.897 | INFO     | tools.trainer:train_loop:126 - Epoch: [60/ 80] | Train loss: [0.07614490684242017]
2022-09-14 00:41:19.653 | INFO     | tools.trainer:train_loop:126 - Epoch: [61/ 80] | Train loss: [0.07352077161833163]
2022-09-14 00:42:53.624 | INFO     | tools.trainer:train_loop:126 - Epoch: [62/ 80] | Train loss: [0.0744549505292408]
2022-09-14 00:44:26.082 | INFO     | tools.trainer:train_loop:126 - Epoch: [63/ 80] | Train loss: [0.07679033934349014]
2022-09-14 00:45:59.896 | INFO     | tools.trainer:train_loop:126 - Epoch: [64/ 80] | Train loss: [0.07187524828458985]
2022-09-14 00:47:32.399 | INFO     | tools.trainer:train_loop:126 - Epoch: [65/ 80] | Train loss: [0.0745106065465558]
2022-09-14 00:49:07.588 | INFO     | tools.trainer:train_loop:126 - Epoch: [66/ 80] | Train loss: [0.06812335088128044]
2022-09-14 00:50:41.159 | INFO     | tools.trainer:train_loop:126 - Epoch: [67/ 80] | Train loss: [0.06356983568759696]
2022-09-14 00:52:14.681 | INFO     | tools.trainer:train_loop:126 - Epoch: [68/ 80] | Train loss: [0.06896247462399545]
2022-09-14 00:53:48.813 | INFO     | tools.trainer:train_loop:126 - Epoch: [69/ 80] | Train loss: [0.06557857659795592]
2022-09-14 00:55:22.037 | INFO     | tools.trainer:train_loop:126 - Epoch: [70/ 80] | Train loss: [0.06402450265182603]
2022-09-14 00:56:55.344 | INFO     | tools.trainer:train_loop:126 - Epoch: [71/ 80] | Train loss: [0.06423281190255957]
2022-09-14 00:58:30.099 | INFO     | tools.trainer:train_loop:126 - Epoch: [72/ 80] | Train loss: [0.06391615060067946]
2022-09-14 01:00:04.496 | INFO     | tools.trainer:train_loop:126 - Epoch: [73/ 80] | Train loss: [0.05789091582259824]
2022-09-14 01:01:36.583 | INFO     | tools.trainer:train_loop:126 - Epoch: [74/ 80] | Train loss: [0.05574754078782374]
2022-09-14 01:03:10.834 | INFO     | tools.trainer:train_loop:126 - Epoch: [75/ 80] | Train loss: [0.057119408892768044]
2022-09-14 01:04:44.277 | INFO     | tools.trainer:train_loop:126 - Epoch: [76/ 80] | Train loss: [0.05969496828413779]
2022-09-14 01:06:17.799 | INFO     | tools.trainer:train_loop:126 - Epoch: [77/ 80] | Train loss: [0.05437503493721447]
2022-09-14 01:07:52.553 | INFO     | tools.trainer:train_loop:126 - Epoch: [78/ 80] | Train loss: [0.05527016057843162]
2022-09-14 01:09:25.023 | INFO     | tools.trainer:train_loop:126 - Epoch: [79/ 80] | Train loss: [0.05814455224261168]
2022-09-14 01:11:00.837 | INFO     | tools.trainer:train_loop:126 - Epoch: [80/ 80] | Train loss: [0.058684040882414384]
2022-09-14 01:11:01.251 | INFO     | tools.trainer:train_loop:138 - [Saving Snapshot:]/home/s/hungpv/polyps/checkpoint/neo/neo_small_v4/MiT-B3-FaPNHead_80.pth
2022-09-14 01:11:01.251 | INFO     | tools.trainer:train_loop:147 - Training cost: 7458.9235925651155seconds
