2022-09-15 16:18:33.966 | INFO     | __main__:main:57 - Load config from configs/neo_small.yaml
2022-09-15 16:18:33.966 | INFO     | __main__:main:58 - {'dataset': {'data_path': '/home/s/hungpv/polyps/dataset', 'train_data_path': ['/home/s/hungpv/polyps/dataset/neo_small/train'], 'test_data_path': ['/home/s/hungpv/polyps/dataset/neo_small/test'], 'val_data_path': ['/home/s/hungpv/polyps/dataset/neo_small/test']}, 'model': {'num_classes': 3, 'save_dir': '/home/s/hungpv/polyps/checkpoint/neo/neo_small_v1', 'backbone': 'MiT-B3', 'head': 'FaPNHead', 'pretrained': '/home/s/hungpv/polyps/pretrained_models/mit_b3.pth'}, 'optimizer': {'name': 'adam', 'lr': 0.0001, 'clip': 0.5, 'scheduler': 'cosine_warmup', 'loss': 'multi_structure_loss'}, 'dev': 'cuda', 'train': {'start_from': 0, 'save_from': 99, 'num_epochs': 100, 'num_warmup_epoch': 8, 'is_val': False, 'size_rates': [0.75, 1, 1.25], 'dataloader': {'batchsize': 16, 'img_size': 384, 'shuffle': True, 'num_workers': 4, 'pin_memory': True, 'drop_last': True}, 'amp': False, 'ddp': False, 'augment': {'prob': 1, 'Flip_prob': 0.5, 'HueSaturationValue_prob': 0.5, 'RandomBrightnessContrast_prob': 0.5, 'crop_prob': 0.0, 'randomrotate90_prob': 0.5, 'ColorJitter_prob': 0.5}}, 'val': {'dataloader': {'batchsize': 8, 'img_size': 384, 'shuffle': True, 'num_workers': 4, 'pin_memory': True, 'drop_last': False}}, 'test': {'dev': 'cuda', 'visualize': True, 'visualize_dir': '/home/s/hungpv/polyps/neo_visualize', 'vis_x': 180, 'vis_overwrite': False, 'checkpoint_dir': '/home/s/hungpv/polyps/checkpoint/neo/neo_small_v1/MiT-B3-FaPNHead_100.pth', 'dataloader': {'batchsize': 1, 'img_size': 384, 'shuffle': True, 'num_workers': 4, 'pin_memory': True, 'drop_last': False}, 'augment': {'prob': 1, 'Flip_prob': 0, 'HueSaturationValue_prob': 0, 'RandomBrightnessContrast_prob': 0, 'crop_prob': 0, 'randomrotate90_prob': 0, 'elastictransform_prob': 0, 'gridistortion_prob': 0, 'opticaldistortion_prob': 0, 'verticalflip_prob': 0, 'horizontalflip_prob': 0, 'randomgamma_prob': 0, 'CoarseDropout_prob': 0, 'RGBShift_prob': 0, 'MotionBlur_prob': 0, 'MedianBlur_prob': 0, 'GaussianBlur_prob': 0, 'GaussNoise_prob': 0, 'ChannelShuffle_prob': 0}}}
2022-09-15 16:18:33.966 | INFO     | __main__:main:59 - Getting datapath
2022-09-15 16:18:33.971 | INFO     | __main__:main:74 - There are 1000 images to train
2022-09-15 16:18:33.972 | INFO     | __main__:main:93 - Train model with no valid dataset
2022-09-15 16:18:33.972 | INFO     | __main__:main:95 - Loading data
2022-09-15 16:18:34.054 | INFO     | __main__:main:109 - 62 batches to train
2022-09-15 16:18:34.055 | INFO     | __main__:main:122 - Loading model
2022-09-15 16:18:34.055 | INFO     | __main__:main:143 - Loading checkpoint from /home/s/hungpv/polyps/pretrained_models/mit_b3.pth ...
2022-09-15 16:18:37.201 | INFO     | __main__:main:187 - Training with FP32 ...
2022-09-15 16:20:09.116 | INFO     | tools.trainer:train_loop:126 - Epoch: [1/ 100] | Train loss: [2.2399180473819857]
2022-09-15 16:21:39.867 | INFO     | tools.trainer:train_loop:126 - Epoch: [2/ 100] | Train loss: [0.9854884186098652]
2022-09-15 16:23:10.967 | INFO     | tools.trainer:train_loop:126 - Epoch: [3/ 100] | Train loss: [0.7536986835541264]
2022-09-15 16:24:42.311 | INFO     | tools.trainer:train_loop:126 - Epoch: [4/ 100] | Train loss: [0.6337308162643064]
2022-09-15 16:26:13.621 | INFO     | tools.trainer:train_loop:126 - Epoch: [5/ 100] | Train loss: [0.5629074717721632]
2022-09-15 16:27:46.097 | INFO     | tools.trainer:train_loop:126 - Epoch: [6/ 100] | Train loss: [0.5332827178701278]
2022-09-15 16:29:17.959 | INFO     | tools.trainer:train_loop:126 - Epoch: [7/ 100] | Train loss: [0.5065281727621632]
2022-09-15 16:30:49.836 | INFO     | tools.trainer:train_loop:126 - Epoch: [8/ 100] | Train loss: [0.4722958649358442]
2022-09-15 16:32:22.448 | INFO     | tools.trainer:train_loop:126 - Epoch: [9/ 100] | Train loss: [0.3638072004241328]
2022-09-15 16:33:55.473 | INFO     | tools.trainer:train_loop:126 - Epoch: [10/ 100] | Train loss: [0.3317253719414434]
2022-09-15 16:35:28.970 | INFO     | tools.trainer:train_loop:126 - Epoch: [11/ 100] | Train loss: [0.38659501940973345]
2022-09-15 16:37:01.014 | INFO     | tools.trainer:train_loop:126 - Epoch: [12/ 100] | Train loss: [0.33199308740515865]
2022-09-15 16:38:34.532 | INFO     | tools.trainer:train_loop:126 - Epoch: [13/ 100] | Train loss: [0.28887065812464685]
2022-09-15 16:40:08.207 | INFO     | tools.trainer:train_loop:126 - Epoch: [14/ 100] | Train loss: [0.2665104568004608]
2022-09-15 16:41:40.306 | INFO     | tools.trainer:train_loop:126 - Epoch: [15/ 100] | Train loss: [0.25687232709700064]
2022-09-15 16:43:14.374 | INFO     | tools.trainer:train_loop:126 - Epoch: [16/ 100] | Train loss: [0.26231953201274716]
2022-09-15 16:44:47.217 | INFO     | tools.trainer:train_loop:126 - Epoch: [17/ 100] | Train loss: [0.24758710123358235]
2022-09-15 16:46:19.651 | INFO     | tools.trainer:train_loop:126 - Epoch: [18/ 100] | Train loss: [0.22971017322232645]
2022-09-15 16:47:52.782 | INFO     | tools.trainer:train_loop:126 - Epoch: [19/ 100] | Train loss: [0.25132392611234416]
2022-09-15 16:49:25.646 | INFO     | tools.trainer:train_loop:126 - Epoch: [20/ 100] | Train loss: [0.2391339565717405]
2022-09-15 16:51:00.330 | INFO     | tools.trainer:train_loop:126 - Epoch: [21/ 100] | Train loss: [0.20983363844213948]
2022-09-15 16:52:34.757 | INFO     | tools.trainer:train_loop:126 - Epoch: [22/ 100] | Train loss: [0.21715213863119]
2022-09-15 16:54:07.638 | INFO     | tools.trainer:train_loop:126 - Epoch: [23/ 100] | Train loss: [0.21558315967840533]
2022-09-15 16:55:41.113 | INFO     | tools.trainer:train_loop:126 - Epoch: [24/ 100] | Train loss: [0.20055775536644843]
2022-09-15 16:57:14.086 | INFO     | tools.trainer:train_loop:126 - Epoch: [25/ 100] | Train loss: [0.20257965042706458]
2022-09-15 16:58:48.619 | INFO     | tools.trainer:train_loop:126 - Epoch: [26/ 100] | Train loss: [0.18899192300535017]
2022-09-15 17:00:22.039 | INFO     | tools.trainer:train_loop:126 - Epoch: [27/ 100] | Train loss: [0.18154672383060377]
2022-09-15 17:01:54.824 | INFO     | tools.trainer:train_loop:126 - Epoch: [28/ 100] | Train loss: [0.1707071283411595]
2022-09-15 17:03:28.892 | INFO     | tools.trainer:train_loop:126 - Epoch: [29/ 100] | Train loss: [0.17203027460603945]
2022-09-15 17:05:02.082 | INFO     | tools.trainer:train_loop:126 - Epoch: [30/ 100] | Train loss: [0.16792400950385677]
2022-09-15 17:06:37.206 | INFO     | tools.trainer:train_loop:126 - Epoch: [31/ 100] | Train loss: [0.1783214035413919]
2022-09-15 17:08:12.587 | INFO     | tools.trainer:train_loop:126 - Epoch: [32/ 100] | Train loss: [0.17798614550021388]
2022-09-15 17:09:45.457 | INFO     | tools.trainer:train_loop:126 - Epoch: [33/ 100] | Train loss: [0.1704865835847393]
2022-09-15 17:11:18.712 | INFO     | tools.trainer:train_loop:126 - Epoch: [34/ 100] | Train loss: [0.1695456150919199]
2022-09-15 17:12:52.387 | INFO     | tools.trainer:train_loop:126 - Epoch: [35/ 100] | Train loss: [0.15407606304412888]
2022-09-15 17:14:25.678 | INFO     | tools.trainer:train_loop:126 - Epoch: [36/ 100] | Train loss: [0.15475744838195463]
2022-09-15 17:15:59.310 | INFO     | tools.trainer:train_loop:126 - Epoch: [37/ 100] | Train loss: [0.1426487511564647]
2022-09-15 17:17:32.332 | INFO     | tools.trainer:train_loop:126 - Epoch: [38/ 100] | Train loss: [0.16034949817244085]
2022-09-15 17:19:06.415 | INFO     | tools.trainer:train_loop:126 - Epoch: [39/ 100] | Train loss: [0.15612336596654308]
2022-09-15 17:20:39.795 | INFO     | tools.trainer:train_loop:126 - Epoch: [40/ 100] | Train loss: [0.1539835428758975]
2022-09-15 17:22:12.962 | INFO     | tools.trainer:train_loop:126 - Epoch: [41/ 100] | Train loss: [0.13690851430498785]
2022-09-15 17:23:45.486 | INFO     | tools.trainer:train_loop:126 - Epoch: [42/ 100] | Train loss: [0.1295078298257243]
2022-09-15 17:25:19.924 | INFO     | tools.trainer:train_loop:126 - Epoch: [43/ 100] | Train loss: [0.14438918118755664]
2022-09-15 17:26:55.237 | INFO     | tools.trainer:train_loop:126 - Epoch: [44/ 100] | Train loss: [0.15054318609256898]
2022-09-15 17:28:28.144 | INFO     | tools.trainer:train_loop:126 - Epoch: [45/ 100] | Train loss: [0.1362952928869955]
2022-09-15 17:30:02.261 | INFO     | tools.trainer:train_loop:126 - Epoch: [46/ 100] | Train loss: [0.11185978322980865]
2022-09-15 17:31:36.021 | INFO     | tools.trainer:train_loop:126 - Epoch: [47/ 100] | Train loss: [0.12272091570400423]
2022-09-15 17:33:09.288 | INFO     | tools.trainer:train_loop:126 - Epoch: [48/ 100] | Train loss: [0.11204584555760506]
2022-09-15 17:34:43.322 | INFO     | tools.trainer:train_loop:126 - Epoch: [49/ 100] | Train loss: [0.11103015465121116]
2022-09-15 17:36:16.433 | INFO     | tools.trainer:train_loop:126 - Epoch: [50/ 100] | Train loss: [0.11897059980659716]
2022-09-15 17:37:50.316 | INFO     | tools.trainer:train_loop:126 - Epoch: [51/ 100] | Train loss: [0.09898849288302083]
2022-09-15 17:39:25.223 | INFO     | tools.trainer:train_loop:126 - Epoch: [52/ 100] | Train loss: [0.11246950335560306]
2022-09-15 17:41:00.225 | INFO     | tools.trainer:train_loop:126 - Epoch: [53/ 100] | Train loss: [0.11773464293970216]
2022-09-15 17:42:33.039 | INFO     | tools.trainer:train_loop:126 - Epoch: [54/ 100] | Train loss: [0.10295406921255973]
2022-09-15 17:44:05.924 | INFO     | tools.trainer:train_loop:126 - Epoch: [55/ 100] | Train loss: [0.11250606659919984]
2022-09-15 17:45:40.018 | INFO     | tools.trainer:train_loop:126 - Epoch: [56/ 100] | Train loss: [0.09769696802381546]
2022-09-15 17:47:13.921 | INFO     | tools.trainer:train_loop:126 - Epoch: [57/ 100] | Train loss: [0.08320811655252211]
2022-09-15 17:48:46.475 | INFO     | tools.trainer:train_loop:126 - Epoch: [58/ 100] | Train loss: [0.09070682988291787]
2022-09-15 17:50:20.642 | INFO     | tools.trainer:train_loop:126 - Epoch: [59/ 100] | Train loss: [0.0894045730632159]
2022-09-15 17:51:55.524 | INFO     | tools.trainer:train_loop:126 - Epoch: [60/ 100] | Train loss: [0.0794680118560791]
2022-09-15 17:53:30.357 | INFO     | tools.trainer:train_loop:126 - Epoch: [61/ 100] | Train loss: [0.09619098487159898]
2022-09-15 17:55:04.235 | INFO     | tools.trainer:train_loop:126 - Epoch: [62/ 100] | Train loss: [0.07832351140677929]
2022-09-15 17:56:36.763 | INFO     | tools.trainer:train_loop:126 - Epoch: [63/ 100] | Train loss: [0.09546319551525577]
2022-09-15 17:58:11.479 | INFO     | tools.trainer:train_loop:126 - Epoch: [64/ 100] | Train loss: [0.0843811780815163]
2022-09-15 17:59:45.733 | INFO     | tools.trainer:train_loop:126 - Epoch: [65/ 100] | Train loss: [0.0933864816061912]
2022-09-15 18:01:19.834 | INFO     | tools.trainer:train_loop:126 - Epoch: [66/ 100] | Train loss: [0.07716182207748774]
2022-09-15 18:02:54.284 | INFO     | tools.trainer:train_loop:126 - Epoch: [67/ 100] | Train loss: [0.07598397694528103]
2022-09-15 18:04:28.068 | INFO     | tools.trainer:train_loop:126 - Epoch: [68/ 100] | Train loss: [0.07311315834522247]
2022-09-15 18:06:01.250 | INFO     | tools.trainer:train_loop:126 - Epoch: [69/ 100] | Train loss: [0.07672102052357889]
2022-09-15 18:07:36.176 | INFO     | tools.trainer:train_loop:126 - Epoch: [70/ 100] | Train loss: [0.07017046603704652]
2022-09-15 18:09:09.779 | INFO     | tools.trainer:train_loop:126 - Epoch: [71/ 100] | Train loss: [0.07358728517447749]
2022-09-15 18:10:43.451 | INFO     | tools.trainer:train_loop:126 - Epoch: [72/ 100] | Train loss: [0.07120389449259927]
2022-09-15 18:12:18.097 | INFO     | tools.trainer:train_loop:126 - Epoch: [73/ 100] | Train loss: [0.06907218286106663]
2022-09-15 18:13:51.460 | INFO     | tools.trainer:train_loop:126 - Epoch: [74/ 100] | Train loss: [0.07053250969657975]
2022-09-15 18:15:25.655 | INFO     | tools.trainer:train_loop:126 - Epoch: [75/ 100] | Train loss: [0.06960530858486891]
2022-09-15 18:16:58.617 | INFO     | tools.trainer:train_loop:126 - Epoch: [76/ 100] | Train loss: [0.07260709676531053]
2022-09-15 18:18:33.032 | INFO     | tools.trainer:train_loop:126 - Epoch: [77/ 100] | Train loss: [0.06253331893634412]
2022-09-15 18:20:05.539 | INFO     | tools.trainer:train_loop:126 - Epoch: [78/ 100] | Train loss: [0.06492369940444347]
2022-09-15 18:21:39.704 | INFO     | tools.trainer:train_loop:126 - Epoch: [79/ 100] | Train loss: [0.06065648385593968]
2022-09-15 18:23:14.616 | INFO     | tools.trainer:train_loop:126 - Epoch: [80/ 100] | Train loss: [0.061669616148837154]
2022-09-15 18:24:47.144 | INFO     | tools.trainer:train_loop:126 - Epoch: [81/ 100] | Train loss: [0.06254304107278585]
2022-09-15 18:26:20.465 | INFO     | tools.trainer:train_loop:126 - Epoch: [82/ 100] | Train loss: [0.05875872532206197]
2022-09-15 18:27:54.512 | INFO     | tools.trainer:train_loop:126 - Epoch: [83/ 100] | Train loss: [0.05855953897680006]
2022-09-15 18:29:28.211 | INFO     | tools.trainer:train_loop:126 - Epoch: [84/ 100] | Train loss: [0.057804669704168074]
2022-09-15 18:31:01.620 | INFO     | tools.trainer:train_loop:126 - Epoch: [85/ 100] | Train loss: [0.05338985142448256]
2022-09-15 18:32:34.465 | INFO     | tools.trainer:train_loop:126 - Epoch: [86/ 100] | Train loss: [0.05206160731012783]
2022-09-15 18:34:10.236 | INFO     | tools.trainer:train_loop:126 - Epoch: [87/ 100] | Train loss: [0.05241565790868575]
2022-09-15 18:35:43.134 | INFO     | tools.trainer:train_loop:126 - Epoch: [88/ 100] | Train loss: [0.0550739708386602]
2022-09-15 18:37:16.745 | INFO     | tools.trainer:train_loop:126 - Epoch: [89/ 100] | Train loss: [0.05352933933177302]
2022-09-15 18:38:51.569 | INFO     | tools.trainer:train_loop:126 - Epoch: [90/ 100] | Train loss: [0.052373993420793165]
2022-09-15 18:40:25.884 | INFO     | tools.trainer:train_loop:126 - Epoch: [91/ 100] | Train loss: [0.05091180222769899]
2022-09-15 18:42:00.076 | INFO     | tools.trainer:train_loop:126 - Epoch: [92/ 100] | Train loss: [0.052042136269230994]
2022-09-15 18:43:33.755 | INFO     | tools.trainer:train_loop:126 - Epoch: [93/ 100] | Train loss: [0.046234474427277045]
2022-09-15 18:45:06.472 | INFO     | tools.trainer:train_loop:126 - Epoch: [94/ 100] | Train loss: [0.051003864605820945]
2022-09-15 18:46:41.452 | INFO     | tools.trainer:train_loop:126 - Epoch: [95/ 100] | Train loss: [0.046577937840934724]
2022-09-15 18:48:16.039 | INFO     | tools.trainer:train_loop:126 - Epoch: [96/ 100] | Train loss: [0.05037283260495432]
2022-09-15 18:49:50.063 | INFO     | tools.trainer:train_loop:126 - Epoch: [97/ 100] | Train loss: [0.048909488074000806]
2022-09-15 18:51:22.653 | INFO     | tools.trainer:train_loop:126 - Epoch: [98/ 100] | Train loss: [0.04772562524604221]
2022-09-15 18:52:57.067 | INFO     | tools.trainer:train_loop:126 - Epoch: [99/ 100] | Train loss: [0.05023972215431352]
2022-09-15 18:54:30.153 | INFO     | tools.trainer:train_loop:126 - Epoch: [100/ 100] | Train loss: [0.04697725723587697]
2022-09-15 18:54:30.605 | INFO     | tools.trainer:train_loop:138 - [Saving Snapshot:]/home/s/hungpv/polyps/checkpoint/neo/neo_small_v1/MiT-B3-FaPNHead_100.pth
2022-09-15 18:54:30.606 | INFO     | tools.trainer:train_loop:147 - Training cost: 9352.457858178765seconds
