2022-09-13 00:05:24.497 | INFO     | __main__:main:57 - Load config from configs/neo_small.yaml
2022-09-13 00:05:24.497 | INFO     | __main__:main:58 - {'dataset': {'data_path': '/home/s/hungpv/polyps/dataset', 'train_data_path': ['/home/s/hungpv/polyps/dataset/neo_small/train'], 'test_data_path': ['/home/s/hungpv/polyps/dataset/neo_small/test'], 'val_data_path': ['/home/s/hungpv/polyps/dataset/neo_small/test']}, 'model': {'num_classes': 3, 'save_dir': '/home/s/hungpv/polyps/checkpoint/neo/neo_small_v1', 'backbone': 'MiT-B3', 'head': 'FaPNHead', 'pretrained': '/home/s/hungpv/polyps/pretrained_models/mit_b3.pth'}, 'optimizer': {'name': 'adam', 'lr': 0.0001, 'clip': 0.5, 'scheduler': 'cosine_warmup', 'loss': 'multi_structure_loss'}, 'dev': 'cuda', 'train': {'start_from': 0, 'save_from': 99, 'num_epochs': 100, 'num_warmup_epoch': 4, 'is_val': False, 'size_rates': [0.75, 1, 1.25], 'dataloader': {'batchsize': 16, 'img_size': 384, 'shuffle': True, 'num_workers': 4, 'pin_memory': True, 'drop_last': True}, 'amp': False, 'ddp': False, 'augment': {'prob': 1, 'Flip_prob': 0.5, 'HueSaturationValue_prob': 0.5, 'RandomBrightnessContrast_prob': 0.5, 'crop_prob': 0.0, 'randomrotate90_prob': 0.5, 'ColorJitter_prob': 0.5}}, 'val': {'dataloader': {'batchsize': 8, 'img_size': 384, 'shuffle': True, 'num_workers': 4, 'pin_memory': True, 'drop_last': False}}, 'test': {'dev': 'cuda', 'visualize': True, 'visualize_dir': '/home/s/hungpv/polyps/neo_visualize', 'vis_x': 180, 'vis_overwrite': False, 'checkpoint_dir': '/home/s/hungpv/polyps/checkpoint/neo/neo_small_v1/MiT-B3-UPerHead_60.pth', 'dataloader': {'batchsize': 1, 'img_size': 384, 'shuffle': True, 'num_workers': 4, 'pin_memory': True, 'drop_last': False}, 'augment': {'prob': 1, 'Flip_prob': 0, 'HueSaturationValue_prob': 0, 'RandomBrightnessContrast_prob': 0, 'crop_prob': 0, 'randomrotate90_prob': 0, 'elastictransform_prob': 0, 'gridistortion_prob': 0, 'opticaldistortion_prob': 0, 'verticalflip_prob': 0, 'horizontalflip_prob': 0, 'randomgamma_prob': 0, 'CoarseDropout_prob': 0, 'RGBShift_prob': 0, 'MotionBlur_prob': 0, 'MedianBlur_prob': 0, 'GaussianBlur_prob': 0, 'GaussNoise_prob': 0, 'ChannelShuffle_prob': 0}}}
2022-09-13 00:05:24.497 | INFO     | __main__:main:59 - Getting datapath
2022-09-13 00:05:24.502 | INFO     | __main__:main:74 - There are 1000 images to train
2022-09-13 00:05:24.503 | INFO     | __main__:main:93 - Train model with no valid dataset
2022-09-13 00:05:24.503 | INFO     | __main__:main:95 - Loading data
2022-09-13 00:05:24.607 | INFO     | __main__:main:109 - 62 batches to train
2022-09-13 00:05:24.607 | INFO     | __main__:main:122 - Loading model
2022-09-13 00:05:24.607 | INFO     | __main__:main:143 - Loading checkpoint from /home/s/hungpv/polyps/pretrained_models/mit_b3.pth ...
2022-09-13 00:05:27.745 | INFO     | __main__:main:187 - Training with FP32 ...
2022-09-13 00:07:00.024 | INFO     | tools.trainer:train_loop:126 - Epoch: [1/ 100] | Train loss: [2.475722566727669]
2022-09-13 00:08:31.141 | INFO     | tools.trainer:train_loop:126 - Epoch: [2/ 100] | Train loss: [1.1637235216556057]
2022-09-13 00:10:02.246 | INFO     | tools.trainer:train_loop:126 - Epoch: [3/ 100] | Train loss: [0.8195886323528905]
2022-09-13 00:11:33.581 | INFO     | tools.trainer:train_loop:126 - Epoch: [4/ 100] | Train loss: [0.6648764792949923]
2022-09-13 00:13:05.038 | INFO     | tools.trainer:train_loop:126 - Epoch: [5/ 100] | Train loss: [0.5918644181182308]
2022-09-13 00:14:37.644 | INFO     | tools.trainer:train_loop:126 - Epoch: [6/ 100] | Train loss: [0.5484271688807395]
2022-09-13 00:16:09.166 | INFO     | tools.trainer:train_loop:126 - Epoch: [7/ 100] | Train loss: [0.50605891885296]
2022-09-13 00:17:42.433 | INFO     | tools.trainer:train_loop:126 - Epoch: [8/ 100] | Train loss: [0.38306165318335256]
2022-09-13 00:19:14.148 | INFO     | tools.trainer:train_loop:126 - Epoch: [9/ 100] | Train loss: [0.32546828038269476]
2022-09-13 00:20:46.496 | INFO     | tools.trainer:train_loop:126 - Epoch: [10/ 100] | Train loss: [0.3111286391654322]
2022-09-13 00:22:19.969 | INFO     | tools.trainer:train_loop:126 - Epoch: [11/ 100] | Train loss: [0.2776622904404517]
2022-09-13 00:23:53.134 | INFO     | tools.trainer:train_loop:126 - Epoch: [12/ 100] | Train loss: [0.2840701674501742]
2022-09-13 00:25:25.203 | INFO     | tools.trainer:train_loop:126 - Epoch: [13/ 100] | Train loss: [0.26331038328428424]
2022-09-13 00:26:58.752 | INFO     | tools.trainer:train_loop:126 - Epoch: [14/ 100] | Train loss: [0.24592155698807008]
2022-09-13 00:28:30.723 | INFO     | tools.trainer:train_loop:126 - Epoch: [15/ 100] | Train loss: [0.23149982178884168]
2022-09-13 00:30:04.767 | INFO     | tools.trainer:train_loop:126 - Epoch: [16/ 100] | Train loss: [0.23371771518741885]
2022-09-13 00:31:38.313 | INFO     | tools.trainer:train_loop:126 - Epoch: [17/ 100] | Train loss: [0.23275240222292562]
2022-09-13 00:33:10.993 | INFO     | tools.trainer:train_loop:126 - Epoch: [18/ 100] | Train loss: [0.21909012837756064]
2022-09-13 00:34:45.329 | INFO     | tools.trainer:train_loop:126 - Epoch: [19/ 100] | Train loss: [0.23205447521421216]
2022-09-13 00:36:17.712 | INFO     | tools.trainer:train_loop:126 - Epoch: [20/ 100] | Train loss: [0.221298131611078]
2022-09-13 00:37:50.257 | INFO     | tools.trainer:train_loop:126 - Epoch: [21/ 100] | Train loss: [0.21680275326774967]
2022-09-13 00:39:23.561 | INFO     | tools.trainer:train_loop:126 - Epoch: [22/ 100] | Train loss: [0.19332994003930398]
2022-09-13 00:40:55.938 | INFO     | tools.trainer:train_loop:126 - Epoch: [23/ 100] | Train loss: [0.19321069998606558]
2022-09-13 00:42:30.132 | INFO     | tools.trainer:train_loop:126 - Epoch: [24/ 100] | Train loss: [0.16944289183424366]
2022-09-13 00:44:04.222 | INFO     | tools.trainer:train_loop:126 - Epoch: [25/ 100] | Train loss: [0.17536028114057356]
2022-09-13 00:45:37.784 | INFO     | tools.trainer:train_loop:126 - Epoch: [26/ 100] | Train loss: [0.19190402040558477]
2022-09-13 00:47:11.430 | INFO     | tools.trainer:train_loop:126 - Epoch: [27/ 100] | Train loss: [0.19304287842204493]
2022-09-13 00:48:43.899 | INFO     | tools.trainer:train_loop:126 - Epoch: [28/ 100] | Train loss: [0.18667767881866423]
2022-09-13 00:50:18.538 | INFO     | tools.trainer:train_loop:126 - Epoch: [29/ 100] | Train loss: [0.18038876859411115]
2022-09-13 00:51:52.108 | INFO     | tools.trainer:train_loop:126 - Epoch: [30/ 100] | Train loss: [0.1654676200161057]
2022-09-13 00:53:25.516 | INFO     | tools.trainer:train_loop:126 - Epoch: [31/ 100] | Train loss: [0.15908569415971155]
2022-09-13 00:55:00.290 | INFO     | tools.trainer:train_loop:126 - Epoch: [32/ 100] | Train loss: [0.1482968508836723]
2022-09-13 00:56:33.966 | INFO     | tools.trainer:train_loop:126 - Epoch: [33/ 100] | Train loss: [0.1636644037620675]
2022-09-13 00:58:06.681 | INFO     | tools.trainer:train_loop:126 - Epoch: [34/ 100] | Train loss: [0.15813510768836544]
2022-09-13 00:59:40.555 | INFO     | tools.trainer:train_loop:126 - Epoch: [35/ 100] | Train loss: [0.1450620770694748]
2022-09-13 01:01:14.927 | INFO     | tools.trainer:train_loop:126 - Epoch: [36/ 100] | Train loss: [0.1561581226846864]
2022-09-13 01:02:48.864 | INFO     | tools.trainer:train_loop:126 - Epoch: [37/ 100] | Train loss: [0.13034501251193784]
2022-09-13 01:04:21.481 | INFO     | tools.trainer:train_loop:126 - Epoch: [38/ 100] | Train loss: [0.12183869071304798]
2022-09-13 01:05:55.454 | INFO     | tools.trainer:train_loop:126 - Epoch: [39/ 100] | Train loss: [0.15637207638111808]
2022-09-13 01:07:30.221 | INFO     | tools.trainer:train_loop:126 - Epoch: [40/ 100] | Train loss: [0.13643762156847986]
2022-09-13 01:09:04.001 | INFO     | tools.trainer:train_loop:126 - Epoch: [41/ 100] | Train loss: [0.13652820230251358]
2022-09-13 01:10:36.896 | INFO     | tools.trainer:train_loop:126 - Epoch: [42/ 100] | Train loss: [0.15754360260982667]
2022-09-13 01:12:10.845 | INFO     | tools.trainer:train_loop:126 - Epoch: [43/ 100] | Train loss: [0.1381594508645996]
2022-09-13 01:13:44.979 | INFO     | tools.trainer:train_loop:126 - Epoch: [44/ 100] | Train loss: [0.13628982998911413]
2022-09-13 01:15:19.125 | INFO     | tools.trainer:train_loop:126 - Epoch: [45/ 100] | Train loss: [0.13908681928390457]
2022-09-13 01:16:52.686 | INFO     | tools.trainer:train_loop:126 - Epoch: [46/ 100] | Train loss: [0.10916434787213802]
2022-09-13 01:18:25.690 | INFO     | tools.trainer:train_loop:126 - Epoch: [47/ 100] | Train loss: [0.11992866557932669]
2022-09-13 01:19:59.916 | INFO     | tools.trainer:train_loop:126 - Epoch: [48/ 100] | Train loss: [0.1625967168759915]
2022-09-13 01:21:34.199 | INFO     | tools.trainer:train_loop:126 - Epoch: [49/ 100] | Train loss: [0.14225748331556398]
2022-09-13 01:23:09.011 | INFO     | tools.trainer:train_loop:126 - Epoch: [50/ 100] | Train loss: [0.12622286787917536]
2022-09-13 01:24:42.056 | INFO     | tools.trainer:train_loop:126 - Epoch: [51/ 100] | Train loss: [0.10520719598618246]
2022-09-13 01:26:16.334 | INFO     | tools.trainer:train_loop:126 - Epoch: [52/ 100] | Train loss: [0.1084460711647426]
2022-09-13 01:27:49.699 | INFO     | tools.trainer:train_loop:126 - Epoch: [53/ 100] | Train loss: [0.10695510573925511]
2022-09-13 01:29:23.693 | INFO     | tools.trainer:train_loop:126 - Epoch: [54/ 100] | Train loss: [0.10942371646242757]
2022-09-13 01:30:56.677 | INFO     | tools.trainer:train_loop:126 - Epoch: [55/ 100] | Train loss: [0.11312262599747028]
2022-09-13 01:32:29.941 | INFO     | tools.trainer:train_loop:126 - Epoch: [56/ 100] | Train loss: [0.10825404200342394]
2022-09-13 01:34:04.267 | INFO     | tools.trainer:train_loop:126 - Epoch: [57/ 100] | Train loss: [0.09948809096409429]
2022-09-13 01:35:39.176 | INFO     | tools.trainer:train_loop:126 - Epoch: [58/ 100] | Train loss: [0.092084196846812]
2022-09-13 01:37:12.134 | INFO     | tools.trainer:train_loop:126 - Epoch: [59/ 100] | Train loss: [0.08955517002651768]
2022-09-13 01:38:46.135 | INFO     | tools.trainer:train_loop:126 - Epoch: [60/ 100] | Train loss: [0.08465311351803041]
2022-09-13 01:40:20.016 | INFO     | tools.trainer:train_loop:126 - Epoch: [61/ 100] | Train loss: [0.07826758206130997]
2022-09-13 01:41:54.084 | INFO     | tools.trainer:train_loop:126 - Epoch: [62/ 100] | Train loss: [0.08480057264527967]
2022-09-13 01:43:26.964 | INFO     | tools.trainer:train_loop:126 - Epoch: [63/ 100] | Train loss: [0.08587846027747277]
2022-09-13 01:45:01.570 | INFO     | tools.trainer:train_loop:126 - Epoch: [64/ 100] | Train loss: [0.09097360483100338]
2022-09-13 01:46:36.775 | INFO     | tools.trainer:train_loop:126 - Epoch: [65/ 100] | Train loss: [0.07990693337013645]
2022-09-13 01:48:10.351 | INFO     | tools.trainer:train_loop:126 - Epoch: [66/ 100] | Train loss: [0.07407255717102558]
2022-09-13 01:49:44.713 | INFO     | tools.trainer:train_loop:126 - Epoch: [67/ 100] | Train loss: [0.07415487905663828]
2022-09-13 01:51:18.025 | INFO     | tools.trainer:train_loop:126 - Epoch: [68/ 100] | Train loss: [0.07888465335652713]
2022-09-13 01:52:51.469 | INFO     | tools.trainer:train_loop:126 - Epoch: [69/ 100] | Train loss: [0.07982173802391175]
2022-09-13 01:54:25.545 | INFO     | tools.trainer:train_loop:126 - Epoch: [70/ 100] | Train loss: [0.07535767125626726]
2022-09-13 01:55:58.136 | INFO     | tools.trainer:train_loop:126 - Epoch: [71/ 100] | Train loss: [0.06765027785853993]
2022-09-13 01:57:31.925 | INFO     | tools.trainer:train_loop:126 - Epoch: [72/ 100] | Train loss: [0.06931799193543772]
2022-09-13 01:59:06.009 | INFO     | tools.trainer:train_loop:126 - Epoch: [73/ 100] | Train loss: [0.07180891681702868]
2022-09-13 02:00:38.750 | INFO     | tools.trainer:train_loop:126 - Epoch: [74/ 100] | Train loss: [0.07030117232352495]
2022-09-13 02:02:13.245 | INFO     | tools.trainer:train_loop:126 - Epoch: [75/ 100] | Train loss: [0.0692806112610044]
2022-09-13 02:03:46.955 | INFO     | tools.trainer:train_loop:126 - Epoch: [76/ 100] | Train loss: [0.0662877803908721]
2022-09-13 02:05:21.180 | INFO     | tools.trainer:train_loop:126 - Epoch: [77/ 100] | Train loss: [0.0647579897795954]
2022-09-13 02:06:54.179 | INFO     | tools.trainer:train_loop:126 - Epoch: [78/ 100] | Train loss: [0.06650536429257162]
2022-09-13 02:08:29.093 | INFO     | tools.trainer:train_loop:126 - Epoch: [79/ 100] | Train loss: [0.06038448581051442]
2022-09-13 02:10:03.956 | INFO     | tools.trainer:train_loop:126 - Epoch: [80/ 100] | Train loss: [0.06571350793444342]
2022-09-13 02:11:37.424 | INFO     | tools.trainer:train_loop:126 - Epoch: [81/ 100] | Train loss: [0.05975125267380668]
2022-09-13 02:13:12.348 | INFO     | tools.trainer:train_loop:126 - Epoch: [82/ 100] | Train loss: [0.06119248301031128]
2022-09-13 02:14:45.630 | INFO     | tools.trainer:train_loop:126 - Epoch: [83/ 100] | Train loss: [0.061740406818928256]
2022-09-13 02:16:19.412 | INFO     | tools.trainer:train_loop:126 - Epoch: [84/ 100] | Train loss: [0.056877176097083475]
2022-09-13 02:17:52.820 | INFO     | tools.trainer:train_loop:126 - Epoch: [85/ 100] | Train loss: [0.05922120476081487]
2022-09-13 02:19:25.702 | INFO     | tools.trainer:train_loop:126 - Epoch: [86/ 100] | Train loss: [0.056280890870238506]
2022-09-13 02:21:00.089 | INFO     | tools.trainer:train_loop:126 - Epoch: [87/ 100] | Train loss: [0.05484813232455523]
2022-09-13 02:22:32.601 | INFO     | tools.trainer:train_loop:126 - Epoch: [88/ 100] | Train loss: [0.054030865971599853]
2022-09-13 02:24:06.406 | INFO     | tools.trainer:train_loop:126 - Epoch: [89/ 100] | Train loss: [0.05786829000158656]
2022-09-13 02:25:40.032 | INFO     | tools.trainer:train_loop:126 - Epoch: [90/ 100] | Train loss: [0.05691440075996422]
2022-09-13 02:27:14.278 | INFO     | tools.trainer:train_loop:126 - Epoch: [91/ 100] | Train loss: [0.05722420524445272]
2022-09-13 02:28:47.257 | INFO     | tools.trainer:train_loop:126 - Epoch: [92/ 100] | Train loss: [0.05985778783478083]
2022-09-13 02:30:21.129 | INFO     | tools.trainer:train_loop:126 - Epoch: [93/ 100] | Train loss: [0.05288752694163592]
2022-09-13 02:31:55.755 | INFO     | tools.trainer:train_loop:126 - Epoch: [94/ 100] | Train loss: [0.053796696716979626]
2022-09-13 02:33:28.522 | INFO     | tools.trainer:train_loop:126 - Epoch: [95/ 100] | Train loss: [0.05641951745436076]
2022-09-13 02:35:03.218 | INFO     | tools.trainer:train_loop:126 - Epoch: [96/ 100] | Train loss: [0.05456136452454713]
2022-09-13 02:36:35.779 | INFO     | tools.trainer:train_loop:126 - Epoch: [97/ 100] | Train loss: [0.05738100193200573]
2022-09-13 02:38:10.553 | INFO     | tools.trainer:train_loop:126 - Epoch: [98/ 100] | Train loss: [0.05490488766302024]
2022-09-13 02:39:44.231 | INFO     | tools.trainer:train_loop:126 - Epoch: [99/ 100] | Train loss: [0.05559941540442167]
2022-09-13 02:41:16.703 | INFO     | tools.trainer:train_loop:126 - Epoch: [100/ 100] | Train loss: [0.053108205658293536]
2022-09-13 02:41:17.123 | INFO     | tools.trainer:train_loop:138 - [Saving Snapshot:]/home/s/hungpv/polyps/checkpoint/neo/neo_small_v1/MiT-B3-FaPNHead_100.pth
2022-09-13 02:41:17.124 | INFO     | tools.trainer:train_loop:147 - Training cost: 9348.423730229959seconds
