2022-04-03 00:32:34.295 | INFO     | __main__:main:45 - Load config from configs/mit-segformer.yaml
2022-04-03 00:32:34.296 | INFO     | __main__:main:46 - {'dataset': {'data_path': '/home/admin_mcn/hungpv/polyps/dataset/KCECE', 'train_data_path': ['/home/admin_mcn/hungpv/polyps/dataset/KCECE/TrainDataset'], 'test_data_path': ['/home/admin_mcn/hungpv/polyps/dataset/KCECE/TestDataset/Kvasir'], 'val_data_path': ['/home/admin_mcn/hungpv/polyps/dataset/KCECE/TestDataset/CVC-300']}, 'model': {'num_classes': 1, 'save_dir': '/mnt/data/hungpv/polyps/checkpoint/KCECE/mit-segformer_v4', 'backbone': 'MiT-B3', 'head': 'SegFormerHead', 'pretrained': '/mnt/data/hungpv/polyps/pretrained-backbone/mit_b3.pth'}, 'optimizer': {'name': 'adam', 'lr': 0.0001, 'clip': 0.5, 'scheduler': 'cosine_warmup', 'num_warmup_epoch': 1, 'loss': 'structure_loss'}, 'dev': 'cuda', 'train': {'start_from': 0, 'save_from': 78, 'num_epochs': 80, 'num_warmup_epoch': 10, 'is_val': False, 'size_rates': [0.75, 1, 1.25], 'dataloader': {'batchsize': 16, 'img_size': 352, 'shuffle': True, 'num_workers': 2, 'pin_memory': True, 'drop_last': True}, 'amp': False, 'ddp': False, 'augment': {'prob': 1, 'Flip_prob': 0.7, 'HueSaturationValue_prob': 0.7, 'RandomBrightnessContrast_prob': 0.5, 'crop_prob': 0.2, 'randomrotate90_prob': 0.7}}, 'test': {'dev': 'cuda', 'visualize': False, 'visualize_dir': '/mnt/data/hungpv/polyps/visualize', 'vis_x': 180, 'vis_overwrite': False, 'checkpoint_dir': '/mnt/data/hungpv/polyps/checkpoint/KCECE/mit-segformer_v3/MiT-B3-SegFormerHead_60.pth', 'dataloader': {'batchsize': 1, 'img_size': 352, 'shuffle': True, 'num_workers': 2, 'pin_memory': True, 'drop_last': True}, 'augment': {'prob': 1, 'Flip_prob': 0, 'HueSaturationValue_prob': 0, 'RandomBrightnessContrast_prob': 0, 'crop_prob': 0, 'randomrotate90_prob': 0, 'elastictransform_prob': 0, 'gridistortion_prob': 0, 'opticaldistortion_prob': 0, 'verticalflip_prob': 0, 'horizontalflip_prob': 0, 'randomgamma_prob': 0, 'CoarseDropout_prob': 0, 'RGBShift_prob': 0, 'MotionBlur_prob': 0, 'MedianBlur_prob': 0, 'GaussianBlur_prob': 0, 'GaussNoise_prob': 0, 'ChannelShuffle_prob': 0}}}
2022-04-03 00:32:34.296 | INFO     | __main__:main:47 - Getting datapath
2022-04-03 00:32:34.302 | INFO     | __main__:main:61 - There are 1450 images to train
2022-04-03 00:32:34.302 | INFO     | __main__:main:80 - Train model with no valid dataset
2022-04-03 00:32:34.302 | INFO     | __main__:main:82 - Loading data
2022-04-03 00:32:34.391 | INFO     | __main__:main:96 - 90 batches to train
2022-04-03 00:32:34.395 | INFO     | __main__:main:109 - Loading model
2022-04-03 00:32:34.395 | INFO     | __main__:main:126 - Loading checkpoint from /mnt/data/hungpv/polyps/pretrained-backbone/mit_b3.pth ...
2022-04-03 00:32:36.892 | INFO     | __main__:main:164 - Training with FP32 ...
2022-04-03 00:34:52.461 | INFO     | tools.trainer:train_loop:89 - Epoch: [1/ 80] | Train loss: [1.2457145611445108]
2022-04-03 00:37:07.385 | INFO     | tools.trainer:train_loop:89 - Epoch: [2/ 80] | Train loss: [0.676118544737498]
2022-04-03 00:39:22.483 | INFO     | tools.trainer:train_loop:89 - Epoch: [3/ 80] | Train loss: [0.5477985776133008]
2022-04-03 00:39:22.678 | INFO     | tools.trainer:train_loop:104 - [Saving Snapshot:]/mnt/data/hungpv/polyps/checkpoint/KCECE/mit-segformer_v4/MiT-B3-SegFormerHead_3.pth
2022-04-03 00:41:38.181 | INFO     | tools.trainer:train_loop:89 - Epoch: [4/ 80] | Train loss: [0.4503466685612996]
2022-04-03 00:43:53.423 | INFO     | tools.trainer:train_loop:89 - Epoch: [5/ 80] | Train loss: [0.39343086762560736]
2022-04-03 00:46:08.711 | INFO     | tools.trainer:train_loop:89 - Epoch: [6/ 80] | Train loss: [0.3455573606822226]
2022-04-03 00:48:24.174 | INFO     | tools.trainer:train_loop:89 - Epoch: [7/ 80] | Train loss: [0.31772777769300675]
2022-04-03 00:50:39.748 | INFO     | tools.trainer:train_loop:89 - Epoch: [8/ 80] | Train loss: [0.31350793176227143]
2022-04-03 00:52:55.656 | INFO     | tools.trainer:train_loop:89 - Epoch: [9/ 80] | Train loss: [0.2811492022540834]
2022-04-03 00:55:10.959 | INFO     | tools.trainer:train_loop:89 - Epoch: [10/ 80] | Train loss: [0.26612190571096206]
2022-04-03 00:57:26.295 | INFO     | tools.trainer:train_loop:89 - Epoch: [11/ 80] | Train loss: [0.2751718597279655]
2022-04-03 00:59:42.019 | INFO     | tools.trainer:train_loop:89 - Epoch: [12/ 80] | Train loss: [0.25975287357966104]
2022-04-03 01:01:57.343 | INFO     | tools.trainer:train_loop:89 - Epoch: [13/ 80] | Train loss: [0.24889426545964347]
2022-04-03 01:04:12.955 | INFO     | tools.trainer:train_loop:89 - Epoch: [14/ 80] | Train loss: [0.2409237946073214]
2022-04-03 01:06:28.586 | INFO     | tools.trainer:train_loop:89 - Epoch: [15/ 80] | Train loss: [0.23626173734664918]
2022-04-03 01:08:43.880 | INFO     | tools.trainer:train_loop:89 - Epoch: [16/ 80] | Train loss: [0.229264823678467]
2022-04-03 01:10:59.759 | INFO     | tools.trainer:train_loop:89 - Epoch: [17/ 80] | Train loss: [0.22445032397905987]
2022-04-03 01:13:15.200 | INFO     | tools.trainer:train_loop:89 - Epoch: [18/ 80] | Train loss: [0.20652726408508087]
2022-04-03 01:15:30.922 | INFO     | tools.trainer:train_loop:89 - Epoch: [19/ 80] | Train loss: [0.2135222593943278]
2022-04-03 01:17:46.639 | INFO     | tools.trainer:train_loop:89 - Epoch: [20/ 80] | Train loss: [0.2005221653315756]
