2022-08-10 01:54:26.393 | INFO     | __main__:main:57 - Load config from configs/neo_large.yaml
2022-08-10 01:54:26.393 | INFO     | __main__:main:58 - {'dataset': {'data_path': '/home/s/WLIv5_pub_noud', 'train_data_path': ['/home/s/WLIv5_pub_noud/Train'], 'test_data_path': ['/home/s/WLIv5_pub_noud/Test'], 'val_data_path': ['/home/s/WLIv5_pub_noud/Test']}, 'model': {'num_classes': 3, 'save_dir': '/home/s/hungpv/polyps/checkpoints/neo_large_v1', 'backbone': 'MiT-B3', 'head': 'UPerHead', 'pretrained': '/home/s/hungpv/polyps/pretrained_models/mit_b3.pth'}, 'optimizer': {'name': 'adam', 'lr': 0.0004, 'clip': 0.5, 'scheduler': 'cosine_warmup', 'loss': 'multi_structure_loss'}, 'dev': 'cuda', 'train': {'start_from': 0, 'save_from': 149, 'num_epochs': 150, 'num_warmup_epoch': 8, 'is_val': False, 'size_rates': [0.75, 1, 1.25], 'dataloader': {'batchsize': 16, 'img_size': 352, 'shuffle': True, 'num_workers': 4, 'pin_memory': True, 'drop_last': True}, 'amp': False, 'ddp': False, 'augment': {'prob': 1, 'Flip_prob': 0.5, 'HueSaturationValue_prob': 0.5, 'RandomBrightnessContrast_prob': 0.5, 'crop_prob': 0.0, 'randomrotate90_prob': 0.5, 'elastictransform_prob': 0.0, 'ColorJitter_prob': 0.5}}, 'val': {'dataloader': {'batchsize': 8, 'img_size': 352, 'shuffle': True, 'num_workers': 4, 'pin_memory': True, 'drop_last': False}}, 'test': {'dev': 'cuda', 'visualize': True, 'visualize_dir': '/home/s/hungpv/polyps/neo_visualize', 'vis_x': 180, 'vis_overwrite': False, 'checkpoint_dir': '/home/s/hungpv/polyps/checkpoints/neo_large_v13/MiT-B3-UPerHead_100.pth', 'dataloader': {'batchsize': 1, 'img_size': 352, 'shuffle': True, 'num_workers': 4, 'pin_memory': True, 'drop_last': False}, 'augment': {'prob': 1, 'Flip_prob': 0, 'HueSaturationValue_prob': 0, 'RandomBrightnessContrast_prob': 0, 'crop_prob': 0, 'randomrotate90_prob': 0, 'elastictransform_prob': 0, 'gridistortion_prob': 0, 'opticaldistortion_prob': 0, 'verticalflip_prob': 0, 'horizontalflip_prob': 0, 'randomgamma_prob': 0, 'CoarseDropout_prob': 0, 'RGBShift_prob': 0, 'MotionBlur_prob': 0, 'MedianBlur_prob': 0, 'GaussianBlur_prob': 0, 'GaussNoise_prob': 0, 'ChannelShuffle_prob': 0}}}
2022-08-10 01:54:26.393 | INFO     | __main__:main:59 - Getting datapath
2022-08-10 01:54:26.478 | INFO     | __main__:main:74 - There are 5277 images to train
2022-08-10 01:54:26.499 | INFO     | __main__:main:93 - Train model with no valid dataset
2022-08-10 01:54:26.499 | INFO     | __main__:main:95 - Loading data
2022-08-10 01:54:29.159 | INFO     | __main__:main:109 - 329 batches to train
2022-08-10 01:54:29.828 | INFO     | __main__:main:122 - Loading model
2022-08-10 01:54:29.828 | INFO     | __main__:main:143 - Loading checkpoint from /home/s/hungpv/polyps/pretrained_models/mit_b3.pth ...
2022-08-10 01:54:32.999 | INFO     | __main__:main:187 - Training with FP32 ...
2022-08-10 02:01:00.796 | INFO     | tools.trainer:train_loop:124 - Epoch: [1/ 150] | Train loss: [1.0775115051530415]
2022-08-10 02:07:28.110 | INFO     | tools.trainer:train_loop:124 - Epoch: [2/ 150] | Train loss: [0.38279888672488077]
2022-08-10 02:13:55.995 | INFO     | tools.trainer:train_loop:124 - Epoch: [3/ 150] | Train loss: [0.3189563830482199]
2022-08-10 02:20:24.263 | INFO     | tools.trainer:train_loop:124 - Epoch: [4/ 150] | Train loss: [0.330563768314192]
2022-08-10 02:26:53.453 | INFO     | tools.trainer:train_loop:124 - Epoch: [5/ 150] | Train loss: [0.3123736573343581]
2022-08-10 02:33:22.576 | INFO     | tools.trainer:train_loop:124 - Epoch: [6/ 150] | Train loss: [0.3136999493629012]
2022-08-10 02:39:51.995 | INFO     | tools.trainer:train_loop:124 - Epoch: [7/ 150] | Train loss: [0.33841541975646033]
2022-08-10 02:46:20.934 | INFO     | tools.trainer:train_loop:124 - Epoch: [8/ 150] | Train loss: [0.31411299385741853]
2022-08-10 02:52:50.147 | INFO     | tools.trainer:train_loop:124 - Epoch: [9/ 150] | Train loss: [0.3125398537670588]
2022-08-10 02:59:19.222 | INFO     | tools.trainer:train_loop:124 - Epoch: [10/ 150] | Train loss: [0.3182266077825001]
2022-08-10 03:05:48.661 | INFO     | tools.trainer:train_loop:124 - Epoch: [11/ 150] | Train loss: [0.32100189733106677]
2022-08-10 03:12:17.512 | INFO     | tools.trainer:train_loop:124 - Epoch: [12/ 150] | Train loss: [0.31510357993533183]
2022-08-10 03:18:46.577 | INFO     | tools.trainer:train_loop:124 - Epoch: [13/ 150] | Train loss: [0.3276446705802958]
2022-08-10 03:25:15.643 | INFO     | tools.trainer:train_loop:124 - Epoch: [14/ 150] | Train loss: [0.3250451513699123]
2022-08-10 03:31:44.319 | INFO     | tools.trainer:train_loop:124 - Epoch: [15/ 150] | Train loss: [0.3265085751841858]
2022-08-10 03:38:13.631 | INFO     | tools.trainer:train_loop:124 - Epoch: [16/ 150] | Train loss: [0.30931063166233547]
2022-08-10 03:44:42.547 | INFO     | tools.trainer:train_loop:124 - Epoch: [17/ 150] | Train loss: [0.3203769753995637]
2022-08-10 03:51:12.099 | INFO     | tools.trainer:train_loop:124 - Epoch: [18/ 150] | Train loss: [0.3156113760223142]
2022-08-10 03:57:40.992 | INFO     | tools.trainer:train_loop:124 - Epoch: [19/ 150] | Train loss: [0.3128441913693147]
2022-08-10 04:04:10.638 | INFO     | tools.trainer:train_loop:124 - Epoch: [20/ 150] | Train loss: [0.31126544597391664]
2022-08-10 04:10:39.358 | INFO     | tools.trainer:train_loop:124 - Epoch: [21/ 150] | Train loss: [0.3182169013517968]
2022-08-10 04:17:08.323 | INFO     | tools.trainer:train_loop:124 - Epoch: [22/ 150] | Train loss: [0.3041350607134651]
2022-08-10 04:23:37.141 | INFO     | tools.trainer:train_loop:124 - Epoch: [23/ 150] | Train loss: [0.31346945627663275]
2022-08-10 04:30:05.835 | INFO     | tools.trainer:train_loop:124 - Epoch: [24/ 150] | Train loss: [0.29386879109684094]
2022-08-10 04:36:34.637 | INFO     | tools.trainer:train_loop:124 - Epoch: [25/ 150] | Train loss: [0.30048457992837785]
2022-08-10 04:43:03.400 | INFO     | tools.trainer:train_loop:124 - Epoch: [26/ 150] | Train loss: [0.29067527874171917]
2022-08-10 04:49:32.735 | INFO     | tools.trainer:train_loop:124 - Epoch: [27/ 150] | Train loss: [0.28645975813043156]
2022-08-10 04:56:01.218 | INFO     | tools.trainer:train_loop:124 - Epoch: [28/ 150] | Train loss: [0.29241601803473066]
2022-08-10 05:02:30.066 | INFO     | tools.trainer:train_loop:124 - Epoch: [29/ 150] | Train loss: [0.28915699532872635]
2022-08-10 05:08:59.495 | INFO     | tools.trainer:train_loop:124 - Epoch: [30/ 150] | Train loss: [0.2844929530491945]
2022-08-10 05:15:27.874 | INFO     | tools.trainer:train_loop:124 - Epoch: [31/ 150] | Train loss: [0.29438820990838543]
2022-08-10 05:21:56.039 | INFO     | tools.trainer:train_loop:124 - Epoch: [32/ 150] | Train loss: [0.28203042655458566]
2022-08-10 05:28:24.365 | INFO     | tools.trainer:train_loop:124 - Epoch: [33/ 150] | Train loss: [0.27881896045160875]
2022-08-10 05:34:52.516 | INFO     | tools.trainer:train_loop:124 - Epoch: [34/ 150] | Train loss: [0.2784475417167945]
2022-08-10 05:41:21.090 | INFO     | tools.trainer:train_loop:124 - Epoch: [35/ 150] | Train loss: [0.2692096235406073]
2022-08-10 05:47:48.980 | INFO     | tools.trainer:train_loop:124 - Epoch: [36/ 150] | Train loss: [0.2668562207178504]
2022-08-10 05:54:16.622 | INFO     | tools.trainer:train_loop:124 - Epoch: [37/ 150] | Train loss: [0.26387838305945094]
2022-08-10 06:00:44.304 | INFO     | tools.trainer:train_loop:124 - Epoch: [38/ 150] | Train loss: [0.2689586257318595]
2022-08-10 06:07:12.015 | INFO     | tools.trainer:train_loop:124 - Epoch: [39/ 150] | Train loss: [0.2577402747510777]
2022-08-10 06:13:40.564 | INFO     | tools.trainer:train_loop:124 - Epoch: [40/ 150] | Train loss: [0.25909955038669263]
2022-08-10 06:20:08.887 | INFO     | tools.trainer:train_loop:124 - Epoch: [41/ 150] | Train loss: [0.267394723727348]
2022-08-10 06:26:37.439 | INFO     | tools.trainer:train_loop:124 - Epoch: [42/ 150] | Train loss: [0.257173231239558]
2022-08-10 06:33:04.840 | INFO     | tools.trainer:train_loop:124 - Epoch: [43/ 150] | Train loss: [0.2605044792397769]
2022-08-10 06:39:33.044 | INFO     | tools.trainer:train_loop:124 - Epoch: [44/ 150] | Train loss: [0.25616811230597525]
2022-08-10 06:46:01.638 | INFO     | tools.trainer:train_loop:124 - Epoch: [45/ 150] | Train loss: [0.2524873685873026]
2022-08-10 06:52:29.711 | INFO     | tools.trainer:train_loop:124 - Epoch: [46/ 150] | Train loss: [0.2515907700436818]
2022-08-10 06:58:58.130 | INFO     | tools.trainer:train_loop:124 - Epoch: [47/ 150] | Train loss: [0.2507703706033324]
2022-08-10 07:05:26.113 | INFO     | tools.trainer:train_loop:124 - Epoch: [48/ 150] | Train loss: [0.25294440149083325]
2022-08-10 07:11:54.525 | INFO     | tools.trainer:train_loop:124 - Epoch: [49/ 150] | Train loss: [0.2398981107540406]
2022-08-10 07:18:23.047 | INFO     | tools.trainer:train_loop:124 - Epoch: [50/ 150] | Train loss: [0.24323244768797808]
2022-08-10 07:24:52.380 | INFO     | tools.trainer:train_loop:124 - Epoch: [51/ 150] | Train loss: [0.2451849659412284]
2022-08-10 07:31:21.389 | INFO     | tools.trainer:train_loop:124 - Epoch: [52/ 150] | Train loss: [0.2412014347939868]
2022-08-10 07:37:49.836 | INFO     | tools.trainer:train_loop:124 - Epoch: [53/ 150] | Train loss: [0.2379551497047433]
2022-08-10 07:44:17.745 | INFO     | tools.trainer:train_loop:124 - Epoch: [54/ 150] | Train loss: [0.24937992076471585]
2022-08-10 07:50:46.564 | INFO     | tools.trainer:train_loop:124 - Epoch: [55/ 150] | Train loss: [0.23562833809472145]
2022-08-10 07:57:15.339 | INFO     | tools.trainer:train_loop:124 - Epoch: [56/ 150] | Train loss: [0.23122634958351274]
2022-08-10 08:03:43.918 | INFO     | tools.trainer:train_loop:124 - Epoch: [57/ 150] | Train loss: [0.23434032203125738]
2022-08-10 08:10:12.573 | INFO     | tools.trainer:train_loop:124 - Epoch: [58/ 150] | Train loss: [0.22956601509931965]
2022-08-10 08:16:40.736 | INFO     | tools.trainer:train_loop:124 - Epoch: [59/ 150] | Train loss: [0.22718016970846067]
2022-08-10 08:23:09.029 | INFO     | tools.trainer:train_loop:124 - Epoch: [60/ 150] | Train loss: [0.2235059418282429]
2022-08-10 08:29:37.626 | INFO     | tools.trainer:train_loop:124 - Epoch: [61/ 150] | Train loss: [0.22089012977200076]
2022-08-10 08:36:06.409 | INFO     | tools.trainer:train_loop:124 - Epoch: [62/ 150] | Train loss: [0.22564517520934252]
2022-08-10 08:42:34.633 | INFO     | tools.trainer:train_loop:124 - Epoch: [63/ 150] | Train loss: [0.2232208759792851]
2022-08-10 08:49:03.477 | INFO     | tools.trainer:train_loop:124 - Epoch: [64/ 150] | Train loss: [0.2220972663408717]
2022-08-10 08:55:31.980 | INFO     | tools.trainer:train_loop:124 - Epoch: [65/ 150] | Train loss: [0.21417456490517026]
2022-08-10 09:02:00.349 | INFO     | tools.trainer:train_loop:124 - Epoch: [66/ 150] | Train loss: [0.2134306374314527]
2022-08-10 09:08:28.239 | INFO     | tools.trainer:train_loop:124 - Epoch: [67/ 150] | Train loss: [0.2207126344545634]
2022-08-10 09:14:56.600 | INFO     | tools.trainer:train_loop:124 - Epoch: [68/ 150] | Train loss: [0.22472079933867267]
2022-08-10 09:21:24.879 | INFO     | tools.trainer:train_loop:124 - Epoch: [69/ 150] | Train loss: [0.2134843690145342]
2022-08-10 09:27:53.391 | INFO     | tools.trainer:train_loop:124 - Epoch: [70/ 150] | Train loss: [0.21125135394124636]
2022-08-10 09:34:22.538 | INFO     | tools.trainer:train_loop:124 - Epoch: [71/ 150] | Train loss: [0.21524642550564826]
2022-08-10 09:40:50.683 | INFO     | tools.trainer:train_loop:124 - Epoch: [72/ 150] | Train loss: [0.2097080663571242]
2022-08-10 09:47:19.208 | INFO     | tools.trainer:train_loop:124 - Epoch: [73/ 150] | Train loss: [0.20718171863072188]
2022-08-10 09:53:47.541 | INFO     | tools.trainer:train_loop:124 - Epoch: [74/ 150] | Train loss: [0.20629318937161048]
2022-08-10 10:00:15.874 | INFO     | tools.trainer:train_loop:124 - Epoch: [75/ 150] | Train loss: [0.2197312814463779]
2022-08-10 10:06:44.005 | INFO     | tools.trainer:train_loop:124 - Epoch: [76/ 150] | Train loss: [0.20010694591922962]
2022-08-10 10:13:12.507 | INFO     | tools.trainer:train_loop:124 - Epoch: [77/ 150] | Train loss: [0.20637598897593723]
2022-08-10 10:19:41.011 | INFO     | tools.trainer:train_loop:124 - Epoch: [78/ 150] | Train loss: [0.20979255009838876]
2022-08-10 10:26:10.470 | INFO     | tools.trainer:train_loop:124 - Epoch: [79/ 150] | Train loss: [0.19878542072233096]
2022-08-10 10:32:39.735 | INFO     | tools.trainer:train_loop:124 - Epoch: [80/ 150] | Train loss: [0.1962353994441431]
2022-08-10 10:39:09.242 | INFO     | tools.trainer:train_loop:124 - Epoch: [81/ 150] | Train loss: [0.1978663084150991]
2022-08-10 10:45:39.387 | INFO     | tools.trainer:train_loop:124 - Epoch: [82/ 150] | Train loss: [0.19134510812380756]
2022-08-10 10:52:09.219 | INFO     | tools.trainer:train_loop:124 - Epoch: [83/ 150] | Train loss: [0.19534802698391548]
2022-08-10 10:58:38.973 | INFO     | tools.trainer:train_loop:124 - Epoch: [84/ 150] | Train loss: [0.18946974417675955]
2022-08-10 11:05:08.393 | INFO     | tools.trainer:train_loop:124 - Epoch: [85/ 150] | Train loss: [0.19111907948657733]
2022-08-10 11:11:37.923 | INFO     | tools.trainer:train_loop:124 - Epoch: [86/ 150] | Train loss: [0.18960316317286172]
2022-08-10 11:18:06.197 | INFO     | tools.trainer:train_loop:124 - Epoch: [87/ 150] | Train loss: [0.1818005178338851]
2022-08-10 11:24:34.343 | INFO     | tools.trainer:train_loop:124 - Epoch: [88/ 150] | Train loss: [0.18664259369567174]
2022-08-10 11:31:03.499 | INFO     | tools.trainer:train_loop:124 - Epoch: [89/ 150] | Train loss: [0.18821613812156723]
2022-08-10 11:37:33.561 | INFO     | tools.trainer:train_loop:124 - Epoch: [90/ 150] | Train loss: [0.18803034043420774]
2022-08-10 11:44:03.281 | INFO     | tools.trainer:train_loop:124 - Epoch: [91/ 150] | Train loss: [0.17844412122544548]
2022-08-10 11:50:32.652 | INFO     | tools.trainer:train_loop:124 - Epoch: [92/ 150] | Train loss: [0.177948816387849]
2022-08-10 11:57:01.350 | INFO     | tools.trainer:train_loop:124 - Epoch: [93/ 150] | Train loss: [0.1805091848919638]
2022-08-10 12:03:30.044 | INFO     | tools.trainer:train_loop:124 - Epoch: [94/ 150] | Train loss: [0.1777141297796577]
2022-08-10 12:09:58.685 | INFO     | tools.trainer:train_loop:124 - Epoch: [95/ 150] | Train loss: [0.17644930829076058]
2022-08-10 12:16:26.810 | INFO     | tools.trainer:train_loop:124 - Epoch: [96/ 150] | Train loss: [0.17103459524120965]
2022-08-10 12:22:56.079 | INFO     | tools.trainer:train_loop:124 - Epoch: [97/ 150] | Train loss: [0.17611322422882705]
2022-08-10 12:29:24.979 | INFO     | tools.trainer:train_loop:124 - Epoch: [98/ 150] | Train loss: [0.17130383814042463]
2022-08-10 12:35:53.584 | INFO     | tools.trainer:train_loop:124 - Epoch: [99/ 150] | Train loss: [0.16935000698843625]
2022-08-10 12:42:22.918 | INFO     | tools.trainer:train_loop:124 - Epoch: [100/ 150] | Train loss: [0.16981374616182685]
2022-08-10 12:48:52.318 | INFO     | tools.trainer:train_loop:124 - Epoch: [101/ 150] | Train loss: [0.17101217634228588]
2022-08-10 12:55:21.167 | INFO     | tools.trainer:train_loop:124 - Epoch: [102/ 150] | Train loss: [0.16984856316655603]
2022-08-10 13:01:50.789 | INFO     | tools.trainer:train_loop:124 - Epoch: [103/ 150] | Train loss: [0.16717339592411162]
2022-08-10 13:08:20.781 | INFO     | tools.trainer:train_loop:124 - Epoch: [104/ 150] | Train loss: [0.16648887010647895]
2022-08-10 13:14:49.717 | INFO     | tools.trainer:train_loop:124 - Epoch: [105/ 150] | Train loss: [0.16566508108223463]
2022-08-10 13:21:18.797 | INFO     | tools.trainer:train_loop:124 - Epoch: [106/ 150] | Train loss: [0.15908772185852463]
2022-08-10 13:27:47.763 | INFO     | tools.trainer:train_loop:124 - Epoch: [107/ 150] | Train loss: [0.15970377510804173]
2022-08-10 13:34:17.054 | INFO     | tools.trainer:train_loop:124 - Epoch: [108/ 150] | Train loss: [0.15898020319799158]
2022-08-10 13:40:45.935 | INFO     | tools.trainer:train_loop:124 - Epoch: [109/ 150] | Train loss: [0.16124705682681326]
2022-08-10 13:47:14.481 | INFO     | tools.trainer:train_loop:124 - Epoch: [110/ 150] | Train loss: [0.1578971137233237]
2022-08-10 13:53:42.277 | INFO     | tools.trainer:train_loop:124 - Epoch: [111/ 150] | Train loss: [0.15450370480450815]
2022-08-10 14:00:10.614 | INFO     | tools.trainer:train_loop:124 - Epoch: [112/ 150] | Train loss: [0.1499129588458132]
2022-08-10 14:06:39.415 | INFO     | tools.trainer:train_loop:124 - Epoch: [113/ 150] | Train loss: [0.1493950493769624]
2022-08-10 14:13:08.194 | INFO     | tools.trainer:train_loop:124 - Epoch: [114/ 150] | Train loss: [0.15450645080770403]
2022-08-10 14:19:37.166 | INFO     | tools.trainer:train_loop:124 - Epoch: [115/ 150] | Train loss: [0.14902815744733738]
2022-08-10 14:26:06.203 | INFO     | tools.trainer:train_loop:124 - Epoch: [116/ 150] | Train loss: [0.1476975594474552]
2022-08-10 14:32:34.605 | INFO     | tools.trainer:train_loop:124 - Epoch: [117/ 150] | Train loss: [0.15068002594323507]
2022-08-10 14:39:03.384 | INFO     | tools.trainer:train_loop:124 - Epoch: [118/ 150] | Train loss: [0.1484648816536625]
2022-08-10 14:45:33.338 | INFO     | tools.trainer:train_loop:124 - Epoch: [119/ 150] | Train loss: [0.15093587503108935]
2022-08-10 14:52:03.098 | INFO     | tools.trainer:train_loop:124 - Epoch: [120/ 150] | Train loss: [0.1480156432576817]
2022-08-10 14:58:31.912 | INFO     | tools.trainer:train_loop:124 - Epoch: [121/ 150] | Train loss: [0.14743553491530084]
2022-08-10 15:05:01.382 | INFO     | tools.trainer:train_loop:124 - Epoch: [122/ 150] | Train loss: [0.13936837082077666]
2022-08-10 15:11:31.382 | INFO     | tools.trainer:train_loop:124 - Epoch: [123/ 150] | Train loss: [0.14232971757016283]
2022-08-10 15:18:00.736 | INFO     | tools.trainer:train_loop:124 - Epoch: [124/ 150] | Train loss: [0.14347596441630533]
2022-08-10 15:24:30.115 | INFO     | tools.trainer:train_loop:124 - Epoch: [125/ 150] | Train loss: [0.13918154324351112]
2022-08-10 15:31:00.538 | INFO     | tools.trainer:train_loop:124 - Epoch: [126/ 150] | Train loss: [0.14285786396690778]
2022-08-10 15:37:29.435 | INFO     | tools.trainer:train_loop:124 - Epoch: [127/ 150] | Train loss: [0.14126509225341324]
2022-08-10 15:43:58.681 | INFO     | tools.trainer:train_loop:124 - Epoch: [128/ 150] | Train loss: [0.13894381171437745]
2022-08-10 15:50:28.562 | INFO     | tools.trainer:train_loop:124 - Epoch: [129/ 150] | Train loss: [0.13803146027685298]
2022-08-10 15:56:58.345 | INFO     | tools.trainer:train_loop:124 - Epoch: [130/ 150] | Train loss: [0.13757198179384134]
2022-08-10 16:03:28.330 | INFO     | tools.trainer:train_loop:124 - Epoch: [131/ 150] | Train loss: [0.13730703570560118]
2022-08-10 16:09:58.148 | INFO     | tools.trainer:train_loop:124 - Epoch: [132/ 150] | Train loss: [0.13436604646745062]
2022-08-10 16:16:27.929 | INFO     | tools.trainer:train_loop:124 - Epoch: [133/ 150] | Train loss: [0.13729924851275505]
2022-08-10 16:22:57.379 | INFO     | tools.trainer:train_loop:124 - Epoch: [134/ 150] | Train loss: [0.13086451807464147]
2022-08-10 16:29:26.895 | INFO     | tools.trainer:train_loop:124 - Epoch: [135/ 150] | Train loss: [0.13394542724618796]
2022-08-10 16:35:56.804 | INFO     | tools.trainer:train_loop:124 - Epoch: [136/ 150] | Train loss: [0.1324756134267455]
2022-08-10 16:42:25.991 | INFO     | tools.trainer:train_loop:124 - Epoch: [137/ 150] | Train loss: [0.12992150831322177]
2022-08-10 16:48:55.261 | INFO     | tools.trainer:train_loop:124 - Epoch: [138/ 150] | Train loss: [0.12934974233384916]
2022-08-10 16:55:23.699 | INFO     | tools.trainer:train_loop:124 - Epoch: [139/ 150] | Train loss: [0.12741059897110818]
2022-08-10 17:01:53.234 | INFO     | tools.trainer:train_loop:124 - Epoch: [140/ 150] | Train loss: [0.12958430607539906]
2022-08-10 17:08:21.596 | INFO     | tools.trainer:train_loop:124 - Epoch: [141/ 150] | Train loss: [0.13015563864725158]
2022-08-10 17:14:50.124 | INFO     | tools.trainer:train_loop:124 - Epoch: [142/ 150] | Train loss: [0.1303463286541878]
2022-08-10 17:21:19.524 | INFO     | tools.trainer:train_loop:124 - Epoch: [143/ 150] | Train loss: [0.1313310500834488]
2022-08-10 17:27:48.938 | INFO     | tools.trainer:train_loop:124 - Epoch: [144/ 150] | Train loss: [0.13099428607111283]
2022-08-10 17:34:18.029 | INFO     | tools.trainer:train_loop:124 - Epoch: [145/ 150] | Train loss: [0.1271498245512642]
2022-08-10 17:40:46.524 | INFO     | tools.trainer:train_loop:124 - Epoch: [146/ 150] | Train loss: [0.12886811641121346]
2022-08-10 17:47:15.101 | INFO     | tools.trainer:train_loop:124 - Epoch: [147/ 150] | Train loss: [0.12737574349058436]
2022-08-10 17:53:44.082 | INFO     | tools.trainer:train_loop:124 - Epoch: [148/ 150] | Train loss: [0.12875344094715582]
2022-08-10 18:00:12.712 | INFO     | tools.trainer:train_loop:124 - Epoch: [149/ 150] | Train loss: [0.12654949403099014]
2022-08-10 18:06:41.122 | INFO     | tools.trainer:train_loop:124 - Epoch: [150/ 150] | Train loss: [0.13015489347029965]
2022-08-10 18:06:41.551 | INFO     | tools.trainer:train_loop:136 - [Saving Snapshot:]/home/s/hungpv/polyps/checkpoints/neo_large_v1/MiT-B3-UPerHead_150.pth
2022-08-10 18:06:41.551 | INFO     | tools.trainer:train_loop:145 - Training cost: 58327.618363408seconds
