2022-09-05 02:07:01.960 | INFO     | __main__:main:57 - Load config from configs/neo_large.yaml
2022-09-05 02:07:01.960 | INFO     | __main__:main:58 - {'dataset': {'data_path': '/home/s/WLIv5_pub_noud', 'train_data_path': ['/home/s/WLIv5_pub_noud/Train'], 'test_data_path': ['/home/s/WLIv5_pub_noud/Test'], 'val_data_path': ['/home/s/WLIv5_pub_noud/Test']}, 'model': {'num_classes': 3, 'save_dir': '/home/s/hungpv/polyps/checkpoints/neo_large_v7', 'backbone': 'MiT-B3', 'head': 'FaPNHead', 'pretrained': '/home/s/hungpv/polyps/pretrained_models/mit_b3.pth'}, 'optimizer': {'name': 'adam', 'lr': 0.0001, 'clip': 0.5, 'scheduler': 'cosine_warmup', 'loss': 'multi_structure_loss'}, 'dev': 'cuda', 'train': {'start_from': 0, 'save_from': 99, 'num_epochs': 100, 'num_warmup_epoch': 8, 'is_val': False, 'size_rates': [0.75, 1, 1.25], 'dataloader': {'batchsize': 16, 'img_size': 384, 'shuffle': True, 'num_workers': 4, 'pin_memory': True, 'drop_last': True}, 'amp': False, 'ddp': False, 'augment': {'prob': 1, 'Flip_prob': 0.5, 'HueSaturationValue_prob': 0.5, 'RandomBrightnessContrast_prob': 0.5, 'crop_prob': 0.0, 'randomrotate90_prob': 0.5, 'elastictransform_prob': 0.0, 'ColorJitter_prob': 0.5}}, 'val': {'dataloader': {'batchsize': 8, 'img_size': 352, 'shuffle': True, 'num_workers': 4, 'pin_memory': True, 'drop_last': False}}, 'test': {'dev': 'cuda', 'visualize': True, 'visualize_dir': '/home/s/hungpv/polyps/neo_visualize', 'vis_x': 180, 'vis_overwrite': False, 'checkpoint_dir': '/home/s/hungpv/polyps/checkpoints/neo_large_v1/MiT-B3-UPerHead_150.pth', 'dataloader': {'batchsize': 1, 'img_size': 384, 'shuffle': True, 'num_workers': 4, 'pin_memory': True, 'drop_last': False}, 'augment': {'prob': 1, 'Flip_prob': 0, 'HueSaturationValue_prob': 0, 'RandomBrightnessContrast_prob': 0, 'crop_prob': 0, 'randomrotate90_prob': 0, 'elastictransform_prob': 0, 'gridistortion_prob': 0, 'opticaldistortion_prob': 0, 'verticalflip_prob': 0, 'horizontalflip_prob': 0, 'randomgamma_prob': 0, 'CoarseDropout_prob': 0, 'RGBShift_prob': 0, 'MotionBlur_prob': 0, 'MedianBlur_prob': 0, 'GaussianBlur_prob': 0, 'GaussNoise_prob': 0, 'ChannelShuffle_prob': 0}}}
2022-09-05 02:07:01.960 | INFO     | __main__:main:59 - Getting datapath
2022-09-05 02:07:01.986 | INFO     | __main__:main:74 - There are 5277 images to train
2022-09-05 02:07:01.993 | INFO     | __main__:main:93 - Train model with no valid dataset
2022-09-05 02:07:01.993 | INFO     | __main__:main:95 - Loading data
2022-09-05 02:07:02.807 | INFO     | __main__:main:109 - 329 batches to train
2022-09-05 02:07:03.014 | INFO     | __main__:main:122 - Loading model
2022-09-05 02:07:03.015 | INFO     | __main__:main:143 - Loading checkpoint from /home/s/hungpv/polyps/pretrained_models/mit_b3.pth ...
2022-09-05 02:07:06.247 | INFO     | __main__:main:187 - Training with FP32 ...
2022-09-05 02:15:03.540 | INFO     | tools.trainer:train_loop:126 - Epoch: [1/ 100] | Train loss: [1.1417703666585557]
2022-09-05 02:23:00.387 | INFO     | tools.trainer:train_loop:126 - Epoch: [2/ 100] | Train loss: [0.6402491372769364]
2022-09-05 02:30:58.669 | INFO     | tools.trainer:train_loop:126 - Epoch: [3/ 100] | Train loss: [0.5724443186380218]
2022-09-05 02:38:58.996 | INFO     | tools.trainer:train_loop:126 - Epoch: [4/ 100] | Train loss: [0.39223951151124614]
2022-09-05 02:46:58.049 | INFO     | tools.trainer:train_loop:126 - Epoch: [5/ 100] | Train loss: [0.2973862439393997]
2022-09-05 02:54:57.209 | INFO     | tools.trainer:train_loop:126 - Epoch: [6/ 100] | Train loss: [0.2659019139173545]
2022-09-05 03:02:55.996 | INFO     | tools.trainer:train_loop:126 - Epoch: [7/ 100] | Train loss: [0.2518854818128525]
2022-09-05 03:10:56.540 | INFO     | tools.trainer:train_loop:126 - Epoch: [8/ 100] | Train loss: [0.24925913392229282]
2022-09-05 03:18:56.206 | INFO     | tools.trainer:train_loop:126 - Epoch: [9/ 100] | Train loss: [0.27631497247240827]
2022-09-05 03:26:54.868 | INFO     | tools.trainer:train_loop:126 - Epoch: [10/ 100] | Train loss: [0.24506868750400457]
2022-09-05 03:34:54.342 | INFO     | tools.trainer:train_loop:126 - Epoch: [11/ 100] | Train loss: [0.23437122880597244]
2022-09-05 03:42:54.012 | INFO     | tools.trainer:train_loop:126 - Epoch: [12/ 100] | Train loss: [0.24169928569199467]
2022-09-05 03:50:53.316 | INFO     | tools.trainer:train_loop:126 - Epoch: [13/ 100] | Train loss: [0.23199721826608422]
2022-09-05 03:58:53.667 | INFO     | tools.trainer:train_loop:126 - Epoch: [14/ 100] | Train loss: [0.2169194913675901]
2022-09-05 04:06:54.359 | INFO     | tools.trainer:train_loop:126 - Epoch: [15/ 100] | Train loss: [0.21982152796262666]
2022-09-05 04:14:54.377 | INFO     | tools.trainer:train_loop:126 - Epoch: [16/ 100] | Train loss: [0.2264351522646233]
2022-09-05 04:22:55.307 | INFO     | tools.trainer:train_loop:126 - Epoch: [17/ 100] | Train loss: [0.21800233953629583]
2022-09-05 04:30:54.912 | INFO     | tools.trainer:train_loop:126 - Epoch: [18/ 100] | Train loss: [0.20386903626578196]
2022-09-05 04:38:54.954 | INFO     | tools.trainer:train_loop:126 - Epoch: [19/ 100] | Train loss: [0.21404535774039643]
2022-09-05 04:46:54.663 | INFO     | tools.trainer:train_loop:126 - Epoch: [20/ 100] | Train loss: [0.19881896718793002]
2022-09-05 04:54:55.103 | INFO     | tools.trainer:train_loop:126 - Epoch: [21/ 100] | Train loss: [0.20625722289402434]
2022-09-05 05:02:54.605 | INFO     | tools.trainer:train_loop:126 - Epoch: [22/ 100] | Train loss: [0.2058072917299249]
2022-09-05 05:10:53.793 | INFO     | tools.trainer:train_loop:126 - Epoch: [23/ 100] | Train loss: [0.19761714917865206]
2022-09-05 05:18:53.693 | INFO     | tools.trainer:train_loop:126 - Epoch: [24/ 100] | Train loss: [0.22119421092934885]
2022-09-05 05:26:54.573 | INFO     | tools.trainer:train_loop:126 - Epoch: [25/ 100] | Train loss: [0.20573694053980718]
2022-09-05 05:34:53.473 | INFO     | tools.trainer:train_loop:126 - Epoch: [26/ 100] | Train loss: [0.19674988289145715]
2022-09-05 05:42:54.557 | INFO     | tools.trainer:train_loop:126 - Epoch: [27/ 100] | Train loss: [0.191500078671609]
2022-09-05 05:50:55.285 | INFO     | tools.trainer:train_loop:126 - Epoch: [28/ 100] | Train loss: [0.19225991595434563]
2022-09-05 05:58:54.623 | INFO     | tools.trainer:train_loop:126 - Epoch: [29/ 100] | Train loss: [0.1862584267570255]
2022-09-05 06:06:53.962 | INFO     | tools.trainer:train_loop:126 - Epoch: [30/ 100] | Train loss: [0.1846406258710612]
2022-09-05 06:14:53.469 | INFO     | tools.trainer:train_loop:126 - Epoch: [31/ 100] | Train loss: [0.1788908520254864]
2022-09-05 06:22:52.303 | INFO     | tools.trainer:train_loop:126 - Epoch: [32/ 100] | Train loss: [0.1913951131257605]
2022-09-05 06:30:52.406 | INFO     | tools.trainer:train_loop:126 - Epoch: [33/ 100] | Train loss: [0.19023303738526298]
2022-09-05 06:38:53.480 | INFO     | tools.trainer:train_loop:126 - Epoch: [34/ 100] | Train loss: [0.18152269701781967]
2022-09-05 06:46:52.913 | INFO     | tools.trainer:train_loop:126 - Epoch: [35/ 100] | Train loss: [0.18870907639207085]
2022-09-05 06:54:51.606 | INFO     | tools.trainer:train_loop:126 - Epoch: [36/ 100] | Train loss: [0.1757920149906247]
2022-09-05 07:02:52.928 | INFO     | tools.trainer:train_loop:126 - Epoch: [37/ 100] | Train loss: [0.16559272708999712]
2022-09-05 07:10:52.371 | INFO     | tools.trainer:train_loop:126 - Epoch: [38/ 100] | Train loss: [0.18007147027955228]
2022-09-05 07:18:52.157 | INFO     | tools.trainer:train_loop:126 - Epoch: [39/ 100] | Train loss: [0.16921034685157715]
2022-09-05 07:26:51.032 | INFO     | tools.trainer:train_loop:126 - Epoch: [40/ 100] | Train loss: [0.1633760218698203]
2022-09-05 07:34:50.529 | INFO     | tools.trainer:train_loop:126 - Epoch: [41/ 100] | Train loss: [0.16463631040510074]
2022-09-05 07:42:50.156 | INFO     | tools.trainer:train_loop:126 - Epoch: [42/ 100] | Train loss: [0.17004323780174313]
2022-09-05 07:50:50.493 | INFO     | tools.trainer:train_loop:126 - Epoch: [43/ 100] | Train loss: [0.16445748495521154]
2022-09-05 07:58:49.229 | INFO     | tools.trainer:train_loop:126 - Epoch: [44/ 100] | Train loss: [0.15305257391603522]
2022-09-05 08:06:50.113 | INFO     | tools.trainer:train_loop:126 - Epoch: [45/ 100] | Train loss: [0.14764310321048763]
2022-09-05 08:14:50.497 | INFO     | tools.trainer:train_loop:126 - Epoch: [46/ 100] | Train loss: [0.14699283307899458]
2022-09-05 08:22:51.306 | INFO     | tools.trainer:train_loop:126 - Epoch: [47/ 100] | Train loss: [0.15470932596179127]
2022-09-05 08:30:52.217 | INFO     | tools.trainer:train_loop:126 - Epoch: [48/ 100] | Train loss: [0.14226679092890224]
2022-09-05 08:38:52.477 | INFO     | tools.trainer:train_loop:126 - Epoch: [49/ 100] | Train loss: [0.1411171325434305]
2022-09-05 08:46:52.383 | INFO     | tools.trainer:train_loop:126 - Epoch: [50/ 100] | Train loss: [0.14045626887525106]
2022-09-05 08:54:52.952 | INFO     | tools.trainer:train_loop:126 - Epoch: [51/ 100] | Train loss: [0.1396634514729484]
2022-09-05 09:02:52.253 | INFO     | tools.trainer:train_loop:126 - Epoch: [52/ 100] | Train loss: [0.13456495602170748]
2022-09-05 09:10:53.776 | INFO     | tools.trainer:train_loop:126 - Epoch: [53/ 100] | Train loss: [0.13956626111749096]
2022-09-05 09:18:53.048 | INFO     | tools.trainer:train_loop:126 - Epoch: [54/ 100] | Train loss: [0.13752370319784957]
2022-09-05 09:26:53.322 | INFO     | tools.trainer:train_loop:126 - Epoch: [55/ 100] | Train loss: [0.1357651492269387]
2022-09-05 09:34:53.620 | INFO     | tools.trainer:train_loop:126 - Epoch: [56/ 100] | Train loss: [0.1256537275632283]
2022-09-05 09:42:53.735 | INFO     | tools.trainer:train_loop:126 - Epoch: [57/ 100] | Train loss: [0.12796691308041475]
2022-09-05 09:50:54.901 | INFO     | tools.trainer:train_loop:126 - Epoch: [58/ 100] | Train loss: [0.12884618238882817]
2022-09-05 09:58:56.026 | INFO     | tools.trainer:train_loop:126 - Epoch: [59/ 100] | Train loss: [0.12506466584229178]
2022-09-05 10:06:54.553 | INFO     | tools.trainer:train_loop:126 - Epoch: [60/ 100] | Train loss: [0.12719695579181325]
2022-09-05 10:14:54.189 | INFO     | tools.trainer:train_loop:126 - Epoch: [61/ 100] | Train loss: [0.1266566991783384]
2022-09-05 10:22:53.825 | INFO     | tools.trainer:train_loop:126 - Epoch: [62/ 100] | Train loss: [0.11979003096605144]
2022-09-05 10:30:53.459 | INFO     | tools.trainer:train_loop:126 - Epoch: [63/ 100] | Train loss: [0.12025820074382161]
2022-09-05 10:38:54.232 | INFO     | tools.trainer:train_loop:126 - Epoch: [64/ 100] | Train loss: [0.12293699566037097]
2022-09-05 10:46:53.559 | INFO     | tools.trainer:train_loop:126 - Epoch: [65/ 100] | Train loss: [0.11564657047934446]
2022-09-05 10:54:53.734 | INFO     | tools.trainer:train_loop:126 - Epoch: [66/ 100] | Train loss: [0.12022239160030446]
2022-09-05 11:02:53.665 | INFO     | tools.trainer:train_loop:126 - Epoch: [67/ 100] | Train loss: [0.11409315643520702]
2022-09-05 11:10:53.432 | INFO     | tools.trainer:train_loop:126 - Epoch: [68/ 100] | Train loss: [0.10512552296001136]
2022-09-05 11:18:52.488 | INFO     | tools.trainer:train_loop:126 - Epoch: [69/ 100] | Train loss: [0.10964286754241831]
2022-09-05 11:26:52.138 | INFO     | tools.trainer:train_loop:126 - Epoch: [70/ 100] | Train loss: [0.11011214905891194]
2022-09-05 11:34:53.337 | INFO     | tools.trainer:train_loop:126 - Epoch: [71/ 100] | Train loss: [0.10760126713561433]
2022-09-05 11:42:52.777 | INFO     | tools.trainer:train_loop:126 - Epoch: [72/ 100] | Train loss: [0.10806580703128073]
2022-09-05 11:50:52.728 | INFO     | tools.trainer:train_loop:126 - Epoch: [73/ 100] | Train loss: [0.10290171055966779]
2022-09-05 11:58:51.869 | INFO     | tools.trainer:train_loop:126 - Epoch: [74/ 100] | Train loss: [0.10223125690158377]
2022-09-05 12:06:49.997 | INFO     | tools.trainer:train_loop:126 - Epoch: [75/ 100] | Train loss: [0.10200149830328839]
2022-09-05 12:14:48.703 | INFO     | tools.trainer:train_loop:126 - Epoch: [76/ 100] | Train loss: [0.10070526627059403]
2022-09-05 12:22:46.276 | INFO     | tools.trainer:train_loop:126 - Epoch: [77/ 100] | Train loss: [0.10036657006680784]
2022-09-05 12:30:43.970 | INFO     | tools.trainer:train_loop:126 - Epoch: [78/ 100] | Train loss: [0.09868244682990672]
2022-09-05 12:38:41.443 | INFO     | tools.trainer:train_loop:126 - Epoch: [79/ 100] | Train loss: [0.09459170597778084]
2022-09-05 12:46:39.453 | INFO     | tools.trainer:train_loop:126 - Epoch: [80/ 100] | Train loss: [0.0981146422947975]
2022-09-05 12:54:36.463 | INFO     | tools.trainer:train_loop:126 - Epoch: [81/ 100] | Train loss: [0.09274267153899358]
2022-09-05 13:02:34.631 | INFO     | tools.trainer:train_loop:126 - Epoch: [82/ 100] | Train loss: [0.0952592145504379]
2022-09-05 13:10:32.888 | INFO     | tools.trainer:train_loop:126 - Epoch: [83/ 100] | Train loss: [0.08912736857394861]
2022-09-05 13:18:32.006 | INFO     | tools.trainer:train_loop:126 - Epoch: [84/ 100] | Train loss: [0.09161613652861951]
2022-09-05 13:26:30.869 | INFO     | tools.trainer:train_loop:126 - Epoch: [85/ 100] | Train loss: [0.08949559410088512]
2022-09-05 13:34:29.415 | INFO     | tools.trainer:train_loop:126 - Epoch: [86/ 100] | Train loss: [0.08637785704347863]
2022-09-05 13:42:28.905 | INFO     | tools.trainer:train_loop:126 - Epoch: [87/ 100] | Train loss: [0.08849029572493762]
2022-09-05 13:50:27.561 | INFO     | tools.trainer:train_loop:126 - Epoch: [88/ 100] | Train loss: [0.08640143556639235]
2022-09-05 13:58:28.086 | INFO     | tools.trainer:train_loop:126 - Epoch: [89/ 100] | Train loss: [0.08318281652671951]
2022-09-05 14:06:26.544 | INFO     | tools.trainer:train_loop:126 - Epoch: [90/ 100] | Train loss: [0.08274716104304355]
2022-09-05 14:14:27.949 | INFO     | tools.trainer:train_loop:126 - Epoch: [91/ 100] | Train loss: [0.08264307690201197]
2022-09-05 14:22:26.949 | INFO     | tools.trainer:train_loop:126 - Epoch: [92/ 100] | Train loss: [0.08318823195518331]
2022-09-05 14:30:26.562 | INFO     | tools.trainer:train_loop:126 - Epoch: [93/ 100] | Train loss: [0.08102131990495061]
2022-09-05 14:38:25.843 | INFO     | tools.trainer:train_loop:126 - Epoch: [94/ 100] | Train loss: [0.08078716386188851]
2022-09-05 14:46:24.752 | INFO     | tools.trainer:train_loop:126 - Epoch: [95/ 100] | Train loss: [0.07985992818549954]
2022-09-05 14:54:24.034 | INFO     | tools.trainer:train_loop:126 - Epoch: [96/ 100] | Train loss: [0.07823187360217325]
2022-09-05 15:02:24.979 | INFO     | tools.trainer:train_loop:126 - Epoch: [97/ 100] | Train loss: [0.08031559307524498]
2022-09-05 15:10:24.952 | INFO     | tools.trainer:train_loop:126 - Epoch: [98/ 100] | Train loss: [0.07726433336463018]
2022-09-05 15:18:26.586 | INFO     | tools.trainer:train_loop:126 - Epoch: [99/ 100] | Train loss: [0.0784805231419106]
2022-09-05 15:26:26.282 | INFO     | tools.trainer:train_loop:126 - Epoch: [100/ 100] | Train loss: [0.08038788007453401]
2022-09-05 15:26:26.694 | INFO     | tools.trainer:train_loop:138 - [Saving Snapshot:]/home/s/hungpv/polyps/checkpoints/neo_large_v7/MiT-B3-FaPNHead_100.pth
2022-09-05 15:26:26.695 | INFO     | tools.trainer:train_loop:147 - Training cost: 47959.457603094634seconds
