2022-07-21 15:36:48.101 | INFO     | __main__:main:57 - Load config from configs/neo_large.yaml
2022-07-21 15:36:48.101 | INFO     | __main__:main:58 - {'dataset': {'data_path': '/home/s/WLIv5_pub_noud', 'train_data_path': ['/home/s/WLIv5_pub_noud/Test'], 'test_data_path': ['/home/s/WLIv5_pub_noud/Test'], 'val_data_path': ['/home/s/WLIv5_pub_noud/Test']}, 'model': {'num_classes': 3, 'save_dir': '/home/s/hungpv/polyps/checkpoints/neo_large_v7', 'backbone': 'MiT-B3', 'head': 'UPerHead', 'pretrained': '/home/s/hungpv/polyps/pretrained_models/mit_b3.pth'}, 'optimizer': {'name': 'adam', 'lr': 0.0002, 'clip': 0.5, 'scheduler': 'cosine_warmup', 'loss': 'CustomLoss'}, 'dev': 'cuda', 'train': {'start_from': 0, 'save_from': 10, 'num_epochs': 35, 'num_warmup_epoch': 4, 'is_val': True, 'size_rates': [0.75, 1, 1.25], 'dataloader': {'batchsize': 16, 'img_size': 352, 'shuffle': True, 'num_workers': 4, 'pin_memory': True, 'drop_last': True}, 'amp': False, 'ddp': False, 'augment': {'prob': 1, 'Flip_prob': 0.5, 'HueSaturationValue_prob': 0.5, 'RandomBrightnessContrast_prob': 0.5, 'crop_prob': 0.0, 'randomrotate90_prob': 0.5, 'elastictransform_prob': 0.0}}, 'val': {'dataloader': {'batchsize': 8, 'img_size': 352, 'shuffle': True, 'num_workers': 4, 'pin_memory': True, 'drop_last': False}}, 'test': {'dev': 'cuda', 'visualize': True, 'visualize_dir': '/home/s/hungpv/polyps/neo_visualize', 'vis_x': 180, 'vis_overwrite': False, 'checkpoint_dir': '/home/s/hungpv/polyps/checkpoints/neo_large_v7/MiT-B3-UPerHead_20.pth', 'dataloader': {'batchsize': 1, 'img_size': 352, 'shuffle': True, 'num_workers': 4, 'pin_memory': True, 'drop_last': False}, 'augment': {'prob': 1, 'Flip_prob': 0, 'HueSaturationValue_prob': 0, 'RandomBrightnessContrast_prob': 0, 'crop_prob': 0, 'randomrotate90_prob': 0, 'elastictransform_prob': 0, 'gridistortion_prob': 0, 'opticaldistortion_prob': 0, 'verticalflip_prob': 0, 'horizontalflip_prob': 0, 'randomgamma_prob': 0, 'CoarseDropout_prob': 0, 'RGBShift_prob': 0, 'MotionBlur_prob': 0, 'MedianBlur_prob': 0, 'GaussianBlur_prob': 0, 'GaussNoise_prob': 0, 'ChannelShuffle_prob': 0}}}
2022-07-21 15:36:48.101 | INFO     | __main__:main:59 - Getting datapath
2022-07-21 15:36:48.108 | INFO     | __main__:main:74 - There are 1353 images to train
2022-07-21 15:36:48.115 | INFO     | __main__:main:91 - There are 1353 images to val
2022-07-21 15:36:48.115 | INFO     | __main__:main:95 - Loading data
2022-07-21 15:36:48.324 | INFO     | __main__:main:109 - 84 batches to train
2022-07-21 15:36:48.523 | INFO     | __main__:main:122 - Loading model
2022-07-21 15:36:48.523 | INFO     | __main__:main:143 - Loading checkpoint from /home/s/hungpv/polyps/pretrained_models/mit_b3.pth ...
2022-07-21 15:36:51.865 | INFO     | __main__:main:187 - Training with FP32 ...
2022-07-21 15:39:01.658 | INFO     | tools.trainer:val_loop:202 - Valid | Epoch [000/000], with lr = 2.5e-05, Step [0169],                    [val_loss: 1.3560]
2022-07-21 15:39:01.771 | INFO     | aux.metrics.metrics:show:228 - Evaluate polyp
2022-07-21 15:39:01.772 | INFO     | aux.metrics.metrics:show:229 - Macro scores: Dice: 0.024 | IOU: 0.013
2022-07-21 15:39:01.772 | INFO     | aux.metrics.metrics:show:233 - Micro scores: Dice: 0.026 | IOU: 0.013
2022-07-21 15:39:01.772 | INFO     | aux.metrics.metrics:show:228 - Evaluate neo
2022-07-21 15:39:01.772 | INFO     | aux.metrics.metrics:show:229 - Macro scores: Dice: 0.017 | IOU: 0.009
2022-07-21 15:39:01.773 | INFO     | aux.metrics.metrics:show:233 - Micro scores: Dice: 0.018 | IOU: 0.009
2022-07-21 15:39:01.773 | INFO     | aux.metrics.metrics:show:228 - Evaluate non
2022-07-21 15:39:01.773 | INFO     | aux.metrics.metrics:show:229 - Macro scores: Dice: 0.000 | IOU: 0.000
2022-07-21 15:39:01.773 | INFO     | aux.metrics.metrics:show:233 - Micro scores: Dice: 0.000 | IOU: 0.000
2022-07-21 15:39:02.198 | INFO     | tools.trainer:train_loop:113 - [Saving Snapshot:]/home/s/hungpv/polyps/checkpoints/neo_large_v7/MiT-B3-UPerHead_best.pth
2022-07-21 15:41:11.307 | INFO     | tools.trainer:val_loop:202 - Valid | Epoch [001/001], with lr = 2.5e-05, Step [0169],                    [val_loss: 0.7693]
2022-07-21 15:41:11.412 | INFO     | aux.metrics.metrics:show:228 - Evaluate polyp
2022-07-21 15:41:11.413 | INFO     | aux.metrics.metrics:show:229 - Macro scores: Dice: 0.177 | IOU: 0.102
2022-07-21 15:41:11.413 | INFO     | aux.metrics.metrics:show:233 - Micro scores: Dice: 0.192 | IOU: 0.106
2022-07-21 15:41:11.413 | INFO     | aux.metrics.metrics:show:228 - Evaluate neo
2022-07-21 15:41:11.413 | INFO     | aux.metrics.metrics:show:229 - Macro scores: Dice: 0.209 | IOU: 0.124
2022-07-21 15:41:11.413 | INFO     | aux.metrics.metrics:show:233 - Micro scores: Dice: 0.231 | IOU: 0.131
2022-07-21 15:41:11.414 | INFO     | aux.metrics.metrics:show:228 - Evaluate non
2022-07-21 15:41:11.414 | INFO     | aux.metrics.metrics:show:229 - Macro scores: Dice: 0.001 | IOU: 0.001
2022-07-21 15:41:11.414 | INFO     | aux.metrics.metrics:show:233 - Micro scores: Dice: 0.000 | IOU: 0.000
2022-07-21 15:41:11.872 | INFO     | tools.trainer:train_loop:113 - [Saving Snapshot:]/home/s/hungpv/polyps/checkpoints/neo_large_v7/MiT-B3-UPerHead_best.pth
2022-07-21 15:43:21.122 | INFO     | tools.trainer:val_loop:202 - Valid | Epoch [002/002], with lr = 6.875e-05, Step [0169],                    [val_loss: 0.5410]
2022-07-21 15:43:21.230 | INFO     | aux.metrics.metrics:show:228 - Evaluate polyp
2022-07-21 15:43:21.230 | INFO     | aux.metrics.metrics:show:229 - Macro scores: Dice: 0.606 | IOU: 0.449
2022-07-21 15:43:21.231 | INFO     | aux.metrics.metrics:show:233 - Micro scores: Dice: 0.607 | IOU: 0.436
2022-07-21 15:43:21.231 | INFO     | aux.metrics.metrics:show:228 - Evaluate neo
2022-07-21 15:43:21.231 | INFO     | aux.metrics.metrics:show:229 - Macro scores: Dice: 0.596 | IOU: 0.445
2022-07-21 15:43:21.231 | INFO     | aux.metrics.metrics:show:233 - Micro scores: Dice: 0.615 | IOU: 0.445
2022-07-21 15:43:21.231 | INFO     | aux.metrics.metrics:show:228 - Evaluate non
2022-07-21 15:43:21.231 | INFO     | aux.metrics.metrics:show:229 - Macro scores: Dice: 0.109 | IOU: 0.062
2022-07-21 15:43:21.232 | INFO     | aux.metrics.metrics:show:233 - Micro scores: Dice: 0.092 | IOU: 0.048
2022-07-21 15:43:21.692 | INFO     | tools.trainer:train_loop:113 - [Saving Snapshot:]/home/s/hungpv/polyps/checkpoints/neo_large_v7/MiT-B3-UPerHead_best.pth
2022-07-21 15:45:31.073 | INFO     | tools.trainer:val_loop:202 - Valid | Epoch [003/003], with lr = 0.00011250000000000001, Step [0169],                    [val_loss: 0.4169]
2022-07-21 15:45:31.173 | INFO     | aux.metrics.metrics:show:228 - Evaluate polyp
2022-07-21 15:45:31.173 | INFO     | aux.metrics.metrics:show:229 - Macro scores: Dice: 0.620 | IOU: 0.466
2022-07-21 15:45:31.173 | INFO     | aux.metrics.metrics:show:233 - Micro scores: Dice: 0.614 | IOU: 0.443
2022-07-21 15:45:31.174 | INFO     | aux.metrics.metrics:show:228 - Evaluate neo
2022-07-21 15:45:31.174 | INFO     | aux.metrics.metrics:show:229 - Macro scores: Dice: 0.628 | IOU: 0.483
2022-07-21 15:45:31.174 | INFO     | aux.metrics.metrics:show:233 - Micro scores: Dice: 0.643 | IOU: 0.474
2022-07-21 15:45:31.174 | INFO     | aux.metrics.metrics:show:228 - Evaluate non
2022-07-21 15:45:31.174 | INFO     | aux.metrics.metrics:show:229 - Macro scores: Dice: 0.295 | IOU: 0.193
2022-07-21 15:45:31.174 | INFO     | aux.metrics.metrics:show:233 - Micro scores: Dice: 0.261 | IOU: 0.150
2022-07-21 15:45:31.649 | INFO     | tools.trainer:train_loop:113 - [Saving Snapshot:]/home/s/hungpv/polyps/checkpoints/neo_large_v7/MiT-B3-UPerHead_best.pth
2022-07-21 15:47:40.817 | INFO     | tools.trainer:val_loop:202 - Valid | Epoch [004/004], with lr = 0.00015625, Step [0169],                    [val_loss: 0.3742]
2022-07-21 15:47:40.944 | INFO     | aux.metrics.metrics:show:228 - Evaluate polyp
2022-07-21 15:47:40.944 | INFO     | aux.metrics.metrics:show:229 - Macro scores: Dice: 0.716 | IOU: 0.573
2022-07-21 15:47:40.944 | INFO     | aux.metrics.metrics:show:233 - Micro scores: Dice: 0.713 | IOU: 0.554
2022-07-21 15:47:40.944 | INFO     | aux.metrics.metrics:show:228 - Evaluate neo
2022-07-21 15:47:40.945 | INFO     | aux.metrics.metrics:show:229 - Macro scores: Dice: 0.686 | IOU: 0.544
2022-07-21 15:47:40.945 | INFO     | aux.metrics.metrics:show:233 - Micro scores: Dice: 0.710 | IOU: 0.551
2022-07-21 15:47:40.945 | INFO     | aux.metrics.metrics:show:228 - Evaluate non
2022-07-21 15:47:40.945 | INFO     | aux.metrics.metrics:show:229 - Macro scores: Dice: 0.453 | IOU: 0.314
2022-07-21 15:47:40.946 | INFO     | aux.metrics.metrics:show:233 - Micro scores: Dice: 0.437 | IOU: 0.280
2022-07-21 15:47:41.418 | INFO     | tools.trainer:train_loop:113 - [Saving Snapshot:]/home/s/hungpv/polyps/checkpoints/neo_large_v7/MiT-B3-UPerHead_best.pth
2022-07-21 15:49:51.058 | INFO     | tools.trainer:val_loop:202 - Valid | Epoch [005/005], with lr = 0.0002, Step [0169],                    [val_loss: 0.3340]
2022-07-21 15:49:51.161 | INFO     | aux.metrics.metrics:show:228 - Evaluate polyp
2022-07-21 15:49:51.161 | INFO     | aux.metrics.metrics:show:229 - Macro scores: Dice: 0.758 | IOU: 0.627
2022-07-21 15:49:51.162 | INFO     | aux.metrics.metrics:show:233 - Micro scores: Dice: 0.757 | IOU: 0.609
2022-07-21 15:49:51.162 | INFO     | aux.metrics.metrics:show:228 - Evaluate neo
2022-07-21 15:49:51.162 | INFO     | aux.metrics.metrics:show:229 - Macro scores: Dice: 0.722 | IOU: 0.589
2022-07-21 15:49:51.162 | INFO     | aux.metrics.metrics:show:233 - Micro scores: Dice: 0.755 | IOU: 0.607
2022-07-21 15:49:51.162 | INFO     | aux.metrics.metrics:show:228 - Evaluate non
2022-07-21 15:49:51.163 | INFO     | aux.metrics.metrics:show:229 - Macro scores: Dice: 0.422 | IOU: 0.293
2022-07-21 15:49:51.163 | INFO     | aux.metrics.metrics:show:233 - Micro scores: Dice: 0.362 | IOU: 0.221
2022-07-21 15:49:51.636 | INFO     | tools.trainer:train_loop:113 - [Saving Snapshot:]/home/s/hungpv/polyps/checkpoints/neo_large_v7/MiT-B3-UPerHead_best.pth
2022-07-21 15:52:01.045 | INFO     | tools.trainer:val_loop:202 - Valid | Epoch [006/006], with lr = 0.0002, Step [0169],                    [val_loss: 0.2632]
2022-07-21 15:52:01.144 | INFO     | aux.metrics.metrics:show:228 - Evaluate polyp
2022-07-21 15:52:01.145 | INFO     | aux.metrics.metrics:show:229 - Macro scores: Dice: 0.769 | IOU: 0.640
2022-07-21 15:52:01.145 | INFO     | aux.metrics.metrics:show:233 - Micro scores: Dice: 0.770 | IOU: 0.626
2022-07-21 15:52:01.145 | INFO     | aux.metrics.metrics:show:228 - Evaluate neo
2022-07-21 15:52:01.145 | INFO     | aux.metrics.metrics:show:229 - Macro scores: Dice: 0.730 | IOU: 0.607
2022-07-21 15:52:01.145 | INFO     | aux.metrics.metrics:show:233 - Micro scores: Dice: 0.775 | IOU: 0.633
2022-07-21 15:52:01.146 | INFO     | aux.metrics.metrics:show:228 - Evaluate non
2022-07-21 15:52:01.146 | INFO     | aux.metrics.metrics:show:229 - Macro scores: Dice: 0.562 | IOU: 0.415
2022-07-21 15:52:01.146 | INFO     | aux.metrics.metrics:show:233 - Micro scores: Dice: 0.548 | IOU: 0.377
2022-07-21 15:52:01.613 | INFO     | tools.trainer:train_loop:113 - [Saving Snapshot:]/home/s/hungpv/polyps/checkpoints/neo_large_v7/MiT-B3-UPerHead_best.pth
2022-07-21 15:54:11.171 | INFO     | tools.trainer:val_loop:202 - Valid | Epoch [007/007], with lr = 0.00019839295885986296, Step [0169],                    [val_loss: 0.2420]
2022-07-21 15:54:11.286 | INFO     | aux.metrics.metrics:show:228 - Evaluate polyp
2022-07-21 15:54:11.286 | INFO     | aux.metrics.metrics:show:229 - Macro scores: Dice: 0.823 | IOU: 0.711
2022-07-21 15:54:11.287 | INFO     | aux.metrics.metrics:show:233 - Micro scores: Dice: 0.821 | IOU: 0.697
2022-07-21 15:54:11.287 | INFO     | aux.metrics.metrics:show:228 - Evaluate neo
2022-07-21 15:54:11.287 | INFO     | aux.metrics.metrics:show:229 - Macro scores: Dice: 0.798 | IOU: 0.686
2022-07-21 15:54:11.287 | INFO     | aux.metrics.metrics:show:233 - Micro scores: Dice: 0.825 | IOU: 0.702
2022-07-21 15:54:11.287 | INFO     | aux.metrics.metrics:show:228 - Evaluate non
2022-07-21 15:54:11.288 | INFO     | aux.metrics.metrics:show:229 - Macro scores: Dice: 0.545 | IOU: 0.404
2022-07-21 15:54:11.288 | INFO     | aux.metrics.metrics:show:233 - Micro scores: Dice: 0.530 | IOU: 0.360
2022-07-21 15:54:11.757 | INFO     | tools.trainer:train_loop:113 - [Saving Snapshot:]/home/s/hungpv/polyps/checkpoints/neo_large_v7/MiT-B3-UPerHead_best.pth
2022-07-21 15:56:21.574 | INFO     | tools.trainer:val_loop:202 - Valid | Epoch [008/008], with lr = 0.00019639628606958533, Step [0169],                    [val_loss: 0.2680]
2022-07-21 15:56:21.684 | INFO     | aux.metrics.metrics:show:228 - Evaluate polyp
2022-07-21 15:56:21.685 | INFO     | aux.metrics.metrics:show:229 - Macro scores: Dice: 0.824 | IOU: 0.714
2022-07-21 15:56:21.685 | INFO     | aux.metrics.metrics:show:233 - Micro scores: Dice: 0.823 | IOU: 0.699
2022-07-21 15:56:21.685 | INFO     | aux.metrics.metrics:show:228 - Evaluate neo
2022-07-21 15:56:21.685 | INFO     | aux.metrics.metrics:show:229 - Macro scores: Dice: 0.789 | IOU: 0.676
2022-07-21 15:56:21.685 | INFO     | aux.metrics.metrics:show:233 - Micro scores: Dice: 0.826 | IOU: 0.703
2022-07-21 15:56:21.685 | INFO     | aux.metrics.metrics:show:228 - Evaluate non
2022-07-21 15:56:21.686 | INFO     | aux.metrics.metrics:show:229 - Macro scores: Dice: 0.511 | IOU: 0.373
2022-07-21 15:56:21.686 | INFO     | aux.metrics.metrics:show:233 - Micro scores: Dice: 0.493 | IOU: 0.327
2022-07-21 15:58:30.921 | INFO     | tools.trainer:val_loop:202 - Valid | Epoch [009/009], with lr = 0.00019362348706397373, Step [0169],                    [val_loss: 0.3326]
2022-07-21 15:58:31.013 | INFO     | aux.metrics.metrics:show:228 - Evaluate polyp
2022-07-21 15:58:31.013 | INFO     | aux.metrics.metrics:show:229 - Macro scores: Dice: 0.833 | IOU: 0.728
2022-07-21 15:58:31.014 | INFO     | aux.metrics.metrics:show:233 - Micro scores: Dice: 0.832 | IOU: 0.713
2022-07-21 15:58:31.014 | INFO     | aux.metrics.metrics:show:228 - Evaluate neo
2022-07-21 15:58:31.014 | INFO     | aux.metrics.metrics:show:229 - Macro scores: Dice: 0.765 | IOU: 0.644
2022-07-21 15:58:31.014 | INFO     | aux.metrics.metrics:show:233 - Micro scores: Dice: 0.803 | IOU: 0.671
2022-07-21 15:58:31.014 | INFO     | aux.metrics.metrics:show:228 - Evaluate non
2022-07-21 15:58:31.014 | INFO     | aux.metrics.metrics:show:229 - Macro scores: Dice: 0.375 | IOU: 0.258
2022-07-21 15:58:31.015 | INFO     | aux.metrics.metrics:show:233 - Micro scores: Dice: 0.363 | IOU: 0.222
2022-07-21 16:00:40.972 | INFO     | tools.trainer:val_loop:202 - Valid | Epoch [010/010], with lr = 0.0001900968867902419, Step [0169],                    [val_loss: 0.2062]
2022-07-21 16:00:41.073 | INFO     | aux.metrics.metrics:show:228 - Evaluate polyp
2022-07-21 16:00:41.074 | INFO     | aux.metrics.metrics:show:229 - Macro scores: Dice: 0.854 | IOU: 0.752
2022-07-21 16:00:41.074 | INFO     | aux.metrics.metrics:show:233 - Micro scores: Dice: 0.855 | IOU: 0.746
2022-07-21 16:00:41.074 | INFO     | aux.metrics.metrics:show:228 - Evaluate neo
2022-07-21 16:00:41.074 | INFO     | aux.metrics.metrics:show:229 - Macro scores: Dice: 0.784 | IOU: 0.668
2022-07-21 16:00:41.075 | INFO     | aux.metrics.metrics:show:233 - Micro scores: Dice: 0.824 | IOU: 0.701
2022-07-21 16:00:41.075 | INFO     | aux.metrics.metrics:show:228 - Evaluate non
2022-07-21 16:00:41.075 | INFO     | aux.metrics.metrics:show:229 - Macro scores: Dice: 0.546 | IOU: 0.411
2022-07-21 16:00:41.075 | INFO     | aux.metrics.metrics:show:233 - Micro scores: Dice: 0.581 | IOU: 0.409
2022-07-21 16:00:41.542 | INFO     | tools.trainer:train_loop:113 - [Saving Snapshot:]/home/s/hungpv/polyps/checkpoints/neo_large_v7/MiT-B3-UPerHead_best.pth
2022-07-21 16:00:41.962 | INFO     | tools.trainer:train_loop:136 - [Saving Snapshot:]/home/s/hungpv/polyps/checkpoints/neo_large_v7/MiT-B3-UPerHead_11.pth
2022-07-21 16:02:51.360 | INFO     | tools.trainer:val_loop:202 - Valid | Epoch [011/011], with lr = 0.00018584487936018661, Step [0169],                    [val_loss: 0.2857]
2022-07-21 16:02:51.467 | INFO     | aux.metrics.metrics:show:228 - Evaluate polyp
2022-07-21 16:02:51.468 | INFO     | aux.metrics.metrics:show:229 - Macro scores: Dice: 0.787 | IOU: 0.660
2022-07-21 16:02:51.468 | INFO     | aux.metrics.metrics:show:233 - Micro scores: Dice: 0.794 | IOU: 0.658
2022-07-21 16:02:51.468 | INFO     | aux.metrics.metrics:show:228 - Evaluate neo
2022-07-21 16:02:51.469 | INFO     | aux.metrics.metrics:show:229 - Macro scores: Dice: 0.726 | IOU: 0.592
2022-07-21 16:02:51.469 | INFO     | aux.metrics.metrics:show:233 - Micro scores: Dice: 0.770 | IOU: 0.626
2022-07-21 16:02:51.469 | INFO     | aux.metrics.metrics:show:228 - Evaluate non
2022-07-21 16:02:51.469 | INFO     | aux.metrics.metrics:show:229 - Macro scores: Dice: 0.578 | IOU: 0.434
2022-07-21 16:02:51.469 | INFO     | aux.metrics.metrics:show:233 - Micro scores: Dice: 0.558 | IOU: 0.387
2022-07-21 16:02:51.896 | INFO     | tools.trainer:train_loop:136 - [Saving Snapshot:]/home/s/hungpv/polyps/checkpoints/neo_large_v7/MiT-B3-UPerHead_12.pth
2022-07-21 16:05:00.934 | INFO     | tools.trainer:val_loop:202 - Valid | Epoch [012/012], with lr = 0.00018090169943749476, Step [0169],                    [val_loss: 0.2162]
2022-07-21 16:05:01.044 | INFO     | aux.metrics.metrics:show:228 - Evaluate polyp
2022-07-21 16:05:01.045 | INFO     | aux.metrics.metrics:show:229 - Macro scores: Dice: 0.848 | IOU: 0.747
2022-07-21 16:05:01.045 | INFO     | aux.metrics.metrics:show:233 - Micro scores: Dice: 0.843 | IOU: 0.728
2022-07-21 16:05:01.045 | INFO     | aux.metrics.metrics:show:228 - Evaluate neo
2022-07-21 16:05:01.045 | INFO     | aux.metrics.metrics:show:229 - Macro scores: Dice: 0.799 | IOU: 0.690
2022-07-21 16:05:01.045 | INFO     | aux.metrics.metrics:show:233 - Micro scores: Dice: 0.828 | IOU: 0.706
2022-07-21 16:05:01.045 | INFO     | aux.metrics.metrics:show:228 - Evaluate non
2022-07-21 16:05:01.046 | INFO     | aux.metrics.metrics:show:229 - Macro scores: Dice: 0.651 | IOU: 0.508
2022-07-21 16:05:01.046 | INFO     | aux.metrics.metrics:show:233 - Micro scores: Dice: 0.650 | IOU: 0.482
2022-07-21 16:05:01.518 | INFO     | tools.trainer:train_loop:113 - [Saving Snapshot:]/home/s/hungpv/polyps/checkpoints/neo_large_v7/MiT-B3-UPerHead_best.pth
2022-07-21 16:05:01.938 | INFO     | tools.trainer:train_loop:136 - [Saving Snapshot:]/home/s/hungpv/polyps/checkpoints/neo_large_v7/MiT-B3-UPerHead_13.pth
2022-07-21 16:07:10.985 | INFO     | tools.trainer:val_loop:202 - Valid | Epoch [013/013], with lr = 0.00017530714660036112, Step [0169],                    [val_loss: 0.1672]
2022-07-21 16:07:11.098 | INFO     | aux.metrics.metrics:show:228 - Evaluate polyp
2022-07-21 16:07:11.098 | INFO     | aux.metrics.metrics:show:229 - Macro scores: Dice: 0.864 | IOU: 0.773
2022-07-21 16:07:11.098 | INFO     | aux.metrics.metrics:show:233 - Micro scores: Dice: 0.864 | IOU: 0.761
2022-07-21 16:07:11.098 | INFO     | aux.metrics.metrics:show:228 - Evaluate neo
2022-07-21 16:07:11.099 | INFO     | aux.metrics.metrics:show:229 - Macro scores: Dice: 0.850 | IOU: 0.758
2022-07-21 16:07:11.099 | INFO     | aux.metrics.metrics:show:233 - Micro scores: Dice: 0.877 | IOU: 0.781
2022-07-21 16:07:11.099 | INFO     | aux.metrics.metrics:show:228 - Evaluate non
2022-07-21 16:07:11.099 | INFO     | aux.metrics.metrics:show:229 - Macro scores: Dice: 0.671 | IOU: 0.539
2022-07-21 16:07:11.099 | INFO     | aux.metrics.metrics:show:233 - Micro scores: Dice: 0.646 | IOU: 0.477
2022-07-21 16:07:11.577 | INFO     | tools.trainer:train_loop:113 - [Saving Snapshot:]/home/s/hungpv/polyps/checkpoints/neo_large_v7/MiT-B3-UPerHead_best.pth
2022-07-21 16:07:11.991 | INFO     | tools.trainer:train_loop:136 - [Saving Snapshot:]/home/s/hungpv/polyps/checkpoints/neo_large_v7/MiT-B3-UPerHead_14.pth
2022-07-21 16:09:21.185 | INFO     | tools.trainer:val_loop:202 - Valid | Epoch [014/014], with lr = 0.00016910626489868649, Step [0169],                    [val_loss: 0.3357]
2022-07-21 16:09:21.303 | INFO     | aux.metrics.metrics:show:228 - Evaluate polyp
2022-07-21 16:09:21.303 | INFO     | aux.metrics.metrics:show:229 - Macro scores: Dice: 0.853 | IOU: 0.754
2022-07-21 16:09:21.303 | INFO     | aux.metrics.metrics:show:233 - Micro scores: Dice: 0.852 | IOU: 0.742
2022-07-21 16:09:21.304 | INFO     | aux.metrics.metrics:show:228 - Evaluate neo
2022-07-21 16:09:21.304 | INFO     | aux.metrics.metrics:show:229 - Macro scores: Dice: 0.657 | IOU: 0.535
2022-07-21 16:09:21.304 | INFO     | aux.metrics.metrics:show:233 - Micro scores: Dice: 0.733 | IOU: 0.579
2022-07-21 16:09:21.304 | INFO     | aux.metrics.metrics:show:228 - Evaluate non
2022-07-21 16:09:21.304 | INFO     | aux.metrics.metrics:show:229 - Macro scores: Dice: 0.574 | IOU: 0.434
2022-07-21 16:09:21.305 | INFO     | aux.metrics.metrics:show:233 - Micro scores: Dice: 0.561 | IOU: 0.390
2022-07-21 16:09:21.726 | INFO     | tools.trainer:train_loop:136 - [Saving Snapshot:]/home/s/hungpv/polyps/checkpoints/neo_large_v7/MiT-B3-UPerHead_15.pth
2022-07-21 16:11:30.569 | INFO     | tools.trainer:val_loop:202 - Valid | Epoch [015/015], with lr = 0.00016234898018587337, Step [0169],                    [val_loss: 0.1456]
2022-07-21 16:11:30.676 | INFO     | aux.metrics.metrics:show:228 - Evaluate polyp
2022-07-21 16:11:30.677 | INFO     | aux.metrics.metrics:show:229 - Macro scores: Dice: 0.885 | IOU: 0.801
2022-07-21 16:11:30.677 | INFO     | aux.metrics.metrics:show:233 - Micro scores: Dice: 0.886 | IOU: 0.795
2022-07-21 16:11:30.677 | INFO     | aux.metrics.metrics:show:228 - Evaluate neo
2022-07-21 16:11:30.677 | INFO     | aux.metrics.metrics:show:229 - Macro scores: Dice: 0.865 | IOU: 0.776
2022-07-21 16:11:30.677 | INFO     | aux.metrics.metrics:show:233 - Micro scores: Dice: 0.885 | IOU: 0.794
2022-07-21 16:11:30.678 | INFO     | aux.metrics.metrics:show:228 - Evaluate non
2022-07-21 16:11:30.678 | INFO     | aux.metrics.metrics:show:229 - Macro scores: Dice: 0.702 | IOU: 0.570
2022-07-21 16:11:30.678 | INFO     | aux.metrics.metrics:show:233 - Micro scores: Dice: 0.701 | IOU: 0.540
2022-07-21 16:11:31.148 | INFO     | tools.trainer:train_loop:113 - [Saving Snapshot:]/home/s/hungpv/polyps/checkpoints/neo_large_v7/MiT-B3-UPerHead_best.pth
2022-07-21 16:11:31.573 | INFO     | tools.trainer:train_loop:136 - [Saving Snapshot:]/home/s/hungpv/polyps/checkpoints/neo_large_v7/MiT-B3-UPerHead_16.pth
2022-07-21 16:13:40.845 | INFO     | tools.trainer:val_loop:202 - Valid | Epoch [016/016], with lr = 0.00015508969814521025, Step [0169],                    [val_loss: 0.1564]
2022-07-21 16:13:40.958 | INFO     | aux.metrics.metrics:show:228 - Evaluate polyp
2022-07-21 16:13:40.958 | INFO     | aux.metrics.metrics:show:229 - Macro scores: Dice: 0.897 | IOU: 0.819
2022-07-21 16:13:40.958 | INFO     | aux.metrics.metrics:show:233 - Micro scores: Dice: 0.894 | IOU: 0.808
2022-07-21 16:13:40.958 | INFO     | aux.metrics.metrics:show:228 - Evaluate neo
2022-07-21 16:13:40.958 | INFO     | aux.metrics.metrics:show:229 - Macro scores: Dice: 0.864 | IOU: 0.782
2022-07-21 16:13:40.959 | INFO     | aux.metrics.metrics:show:233 - Micro scores: Dice: 0.898 | IOU: 0.814
2022-07-21 16:13:40.959 | INFO     | aux.metrics.metrics:show:228 - Evaluate non
2022-07-21 16:13:40.959 | INFO     | aux.metrics.metrics:show:229 - Macro scores: Dice: 0.725 | IOU: 0.600
2022-07-21 16:13:40.959 | INFO     | aux.metrics.metrics:show:233 - Micro scores: Dice: 0.736 | IOU: 0.583
2022-07-21 16:13:41.452 | INFO     | tools.trainer:train_loop:113 - [Saving Snapshot:]/home/s/hungpv/polyps/checkpoints/neo_large_v7/MiT-B3-UPerHead_best.pth
2022-07-21 16:13:41.883 | INFO     | tools.trainer:train_loop:136 - [Saving Snapshot:]/home/s/hungpv/polyps/checkpoints/neo_large_v7/MiT-B3-UPerHead_17.pth
2022-07-21 16:15:51.439 | INFO     | tools.trainer:val_loop:202 - Valid | Epoch [017/017], with lr = 0.00014738686624729986, Step [0169],                    [val_loss: 0.1310]
2022-07-21 16:15:51.541 | INFO     | aux.metrics.metrics:show:228 - Evaluate polyp
2022-07-21 16:15:51.541 | INFO     | aux.metrics.metrics:show:229 - Macro scores: Dice: 0.897 | IOU: 0.818
2022-07-21 16:15:51.541 | INFO     | aux.metrics.metrics:show:233 - Micro scores: Dice: 0.901 | IOU: 0.819
2022-07-21 16:15:51.542 | INFO     | aux.metrics.metrics:show:228 - Evaluate neo
2022-07-21 16:15:51.542 | INFO     | aux.metrics.metrics:show:229 - Macro scores: Dice: 0.847 | IOU: 0.756
2022-07-21 16:15:51.542 | INFO     | aux.metrics.metrics:show:233 - Micro scores: Dice: 0.877 | IOU: 0.781
2022-07-21 16:15:51.542 | INFO     | aux.metrics.metrics:show:228 - Evaluate non
2022-07-21 16:15:51.542 | INFO     | aux.metrics.metrics:show:229 - Macro scores: Dice: 0.735 | IOU: 0.604
2022-07-21 16:15:51.542 | INFO     | aux.metrics.metrics:show:233 - Micro scores: Dice: 0.757 | IOU: 0.609
2022-07-21 16:15:52.022 | INFO     | tools.trainer:train_loop:113 - [Saving Snapshot:]/home/s/hungpv/polyps/checkpoints/neo_large_v7/MiT-B3-UPerHead_best.pth
2022-07-21 16:15:52.451 | INFO     | tools.trainer:train_loop:136 - [Saving Snapshot:]/home/s/hungpv/polyps/checkpoints/neo_large_v7/MiT-B3-UPerHead_18.pth
2022-07-21 16:18:01.457 | INFO     | tools.trainer:val_loop:202 - Valid | Epoch [018/018], with lr = 0.00013930250316539238, Step [0169],                    [val_loss: 0.1007]
2022-07-21 16:18:01.563 | INFO     | aux.metrics.metrics:show:228 - Evaluate polyp
2022-07-21 16:18:01.564 | INFO     | aux.metrics.metrics:show:229 - Macro scores: Dice: 0.909 | IOU: 0.836
2022-07-21 16:18:01.564 | INFO     | aux.metrics.metrics:show:233 - Micro scores: Dice: 0.913 | IOU: 0.839
2022-07-21 16:18:01.564 | INFO     | aux.metrics.metrics:show:228 - Evaluate neo
2022-07-21 16:18:01.564 | INFO     | aux.metrics.metrics:show:229 - Macro scores: Dice: 0.886 | IOU: 0.814
2022-07-21 16:18:01.565 | INFO     | aux.metrics.metrics:show:233 - Micro scores: Dice: 0.916 | IOU: 0.846
2022-07-21 16:18:01.565 | INFO     | aux.metrics.metrics:show:228 - Evaluate non
2022-07-21 16:18:01.565 | INFO     | aux.metrics.metrics:show:229 - Macro scores: Dice: 0.781 | IOU: 0.666
2022-07-21 16:18:01.565 | INFO     | aux.metrics.metrics:show:233 - Micro scores: Dice: 0.800 | IOU: 0.667
2022-07-21 16:18:02.038 | INFO     | tools.trainer:train_loop:113 - [Saving Snapshot:]/home/s/hungpv/polyps/checkpoints/neo_large_v7/MiT-B3-UPerHead_best.pth
2022-07-21 16:18:02.453 | INFO     | tools.trainer:train_loop:136 - [Saving Snapshot:]/home/s/hungpv/polyps/checkpoints/neo_large_v7/MiT-B3-UPerHead_19.pth
2022-07-21 16:20:11.815 | INFO     | tools.trainer:val_loop:202 - Valid | Epoch [019/019], with lr = 0.00013090169943749476, Step [0169],                    [val_loss: 0.1170]
2022-07-21 16:20:11.925 | INFO     | aux.metrics.metrics:show:228 - Evaluate polyp
2022-07-21 16:20:11.925 | INFO     | aux.metrics.metrics:show:229 - Macro scores: Dice: 0.916 | IOU: 0.847
2022-07-21 16:20:11.925 | INFO     | aux.metrics.metrics:show:233 - Micro scores: Dice: 0.919 | IOU: 0.851
2022-07-21 16:20:11.925 | INFO     | aux.metrics.metrics:show:228 - Evaluate neo
2022-07-21 16:20:11.926 | INFO     | aux.metrics.metrics:show:229 - Macro scores: Dice: 0.895 | IOU: 0.824
2022-07-21 16:20:11.926 | INFO     | aux.metrics.metrics:show:233 - Micro scores: Dice: 0.919 | IOU: 0.850
2022-07-21 16:20:11.926 | INFO     | aux.metrics.metrics:show:228 - Evaluate non
2022-07-21 16:20:11.927 | INFO     | aux.metrics.metrics:show:229 - Macro scores: Dice: 0.781 | IOU: 0.663
2022-07-21 16:20:11.927 | INFO     | aux.metrics.metrics:show:233 - Micro scores: Dice: 0.809 | IOU: 0.680
2022-07-21 16:20:12.408 | INFO     | tools.trainer:train_loop:113 - [Saving Snapshot:]/home/s/hungpv/polyps/checkpoints/neo_large_v7/MiT-B3-UPerHead_best.pth
2022-07-21 16:20:12.837 | INFO     | tools.trainer:train_loop:136 - [Saving Snapshot:]/home/s/hungpv/polyps/checkpoints/neo_large_v7/MiT-B3-UPerHead_20.pth
2022-07-21 16:22:22.022 | INFO     | tools.trainer:val_loop:202 - Valid | Epoch [020/020], with lr = 0.00012225209339563145, Step [0169],                    [val_loss: 0.0894]
2022-07-21 16:22:22.130 | INFO     | aux.metrics.metrics:show:228 - Evaluate polyp
2022-07-21 16:22:22.130 | INFO     | aux.metrics.metrics:show:229 - Macro scores: Dice: 0.915 | IOU: 0.847
2022-07-21 16:22:22.131 | INFO     | aux.metrics.metrics:show:233 - Micro scores: Dice: 0.916 | IOU: 0.845
2022-07-21 16:22:22.131 | INFO     | aux.metrics.metrics:show:228 - Evaluate neo
2022-07-21 16:22:22.131 | INFO     | aux.metrics.metrics:show:229 - Macro scores: Dice: 0.907 | IOU: 0.838
2022-07-21 16:22:22.131 | INFO     | aux.metrics.metrics:show:233 - Micro scores: Dice: 0.920 | IOU: 0.852
2022-07-21 16:22:22.131 | INFO     | aux.metrics.metrics:show:228 - Evaluate non
2022-07-21 16:22:22.132 | INFO     | aux.metrics.metrics:show:229 - Macro scores: Dice: 0.798 | IOU: 0.685
2022-07-21 16:22:22.132 | INFO     | aux.metrics.metrics:show:233 - Micro scores: Dice: 0.826 | IOU: 0.703
2022-07-21 16:22:22.615 | INFO     | tools.trainer:train_loop:113 - [Saving Snapshot:]/home/s/hungpv/polyps/checkpoints/neo_large_v7/MiT-B3-UPerHead_best.pth
2022-07-21 16:22:23.030 | INFO     | tools.trainer:train_loop:136 - [Saving Snapshot:]/home/s/hungpv/polyps/checkpoints/neo_large_v7/MiT-B3-UPerHead_21.pth
2022-07-21 16:24:32.248 | INFO     | tools.trainer:val_loop:202 - Valid | Epoch [021/021], with lr = 0.00011342332658176555, Step [0169],                    [val_loss: 0.1081]
2022-07-21 16:24:32.362 | INFO     | aux.metrics.metrics:show:228 - Evaluate polyp
2022-07-21 16:24:32.362 | INFO     | aux.metrics.metrics:show:229 - Macro scores: Dice: 0.919 | IOU: 0.852
2022-07-21 16:24:32.362 | INFO     | aux.metrics.metrics:show:233 - Micro scores: Dice: 0.921 | IOU: 0.853
2022-07-21 16:24:32.362 | INFO     | aux.metrics.metrics:show:228 - Evaluate neo
2022-07-21 16:24:32.363 | INFO     | aux.metrics.metrics:show:229 - Macro scores: Dice: 0.905 | IOU: 0.836
2022-07-21 16:24:32.363 | INFO     | aux.metrics.metrics:show:233 - Micro scores: Dice: 0.917 | IOU: 0.847
2022-07-21 16:24:32.363 | INFO     | aux.metrics.metrics:show:228 - Evaluate non
2022-07-21 16:24:32.363 | INFO     | aux.metrics.metrics:show:229 - Macro scores: Dice: 0.785 | IOU: 0.672
2022-07-21 16:24:32.363 | INFO     | aux.metrics.metrics:show:233 - Micro scores: Dice: 0.821 | IOU: 0.696
2022-07-21 16:24:32.794 | INFO     | tools.trainer:train_loop:136 - [Saving Snapshot:]/home/s/hungpv/polyps/checkpoints/neo_large_v7/MiT-B3-UPerHead_22.pth
2022-07-21 16:26:42.683 | INFO     | tools.trainer:val_loop:202 - Valid | Epoch [022/022], with lr = 0.00010448648303505151, Step [0169],                    [val_loss: 0.0640]
2022-07-21 16:26:42.795 | INFO     | aux.metrics.metrics:show:228 - Evaluate polyp
2022-07-21 16:26:42.795 | INFO     | aux.metrics.metrics:show:229 - Macro scores: Dice: 0.920 | IOU: 0.854
2022-07-21 16:26:42.795 | INFO     | aux.metrics.metrics:show:233 - Micro scores: Dice: 0.924 | IOU: 0.858
2022-07-21 16:26:42.795 | INFO     | aux.metrics.metrics:show:228 - Evaluate neo
2022-07-21 16:26:42.796 | INFO     | aux.metrics.metrics:show:229 - Macro scores: Dice: 0.904 | IOU: 0.837
2022-07-21 16:26:42.796 | INFO     | aux.metrics.metrics:show:233 - Micro scores: Dice: 0.925 | IOU: 0.860
2022-07-21 16:26:42.796 | INFO     | aux.metrics.metrics:show:228 - Evaluate non
2022-07-21 16:26:42.796 | INFO     | aux.metrics.metrics:show:229 - Macro scores: Dice: 0.812 | IOU: 0.702
2022-07-21 16:26:42.796 | INFO     | aux.metrics.metrics:show:233 - Micro scores: Dice: 0.835 | IOU: 0.717
2022-07-21 16:26:43.269 | INFO     | tools.trainer:train_loop:113 - [Saving Snapshot:]/home/s/hungpv/polyps/checkpoints/neo_large_v7/MiT-B3-UPerHead_best.pth
2022-07-21 16:26:43.685 | INFO     | tools.trainer:train_loop:136 - [Saving Snapshot:]/home/s/hungpv/polyps/checkpoints/neo_large_v7/MiT-B3-UPerHead_23.pth
2022-07-21 16:28:52.946 | INFO     | tools.trainer:val_loop:202 - Valid | Epoch [023/023], with lr = 9.551351696494853e-05, Step [0169],                    [val_loss: 0.0778]
2022-07-21 16:28:53.058 | INFO     | aux.metrics.metrics:show:228 - Evaluate polyp
2022-07-21 16:28:53.059 | INFO     | aux.metrics.metrics:show:229 - Macro scores: Dice: 0.921 | IOU: 0.856
2022-07-21 16:28:53.059 | INFO     | aux.metrics.metrics:show:233 - Micro scores: Dice: 0.923 | IOU: 0.857
2022-07-21 16:28:53.059 | INFO     | aux.metrics.metrics:show:228 - Evaluate neo
2022-07-21 16:28:53.059 | INFO     | aux.metrics.metrics:show:229 - Macro scores: Dice: 0.908 | IOU: 0.840
2022-07-21 16:28:53.059 | INFO     | aux.metrics.metrics:show:233 - Micro scores: Dice: 0.929 | IOU: 0.867
2022-07-21 16:28:53.060 | INFO     | aux.metrics.metrics:show:228 - Evaluate non
2022-07-21 16:28:53.060 | INFO     | aux.metrics.metrics:show:229 - Macro scores: Dice: 0.827 | IOU: 0.720
2022-07-21 16:28:53.060 | INFO     | aux.metrics.metrics:show:233 - Micro scores: Dice: 0.839 | IOU: 0.722
2022-07-21 16:28:53.539 | INFO     | tools.trainer:train_loop:113 - [Saving Snapshot:]/home/s/hungpv/polyps/checkpoints/neo_large_v7/MiT-B3-UPerHead_best.pth
2022-07-21 16:28:53.951 | INFO     | tools.trainer:train_loop:136 - [Saving Snapshot:]/home/s/hungpv/polyps/checkpoints/neo_large_v7/MiT-B3-UPerHead_24.pth
2022-07-21 16:31:03.331 | INFO     | tools.trainer:val_loop:202 - Valid | Epoch [024/024], with lr = 8.657667341823447e-05, Step [0169],                    [val_loss: 0.0737]
2022-07-21 16:31:03.434 | INFO     | aux.metrics.metrics:show:228 - Evaluate polyp
2022-07-21 16:31:03.434 | INFO     | aux.metrics.metrics:show:229 - Macro scores: Dice: 0.931 | IOU: 0.873
2022-07-21 16:31:03.434 | INFO     | aux.metrics.metrics:show:233 - Micro scores: Dice: 0.935 | IOU: 0.877
2022-07-21 16:31:03.435 | INFO     | aux.metrics.metrics:show:228 - Evaluate neo
2022-07-21 16:31:03.435 | INFO     | aux.metrics.metrics:show:229 - Macro scores: Dice: 0.927 | IOU: 0.868
2022-07-21 16:31:03.435 | INFO     | aux.metrics.metrics:show:233 - Micro scores: Dice: 0.941 | IOU: 0.888
2022-07-21 16:31:03.435 | INFO     | aux.metrics.metrics:show:228 - Evaluate non
2022-07-21 16:31:03.435 | INFO     | aux.metrics.metrics:show:229 - Macro scores: Dice: 0.840 | IOU: 0.737
2022-07-21 16:31:03.435 | INFO     | aux.metrics.metrics:show:233 - Micro scores: Dice: 0.859 | IOU: 0.753
2022-07-21 16:31:03.913 | INFO     | tools.trainer:train_loop:113 - [Saving Snapshot:]/home/s/hungpv/polyps/checkpoints/neo_large_v7/MiT-B3-UPerHead_best.pth
2022-07-21 16:31:04.329 | INFO     | tools.trainer:train_loop:136 - [Saving Snapshot:]/home/s/hungpv/polyps/checkpoints/neo_large_v7/MiT-B3-UPerHead_25.pth
2022-07-21 16:33:13.821 | INFO     | tools.trainer:val_loop:202 - Valid | Epoch [025/025], with lr = 7.774790660436858e-05, Step [0169],                    [val_loss: 0.0674]
2022-07-21 16:33:13.939 | INFO     | aux.metrics.metrics:show:228 - Evaluate polyp
2022-07-21 16:33:13.940 | INFO     | aux.metrics.metrics:show:229 - Macro scores: Dice: 0.932 | IOU: 0.874
2022-07-21 16:33:13.940 | INFO     | aux.metrics.metrics:show:233 - Micro scores: Dice: 0.936 | IOU: 0.879
2022-07-21 16:33:13.940 | INFO     | aux.metrics.metrics:show:228 - Evaluate neo
2022-07-21 16:33:13.940 | INFO     | aux.metrics.metrics:show:229 - Macro scores: Dice: 0.924 | IOU: 0.868
2022-07-21 16:33:13.940 | INFO     | aux.metrics.metrics:show:233 - Micro scores: Dice: 0.942 | IOU: 0.889
2022-07-21 16:33:13.941 | INFO     | aux.metrics.metrics:show:228 - Evaluate non
2022-07-21 16:33:13.941 | INFO     | aux.metrics.metrics:show:229 - Macro scores: Dice: 0.829 | IOU: 0.727
2022-07-21 16:33:13.941 | INFO     | aux.metrics.metrics:show:233 - Micro scores: Dice: 0.856 | IOU: 0.749
2022-07-21 16:33:14.360 | INFO     | tools.trainer:train_loop:136 - [Saving Snapshot:]/home/s/hungpv/polyps/checkpoints/neo_large_v7/MiT-B3-UPerHead_26.pth
2022-07-21 16:35:23.829 | INFO     | tools.trainer:val_loop:202 - Valid | Epoch [026/026], with lr = 6.909830056250527e-05, Step [0169],                    [val_loss: 0.0610]
2022-07-21 16:35:23.925 | INFO     | aux.metrics.metrics:show:228 - Evaluate polyp
2022-07-21 16:35:23.926 | INFO     | aux.metrics.metrics:show:229 - Macro scores: Dice: 0.933 | IOU: 0.877
2022-07-21 16:35:23.926 | INFO     | aux.metrics.metrics:show:233 - Micro scores: Dice: 0.935 | IOU: 0.878
2022-07-21 16:35:23.926 | INFO     | aux.metrics.metrics:show:228 - Evaluate neo
2022-07-21 16:35:23.926 | INFO     | aux.metrics.metrics:show:229 - Macro scores: Dice: 0.909 | IOU: 0.848
2022-07-21 16:35:23.926 | INFO     | aux.metrics.metrics:show:233 - Micro scores: Dice: 0.935 | IOU: 0.878
2022-07-21 16:35:23.926 | INFO     | aux.metrics.metrics:show:228 - Evaluate non
2022-07-21 16:35:23.927 | INFO     | aux.metrics.metrics:show:229 - Macro scores: Dice: 0.804 | IOU: 0.700
2022-07-21 16:35:23.927 | INFO     | aux.metrics.metrics:show:233 - Micro scores: Dice: 0.844 | IOU: 0.730
2022-07-21 16:35:24.364 | INFO     | tools.trainer:train_loop:136 - [Saving Snapshot:]/home/s/hungpv/polyps/checkpoints/neo_large_v7/MiT-B3-UPerHead_27.pth
2022-07-21 16:37:33.779 | INFO     | tools.trainer:val_loop:202 - Valid | Epoch [027/027], with lr = 6.069749683460767e-05, Step [0169],                    [val_loss: 0.0624]
2022-07-21 16:37:33.883 | INFO     | aux.metrics.metrics:show:228 - Evaluate polyp
2022-07-21 16:37:33.884 | INFO     | aux.metrics.metrics:show:229 - Macro scores: Dice: 0.937 | IOU: 0.884
2022-07-21 16:37:33.884 | INFO     | aux.metrics.metrics:show:233 - Micro scores: Dice: 0.940 | IOU: 0.887
2022-07-21 16:37:33.884 | INFO     | aux.metrics.metrics:show:228 - Evaluate neo
2022-07-21 16:37:33.884 | INFO     | aux.metrics.metrics:show:229 - Macro scores: Dice: 0.927 | IOU: 0.874
2022-07-21 16:37:33.885 | INFO     | aux.metrics.metrics:show:233 - Micro scores: Dice: 0.946 | IOU: 0.897
2022-07-21 16:37:33.885 | INFO     | aux.metrics.metrics:show:228 - Evaluate non
2022-07-21 16:37:33.885 | INFO     | aux.metrics.metrics:show:229 - Macro scores: Dice: 0.847 | IOU: 0.752
2022-07-21 16:37:33.885 | INFO     | aux.metrics.metrics:show:233 - Micro scores: Dice: 0.871 | IOU: 0.771
2022-07-21 16:37:34.353 | INFO     | tools.trainer:train_loop:113 - [Saving Snapshot:]/home/s/hungpv/polyps/checkpoints/neo_large_v7/MiT-B3-UPerHead_best.pth
2022-07-21 16:37:34.765 | INFO     | tools.trainer:train_loop:136 - [Saving Snapshot:]/home/s/hungpv/polyps/checkpoints/neo_large_v7/MiT-B3-UPerHead_28.pth
2022-07-21 16:39:44.088 | INFO     | tools.trainer:val_loop:202 - Valid | Epoch [028/028], with lr = 5.261313375270014e-05, Step [0169],                    [val_loss: 0.0481]
2022-07-21 16:39:44.190 | INFO     | aux.metrics.metrics:show:228 - Evaluate polyp
2022-07-21 16:39:44.190 | INFO     | aux.metrics.metrics:show:229 - Macro scores: Dice: 0.939 | IOU: 0.886
2022-07-21 16:39:44.190 | INFO     | aux.metrics.metrics:show:233 - Micro scores: Dice: 0.941 | IOU: 0.888
2022-07-21 16:39:44.190 | INFO     | aux.metrics.metrics:show:228 - Evaluate neo
2022-07-21 16:39:44.191 | INFO     | aux.metrics.metrics:show:229 - Macro scores: Dice: 0.931 | IOU: 0.880
2022-07-21 16:39:44.191 | INFO     | aux.metrics.metrics:show:233 - Micro scores: Dice: 0.946 | IOU: 0.898
2022-07-21 16:39:44.191 | INFO     | aux.metrics.metrics:show:228 - Evaluate non
2022-07-21 16:39:44.191 | INFO     | aux.metrics.metrics:show:229 - Macro scores: Dice: 0.856 | IOU: 0.763
2022-07-21 16:39:44.191 | INFO     | aux.metrics.metrics:show:233 - Micro scores: Dice: 0.873 | IOU: 0.774
2022-07-21 16:39:44.664 | INFO     | tools.trainer:train_loop:113 - [Saving Snapshot:]/home/s/hungpv/polyps/checkpoints/neo_large_v7/MiT-B3-UPerHead_best.pth
2022-07-21 16:39:45.073 | INFO     | tools.trainer:train_loop:136 - [Saving Snapshot:]/home/s/hungpv/polyps/checkpoints/neo_large_v7/MiT-B3-UPerHead_29.pth
2022-07-21 16:41:54.534 | INFO     | tools.trainer:val_loop:202 - Valid | Epoch [029/029], with lr = 4.491030185478976e-05, Step [0169],                    [val_loss: 0.0873]
2022-07-21 16:41:54.647 | INFO     | aux.metrics.metrics:show:228 - Evaluate polyp
2022-07-21 16:41:54.648 | INFO     | aux.metrics.metrics:show:229 - Macro scores: Dice: 0.932 | IOU: 0.875
2022-07-21 16:41:54.648 | INFO     | aux.metrics.metrics:show:233 - Micro scores: Dice: 0.938 | IOU: 0.883
2022-07-21 16:41:54.648 | INFO     | aux.metrics.metrics:show:228 - Evaluate neo
2022-07-21 16:41:54.648 | INFO     | aux.metrics.metrics:show:229 - Macro scores: Dice: 0.911 | IOU: 0.851
2022-07-21 16:41:54.649 | INFO     | aux.metrics.metrics:show:233 - Micro scores: Dice: 0.937 | IOU: 0.881
2022-07-21 16:41:54.649 | INFO     | aux.metrics.metrics:show:228 - Evaluate non
2022-07-21 16:41:54.649 | INFO     | aux.metrics.metrics:show:229 - Macro scores: Dice: 0.820 | IOU: 0.716
2022-07-21 16:41:54.649 | INFO     | aux.metrics.metrics:show:233 - Micro scores: Dice: 0.848 | IOU: 0.735
2022-07-21 16:41:55.072 | INFO     | tools.trainer:train_loop:136 - [Saving Snapshot:]/home/s/hungpv/polyps/checkpoints/neo_large_v7/MiT-B3-UPerHead_30.pth
2022-07-21 16:44:04.579 | INFO     | tools.trainer:val_loop:202 - Valid | Epoch [030/030], with lr = 3.7651019814126654e-05, Step [0169],                    [val_loss: 0.0624]
2022-07-21 16:44:04.680 | INFO     | aux.metrics.metrics:show:228 - Evaluate polyp
2022-07-21 16:44:04.680 | INFO     | aux.metrics.metrics:show:229 - Macro scores: Dice: 0.937 | IOU: 0.884
2022-07-21 16:44:04.680 | INFO     | aux.metrics.metrics:show:233 - Micro scores: Dice: 0.940 | IOU: 0.887
2022-07-21 16:44:04.680 | INFO     | aux.metrics.metrics:show:228 - Evaluate neo
2022-07-21 16:44:04.680 | INFO     | aux.metrics.metrics:show:229 - Macro scores: Dice: 0.934 | IOU: 0.882
2022-07-21 16:44:04.680 | INFO     | aux.metrics.metrics:show:233 - Micro scores: Dice: 0.944 | IOU: 0.894
2022-07-21 16:44:04.681 | INFO     | aux.metrics.metrics:show:228 - Evaluate non
2022-07-21 16:44:04.681 | INFO     | aux.metrics.metrics:show:229 - Macro scores: Dice: 0.850 | IOU: 0.757
2022-07-21 16:44:04.681 | INFO     | aux.metrics.metrics:show:233 - Micro scores: Dice: 0.870 | IOU: 0.770
2022-07-21 16:44:05.105 | INFO     | tools.trainer:train_loop:136 - [Saving Snapshot:]/home/s/hungpv/polyps/checkpoints/neo_large_v7/MiT-B3-UPerHead_31.pth
2022-07-21 16:46:14.893 | INFO     | tools.trainer:val_loop:202 - Valid | Epoch [031/031], with lr = 3.089373510131354e-05, Step [0169],                    [val_loss: 0.0551]
2022-07-21 16:46:14.996 | INFO     | aux.metrics.metrics:show:228 - Evaluate polyp
2022-07-21 16:46:14.997 | INFO     | aux.metrics.metrics:show:229 - Macro scores: Dice: 0.940 | IOU: 0.887
2022-07-21 16:46:14.997 | INFO     | aux.metrics.metrics:show:233 - Micro scores: Dice: 0.943 | IOU: 0.892
2022-07-21 16:46:14.997 | INFO     | aux.metrics.metrics:show:228 - Evaluate neo
2022-07-21 16:46:14.997 | INFO     | aux.metrics.metrics:show:229 - Macro scores: Dice: 0.934 | IOU: 0.884
2022-07-21 16:46:14.998 | INFO     | aux.metrics.metrics:show:233 - Micro scores: Dice: 0.951 | IOU: 0.907
2022-07-21 16:46:14.998 | INFO     | aux.metrics.metrics:show:228 - Evaluate non
2022-07-21 16:46:14.998 | INFO     | aux.metrics.metrics:show:229 - Macro scores: Dice: 0.863 | IOU: 0.772
2022-07-21 16:46:14.998 | INFO     | aux.metrics.metrics:show:233 - Micro scores: Dice: 0.884 | IOU: 0.793
2022-07-21 16:46:15.478 | INFO     | tools.trainer:train_loop:113 - [Saving Snapshot:]/home/s/hungpv/polyps/checkpoints/neo_large_v7/MiT-B3-UPerHead_best.pth
2022-07-21 16:46:15.894 | INFO     | tools.trainer:train_loop:136 - [Saving Snapshot:]/home/s/hungpv/polyps/checkpoints/neo_large_v7/MiT-B3-UPerHead_32.pth
2022-07-21 16:48:25.163 | INFO     | tools.trainer:val_loop:202 - Valid | Epoch [032/032], with lr = 2.4692853399638917e-05, Step [0169],                    [val_loss: 0.0466]
2022-07-21 16:48:25.270 | INFO     | aux.metrics.metrics:show:228 - Evaluate polyp
2022-07-21 16:48:25.270 | INFO     | aux.metrics.metrics:show:229 - Macro scores: Dice: 0.942 | IOU: 0.891
2022-07-21 16:48:25.270 | INFO     | aux.metrics.metrics:show:233 - Micro scores: Dice: 0.944 | IOU: 0.894
2022-07-21 16:48:25.270 | INFO     | aux.metrics.metrics:show:228 - Evaluate neo
2022-07-21 16:48:25.271 | INFO     | aux.metrics.metrics:show:229 - Macro scores: Dice: 0.944 | IOU: 0.898
2022-07-21 16:48:25.271 | INFO     | aux.metrics.metrics:show:233 - Micro scores: Dice: 0.953 | IOU: 0.910
2022-07-21 16:48:25.271 | INFO     | aux.metrics.metrics:show:228 - Evaluate non
2022-07-21 16:48:25.271 | INFO     | aux.metrics.metrics:show:229 - Macro scores: Dice: 0.867 | IOU: 0.783
2022-07-21 16:48:25.271 | INFO     | aux.metrics.metrics:show:233 - Micro scores: Dice: 0.893 | IOU: 0.806
2022-07-21 16:48:25.762 | INFO     | tools.trainer:train_loop:113 - [Saving Snapshot:]/home/s/hungpv/polyps/checkpoints/neo_large_v7/MiT-B3-UPerHead_best.pth
2022-07-21 16:48:26.184 | INFO     | tools.trainer:train_loop:136 - [Saving Snapshot:]/home/s/hungpv/polyps/checkpoints/neo_large_v7/MiT-B3-UPerHead_33.pth
2022-07-21 16:50:35.134 | INFO     | tools.trainer:val_loop:202 - Valid | Epoch [033/033], with lr = 1.9098300562505266e-05, Step [0169],                    [val_loss: 0.0530]
2022-07-21 16:50:35.247 | INFO     | aux.metrics.metrics:show:228 - Evaluate polyp
2022-07-21 16:50:35.247 | INFO     | aux.metrics.metrics:show:229 - Macro scores: Dice: 0.943 | IOU: 0.894
2022-07-21 16:50:35.248 | INFO     | aux.metrics.metrics:show:233 - Micro scores: Dice: 0.947 | IOU: 0.898
2022-07-21 16:50:35.248 | INFO     | aux.metrics.metrics:show:228 - Evaluate neo
2022-07-21 16:50:35.248 | INFO     | aux.metrics.metrics:show:229 - Macro scores: Dice: 0.944 | IOU: 0.898
2022-07-21 16:50:35.248 | INFO     | aux.metrics.metrics:show:233 - Micro scores: Dice: 0.954 | IOU: 0.913
2022-07-21 16:50:35.248 | INFO     | aux.metrics.metrics:show:228 - Evaluate non
2022-07-21 16:50:35.248 | INFO     | aux.metrics.metrics:show:229 - Macro scores: Dice: 0.878 | IOU: 0.791
2022-07-21 16:50:35.248 | INFO     | aux.metrics.metrics:show:233 - Micro scores: Dice: 0.889 | IOU: 0.800
2022-07-21 16:50:35.719 | INFO     | tools.trainer:train_loop:113 - [Saving Snapshot:]/home/s/hungpv/polyps/checkpoints/neo_large_v7/MiT-B3-UPerHead_best.pth
2022-07-21 16:50:36.140 | INFO     | tools.trainer:train_loop:136 - [Saving Snapshot:]/home/s/hungpv/polyps/checkpoints/neo_large_v7/MiT-B3-UPerHead_34.pth
2022-07-21 16:52:45.451 | INFO     | tools.trainer:val_loop:202 - Valid | Epoch [034/034], with lr = 1.415512063981339e-05, Step [0169],                    [val_loss: 0.0381]
2022-07-21 16:52:45.569 | INFO     | aux.metrics.metrics:show:228 - Evaluate polyp
2022-07-21 16:52:45.570 | INFO     | aux.metrics.metrics:show:229 - Macro scores: Dice: 0.944 | IOU: 0.896
2022-07-21 16:52:45.570 | INFO     | aux.metrics.metrics:show:233 - Micro scores: Dice: 0.948 | IOU: 0.900
2022-07-21 16:52:45.570 | INFO     | aux.metrics.metrics:show:228 - Evaluate neo
2022-07-21 16:52:45.570 | INFO     | aux.metrics.metrics:show:229 - Macro scores: Dice: 0.948 | IOU: 0.905
2022-07-21 16:52:45.570 | INFO     | aux.metrics.metrics:show:233 - Micro scores: Dice: 0.958 | IOU: 0.919
2022-07-21 16:52:45.571 | INFO     | aux.metrics.metrics:show:228 - Evaluate non
2022-07-21 16:52:45.571 | INFO     | aux.metrics.metrics:show:229 - Macro scores: Dice: 0.884 | IOU: 0.801
2022-07-21 16:52:45.571 | INFO     | aux.metrics.metrics:show:233 - Micro scores: Dice: 0.897 | IOU: 0.813
2022-07-21 16:52:46.045 | INFO     | tools.trainer:train_loop:113 - [Saving Snapshot:]/home/s/hungpv/polyps/checkpoints/neo_large_v7/MiT-B3-UPerHead_best.pth
2022-07-21 16:52:46.459 | INFO     | tools.trainer:train_loop:136 - [Saving Snapshot:]/home/s/hungpv/polyps/checkpoints/neo_large_v7/MiT-B3-UPerHead_35.pth
2022-07-21 16:52:46.459 | INFO     | tools.trainer:train_loop:145 - Training cost: 4553.660408782074seconds
