2022-09-08 19:57:42.372 | INFO     | __main__:main:57 - Load config from configs/neo_large.yaml
2022-09-08 19:57:42.373 | INFO     | __main__:main:58 - {'dataset': {'data_path': '/home/s/WLIv5_pub_noud', 'train_data_path': ['/home/s/WLIv5_pub_noud/Test'], 'test_data_path': ['/home/s/WLIv5_pub_noud/Test'], 'val_data_path': ['/home/s/WLIv5_pub_noud/Test']}, 'model': {'num_classes': 3, 'save_dir': '/home/s/hungpv/polyps/checkpoints/neo_large_v11', 'backbone': 'MiT-B3', 'head': 'FaPNHead', 'pretrained': '/home/s/hungpv/polyps/pretrained_models/mit_b3.pth'}, 'optimizer': {'name': 'adam', 'lr': 1e-05, 'clip': 0.5, 'scheduler': 'cosine_warmup', 'loss': 'multi_structure_loss'}, 'dev': 'cuda', 'train': {'start_from': 0, 'save_from': 6, 'num_epochs': 7, 'num_warmup_epoch': 2, 'is_val': True, 'size_rates': [0.75, 1, 1.25], 'dataloader': {'batchsize': 16, 'img_size': 384, 'shuffle': True, 'num_workers': 4, 'pin_memory': True, 'drop_last': True}, 'amp': False, 'ddp': False, 'augment': {'prob': 1, 'Flip_prob': 0.5, 'HueSaturationValue_prob': 0.5, 'RandomBrightnessContrast_prob': 0.5, 'crop_prob': 0.0, 'randomrotate90_prob': 0.5, 'elastictransform_prob': 0.0, 'ColorJitter_prob': 0.5}}, 'val': {'dataloader': {'batchsize': 8, 'img_size': 384, 'shuffle': True, 'num_workers': 4, 'pin_memory': True, 'drop_last': False}}, 'test': {'dev': 'cuda', 'visualize': True, 'visualize_dir': '/home/s/hungpv/polyps/neo_visualize', 'vis_x': 180, 'vis_overwrite': False, 'checkpoint_dir': '/home/s/hungpv/polyps/checkpoints/neo_large_v10/MiT-B3-FaPNHead_150.pth', 'dataloader': {'batchsize': 1, 'img_size': 384, 'shuffle': True, 'num_workers': 4, 'pin_memory': True, 'drop_last': False}, 'augment': {'prob': 1, 'Flip_prob': 0, 'HueSaturationValue_prob': 0, 'RandomBrightnessContrast_prob': 0, 'crop_prob': 0, 'randomrotate90_prob': 0, 'elastictransform_prob': 0, 'gridistortion_prob': 0, 'opticaldistortion_prob': 0, 'verticalflip_prob': 0, 'horizontalflip_prob': 0, 'randomgamma_prob': 0, 'CoarseDropout_prob': 0, 'RGBShift_prob': 0, 'MotionBlur_prob': 0, 'MedianBlur_prob': 0, 'GaussianBlur_prob': 0, 'GaussNoise_prob': 0, 'ChannelShuffle_prob': 0}}}
2022-09-08 19:57:42.373 | INFO     | __main__:main:59 - Getting datapath
2022-09-08 19:57:42.380 | INFO     | __main__:main:74 - There are 1353 images to train
2022-09-08 19:57:42.386 | INFO     | __main__:main:91 - There are 1353 images to val
2022-09-08 19:57:42.386 | INFO     | __main__:main:95 - Loading data
2022-09-08 19:57:42.591 | INFO     | __main__:main:109 - 84 batches to train
2022-09-08 19:57:42.796 | INFO     | __main__:main:122 - Loading model
2022-09-08 19:57:42.797 | INFO     | __main__:main:143 - Loading checkpoint from /home/s/hungpv/polyps/pretrained_models/mit_b3.pth ...
2022-09-08 19:57:46.219 | INFO     | __main__:main:190 - Training with FP32 ...
2022-09-08 20:00:21.019 | INFO     | tools.trainer:val_loop:204 - Valid | Epoch [000/000], with lr = 1.25e-06, Step [0169],                    [val_loss: 0.1332]
2022-09-08 20:00:21.133 | INFO     | aux.metrics.metrics:show:228 - Evaluate polyp
2022-09-08 20:00:21.134 | INFO     | aux.metrics.metrics:show:229 - Macro scores: Dice: 0.934 | IOU: 0.880
2022-09-08 20:00:21.134 | INFO     | aux.metrics.metrics:show:233 - Micro scores: Dice: 0.936 | IOU: 0.880
2022-09-08 20:00:21.134 | INFO     | aux.metrics.metrics:show:228 - Evaluate neo
2022-09-08 20:00:21.134 | INFO     | aux.metrics.metrics:show:229 - Macro scores: Dice: 0.892 | IOU: 0.827
2022-09-08 20:00:21.134 | INFO     | aux.metrics.metrics:show:233 - Micro scores: Dice: 0.926 | IOU: 0.861
2022-09-08 20:00:21.134 | INFO     | aux.metrics.metrics:show:228 - Evaluate non
2022-09-08 20:00:21.135 | INFO     | aux.metrics.metrics:show:229 - Macro scores: Dice: 0.778 | IOU: 0.667
2022-09-08 20:00:21.135 | INFO     | aux.metrics.metrics:show:233 - Micro scores: Dice: 0.796 | IOU: 0.661
2022-09-08 20:00:21.552 | INFO     | tools.trainer:train_loop:115 - [Saving Snapshot:]/home/s/hungpv/polyps/checkpoints/neo_large_v11/MiT-B3-FaPNHead_best.pth
2022-09-08 20:02:55.945 | INFO     | tools.trainer:val_loop:204 - Valid | Epoch [001/001], with lr = 1.25e-06, Step [0169],                    [val_loss: 0.1492]
2022-09-08 20:02:56.075 | INFO     | aux.metrics.metrics:show:228 - Evaluate polyp
2022-09-08 20:02:56.075 | INFO     | aux.metrics.metrics:show:229 - Macro scores: Dice: 0.934 | IOU: 0.880
2022-09-08 20:02:56.075 | INFO     | aux.metrics.metrics:show:233 - Micro scores: Dice: 0.937 | IOU: 0.881
2022-09-08 20:02:56.075 | INFO     | aux.metrics.metrics:show:228 - Evaluate neo
2022-09-08 20:02:56.076 | INFO     | aux.metrics.metrics:show:229 - Macro scores: Dice: 0.899 | IOU: 0.837
2022-09-08 20:02:56.076 | INFO     | aux.metrics.metrics:show:233 - Micro scores: Dice: 0.925 | IOU: 0.861
2022-09-08 20:02:56.076 | INFO     | aux.metrics.metrics:show:228 - Evaluate non
2022-09-08 20:02:56.076 | INFO     | aux.metrics.metrics:show:229 - Macro scores: Dice: 0.765 | IOU: 0.652
2022-09-08 20:02:56.076 | INFO     | aux.metrics.metrics:show:233 - Micro scores: Dice: 0.797 | IOU: 0.662
2022-09-08 20:02:56.522 | INFO     | tools.trainer:train_loop:115 - [Saving Snapshot:]/home/s/hungpv/polyps/checkpoints/neo_large_v11/MiT-B3-FaPNHead_best.pth
2022-09-08 20:05:30.606 | INFO     | tools.trainer:val_loop:204 - Valid | Epoch [002/002], with lr = 5.625e-06, Step [0169],                    [val_loss: 0.1748]
2022-09-08 20:05:30.713 | INFO     | aux.metrics.metrics:show:228 - Evaluate polyp
2022-09-08 20:05:30.714 | INFO     | aux.metrics.metrics:show:229 - Macro scores: Dice: 0.935 | IOU: 0.881
2022-09-08 20:05:30.714 | INFO     | aux.metrics.metrics:show:233 - Micro scores: Dice: 0.937 | IOU: 0.881
2022-09-08 20:05:30.714 | INFO     | aux.metrics.metrics:show:228 - Evaluate neo
2022-09-08 20:05:30.714 | INFO     | aux.metrics.metrics:show:229 - Macro scores: Dice: 0.893 | IOU: 0.826
2022-09-08 20:05:30.714 | INFO     | aux.metrics.metrics:show:233 - Micro scores: Dice: 0.925 | IOU: 0.861
2022-09-08 20:05:30.714 | INFO     | aux.metrics.metrics:show:228 - Evaluate non
2022-09-08 20:05:30.715 | INFO     | aux.metrics.metrics:show:229 - Macro scores: Dice: 0.777 | IOU: 0.661
2022-09-08 20:05:30.715 | INFO     | aux.metrics.metrics:show:233 - Micro scores: Dice: 0.802 | IOU: 0.670
2022-09-08 20:05:31.165 | INFO     | tools.trainer:train_loop:115 - [Saving Snapshot:]/home/s/hungpv/polyps/checkpoints/neo_large_v11/MiT-B3-FaPNHead_best.pth
