2022-07-09 01:07:31.684 | INFO     | __main__:main:56 - Load config from configs/neo_large.yaml
2022-07-09 01:07:31.684 | INFO     | __main__:main:57 - {'dataset': {'data_path': '/home/s/WLIv5_pub_noud', 'train_data_path': ['/home/s/WLIv5_pub_noud/Train'], 'test_data_path': ['/home/s/WLIv5_pub_noud/Test'], 'val_data_path': ['/home/s/WLIv5_pub_noud/Test']}, 'model': {'num_classes': 3, 'save_dir': '/home/s/hungpv/polyps/checkpoints/neo_large_v1', 'backbone': 'MiT-B3', 'head': 'UPerHead', 'pretrained': '/home/s/hungpv/polyps/pretrained_models/mit_b3.pth'}, 'optimizer': {'name': 'adam', 'lr': 0.0001, 'clip': 0.5, 'scheduler': 'cosine_warmup', 'loss': 'structure_loss'}, 'dev': 'cuda', 'train': {'start_from': 0, 'save_from': 59, 'num_epochs': 60, 'num_warmup_epoch': 4, 'is_val': True, 'size_rates': [0.75, 1, 1.25], 'dataloader': {'batchsize': 16, 'img_size': 352, 'shuffle': True, 'num_workers': 4, 'pin_memory': True, 'drop_last': True}, 'amp': False, 'ddp': False, 'augment': {'prob': 1, 'Flip_prob': 0.5, 'HueSaturationValue_prob': 0.5, 'RandomBrightnessContrast_prob': 0.5, 'randomrotate90_prob': 0.5}}, 'val': {'dataloader': {'batchsize': 16, 'img_size': 352, 'shuffle': True, 'num_workers': 4, 'pin_memory': True, 'drop_last': True}}, 'test': {'dev': 'cuda', 'visualize': False, 'visualize_dir': '/mnt/data/hungpv/polyps/visualize', 'vis_x': 180, 'vis_overwrite': False, 'checkpoint_dir': '/home/s/hungpv/polyps/checkpoints/neo_large_v1/MiT-B3-UPerHead_3.pth', 'dataloader': {'batchsize': 1, 'img_size': 352, 'shuffle': True, 'num_workers': 2, 'pin_memory': True, 'drop_last': True}, 'augment': {'prob': 1, 'Flip_prob': 0, 'HueSaturationValue_prob': 0, 'RandomBrightnessContrast_prob': 0, 'crop_prob': 0, 'randomrotate90_prob': 0, 'elastictransform_prob': 0, 'gridistortion_prob': 0, 'opticaldistortion_prob': 0, 'verticalflip_prob': 0, 'horizontalflip_prob': 0, 'randomgamma_prob': 0, 'CoarseDropout_prob': 0, 'RGBShift_prob': 0, 'MotionBlur_prob': 0, 'MedianBlur_prob': 0, 'GaussianBlur_prob': 0, 'GaussNoise_prob': 0, 'ChannelShuffle_prob': 0}}}
2022-07-09 01:07:31.684 | INFO     | __main__:main:58 - Getting datapath
2022-07-09 01:07:31.711 | INFO     | __main__:main:73 - There are 5277 images to train
2022-07-09 01:07:31.718 | INFO     | __main__:main:90 - There are 1353 images to val
2022-07-09 01:07:31.718 | INFO     | __main__:main:94 - Loading data
2022-07-09 01:07:32.537 | INFO     | __main__:main:108 - 329 batches to train
2022-07-09 01:07:32.747 | INFO     | __main__:main:121 - Loading model
2022-07-09 01:07:32.747 | INFO     | __main__:main:142 - Loading checkpoint from /home/s/hungpv/polyps/pretrained_models/mit_b3.pth ...
2022-07-09 01:07:36.028 | INFO     | __main__:main:185 - Training with FP32 ...
2022-07-09 01:14:41.509 | INFO     | tools.trainer:val_loop:179 - Valid | Epoch [000/000], with lr = 1.25e-05, Step [0083],                    [val_loss: 0.6453]
2022-07-09 01:14:41.717 | INFO     | tools.trainer:val_loop:205 - Macro scores: Dice all: 0.733 | IOU all: 0.588 | Dice neo: 0.668 | IOU neo: 0.513 | Dice non: 0.010 | IOU non: 0.005
2022-07-09 01:21:44.106 | INFO     | tools.trainer:val_loop:179 - Valid | Epoch [001/001], with lr = 1.25e-05, Step [0083],                    [val_loss: 0.5369]
2022-07-09 01:21:44.321 | INFO     | tools.trainer:val_loop:205 - Macro scores: Dice all: 0.808 | IOU all: 0.689 | Dice neo: 0.771 | IOU neo: 0.638 | Dice non: 0.323 | IOU non: 0.201
2022-07-09 01:28:46.916 | INFO     | tools.trainer:val_loop:179 - Valid | Epoch [002/002], with lr = 3.4375e-05, Step [0083],                    [val_loss: 0.3900]
2022-07-09 01:28:47.141 | INFO     | tools.trainer:val_loop:205 - Macro scores: Dice all: 0.843 | IOU all: 0.736 | Dice neo: 0.806 | IOU neo: 0.684 | Dice non: 0.458 | IOU non: 0.314
2022-07-09 01:28:47.614 | INFO     | tools.trainer:train_loop:115 - [Saving Snapshot:]/home/s/hungpv/polyps/checkpoints/neo_large_v1/MiT-B3-UPerHead_3.pth
2022-07-09 01:35:49.535 | INFO     | tools.trainer:val_loop:179 - Valid | Epoch [003/003], with lr = 5.6250000000000005e-05, Step [0083],                    [val_loss: 0.3903]
2022-07-09 01:35:49.762 | INFO     | tools.trainer:val_loop:205 - Macro scores: Dice all: 0.861 | IOU all: 0.764 | Dice neo: 0.806 | IOU neo: 0.685 | Dice non: 0.465 | IOU non: 0.318
2022-07-09 01:42:52.268 | INFO     | tools.trainer:val_loop:179 - Valid | Epoch [004/004], with lr = 7.8125e-05, Step [0083],                    [val_loss: 0.4715]
2022-07-09 01:42:52.493 | INFO     | tools.trainer:val_loop:205 - Macro scores: Dice all: 0.824 | IOU all: 0.710 | Dice neo: 0.742 | IOU neo: 0.599 | Dice non: 0.092 | IOU non: 0.051
2022-07-09 01:49:54.892 | INFO     | tools.trainer:val_loop:179 - Valid | Epoch [005/005], with lr = 0.0001, Step [0083],                    [val_loss: 0.3706]
2022-07-09 01:49:55.123 | INFO     | tools.trainer:val_loop:205 - Macro scores: Dice all: 0.841 | IOU all: 0.737 | Dice neo: 0.796 | IOU neo: 0.673 | Dice non: 0.400 | IOU non: 0.264
2022-07-09 01:56:57.769 | INFO     | tools.trainer:val_loop:179 - Valid | Epoch [006/006], with lr = 0.0001, Step [0083],                    [val_loss: 0.2980]
2022-07-09 01:56:58.000 | INFO     | tools.trainer:val_loop:205 - Macro scores: Dice all: 0.848 | IOU all: 0.745 | Dice neo: 0.823 | IOU neo: 0.711 | Dice non: 0.500 | IOU non: 0.354
