2022-09-04 17:00:02.040 | INFO     | __main__:main:57 - Load config from configs/neo_large.yaml
2022-09-04 17:00:02.040 | INFO     | __main__:main:58 - {'dataset': {'data_path': '/home/s/WLIv5_pub_noud', 'train_data_path': ['/home/s/WLIv5_pub_noud/Train'], 'test_data_path': ['/home/s/WLIv5_pub_noud/Test'], 'val_data_path': ['/home/s/WLIv5_pub_noud/Test']}, 'model': {'num_classes': 3, 'save_dir': '/home/s/hungpv/polyps/checkpoints/neo_large_v6', 'backbone': 'MiT-B3', 'head': 'FaPNHead', 'pretrained': '/home/s/hungpv/polyps/pretrained_models/mit_b3.pth'}, 'optimizer': {'name': 'adam', 'lr': 0.0001, 'clip': 0.5, 'scheduler': 'cosine_warmup', 'loss': 'multi_structure_loss'}, 'dev': 'cuda', 'train': {'start_from': 0, 'save_from': 99, 'num_epochs': 100, 'num_warmup_epoch': 8, 'is_val': False, 'size_rates': [0.75, 1, 1.25], 'dataloader': {'batchsize': 16, 'img_size': 384, 'shuffle': True, 'num_workers': 4, 'pin_memory': True, 'drop_last': True}, 'amp': False, 'ddp': False, 'augment': {'prob': 1, 'Flip_prob': 0.5, 'HueSaturationValue_prob': 0.5, 'RandomBrightnessContrast_prob': 0.5, 'crop_prob': 0.0, 'randomrotate90_prob': 0.5, 'elastictransform_prob': 0.0, 'ColorJitter_prob': 0.5}}, 'val': {'dataloader': {'batchsize': 8, 'img_size': 352, 'shuffle': True, 'num_workers': 4, 'pin_memory': True, 'drop_last': False}}, 'test': {'dev': 'cuda', 'visualize': True, 'visualize_dir': '/home/s/hungpv/polyps/neo_visualize', 'vis_x': 180, 'vis_overwrite': False, 'checkpoint_dir': '/home/s/hungpv/polyps/checkpoints/neo_large_v1/MiT-B3-UPerHead_150.pth', 'dataloader': {'batchsize': 1, 'img_size': 384, 'shuffle': True, 'num_workers': 4, 'pin_memory': True, 'drop_last': False}, 'augment': {'prob': 1, 'Flip_prob': 0, 'HueSaturationValue_prob': 0, 'RandomBrightnessContrast_prob': 0, 'crop_prob': 0, 'randomrotate90_prob': 0, 'elastictransform_prob': 0, 'gridistortion_prob': 0, 'opticaldistortion_prob': 0, 'verticalflip_prob': 0, 'horizontalflip_prob': 0, 'randomgamma_prob': 0, 'CoarseDropout_prob': 0, 'RGBShift_prob': 0, 'MotionBlur_prob': 0, 'MedianBlur_prob': 0, 'GaussianBlur_prob': 0, 'GaussNoise_prob': 0, 'ChannelShuffle_prob': 0}}}
2022-09-04 17:00:02.041 | INFO     | __main__:main:59 - Getting datapath
2022-09-04 17:00:02.067 | INFO     | __main__:main:74 - There are 5277 images to train
2022-09-04 17:00:02.074 | INFO     | __main__:main:93 - Train model with no valid dataset
2022-09-04 17:00:02.074 | INFO     | __main__:main:95 - Loading data
2022-09-04 17:00:02.870 | INFO     | __main__:main:109 - 329 batches to train
2022-09-04 17:00:03.073 | INFO     | __main__:main:122 - Loading model
2022-09-04 17:00:03.074 | INFO     | __main__:main:143 - Loading checkpoint from /home/s/hungpv/polyps/pretrained_models/mit_b3.pth ...
2022-09-04 17:00:06.194 | INFO     | __main__:main:187 - Training with FP32 ...
2022-09-04 17:28:36.561 | INFO     | tools.trainer:train_loop:126 - Epoch: [1/ 100] | Train loss: [1.0204412556709128]
2022-09-04 18:03:22.714 | INFO     | tools.trainer:train_loop:126 - Epoch: [2/ 100] | Train loss: [0.5744030831613801]
2022-09-04 18:37:44.747 | INFO     | tools.trainer:train_loop:126 - Epoch: [3/ 100] | Train loss: [0.4809207880025939]
2022-09-04 19:11:52.877 | INFO     | tools.trainer:train_loop:126 - Epoch: [4/ 100] | Train loss: [0.30570990508450563]
2022-09-04 19:45:53.864 | INFO     | tools.trainer:train_loop:126 - Epoch: [5/ 100] | Train loss: [0.2535975874376152]
2022-09-04 20:19:52.498 | INFO     | tools.trainer:train_loop:126 - Epoch: [6/ 100] | Train loss: [0.2438840001685641]
2022-09-04 20:53:53.222 | INFO     | tools.trainer:train_loop:126 - Epoch: [7/ 100] | Train loss: [0.2321727435616918]
2022-09-04 21:27:46.701 | INFO     | tools.trainer:train_loop:126 - Epoch: [8/ 100] | Train loss: [0.24253178976680007]
2022-09-04 22:01:26.566 | INFO     | tools.trainer:train_loop:126 - Epoch: [9/ 100] | Train loss: [0.225538367196057]
2022-09-04 22:21:09.989 | INFO     | tools.trainer:train_loop:126 - Epoch: [10/ 100] | Train loss: [0.22047158828894056]
2022-09-04 22:31:26.911 | INFO     | tools.trainer:train_loop:126 - Epoch: [11/ 100] | Train loss: [0.23215806544234688]
2022-09-04 22:41:41.166 | INFO     | tools.trainer:train_loop:126 - Epoch: [12/ 100] | Train loss: [0.2187551332009237]
2022-09-04 22:51:40.615 | INFO     | tools.trainer:train_loop:126 - Epoch: [13/ 100] | Train loss: [0.22485591586690543]
2022-09-04 23:01:31.650 | INFO     | tools.trainer:train_loop:126 - Epoch: [14/ 100] | Train loss: [0.21367202339110766]
2022-09-04 23:11:35.286 | INFO     | tools.trainer:train_loop:126 - Epoch: [15/ 100] | Train loss: [0.21968890211366593]
2022-09-04 23:21:25.940 | INFO     | tools.trainer:train_loop:126 - Epoch: [16/ 100] | Train loss: [0.21802566894599007]
2022-09-04 23:31:25.352 | INFO     | tools.trainer:train_loop:126 - Epoch: [17/ 100] | Train loss: [0.19980131102142726]
2022-09-04 23:41:15.432 | INFO     | tools.trainer:train_loop:126 - Epoch: [18/ 100] | Train loss: [0.19190065234356013]
2022-09-04 23:51:11.401 | INFO     | tools.trainer:train_loop:126 - Epoch: [19/ 100] | Train loss: [0.1952945824746484]
2022-09-05 00:01:05.527 | INFO     | tools.trainer:train_loop:126 - Epoch: [20/ 100] | Train loss: [0.18740709306032463]
2022-09-05 00:10:47.242 | INFO     | tools.trainer:train_loop:126 - Epoch: [21/ 100] | Train loss: [0.17994918247350805]
2022-09-05 00:20:51.644 | INFO     | tools.trainer:train_loop:126 - Epoch: [22/ 100] | Train loss: [0.1813531970792085]
2022-09-05 00:30:35.166 | INFO     | tools.trainer:train_loop:126 - Epoch: [23/ 100] | Train loss: [0.19725788331457547]
2022-09-05 00:40:31.641 | INFO     | tools.trainer:train_loop:126 - Epoch: [24/ 100] | Train loss: [0.18858070784789088]
2022-09-05 00:50:26.215 | INFO     | tools.trainer:train_loop:126 - Epoch: [25/ 100] | Train loss: [0.18637196694735697]
2022-09-05 01:00:07.860 | INFO     | tools.trainer:train_loop:126 - Epoch: [26/ 100] | Train loss: [0.18096708456524238]
2022-09-05 01:10:08.704 | INFO     | tools.trainer:train_loop:126 - Epoch: [27/ 100] | Train loss: [0.1780608788381775]
2022-09-05 01:19:51.283 | INFO     | tools.trainer:train_loop:126 - Epoch: [28/ 100] | Train loss: [0.1904656038277055]
2022-09-05 01:29:49.356 | INFO     | tools.trainer:train_loop:126 - Epoch: [29/ 100] | Train loss: [0.18223164134338996]
2022-09-05 01:39:52.183 | INFO     | tools.trainer:train_loop:126 - Epoch: [30/ 100] | Train loss: [0.19075883593195114]
2022-09-05 01:49:44.066 | INFO     | tools.trainer:train_loop:126 - Epoch: [31/ 100] | Train loss: [0.17995496977426362]
2022-09-05 01:59:57.521 | INFO     | tools.trainer:train_loop:126 - Epoch: [32/ 100] | Train loss: [0.18195858841201454]
2022-09-05 02:11:56.701 | INFO     | tools.trainer:train_loop:126 - Epoch: [33/ 100] | Train loss: [0.17113576417273663]
2022-09-05 02:45:40.203 | INFO     | tools.trainer:train_loop:126 - Epoch: [34/ 100] | Train loss: [0.17176460429437254]
2022-09-05 03:20:27.144 | INFO     | tools.trainer:train_loop:126 - Epoch: [35/ 100] | Train loss: [0.17143231669956066]
2022-09-05 03:55:08.339 | INFO     | tools.trainer:train_loop:126 - Epoch: [36/ 100] | Train loss: [0.1745721290063532]
2022-09-05 04:30:18.219 | INFO     | tools.trainer:train_loop:126 - Epoch: [37/ 100] | Train loss: [0.16756986840245933]
2022-09-05 05:05:12.912 | INFO     | tools.trainer:train_loop:126 - Epoch: [38/ 100] | Train loss: [0.16501598874259865]
2022-09-05 05:39:36.800 | INFO     | tools.trainer:train_loop:126 - Epoch: [39/ 100] | Train loss: [0.1616757810908429]
2022-09-05 06:14:22.961 | INFO     | tools.trainer:train_loop:126 - Epoch: [40/ 100] | Train loss: [0.1569751798993367]
2022-09-05 06:48:33.515 | INFO     | tools.trainer:train_loop:126 - Epoch: [41/ 100] | Train loss: [0.15839674740486231]
2022-09-05 07:22:36.610 | INFO     | tools.trainer:train_loop:126 - Epoch: [42/ 100] | Train loss: [0.17014966914175492]
2022-09-05 07:56:52.231 | INFO     | tools.trainer:train_loop:126 - Epoch: [43/ 100] | Train loss: [0.1607993879103552]
2022-09-05 08:31:36.425 | INFO     | tools.trainer:train_loop:126 - Epoch: [44/ 100] | Train loss: [0.15396473830775287]
2022-09-05 09:06:08.408 | INFO     | tools.trainer:train_loop:126 - Epoch: [45/ 100] | Train loss: [0.15213893145594554]
2022-09-05 09:41:03.751 | INFO     | tools.trainer:train_loop:126 - Epoch: [46/ 100] | Train loss: [0.1435116798161192]
2022-09-05 10:15:44.359 | INFO     | tools.trainer:train_loop:126 - Epoch: [47/ 100] | Train loss: [0.15307663336939725]
2022-09-05 10:50:29.861 | INFO     | tools.trainer:train_loop:126 - Epoch: [48/ 100] | Train loss: [0.14671157845111965]
2022-09-05 11:25:06.108 | INFO     | tools.trainer:train_loop:126 - Epoch: [49/ 100] | Train loss: [0.14830771253916994]
2022-09-05 11:59:25.739 | INFO     | tools.trainer:train_loop:126 - Epoch: [50/ 100] | Train loss: [0.13975698195148747]
2022-09-05 12:33:05.268 | INFO     | tools.trainer:train_loop:126 - Epoch: [51/ 100] | Train loss: [0.14467168542751788]
2022-09-05 13:06:47.514 | INFO     | tools.trainer:train_loop:126 - Epoch: [52/ 100] | Train loss: [0.1371549520426427]
2022-09-05 13:40:53.505 | INFO     | tools.trainer:train_loop:126 - Epoch: [53/ 100] | Train loss: [0.1396648090412008]
2022-09-05 14:15:25.789 | INFO     | tools.trainer:train_loop:126 - Epoch: [54/ 100] | Train loss: [0.14314393674258402]
2022-09-05 14:50:16.807 | INFO     | tools.trainer:train_loop:126 - Epoch: [55/ 100] | Train loss: [0.13721472272892854]
2022-09-05 15:25:28.984 | INFO     | tools.trainer:train_loop:126 - Epoch: [56/ 100] | Train loss: [0.1347851076964459]
2022-09-05 15:39:22.227 | INFO     | tools.trainer:train_loop:126 - Epoch: [57/ 100] | Train loss: [0.1269814250679364]
2022-09-05 15:49:56.833 | INFO     | tools.trainer:train_loop:126 - Epoch: [58/ 100] | Train loss: [0.1270745463646654]
2022-09-05 16:00:24.062 | INFO     | tools.trainer:train_loop:126 - Epoch: [59/ 100] | Train loss: [0.1319960781392899]
2022-09-05 16:10:43.059 | INFO     | tools.trainer:train_loop:126 - Epoch: [60/ 100] | Train loss: [0.13517465203502257]
2022-09-05 16:21:12.928 | INFO     | tools.trainer:train_loop:126 - Epoch: [61/ 100] | Train loss: [0.12746372824608374]
2022-09-05 16:31:39.272 | INFO     | tools.trainer:train_loop:126 - Epoch: [62/ 100] | Train loss: [0.12947617451402735]
2022-09-05 16:41:44.231 | INFO     | tools.trainer:train_loop:126 - Epoch: [63/ 100] | Train loss: [0.11806455321360866]
2022-09-05 16:52:10.167 | INFO     | tools.trainer:train_loop:126 - Epoch: [64/ 100] | Train loss: [0.11803496169283036]
2022-09-05 17:02:21.100 | INFO     | tools.trainer:train_loop:126 - Epoch: [65/ 100] | Train loss: [0.11537282928643255]
2022-09-05 17:12:27.843 | INFO     | tools.trainer:train_loop:126 - Epoch: [66/ 100] | Train loss: [0.11455010016955504]
2022-09-05 17:22:33.204 | INFO     | tools.trainer:train_loop:126 - Epoch: [67/ 100] | Train loss: [0.11667169699032075]
2022-09-05 17:32:24.192 | INFO     | tools.trainer:train_loop:126 - Epoch: [68/ 100] | Train loss: [0.1116581790171858]
2022-09-05 17:42:27.965 | INFO     | tools.trainer:train_loop:126 - Epoch: [69/ 100] | Train loss: [0.1077454605431361]
2022-09-05 17:52:11.520 | INFO     | tools.trainer:train_loop:126 - Epoch: [70/ 100] | Train loss: [0.10826509606127137]
2022-09-05 18:02:26.266 | INFO     | tools.trainer:train_loop:126 - Epoch: [71/ 100] | Train loss: [0.1108052784797812]
2022-09-05 18:12:22.394 | INFO     | tools.trainer:train_loop:126 - Epoch: [72/ 100] | Train loss: [0.10686385876139609]
2022-09-05 18:22:37.197 | INFO     | tools.trainer:train_loop:126 - Epoch: [73/ 100] | Train loss: [0.10745366578949983]
2022-09-05 18:32:30.625 | INFO     | tools.trainer:train_loop:126 - Epoch: [74/ 100] | Train loss: [0.10189055712004744]
2022-09-05 18:42:33.159 | INFO     | tools.trainer:train_loop:126 - Epoch: [75/ 100] | Train loss: [0.10287131228707844]
2022-09-05 18:52:29.311 | INFO     | tools.trainer:train_loop:126 - Epoch: [76/ 100] | Train loss: [0.10147745406826941]
2022-09-05 19:02:27.829 | INFO     | tools.trainer:train_loop:126 - Epoch: [77/ 100] | Train loss: [0.0995811424232272]
2022-09-05 19:12:32.141 | INFO     | tools.trainer:train_loop:126 - Epoch: [78/ 100] | Train loss: [0.09961567189555762]
2022-09-05 19:22:31.992 | INFO     | tools.trainer:train_loop:126 - Epoch: [79/ 100] | Train loss: [0.0953534230318113]
2022-09-05 19:32:45.967 | INFO     | tools.trainer:train_loop:126 - Epoch: [80/ 100] | Train loss: [0.0982476545888421]
2022-09-05 19:42:38.275 | INFO     | tools.trainer:train_loop:126 - Epoch: [81/ 100] | Train loss: [0.09309857159762397]
2022-09-05 19:53:00.080 | INFO     | tools.trainer:train_loop:126 - Epoch: [82/ 100] | Train loss: [0.08836671759835855]
2022-09-05 20:03:04.437 | INFO     | tools.trainer:train_loop:126 - Epoch: [83/ 100] | Train loss: [0.08839074362601552]
2022-09-05 20:13:14.709 | INFO     | tools.trainer:train_loop:126 - Epoch: [84/ 100] | Train loss: [0.09083099397731588]
2022-09-05 20:28:59.102 | INFO     | tools.trainer:train_loop:126 - Epoch: [85/ 100] | Train loss: [0.09062518537225694]
2022-09-05 21:04:28.762 | INFO     | tools.trainer:train_loop:126 - Epoch: [86/ 100] | Train loss: [0.08619098825589683]
2022-09-05 21:40:40.351 | INFO     | tools.trainer:train_loop:126 - Epoch: [87/ 100] | Train loss: [0.08435100908631793]
2022-09-05 22:16:44.334 | INFO     | tools.trainer:train_loop:126 - Epoch: [88/ 100] | Train loss: [0.08706935012775352]
2022-09-05 22:52:34.194 | INFO     | tools.trainer:train_loop:126 - Epoch: [89/ 100] | Train loss: [0.08531267255952293]
2022-09-05 23:28:04.867 | INFO     | tools.trainer:train_loop:126 - Epoch: [90/ 100] | Train loss: [0.08099613178487426]
2022-09-06 00:03:50.457 | INFO     | tools.trainer:train_loop:126 - Epoch: [91/ 100] | Train loss: [0.08143498131999673]
2022-09-06 00:39:19.932 | INFO     | tools.trainer:train_loop:126 - Epoch: [92/ 100] | Train loss: [0.08423021617472896]
2022-09-06 01:13:50.924 | INFO     | tools.trainer:train_loop:126 - Epoch: [93/ 100] | Train loss: [0.08188450111693343]
2022-09-06 01:48:05.472 | INFO     | tools.trainer:train_loop:126 - Epoch: [94/ 100] | Train loss: [0.0810067794684853]
2022-09-06 02:22:03.751 | INFO     | tools.trainer:train_loop:126 - Epoch: [95/ 100] | Train loss: [0.07861714041296472]
2022-09-06 02:55:56.690 | INFO     | tools.trainer:train_loop:126 - Epoch: [96/ 100] | Train loss: [0.0765534276793793]
2022-09-06 03:29:48.471 | INFO     | tools.trainer:train_loop:126 - Epoch: [97/ 100] | Train loss: [0.07700988058125356]
2022-09-06 04:03:34.795 | INFO     | tools.trainer:train_loop:126 - Epoch: [98/ 100] | Train loss: [0.08009397177914537]
2022-09-06 04:37:21.666 | INFO     | tools.trainer:train_loop:126 - Epoch: [99/ 100] | Train loss: [0.07776134323023011]
2022-09-06 05:11:10.766 | INFO     | tools.trainer:train_loop:126 - Epoch: [100/ 100] | Train loss: [0.07997008428362547]
2022-09-06 05:11:11.190 | INFO     | tools.trainer:train_loop:138 - [Saving Snapshot:]/home/s/hungpv/polyps/checkpoints/neo_large_v6/MiT-B3-FaPNHead_100.pth
2022-09-06 05:11:11.190 | INFO     | tools.trainer:train_loop:147 - Training cost: 130264.03832584713seconds
