2022-09-06 21:15:34.913 | INFO     | __main__:main:57 - Load config from configs/neo_large.yaml
2022-09-06 21:15:34.913 | INFO     | __main__:main:58 - {'dataset': {'data_path': '/home/s/WLIv5_pub_noud', 'train_data_path': ['/home/s/WLIv5_pub_noud/Test'], 'test_data_path': ['/home/s/WLIv5_pub_noud/Test'], 'val_data_path': ['/home/s/WLIv5_pub_noud/Test']}, 'model': {'num_classes': 3, 'save_dir': '/home/s/hungpv/polyps/checkpoints/neo_large_v6', 'backbone': 'MiT-B3', 'head': 'FaPNHead', 'pretrained': '/home/s/hungpv/polyps/pretrained_models/mit_b3.pth'}, 'optimizer': {'name': 'adam', 'lr': 0.0001, 'clip': 0.5, 'scheduler': 'cosine_warmup', 'loss': 'multi_structure_loss'}, 'dev': 'cuda', 'train': {'start_from': 0, 'save_from': 2, 'num_epochs': 3, 'num_warmup_epoch': 1, 'is_val': True, 'size_rates': [0.75, 1, 1.25], 'dataloader': {'batchsize': 16, 'img_size': 384, 'shuffle': True, 'num_workers': 4, 'pin_memory': True, 'drop_last': True}, 'amp': False, 'ddp': False, 'augment': {'prob': 1, 'Flip_prob': 0.5, 'HueSaturationValue_prob': 0.5, 'RandomBrightnessContrast_prob': 0.5, 'crop_prob': 0.0, 'randomrotate90_prob': 0.5, 'elastictransform_prob': 0.0, 'ColorJitter_prob': 0.5}}, 'val': {'dataloader': {'batchsize': 8, 'img_size': 384, 'shuffle': True, 'num_workers': 4, 'pin_memory': True, 'drop_last': False}}, 'test': {'dev': 'cuda', 'visualize': True, 'visualize_dir': '/home/s/hungpv/polyps/neo_visualize', 'vis_x': 180, 'vis_overwrite': False, 'checkpoint_dir': '/home/s/hungpv/polyps/checkpoints/neo_large_v7/MiT-B3-FaPNHead_150.pth', 'dataloader': {'batchsize': 1, 'img_size': 384, 'shuffle': True, 'num_workers': 4, 'pin_memory': True, 'drop_last': False}, 'augment': {'prob': 1, 'Flip_prob': 0, 'HueSaturationValue_prob': 0, 'RandomBrightnessContrast_prob': 0, 'crop_prob': 0, 'randomrotate90_prob': 0, 'elastictransform_prob': 0, 'gridistortion_prob': 0, 'opticaldistortion_prob': 0, 'verticalflip_prob': 0, 'horizontalflip_prob': 0, 'randomgamma_prob': 0, 'CoarseDropout_prob': 0, 'RGBShift_prob': 0, 'MotionBlur_prob': 0, 'MedianBlur_prob': 0, 'GaussianBlur_prob': 0, 'GaussNoise_prob': 0, 'ChannelShuffle_prob': 0}}}
2022-09-06 21:15:34.913 | INFO     | __main__:main:59 - Getting datapath
2022-09-06 21:15:34.920 | INFO     | __main__:main:74 - There are 1353 images to train
2022-09-06 21:15:34.927 | INFO     | __main__:main:91 - There are 1353 images to val
2022-09-06 21:15:34.927 | INFO     | __main__:main:95 - Loading data
2022-09-06 21:15:35.136 | INFO     | __main__:main:109 - 84 batches to train
2022-09-06 21:15:35.346 | INFO     | __main__:main:122 - Loading model
2022-09-06 21:15:35.346 | INFO     | __main__:main:143 - Loading checkpoint from /home/s/hungpv/polyps/pretrained_models/mit_b3.pth ...
2022-09-06 21:15:38.802 | INFO     | __main__:main:190 - Training with FP32 ...
2022-09-06 21:18:15.585 | INFO     | tools.trainer:val_loop:204 - Valid | Epoch [000/000], with lr = 1.25e-05, Step [0169],                    [val_loss: 0.1350]
2022-09-06 21:18:15.701 | INFO     | aux.metrics.metrics:show:228 - Evaluate polyp
2022-09-06 21:18:15.701 | INFO     | aux.metrics.metrics:show:229 - Macro scores: Dice: 0.927 | IOU: 0.869
2022-09-06 21:18:15.701 | INFO     | aux.metrics.metrics:show:233 - Micro scores: Dice: 0.929 | IOU: 0.867
2022-09-06 21:18:15.701 | INFO     | aux.metrics.metrics:show:228 - Evaluate neo
2022-09-06 21:18:15.702 | INFO     | aux.metrics.metrics:show:229 - Macro scores: Dice: 0.883 | IOU: 0.811
2022-09-06 21:18:15.702 | INFO     | aux.metrics.metrics:show:233 - Micro scores: Dice: 0.912 | IOU: 0.839
2022-09-06 21:18:15.702 | INFO     | aux.metrics.metrics:show:228 - Evaluate non
2022-09-06 21:18:15.702 | INFO     | aux.metrics.metrics:show:229 - Macro scores: Dice: 0.754 | IOU: 0.637
2022-09-06 21:18:15.702 | INFO     | aux.metrics.metrics:show:233 - Micro scores: Dice: 0.764 | IOU: 0.618
2022-09-06 21:18:16.156 | INFO     | tools.trainer:train_loop:115 - [Saving Snapshot:]/home/s/hungpv/polyps/checkpoints/neo_large_v6/MiT-B3-FaPNHead_best.pth
2022-09-06 21:20:50.391 | INFO     | tools.trainer:val_loop:204 - Valid | Epoch [001/001], with lr = 1.25e-05, Step [0169],                    [val_loss: 0.1588]
2022-09-06 21:20:50.503 | INFO     | aux.metrics.metrics:show:228 - Evaluate polyp
2022-09-06 21:20:50.504 | INFO     | aux.metrics.metrics:show:229 - Macro scores: Dice: 0.928 | IOU: 0.869
2022-09-06 21:20:50.504 | INFO     | aux.metrics.metrics:show:233 - Micro scores: Dice: 0.930 | IOU: 0.869
2022-09-06 21:20:50.504 | INFO     | aux.metrics.metrics:show:228 - Evaluate neo
2022-09-06 21:20:50.505 | INFO     | aux.metrics.metrics:show:229 - Macro scores: Dice: 0.894 | IOU: 0.827
2022-09-06 21:20:50.505 | INFO     | aux.metrics.metrics:show:233 - Micro scores: Dice: 0.919 | IOU: 0.850
2022-09-06 21:20:50.505 | INFO     | aux.metrics.metrics:show:228 - Evaluate non
2022-09-06 21:20:50.505 | INFO     | aux.metrics.metrics:show:229 - Macro scores: Dice: 0.747 | IOU: 0.631
2022-09-06 21:20:50.505 | INFO     | aux.metrics.metrics:show:233 - Micro scores: Dice: 0.771 | IOU: 0.627
2022-09-06 21:20:50.957 | INFO     | tools.trainer:train_loop:115 - [Saving Snapshot:]/home/s/hungpv/polyps/checkpoints/neo_large_v6/MiT-B3-FaPNHead_best.pth
2022-09-06 21:23:26.307 | INFO     | tools.trainer:val_loop:204 - Valid | Epoch [002/002], with lr = 0.0001, Step [0169],                    [val_loss: 0.2011]
2022-09-06 21:23:26.409 | INFO     | aux.metrics.metrics:show:228 - Evaluate polyp
2022-09-06 21:23:26.410 | INFO     | aux.metrics.metrics:show:229 - Macro scores: Dice: 0.923 | IOU: 0.862
2022-09-06 21:23:26.410 | INFO     | aux.metrics.metrics:show:233 - Micro scores: Dice: 0.925 | IOU: 0.860
2022-09-06 21:23:26.410 | INFO     | aux.metrics.metrics:show:228 - Evaluate neo
2022-09-06 21:23:26.410 | INFO     | aux.metrics.metrics:show:229 - Macro scores: Dice: 0.870 | IOU: 0.794
2022-09-06 21:23:26.410 | INFO     | aux.metrics.metrics:show:233 - Micro scores: Dice: 0.913 | IOU: 0.840
2022-09-06 21:23:26.411 | INFO     | aux.metrics.metrics:show:228 - Evaluate non
2022-09-06 21:23:26.411 | INFO     | aux.metrics.metrics:show:229 - Macro scores: Dice: 0.743 | IOU: 0.621
2022-09-06 21:23:26.411 | INFO     | aux.metrics.metrics:show:233 - Micro scores: Dice: 0.764 | IOU: 0.618
2022-09-06 21:23:26.861 | INFO     | tools.trainer:train_loop:138 - [Saving Snapshot:]/home/s/hungpv/polyps/checkpoints/neo_large_v6/MiT-B3-FaPNHead_3.pth
2022-09-06 21:23:26.861 | INFO     | tools.trainer:train_loop:147 - Training cost: 467.0887182690203seconds
