2022-09-06 21:06:36.458 | INFO     | __main__:main:57 - Load config from configs/neo_large.yaml
2022-09-06 21:06:36.458 | INFO     | __main__:main:58 - {'dataset': {'data_path': '/home/s/WLIv5_pub_noud', 'train_data_path': ['/home/s/WLIv5_pub_noud/Test'], 'test_data_path': ['/home/s/WLIv5_pub_noud/Test'], 'val_data_path': ['/home/s/WLIv5_pub_noud/Test']}, 'model': {'num_classes': 3, 'save_dir': '/home/s/hungpv/polyps/checkpoints/neo_large_v6', 'backbone': 'MiT-B3', 'head': 'FaPNHead', 'pretrained': '/home/s/hungpv/polyps/pretrained_models/mit_b3.pth'}, 'optimizer': {'name': 'adam', 'lr': 0.0001, 'clip': 0.5, 'scheduler': 'cosine_warmup', 'loss': 'multi_structure_loss'}, 'dev': 'cuda', 'train': {'start_from': 0, 'save_from': 2, 'num_epochs': 3, 'num_warmup_epoch': 1, 'is_val': True, 'size_rates': [0.75, 1, 1.25], 'dataloader': {'batchsize': 16, 'img_size': 384, 'shuffle': True, 'num_workers': 4, 'pin_memory': True, 'drop_last': True}, 'amp': False, 'ddp': False, 'augment': {'prob': 1, 'Flip_prob': 0.5, 'HueSaturationValue_prob': 0.5, 'RandomBrightnessContrast_prob': 0.5, 'crop_prob': 0.0, 'randomrotate90_prob': 0.5, 'elastictransform_prob': 0.0, 'ColorJitter_prob': 0.5}}, 'val': {'dataloader': {'batchsize': 8, 'img_size': 352, 'shuffle': True, 'num_workers': 4, 'pin_memory': True, 'drop_last': False}}, 'test': {'dev': 'cuda', 'visualize': True, 'visualize_dir': '/home/s/hungpv/polyps/neo_visualize', 'vis_x': 180, 'vis_overwrite': False, 'checkpoint_dir': '/home/s/hungpv/polyps/checkpoints/neo_large_v7/MiT-B3-FaPNHead_150.pth', 'dataloader': {'batchsize': 1, 'img_size': 384, 'shuffle': True, 'num_workers': 4, 'pin_memory': True, 'drop_last': False}, 'augment': {'prob': 1, 'Flip_prob': 0, 'HueSaturationValue_prob': 0, 'RandomBrightnessContrast_prob': 0, 'crop_prob': 0, 'randomrotate90_prob': 0, 'elastictransform_prob': 0, 'gridistortion_prob': 0, 'opticaldistortion_prob': 0, 'verticalflip_prob': 0, 'horizontalflip_prob': 0, 'randomgamma_prob': 0, 'CoarseDropout_prob': 0, 'RGBShift_prob': 0, 'MotionBlur_prob': 0, 'MedianBlur_prob': 0, 'GaussianBlur_prob': 0, 'GaussNoise_prob': 0, 'ChannelShuffle_prob': 0}}}
2022-09-06 21:06:36.458 | INFO     | __main__:main:59 - Getting datapath
2022-09-06 21:06:36.465 | INFO     | __main__:main:74 - There are 1353 images to train
2022-09-06 21:06:36.471 | INFO     | __main__:main:91 - There are 1353 images to val
2022-09-06 21:06:36.471 | INFO     | __main__:main:95 - Loading data
2022-09-06 21:06:36.676 | INFO     | __main__:main:109 - 84 batches to train
2022-09-06 21:06:36.876 | INFO     | __main__:main:122 - Loading model
2022-09-06 21:06:36.876 | INFO     | __main__:main:143 - Loading checkpoint from /home/s/hungpv/polyps/pretrained_models/mit_b3.pth ...
2022-09-06 21:06:40.217 | INFO     | __main__:main:190 - Training with FP32 ...
2022-09-06 21:09:15.713 | INFO     | tools.trainer:val_loop:204 - Valid | Epoch [000/000], with lr = 1.25e-05, Step [0169],                    [val_loss: 0.1396]
2022-09-06 21:09:15.821 | INFO     | aux.metrics.metrics:show:228 - Evaluate polyp
2022-09-06 21:09:15.822 | INFO     | aux.metrics.metrics:show:229 - Macro scores: Dice: 0.929 | IOU: 0.872
2022-09-06 21:09:15.822 | INFO     | aux.metrics.metrics:show:233 - Micro scores: Dice: 0.930 | IOU: 0.870
2022-09-06 21:09:15.822 | INFO     | aux.metrics.metrics:show:228 - Evaluate neo
2022-09-06 21:09:15.822 | INFO     | aux.metrics.metrics:show:229 - Macro scores: Dice: 0.888 | IOU: 0.814
2022-09-06 21:09:15.822 | INFO     | aux.metrics.metrics:show:233 - Micro scores: Dice: 0.914 | IOU: 0.842
2022-09-06 21:09:15.823 | INFO     | aux.metrics.metrics:show:228 - Evaluate non
2022-09-06 21:09:15.823 | INFO     | aux.metrics.metrics:show:229 - Macro scores: Dice: 0.734 | IOU: 0.619
2022-09-06 21:09:15.823 | INFO     | aux.metrics.metrics:show:233 - Micro scores: Dice: 0.755 | IOU: 0.606
2022-09-06 21:09:16.235 | INFO     | tools.trainer:train_loop:115 - [Saving Snapshot:]/home/s/hungpv/polyps/checkpoints/neo_large_v6/MiT-B3-FaPNHead_best.pth
2022-09-06 21:11:50.111 | INFO     | tools.trainer:val_loop:204 - Valid | Epoch [001/001], with lr = 1.25e-05, Step [0169],                    [val_loss: 0.1628]
2022-09-06 21:11:50.229 | INFO     | aux.metrics.metrics:show:228 - Evaluate polyp
2022-09-06 21:11:50.230 | INFO     | aux.metrics.metrics:show:229 - Macro scores: Dice: 0.932 | IOU: 0.876
2022-09-06 21:11:50.230 | INFO     | aux.metrics.metrics:show:233 - Micro scores: Dice: 0.933 | IOU: 0.875
2022-09-06 21:11:50.230 | INFO     | aux.metrics.metrics:show:228 - Evaluate neo
2022-09-06 21:11:50.230 | INFO     | aux.metrics.metrics:show:229 - Macro scores: Dice: 0.884 | IOU: 0.812
2022-09-06 21:11:50.231 | INFO     | aux.metrics.metrics:show:233 - Micro scores: Dice: 0.914 | IOU: 0.841
2022-09-06 21:11:50.231 | INFO     | aux.metrics.metrics:show:228 - Evaluate non
2022-09-06 21:11:50.231 | INFO     | aux.metrics.metrics:show:229 - Macro scores: Dice: 0.727 | IOU: 0.611
2022-09-06 21:11:50.231 | INFO     | aux.metrics.metrics:show:233 - Micro scores: Dice: 0.763 | IOU: 0.616
2022-09-06 21:11:50.666 | INFO     | tools.trainer:train_loop:115 - [Saving Snapshot:]/home/s/hungpv/polyps/checkpoints/neo_large_v6/MiT-B3-FaPNHead_best.pth
2022-09-06 21:14:25.488 | INFO     | tools.trainer:val_loop:204 - Valid | Epoch [002/002], with lr = 0.0001, Step [0169],                    [val_loss: 0.2002]
2022-09-06 21:14:25.590 | INFO     | aux.metrics.metrics:show:228 - Evaluate polyp
2022-09-06 21:14:25.590 | INFO     | aux.metrics.metrics:show:229 - Macro scores: Dice: 0.924 | IOU: 0.863
2022-09-06 21:14:25.590 | INFO     | aux.metrics.metrics:show:233 - Micro scores: Dice: 0.926 | IOU: 0.862
2022-09-06 21:14:25.590 | INFO     | aux.metrics.metrics:show:228 - Evaluate neo
2022-09-06 21:14:25.590 | INFO     | aux.metrics.metrics:show:229 - Macro scores: Dice: 0.875 | IOU: 0.798
2022-09-06 21:14:25.591 | INFO     | aux.metrics.metrics:show:233 - Micro scores: Dice: 0.906 | IOU: 0.828
2022-09-06 21:14:25.591 | INFO     | aux.metrics.metrics:show:228 - Evaluate non
2022-09-06 21:14:25.591 | INFO     | aux.metrics.metrics:show:229 - Macro scores: Dice: 0.742 | IOU: 0.619
2022-09-06 21:14:25.591 | INFO     | aux.metrics.metrics:show:233 - Micro scores: Dice: 0.769 | IOU: 0.625
2022-09-06 21:14:26.001 | INFO     | tools.trainer:train_loop:138 - [Saving Snapshot:]/home/s/hungpv/polyps/checkpoints/neo_large_v6/MiT-B3-FaPNHead_3.pth
2022-09-06 21:14:26.002 | INFO     | tools.trainer:train_loop:147 - Training cost: 464.7732506948523seconds
