2022-09-08 09:04:10.700 | INFO     | __main__:main:57 - Load config from configs/neo_large.yaml
2022-09-08 09:04:10.700 | INFO     | __main__:main:58 - {'dataset': {'data_path': '/home/s/WLIv5_pub_noud', 'train_data_path': ['/home/s/WLIv5_pub_noud/Test'], 'test_data_path': ['/home/s/WLIv5_pub_noud/Test'], 'val_data_path': ['/home/s/WLIv5_pub_noud/Test']}, 'model': {'num_classes': 3, 'save_dir': '/home/s/hungpv/polyps/checkpoints/neo_large_v9', 'backbone': 'MiT-B3', 'head': 'FaPNHead', 'pretrained': '/home/s/hungpv/polyps/pretrained_models/mit_b3.pth'}, 'optimizer': {'name': 'adam', 'lr': 0.0001, 'clip': 0.5, 'scheduler': 'cosine_warmup', 'loss': 'multi_structure_loss'}, 'dev': 'cuda', 'train': {'start_from': 0, 'save_from': 7, 'num_epochs': 8, 'num_warmup_epoch': 2, 'is_val': True, 'size_rates': [0.75, 1, 1.25], 'dataloader': {'batchsize': 16, 'img_size': 384, 'shuffle': True, 'num_workers': 4, 'pin_memory': True, 'drop_last': True}, 'amp': False, 'ddp': False, 'augment': {'prob': 1, 'Flip_prob': 0.5, 'HueSaturationValue_prob': 0.5, 'RandomBrightnessContrast_prob': 0.5, 'crop_prob': 0.0, 'randomrotate90_prob': 0.5, 'elastictransform_prob': 0.0, 'ColorJitter_prob': 0.5}}, 'val': {'dataloader': {'batchsize': 8, 'img_size': 384, 'shuffle': True, 'num_workers': 4, 'pin_memory': True, 'drop_last': False}}, 'test': {'dev': 'cuda', 'visualize': True, 'visualize_dir': '/home/s/hungpv/polyps/neo_visualize', 'vis_x': 180, 'vis_overwrite': False, 'checkpoint_dir': '/home/s/hungpv/polyps/checkpoints/neo_large_v6/MiT-B3-FaPNHead_8.pth', 'dataloader': {'batchsize': 1, 'img_size': 384, 'shuffle': True, 'num_workers': 4, 'pin_memory': True, 'drop_last': False}, 'augment': {'prob': 1, 'Flip_prob': 0, 'HueSaturationValue_prob': 0, 'RandomBrightnessContrast_prob': 0, 'crop_prob': 0, 'randomrotate90_prob': 0, 'elastictransform_prob': 0, 'gridistortion_prob': 0, 'opticaldistortion_prob': 0, 'verticalflip_prob': 0, 'horizontalflip_prob': 0, 'randomgamma_prob': 0, 'CoarseDropout_prob': 0, 'RGBShift_prob': 0, 'MotionBlur_prob': 0, 'MedianBlur_prob': 0, 'GaussianBlur_prob': 0, 'GaussNoise_prob': 0, 'ChannelShuffle_prob': 0}}}
2022-09-08 09:04:10.701 | INFO     | __main__:main:59 - Getting datapath
2022-09-08 09:04:10.707 | INFO     | __main__:main:74 - There are 1353 images to train
2022-09-08 09:04:10.714 | INFO     | __main__:main:91 - There are 1353 images to val
2022-09-08 09:04:10.714 | INFO     | __main__:main:95 - Loading data
2022-09-08 09:04:10.920 | INFO     | __main__:main:109 - 84 batches to train
2022-09-08 09:04:11.119 | INFO     | __main__:main:122 - Loading model
2022-09-08 09:04:11.119 | INFO     | __main__:main:143 - Loading checkpoint from /home/s/hungpv/polyps/pretrained_models/mit_b3.pth ...
2022-09-08 09:04:14.414 | INFO     | __main__:main:190 - Training with FP32 ...
2022-09-08 09:06:50.567 | INFO     | tools.trainer:val_loop:204 - Valid | Epoch [000/000], with lr = 1.25e-05, Step [0169],                    [val_loss: 0.1397]
2022-09-08 09:06:50.677 | INFO     | aux.metrics.metrics:show:228 - Evaluate polyp
2022-09-08 09:06:50.677 | INFO     | aux.metrics.metrics:show:229 - Macro scores: Dice: 0.926 | IOU: 0.867
2022-09-08 09:06:50.678 | INFO     | aux.metrics.metrics:show:233 - Micro scores: Dice: 0.928 | IOU: 0.865
2022-09-08 09:06:50.678 | INFO     | aux.metrics.metrics:show:228 - Evaluate neo
2022-09-08 09:06:50.678 | INFO     | aux.metrics.metrics:show:229 - Macro scores: Dice: 0.875 | IOU: 0.799
2022-09-08 09:06:50.678 | INFO     | aux.metrics.metrics:show:233 - Micro scores: Dice: 0.909 | IOU: 0.832
2022-09-08 09:06:50.678 | INFO     | aux.metrics.metrics:show:228 - Evaluate non
2022-09-08 09:06:50.678 | INFO     | aux.metrics.metrics:show:229 - Macro scores: Dice: 0.746 | IOU: 0.625
2022-09-08 09:06:50.679 | INFO     | aux.metrics.metrics:show:233 - Micro scores: Dice: 0.761 | IOU: 0.614
2022-09-08 09:06:51.085 | INFO     | tools.trainer:train_loop:115 - [Saving Snapshot:]/home/s/hungpv/polyps/checkpoints/neo_large_v9/MiT-B3-FaPNHead_best.pth
2022-09-08 09:09:25.316 | INFO     | tools.trainer:val_loop:204 - Valid | Epoch [001/001], with lr = 1.25e-05, Step [0169],                    [val_loss: 0.1671]
2022-09-08 09:09:25.412 | INFO     | aux.metrics.metrics:show:228 - Evaluate polyp
2022-09-08 09:09:25.412 | INFO     | aux.metrics.metrics:show:229 - Macro scores: Dice: 0.928 | IOU: 0.869
2022-09-08 09:09:25.412 | INFO     | aux.metrics.metrics:show:233 - Micro scores: Dice: 0.930 | IOU: 0.870
2022-09-08 09:09:25.412 | INFO     | aux.metrics.metrics:show:228 - Evaluate neo
2022-09-08 09:09:25.412 | INFO     | aux.metrics.metrics:show:229 - Macro scores: Dice: 0.884 | IOU: 0.811
2022-09-08 09:09:25.413 | INFO     | aux.metrics.metrics:show:233 - Micro scores: Dice: 0.912 | IOU: 0.838
2022-09-08 09:09:25.413 | INFO     | aux.metrics.metrics:show:228 - Evaluate non
2022-09-08 09:09:25.413 | INFO     | aux.metrics.metrics:show:229 - Macro scores: Dice: 0.728 | IOU: 0.611
2022-09-08 09:09:25.413 | INFO     | aux.metrics.metrics:show:233 - Micro scores: Dice: 0.765 | IOU: 0.620
2022-09-08 09:09:25.846 | INFO     | tools.trainer:train_loop:115 - [Saving Snapshot:]/home/s/hungpv/polyps/checkpoints/neo_large_v9/MiT-B3-FaPNHead_best.pth
2022-09-08 09:11:59.933 | INFO     | tools.trainer:val_loop:204 - Valid | Epoch [002/002], with lr = 5.6250000000000005e-05, Step [0169],                    [val_loss: 0.1843]
2022-09-08 09:12:00.037 | INFO     | aux.metrics.metrics:show:228 - Evaluate polyp
2022-09-08 09:12:00.037 | INFO     | aux.metrics.metrics:show:229 - Macro scores: Dice: 0.929 | IOU: 0.872
2022-09-08 09:12:00.038 | INFO     | aux.metrics.metrics:show:233 - Micro scores: Dice: 0.930 | IOU: 0.869
2022-09-08 09:12:00.038 | INFO     | aux.metrics.metrics:show:228 - Evaluate neo
2022-09-08 09:12:00.038 | INFO     | aux.metrics.metrics:show:229 - Macro scores: Dice: 0.878 | IOU: 0.807
2022-09-08 09:12:00.038 | INFO     | aux.metrics.metrics:show:233 - Micro scores: Dice: 0.915 | IOU: 0.844
2022-09-08 09:12:00.038 | INFO     | aux.metrics.metrics:show:228 - Evaluate non
2022-09-08 09:12:00.038 | INFO     | aux.metrics.metrics:show:229 - Macro scores: Dice: 0.758 | IOU: 0.636
2022-09-08 09:12:00.039 | INFO     | aux.metrics.metrics:show:233 - Micro scores: Dice: 0.776 | IOU: 0.634
2022-09-08 09:12:00.476 | INFO     | tools.trainer:train_loop:115 - [Saving Snapshot:]/home/s/hungpv/polyps/checkpoints/neo_large_v9/MiT-B3-FaPNHead_best.pth
2022-09-08 09:14:34.616 | INFO     | tools.trainer:val_loop:204 - Valid | Epoch [003/003], with lr = 0.0001, Step [0169],                    [val_loss: 0.2243]
2022-09-08 09:14:34.717 | INFO     | aux.metrics.metrics:show:228 - Evaluate polyp
2022-09-08 09:14:34.717 | INFO     | aux.metrics.metrics:show:229 - Macro scores: Dice: 0.908 | IOU: 0.838
2022-09-08 09:14:34.717 | INFO     | aux.metrics.metrics:show:233 - Micro scores: Dice: 0.904 | IOU: 0.825
2022-09-08 09:14:34.718 | INFO     | aux.metrics.metrics:show:228 - Evaluate neo
2022-09-08 09:14:34.718 | INFO     | aux.metrics.metrics:show:229 - Macro scores: Dice: 0.844 | IOU: 0.760
2022-09-08 09:14:34.718 | INFO     | aux.metrics.metrics:show:233 - Micro scores: Dice: 0.873 | IOU: 0.774
2022-09-08 09:14:34.718 | INFO     | aux.metrics.metrics:show:228 - Evaluate non
2022-09-08 09:14:34.718 | INFO     | aux.metrics.metrics:show:229 - Macro scores: Dice: 0.654 | IOU: 0.524
2022-09-08 09:14:34.718 | INFO     | aux.metrics.metrics:show:233 - Micro scores: Dice: 0.683 | IOU: 0.519
2022-09-08 09:17:09.790 | INFO     | tools.trainer:val_loop:204 - Valid | Epoch [004/004], with lr = 0.0001, Step [0169],                    [val_loss: 0.1749]
2022-09-08 09:17:09.890 | INFO     | aux.metrics.metrics:show:228 - Evaluate polyp
2022-09-08 09:17:09.891 | INFO     | aux.metrics.metrics:show:229 - Macro scores: Dice: 0.910 | IOU: 0.841
2022-09-08 09:17:09.891 | INFO     | aux.metrics.metrics:show:233 - Micro scores: Dice: 0.911 | IOU: 0.836
2022-09-08 09:17:09.891 | INFO     | aux.metrics.metrics:show:228 - Evaluate neo
2022-09-08 09:17:09.891 | INFO     | aux.metrics.metrics:show:229 - Macro scores: Dice: 0.866 | IOU: 0.788
2022-09-08 09:17:09.891 | INFO     | aux.metrics.metrics:show:233 - Micro scores: Dice: 0.895 | IOU: 0.810
2022-09-08 09:17:09.892 | INFO     | aux.metrics.metrics:show:228 - Evaluate non
2022-09-08 09:17:09.892 | INFO     | aux.metrics.metrics:show:229 - Macro scores: Dice: 0.730 | IOU: 0.601
2022-09-08 09:17:09.892 | INFO     | aux.metrics.metrics:show:233 - Micro scores: Dice: 0.744 | IOU: 0.593
2022-09-08 09:19:44.717 | INFO     | tools.trainer:val_loop:204 - Valid | Epoch [005/005], with lr = 8.535533905932738e-05, Step [0169],                    [val_loss: 0.1888]
2022-09-08 09:19:44.824 | INFO     | aux.metrics.metrics:show:228 - Evaluate polyp
2022-09-08 09:19:44.825 | INFO     | aux.metrics.metrics:show:229 - Macro scores: Dice: 0.921 | IOU: 0.858
2022-09-08 09:19:44.825 | INFO     | aux.metrics.metrics:show:233 - Micro scores: Dice: 0.922 | IOU: 0.856
2022-09-08 09:19:44.825 | INFO     | aux.metrics.metrics:show:228 - Evaluate neo
2022-09-08 09:19:44.825 | INFO     | aux.metrics.metrics:show:229 - Macro scores: Dice: 0.860 | IOU: 0.783
2022-09-08 09:19:44.825 | INFO     | aux.metrics.metrics:show:233 - Micro scores: Dice: 0.900 | IOU: 0.818
2022-09-08 09:19:44.825 | INFO     | aux.metrics.metrics:show:228 - Evaluate non
2022-09-08 09:19:44.826 | INFO     | aux.metrics.metrics:show:229 - Macro scores: Dice: 0.715 | IOU: 0.591
2022-09-08 09:19:44.826 | INFO     | aux.metrics.metrics:show:233 - Micro scores: Dice: 0.750 | IOU: 0.600
2022-09-08 09:22:19.220 | INFO     | tools.trainer:val_loop:204 - Valid | Epoch [006/006], with lr = 6.91341716182545e-05, Step [0169],                    [val_loss: 0.1500]
2022-09-08 09:22:19.329 | INFO     | aux.metrics.metrics:show:228 - Evaluate polyp
2022-09-08 09:22:19.329 | INFO     | aux.metrics.metrics:show:229 - Macro scores: Dice: 0.930 | IOU: 0.873
2022-09-08 09:22:19.329 | INFO     | aux.metrics.metrics:show:233 - Micro scores: Dice: 0.931 | IOU: 0.871
2022-09-08 09:22:19.330 | INFO     | aux.metrics.metrics:show:228 - Evaluate neo
2022-09-08 09:22:19.330 | INFO     | aux.metrics.metrics:show:229 - Macro scores: Dice: 0.891 | IOU: 0.823
2022-09-08 09:22:19.330 | INFO     | aux.metrics.metrics:show:233 - Micro scores: Dice: 0.921 | IOU: 0.853
2022-09-08 09:22:19.330 | INFO     | aux.metrics.metrics:show:228 - Evaluate non
2022-09-08 09:22:19.330 | INFO     | aux.metrics.metrics:show:229 - Macro scores: Dice: 0.763 | IOU: 0.646
2022-09-08 09:22:19.330 | INFO     | aux.metrics.metrics:show:233 - Micro scores: Dice: 0.785 | IOU: 0.646
2022-09-08 09:22:19.769 | INFO     | tools.trainer:train_loop:115 - [Saving Snapshot:]/home/s/hungpv/polyps/checkpoints/neo_large_v9/MiT-B3-FaPNHead_best.pth
2022-09-08 09:24:53.716 | INFO     | tools.trainer:val_loop:204 - Valid | Epoch [007/007], with lr = 5e-05, Step [0169],                    [val_loss: 0.1190]
2022-09-08 09:24:53.812 | INFO     | aux.metrics.metrics:show:228 - Evaluate polyp
2022-09-08 09:24:53.813 | INFO     | aux.metrics.metrics:show:229 - Macro scores: Dice: 0.933 | IOU: 0.877
2022-09-08 09:24:53.813 | INFO     | aux.metrics.metrics:show:233 - Micro scores: Dice: 0.935 | IOU: 0.877
2022-09-08 09:24:53.813 | INFO     | aux.metrics.metrics:show:228 - Evaluate neo
2022-09-08 09:24:53.813 | INFO     | aux.metrics.metrics:show:229 - Macro scores: Dice: 0.902 | IOU: 0.842
2022-09-08 09:24:53.813 | INFO     | aux.metrics.metrics:show:233 - Micro scores: Dice: 0.927 | IOU: 0.863
2022-09-08 09:24:53.813 | INFO     | aux.metrics.metrics:show:228 - Evaluate non
2022-09-08 09:24:53.814 | INFO     | aux.metrics.metrics:show:229 - Macro scores: Dice: 0.779 | IOU: 0.669
2022-09-08 09:24:53.814 | INFO     | aux.metrics.metrics:show:233 - Micro scores: Dice: 0.803 | IOU: 0.670
2022-09-08 09:24:54.256 | INFO     | tools.trainer:train_loop:115 - [Saving Snapshot:]/home/s/hungpv/polyps/checkpoints/neo_large_v9/MiT-B3-FaPNHead_best.pth
2022-09-08 09:24:54.656 | INFO     | tools.trainer:train_loop:138 - [Saving Snapshot:]/home/s/hungpv/polyps/checkpoints/neo_large_v9/MiT-B3-FaPNHead_8.pth
2022-09-08 09:24:54.656 | INFO     | tools.trainer:train_loop:147 - Training cost: 1239.2899006940424seconds
