2022-08-01 01:46:36.500 | INFO     | __main__:main:57 - Load config from configs/neo_large.yaml
2022-08-01 01:46:36.500 | INFO     | __main__:main:58 - {'dataset': {'data_path': '/home/s/WLIv5_pub_noud', 'train_data_path': ['/home/s/WLIv5_pub_noud/Train'], 'test_data_path': ['/home/s/WLIv5_pub_noud/Test'], 'val_data_path': ['/home/s/WLIv5_pub_noud/Test']}, 'model': {'num_classes': 3, 'save_dir': '/home/s/hungpv/polyps/checkpoints/neo_large_v13', 'backbone': 'MiT-B3', 'head': 'UPerHead', 'pretrained': '/home/s/hungpv/polyps/pretrained_models/mit_b3.pth'}, 'optimizer': {'name': 'adam', 'lr': 0.0004, 'clip': 0.5, 'scheduler': 'cosine_warmup', 'loss': 'CustomLoss'}, 'dev': 'cuda', 'train': {'start_from': 0, 'save_from': 99, 'num_epochs': 100, 'num_warmup_epoch': 4, 'is_val': False, 'size_rates': [0.75, 1, 1.25], 'dataloader': {'batchsize': 16, 'img_size': 352, 'shuffle': True, 'num_workers': 4, 'pin_memory': True, 'drop_last': True}, 'amp': False, 'ddp': False, 'augment': {'prob': 1, 'Flip_prob': 0.5, 'HueSaturationValue_prob': 0.5, 'RandomBrightnessContrast_prob': 0.5, 'crop_prob': 0.0, 'randomrotate90_prob': 0.5, 'elastictransform_prob': 0.0, 'ColorJitter_prob': 0.5}}, 'val': {'dataloader': {'batchsize': 8, 'img_size': 352, 'shuffle': True, 'num_workers': 4, 'pin_memory': True, 'drop_last': False}}, 'test': {'dev': 'cuda', 'visualize': True, 'visualize_dir': '/home/s/hungpv/polyps/neo_visualize', 'vis_x': 180, 'vis_overwrite': False, 'checkpoint_dir': '/home/s/hungpv/polyps/checkpoints/neo_large_v2/MiT-B3-UPerHead_60.pth', 'dataloader': {'batchsize': 1, 'img_size': 352, 'shuffle': True, 'num_workers': 4, 'pin_memory': True, 'drop_last': False}, 'augment': {'prob': 1, 'Flip_prob': 0, 'HueSaturationValue_prob': 0, 'RandomBrightnessContrast_prob': 0, 'crop_prob': 0, 'randomrotate90_prob': 0, 'elastictransform_prob': 0, 'gridistortion_prob': 0, 'opticaldistortion_prob': 0, 'verticalflip_prob': 0, 'horizontalflip_prob': 0, 'randomgamma_prob': 0, 'CoarseDropout_prob': 0, 'RGBShift_prob': 0, 'MotionBlur_prob': 0, 'MedianBlur_prob': 0, 'GaussianBlur_prob': 0, 'GaussNoise_prob': 0, 'ChannelShuffle_prob': 0}}}
2022-08-01 01:46:36.500 | INFO     | __main__:main:59 - Getting datapath
2022-08-01 01:46:36.565 | INFO     | __main__:main:74 - There are 5277 images to train
2022-08-01 01:46:36.571 | INFO     | __main__:main:93 - Train model with no valid dataset
2022-08-01 01:46:36.571 | INFO     | __main__:main:95 - Loading data
2022-08-01 01:46:39.073 | INFO     | __main__:main:109 - 329 batches to train
2022-08-01 01:46:39.277 | INFO     | __main__:main:122 - Loading model
2022-08-01 01:46:39.277 | INFO     | __main__:main:143 - Loading checkpoint from /home/s/hungpv/polyps/pretrained_models/mit_b3.pth ...
2022-08-01 01:46:42.640 | INFO     | __main__:main:187 - Training with FP32 ...
2022-08-01 01:53:03.726 | INFO     | tools.trainer:train_loop:124 - Epoch: [1/ 100] | Train loss: [0.999572844400232]
2022-08-01 01:59:26.282 | INFO     | tools.trainer:train_loop:124 - Epoch: [2/ 100] | Train loss: [0.325602080774887]
2022-08-01 02:05:49.095 | INFO     | tools.trainer:train_loop:124 - Epoch: [3/ 100] | Train loss: [0.27606559884493836]
2022-08-01 02:12:13.141 | INFO     | tools.trainer:train_loop:124 - Epoch: [4/ 100] | Train loss: [0.2804535287220065]
2022-08-01 02:18:37.479 | INFO     | tools.trainer:train_loop:124 - Epoch: [5/ 100] | Train loss: [0.4340611381575148]
2022-08-01 02:25:02.297 | INFO     | tools.trainer:train_loop:124 - Epoch: [6/ 100] | Train loss: [0.2790049464076667]
2022-08-01 02:31:27.795 | INFO     | tools.trainer:train_loop:124 - Epoch: [7/ 100] | Train loss: [0.2657535160158543]
2022-08-01 02:37:53.640 | INFO     | tools.trainer:train_loop:124 - Epoch: [8/ 100] | Train loss: [0.2527715084921444]
2022-08-01 02:44:19.855 | INFO     | tools.trainer:train_loop:124 - Epoch: [9/ 100] | Train loss: [0.2657531112613649]
2022-08-01 02:50:46.494 | INFO     | tools.trainer:train_loop:124 - Epoch: [10/ 100] | Train loss: [0.2468445509060719]
2022-08-01 02:57:11.876 | INFO     | tools.trainer:train_loop:124 - Epoch: [11/ 100] | Train loss: [0.25148130269398444]
2022-08-01 03:03:37.979 | INFO     | tools.trainer:train_loop:124 - Epoch: [12/ 100] | Train loss: [0.2686328250903489]
2022-08-01 03:10:03.090 | INFO     | tools.trainer:train_loop:124 - Epoch: [13/ 100] | Train loss: [0.2427220942401596]
2022-08-01 03:16:28.952 | INFO     | tools.trainer:train_loop:124 - Epoch: [14/ 100] | Train loss: [0.24302040291865185]
2022-08-01 03:22:54.227 | INFO     | tools.trainer:train_loop:124 - Epoch: [15/ 100] | Train loss: [0.23108956652571727]
2022-08-01 03:29:19.818 | INFO     | tools.trainer:train_loop:124 - Epoch: [16/ 100] | Train loss: [0.2287998451514447]
2022-08-01 03:35:44.603 | INFO     | tools.trainer:train_loop:124 - Epoch: [17/ 100] | Train loss: [0.22478354218384777]
2022-08-01 03:42:10.188 | INFO     | tools.trainer:train_loop:124 - Epoch: [18/ 100] | Train loss: [0.23455372800354174]
2022-08-01 03:48:36.107 | INFO     | tools.trainer:train_loop:124 - Epoch: [19/ 100] | Train loss: [0.21794503674726357]
2022-08-01 03:55:01.748 | INFO     | tools.trainer:train_loop:124 - Epoch: [20/ 100] | Train loss: [0.22173447709949545]
2022-08-01 04:01:27.775 | INFO     | tools.trainer:train_loop:124 - Epoch: [21/ 100] | Train loss: [0.21407788982869644]
2022-08-01 04:07:52.495 | INFO     | tools.trainer:train_loop:124 - Epoch: [22/ 100] | Train loss: [0.20842185470425612]
2022-08-01 04:14:18.066 | INFO     | tools.trainer:train_loop:124 - Epoch: [23/ 100] | Train loss: [0.20620165885310043]
2022-08-01 04:20:43.570 | INFO     | tools.trainer:train_loop:124 - Epoch: [24/ 100] | Train loss: [0.20807399405987428]
2022-08-01 04:27:09.156 | INFO     | tools.trainer:train_loop:124 - Epoch: [25/ 100] | Train loss: [0.1970632332278059]
2022-08-01 04:33:34.852 | INFO     | tools.trainer:train_loop:124 - Epoch: [26/ 100] | Train loss: [0.2035833886827379]
2022-08-01 04:40:00.508 | INFO     | tools.trainer:train_loop:124 - Epoch: [27/ 100] | Train loss: [0.20121394268783394]
2022-08-01 04:46:25.802 | INFO     | tools.trainer:train_loop:124 - Epoch: [28/ 100] | Train loss: [0.1978426523914272]
2022-08-01 04:52:51.423 | INFO     | tools.trainer:train_loop:124 - Epoch: [29/ 100] | Train loss: [0.18978414649432554]
2022-08-01 04:59:16.684 | INFO     | tools.trainer:train_loop:124 - Epoch: [30/ 100] | Train loss: [0.18458499342746648]
2022-08-01 05:05:42.281 | INFO     | tools.trainer:train_loop:124 - Epoch: [31/ 100] | Train loss: [0.186943815653085]
2022-08-01 05:12:07.181 | INFO     | tools.trainer:train_loop:124 - Epoch: [32/ 100] | Train loss: [0.17743992204225897]
2022-08-01 05:18:31.863 | INFO     | tools.trainer:train_loop:124 - Epoch: [33/ 100] | Train loss: [0.18076557363171164]
2022-08-01 05:24:56.826 | INFO     | tools.trainer:train_loop:124 - Epoch: [34/ 100] | Train loss: [0.17733172533359934]
2022-08-01 05:31:20.899 | INFO     | tools.trainer:train_loop:124 - Epoch: [35/ 100] | Train loss: [0.1734047358272467]
2022-08-01 05:37:46.389 | INFO     | tools.trainer:train_loop:124 - Epoch: [36/ 100] | Train loss: [0.1628025119903421]
2022-08-01 05:44:10.637 | INFO     | tools.trainer:train_loop:124 - Epoch: [37/ 100] | Train loss: [0.16920558868208194]
2022-08-01 05:50:36.382 | INFO     | tools.trainer:train_loop:124 - Epoch: [38/ 100] | Train loss: [0.1682095108921767]
2022-08-01 05:57:00.750 | INFO     | tools.trainer:train_loop:124 - Epoch: [39/ 100] | Train loss: [0.15126785573671292]
2022-08-01 06:03:26.289 | INFO     | tools.trainer:train_loop:124 - Epoch: [40/ 100] | Train loss: [0.159924203614877]
2022-08-01 06:09:50.688 | INFO     | tools.trainer:train_loop:124 - Epoch: [41/ 100] | Train loss: [0.15827066198806633]
2022-08-01 06:16:15.560 | INFO     | tools.trainer:train_loop:124 - Epoch: [42/ 100] | Train loss: [0.15126731445429717]
2022-08-01 06:22:41.008 | INFO     | tools.trainer:train_loop:124 - Epoch: [43/ 100] | Train loss: [0.1501544989464312]
2022-08-01 06:29:06.462 | INFO     | tools.trainer:train_loop:124 - Epoch: [44/ 100] | Train loss: [0.15539025286591887]
2022-08-01 06:35:31.114 | INFO     | tools.trainer:train_loop:124 - Epoch: [45/ 100] | Train loss: [0.14697148784496863]
2022-08-01 06:41:57.467 | INFO     | tools.trainer:train_loop:124 - Epoch: [46/ 100] | Train loss: [0.1413870820985105]
2022-08-01 06:48:22.208 | INFO     | tools.trainer:train_loop:124 - Epoch: [47/ 100] | Train loss: [0.14287350402074925]
2022-08-01 06:54:47.107 | INFO     | tools.trainer:train_loop:124 - Epoch: [48/ 100] | Train loss: [0.14643767947121594]
2022-08-01 07:01:12.248 | INFO     | tools.trainer:train_loop:124 - Epoch: [49/ 100] | Train loss: [0.1428037033073808]
2022-08-01 07:07:37.526 | INFO     | tools.trainer:train_loop:124 - Epoch: [50/ 100] | Train loss: [0.13357683741643256]
2022-08-01 07:14:02.337 | INFO     | tools.trainer:train_loop:124 - Epoch: [51/ 100] | Train loss: [0.13979561690886513]
2022-08-01 07:20:27.185 | INFO     | tools.trainer:train_loop:124 - Epoch: [52/ 100] | Train loss: [0.1307518767606252]
2022-08-01 07:26:51.905 | INFO     | tools.trainer:train_loop:124 - Epoch: [53/ 100] | Train loss: [0.12589721990279332]
2022-08-01 07:33:16.896 | INFO     | tools.trainer:train_loop:124 - Epoch: [54/ 100] | Train loss: [0.13158157238549917]
2022-08-01 07:39:43.122 | INFO     | tools.trainer:train_loop:124 - Epoch: [55/ 100] | Train loss: [0.12452067199267877]
2022-08-01 07:46:09.747 | INFO     | tools.trainer:train_loop:124 - Epoch: [56/ 100] | Train loss: [0.12066856118932502]
2022-08-01 07:52:36.221 | INFO     | tools.trainer:train_loop:124 - Epoch: [57/ 100] | Train loss: [0.1218345995177161]
2022-08-01 07:59:01.429 | INFO     | tools.trainer:train_loop:124 - Epoch: [58/ 100] | Train loss: [0.12114828542486332]
2022-08-01 08:05:26.154 | INFO     | tools.trainer:train_loop:124 - Epoch: [59/ 100] | Train loss: [0.11383811791503864]
2022-08-01 08:11:51.089 | INFO     | tools.trainer:train_loop:124 - Epoch: [60/ 100] | Train loss: [0.11257934256097285]
2022-08-01 08:18:16.234 | INFO     | tools.trainer:train_loop:124 - Epoch: [61/ 100] | Train loss: [0.11315886889185224]
2022-08-01 08:24:41.686 | INFO     | tools.trainer:train_loop:124 - Epoch: [62/ 100] | Train loss: [0.11340614047614818]
2022-08-01 08:31:08.488 | INFO     | tools.trainer:train_loop:124 - Epoch: [63/ 100] | Train loss: [0.10670506171202768]
2022-08-01 08:37:33.658 | INFO     | tools.trainer:train_loop:124 - Epoch: [64/ 100] | Train loss: [0.10986949515877162]
2022-08-01 08:43:58.037 | INFO     | tools.trainer:train_loop:124 - Epoch: [65/ 100] | Train loss: [0.10782807881414527]
2022-08-01 08:50:23.453 | INFO     | tools.trainer:train_loop:124 - Epoch: [66/ 100] | Train loss: [0.10315967800157955]
2022-08-01 08:56:48.880 | INFO     | tools.trainer:train_loop:124 - Epoch: [67/ 100] | Train loss: [0.10110073100130065]
2022-08-01 09:03:14.144 | INFO     | tools.trainer:train_loop:124 - Epoch: [68/ 100] | Train loss: [0.10673569991482608]
2022-08-01 09:09:40.500 | INFO     | tools.trainer:train_loop:124 - Epoch: [69/ 100] | Train loss: [0.09986762089320772]
2022-08-01 09:16:05.824 | INFO     | tools.trainer:train_loop:124 - Epoch: [70/ 100] | Train loss: [0.09118500163376694]
2022-08-01 09:22:31.685 | INFO     | tools.trainer:train_loop:124 - Epoch: [71/ 100] | Train loss: [0.0920085567233682]
2022-08-01 09:28:57.633 | INFO     | tools.trainer:train_loop:124 - Epoch: [72/ 100] | Train loss: [0.0942768866937936]
2022-08-01 09:35:22.894 | INFO     | tools.trainer:train_loop:124 - Epoch: [73/ 100] | Train loss: [0.09386269850684698]
2022-08-01 09:41:49.802 | INFO     | tools.trainer:train_loop:124 - Epoch: [74/ 100] | Train loss: [0.0858831007916786]
2022-08-01 09:48:17.906 | INFO     | tools.trainer:train_loop:124 - Epoch: [75/ 100] | Train loss: [0.08587425181749744]
2022-08-01 09:54:43.577 | INFO     | tools.trainer:train_loop:124 - Epoch: [76/ 100] | Train loss: [0.08654766919312144]
2022-08-01 10:01:11.050 | INFO     | tools.trainer:train_loop:124 - Epoch: [77/ 100] | Train loss: [0.08774159282536492]
2022-08-01 10:07:39.955 | INFO     | tools.trainer:train_loop:124 - Epoch: [78/ 100] | Train loss: [0.0820448794671105]
2022-08-01 10:14:05.330 | INFO     | tools.trainer:train_loop:124 - Epoch: [79/ 100] | Train loss: [0.08399136017407871]
2022-08-01 10:20:31.376 | INFO     | tools.trainer:train_loop:124 - Epoch: [80/ 100] | Train loss: [0.0783231846342786]
2022-08-01 10:26:58.148 | INFO     | tools.trainer:train_loop:124 - Epoch: [81/ 100] | Train loss: [0.07984878506658649]
2022-08-01 10:33:23.478 | INFO     | tools.trainer:train_loop:124 - Epoch: [82/ 100] | Train loss: [0.0806916783730808]
2022-08-01 10:39:48.715 | INFO     | tools.trainer:train_loop:124 - Epoch: [83/ 100] | Train loss: [0.08421929837360208]
2022-08-01 10:46:14.038 | INFO     | tools.trainer:train_loop:124 - Epoch: [84/ 100] | Train loss: [0.07784710309289872]
2022-08-01 10:52:39.459 | INFO     | tools.trainer:train_loop:124 - Epoch: [85/ 100] | Train loss: [0.07960110377961922]
2022-08-01 10:59:05.036 | INFO     | tools.trainer:train_loop:124 - Epoch: [86/ 100] | Train loss: [0.07530384240417223]
2022-08-01 11:05:32.583 | INFO     | tools.trainer:train_loop:124 - Epoch: [87/ 100] | Train loss: [0.0745450656006175]
2022-08-01 11:11:57.788 | INFO     | tools.trainer:train_loop:124 - Epoch: [88/ 100] | Train loss: [0.07196666298598323]
2022-08-01 11:18:26.118 | INFO     | tools.trainer:train_loop:124 - Epoch: [89/ 100] | Train loss: [0.07516889532852498]
2022-08-01 11:24:54.274 | INFO     | tools.trainer:train_loop:124 - Epoch: [90/ 100] | Train loss: [0.07222197036114507]
2022-08-01 11:31:20.393 | INFO     | tools.trainer:train_loop:124 - Epoch: [91/ 100] | Train loss: [0.07285083000941661]
2022-08-01 11:37:47.360 | INFO     | tools.trainer:train_loop:124 - Epoch: [92/ 100] | Train loss: [0.06670959763183601]
2022-08-01 11:44:13.142 | INFO     | tools.trainer:train_loop:124 - Epoch: [93/ 100] | Train loss: [0.07382686848902231]
2022-08-01 11:50:38.621 | INFO     | tools.trainer:train_loop:124 - Epoch: [94/ 100] | Train loss: [0.0710114673583975]
2022-08-01 11:57:03.965 | INFO     | tools.trainer:train_loop:124 - Epoch: [95/ 100] | Train loss: [0.06985750469438573]
2022-08-01 12:03:29.911 | INFO     | tools.trainer:train_loop:124 - Epoch: [96/ 100] | Train loss: [0.06950805417763063]
2022-08-01 12:09:55.376 | INFO     | tools.trainer:train_loop:124 - Epoch: [97/ 100] | Train loss: [0.07147545181780963]
2022-08-01 12:16:21.477 | INFO     | tools.trainer:train_loop:124 - Epoch: [98/ 100] | Train loss: [0.06781360527109864]
2022-08-01 12:22:45.844 | INFO     | tools.trainer:train_loop:124 - Epoch: [99/ 100] | Train loss: [0.06724958577530181]
2022-08-01 12:29:10.093 | INFO     | tools.trainer:train_loop:124 - Epoch: [100/ 100] | Train loss: [0.06796052364071996]
2022-08-01 12:29:10.523 | INFO     | tools.trainer:train_loop:136 - [Saving Snapshot:]/home/s/hungpv/polyps/checkpoints/neo_large_v13/MiT-B3-UPerHead_100.pth
2022-08-01 12:29:10.523 | INFO     | tools.trainer:train_loop:145 - Training cost: 38546.930438627955seconds
