2022-07-15 02:12:47.745 | INFO     | __main__:main:57 - Load config from configs/neo_large.yaml
2022-07-15 02:12:47.745 | INFO     | __main__:main:58 - {'dataset': {'data_path': '/home/s/WLIv5_pub_noud', 'train_data_path': ['/home/s/WLIv5_pub_noud/Train'], 'test_data_path': ['/home/s/WLIv5_pub_noud/Test'], 'val_data_path': ['/home/s/WLIv5_pub_noud/Test']}, 'model': {'num_classes': 3, 'save_dir': '/home/s/hungpv/polyps/checkpoints/neo_large_v6', 'backbone': 'MiT-B3', 'head': 'UPerHead', 'pretrained': '/home/s/hungpv/polyps/pretrained_models/mit_b3.pth'}, 'optimizer': {'name': 'adam', 'lr': 0.0001, 'clip': 0.5, 'scheduler': 'cosine_warmup', 'loss': 'CustomLoss'}, 'dev': 'cuda', 'train': {'start_from': 0, 'save_from': 29, 'num_epochs': 30, 'num_warmup_epoch': 4, 'is_val': False, 'size_rates': [0.75, 1, 1.25], 'dataloader': {'batchsize': 16, 'img_size': 352, 'shuffle': True, 'num_workers': 4, 'pin_memory': True, 'drop_last': True}, 'amp': False, 'ddp': False, 'augment': {'prob': 1, 'Flip_prob': 0.5, 'HueSaturationValue_prob': 0.5, 'RandomBrightnessContrast_prob': 0.5, 'randomrotate90_prob': 0.5}}, 'val': {'dataloader': {'batchsize': 8, 'img_size': 352, 'shuffle': True, 'num_workers': 4, 'pin_memory': True, 'drop_last': False}}, 'test': {'dev': 'cuda', 'visualize': True, 'visualize_dir': '/home/s/hungpv/polyps/neo_visualize', 'vis_x': 180, 'vis_overwrite': False, 'checkpoint_dir': '/home/s/hungpv/polyps/checkpoints/neo_large_v6/MiT-B3-UPerHead_best.pth', 'dataloader': {'batchsize': 1, 'img_size': 352, 'shuffle': True, 'num_workers': 4, 'pin_memory': True, 'drop_last': False}, 'augment': {'prob': 1, 'Flip_prob': 0, 'HueSaturationValue_prob': 0, 'RandomBrightnessContrast_prob': 0, 'crop_prob': 0, 'randomrotate90_prob': 0, 'elastictransform_prob': 0, 'gridistortion_prob': 0, 'opticaldistortion_prob': 0, 'verticalflip_prob': 0, 'horizontalflip_prob': 0, 'randomgamma_prob': 0, 'CoarseDropout_prob': 0, 'RGBShift_prob': 0, 'MotionBlur_prob': 0, 'MedianBlur_prob': 0, 'GaussianBlur_prob': 0, 'GaussNoise_prob': 0, 'ChannelShuffle_prob': 0}}}
2022-07-15 02:12:47.745 | INFO     | __main__:main:59 - Getting datapath
2022-07-15 02:12:47.771 | INFO     | __main__:main:74 - There are 5277 images to train
2022-07-15 02:12:47.778 | INFO     | __main__:main:93 - Train model with no valid dataset
2022-07-15 02:12:47.778 | INFO     | __main__:main:95 - Loading data
2022-07-15 02:12:48.578 | INFO     | __main__:main:109 - 329 batches to train
2022-07-15 02:12:48.793 | INFO     | __main__:main:122 - Loading model
2022-07-15 02:12:48.794 | INFO     | __main__:main:143 - Loading checkpoint from /home/s/hungpv/polyps/pretrained_models/mit_b3.pth ...
2022-07-15 02:12:51.983 | INFO     | __main__:main:187 - Training with FP32 ...
2022-07-15 02:19:17.336 | INFO     | tools.trainer:train_loop:123 - Epoch: [1/ 30] | Train loss: [3.6617462798092504]
2022-07-15 02:25:40.971 | INFO     | tools.trainer:train_loop:123 - Epoch: [2/ 30] | Train loss: [1.7508069896408127]
2022-07-15 02:32:06.182 | INFO     | tools.trainer:train_loop:123 - Epoch: [3/ 30] | Train loss: [1.5118768613751536]
2022-07-15 02:32:06.643 | INFO     | tools.trainer:train_loop:135 - [Saving Snapshot:]/home/s/hungpv/polyps/checkpoints/neo_large_v6/MiT-B3-UPerHead_3.pth
2022-07-15 02:38:30.447 | INFO     | tools.trainer:train_loop:123 - Epoch: [4/ 30] | Train loss: [1.3810086848163314]
2022-07-15 02:44:54.721 | INFO     | tools.trainer:train_loop:123 - Epoch: [5/ 30] | Train loss: [1.2707196948738446]
2022-07-15 02:51:18.946 | INFO     | tools.trainer:train_loop:123 - Epoch: [6/ 30] | Train loss: [1.2289342786041075]
2022-07-15 02:57:42.796 | INFO     | tools.trainer:train_loop:123 - Epoch: [7/ 30] | Train loss: [1.2035987197809306]
2022-07-15 03:04:06.856 | INFO     | tools.trainer:train_loop:123 - Epoch: [8/ 30] | Train loss: [1.1982239492033753]
2022-07-15 03:10:30.869 | INFO     | tools.trainer:train_loop:123 - Epoch: [9/ 30] | Train loss: [1.183831630144438]
2022-07-15 03:16:55.320 | INFO     | tools.trainer:train_loop:123 - Epoch: [10/ 30] | Train loss: [1.1662875181998162]
2022-07-15 03:23:19.814 | INFO     | tools.trainer:train_loop:123 - Epoch: [11/ 30] | Train loss: [1.160277915942995]
2022-07-15 03:29:44.113 | INFO     | tools.trainer:train_loop:123 - Epoch: [12/ 30] | Train loss: [1.1715000661310817]
2022-07-15 03:36:08.679 | INFO     | tools.trainer:train_loop:123 - Epoch: [13/ 30] | Train loss: [1.145498135713096]
2022-07-15 03:42:32.784 | INFO     | tools.trainer:train_loop:123 - Epoch: [14/ 30] | Train loss: [1.1450921838769073]
2022-07-15 03:48:56.775 | INFO     | tools.trainer:train_loop:123 - Epoch: [15/ 30] | Train loss: [1.140916114520157]
2022-07-15 03:55:20.625 | INFO     | tools.trainer:train_loop:123 - Epoch: [16/ 30] | Train loss: [1.1594095077920468]
2022-07-15 04:01:44.758 | INFO     | tools.trainer:train_loop:123 - Epoch: [17/ 30] | Train loss: [1.1422575458567192]
2022-07-15 04:08:09.073 | INFO     | tools.trainer:train_loop:123 - Epoch: [18/ 30] | Train loss: [1.1277804925448989]
2022-07-15 04:14:33.526 | INFO     | tools.trainer:train_loop:123 - Epoch: [19/ 30] | Train loss: [1.1187136595372371]
2022-07-15 04:20:57.836 | INFO     | tools.trainer:train_loop:123 - Epoch: [20/ 30] | Train loss: [1.1211775802189095]
2022-07-15 04:27:22.043 | INFO     | tools.trainer:train_loop:123 - Epoch: [21/ 30] | Train loss: [1.1103639673317094]
2022-07-15 04:33:45.941 | INFO     | tools.trainer:train_loop:123 - Epoch: [22/ 30] | Train loss: [1.1066142331503082]
2022-07-15 04:40:09.729 | INFO     | tools.trainer:train_loop:123 - Epoch: [23/ 30] | Train loss: [1.1202775861354584]
2022-07-15 04:46:34.106 | INFO     | tools.trainer:train_loop:123 - Epoch: [24/ 30] | Train loss: [1.0946892784359246]
2022-07-15 04:52:57.593 | INFO     | tools.trainer:train_loop:123 - Epoch: [25/ 30] | Train loss: [1.0935720897373096]
2022-07-15 04:59:21.367 | INFO     | tools.trainer:train_loop:123 - Epoch: [26/ 30] | Train loss: [1.092348499138667]
2022-07-15 05:05:45.097 | INFO     | tools.trainer:train_loop:123 - Epoch: [27/ 30] | Train loss: [1.0894800379283522]
2022-07-15 05:12:09.144 | INFO     | tools.trainer:train_loop:123 - Epoch: [28/ 30] | Train loss: [1.0927642879152732]
2022-07-15 05:18:33.178 | INFO     | tools.trainer:train_loop:123 - Epoch: [29/ 30] | Train loss: [1.0826537223210089]
2022-07-15 05:24:57.005 | INFO     | tools.trainer:train_loop:123 - Epoch: [30/ 30] | Train loss: [1.0835424393506035]
2022-07-15 05:24:57.438 | INFO     | tools.trainer:train_loop:135 - [Saving Snapshot:]/home/s/hungpv/polyps/checkpoints/neo_large_v6/MiT-B3-UPerHead_30.pth
2022-07-15 05:24:57.439 | INFO     | tools.trainer:train_loop:144 - Training cost: 11524.499421693967seconds
