2022-09-08 20:14:26.011 | INFO     | __main__:main:57 - Load config from configs/neo_large.yaml
2022-09-08 20:14:26.012 | INFO     | __main__:main:58 - {'dataset': {'data_path': '/home/s/WLIv5_pub_noud', 'train_data_path': ['/home/s/WLIv5_pub_noud/Test'], 'test_data_path': ['/home/s/WLIv5_pub_noud/Test'], 'val_data_path': ['/home/s/WLIv5_pub_noud/Test']}, 'model': {'num_classes': 3, 'save_dir': '/home/s/hungpv/polyps/checkpoints/neo_large_v11', 'backbone': 'MiT-B3', 'head': 'FaPNHead', 'pretrained': '/home/s/hungpv/polyps/pretrained_models/mit_b3.pth'}, 'optimizer': {'name': 'adam', 'lr': 3.1e-05, 'clip': 0.5, 'scheduler': 'cosine_warmup', 'loss': 'multi_structure_loss'}, 'dev': 'cuda', 'train': {'start_from': 0, 'save_from': 6, 'num_epochs': 7, 'num_warmup_epoch': 2, 'is_val': True, 'size_rates': [0.75, 1, 1.25], 'dataloader': {'batchsize': 16, 'img_size': 384, 'shuffle': True, 'num_workers': 4, 'pin_memory': True, 'drop_last': True}, 'amp': False, 'ddp': False, 'augment': {'prob': 1, 'Flip_prob': 0.5, 'HueSaturationValue_prob': 0.5, 'RandomBrightnessContrast_prob': 0.5, 'crop_prob': 0.0, 'randomrotate90_prob': 0.5, 'elastictransform_prob': 0.0, 'ColorJitter_prob': 0.5}}, 'val': {'dataloader': {'batchsize': 8, 'img_size': 384, 'shuffle': True, 'num_workers': 4, 'pin_memory': True, 'drop_last': False}}, 'test': {'dev': 'cuda', 'visualize': True, 'visualize_dir': '/home/s/hungpv/polyps/neo_visualize', 'vis_x': 180, 'vis_overwrite': False, 'checkpoint_dir': '/home/s/hungpv/polyps/checkpoints/neo_large_v10/MiT-B3-FaPNHead_150.pth', 'dataloader': {'batchsize': 1, 'img_size': 384, 'shuffle': True, 'num_workers': 4, 'pin_memory': True, 'drop_last': False}, 'augment': {'prob': 1, 'Flip_prob': 0, 'HueSaturationValue_prob': 0, 'RandomBrightnessContrast_prob': 0, 'crop_prob': 0, 'randomrotate90_prob': 0, 'elastictransform_prob': 0, 'gridistortion_prob': 0, 'opticaldistortion_prob': 0, 'verticalflip_prob': 0, 'horizontalflip_prob': 0, 'randomgamma_prob': 0, 'CoarseDropout_prob': 0, 'RGBShift_prob': 0, 'MotionBlur_prob': 0, 'MedianBlur_prob': 0, 'GaussianBlur_prob': 0, 'GaussNoise_prob': 0, 'ChannelShuffle_prob': 0}}}
2022-09-08 20:14:26.012 | INFO     | __main__:main:59 - Getting datapath
2022-09-08 20:14:26.018 | INFO     | __main__:main:74 - There are 1353 images to train
2022-09-08 20:14:26.025 | INFO     | __main__:main:91 - There are 1353 images to val
2022-09-08 20:14:26.025 | INFO     | __main__:main:95 - Loading data
2022-09-08 20:14:26.232 | INFO     | __main__:main:109 - 84 batches to train
2022-09-08 20:14:26.435 | INFO     | __main__:main:122 - Loading model
2022-09-08 20:14:26.435 | INFO     | __main__:main:143 - Loading checkpoint from /home/s/hungpv/polyps/pretrained_models/mit_b3.pth ...
2022-09-08 20:14:29.876 | INFO     | __main__:main:190 - Training with FP32 ...
2022-09-08 20:17:06.201 | INFO     | tools.trainer:val_loop:204 - Valid | Epoch [000/000], with lr = 3.875e-06, Step [0169],                    [val_loss: 0.1352]
2022-09-08 20:17:06.316 | INFO     | aux.metrics.metrics:show:228 - Evaluate polyp
2022-09-08 20:17:06.316 | INFO     | aux.metrics.metrics:show:229 - Macro scores: Dice: 0.934 | IOU: 0.880
2022-09-08 20:17:06.317 | INFO     | aux.metrics.metrics:show:233 - Micro scores: Dice: 0.937 | IOU: 0.881
2022-09-08 20:17:06.317 | INFO     | aux.metrics.metrics:show:228 - Evaluate neo
2022-09-08 20:17:06.317 | INFO     | aux.metrics.metrics:show:229 - Macro scores: Dice: 0.889 | IOU: 0.822
2022-09-08 20:17:06.317 | INFO     | aux.metrics.metrics:show:233 - Micro scores: Dice: 0.924 | IOU: 0.859
2022-09-08 20:17:06.317 | INFO     | aux.metrics.metrics:show:228 - Evaluate non
2022-09-08 20:17:06.317 | INFO     | aux.metrics.metrics:show:229 - Macro scores: Dice: 0.775 | IOU: 0.663
2022-09-08 20:17:06.318 | INFO     | aux.metrics.metrics:show:233 - Micro scores: Dice: 0.791 | IOU: 0.655
2022-09-08 20:17:06.775 | INFO     | tools.trainer:train_loop:115 - [Saving Snapshot:]/home/s/hungpv/polyps/checkpoints/neo_large_v11/MiT-B3-FaPNHead_best.pth
2022-09-08 20:19:41.578 | INFO     | tools.trainer:val_loop:204 - Valid | Epoch [001/001], with lr = 3.875e-06, Step [0169],                    [val_loss: 0.1506]
2022-09-08 20:19:41.690 | INFO     | aux.metrics.metrics:show:228 - Evaluate polyp
2022-09-08 20:19:41.691 | INFO     | aux.metrics.metrics:show:229 - Macro scores: Dice: 0.934 | IOU: 0.880
2022-09-08 20:19:41.691 | INFO     | aux.metrics.metrics:show:233 - Micro scores: Dice: 0.937 | IOU: 0.881
2022-09-08 20:19:41.691 | INFO     | aux.metrics.metrics:show:228 - Evaluate neo
2022-09-08 20:19:41.691 | INFO     | aux.metrics.metrics:show:229 - Macro scores: Dice: 0.901 | IOU: 0.840
2022-09-08 20:19:41.691 | INFO     | aux.metrics.metrics:show:233 - Micro scores: Dice: 0.927 | IOU: 0.865
2022-09-08 20:19:41.691 | INFO     | aux.metrics.metrics:show:228 - Evaluate non
2022-09-08 20:19:41.692 | INFO     | aux.metrics.metrics:show:229 - Macro scores: Dice: 0.775 | IOU: 0.664
2022-09-08 20:19:41.692 | INFO     | aux.metrics.metrics:show:233 - Micro scores: Dice: 0.803 | IOU: 0.671
2022-09-08 20:19:42.145 | INFO     | tools.trainer:train_loop:115 - [Saving Snapshot:]/home/s/hungpv/polyps/checkpoints/neo_large_v11/MiT-B3-FaPNHead_best.pth
2022-09-08 20:22:16.411 | INFO     | tools.trainer:val_loop:204 - Valid | Epoch [002/002], with lr = 1.74375e-05, Step [0169],                    [val_loss: 0.1751]
2022-09-08 20:22:16.515 | INFO     | aux.metrics.metrics:show:228 - Evaluate polyp
2022-09-08 20:22:16.516 | INFO     | aux.metrics.metrics:show:229 - Macro scores: Dice: 0.936 | IOU: 0.883
2022-09-08 20:22:16.516 | INFO     | aux.metrics.metrics:show:233 - Micro scores: Dice: 0.938 | IOU: 0.883
2022-09-08 20:22:16.516 | INFO     | aux.metrics.metrics:show:228 - Evaluate neo
2022-09-08 20:22:16.516 | INFO     | aux.metrics.metrics:show:229 - Macro scores: Dice: 0.896 | IOU: 0.830
2022-09-08 20:22:16.517 | INFO     | aux.metrics.metrics:show:233 - Micro scores: Dice: 0.927 | IOU: 0.864
2022-09-08 20:22:16.517 | INFO     | aux.metrics.metrics:show:228 - Evaluate non
2022-09-08 20:22:16.517 | INFO     | aux.metrics.metrics:show:229 - Macro scores: Dice: 0.783 | IOU: 0.668
2022-09-08 20:22:16.517 | INFO     | aux.metrics.metrics:show:233 - Micro scores: Dice: 0.810 | IOU: 0.680
2022-09-08 20:22:16.982 | INFO     | tools.trainer:train_loop:115 - [Saving Snapshot:]/home/s/hungpv/polyps/checkpoints/neo_large_v11/MiT-B3-FaPNHead_best.pth
