2022-09-05 20:19:50.439 | INFO     | __main__:main:57 - Load config from configs/neo_large.yaml
2022-09-05 20:19:50.439 | INFO     | __main__:main:58 - {'dataset': {'data_path': '/home/s/WLIv5_pub_noud', 'train_data_path': ['/home/s/WLIv5_pub_noud/Train'], 'test_data_path': ['/home/s/WLIv5_pub_noud/Test'], 'val_data_path': ['/home/s/WLIv5_pub_noud/Test']}, 'model': {'num_classes': 3, 'save_dir': '/home/s/hungpv/polyps/checkpoints/neo_large_v7', 'backbone': 'MiT-B3', 'head': 'FaPNHead', 'pretrained': '/home/s/hungpv/polyps/pretrained_models/mit_b3.pth'}, 'optimizer': {'name': 'adam', 'lr': 0.0001, 'clip': 0.5, 'scheduler': 'cosine_warmup', 'loss': 'multi_structure_loss'}, 'dev': 'cuda', 'train': {'start_from': 0, 'save_from': 149, 'num_epochs': 150, 'num_warmup_epoch': 8, 'is_val': False, 'size_rates': [0.75, 1, 1.25], 'dataloader': {'batchsize': 16, 'img_size': 384, 'shuffle': True, 'num_workers': 4, 'pin_memory': True, 'drop_last': True}, 'amp': False, 'ddp': False, 'augment': {'prob': 1, 'Flip_prob': 0.5, 'HueSaturationValue_prob': 0.5, 'RandomBrightnessContrast_prob': 0.5, 'crop_prob': 0.0, 'randomrotate90_prob': 0.5, 'elastictransform_prob': 0.0, 'ColorJitter_prob': 0.5}}, 'val': {'dataloader': {'batchsize': 8, 'img_size': 352, 'shuffle': True, 'num_workers': 4, 'pin_memory': True, 'drop_last': False}}, 'test': {'dev': 'cuda', 'visualize': True, 'visualize_dir': '/home/s/hungpv/polyps/neo_visualize', 'vis_x': 180, 'vis_overwrite': False, 'checkpoint_dir': '/home/s/hungpv/polyps/checkpoints/neo_large_v7/MiT-B3-FaPNHead_100.pth', 'dataloader': {'batchsize': 1, 'img_size': 384, 'shuffle': True, 'num_workers': 4, 'pin_memory': True, 'drop_last': False}, 'augment': {'prob': 1, 'Flip_prob': 0, 'HueSaturationValue_prob': 0, 'RandomBrightnessContrast_prob': 0, 'crop_prob': 0, 'randomrotate90_prob': 0, 'elastictransform_prob': 0, 'gridistortion_prob': 0, 'opticaldistortion_prob': 0, 'verticalflip_prob': 0, 'horizontalflip_prob': 0, 'randomgamma_prob': 0, 'CoarseDropout_prob': 0, 'RGBShift_prob': 0, 'MotionBlur_prob': 0, 'MedianBlur_prob': 0, 'GaussianBlur_prob': 0, 'GaussNoise_prob': 0, 'ChannelShuffle_prob': 0}}}
2022-09-05 20:19:50.439 | INFO     | __main__:main:59 - Getting datapath
2022-09-05 20:19:50.466 | INFO     | __main__:main:74 - There are 5277 images to train
2022-09-05 20:19:50.473 | INFO     | __main__:main:93 - Train model with no valid dataset
2022-09-05 20:19:50.473 | INFO     | __main__:main:95 - Loading data
2022-09-05 20:19:51.321 | INFO     | __main__:main:109 - 329 batches to train
2022-09-05 20:19:51.533 | INFO     | __main__:main:122 - Loading model
2022-09-05 20:19:51.533 | INFO     | __main__:main:143 - Loading checkpoint from /home/s/hungpv/polyps/pretrained_models/mit_b3.pth ...
2022-09-05 20:19:54.792 | INFO     | __main__:main:187 - Training with FP32 ...
2022-09-05 20:27:51.433 | INFO     | tools.trainer:train_loop:126 - Epoch: [1/ 150] | Train loss: [1.1741044858306375]
2022-09-05 20:35:49.539 | INFO     | tools.trainer:train_loop:126 - Epoch: [2/ 150] | Train loss: [0.6698406286152663]
2022-09-05 20:43:50.059 | INFO     | tools.trainer:train_loop:126 - Epoch: [3/ 150] | Train loss: [0.5894941104219314]
2022-09-05 20:51:52.451 | INFO     | tools.trainer:train_loop:126 - Epoch: [4/ 150] | Train loss: [0.4541589395344076]
2022-09-05 20:59:53.634 | INFO     | tools.trainer:train_loop:126 - Epoch: [5/ 150] | Train loss: [0.31169609335961673]
2022-09-05 21:07:55.183 | INFO     | tools.trainer:train_loop:126 - Epoch: [6/ 150] | Train loss: [0.27225658865956914]
2022-09-05 21:15:55.191 | INFO     | tools.trainer:train_loop:126 - Epoch: [7/ 150] | Train loss: [0.25033672049777483]
2022-09-05 21:23:55.007 | INFO     | tools.trainer:train_loop:126 - Epoch: [8/ 150] | Train loss: [0.2558390136502434]
2022-09-05 21:31:54.059 | INFO     | tools.trainer:train_loop:126 - Epoch: [9/ 150] | Train loss: [0.24402687748424187]
2022-09-05 21:39:55.284 | INFO     | tools.trainer:train_loop:126 - Epoch: [10/ 150] | Train loss: [0.23454241656151947]
2022-09-05 21:47:54.610 | INFO     | tools.trainer:train_loop:126 - Epoch: [11/ 150] | Train loss: [0.24222218227150955]
2022-09-05 21:55:53.958 | INFO     | tools.trainer:train_loop:126 - Epoch: [12/ 150] | Train loss: [0.230697020163652]
2022-09-05 22:03:54.026 | INFO     | tools.trainer:train_loop:126 - Epoch: [13/ 150] | Train loss: [0.23625765754459113]
2022-09-05 22:11:54.269 | INFO     | tools.trainer:train_loop:126 - Epoch: [14/ 150] | Train loss: [0.22509040289465054]
2022-09-05 22:19:54.238 | INFO     | tools.trainer:train_loop:126 - Epoch: [15/ 150] | Train loss: [0.2286318437759637]
2022-09-05 22:27:54.284 | INFO     | tools.trainer:train_loop:126 - Epoch: [16/ 150] | Train loss: [0.21791102732659112]
2022-09-05 22:35:54.866 | INFO     | tools.trainer:train_loop:126 - Epoch: [17/ 150] | Train loss: [0.1991848846993729]
2022-09-05 22:43:54.940 | INFO     | tools.trainer:train_loop:126 - Epoch: [18/ 150] | Train loss: [0.20858123256488048]
2022-09-05 22:51:55.522 | INFO     | tools.trainer:train_loop:126 - Epoch: [19/ 150] | Train loss: [0.20822135277522733]
2022-09-05 22:59:55.392 | INFO     | tools.trainer:train_loop:126 - Epoch: [20/ 150] | Train loss: [0.20157448979134254]
2022-09-05 23:07:54.217 | INFO     | tools.trainer:train_loop:126 - Epoch: [21/ 150] | Train loss: [0.20845781529384544]
2022-09-05 23:15:53.888 | INFO     | tools.trainer:train_loop:126 - Epoch: [22/ 150] | Train loss: [0.19345545386017998]
2022-09-05 23:23:53.341 | INFO     | tools.trainer:train_loop:126 - Epoch: [23/ 150] | Train loss: [0.18682092913967135]
2022-09-05 23:31:53.671 | INFO     | tools.trainer:train_loop:126 - Epoch: [24/ 150] | Train loss: [0.18838962204867582]
2022-09-05 23:39:54.645 | INFO     | tools.trainer:train_loop:126 - Epoch: [25/ 150] | Train loss: [0.18983773400265394]
2022-09-05 23:47:54.700 | INFO     | tools.trainer:train_loop:126 - Epoch: [26/ 150] | Train loss: [0.1910998473300579]
2022-09-05 23:55:55.725 | INFO     | tools.trainer:train_loop:126 - Epoch: [27/ 150] | Train loss: [0.18867438654542695]
2022-09-06 00:03:55.449 | INFO     | tools.trainer:train_loop:126 - Epoch: [28/ 150] | Train loss: [0.18722365186252493]
2022-09-06 00:11:55.926 | INFO     | tools.trainer:train_loop:126 - Epoch: [29/ 150] | Train loss: [0.18368740891613133]
2022-09-06 00:19:55.796 | INFO     | tools.trainer:train_loop:126 - Epoch: [30/ 150] | Train loss: [0.19709496967788886]
2022-09-06 00:27:56.079 | INFO     | tools.trainer:train_loop:126 - Epoch: [31/ 150] | Train loss: [0.19215804755144206]
2022-09-06 00:35:54.899 | INFO     | tools.trainer:train_loop:126 - Epoch: [32/ 150] | Train loss: [0.1782973573789408]
2022-09-06 00:43:54.575 | INFO     | tools.trainer:train_loop:126 - Epoch: [33/ 150] | Train loss: [0.18600755120347337]
2022-09-06 00:51:53.208 | INFO     | tools.trainer:train_loop:126 - Epoch: [34/ 150] | Train loss: [0.18095303274759042]
2022-09-06 00:59:52.727 | INFO     | tools.trainer:train_loop:126 - Epoch: [35/ 150] | Train loss: [0.17439870061890694]
2022-09-06 01:07:52.358 | INFO     | tools.trainer:train_loop:126 - Epoch: [36/ 150] | Train loss: [0.16847212244629134]
2022-09-06 01:15:53.549 | INFO     | tools.trainer:train_loop:126 - Epoch: [37/ 150] | Train loss: [0.1807560862967671]
2022-09-06 01:23:52.565 | INFO     | tools.trainer:train_loop:126 - Epoch: [38/ 150] | Train loss: [0.1842485529039406]
2022-09-06 01:31:52.258 | INFO     | tools.trainer:train_loop:126 - Epoch: [39/ 150] | Train loss: [0.17077485157182515]
2022-09-06 01:39:52.146 | INFO     | tools.trainer:train_loop:126 - Epoch: [40/ 150] | Train loss: [0.1746541098960446]
2022-09-06 01:47:53.074 | INFO     | tools.trainer:train_loop:126 - Epoch: [41/ 150] | Train loss: [0.1769904972798556]
2022-09-06 01:55:51.927 | INFO     | tools.trainer:train_loop:126 - Epoch: [42/ 150] | Train loss: [0.16597405824481898]
2022-09-06 02:03:50.507 | INFO     | tools.trainer:train_loop:126 - Epoch: [43/ 150] | Train loss: [0.15964942437944804]
2022-09-06 02:11:49.209 | INFO     | tools.trainer:train_loop:126 - Epoch: [44/ 150] | Train loss: [0.16306478181417952]
2022-09-06 02:19:48.152 | INFO     | tools.trainer:train_loop:126 - Epoch: [45/ 150] | Train loss: [0.16311811148486238]
2022-09-06 02:27:46.883 | INFO     | tools.trainer:train_loop:126 - Epoch: [46/ 150] | Train loss: [0.1619830698250456]
2022-09-06 02:35:46.972 | INFO     | tools.trainer:train_loop:126 - Epoch: [47/ 150] | Train loss: [0.1636184123104104]
2022-09-06 02:43:45.618 | INFO     | tools.trainer:train_loop:126 - Epoch: [48/ 150] | Train loss: [0.16099862926455616]
2022-09-06 02:51:44.224 | INFO     | tools.trainer:train_loop:126 - Epoch: [49/ 150] | Train loss: [0.15407083865175855]
2022-09-06 02:59:43.762 | INFO     | tools.trainer:train_loop:126 - Epoch: [50/ 150] | Train loss: [0.144740190221093]
2022-09-06 03:07:42.707 | INFO     | tools.trainer:train_loop:126 - Epoch: [51/ 150] | Train loss: [0.15601278213065084]
2022-09-06 03:15:43.131 | INFO     | tools.trainer:train_loop:126 - Epoch: [52/ 150] | Train loss: [0.1595489462458254]
2022-09-06 03:23:42.762 | INFO     | tools.trainer:train_loop:126 - Epoch: [53/ 150] | Train loss: [0.15016421405060676]
2022-09-06 03:31:42.645 | INFO     | tools.trainer:train_loop:126 - Epoch: [54/ 150] | Train loss: [0.14273698603038004]
2022-09-06 03:39:40.489 | INFO     | tools.trainer:train_loop:126 - Epoch: [55/ 150] | Train loss: [0.14806633545680248]
2022-09-06 03:47:38.842 | INFO     | tools.trainer:train_loop:126 - Epoch: [56/ 150] | Train loss: [0.14857772686787651]
2022-09-06 03:55:37.966 | INFO     | tools.trainer:train_loop:126 - Epoch: [57/ 150] | Train loss: [0.13659559442777763]
2022-09-06 04:03:36.042 | INFO     | tools.trainer:train_loop:126 - Epoch: [58/ 150] | Train loss: [0.14548858281190996]
2022-09-06 04:11:34.106 | INFO     | tools.trainer:train_loop:126 - Epoch: [59/ 150] | Train loss: [0.15199473398344132]
2022-09-06 04:19:32.374 | INFO     | tools.trainer:train_loop:126 - Epoch: [60/ 150] | Train loss: [0.1428911323718568]
2022-09-06 04:27:32.746 | INFO     | tools.trainer:train_loop:126 - Epoch: [61/ 150] | Train loss: [0.13541891254869637]
2022-09-06 04:35:31.752 | INFO     | tools.trainer:train_loop:126 - Epoch: [62/ 150] | Train loss: [0.1409462077548801]
2022-09-06 04:43:30.384 | INFO     | tools.trainer:train_loop:126 - Epoch: [63/ 150] | Train loss: [0.13829422887063678]
2022-09-06 04:51:29.012 | INFO     | tools.trainer:train_loop:126 - Epoch: [64/ 150] | Train loss: [0.14436130047886206]
2022-09-06 04:59:27.486 | INFO     | tools.trainer:train_loop:126 - Epoch: [65/ 150] | Train loss: [0.1377420913439391]
2022-09-06 05:07:27.290 | INFO     | tools.trainer:train_loop:126 - Epoch: [66/ 150] | Train loss: [0.13306209472175065]
2022-09-06 05:15:24.985 | INFO     | tools.trainer:train_loop:126 - Epoch: [67/ 150] | Train loss: [0.1346899779870155]
2022-09-06 05:23:24.302 | INFO     | tools.trainer:train_loop:126 - Epoch: [68/ 150] | Train loss: [0.1322205794301439]
2022-09-06 05:31:25.466 | INFO     | tools.trainer:train_loop:126 - Epoch: [69/ 150] | Train loss: [0.1344331997845854]
2022-09-06 05:39:24.377 | INFO     | tools.trainer:train_loop:126 - Epoch: [70/ 150] | Train loss: [0.1314867427317839]
2022-09-06 05:47:23.113 | INFO     | tools.trainer:train_loop:126 - Epoch: [71/ 150] | Train loss: [0.12473582633768171]
2022-09-06 05:55:21.953 | INFO     | tools.trainer:train_loop:126 - Epoch: [72/ 150] | Train loss: [0.12308387270361457]
2022-09-06 06:03:21.439 | INFO     | tools.trainer:train_loop:126 - Epoch: [73/ 150] | Train loss: [0.1309600530764071]
2022-09-06 06:11:21.440 | INFO     | tools.trainer:train_loop:126 - Epoch: [74/ 150] | Train loss: [0.12710775078294126]
2022-09-06 06:19:20.809 | INFO     | tools.trainer:train_loop:126 - Epoch: [75/ 150] | Train loss: [0.12758245379140312]
2022-09-06 06:27:20.098 | INFO     | tools.trainer:train_loop:126 - Epoch: [76/ 150] | Train loss: [0.12336563443521598]
2022-09-06 06:35:19.151 | INFO     | tools.trainer:train_loop:126 - Epoch: [77/ 150] | Train loss: [0.12279491792333887]
2022-09-06 06:43:18.061 | INFO     | tools.trainer:train_loop:126 - Epoch: [78/ 150] | Train loss: [0.12410722264176444]
2022-09-06 06:51:16.837 | INFO     | tools.trainer:train_loop:126 - Epoch: [79/ 150] | Train loss: [0.11813530005446683]
2022-09-06 06:59:15.806 | INFO     | tools.trainer:train_loop:126 - Epoch: [80/ 150] | Train loss: [0.11662161777696167]
2022-09-06 07:07:16.960 | INFO     | tools.trainer:train_loop:126 - Epoch: [81/ 150] | Train loss: [0.11516581308153262]
2022-09-06 07:15:15.400 | INFO     | tools.trainer:train_loop:126 - Epoch: [82/ 150] | Train loss: [0.11536257770648481]
2022-09-06 07:23:16.310 | INFO     | tools.trainer:train_loop:126 - Epoch: [83/ 150] | Train loss: [0.11845917794796834]
2022-09-06 07:31:17.666 | INFO     | tools.trainer:train_loop:126 - Epoch: [84/ 150] | Train loss: [0.11288769720943141]
2022-09-06 07:39:17.883 | INFO     | tools.trainer:train_loop:126 - Epoch: [85/ 150] | Train loss: [0.11145603219698265]
2022-09-06 07:47:18.028 | INFO     | tools.trainer:train_loop:126 - Epoch: [86/ 150] | Train loss: [0.10976109806572774]
2022-09-06 07:55:17.539 | INFO     | tools.trainer:train_loop:126 - Epoch: [87/ 150] | Train loss: [0.10813715673507528]
2022-09-06 08:03:17.365 | INFO     | tools.trainer:train_loop:126 - Epoch: [88/ 150] | Train loss: [0.10099605064397525]
2022-09-06 08:11:16.180 | INFO     | tools.trainer:train_loop:126 - Epoch: [89/ 150] | Train loss: [0.1010577736428081]
2022-09-06 08:19:15.676 | INFO     | tools.trainer:train_loop:126 - Epoch: [90/ 150] | Train loss: [0.10792382741998031]
2022-09-06 08:27:15.110 | INFO     | tools.trainer:train_loop:126 - Epoch: [91/ 150] | Train loss: [0.10493207163542599]
2022-09-06 08:35:15.979 | INFO     | tools.trainer:train_loop:126 - Epoch: [92/ 150] | Train loss: [0.10462373062560623]
2022-09-06 08:43:14.673 | INFO     | tools.trainer:train_loop:126 - Epoch: [93/ 150] | Train loss: [0.10403097977459794]
2022-09-06 08:51:14.624 | INFO     | tools.trainer:train_loop:126 - Epoch: [94/ 150] | Train loss: [0.09807724519816757]
2022-09-06 08:59:13.943 | INFO     | tools.trainer:train_loop:126 - Epoch: [95/ 150] | Train loss: [0.09955994721988957]
2022-09-06 09:07:15.249 | INFO     | tools.trainer:train_loop:126 - Epoch: [96/ 150] | Train loss: [0.09598533599142064]
2022-09-06 09:15:13.973 | INFO     | tools.trainer:train_loop:126 - Epoch: [97/ 150] | Train loss: [0.09712711676932577]
2022-09-06 09:23:13.390 | INFO     | tools.trainer:train_loop:126 - Epoch: [98/ 150] | Train loss: [0.10002839398261805]
2022-09-06 09:31:15.397 | INFO     | tools.trainer:train_loop:126 - Epoch: [99/ 150] | Train loss: [0.0921609130062412]
2022-09-06 09:39:16.833 | INFO     | tools.trainer:train_loop:126 - Epoch: [100/ 150] | Train loss: [0.0938580227070304]
2022-09-06 09:47:19.128 | INFO     | tools.trainer:train_loop:126 - Epoch: [101/ 150] | Train loss: [0.09514336670128952]
2022-09-06 09:55:20.961 | INFO     | tools.trainer:train_loop:126 - Epoch: [102/ 150] | Train loss: [0.09303099046656607]
2022-09-06 10:03:23.871 | INFO     | tools.trainer:train_loop:126 - Epoch: [103/ 150] | Train loss: [0.08897461173744549]
2022-09-06 10:11:25.051 | INFO     | tools.trainer:train_loop:126 - Epoch: [104/ 150] | Train loss: [0.08517723728684669]
2022-09-06 10:19:26.022 | INFO     | tools.trainer:train_loop:126 - Epoch: [105/ 150] | Train loss: [0.08675537357463482]
2022-09-06 10:27:26.456 | INFO     | tools.trainer:train_loop:126 - Epoch: [106/ 150] | Train loss: [0.0850765884579315]
2022-09-06 10:35:27.218 | INFO     | tools.trainer:train_loop:126 - Epoch: [107/ 150] | Train loss: [0.08547199774522188]
2022-09-06 10:43:30.310 | INFO     | tools.trainer:train_loop:126 - Epoch: [108/ 150] | Train loss: [0.08457258102515186]
2022-09-06 10:51:30.567 | INFO     | tools.trainer:train_loop:126 - Epoch: [109/ 150] | Train loss: [0.08378905099236313]
2022-09-06 10:59:32.690 | INFO     | tools.trainer:train_loop:126 - Epoch: [110/ 150] | Train loss: [0.08623008082385845]
2022-09-06 11:07:34.249 | INFO     | tools.trainer:train_loop:126 - Epoch: [111/ 150] | Train loss: [0.08407818528860354]
2022-09-06 11:15:35.748 | INFO     | tools.trainer:train_loop:126 - Epoch: [112/ 150] | Train loss: [0.08232520899443822]
2022-09-06 11:23:39.368 | INFO     | tools.trainer:train_loop:126 - Epoch: [113/ 150] | Train loss: [0.08030649487461362]
2022-09-06 11:31:41.530 | INFO     | tools.trainer:train_loop:126 - Epoch: [114/ 150] | Train loss: [0.07925572401439165]
2022-09-06 11:39:44.011 | INFO     | tools.trainer:train_loop:126 - Epoch: [115/ 150] | Train loss: [0.07875468594936433]
2022-09-06 11:47:46.608 | INFO     | tools.trainer:train_loop:126 - Epoch: [116/ 150] | Train loss: [0.08107807583495476]
2022-09-06 11:55:47.655 | INFO     | tools.trainer:train_loop:126 - Epoch: [117/ 150] | Train loss: [0.08003236212991291]
2022-09-06 12:03:49.814 | INFO     | tools.trainer:train_loop:126 - Epoch: [118/ 150] | Train loss: [0.07771404789573878]
2022-09-06 12:11:51.984 | INFO     | tools.trainer:train_loop:126 - Epoch: [119/ 150] | Train loss: [0.07768169594051084]
2022-09-06 12:19:56.122 | INFO     | tools.trainer:train_loop:126 - Epoch: [120/ 150] | Train loss: [0.0795227305335205]
2022-09-06 12:27:56.409 | INFO     | tools.trainer:train_loop:126 - Epoch: [121/ 150] | Train loss: [0.07462212584323977]
2022-09-06 12:35:56.431 | INFO     | tools.trainer:train_loop:126 - Epoch: [122/ 150] | Train loss: [0.07292599336309273]
2022-09-06 12:43:56.814 | INFO     | tools.trainer:train_loop:126 - Epoch: [123/ 150] | Train loss: [0.07336352566274104]
2022-09-06 12:52:01.666 | INFO     | tools.trainer:train_loop:126 - Epoch: [124/ 150] | Train loss: [0.07049200338478509]
2022-09-06 13:00:03.609 | INFO     | tools.trainer:train_loop:126 - Epoch: [125/ 150] | Train loss: [0.07376478673001371]
2022-09-06 13:08:04.443 | INFO     | tools.trainer:train_loop:126 - Epoch: [126/ 150] | Train loss: [0.06925895081487651]
2022-09-06 13:16:05.019 | INFO     | tools.trainer:train_loop:126 - Epoch: [127/ 150] | Train loss: [0.07160766058711839]
2022-09-06 13:24:05.375 | INFO     | tools.trainer:train_loop:126 - Epoch: [128/ 150] | Train loss: [0.06880900775022963]
2022-09-06 13:32:07.748 | INFO     | tools.trainer:train_loop:126 - Epoch: [129/ 150] | Train loss: [0.06919301211788662]
2022-09-06 13:40:09.093 | INFO     | tools.trainer:train_loop:126 - Epoch: [130/ 150] | Train loss: [0.0672426576355308]
2022-09-06 13:48:11.201 | INFO     | tools.trainer:train_loop:126 - Epoch: [131/ 150] | Train loss: [0.06823481493671976]
2022-09-06 13:56:14.068 | INFO     | tools.trainer:train_loop:126 - Epoch: [132/ 150] | Train loss: [0.065346125320823]
2022-09-06 14:04:14.500 | INFO     | tools.trainer:train_loop:126 - Epoch: [133/ 150] | Train loss: [0.06948136053073552]
2022-09-06 14:12:16.338 | INFO     | tools.trainer:train_loop:126 - Epoch: [134/ 150] | Train loss: [0.06763996705865788]
2022-09-06 14:20:21.521 | INFO     | tools.trainer:train_loop:126 - Epoch: [135/ 150] | Train loss: [0.06767682638868554]
2022-09-06 14:28:22.531 | INFO     | tools.trainer:train_loop:126 - Epoch: [136/ 150] | Train loss: [0.0681026284229067]
2022-09-06 14:36:22.897 | INFO     | tools.trainer:train_loop:126 - Epoch: [137/ 150] | Train loss: [0.06545936196793357]
2022-09-06 14:44:25.343 | INFO     | tools.trainer:train_loop:126 - Epoch: [138/ 150] | Train loss: [0.06486417576217723]
2022-09-06 14:52:26.651 | INFO     | tools.trainer:train_loop:126 - Epoch: [139/ 150] | Train loss: [0.0646446493474093]
2022-09-06 15:00:29.733 | INFO     | tools.trainer:train_loop:126 - Epoch: [140/ 150] | Train loss: [0.06470366248062678]
2022-09-06 15:08:33.773 | INFO     | tools.trainer:train_loop:126 - Epoch: [141/ 150] | Train loss: [0.06462945594341922]
2022-09-06 15:16:35.361 | INFO     | tools.trainer:train_loop:126 - Epoch: [142/ 150] | Train loss: [0.060641792220683444]
2022-09-06 15:24:38.859 | INFO     | tools.trainer:train_loop:126 - Epoch: [143/ 150] | Train loss: [0.06391385074217994]
2022-09-06 15:32:44.919 | INFO     | tools.trainer:train_loop:126 - Epoch: [144/ 150] | Train loss: [0.06338130885955955]
2022-09-06 15:40:47.331 | INFO     | tools.trainer:train_loop:126 - Epoch: [145/ 150] | Train loss: [0.062396257419399574]
2022-09-06 15:48:54.307 | INFO     | tools.trainer:train_loop:126 - Epoch: [146/ 150] | Train loss: [0.062025734741455875]
2022-09-06 15:56:59.786 | INFO     | tools.trainer:train_loop:126 - Epoch: [147/ 150] | Train loss: [0.06418002765954084]
2022-09-06 16:05:02.687 | INFO     | tools.trainer:train_loop:126 - Epoch: [148/ 150] | Train loss: [0.06057651930893446]
2022-09-06 16:13:08.976 | INFO     | tools.trainer:train_loop:126 - Epoch: [149/ 150] | Train loss: [0.061752938583357356]
2022-09-06 16:21:10.272 | INFO     | tools.trainer:train_loop:126 - Epoch: [150/ 150] | Train loss: [0.06266952805945758]
2022-09-06 16:21:10.695 | INFO     | tools.trainer:train_loop:138 - [Saving Snapshot:]/home/s/hungpv/polyps/checkpoints/neo_large_v7/MiT-B3-FaPNHead_150.pth
2022-09-06 16:21:10.695 | INFO     | tools.trainer:train_loop:147 - Training cost: 72074.91561220773seconds
