2022-09-06 22:38:51.920 | INFO     | __main__:main:57 - Load config from configs/neo_large.yaml
2022-09-06 22:38:51.920 | INFO     | __main__:main:58 - {'dataset': {'data_path': '/home/s/WLIv5_pub_noud', 'train_data_path': ['/home/s/WLIv5_pub_noud/Test'], 'test_data_path': ['/home/s/WLIv5_pub_noud/Test'], 'val_data_path': ['/home/s/WLIv5_pub_noud/Test']}, 'model': {'num_classes': 3, 'save_dir': '/home/s/hungpv/polyps/checkpoints/neo_large_v6', 'backbone': 'MiT-B3', 'head': 'FaPNHead', 'pretrained': '/home/s/hungpv/polyps/pretrained_models/mit_b3.pth'}, 'optimizer': {'name': 'adam', 'lr': 2e-05, 'clip': 0.5, 'scheduler': 'cosine_warmup', 'loss': 'multi_structure_loss'}, 'dev': 'cuda', 'train': {'start_from': 0, 'save_from': 9, 'num_epochs': 10, 'num_warmup_epoch': 2, 'is_val': True, 'size_rates': [0.75, 1, 1.25], 'dataloader': {'batchsize': 16, 'img_size': 384, 'shuffle': True, 'num_workers': 4, 'pin_memory': True, 'drop_last': True}, 'amp': False, 'ddp': False, 'augment': {'prob': 1, 'Flip_prob': 0.5, 'HueSaturationValue_prob': 0.5, 'RandomBrightnessContrast_prob': 0.5, 'crop_prob': 0.0, 'randomrotate90_prob': 0.5, 'elastictransform_prob': 0.0, 'ColorJitter_prob': 0.5}}, 'val': {'dataloader': {'batchsize': 8, 'img_size': 384, 'shuffle': True, 'num_workers': 4, 'pin_memory': True, 'drop_last': False}}, 'test': {'dev': 'cuda', 'visualize': True, 'visualize_dir': '/home/s/hungpv/polyps/neo_visualize', 'vis_x': 180, 'vis_overwrite': False, 'checkpoint_dir': '/home/s/hungpv/polyps/checkpoints/neo_large_v7/MiT-B3-FaPNHead_150.pth', 'dataloader': {'batchsize': 1, 'img_size': 384, 'shuffle': True, 'num_workers': 4, 'pin_memory': True, 'drop_last': False}, 'augment': {'prob': 1, 'Flip_prob': 0, 'HueSaturationValue_prob': 0, 'RandomBrightnessContrast_prob': 0, 'crop_prob': 0, 'randomrotate90_prob': 0, 'elastictransform_prob': 0, 'gridistortion_prob': 0, 'opticaldistortion_prob': 0, 'verticalflip_prob': 0, 'horizontalflip_prob': 0, 'randomgamma_prob': 0, 'CoarseDropout_prob': 0, 'RGBShift_prob': 0, 'MotionBlur_prob': 0, 'MedianBlur_prob': 0, 'GaussianBlur_prob': 0, 'GaussNoise_prob': 0, 'ChannelShuffle_prob': 0}}}
2022-09-06 22:38:51.921 | INFO     | __main__:main:59 - Getting datapath
2022-09-06 22:38:51.927 | INFO     | __main__:main:74 - There are 1353 images to train
2022-09-06 22:38:51.934 | INFO     | __main__:main:91 - There are 1353 images to val
2022-09-06 22:38:51.934 | INFO     | __main__:main:95 - Loading data
2022-09-06 22:38:52.141 | INFO     | __main__:main:109 - 84 batches to train
2022-09-06 22:38:52.342 | INFO     | __main__:main:122 - Loading model
2022-09-06 22:38:52.342 | INFO     | __main__:main:143 - Loading checkpoint from /home/s/hungpv/polyps/pretrained_models/mit_b3.pth ...
2022-09-06 22:38:55.635 | INFO     | __main__:main:190 - Training with FP32 ...
2022-09-06 22:41:30.786 | INFO     | tools.trainer:val_loop:204 - Valid | Epoch [000/000], with lr = 2.5e-06, Step [0169],                    [val_loss: 0.1522]
2022-09-06 22:41:30.904 | INFO     | aux.metrics.metrics:show:228 - Evaluate polyp
2022-09-06 22:41:30.905 | INFO     | aux.metrics.metrics:show:229 - Macro scores: Dice: 0.925 | IOU: 0.865
2022-09-06 22:41:30.905 | INFO     | aux.metrics.metrics:show:233 - Micro scores: Dice: 0.926 | IOU: 0.862
2022-09-06 22:41:30.905 | INFO     | aux.metrics.metrics:show:228 - Evaluate neo
2022-09-06 22:41:30.905 | INFO     | aux.metrics.metrics:show:229 - Macro scores: Dice: 0.868 | IOU: 0.788
2022-09-06 22:41:30.905 | INFO     | aux.metrics.metrics:show:233 - Micro scores: Dice: 0.902 | IOU: 0.821
2022-09-06 22:41:30.906 | INFO     | aux.metrics.metrics:show:228 - Evaluate non
2022-09-06 22:41:30.906 | INFO     | aux.metrics.metrics:show:229 - Macro scores: Dice: 0.721 | IOU: 0.599
2022-09-06 22:41:30.906 | INFO     | aux.metrics.metrics:show:233 - Micro scores: Dice: 0.734 | IOU: 0.579
2022-09-06 22:41:31.359 | INFO     | tools.trainer:train_loop:115 - [Saving Snapshot:]/home/s/hungpv/polyps/checkpoints/neo_large_v6/MiT-B3-FaPNHead_best.pth
2022-09-06 22:44:05.856 | INFO     | tools.trainer:val_loop:204 - Valid | Epoch [001/001], with lr = 2.5e-06, Step [0169],                    [val_loss: 0.1838]
2022-09-06 22:44:05.967 | INFO     | aux.metrics.metrics:show:228 - Evaluate polyp
2022-09-06 22:44:05.968 | INFO     | aux.metrics.metrics:show:229 - Macro scores: Dice: 0.925 | IOU: 0.865
2022-09-06 22:44:05.968 | INFO     | aux.metrics.metrics:show:233 - Micro scores: Dice: 0.927 | IOU: 0.864
2022-09-06 22:44:05.968 | INFO     | aux.metrics.metrics:show:228 - Evaluate neo
2022-09-06 22:44:05.968 | INFO     | aux.metrics.metrics:show:229 - Macro scores: Dice: 0.873 | IOU: 0.796
2022-09-06 22:44:05.969 | INFO     | aux.metrics.metrics:show:233 - Micro scores: Dice: 0.905 | IOU: 0.826
2022-09-06 22:44:05.969 | INFO     | aux.metrics.metrics:show:228 - Evaluate non
2022-09-06 22:44:05.969 | INFO     | aux.metrics.metrics:show:229 - Macro scores: Dice: 0.712 | IOU: 0.590
2022-09-06 22:44:05.969 | INFO     | aux.metrics.metrics:show:233 - Micro scores: Dice: 0.742 | IOU: 0.590
2022-09-06 22:44:06.425 | INFO     | tools.trainer:train_loop:115 - [Saving Snapshot:]/home/s/hungpv/polyps/checkpoints/neo_large_v6/MiT-B3-FaPNHead_best.pth
2022-09-06 22:46:40.979 | INFO     | tools.trainer:val_loop:204 - Valid | Epoch [002/002], with lr = 1.125e-05, Step [0169],                    [val_loss: 0.1968]
2022-09-06 22:46:41.075 | INFO     | aux.metrics.metrics:show:228 - Evaluate polyp
2022-09-06 22:46:41.076 | INFO     | aux.metrics.metrics:show:229 - Macro scores: Dice: 0.927 | IOU: 0.869
2022-09-06 22:46:41.076 | INFO     | aux.metrics.metrics:show:233 - Micro scores: Dice: 0.929 | IOU: 0.867
2022-09-06 22:46:41.077 | INFO     | aux.metrics.metrics:show:228 - Evaluate neo
2022-09-06 22:46:41.077 | INFO     | aux.metrics.metrics:show:229 - Macro scores: Dice: 0.874 | IOU: 0.801
2022-09-06 22:46:41.077 | INFO     | aux.metrics.metrics:show:233 - Micro scores: Dice: 0.910 | IOU: 0.835
2022-09-06 22:46:41.077 | INFO     | aux.metrics.metrics:show:228 - Evaluate non
2022-09-06 22:46:41.078 | INFO     | aux.metrics.metrics:show:229 - Macro scores: Dice: 0.740 | IOU: 0.621
2022-09-06 22:46:41.078 | INFO     | aux.metrics.metrics:show:233 - Micro scores: Dice: 0.770 | IOU: 0.626
2022-09-06 22:46:41.543 | INFO     | tools.trainer:train_loop:115 - [Saving Snapshot:]/home/s/hungpv/polyps/checkpoints/neo_large_v6/MiT-B3-FaPNHead_best.pth
2022-09-06 22:49:16.062 | INFO     | tools.trainer:val_loop:204 - Valid | Epoch [003/003], with lr = 2e-05, Step [0169],                    [val_loss: 0.1885]
2022-09-06 22:49:16.166 | INFO     | aux.metrics.metrics:show:228 - Evaluate polyp
2022-09-06 22:49:16.166 | INFO     | aux.metrics.metrics:show:229 - Macro scores: Dice: 0.932 | IOU: 0.877
2022-09-06 22:49:16.166 | INFO     | aux.metrics.metrics:show:233 - Micro scores: Dice: 0.932 | IOU: 0.872
2022-09-06 22:49:16.167 | INFO     | aux.metrics.metrics:show:228 - Evaluate neo
2022-09-06 22:49:16.167 | INFO     | aux.metrics.metrics:show:229 - Macro scores: Dice: 0.879 | IOU: 0.812
2022-09-06 22:49:16.167 | INFO     | aux.metrics.metrics:show:233 - Micro scores: Dice: 0.914 | IOU: 0.841
2022-09-06 22:49:16.167 | INFO     | aux.metrics.metrics:show:228 - Evaluate non
2022-09-06 22:49:16.167 | INFO     | aux.metrics.metrics:show:229 - Macro scores: Dice: 0.756 | IOU: 0.641
2022-09-06 22:49:16.168 | INFO     | aux.metrics.metrics:show:233 - Micro scores: Dice: 0.772 | IOU: 0.628
2022-09-06 22:49:16.622 | INFO     | tools.trainer:train_loop:115 - [Saving Snapshot:]/home/s/hungpv/polyps/checkpoints/neo_large_v6/MiT-B3-FaPNHead_best.pth
2022-09-06 22:51:51.702 | INFO     | tools.trainer:val_loop:204 - Valid | Epoch [004/004], with lr = 2e-05, Step [0169],                    [val_loss: 0.1703]
2022-09-06 22:51:51.817 | INFO     | aux.metrics.metrics:show:228 - Evaluate polyp
2022-09-06 22:51:51.818 | INFO     | aux.metrics.metrics:show:229 - Macro scores: Dice: 0.932 | IOU: 0.876
2022-09-06 22:51:51.818 | INFO     | aux.metrics.metrics:show:233 - Micro scores: Dice: 0.933 | IOU: 0.875
2022-09-06 22:51:51.818 | INFO     | aux.metrics.metrics:show:228 - Evaluate neo
2022-09-06 22:51:51.818 | INFO     | aux.metrics.metrics:show:229 - Macro scores: Dice: 0.893 | IOU: 0.826
2022-09-06 22:51:51.819 | INFO     | aux.metrics.metrics:show:233 - Micro scores: Dice: 0.918 | IOU: 0.849
2022-09-06 22:51:51.819 | INFO     | aux.metrics.metrics:show:228 - Evaluate non
2022-09-06 22:51:51.819 | INFO     | aux.metrics.metrics:show:229 - Macro scores: Dice: 0.759 | IOU: 0.641
2022-09-06 22:51:51.819 | INFO     | aux.metrics.metrics:show:233 - Micro scores: Dice: 0.781 | IOU: 0.640
2022-09-06 22:51:52.279 | INFO     | tools.trainer:train_loop:115 - [Saving Snapshot:]/home/s/hungpv/polyps/checkpoints/neo_large_v6/MiT-B3-FaPNHead_best.pth
2022-09-06 22:54:27.164 | INFO     | tools.trainer:val_loop:204 - Valid | Epoch [005/005], with lr = 1.8090169943749477e-05, Step [0169],                    [val_loss: 0.1458]
2022-09-06 22:54:27.262 | INFO     | aux.metrics.metrics:show:228 - Evaluate polyp
2022-09-06 22:54:27.262 | INFO     | aux.metrics.metrics:show:229 - Macro scores: Dice: 0.933 | IOU: 0.877
2022-09-06 22:54:27.262 | INFO     | aux.metrics.metrics:show:233 - Micro scores: Dice: 0.934 | IOU: 0.876
2022-09-06 22:54:27.262 | INFO     | aux.metrics.metrics:show:228 - Evaluate neo
2022-09-06 22:54:27.263 | INFO     | aux.metrics.metrics:show:229 - Macro scores: Dice: 0.892 | IOU: 0.826
2022-09-06 22:54:27.263 | INFO     | aux.metrics.metrics:show:233 - Micro scores: Dice: 0.918 | IOU: 0.849
2022-09-06 22:54:27.263 | INFO     | aux.metrics.metrics:show:228 - Evaluate non
2022-09-06 22:54:27.263 | INFO     | aux.metrics.metrics:show:229 - Macro scores: Dice: 0.763 | IOU: 0.652
2022-09-06 22:54:27.263 | INFO     | aux.metrics.metrics:show:233 - Micro scores: Dice: 0.786 | IOU: 0.647
2022-09-06 22:54:27.725 | INFO     | tools.trainer:train_loop:115 - [Saving Snapshot:]/home/s/hungpv/polyps/checkpoints/neo_large_v6/MiT-B3-FaPNHead_best.pth
2022-09-06 22:57:02.850 | INFO     | tools.trainer:val_loop:204 - Valid | Epoch [006/006], with lr = 1.5877852522924733e-05, Step [0169],                    [val_loss: 0.1512]
2022-09-06 22:57:02.960 | INFO     | aux.metrics.metrics:show:228 - Evaluate polyp
2022-09-06 22:57:02.960 | INFO     | aux.metrics.metrics:show:229 - Macro scores: Dice: 0.934 | IOU: 0.881
2022-09-06 22:57:02.960 | INFO     | aux.metrics.metrics:show:233 - Micro scores: Dice: 0.935 | IOU: 0.878
2022-09-06 22:57:02.961 | INFO     | aux.metrics.metrics:show:228 - Evaluate neo
2022-09-06 22:57:02.961 | INFO     | aux.metrics.metrics:show:229 - Macro scores: Dice: 0.889 | IOU: 0.819
2022-09-06 22:57:02.961 | INFO     | aux.metrics.metrics:show:233 - Micro scores: Dice: 0.914 | IOU: 0.842
2022-09-06 22:57:02.961 | INFO     | aux.metrics.metrics:show:228 - Evaluate non
2022-09-06 22:57:02.961 | INFO     | aux.metrics.metrics:show:229 - Macro scores: Dice: 0.747 | IOU: 0.629
2022-09-06 22:57:02.961 | INFO     | aux.metrics.metrics:show:233 - Micro scores: Dice: 0.775 | IOU: 0.633
2022-09-06 22:59:38.036 | INFO     | tools.trainer:val_loop:204 - Valid | Epoch [007/007], with lr = 1.3090169943749475e-05, Step [0169],                    [val_loss: 0.1294]
2022-09-06 22:59:38.145 | INFO     | aux.metrics.metrics:show:228 - Evaluate polyp
2022-09-06 22:59:38.145 | INFO     | aux.metrics.metrics:show:229 - Macro scores: Dice: 0.933 | IOU: 0.878
2022-09-06 22:59:38.146 | INFO     | aux.metrics.metrics:show:233 - Micro scores: Dice: 0.935 | IOU: 0.878
2022-09-06 22:59:38.146 | INFO     | aux.metrics.metrics:show:228 - Evaluate neo
2022-09-06 22:59:38.146 | INFO     | aux.metrics.metrics:show:229 - Macro scores: Dice: 0.895 | IOU: 0.828
2022-09-06 22:59:38.146 | INFO     | aux.metrics.metrics:show:233 - Micro scores: Dice: 0.920 | IOU: 0.853
2022-09-06 22:59:38.146 | INFO     | aux.metrics.metrics:show:228 - Evaluate non
2022-09-06 22:59:38.146 | INFO     | aux.metrics.metrics:show:229 - Macro scores: Dice: 0.757 | IOU: 0.642
2022-09-06 22:59:38.147 | INFO     | aux.metrics.metrics:show:233 - Micro scores: Dice: 0.786 | IOU: 0.647
2022-09-06 22:59:38.601 | INFO     | tools.trainer:train_loop:115 - [Saving Snapshot:]/home/s/hungpv/polyps/checkpoints/neo_large_v6/MiT-B3-FaPNHead_best.pth
2022-09-06 23:02:12.959 | INFO     | tools.trainer:val_loop:204 - Valid | Epoch [008/008], with lr = 1e-05, Step [0169],                    [val_loss: 0.1451]
2022-09-06 23:02:13.062 | INFO     | aux.metrics.metrics:show:228 - Evaluate polyp
2022-09-06 23:02:13.062 | INFO     | aux.metrics.metrics:show:229 - Macro scores: Dice: 0.936 | IOU: 0.883
2022-09-06 23:02:13.063 | INFO     | aux.metrics.metrics:show:233 - Micro scores: Dice: 0.936 | IOU: 0.879
2022-09-06 23:02:13.063 | INFO     | aux.metrics.metrics:show:228 - Evaluate neo
2022-09-06 23:02:13.063 | INFO     | aux.metrics.metrics:show:229 - Macro scores: Dice: 0.908 | IOU: 0.842
2022-09-06 23:02:13.063 | INFO     | aux.metrics.metrics:show:233 - Micro scores: Dice: 0.920 | IOU: 0.852
2022-09-06 23:02:13.063 | INFO     | aux.metrics.metrics:show:228 - Evaluate non
2022-09-06 23:02:13.063 | INFO     | aux.metrics.metrics:show:229 - Macro scores: Dice: 0.771 | IOU: 0.657
2022-09-06 23:02:13.064 | INFO     | aux.metrics.metrics:show:233 - Micro scores: Dice: 0.786 | IOU: 0.647
2022-09-06 23:04:48.790 | INFO     | tools.trainer:val_loop:204 - Valid | Epoch [009/009], with lr = 6.909830056250527e-06, Step [0169],                    [val_loss: 0.1839]
2022-09-06 23:04:48.894 | INFO     | aux.metrics.metrics:show:228 - Evaluate polyp
2022-09-06 23:04:48.894 | INFO     | aux.metrics.metrics:show:229 - Macro scores: Dice: 0.936 | IOU: 0.883
2022-09-06 23:04:48.894 | INFO     | aux.metrics.metrics:show:233 - Micro scores: Dice: 0.936 | IOU: 0.879
2022-09-06 23:04:48.895 | INFO     | aux.metrics.metrics:show:228 - Evaluate neo
2022-09-06 23:04:48.895 | INFO     | aux.metrics.metrics:show:229 - Macro scores: Dice: 0.900 | IOU: 0.835
2022-09-06 23:04:48.895 | INFO     | aux.metrics.metrics:show:233 - Micro scores: Dice: 0.919 | IOU: 0.850
2022-09-06 23:04:48.895 | INFO     | aux.metrics.metrics:show:228 - Evaluate non
2022-09-06 23:04:48.895 | INFO     | aux.metrics.metrics:show:229 - Macro scores: Dice: 0.762 | IOU: 0.648
2022-09-06 23:04:48.895 | INFO     | aux.metrics.metrics:show:233 - Micro scores: Dice: 0.786 | IOU: 0.647
2022-09-06 23:04:49.310 | INFO     | tools.trainer:train_loop:138 - [Saving Snapshot:]/home/s/hungpv/polyps/checkpoints/neo_large_v6/MiT-B3-FaPNHead_10.pth
2022-09-06 23:04:49.310 | INFO     | tools.trainer:train_loop:147 - Training cost: 1552.7296947538853seconds
