2022-09-07 01:50:53.031 | INFO     | __main__:main:57 - Load config from configs/neo_large.yaml
2022-09-07 01:50:53.032 | INFO     | __main__:main:58 - {'dataset': {'data_path': '/home/s/WLIv5_pub_noud', 'train_data_path': ['/home/s/WLIv5_pub_noud/Train'], 'test_data_path': ['/home/s/WLIv5_pub_noud/Test'], 'val_data_path': ['/home/s/WLIv5_pub_noud/Test']}, 'model': {'num_classes': 3, 'save_dir': '/home/s/hungpv/polyps/checkpoints/neo_large_v9', 'backbone': 'MiT-B3', 'head': 'FaPNHead', 'pretrained': '/home/s/hungpv/polyps/pretrained_models/mit_b3.pth'}, 'optimizer': {'name': 'adam', 'lr': 2.3e-05, 'clip': 0.5, 'scheduler': 'cosine_warmup', 'loss': 'multi_structure_loss'}, 'dev': 'cuda', 'train': {'start_from': 0, 'save_from': 199, 'num_epochs': 200, 'num_warmup_epoch': 8, 'is_val': False, 'size_rates': [0.75, 1, 1.25], 'dataloader': {'batchsize': 16, 'img_size': 384, 'shuffle': True, 'num_workers': 4, 'pin_memory': True, 'drop_last': True}, 'amp': False, 'ddp': False, 'augment': {'prob': 1, 'Flip_prob': 0.5, 'HueSaturationValue_prob': 0.5, 'RandomBrightnessContrast_prob': 0.5, 'crop_prob': 0.0, 'randomrotate90_prob': 0.5, 'elastictransform_prob': 0.0, 'ColorJitter_prob': 0.5}}, 'val': {'dataloader': {'batchsize': 8, 'img_size': 384, 'shuffle': True, 'num_workers': 4, 'pin_memory': True, 'drop_last': False}}, 'test': {'dev': 'cuda', 'visualize': True, 'visualize_dir': '/home/s/hungpv/polyps/neo_visualize', 'vis_x': 180, 'vis_overwrite': False, 'checkpoint_dir': '/home/s/hungpv/polyps/checkpoints/neo_large_v7/MiT-B3-FaPNHead_150.pth', 'dataloader': {'batchsize': 1, 'img_size': 384, 'shuffle': True, 'num_workers': 4, 'pin_memory': True, 'drop_last': False}, 'augment': {'prob': 1, 'Flip_prob': 0, 'HueSaturationValue_prob': 0, 'RandomBrightnessContrast_prob': 0, 'crop_prob': 0, 'randomrotate90_prob': 0, 'elastictransform_prob': 0, 'gridistortion_prob': 0, 'opticaldistortion_prob': 0, 'verticalflip_prob': 0, 'horizontalflip_prob': 0, 'randomgamma_prob': 0, 'CoarseDropout_prob': 0, 'RGBShift_prob': 0, 'MotionBlur_prob': 0, 'MedianBlur_prob': 0, 'GaussianBlur_prob': 0, 'GaussNoise_prob': 0, 'ChannelShuffle_prob': 0}}}
2022-09-07 01:50:53.032 | INFO     | __main__:main:59 - Getting datapath
2022-09-07 01:50:53.121 | INFO     | __main__:main:74 - There are 5277 images to train
2022-09-07 01:50:53.128 | INFO     | __main__:main:93 - Train model with no valid dataset
2022-09-07 01:50:53.128 | INFO     | __main__:main:95 - Loading data
2022-09-07 01:50:53.941 | INFO     | __main__:main:109 - 329 batches to train
2022-09-07 01:50:54.142 | INFO     | __main__:main:122 - Loading model
2022-09-07 01:50:54.142 | INFO     | __main__:main:143 - Loading checkpoint from /home/s/hungpv/polyps/pretrained_models/mit_b3.pth ...
2022-09-07 01:50:57.428 | INFO     | __main__:main:190 - Training with FP32 ...
2022-09-07 01:58:54.486 | INFO     | tools.trainer:train_loop:126 - Epoch: [1/ 200] | Train loss: [0.062039100930185304]
2022-09-07 02:06:54.039 | INFO     | tools.trainer:train_loop:126 - Epoch: [2/ 200] | Train loss: [0.06149632162711722]
2022-09-07 02:14:54.765 | INFO     | tools.trainer:train_loop:126 - Epoch: [3/ 200] | Train loss: [0.06213983605222318]
2022-09-07 02:22:54.720 | INFO     | tools.trainer:train_loop:126 - Epoch: [4/ 200] | Train loss: [0.06103383808603403]
2022-09-07 02:30:55.373 | INFO     | tools.trainer:train_loop:126 - Epoch: [5/ 200] | Train loss: [0.06238030678504868]
2022-09-07 02:38:55.072 | INFO     | tools.trainer:train_loop:126 - Epoch: [6/ 200] | Train loss: [0.06364143368049233]
2022-09-07 02:46:53.976 | INFO     | tools.trainer:train_loop:126 - Epoch: [7/ 200] | Train loss: [0.06094279378584634]
2022-09-07 02:54:54.173 | INFO     | tools.trainer:train_loop:126 - Epoch: [8/ 200] | Train loss: [0.06413271303053684]
2022-09-07 03:02:54.685 | INFO     | tools.trainer:train_loop:126 - Epoch: [9/ 200] | Train loss: [0.06714975853708197]
2022-09-07 03:10:53.906 | INFO     | tools.trainer:train_loop:126 - Epoch: [10/ 200] | Train loss: [0.07103664929041566]
2022-09-07 03:18:53.373 | INFO     | tools.trainer:train_loop:126 - Epoch: [11/ 200] | Train loss: [0.06625823494850865]
2022-09-07 03:26:53.208 | INFO     | tools.trainer:train_loop:126 - Epoch: [12/ 200] | Train loss: [0.06331768172784598]
2022-09-07 03:34:53.048 | INFO     | tools.trainer:train_loop:126 - Epoch: [13/ 200] | Train loss: [0.0639100381057132]
2022-09-07 03:42:55.897 | INFO     | tools.trainer:train_loop:126 - Epoch: [14/ 200] | Train loss: [0.06653725178091359]
2022-09-07 03:50:58.799 | INFO     | tools.trainer:train_loop:126 - Epoch: [15/ 200] | Train loss: [0.06291650170545267]
2022-09-07 03:58:58.025 | INFO     | tools.trainer:train_loop:126 - Epoch: [16/ 200] | Train loss: [0.06186813382731926]
2022-09-07 04:06:56.314 | INFO     | tools.trainer:train_loop:126 - Epoch: [17/ 200] | Train loss: [0.06354819650911814]
2022-09-07 04:14:55.172 | INFO     | tools.trainer:train_loop:126 - Epoch: [18/ 200] | Train loss: [0.06326000609273787]
2022-09-07 04:22:54.700 | INFO     | tools.trainer:train_loop:126 - Epoch: [19/ 200] | Train loss: [0.06382419150266061]
2022-09-07 04:30:53.875 | INFO     | tools.trainer:train_loop:126 - Epoch: [20/ 200] | Train loss: [0.060912454715932755]
2022-09-07 04:38:52.037 | INFO     | tools.trainer:train_loop:126 - Epoch: [21/ 200] | Train loss: [0.06441705568628471]
2022-09-07 04:46:50.975 | INFO     | tools.trainer:train_loop:126 - Epoch: [22/ 200] | Train loss: [0.062278438240606734]
2022-09-07 04:54:52.244 | INFO     | tools.trainer:train_loop:126 - Epoch: [23/ 200] | Train loss: [0.0629348849147377]
2022-09-07 05:02:50.968 | INFO     | tools.trainer:train_loop:126 - Epoch: [24/ 200] | Train loss: [0.060466471244227195]
2022-09-07 05:10:50.433 | INFO     | tools.trainer:train_loop:126 - Epoch: [25/ 200] | Train loss: [0.06136886593758335]
2022-09-07 05:18:51.159 | INFO     | tools.trainer:train_loop:126 - Epoch: [26/ 200] | Train loss: [0.06000539949758256]
2022-09-07 05:26:48.890 | INFO     | tools.trainer:train_loop:126 - Epoch: [27/ 200] | Train loss: [0.06351432277280328]
2022-09-07 05:34:47.381 | INFO     | tools.trainer:train_loop:126 - Epoch: [28/ 200] | Train loss: [0.06153387975479875]
2022-09-07 05:42:45.802 | INFO     | tools.trainer:train_loop:126 - Epoch: [29/ 200] | Train loss: [0.061898897529373054]
2022-09-07 05:50:46.070 | INFO     | tools.trainer:train_loop:126 - Epoch: [30/ 200] | Train loss: [0.05924693521644388]
2022-09-07 05:58:45.091 | INFO     | tools.trainer:train_loop:126 - Epoch: [31/ 200] | Train loss: [0.05940375619180115]
2022-09-07 06:06:42.944 | INFO     | tools.trainer:train_loop:126 - Epoch: [32/ 200] | Train loss: [0.05646810741206252]
2022-09-07 06:14:43.245 | INFO     | tools.trainer:train_loop:126 - Epoch: [33/ 200] | Train loss: [0.0581113363086815]
2022-09-07 06:22:41.815 | INFO     | tools.trainer:train_loop:126 - Epoch: [34/ 200] | Train loss: [0.05644107679057991]
2022-09-07 06:30:39.914 | INFO     | tools.trainer:train_loop:126 - Epoch: [35/ 200] | Train loss: [0.05860389242554508]
2022-09-07 06:38:39.947 | INFO     | tools.trainer:train_loop:126 - Epoch: [36/ 200] | Train loss: [0.05669629177514543]
2022-09-07 06:46:41.091 | INFO     | tools.trainer:train_loop:126 - Epoch: [37/ 200] | Train loss: [0.057588292710415136]
2022-09-07 06:54:43.146 | INFO     | tools.trainer:train_loop:126 - Epoch: [38/ 200] | Train loss: [0.05981942074299765]
2022-09-07 07:02:41.930 | INFO     | tools.trainer:train_loop:126 - Epoch: [39/ 200] | Train loss: [0.05884057177530777]
2022-09-07 07:10:41.318 | INFO     | tools.trainer:train_loop:126 - Epoch: [40/ 200] | Train loss: [0.057605926519242824]
2022-09-07 07:18:40.846 | INFO     | tools.trainer:train_loop:126 - Epoch: [41/ 200] | Train loss: [0.06100345016839294]
2022-09-07 07:26:39.936 | INFO     | tools.trainer:train_loop:126 - Epoch: [42/ 200] | Train loss: [0.0557143856519352]
2022-09-07 07:34:38.424 | INFO     | tools.trainer:train_loop:126 - Epoch: [43/ 200] | Train loss: [0.05927106583530598]
2022-09-07 07:42:38.664 | INFO     | tools.trainer:train_loop:126 - Epoch: [44/ 200] | Train loss: [0.05678909220435518]
2022-09-07 07:50:40.529 | INFO     | tools.trainer:train_loop:126 - Epoch: [45/ 200] | Train loss: [0.056255260946676364]
2022-09-07 07:58:40.218 | INFO     | tools.trainer:train_loop:126 - Epoch: [46/ 200] | Train loss: [0.057989307455605286]
2022-09-07 08:06:38.560 | INFO     | tools.trainer:train_loop:126 - Epoch: [47/ 200] | Train loss: [0.055985080146182635]
2022-09-07 08:14:38.848 | INFO     | tools.trainer:train_loop:126 - Epoch: [48/ 200] | Train loss: [0.05417868024513895]
2022-09-07 08:22:37.628 | INFO     | tools.trainer:train_loop:126 - Epoch: [49/ 200] | Train loss: [0.05245868743915326]
2022-09-07 08:30:39.887 | INFO     | tools.trainer:train_loop:126 - Epoch: [50/ 200] | Train loss: [0.05455008569232961]
2022-09-07 08:38:40.178 | INFO     | tools.trainer:train_loop:126 - Epoch: [51/ 200] | Train loss: [0.05414777973774356]
2022-09-07 08:46:43.717 | INFO     | tools.trainer:train_loop:126 - Epoch: [52/ 200] | Train loss: [0.05434866333352034]
2022-09-07 08:54:43.127 | INFO     | tools.trainer:train_loop:126 - Epoch: [53/ 200] | Train loss: [0.05268620627176435]
2022-09-07 09:02:42.165 | INFO     | tools.trainer:train_loop:126 - Epoch: [54/ 200] | Train loss: [0.05120949229752039]
2022-09-07 09:10:41.903 | INFO     | tools.trainer:train_loop:126 - Epoch: [55/ 200] | Train loss: [0.05189861781827222]
2022-09-07 09:18:42.027 | INFO     | tools.trainer:train_loop:126 - Epoch: [56/ 200] | Train loss: [0.05108083572272653]
2022-09-07 09:26:45.599 | INFO     | tools.trainer:train_loop:126 - Epoch: [57/ 200] | Train loss: [0.05291663144791561]
2022-09-07 09:34:49.076 | INFO     | tools.trainer:train_loop:126 - Epoch: [58/ 200] | Train loss: [0.05006847413409626]
2022-09-07 09:42:49.389 | INFO     | tools.trainer:train_loop:126 - Epoch: [59/ 200] | Train loss: [0.04967918853334924]
2022-09-07 09:50:51.285 | INFO     | tools.trainer:train_loop:126 - Epoch: [60/ 200] | Train loss: [0.05203490301762852]
2022-09-07 09:58:51.867 | INFO     | tools.trainer:train_loop:126 - Epoch: [61/ 200] | Train loss: [0.051867881076450045]
2022-09-07 10:06:50.945 | INFO     | tools.trainer:train_loop:126 - Epoch: [62/ 200] | Train loss: [0.04918290831510963]
2022-09-07 10:14:53.237 | INFO     | tools.trainer:train_loop:126 - Epoch: [63/ 200] | Train loss: [0.04873339417404679]
2022-09-07 10:22:52.647 | INFO     | tools.trainer:train_loop:126 - Epoch: [64/ 200] | Train loss: [0.04924941518680846]
2022-09-07 10:30:53.343 | INFO     | tools.trainer:train_loop:126 - Epoch: [65/ 200] | Train loss: [0.05130191021641337]
2022-09-07 10:38:53.683 | INFO     | tools.trainer:train_loop:126 - Epoch: [66/ 200] | Train loss: [0.05054310672438072]
2022-09-07 10:46:54.123 | INFO     | tools.trainer:train_loop:126 - Epoch: [67/ 200] | Train loss: [0.04903302616850221]
2022-09-07 10:54:54.917 | INFO     | tools.trainer:train_loop:126 - Epoch: [68/ 200] | Train loss: [0.04820210106761441]
2022-09-07 11:02:54.469 | INFO     | tools.trainer:train_loop:126 - Epoch: [69/ 200] | Train loss: [0.04768021708201493]
2022-09-07 11:10:55.881 | INFO     | tools.trainer:train_loop:126 - Epoch: [70/ 200] | Train loss: [0.04917278301004762]
2022-09-07 11:18:56.792 | INFO     | tools.trainer:train_loop:126 - Epoch: [71/ 200] | Train loss: [0.048297584294638735]
2022-09-07 11:26:57.115 | INFO     | tools.trainer:train_loop:126 - Epoch: [72/ 200] | Train loss: [0.04873484666926339]
2022-09-07 11:34:56.016 | INFO     | tools.trainer:train_loop:126 - Epoch: [73/ 200] | Train loss: [0.04841152398555475]
2022-09-07 11:42:58.230 | INFO     | tools.trainer:train_loop:126 - Epoch: [74/ 200] | Train loss: [0.048142002635043805]
2022-09-07 11:50:59.192 | INFO     | tools.trainer:train_loop:126 - Epoch: [75/ 200] | Train loss: [0.047433801527534215]
2022-09-07 11:58:57.497 | INFO     | tools.trainer:train_loop:126 - Epoch: [76/ 200] | Train loss: [0.047375526879333794]
2022-09-07 12:06:57.474 | INFO     | tools.trainer:train_loop:126 - Epoch: [77/ 200] | Train loss: [0.04865171812406789]
2022-09-07 12:14:58.271 | INFO     | tools.trainer:train_loop:126 - Epoch: [78/ 200] | Train loss: [0.04602215786699466]
2022-09-07 12:22:59.708 | INFO     | tools.trainer:train_loop:126 - Epoch: [79/ 200] | Train loss: [0.04766933240653171]
2022-09-07 12:31:00.718 | INFO     | tools.trainer:train_loop:126 - Epoch: [80/ 200] | Train loss: [0.047246375163637756]
2022-09-07 12:39:01.148 | INFO     | tools.trainer:train_loop:126 - Epoch: [81/ 200] | Train loss: [0.04593217152094406]
2022-09-07 12:47:04.025 | INFO     | tools.trainer:train_loop:126 - Epoch: [82/ 200] | Train loss: [0.045771416633370074]
2022-09-07 12:55:05.592 | INFO     | tools.trainer:train_loop:126 - Epoch: [83/ 200] | Train loss: [0.04659682100689701]
2022-09-07 13:03:06.134 | INFO     | tools.trainer:train_loop:126 - Epoch: [84/ 200] | Train loss: [0.048580273782047455]
2022-09-07 13:11:06.324 | INFO     | tools.trainer:train_loop:126 - Epoch: [85/ 200] | Train loss: [0.04625122489175536]
2022-09-07 13:19:10.747 | INFO     | tools.trainer:train_loop:126 - Epoch: [86/ 200] | Train loss: [0.04472298105459626]
2022-09-07 13:27:14.356 | INFO     | tools.trainer:train_loop:126 - Epoch: [87/ 200] | Train loss: [0.04310396946626956]
2022-09-07 13:35:13.377 | INFO     | tools.trainer:train_loop:126 - Epoch: [88/ 200] | Train loss: [0.043412447309738596]
2022-09-07 13:43:16.267 | INFO     | tools.trainer:train_loop:126 - Epoch: [89/ 200] | Train loss: [0.04527568094726754]
2022-09-07 13:51:16.098 | INFO     | tools.trainer:train_loop:126 - Epoch: [90/ 200] | Train loss: [0.04431805024801054]
2022-09-07 13:59:18.718 | INFO     | tools.trainer:train_loop:126 - Epoch: [91/ 200] | Train loss: [0.04472108404958864]
2022-09-07 14:07:17.862 | INFO     | tools.trainer:train_loop:126 - Epoch: [92/ 200] | Train loss: [0.043542093560552525]
2022-09-07 14:15:16.887 | INFO     | tools.trainer:train_loop:126 - Epoch: [93/ 200] | Train loss: [0.043242442498045854]
2022-09-07 14:23:17.801 | INFO     | tools.trainer:train_loop:126 - Epoch: [94/ 200] | Train loss: [0.043984941226687835]
2022-09-07 14:31:17.316 | INFO     | tools.trainer:train_loop:126 - Epoch: [95/ 200] | Train loss: [0.04277100955846643]
2022-09-07 14:39:17.292 | INFO     | tools.trainer:train_loop:126 - Epoch: [96/ 200] | Train loss: [0.04400350585421349]
2022-09-07 14:47:19.072 | INFO     | tools.trainer:train_loop:126 - Epoch: [97/ 200] | Train loss: [0.04295324058042652]
2022-09-07 14:55:22.010 | INFO     | tools.trainer:train_loop:126 - Epoch: [98/ 200] | Train loss: [0.04519221498022326]
2022-09-07 15:03:22.998 | INFO     | tools.trainer:train_loop:126 - Epoch: [99/ 200] | Train loss: [0.04354086607173765]
2022-09-07 15:11:23.991 | INFO     | tools.trainer:train_loop:126 - Epoch: [100/ 200] | Train loss: [0.04405859646622352]
2022-09-07 15:19:25.035 | INFO     | tools.trainer:train_loop:126 - Epoch: [101/ 200] | Train loss: [0.04088651645351145]
2022-09-07 15:27:24.847 | INFO     | tools.trainer:train_loop:126 - Epoch: [102/ 200] | Train loss: [0.0424515382984036]
2022-09-07 15:35:25.293 | INFO     | tools.trainer:train_loop:126 - Epoch: [103/ 200] | Train loss: [0.042208771733708655]
2022-09-07 15:43:26.874 | INFO     | tools.trainer:train_loop:126 - Epoch: [104/ 200] | Train loss: [0.04232128455917886]
2022-09-07 15:51:26.368 | INFO     | tools.trainer:train_loop:126 - Epoch: [105/ 200] | Train loss: [0.040266583710455967]
2022-09-07 15:59:28.735 | INFO     | tools.trainer:train_loop:126 - Epoch: [106/ 200] | Train loss: [0.040683920299889105]
2022-09-07 16:07:28.885 | INFO     | tools.trainer:train_loop:126 - Epoch: [107/ 200] | Train loss: [0.04096610687310753]
2022-09-07 16:15:27.918 | INFO     | tools.trainer:train_loop:126 - Epoch: [108/ 200] | Train loss: [0.03985674307316451]
2022-09-07 16:23:28.553 | INFO     | tools.trainer:train_loop:126 - Epoch: [109/ 200] | Train loss: [0.03851622007334305]
2022-09-07 16:31:28.627 | INFO     | tools.trainer:train_loop:126 - Epoch: [110/ 200] | Train loss: [0.041026175061755994]
2022-09-07 16:39:27.608 | INFO     | tools.trainer:train_loop:126 - Epoch: [111/ 200] | Train loss: [0.04069829656881221]
2022-09-07 16:47:26.832 | INFO     | tools.trainer:train_loop:126 - Epoch: [112/ 200] | Train loss: [0.04060938503695114]
2022-09-07 16:55:24.973 | INFO     | tools.trainer:train_loop:126 - Epoch: [113/ 200] | Train loss: [0.0405470140527447]
2022-09-07 17:03:24.225 | INFO     | tools.trainer:train_loop:126 - Epoch: [114/ 200] | Train loss: [0.04085342251443754]
2022-09-07 17:11:25.291 | INFO     | tools.trainer:train_loop:126 - Epoch: [115/ 200] | Train loss: [0.0399367976650641]
2022-09-07 17:19:26.279 | INFO     | tools.trainer:train_loop:126 - Epoch: [116/ 200] | Train loss: [0.0404622042353483]
2022-09-07 17:27:25.329 | INFO     | tools.trainer:train_loop:126 - Epoch: [117/ 200] | Train loss: [0.04040151688986455]
2022-09-07 17:35:25.151 | INFO     | tools.trainer:train_loop:126 - Epoch: [118/ 200] | Train loss: [0.03913417950521668]
2022-09-07 17:43:23.940 | INFO     | tools.trainer:train_loop:126 - Epoch: [119/ 200] | Train loss: [0.03948832764700735]
2022-09-07 17:51:23.389 | INFO     | tools.trainer:train_loop:126 - Epoch: [120/ 200] | Train loss: [0.03943101282721233]
2022-09-07 17:59:24.110 | INFO     | tools.trainer:train_loop:126 - Epoch: [121/ 200] | Train loss: [0.03928250172897313]
2022-09-07 18:07:22.076 | INFO     | tools.trainer:train_loop:126 - Epoch: [122/ 200] | Train loss: [0.03901226532087862]
2022-09-07 18:15:22.983 | INFO     | tools.trainer:train_loop:126 - Epoch: [123/ 200] | Train loss: [0.03827261359156265]
2022-09-07 18:23:23.318 | INFO     | tools.trainer:train_loop:126 - Epoch: [124/ 200] | Train loss: [0.03796990269562937]
2022-09-07 18:31:21.116 | INFO     | tools.trainer:train_loop:126 - Epoch: [125/ 200] | Train loss: [0.039380452321066683]
2022-09-07 18:39:20.079 | INFO     | tools.trainer:train_loop:126 - Epoch: [126/ 200] | Train loss: [0.0375733561757216]
2022-09-07 18:47:18.958 | INFO     | tools.trainer:train_loop:126 - Epoch: [127/ 200] | Train loss: [0.03911993984914297]
2022-09-07 18:55:18.241 | INFO     | tools.trainer:train_loop:126 - Epoch: [128/ 200] | Train loss: [0.03786068133964546]
2022-09-07 19:03:19.232 | INFO     | tools.trainer:train_loop:126 - Epoch: [129/ 200] | Train loss: [0.03970273190084562]
2022-09-07 19:11:19.907 | INFO     | tools.trainer:train_loop:126 - Epoch: [130/ 200] | Train loss: [0.037894814198774406]
2022-09-07 19:19:21.304 | INFO     | tools.trainer:train_loop:126 - Epoch: [131/ 200] | Train loss: [0.037494389674312074]
2022-09-07 19:27:18.340 | INFO     | tools.trainer:train_loop:126 - Epoch: [132/ 200] | Train loss: [0.03684743745167567]
2022-09-07 19:35:17.775 | INFO     | tools.trainer:train_loop:126 - Epoch: [133/ 200] | Train loss: [0.03860078928680768]
2022-09-07 19:43:16.522 | INFO     | tools.trainer:train_loop:126 - Epoch: [134/ 200] | Train loss: [0.038820015679829754]
2022-09-07 19:51:18.996 | INFO     | tools.trainer:train_loop:126 - Epoch: [135/ 200] | Train loss: [0.0380240966053538]
2022-09-07 19:59:16.840 | INFO     | tools.trainer:train_loop:126 - Epoch: [136/ 200] | Train loss: [0.03771150048742903]
2022-09-07 20:07:13.606 | INFO     | tools.trainer:train_loop:126 - Epoch: [137/ 200] | Train loss: [0.03651896713012801]
2022-09-07 20:15:12.708 | INFO     | tools.trainer:train_loop:126 - Epoch: [138/ 200] | Train loss: [0.03622487292123964]
2022-09-07 20:23:09.908 | INFO     | tools.trainer:train_loop:126 - Epoch: [139/ 200] | Train loss: [0.035995015580105205]
2022-09-07 20:31:11.595 | INFO     | tools.trainer:train_loop:126 - Epoch: [140/ 200] | Train loss: [0.035855570258884084]
2022-09-07 20:39:11.460 | INFO     | tools.trainer:train_loop:126 - Epoch: [141/ 200] | Train loss: [0.03680791305576233]
2022-09-07 20:47:12.710 | INFO     | tools.trainer:train_loop:126 - Epoch: [142/ 200] | Train loss: [0.03718891154442515]
2022-09-07 20:55:13.733 | INFO     | tools.trainer:train_loop:126 - Epoch: [143/ 200] | Train loss: [0.03615459391003684]
2022-09-07 21:03:14.186 | INFO     | tools.trainer:train_loop:126 - Epoch: [144/ 200] | Train loss: [0.036516738681853]
2022-09-07 21:11:14.283 | INFO     | tools.trainer:train_loop:126 - Epoch: [145/ 200] | Train loss: [0.03664493234686576]
2022-09-07 21:19:15.059 | INFO     | tools.trainer:train_loop:126 - Epoch: [146/ 200] | Train loss: [0.0357098943443465]
2022-09-07 21:27:17.886 | INFO     | tools.trainer:train_loop:126 - Epoch: [147/ 200] | Train loss: [0.036327672816563884]
2022-09-07 21:35:16.386 | INFO     | tools.trainer:train_loop:126 - Epoch: [148/ 200] | Train loss: [0.03635290451347828]
2022-09-07 21:43:18.581 | INFO     | tools.trainer:train_loop:126 - Epoch: [149/ 200] | Train loss: [0.03637256630127372]
2022-09-07 21:51:20.988 | INFO     | tools.trainer:train_loop:126 - Epoch: [150/ 200] | Train loss: [0.03640713153752331]
2022-09-07 21:59:20.134 | INFO     | tools.trainer:train_loop:126 - Epoch: [151/ 200] | Train loss: [0.03591533986947819]
2022-09-07 22:07:21.324 | INFO     | tools.trainer:train_loop:126 - Epoch: [152/ 200] | Train loss: [0.03557445160976659]
2022-09-07 22:15:21.529 | INFO     | tools.trainer:train_loop:126 - Epoch: [153/ 200] | Train loss: [0.037050505097966785]
2022-09-07 22:23:22.559 | INFO     | tools.trainer:train_loop:126 - Epoch: [154/ 200] | Train loss: [0.035597081655653416]
2022-09-07 22:31:23.283 | INFO     | tools.trainer:train_loop:126 - Epoch: [155/ 200] | Train loss: [0.035613068659707765]
2022-09-07 22:39:26.184 | INFO     | tools.trainer:train_loop:126 - Epoch: [156/ 200] | Train loss: [0.03651814650755523]
2022-09-07 22:47:29.067 | INFO     | tools.trainer:train_loop:126 - Epoch: [157/ 200] | Train loss: [0.035110581173677574]
2022-09-07 22:55:31.901 | INFO     | tools.trainer:train_loop:126 - Epoch: [158/ 200] | Train loss: [0.035519391558724696]
2022-09-07 23:03:34.070 | INFO     | tools.trainer:train_loop:126 - Epoch: [159/ 200] | Train loss: [0.036133624839746484]
2022-09-07 23:11:33.776 | INFO     | tools.trainer:train_loop:126 - Epoch: [160/ 200] | Train loss: [0.036514639656277416]
2022-09-07 23:19:36.114 | INFO     | tools.trainer:train_loop:126 - Epoch: [161/ 200] | Train loss: [0.03572427641068186]
2022-09-07 23:27:38.330 | INFO     | tools.trainer:train_loop:126 - Epoch: [162/ 200] | Train loss: [0.03601370654479349]
2022-09-07 23:35:39.152 | INFO     | tools.trainer:train_loop:126 - Epoch: [163/ 200] | Train loss: [0.035504798719087634]
2022-09-07 23:43:37.502 | INFO     | tools.trainer:train_loop:126 - Epoch: [164/ 200] | Train loss: [0.0365468407429098]
2022-09-07 23:51:36.199 | INFO     | tools.trainer:train_loop:126 - Epoch: [165/ 200] | Train loss: [0.03527188977073754]
2022-09-07 23:59:37.368 | INFO     | tools.trainer:train_loop:126 - Epoch: [166/ 200] | Train loss: [0.03421846594899259]
2022-09-08 00:07:36.651 | INFO     | tools.trainer:train_loop:126 - Epoch: [167/ 200] | Train loss: [0.03532466410141223]
2022-09-08 00:15:37.443 | INFO     | tools.trainer:train_loop:126 - Epoch: [168/ 200] | Train loss: [0.0349930327068618]
2022-09-08 00:23:38.701 | INFO     | tools.trainer:train_loop:126 - Epoch: [169/ 200] | Train loss: [0.034531544078718925]
2022-09-08 00:31:40.365 | INFO     | tools.trainer:train_loop:126 - Epoch: [170/ 200] | Train loss: [0.035336241063783594]
2022-09-08 00:39:41.271 | INFO     | tools.trainer:train_loop:126 - Epoch: [171/ 200] | Train loss: [0.035108393273319154]
2022-09-08 00:47:39.738 | INFO     | tools.trainer:train_loop:126 - Epoch: [172/ 200] | Train loss: [0.0349270967443935]
2022-09-08 00:55:41.670 | INFO     | tools.trainer:train_loop:126 - Epoch: [173/ 200] | Train loss: [0.034667201674229105]
2022-09-08 01:03:45.554 | INFO     | tools.trainer:train_loop:126 - Epoch: [174/ 200] | Train loss: [0.03504754491376841]
2022-09-08 01:11:44.167 | INFO     | tools.trainer:train_loop:126 - Epoch: [175/ 200] | Train loss: [0.03427961022001451]
2022-09-08 01:19:43.494 | INFO     | tools.trainer:train_loop:126 - Epoch: [176/ 200] | Train loss: [0.03381401792417725]
2022-09-08 01:27:41.945 | INFO     | tools.trainer:train_loop:126 - Epoch: [177/ 200] | Train loss: [0.03474290854096594]
2022-09-08 01:35:41.733 | INFO     | tools.trainer:train_loop:126 - Epoch: [178/ 200] | Train loss: [0.03334814785642827]
2022-09-08 01:43:40.959 | INFO     | tools.trainer:train_loop:126 - Epoch: [179/ 200] | Train loss: [0.0353263657551406]
2022-09-08 01:51:41.418 | INFO     | tools.trainer:train_loop:126 - Epoch: [180/ 200] | Train loss: [0.034328531043598356]
2022-09-08 01:59:41.474 | INFO     | tools.trainer:train_loop:126 - Epoch: [181/ 200] | Train loss: [0.034291697309372274]
2022-09-08 02:07:40.037 | INFO     | tools.trainer:train_loop:126 - Epoch: [182/ 200] | Train loss: [0.03447253409331512]
2022-09-08 02:15:40.570 | INFO     | tools.trainer:train_loop:126 - Epoch: [183/ 200] | Train loss: [0.03494341143811727]
2022-09-08 02:23:40.937 | INFO     | tools.trainer:train_loop:126 - Epoch: [184/ 200] | Train loss: [0.03533786261244748]
2022-09-08 02:31:40.035 | INFO     | tools.trainer:train_loop:126 - Epoch: [185/ 200] | Train loss: [0.03492231264506611]
2022-09-08 02:39:38.124 | INFO     | tools.trainer:train_loop:126 - Epoch: [186/ 200] | Train loss: [0.03438023117719088]
2022-09-08 02:47:37.547 | INFO     | tools.trainer:train_loop:126 - Epoch: [187/ 200] | Train loss: [0.03481466267654236]
2022-09-08 02:55:38.511 | INFO     | tools.trainer:train_loop:126 - Epoch: [188/ 200] | Train loss: [0.03495906857847261]
2022-09-08 03:03:37.020 | INFO     | tools.trainer:train_loop:126 - Epoch: [189/ 200] | Train loss: [0.034677695505615426]
2022-09-08 03:11:37.077 | INFO     | tools.trainer:train_loop:126 - Epoch: [190/ 200] | Train loss: [0.03430331131516981]
2022-09-08 03:19:36.737 | INFO     | tools.trainer:train_loop:126 - Epoch: [191/ 200] | Train loss: [0.03400444648140832]
2022-09-08 03:27:36.260 | INFO     | tools.trainer:train_loop:126 - Epoch: [192/ 200] | Train loss: [0.03495901328791782]
2022-09-08 03:35:37.831 | INFO     | tools.trainer:train_loop:126 - Epoch: [193/ 200] | Train loss: [0.03508391636664382]
2022-09-08 03:43:36.444 | INFO     | tools.trainer:train_loop:126 - Epoch: [194/ 200] | Train loss: [0.03392332268590079]
2022-09-08 03:51:36.513 | INFO     | tools.trainer:train_loop:126 - Epoch: [195/ 200] | Train loss: [0.03497972673422298]
2022-09-08 03:59:36.530 | INFO     | tools.trainer:train_loop:126 - Epoch: [196/ 200] | Train loss: [0.03463294591448952]
2022-09-08 04:07:35.409 | INFO     | tools.trainer:train_loop:126 - Epoch: [197/ 200] | Train loss: [0.034971260547773816]
2022-09-08 04:15:34.113 | INFO     | tools.trainer:train_loop:126 - Epoch: [198/ 200] | Train loss: [0.03392909792192439]
2022-09-08 04:23:32.624 | INFO     | tools.trainer:train_loop:126 - Epoch: [199/ 200] | Train loss: [0.034614413478454197]
2022-09-08 04:31:34.929 | INFO     | tools.trainer:train_loop:126 - Epoch: [200/ 200] | Train loss: [0.035046061087614856]
2022-09-08 04:31:35.354 | INFO     | tools.trainer:train_loop:138 - [Saving Snapshot:]/home/s/hungpv/polyps/checkpoints/neo_large_v9/MiT-B3-FaPNHead_200.pth
2022-09-08 04:31:35.354 | INFO     | tools.trainer:train_loop:147 - Training cost: 96036.9793465659seconds
