2022-07-08 23:59:46.633 | INFO     | __main__:main:56 - Load config from configs/neo_large.yaml
2022-07-08 23:59:46.633 | INFO     | __main__:main:57 - {'dataset': {'data_path': '/home/s/WLIv5_pub_noud', 'train_data_path': ['/home/s/WLIv5_pub_noud/Train'], 'test_data_path': ['/home/s/WLIv5_pub_noud/Test'], 'val_data_path': ['/home/s/WLIv5_pub_noud/Test']}, 'model': {'num_classes': 3, 'save_dir': '/home/s/hungpv/polyps/checkpoints/neo_large_v1', 'backbone': 'MiT-B3', 'head': 'UPerHead', 'pretrained': '/home/s/hungpv/polyps/pretrained_models/mit_b3.pth'}, 'optimizer': {'name': 'adam', 'lr': 0.001, 'clip': 0.5, 'scheduler': 'cosine_warmup', 'loss': 'structure_loss'}, 'dev': 'cuda', 'train': {'start_from': 0, 'save_from': 59, 'num_epochs': 60, 'num_warmup_epoch': 4, 'is_val': True, 'size_rates': [0.75, 1, 1.25], 'dataloader': {'batchsize': 16, 'img_size': 352, 'shuffle': True, 'num_workers': 4, 'pin_memory': True, 'drop_last': True}, 'amp': False, 'ddp': False, 'augment': {'prob': 1, 'Flip_prob': 0.5, 'HueSaturationValue_prob': 0.5, 'RandomBrightnessContrast_prob': 0.5, 'randomrotate90_prob': 0.5}}, 'val': {'dataloader': {'batchsize': 16, 'img_size': 352, 'shuffle': True, 'num_workers': 4, 'pin_memory': True, 'drop_last': True}}, 'test': {'dev': 'cuda', 'visualize': False, 'visualize_dir': '/mnt/data/hungpv/polyps/visualize', 'vis_x': 180, 'vis_overwrite': False, 'checkpoint_dir': '/home/s/hungpv/polyps/checkpoints/neo_large_v1/MiT-B3-UPerHead_3.pth', 'dataloader': {'batchsize': 1, 'img_size': 352, 'shuffle': True, 'num_workers': 2, 'pin_memory': True, 'drop_last': True}, 'augment': {'prob': 1, 'Flip_prob': 0, 'HueSaturationValue_prob': 0, 'RandomBrightnessContrast_prob': 0, 'crop_prob': 0, 'randomrotate90_prob': 0, 'elastictransform_prob': 0, 'gridistortion_prob': 0, 'opticaldistortion_prob': 0, 'verticalflip_prob': 0, 'horizontalflip_prob': 0, 'randomgamma_prob': 0, 'CoarseDropout_prob': 0, 'RGBShift_prob': 0, 'MotionBlur_prob': 0, 'MedianBlur_prob': 0, 'GaussianBlur_prob': 0, 'GaussNoise_prob': 0, 'ChannelShuffle_prob': 0}}}
2022-07-08 23:59:46.633 | INFO     | __main__:main:58 - Getting datapath
2022-07-08 23:59:46.660 | INFO     | __main__:main:73 - There are 5277 images to train
2022-07-08 23:59:46.666 | INFO     | __main__:main:90 - There are 1353 images to val
2022-07-08 23:59:46.666 | INFO     | __main__:main:94 - Loading data
2022-07-08 23:59:47.473 | INFO     | __main__:main:108 - 329 batches to train
2022-07-08 23:59:47.679 | INFO     | __main__:main:121 - Loading model
2022-07-08 23:59:47.679 | INFO     | __main__:main:142 - Loading checkpoint from /home/s/hungpv/polyps/pretrained_models/mit_b3.pth ...
2022-07-08 23:59:50.816 | INFO     | __main__:main:185 - Training with FP32 ...
2022-07-09 00:06:48.670 | INFO     | tools.trainer:val_loop:179 - Valid | Epoch [000/000], with lr = 0.000125, Step [0083],                    [val_loss: 0.5530]
2022-07-09 00:06:48.899 | INFO     | tools.trainer:val_loop:205 - Macro scores: Dice all: 0.711 | IOU all: 0.558 | Dice neo: 0.601 | IOU neo: 0.440 | Dice non: 0.212 | IOU non: 0.123
2022-07-09 00:13:45.327 | INFO     | tools.trainer:val_loop:179 - Valid | Epoch [001/001], with lr = 0.000125, Step [0083],                    [val_loss: 0.4104]
2022-07-09 00:13:45.557 | INFO     | tools.trainer:val_loop:205 - Macro scores: Dice all: 0.821 | IOU all: 0.706 | Dice neo: 0.771 | IOU neo: 0.641 | Dice non: 0.365 | IOU non: 0.233
2022-07-09 00:20:41.522 | INFO     | tools.trainer:val_loop:179 - Valid | Epoch [002/002], with lr = 0.00034375, Step [0083],                    [val_loss: 0.4469]
2022-07-09 00:20:41.741 | INFO     | tools.trainer:val_loop:205 - Macro scores: Dice all: 0.856 | IOU all: 0.757 | Dice neo: 0.737 | IOU neo: 0.600 | Dice non: 0.000 | IOU non: 0.000
2022-07-09 00:20:42.221 | INFO     | tools.trainer:train_loop:115 - [Saving Snapshot:]/home/s/hungpv/polyps/checkpoints/neo_large_v1/MiT-B3-UPerHead_3.pth
2022-07-09 00:27:38.649 | INFO     | tools.trainer:val_loop:179 - Valid | Epoch [003/003], with lr = 0.0005625000000000001, Step [0083],                    [val_loss: 0.4752]
2022-07-09 00:27:38.881 | INFO     | tools.trainer:val_loop:205 - Macro scores: Dice all: 0.793 | IOU all: 0.668 | Dice neo: 0.736 | IOU neo: 0.592 | Dice non: 0.000 | IOU non: 0.000
2022-07-09 00:34:35.032 | INFO     | tools.trainer:val_loop:179 - Valid | Epoch [004/004], with lr = 0.00078125, Step [0083],                    [val_loss: 0.5060]
2022-07-09 00:34:35.261 | INFO     | tools.trainer:val_loop:205 - Macro scores: Dice all: 0.764 | IOU all: 0.629 | Dice neo: 0.691 | IOU neo: 0.544 | Dice non: 0.000 | IOU non: 0.000
