2022-07-08 19:14:50.453 | INFO     | __main__:main:57 - Load config from configs/neo_large.yaml
2022-07-08 19:14:50.453 | INFO     | __main__:main:58 - {'dataset': {'data_path': '/home/s/WLIv5_pub_noud', 'train_data_path': ['/home/s/WLIv5_pub_noud/Train'], 'test_data_path': ['/home/s/WLIv5_pub_noud/Test'], 'val_data_path': ['/home/s/WLIv5_pub_noud/Test']}, 'model': {'num_classes': 2, 'save_dir': '/home/s/hungpv/polyps/checkpoints/neo_large_v1', 'backbone': 'MiT-B3', 'head': 'UPerHead', 'pretrained': '/home/s/hungpv/polyps/pretrained_models/mit_b3.pth'}, 'optimizer': {'name': 'adam', 'lr': 0.0001, 'clip': 0.5, 'scheduler': 'cosine_warmup', 'loss': 'structure_loss'}, 'dev': 'cuda', 'train': {'start_from': 0, 'save_from': 59, 'num_epochs': 60, 'num_warmup_epoch': 4, 'is_val': True, 'size_rates': [0.75, 1, 1.25], 'dataloader': {'batchsize': 16, 'img_size': 352, 'shuffle': True, 'num_workers': 4, 'pin_memory': True, 'drop_last': True}, 'amp': False, 'ddp': False, 'augment': {'prob': 1, 'Flip_prob': 0.5, 'HueSaturationValue_prob': 0.5, 'RandomBrightnessContrast_prob': 0.5, 'randomrotate90_prob': 0.5}}, 'val': {'dataloader': {'batchsize': 16, 'img_size': 352, 'shuffle': True, 'num_workers': 4, 'pin_memory': True, 'drop_last': True}}, 'test': {'dev': 'cuda', 'visualize': False, 'visualize_dir': '/mnt/data/hungpv/polyps/visualize', 'vis_x': 180, 'vis_overwrite': False, 'checkpoint_dir': '/home/s/hungpv/polyps/checkpoints/neo_large_v1/MiT-B3-UPerHead_3.pth', 'dataloader': {'batchsize': 1, 'img_size': 352, 'shuffle': True, 'num_workers': 2, 'pin_memory': True, 'drop_last': True}, 'augment': {'prob': 1, 'Flip_prob': 0, 'HueSaturationValue_prob': 0, 'RandomBrightnessContrast_prob': 0, 'crop_prob': 0, 'randomrotate90_prob': 0, 'elastictransform_prob': 0, 'gridistortion_prob': 0, 'opticaldistortion_prob': 0, 'verticalflip_prob': 0, 'horizontalflip_prob': 0, 'randomgamma_prob': 0, 'CoarseDropout_prob': 0, 'RGBShift_prob': 0, 'MotionBlur_prob': 0, 'MedianBlur_prob': 0, 'GaussianBlur_prob': 0, 'GaussNoise_prob': 0, 'ChannelShuffle_prob': 0}}}
2022-07-08 19:14:50.453 | INFO     | __main__:main:59 - Getting datapath
2022-07-08 19:14:50.480 | INFO     | __main__:main:74 - There are 5277 images to train
2022-07-08 19:14:50.486 | INFO     | __main__:main:91 - There are 1353 images to val
2022-07-08 19:14:50.487 | INFO     | __main__:main:95 - Loading data
2022-07-08 19:14:51.304 | INFO     | __main__:main:109 - 329 batches to train
2022-07-08 19:14:51.512 | INFO     | __main__:main:122 - Loading model
2022-07-08 19:14:51.512 | INFO     | __main__:main:143 - Loading checkpoint from /home/s/hungpv/polyps/pretrained_models/mit_b3.pth ...
2022-07-08 19:14:54.581 | INFO     | __main__:main:186 - Training with FP32 ...
2022-07-08 19:21:47.560 | INFO     | tools.trainer:val_loop:178 - Valid | Epoch [000/000], with lr = 1.25e-05, Step [0083],                    [val_loss: 0.9616]
2022-07-08 19:21:47.769 | INFO     | tools.trainer:val_loop:204 - Macro scores: Dice all: 0.073 | IOU all: 0.038 | Dice neo: 0.151 | IOU neo: 0.083 | Dice non: 0.007 | IOU non: 0.003
2022-07-08 19:28:40.094 | INFO     | tools.trainer:val_loop:178 - Valid | Epoch [001/001], with lr = 1.25e-05, Step [0083],                    [val_loss: 0.8715]
2022-07-08 19:28:40.303 | INFO     | tools.trainer:val_loop:204 - Macro scores: Dice all: 0.074 | IOU all: 0.038 | Dice neo: 0.166 | IOU neo: 0.092 | Dice non: 0.009 | IOU non: 0.005
2022-07-08 19:35:32.605 | INFO     | tools.trainer:val_loop:178 - Valid | Epoch [002/002], with lr = 3.4375e-05, Step [0083],                    [val_loss: 0.7653]
2022-07-08 19:35:32.813 | INFO     | tools.trainer:val_loop:204 - Macro scores: Dice all: 0.073 | IOU all: 0.038 | Dice neo: 0.054 | IOU neo: 0.028 | Dice non: 0.001 | IOU non: 0.000
2022-07-08 19:35:33.283 | INFO     | tools.trainer:train_loop:115 - [Saving Snapshot:]/home/s/hungpv/polyps/checkpoints/neo_large_v1/MiT-B3-UPerHead_3.pth
2022-07-08 19:42:26.819 | INFO     | tools.trainer:val_loop:178 - Valid | Epoch [003/003], with lr = 5.6250000000000005e-05, Step [0083],                    [val_loss: 0.8568]
2022-07-08 19:42:27.024 | INFO     | tools.trainer:val_loop:204 - Macro scores: Dice all: 0.073 | IOU all: 0.038 | Dice neo: 0.242 | IOU neo: 0.139 | Dice non: 0.013 | IOU non: 0.007
2022-07-08 19:49:19.429 | INFO     | tools.trainer:val_loop:178 - Valid | Epoch [004/004], with lr = 7.8125e-05, Step [0083],                    [val_loss: 0.8267]
2022-07-08 19:49:19.634 | INFO     | tools.trainer:val_loop:204 - Macro scores: Dice all: 0.073 | IOU all: 0.038 | Dice neo: 0.180 | IOU neo: 0.100 | Dice non: 0.009 | IOU non: 0.005
2022-07-08 19:56:12.247 | INFO     | tools.trainer:val_loop:178 - Valid | Epoch [005/005], with lr = 0.0001, Step [0083],                    [val_loss: 0.8271]
2022-07-08 19:56:12.448 | INFO     | tools.trainer:val_loop:204 - Macro scores: Dice all: 0.073 | IOU all: 0.038 | Dice neo: 0.052 | IOU neo: 0.027 | Dice non: 0.000 | IOU non: 0.000
