2022-09-07 00:10:05.412 | INFO     | __main__:main:57 - Load config from configs/neo_large.yaml
2022-09-07 00:10:05.412 | INFO     | __main__:main:58 - {'dataset': {'data_path': '/home/s/WLIv5_pub_noud', 'train_data_path': ['/home/s/WLIv5_pub_noud/Test'], 'test_data_path': ['/home/s/WLIv5_pub_noud/Test'], 'val_data_path': ['/home/s/WLIv5_pub_noud/Test']}, 'model': {'num_classes': 3, 'save_dir': '/home/s/hungpv/polyps/checkpoints/neo_large_v6', 'backbone': 'MiT-B3', 'head': 'FaPNHead', 'pretrained': '/home/s/hungpv/polyps/pretrained_models/mit_b3.pth'}, 'optimizer': {'name': 'adam', 'lr': 2e-05, 'clip': 0.5, 'scheduler': 'cosine_warmup', 'loss': 'multi_structure_loss'}, 'dev': 'cuda', 'train': {'start_from': 0, 'save_from': 7, 'num_epochs': 8, 'num_warmup_epoch': 2, 'is_val': True, 'size_rates': [0.75, 1, 1.25], 'dataloader': {'batchsize': 16, 'img_size': 384, 'shuffle': True, 'num_workers': 4, 'pin_memory': True, 'drop_last': True}, 'amp': False, 'ddp': False, 'augment': {'prob': 1, 'Flip_prob': 0.5, 'HueSaturationValue_prob': 0.5, 'RandomBrightnessContrast_prob': 0.5, 'crop_prob': 0.0, 'randomrotate90_prob': 0.5, 'elastictransform_prob': 0.0, 'ColorJitter_prob': 0.5}}, 'val': {'dataloader': {'batchsize': 8, 'img_size': 384, 'shuffle': True, 'num_workers': 4, 'pin_memory': True, 'drop_last': False}}, 'test': {'dev': 'cuda', 'visualize': True, 'visualize_dir': '/home/s/hungpv/polyps/neo_visualize', 'vis_x': 180, 'vis_overwrite': False, 'checkpoint_dir': '/home/s/hungpv/polyps/checkpoints/neo_large_v7/MiT-B3-FaPNHead_150.pth', 'dataloader': {'batchsize': 1, 'img_size': 384, 'shuffle': True, 'num_workers': 4, 'pin_memory': True, 'drop_last': False}, 'augment': {'prob': 1, 'Flip_prob': 0, 'HueSaturationValue_prob': 0, 'RandomBrightnessContrast_prob': 0, 'crop_prob': 0, 'randomrotate90_prob': 0, 'elastictransform_prob': 0, 'gridistortion_prob': 0, 'opticaldistortion_prob': 0, 'verticalflip_prob': 0, 'horizontalflip_prob': 0, 'randomgamma_prob': 0, 'CoarseDropout_prob': 0, 'RGBShift_prob': 0, 'MotionBlur_prob': 0, 'MedianBlur_prob': 0, 'GaussianBlur_prob': 0, 'GaussNoise_prob': 0, 'ChannelShuffle_prob': 0}}}
2022-09-07 00:10:05.413 | INFO     | __main__:main:59 - Getting datapath
2022-09-07 00:10:05.420 | INFO     | __main__:main:74 - There are 1353 images to train
2022-09-07 00:10:05.427 | INFO     | __main__:main:91 - There are 1353 images to val
2022-09-07 00:10:05.427 | INFO     | __main__:main:95 - Loading data
2022-09-07 00:10:05.634 | INFO     | __main__:main:109 - 84 batches to train
2022-09-07 00:10:05.837 | INFO     | __main__:main:122 - Loading model
2022-09-07 00:10:05.838 | INFO     | __main__:main:143 - Loading checkpoint from /home/s/hungpv/polyps/pretrained_models/mit_b3.pth ...
2022-09-07 00:10:09.188 | INFO     | __main__:main:190 - Training with FP32 ...
2022-09-07 00:12:44.563 | INFO     | tools.trainer:val_loop:204 - Valid | Epoch [000/000], with lr = 2.5e-06, Step [0169],                    [val_loss: 0.1524]
2022-09-07 00:12:44.669 | INFO     | aux.metrics.metrics:show:228 - Evaluate polyp
2022-09-07 00:12:44.669 | INFO     | aux.metrics.metrics:show:229 - Macro scores: Dice: 0.925 | IOU: 0.865
2022-09-07 00:12:44.670 | INFO     | aux.metrics.metrics:show:233 - Micro scores: Dice: 0.926 | IOU: 0.863
2022-09-07 00:12:44.670 | INFO     | aux.metrics.metrics:show:228 - Evaluate neo
2022-09-07 00:12:44.670 | INFO     | aux.metrics.metrics:show:229 - Macro scores: Dice: 0.868 | IOU: 0.788
2022-09-07 00:12:44.670 | INFO     | aux.metrics.metrics:show:233 - Micro scores: Dice: 0.902 | IOU: 0.821
2022-09-07 00:12:44.670 | INFO     | aux.metrics.metrics:show:228 - Evaluate non
2022-09-07 00:12:44.670 | INFO     | aux.metrics.metrics:show:229 - Macro scores: Dice: 0.721 | IOU: 0.598
2022-09-07 00:12:44.671 | INFO     | aux.metrics.metrics:show:233 - Micro scores: Dice: 0.735 | IOU: 0.581
2022-09-07 00:12:45.124 | INFO     | tools.trainer:train_loop:115 - [Saving Snapshot:]/home/s/hungpv/polyps/checkpoints/neo_large_v6/MiT-B3-FaPNHead_best.pth
2022-09-07 00:15:19.557 | INFO     | tools.trainer:val_loop:204 - Valid | Epoch [001/001], with lr = 2.5e-06, Step [0169],                    [val_loss: 0.1844]
2022-09-07 00:15:19.669 | INFO     | aux.metrics.metrics:show:228 - Evaluate polyp
2022-09-07 00:15:19.670 | INFO     | aux.metrics.metrics:show:229 - Macro scores: Dice: 0.925 | IOU: 0.865
2022-09-07 00:15:19.670 | INFO     | aux.metrics.metrics:show:233 - Micro scores: Dice: 0.927 | IOU: 0.863
2022-09-07 00:15:19.670 | INFO     | aux.metrics.metrics:show:228 - Evaluate neo
2022-09-07 00:15:19.670 | INFO     | aux.metrics.metrics:show:229 - Macro scores: Dice: 0.872 | IOU: 0.795
2022-09-07 00:15:19.670 | INFO     | aux.metrics.metrics:show:233 - Micro scores: Dice: 0.905 | IOU: 0.826
2022-09-07 00:15:19.670 | INFO     | aux.metrics.metrics:show:228 - Evaluate non
2022-09-07 00:15:19.671 | INFO     | aux.metrics.metrics:show:229 - Macro scores: Dice: 0.712 | IOU: 0.590
2022-09-07 00:15:19.671 | INFO     | aux.metrics.metrics:show:233 - Micro scores: Dice: 0.742 | IOU: 0.590
2022-09-07 00:15:20.128 | INFO     | tools.trainer:train_loop:115 - [Saving Snapshot:]/home/s/hungpv/polyps/checkpoints/neo_large_v6/MiT-B3-FaPNHead_best.pth
2022-09-07 00:17:55.042 | INFO     | tools.trainer:val_loop:204 - Valid | Epoch [002/002], with lr = 1.125e-05, Step [0169],                    [val_loss: 0.1996]
2022-09-07 00:17:55.152 | INFO     | aux.metrics.metrics:show:228 - Evaluate polyp
2022-09-07 00:17:55.153 | INFO     | aux.metrics.metrics:show:229 - Macro scores: Dice: 0.927 | IOU: 0.869
2022-09-07 00:17:55.153 | INFO     | aux.metrics.metrics:show:233 - Micro scores: Dice: 0.928 | IOU: 0.866
2022-09-07 00:17:55.153 | INFO     | aux.metrics.metrics:show:228 - Evaluate neo
2022-09-07 00:17:55.153 | INFO     | aux.metrics.metrics:show:229 - Macro scores: Dice: 0.873 | IOU: 0.802
2022-09-07 00:17:55.153 | INFO     | aux.metrics.metrics:show:233 - Micro scores: Dice: 0.910 | IOU: 0.835
2022-09-07 00:17:55.153 | INFO     | aux.metrics.metrics:show:228 - Evaluate non
2022-09-07 00:17:55.154 | INFO     | aux.metrics.metrics:show:229 - Macro scores: Dice: 0.740 | IOU: 0.623
2022-09-07 00:17:55.154 | INFO     | aux.metrics.metrics:show:233 - Micro scores: Dice: 0.765 | IOU: 0.619
2022-09-07 00:17:55.611 | INFO     | tools.trainer:train_loop:115 - [Saving Snapshot:]/home/s/hungpv/polyps/checkpoints/neo_large_v6/MiT-B3-FaPNHead_best.pth
2022-09-07 00:20:30.044 | INFO     | tools.trainer:val_loop:204 - Valid | Epoch [003/003], with lr = 2e-05, Step [0169],                    [val_loss: 0.1824]
2022-09-07 00:20:30.155 | INFO     | aux.metrics.metrics:show:228 - Evaluate polyp
2022-09-07 00:20:30.156 | INFO     | aux.metrics.metrics:show:229 - Macro scores: Dice: 0.932 | IOU: 0.877
2022-09-07 00:20:30.156 | INFO     | aux.metrics.metrics:show:233 - Micro scores: Dice: 0.931 | IOU: 0.871
2022-09-07 00:20:30.156 | INFO     | aux.metrics.metrics:show:228 - Evaluate neo
2022-09-07 00:20:30.156 | INFO     | aux.metrics.metrics:show:229 - Macro scores: Dice: 0.894 | IOU: 0.832
2022-09-07 00:20:30.156 | INFO     | aux.metrics.metrics:show:233 - Micro scores: Dice: 0.916 | IOU: 0.845
2022-09-07 00:20:30.156 | INFO     | aux.metrics.metrics:show:228 - Evaluate non
2022-09-07 00:20:30.157 | INFO     | aux.metrics.metrics:show:229 - Macro scores: Dice: 0.760 | IOU: 0.647
2022-09-07 00:20:30.157 | INFO     | aux.metrics.metrics:show:233 - Micro scores: Dice: 0.781 | IOU: 0.640
2022-09-07 00:20:30.604 | INFO     | tools.trainer:train_loop:115 - [Saving Snapshot:]/home/s/hungpv/polyps/checkpoints/neo_large_v6/MiT-B3-FaPNHead_best.pth
2022-09-07 00:23:05.735 | INFO     | tools.trainer:val_loop:204 - Valid | Epoch [004/004], with lr = 2e-05, Step [0169],                    [val_loss: 0.1811]
2022-09-07 00:23:05.849 | INFO     | aux.metrics.metrics:show:228 - Evaluate polyp
2022-09-07 00:23:05.850 | INFO     | aux.metrics.metrics:show:229 - Macro scores: Dice: 0.931 | IOU: 0.876
2022-09-07 00:23:05.850 | INFO     | aux.metrics.metrics:show:233 - Micro scores: Dice: 0.932 | IOU: 0.873
2022-09-07 00:23:05.850 | INFO     | aux.metrics.metrics:show:228 - Evaluate neo
2022-09-07 00:23:05.850 | INFO     | aux.metrics.metrics:show:229 - Macro scores: Dice: 0.887 | IOU: 0.817
2022-09-07 00:23:05.851 | INFO     | aux.metrics.metrics:show:233 - Micro scores: Dice: 0.912 | IOU: 0.839
2022-09-07 00:23:05.851 | INFO     | aux.metrics.metrics:show:228 - Evaluate non
2022-09-07 00:23:05.851 | INFO     | aux.metrics.metrics:show:229 - Macro scores: Dice: 0.756 | IOU: 0.636
2022-09-07 00:23:05.851 | INFO     | aux.metrics.metrics:show:233 - Micro scores: Dice: 0.776 | IOU: 0.634
2022-09-07 00:25:41.266 | INFO     | tools.trainer:val_loop:204 - Valid | Epoch [005/005], with lr = 1.7071067811865477e-05, Step [0169],                    [val_loss: 0.1495]
2022-09-07 00:25:41.369 | INFO     | aux.metrics.metrics:show:228 - Evaluate polyp
2022-09-07 00:25:41.370 | INFO     | aux.metrics.metrics:show:229 - Macro scores: Dice: 0.933 | IOU: 0.878
2022-09-07 00:25:41.370 | INFO     | aux.metrics.metrics:show:233 - Micro scores: Dice: 0.934 | IOU: 0.877
2022-09-07 00:25:41.370 | INFO     | aux.metrics.metrics:show:228 - Evaluate neo
2022-09-07 00:25:41.370 | INFO     | aux.metrics.metrics:show:229 - Macro scores: Dice: 0.893 | IOU: 0.829
2022-09-07 00:25:41.370 | INFO     | aux.metrics.metrics:show:233 - Micro scores: Dice: 0.919 | IOU: 0.850
2022-09-07 00:25:41.371 | INFO     | aux.metrics.metrics:show:228 - Evaluate non
2022-09-07 00:25:41.371 | INFO     | aux.metrics.metrics:show:229 - Macro scores: Dice: 0.775 | IOU: 0.668
2022-09-07 00:25:41.371 | INFO     | aux.metrics.metrics:show:233 - Micro scores: Dice: 0.790 | IOU: 0.653
2022-09-07 00:25:41.825 | INFO     | tools.trainer:train_loop:115 - [Saving Snapshot:]/home/s/hungpv/polyps/checkpoints/neo_large_v6/MiT-B3-FaPNHead_best.pth
2022-09-07 00:28:17.479 | INFO     | tools.trainer:val_loop:204 - Valid | Epoch [006/006], with lr = 1.3826834323650899e-05, Step [0169],                    [val_loss: 0.1352]
2022-09-07 00:28:17.592 | INFO     | aux.metrics.metrics:show:228 - Evaluate polyp
2022-09-07 00:28:17.592 | INFO     | aux.metrics.metrics:show:229 - Macro scores: Dice: 0.936 | IOU: 0.883
2022-09-07 00:28:17.592 | INFO     | aux.metrics.metrics:show:233 - Micro scores: Dice: 0.936 | IOU: 0.879
2022-09-07 00:28:17.592 | INFO     | aux.metrics.metrics:show:228 - Evaluate neo
2022-09-07 00:28:17.592 | INFO     | aux.metrics.metrics:show:229 - Macro scores: Dice: 0.905 | IOU: 0.841
2022-09-07 00:28:17.593 | INFO     | aux.metrics.metrics:show:233 - Micro scores: Dice: 0.924 | IOU: 0.858
2022-09-07 00:28:17.593 | INFO     | aux.metrics.metrics:show:228 - Evaluate non
2022-09-07 00:28:17.593 | INFO     | aux.metrics.metrics:show:229 - Macro scores: Dice: 0.783 | IOU: 0.669
2022-09-07 00:28:17.593 | INFO     | aux.metrics.metrics:show:233 - Micro scores: Dice: 0.794 | IOU: 0.658
2022-09-07 00:28:18.041 | INFO     | tools.trainer:train_loop:115 - [Saving Snapshot:]/home/s/hungpv/polyps/checkpoints/neo_large_v6/MiT-B3-FaPNHead_best.pth
2022-09-07 00:30:53.086 | INFO     | tools.trainer:val_loop:204 - Valid | Epoch [007/007], with lr = 1e-05, Step [0169],                    [val_loss: 0.1273]
2022-09-07 00:30:53.191 | INFO     | aux.metrics.metrics:show:228 - Evaluate polyp
2022-09-07 00:30:53.191 | INFO     | aux.metrics.metrics:show:229 - Macro scores: Dice: 0.935 | IOU: 0.881
2022-09-07 00:30:53.192 | INFO     | aux.metrics.metrics:show:233 - Micro scores: Dice: 0.937 | IOU: 0.881
2022-09-07 00:30:53.192 | INFO     | aux.metrics.metrics:show:228 - Evaluate neo
2022-09-07 00:30:53.192 | INFO     | aux.metrics.metrics:show:229 - Macro scores: Dice: 0.900 | IOU: 0.834
2022-09-07 00:30:53.192 | INFO     | aux.metrics.metrics:show:233 - Micro scores: Dice: 0.923 | IOU: 0.857
2022-09-07 00:30:53.192 | INFO     | aux.metrics.metrics:show:228 - Evaluate non
2022-09-07 00:30:53.192 | INFO     | aux.metrics.metrics:show:229 - Macro scores: Dice: 0.767 | IOU: 0.655
2022-09-07 00:30:53.192 | INFO     | aux.metrics.metrics:show:233 - Micro scores: Dice: 0.795 | IOU: 0.660
2022-09-07 00:30:53.650 | INFO     | tools.trainer:train_loop:115 - [Saving Snapshot:]/home/s/hungpv/polyps/checkpoints/neo_large_v6/MiT-B3-FaPNHead_best.pth
2022-09-07 00:30:54.062 | INFO     | tools.trainer:train_loop:138 - [Saving Snapshot:]/home/s/hungpv/polyps/checkpoints/neo_large_v6/MiT-B3-FaPNHead_8.pth
2022-09-07 00:30:54.062 | INFO     | tools.trainer:train_loop:147 - Training cost: 1243.9291746090166seconds
