2022-09-08 14:29:17.380 | INFO     | __main__:main:57 - Load config from configs/neo_large.yaml
2022-09-08 14:29:17.380 | INFO     | __main__:main:58 - {'dataset': {'data_path': '/home/s/WLIv5_pub_noud', 'train_data_path': ['/home/s/WLIv5_pub_noud/Test'], 'test_data_path': ['/home/s/WLIv5_pub_noud/Test'], 'val_data_path': ['/home/s/WLIv5_pub_noud/Test']}, 'model': {'num_classes': 3, 'save_dir': '/home/s/hungpv/polyps/checkpoints/neo_large_v10', 'backbone': 'MiT-B3', 'head': 'FaPNHead', 'pretrained': '/home/s/hungpv/polyps/pretrained_models/mit_b3.pth'}, 'optimizer': {'name': 'adam', 'lr': 2.35e-05, 'clip': 0.5, 'scheduler': 'cosine_warmup', 'loss': 'multi_structure_loss'}, 'dev': 'cuda', 'train': {'start_from': 0, 'save_from': 7, 'num_epochs': 8, 'num_warmup_epoch': 2, 'is_val': True, 'size_rates': [0.75, 1, 1.25], 'dataloader': {'batchsize': 16, 'img_size': 384, 'shuffle': True, 'num_workers': 4, 'pin_memory': True, 'drop_last': True}, 'amp': False, 'ddp': False, 'augment': {'prob': 1, 'Flip_prob': 0.5, 'HueSaturationValue_prob': 0.5, 'RandomBrightnessContrast_prob': 0.5, 'crop_prob': 0.0, 'randomrotate90_prob': 0.5, 'elastictransform_prob': 0.0, 'ColorJitter_prob': 0.5}}, 'val': {'dataloader': {'batchsize': 8, 'img_size': 384, 'shuffle': True, 'num_workers': 4, 'pin_memory': True, 'drop_last': False}}, 'test': {'dev': 'cuda', 'visualize': True, 'visualize_dir': '/home/s/hungpv/polyps/neo_visualize', 'vis_x': 180, 'vis_overwrite': False, 'checkpoint_dir': '/home/s/hungpv/polyps/checkpoints/neo_large_v6/MiT-B3-FaPNHead_8.pth', 'dataloader': {'batchsize': 1, 'img_size': 384, 'shuffle': True, 'num_workers': 4, 'pin_memory': True, 'drop_last': False}, 'augment': {'prob': 1, 'Flip_prob': 0, 'HueSaturationValue_prob': 0, 'RandomBrightnessContrast_prob': 0, 'crop_prob': 0, 'randomrotate90_prob': 0, 'elastictransform_prob': 0, 'gridistortion_prob': 0, 'opticaldistortion_prob': 0, 'verticalflip_prob': 0, 'horizontalflip_prob': 0, 'randomgamma_prob': 0, 'CoarseDropout_prob': 0, 'RGBShift_prob': 0, 'MotionBlur_prob': 0, 'MedianBlur_prob': 0, 'GaussianBlur_prob': 0, 'GaussNoise_prob': 0, 'ChannelShuffle_prob': 0}}}
2022-09-08 14:29:17.381 | INFO     | __main__:main:59 - Getting datapath
2022-09-08 14:29:17.387 | INFO     | __main__:main:74 - There are 1353 images to train
2022-09-08 14:29:17.394 | INFO     | __main__:main:91 - There are 1353 images to val
2022-09-08 14:29:17.394 | INFO     | __main__:main:95 - Loading data
2022-09-08 14:29:17.601 | INFO     | __main__:main:109 - 84 batches to train
2022-09-08 14:29:17.799 | INFO     | __main__:main:122 - Loading model
2022-09-08 14:29:17.799 | INFO     | __main__:main:143 - Loading checkpoint from /home/s/hungpv/polyps/pretrained_models/mit_b3.pth ...
2022-09-08 14:29:21.087 | INFO     | __main__:main:190 - Training with FP32 ...
2022-09-08 14:31:55.966 | INFO     | tools.trainer:val_loop:204 - Valid | Epoch [000/000], with lr = 2.9375e-06, Step [0169],                    [val_loss: 0.1518]
2022-09-08 14:31:56.071 | INFO     | aux.metrics.metrics:show:228 - Evaluate polyp
2022-09-08 14:31:56.071 | INFO     | aux.metrics.metrics:show:229 - Macro scores: Dice: 0.925 | IOU: 0.865
2022-09-08 14:31:56.072 | INFO     | aux.metrics.metrics:show:233 - Micro scores: Dice: 0.926 | IOU: 0.863
2022-09-08 14:31:56.072 | INFO     | aux.metrics.metrics:show:228 - Evaluate neo
2022-09-08 14:31:56.072 | INFO     | aux.metrics.metrics:show:229 - Macro scores: Dice: 0.868 | IOU: 0.789
2022-09-08 14:31:56.072 | INFO     | aux.metrics.metrics:show:233 - Micro scores: Dice: 0.902 | IOU: 0.821
2022-09-08 14:31:56.072 | INFO     | aux.metrics.metrics:show:228 - Evaluate non
2022-09-08 14:31:56.072 | INFO     | aux.metrics.metrics:show:229 - Macro scores: Dice: 0.722 | IOU: 0.600
2022-09-08 14:31:56.073 | INFO     | aux.metrics.metrics:show:233 - Micro scores: Dice: 0.736 | IOU: 0.582
2022-09-08 14:31:56.481 | INFO     | tools.trainer:train_loop:115 - [Saving Snapshot:]/home/s/hungpv/polyps/checkpoints/neo_large_v10/MiT-B3-FaPNHead_best.pth
2022-09-08 14:34:29.929 | INFO     | tools.trainer:val_loop:204 - Valid | Epoch [001/001], with lr = 2.9375e-06, Step [0169],                    [val_loss: 0.1798]
2022-09-08 14:34:30.031 | INFO     | aux.metrics.metrics:show:228 - Evaluate polyp
2022-09-08 14:34:30.031 | INFO     | aux.metrics.metrics:show:229 - Macro scores: Dice: 0.925 | IOU: 0.866
2022-09-08 14:34:30.031 | INFO     | aux.metrics.metrics:show:233 - Micro scores: Dice: 0.927 | IOU: 0.865
2022-09-08 14:34:30.032 | INFO     | aux.metrics.metrics:show:228 - Evaluate neo
2022-09-08 14:34:30.032 | INFO     | aux.metrics.metrics:show:229 - Macro scores: Dice: 0.873 | IOU: 0.797
2022-09-08 14:34:30.032 | INFO     | aux.metrics.metrics:show:233 - Micro scores: Dice: 0.905 | IOU: 0.827
2022-09-08 14:34:30.032 | INFO     | aux.metrics.metrics:show:228 - Evaluate non
2022-09-08 14:34:30.032 | INFO     | aux.metrics.metrics:show:229 - Macro scores: Dice: 0.720 | IOU: 0.599
2022-09-08 14:34:30.032 | INFO     | aux.metrics.metrics:show:233 - Micro scores: Dice: 0.747 | IOU: 0.596
2022-09-08 14:34:30.464 | INFO     | tools.trainer:train_loop:115 - [Saving Snapshot:]/home/s/hungpv/polyps/checkpoints/neo_large_v10/MiT-B3-FaPNHead_best.pth
2022-09-08 14:37:04.270 | INFO     | tools.trainer:val_loop:204 - Valid | Epoch [002/002], with lr = 1.321875e-05, Step [0169],                    [val_loss: 0.1934]
2022-09-08 14:37:04.374 | INFO     | aux.metrics.metrics:show:228 - Evaluate polyp
2022-09-08 14:37:04.375 | INFO     | aux.metrics.metrics:show:229 - Macro scores: Dice: 0.927 | IOU: 0.869
2022-09-08 14:37:04.375 | INFO     | aux.metrics.metrics:show:233 - Micro scores: Dice: 0.928 | IOU: 0.866
2022-09-08 14:37:04.375 | INFO     | aux.metrics.metrics:show:228 - Evaluate neo
2022-09-08 14:37:04.375 | INFO     | aux.metrics.metrics:show:229 - Macro scores: Dice: 0.871 | IOU: 0.798
2022-09-08 14:37:04.375 | INFO     | aux.metrics.metrics:show:233 - Micro scores: Dice: 0.908 | IOU: 0.831
2022-09-08 14:37:04.375 | INFO     | aux.metrics.metrics:show:228 - Evaluate non
2022-09-08 14:37:04.375 | INFO     | aux.metrics.metrics:show:229 - Macro scores: Dice: 0.734 | IOU: 0.614
2022-09-08 14:37:04.376 | INFO     | aux.metrics.metrics:show:233 - Micro scores: Dice: 0.764 | IOU: 0.619
2022-09-08 14:37:04.810 | INFO     | tools.trainer:train_loop:115 - [Saving Snapshot:]/home/s/hungpv/polyps/checkpoints/neo_large_v10/MiT-B3-FaPNHead_best.pth
2022-09-08 14:39:38.566 | INFO     | tools.trainer:val_loop:204 - Valid | Epoch [003/003], with lr = 2.35e-05, Step [0169],                    [val_loss: 0.1878]
2022-09-08 14:39:38.667 | INFO     | aux.metrics.metrics:show:228 - Evaluate polyp
2022-09-08 14:39:38.668 | INFO     | aux.metrics.metrics:show:229 - Macro scores: Dice: 0.931 | IOU: 0.875
2022-09-08 14:39:38.668 | INFO     | aux.metrics.metrics:show:233 - Micro scores: Dice: 0.930 | IOU: 0.870
2022-09-08 14:39:38.668 | INFO     | aux.metrics.metrics:show:228 - Evaluate neo
2022-09-08 14:39:38.669 | INFO     | aux.metrics.metrics:show:229 - Macro scores: Dice: 0.876 | IOU: 0.805
2022-09-08 14:39:38.669 | INFO     | aux.metrics.metrics:show:233 - Micro scores: Dice: 0.909 | IOU: 0.833
2022-09-08 14:39:38.669 | INFO     | aux.metrics.metrics:show:228 - Evaluate non
2022-09-08 14:39:38.669 | INFO     | aux.metrics.metrics:show:229 - Macro scores: Dice: 0.742 | IOU: 0.626
2022-09-08 14:39:38.669 | INFO     | aux.metrics.metrics:show:233 - Micro scores: Dice: 0.764 | IOU: 0.619
2022-09-08 14:39:39.116 | INFO     | tools.trainer:train_loop:115 - [Saving Snapshot:]/home/s/hungpv/polyps/checkpoints/neo_large_v10/MiT-B3-FaPNHead_best.pth
2022-09-08 14:42:13.769 | INFO     | tools.trainer:val_loop:204 - Valid | Epoch [004/004], with lr = 2.35e-05, Step [0169],                    [val_loss: 0.1516]
2022-09-08 14:42:13.865 | INFO     | aux.metrics.metrics:show:228 - Evaluate polyp
2022-09-08 14:42:13.865 | INFO     | aux.metrics.metrics:show:229 - Macro scores: Dice: 0.933 | IOU: 0.878
2022-09-08 14:42:13.866 | INFO     | aux.metrics.metrics:show:233 - Micro scores: Dice: 0.934 | IOU: 0.876
2022-09-08 14:42:13.866 | INFO     | aux.metrics.metrics:show:228 - Evaluate neo
2022-09-08 14:42:13.866 | INFO     | aux.metrics.metrics:show:229 - Macro scores: Dice: 0.891 | IOU: 0.826
2022-09-08 14:42:13.866 | INFO     | aux.metrics.metrics:show:233 - Micro scores: Dice: 0.918 | IOU: 0.848
2022-09-08 14:42:13.866 | INFO     | aux.metrics.metrics:show:228 - Evaluate non
2022-09-08 14:42:13.867 | INFO     | aux.metrics.metrics:show:229 - Macro scores: Dice: 0.759 | IOU: 0.642
2022-09-08 14:42:13.867 | INFO     | aux.metrics.metrics:show:233 - Micro scores: Dice: 0.786 | IOU: 0.647
2022-09-08 14:42:14.307 | INFO     | tools.trainer:train_loop:115 - [Saving Snapshot:]/home/s/hungpv/polyps/checkpoints/neo_large_v10/MiT-B3-FaPNHead_best.pth
2022-09-08 14:44:48.608 | INFO     | tools.trainer:val_loop:204 - Valid | Epoch [005/005], with lr = 2.005850467894193e-05, Step [0169],                    [val_loss: 0.1497]
2022-09-08 14:44:48.714 | INFO     | aux.metrics.metrics:show:228 - Evaluate polyp
2022-09-08 14:44:48.714 | INFO     | aux.metrics.metrics:show:229 - Macro scores: Dice: 0.933 | IOU: 0.877
2022-09-08 14:44:48.714 | INFO     | aux.metrics.metrics:show:233 - Micro scores: Dice: 0.934 | IOU: 0.877
2022-09-08 14:44:48.715 | INFO     | aux.metrics.metrics:show:228 - Evaluate neo
2022-09-08 14:44:48.715 | INFO     | aux.metrics.metrics:show:229 - Macro scores: Dice: 0.897 | IOU: 0.833
2022-09-08 14:44:48.715 | INFO     | aux.metrics.metrics:show:233 - Micro scores: Dice: 0.921 | IOU: 0.854
2022-09-08 14:44:48.715 | INFO     | aux.metrics.metrics:show:228 - Evaluate non
2022-09-08 14:44:48.715 | INFO     | aux.metrics.metrics:show:229 - Macro scores: Dice: 0.776 | IOU: 0.667
2022-09-08 14:44:48.715 | INFO     | aux.metrics.metrics:show:233 - Micro scores: Dice: 0.794 | IOU: 0.658
2022-09-08 14:44:49.154 | INFO     | tools.trainer:train_loop:115 - [Saving Snapshot:]/home/s/hungpv/polyps/checkpoints/neo_large_v10/MiT-B3-FaPNHead_best.pth
2022-09-08 14:47:24.119 | INFO     | tools.trainer:val_loop:204 - Valid | Epoch [006/006], with lr = 1.6246530330289805e-05, Step [0169],                    [val_loss: 0.1481]
2022-09-08 14:47:24.222 | INFO     | aux.metrics.metrics:show:228 - Evaluate polyp
2022-09-08 14:47:24.223 | INFO     | aux.metrics.metrics:show:229 - Macro scores: Dice: 0.934 | IOU: 0.880
2022-09-08 14:47:24.223 | INFO     | aux.metrics.metrics:show:233 - Micro scores: Dice: 0.935 | IOU: 0.878
2022-09-08 14:47:24.223 | INFO     | aux.metrics.metrics:show:228 - Evaluate neo
2022-09-08 14:47:24.223 | INFO     | aux.metrics.metrics:show:229 - Macro scores: Dice: 0.907 | IOU: 0.841
2022-09-08 14:47:24.224 | INFO     | aux.metrics.metrics:show:233 - Micro scores: Dice: 0.922 | IOU: 0.856
2022-09-08 14:47:24.224 | INFO     | aux.metrics.metrics:show:228 - Evaluate non
2022-09-08 14:47:24.224 | INFO     | aux.metrics.metrics:show:229 - Macro scores: Dice: 0.780 | IOU: 0.668
2022-09-08 14:47:24.224 | INFO     | aux.metrics.metrics:show:233 - Micro scores: Dice: 0.796 | IOU: 0.661
2022-09-08 14:47:24.658 | INFO     | tools.trainer:train_loop:115 - [Saving Snapshot:]/home/s/hungpv/polyps/checkpoints/neo_large_v10/MiT-B3-FaPNHead_best.pth
2022-09-08 14:49:59.606 | INFO     | tools.trainer:val_loop:204 - Valid | Epoch [007/007], with lr = 1.175e-05, Step [0169],                    [val_loss: 0.1294]
2022-09-08 14:49:59.712 | INFO     | aux.metrics.metrics:show:228 - Evaluate polyp
2022-09-08 14:49:59.712 | INFO     | aux.metrics.metrics:show:229 - Macro scores: Dice: 0.934 | IOU: 0.880
2022-09-08 14:49:59.713 | INFO     | aux.metrics.metrics:show:233 - Micro scores: Dice: 0.937 | IOU: 0.881
2022-09-08 14:49:59.713 | INFO     | aux.metrics.metrics:show:228 - Evaluate neo
2022-09-08 14:49:59.713 | INFO     | aux.metrics.metrics:show:229 - Macro scores: Dice: 0.904 | IOU: 0.840
2022-09-08 14:49:59.713 | INFO     | aux.metrics.metrics:show:233 - Micro scores: Dice: 0.926 | IOU: 0.863
2022-09-08 14:49:59.713 | INFO     | aux.metrics.metrics:show:228 - Evaluate non
2022-09-08 14:49:59.714 | INFO     | aux.metrics.metrics:show:229 - Macro scores: Dice: 0.778 | IOU: 0.667
2022-09-08 14:49:59.714 | INFO     | aux.metrics.metrics:show:233 - Micro scores: Dice: 0.803 | IOU: 0.670
2022-09-08 14:50:00.157 | INFO     | tools.trainer:train_loop:115 - [Saving Snapshot:]/home/s/hungpv/polyps/checkpoints/neo_large_v10/MiT-B3-FaPNHead_best.pth
2022-09-08 14:50:00.559 | INFO     | tools.trainer:train_loop:138 - [Saving Snapshot:]/home/s/hungpv/polyps/checkpoints/neo_large_v10/MiT-B3-FaPNHead_8.pth
2022-09-08 14:50:00.559 | INFO     | tools.trainer:train_loop:147 - Training cost: 1238.5355353546329seconds
