2022-09-06 23:22:39.087 | INFO     | __main__:main:57 - Load config from configs/neo_large.yaml
2022-09-06 23:22:39.087 | INFO     | __main__:main:58 - {'dataset': {'data_path': '/home/s/WLIv5_pub_noud', 'train_data_path': ['/home/s/WLIv5_pub_noud/Test'], 'test_data_path': ['/home/s/WLIv5_pub_noud/Test'], 'val_data_path': ['/home/s/WLIv5_pub_noud/Test']}, 'model': {'num_classes': 3, 'save_dir': '/home/s/hungpv/polyps/checkpoints/neo_large_v6', 'backbone': 'MiT-B3', 'head': 'FaPNHead', 'pretrained': '/home/s/hungpv/polyps/pretrained_models/mit_b3.pth'}, 'optimizer': {'name': 'adam', 'lr': 2e-05, 'clip': 0.5, 'scheduler': 'cosine_warmup', 'loss': 'multi_structure_loss'}, 'dev': 'cuda', 'train': {'start_from': 0, 'save_from': 14, 'num_epochs': 15, 'num_warmup_epoch': 2, 'is_val': True, 'size_rates': [0.75, 1, 1.25], 'dataloader': {'batchsize': 16, 'img_size': 384, 'shuffle': True, 'num_workers': 4, 'pin_memory': True, 'drop_last': True}, 'amp': False, 'ddp': False, 'augment': {'prob': 1, 'Flip_prob': 0.5, 'HueSaturationValue_prob': 0.5, 'RandomBrightnessContrast_prob': 0.5, 'crop_prob': 0.0, 'randomrotate90_prob': 0.5, 'elastictransform_prob': 0.0, 'ColorJitter_prob': 0.5}}, 'val': {'dataloader': {'batchsize': 8, 'img_size': 384, 'shuffle': True, 'num_workers': 4, 'pin_memory': True, 'drop_last': False}}, 'test': {'dev': 'cuda', 'visualize': True, 'visualize_dir': '/home/s/hungpv/polyps/neo_visualize', 'vis_x': 180, 'vis_overwrite': False, 'checkpoint_dir': '/home/s/hungpv/polyps/checkpoints/neo_large_v7/MiT-B3-FaPNHead_150.pth', 'dataloader': {'batchsize': 1, 'img_size': 384, 'shuffle': True, 'num_workers': 4, 'pin_memory': True, 'drop_last': False}, 'augment': {'prob': 1, 'Flip_prob': 0, 'HueSaturationValue_prob': 0, 'RandomBrightnessContrast_prob': 0, 'crop_prob': 0, 'randomrotate90_prob': 0, 'elastictransform_prob': 0, 'gridistortion_prob': 0, 'opticaldistortion_prob': 0, 'verticalflip_prob': 0, 'horizontalflip_prob': 0, 'randomgamma_prob': 0, 'CoarseDropout_prob': 0, 'RGBShift_prob': 0, 'MotionBlur_prob': 0, 'MedianBlur_prob': 0, 'GaussianBlur_prob': 0, 'GaussNoise_prob': 0, 'ChannelShuffle_prob': 0}}}
2022-09-06 23:22:39.087 | INFO     | __main__:main:59 - Getting datapath
2022-09-06 23:22:39.094 | INFO     | __main__:main:74 - There are 1353 images to train
2022-09-06 23:22:39.100 | INFO     | __main__:main:91 - There are 1353 images to val
2022-09-06 23:22:39.100 | INFO     | __main__:main:95 - Loading data
2022-09-06 23:22:39.308 | INFO     | __main__:main:109 - 84 batches to train
2022-09-06 23:22:39.511 | INFO     | __main__:main:122 - Loading model
2022-09-06 23:22:39.511 | INFO     | __main__:main:143 - Loading checkpoint from /home/s/hungpv/polyps/pretrained_models/mit_b3.pth ...
2022-09-06 23:22:42.830 | INFO     | __main__:main:190 - Training with FP32 ...
2022-09-06 23:25:18.615 | INFO     | tools.trainer:val_loop:204 - Valid | Epoch [000/000], with lr = 2.5e-06, Step [0169],                    [val_loss: 0.1519]
2022-09-06 23:25:18.727 | INFO     | aux.metrics.metrics:show:228 - Evaluate polyp
2022-09-06 23:25:18.728 | INFO     | aux.metrics.metrics:show:229 - Macro scores: Dice: 0.925 | IOU: 0.865
2022-09-06 23:25:18.728 | INFO     | aux.metrics.metrics:show:233 - Micro scores: Dice: 0.926 | IOU: 0.863
2022-09-06 23:25:18.728 | INFO     | aux.metrics.metrics:show:228 - Evaluate neo
2022-09-06 23:25:18.728 | INFO     | aux.metrics.metrics:show:229 - Macro scores: Dice: 0.868 | IOU: 0.789
2022-09-06 23:25:18.728 | INFO     | aux.metrics.metrics:show:233 - Micro scores: Dice: 0.902 | IOU: 0.821
2022-09-06 23:25:18.728 | INFO     | aux.metrics.metrics:show:228 - Evaluate non
2022-09-06 23:25:18.729 | INFO     | aux.metrics.metrics:show:229 - Macro scores: Dice: 0.721 | IOU: 0.599
2022-09-06 23:25:18.729 | INFO     | aux.metrics.metrics:show:233 - Micro scores: Dice: 0.735 | IOU: 0.581
2022-09-06 23:25:19.180 | INFO     | tools.trainer:train_loop:115 - [Saving Snapshot:]/home/s/hungpv/polyps/checkpoints/neo_large_v6/MiT-B3-FaPNHead_best.pth
2022-09-06 23:27:53.341 | INFO     | tools.trainer:val_loop:204 - Valid | Epoch [001/001], with lr = 2.5e-06, Step [0169],                    [val_loss: 0.1833]
2022-09-06 23:27:53.448 | INFO     | aux.metrics.metrics:show:228 - Evaluate polyp
2022-09-06 23:27:53.449 | INFO     | aux.metrics.metrics:show:229 - Macro scores: Dice: 0.925 | IOU: 0.865
2022-09-06 23:27:53.449 | INFO     | aux.metrics.metrics:show:233 - Micro scores: Dice: 0.927 | IOU: 0.864
2022-09-06 23:27:53.449 | INFO     | aux.metrics.metrics:show:228 - Evaluate neo
2022-09-06 23:27:53.449 | INFO     | aux.metrics.metrics:show:229 - Macro scores: Dice: 0.874 | IOU: 0.797
2022-09-06 23:27:53.449 | INFO     | aux.metrics.metrics:show:233 - Micro scores: Dice: 0.905 | IOU: 0.827
2022-09-06 23:27:53.449 | INFO     | aux.metrics.metrics:show:228 - Evaluate non
2022-09-06 23:27:53.450 | INFO     | aux.metrics.metrics:show:229 - Macro scores: Dice: 0.715 | IOU: 0.593
2022-09-06 23:27:53.450 | INFO     | aux.metrics.metrics:show:233 - Micro scores: Dice: 0.744 | IOU: 0.592
2022-09-06 23:27:53.899 | INFO     | tools.trainer:train_loop:115 - [Saving Snapshot:]/home/s/hungpv/polyps/checkpoints/neo_large_v6/MiT-B3-FaPNHead_best.pth
2022-09-06 23:30:28.096 | INFO     | tools.trainer:val_loop:204 - Valid | Epoch [002/002], with lr = 1.125e-05, Step [0169],                    [val_loss: 0.2003]
2022-09-06 23:30:28.204 | INFO     | aux.metrics.metrics:show:228 - Evaluate polyp
2022-09-06 23:30:28.204 | INFO     | aux.metrics.metrics:show:229 - Macro scores: Dice: 0.927 | IOU: 0.869
2022-09-06 23:30:28.204 | INFO     | aux.metrics.metrics:show:233 - Micro scores: Dice: 0.928 | IOU: 0.866
2022-09-06 23:30:28.204 | INFO     | aux.metrics.metrics:show:228 - Evaluate neo
2022-09-06 23:30:28.204 | INFO     | aux.metrics.metrics:show:229 - Macro scores: Dice: 0.877 | IOU: 0.804
2022-09-06 23:30:28.205 | INFO     | aux.metrics.metrics:show:233 - Micro scores: Dice: 0.912 | IOU: 0.838
2022-09-06 23:30:28.205 | INFO     | aux.metrics.metrics:show:228 - Evaluate non
2022-09-06 23:30:28.205 | INFO     | aux.metrics.metrics:show:229 - Macro scores: Dice: 0.749 | IOU: 0.630
2022-09-06 23:30:28.205 | INFO     | aux.metrics.metrics:show:233 - Micro scores: Dice: 0.774 | IOU: 0.631
2022-09-06 23:30:28.651 | INFO     | tools.trainer:train_loop:115 - [Saving Snapshot:]/home/s/hungpv/polyps/checkpoints/neo_large_v6/MiT-B3-FaPNHead_best.pth
2022-09-06 23:33:01.845 | INFO     | tools.trainer:val_loop:204 - Valid | Epoch [003/003], with lr = 2e-05, Step [0169],                    [val_loss: 0.1665]
2022-09-06 23:33:01.949 | INFO     | aux.metrics.metrics:show:228 - Evaluate polyp
2022-09-06 23:33:01.949 | INFO     | aux.metrics.metrics:show:229 - Macro scores: Dice: 0.930 | IOU: 0.873
2022-09-06 23:33:01.949 | INFO     | aux.metrics.metrics:show:233 - Micro scores: Dice: 0.930 | IOU: 0.869
2022-09-06 23:33:01.949 | INFO     | aux.metrics.metrics:show:228 - Evaluate neo
2022-09-06 23:33:01.950 | INFO     | aux.metrics.metrics:show:229 - Macro scores: Dice: 0.889 | IOU: 0.821
2022-09-06 23:33:01.950 | INFO     | aux.metrics.metrics:show:233 - Micro scores: Dice: 0.914 | IOU: 0.842
2022-09-06 23:33:01.950 | INFO     | aux.metrics.metrics:show:228 - Evaluate non
2022-09-06 23:33:01.950 | INFO     | aux.metrics.metrics:show:229 - Macro scores: Dice: 0.745 | IOU: 0.627
2022-09-06 23:33:01.950 | INFO     | aux.metrics.metrics:show:233 - Micro scores: Dice: 0.761 | IOU: 0.614
2022-09-06 23:35:36.514 | INFO     | tools.trainer:val_loop:204 - Valid | Epoch [004/004], with lr = 2e-05, Step [0169],                    [val_loss: 0.1710]
2022-09-06 23:35:36.615 | INFO     | aux.metrics.metrics:show:228 - Evaluate polyp
2022-09-06 23:35:36.615 | INFO     | aux.metrics.metrics:show:229 - Macro scores: Dice: 0.933 | IOU: 0.879
2022-09-06 23:35:36.615 | INFO     | aux.metrics.metrics:show:233 - Micro scores: Dice: 0.934 | IOU: 0.876
2022-09-06 23:35:36.615 | INFO     | aux.metrics.metrics:show:228 - Evaluate neo
2022-09-06 23:35:36.615 | INFO     | aux.metrics.metrics:show:229 - Macro scores: Dice: 0.893 | IOU: 0.825
2022-09-06 23:35:36.616 | INFO     | aux.metrics.metrics:show:233 - Micro scores: Dice: 0.916 | IOU: 0.845
2022-09-06 23:35:36.616 | INFO     | aux.metrics.metrics:show:228 - Evaluate non
2022-09-06 23:35:36.616 | INFO     | aux.metrics.metrics:show:229 - Macro scores: Dice: 0.750 | IOU: 0.631
2022-09-06 23:35:36.616 | INFO     | aux.metrics.metrics:show:233 - Micro scores: Dice: 0.777 | IOU: 0.635
2022-09-06 23:35:37.071 | INFO     | tools.trainer:train_loop:115 - [Saving Snapshot:]/home/s/hungpv/polyps/checkpoints/neo_large_v6/MiT-B3-FaPNHead_best.pth
2022-09-06 23:38:10.869 | INFO     | tools.trainer:val_loop:204 - Valid | Epoch [005/005], with lr = 1.913545457642601e-05, Step [0169],                    [val_loss: 0.1487]
2022-09-06 23:38:10.976 | INFO     | aux.metrics.metrics:show:228 - Evaluate polyp
2022-09-06 23:38:10.977 | INFO     | aux.metrics.metrics:show:229 - Macro scores: Dice: 0.933 | IOU: 0.877
2022-09-06 23:38:10.977 | INFO     | aux.metrics.metrics:show:233 - Micro scores: Dice: 0.934 | IOU: 0.876
2022-09-06 23:38:10.977 | INFO     | aux.metrics.metrics:show:228 - Evaluate neo
2022-09-06 23:38:10.977 | INFO     | aux.metrics.metrics:show:229 - Macro scores: Dice: 0.895 | IOU: 0.832
2022-09-06 23:38:10.978 | INFO     | aux.metrics.metrics:show:233 - Micro scores: Dice: 0.916 | IOU: 0.845
2022-09-06 23:38:10.978 | INFO     | aux.metrics.metrics:show:228 - Evaluate non
2022-09-06 23:38:10.978 | INFO     | aux.metrics.metrics:show:229 - Macro scores: Dice: 0.767 | IOU: 0.658
2022-09-06 23:38:10.978 | INFO     | aux.metrics.metrics:show:233 - Micro scores: Dice: 0.789 | IOU: 0.652
2022-09-06 23:38:11.428 | INFO     | tools.trainer:train_loop:115 - [Saving Snapshot:]/home/s/hungpv/polyps/checkpoints/neo_large_v6/MiT-B3-FaPNHead_best.pth
2022-09-06 23:40:45.647 | INFO     | tools.trainer:val_loop:204 - Valid | Epoch [006/006], with lr = 1.8090169943749477e-05, Step [0169],                    [val_loss: 0.1467]
2022-09-06 23:40:45.772 | INFO     | aux.metrics.metrics:show:228 - Evaluate polyp
2022-09-06 23:40:45.772 | INFO     | aux.metrics.metrics:show:229 - Macro scores: Dice: 0.934 | IOU: 0.880
2022-09-06 23:40:45.773 | INFO     | aux.metrics.metrics:show:233 - Micro scores: Dice: 0.935 | IOU: 0.878
2022-09-06 23:40:45.773 | INFO     | aux.metrics.metrics:show:228 - Evaluate neo
2022-09-06 23:40:45.773 | INFO     | aux.metrics.metrics:show:229 - Macro scores: Dice: 0.900 | IOU: 0.833
2022-09-06 23:40:45.773 | INFO     | aux.metrics.metrics:show:233 - Micro scores: Dice: 0.923 | IOU: 0.856
2022-09-06 23:40:45.773 | INFO     | aux.metrics.metrics:show:228 - Evaluate non
2022-09-06 23:40:45.773 | INFO     | aux.metrics.metrics:show:229 - Macro scores: Dice: 0.784 | IOU: 0.671
2022-09-06 23:40:45.774 | INFO     | aux.metrics.metrics:show:233 - Micro scores: Dice: 0.796 | IOU: 0.661
2022-09-06 23:40:46.226 | INFO     | tools.trainer:train_loop:115 - [Saving Snapshot:]/home/s/hungpv/polyps/checkpoints/neo_large_v6/MiT-B3-FaPNHead_best.pth
2022-09-06 23:43:20.554 | INFO     | tools.trainer:val_loop:204 - Valid | Epoch [007/007], with lr = 1.6691306063588583e-05, Step [0169],                    [val_loss: 0.1353]
2022-09-06 23:43:20.669 | INFO     | aux.metrics.metrics:show:228 - Evaluate polyp
2022-09-06 23:43:20.669 | INFO     | aux.metrics.metrics:show:229 - Macro scores: Dice: 0.934 | IOU: 0.879
2022-09-06 23:43:20.669 | INFO     | aux.metrics.metrics:show:233 - Micro scores: Dice: 0.936 | IOU: 0.880
2022-09-06 23:43:20.669 | INFO     | aux.metrics.metrics:show:228 - Evaluate neo
2022-09-06 23:43:20.670 | INFO     | aux.metrics.metrics:show:229 - Macro scores: Dice: 0.894 | IOU: 0.826
2022-09-06 23:43:20.670 | INFO     | aux.metrics.metrics:show:233 - Micro scores: Dice: 0.921 | IOU: 0.854
2022-09-06 23:43:20.670 | INFO     | aux.metrics.metrics:show:228 - Evaluate non
2022-09-06 23:43:20.670 | INFO     | aux.metrics.metrics:show:229 - Macro scores: Dice: 0.763 | IOU: 0.651
2022-09-06 23:43:20.670 | INFO     | aux.metrics.metrics:show:233 - Micro scores: Dice: 0.793 | IOU: 0.657
2022-09-06 23:45:54.716 | INFO     | tools.trainer:val_loop:204 - Valid | Epoch [008/008], with lr = 1.5000000000000002e-05, Step [0169],                    [val_loss: 0.1549]
2022-09-06 23:45:54.815 | INFO     | aux.metrics.metrics:show:228 - Evaluate polyp
2022-09-06 23:45:54.816 | INFO     | aux.metrics.metrics:show:229 - Macro scores: Dice: 0.937 | IOU: 0.885
2022-09-06 23:45:54.816 | INFO     | aux.metrics.metrics:show:233 - Micro scores: Dice: 0.937 | IOU: 0.882
2022-09-06 23:45:54.816 | INFO     | aux.metrics.metrics:show:228 - Evaluate neo
2022-09-06 23:45:54.816 | INFO     | aux.metrics.metrics:show:229 - Macro scores: Dice: 0.911 | IOU: 0.847
2022-09-06 23:45:54.817 | INFO     | aux.metrics.metrics:show:233 - Micro scores: Dice: 0.926 | IOU: 0.862
2022-09-06 23:45:54.817 | INFO     | aux.metrics.metrics:show:228 - Evaluate non
2022-09-06 23:45:54.817 | INFO     | aux.metrics.metrics:show:229 - Macro scores: Dice: 0.790 | IOU: 0.677
2022-09-06 23:45:54.817 | INFO     | aux.metrics.metrics:show:233 - Micro scores: Dice: 0.801 | IOU: 0.668
2022-09-06 23:45:55.269 | INFO     | tools.trainer:train_loop:115 - [Saving Snapshot:]/home/s/hungpv/polyps/checkpoints/neo_large_v6/MiT-B3-FaPNHead_best.pth
2022-09-06 23:48:29.909 | INFO     | tools.trainer:val_loop:204 - Valid | Epoch [009/009], with lr = 1.3090169943749475e-05, Step [0169],                    [val_loss: 0.1761]
2022-09-06 23:48:30.015 | INFO     | aux.metrics.metrics:show:228 - Evaluate polyp
2022-09-06 23:48:30.015 | INFO     | aux.metrics.metrics:show:229 - Macro scores: Dice: 0.938 | IOU: 0.885
2022-09-06 23:48:30.016 | INFO     | aux.metrics.metrics:show:233 - Micro scores: Dice: 0.937 | IOU: 0.881
2022-09-06 23:48:30.016 | INFO     | aux.metrics.metrics:show:228 - Evaluate neo
2022-09-06 23:48:30.016 | INFO     | aux.metrics.metrics:show:229 - Macro scores: Dice: 0.900 | IOU: 0.838
2022-09-06 23:48:30.016 | INFO     | aux.metrics.metrics:show:233 - Micro scores: Dice: 0.927 | IOU: 0.863
2022-09-06 23:48:30.016 | INFO     | aux.metrics.metrics:show:228 - Evaluate non
2022-09-06 23:48:30.016 | INFO     | aux.metrics.metrics:show:229 - Macro scores: Dice: 0.777 | IOU: 0.664
2022-09-06 23:48:30.017 | INFO     | aux.metrics.metrics:show:233 - Micro scores: Dice: 0.805 | IOU: 0.673
2022-09-06 23:48:30.467 | INFO     | tools.trainer:train_loop:115 - [Saving Snapshot:]/home/s/hungpv/polyps/checkpoints/neo_large_v6/MiT-B3-FaPNHead_best.pth
2022-09-06 23:51:06.923 | INFO     | tools.trainer:val_loop:204 - Valid | Epoch [010/010], with lr = 1.1045284632676535e-05, Step [0169],                    [val_loss: 0.1498]
2022-09-06 23:51:07.041 | INFO     | aux.metrics.metrics:show:228 - Evaluate polyp
2022-09-06 23:51:07.041 | INFO     | aux.metrics.metrics:show:229 - Macro scores: Dice: 0.939 | IOU: 0.888
2022-09-06 23:51:07.042 | INFO     | aux.metrics.metrics:show:233 - Micro scores: Dice: 0.938 | IOU: 0.883
2022-09-06 23:51:07.042 | INFO     | aux.metrics.metrics:show:228 - Evaluate neo
2022-09-06 23:51:07.042 | INFO     | aux.metrics.metrics:show:229 - Macro scores: Dice: 0.907 | IOU: 0.842
2022-09-06 23:51:07.042 | INFO     | aux.metrics.metrics:show:233 - Micro scores: Dice: 0.927 | IOU: 0.864
2022-09-06 23:51:07.042 | INFO     | aux.metrics.metrics:show:228 - Evaluate non
2022-09-06 23:51:07.042 | INFO     | aux.metrics.metrics:show:229 - Macro scores: Dice: 0.793 | IOU: 0.681
2022-09-06 23:51:07.042 | INFO     | aux.metrics.metrics:show:233 - Micro scores: Dice: 0.806 | IOU: 0.676
2022-09-06 23:51:07.494 | INFO     | tools.trainer:train_loop:115 - [Saving Snapshot:]/home/s/hungpv/polyps/checkpoints/neo_large_v6/MiT-B3-FaPNHead_best.pth
2022-09-06 23:53:42.504 | INFO     | tools.trainer:val_loop:204 - Valid | Epoch [011/011], with lr = 8.954715367323468e-06, Step [0169],                    [val_loss: 0.1462]
2022-09-06 23:53:42.616 | INFO     | aux.metrics.metrics:show:228 - Evaluate polyp
2022-09-06 23:53:42.617 | INFO     | aux.metrics.metrics:show:229 - Macro scores: Dice: 0.939 | IOU: 0.887
2022-09-06 23:53:42.617 | INFO     | aux.metrics.metrics:show:233 - Micro scores: Dice: 0.939 | IOU: 0.886
2022-09-06 23:53:42.617 | INFO     | aux.metrics.metrics:show:228 - Evaluate neo
2022-09-06 23:53:42.617 | INFO     | aux.metrics.metrics:show:229 - Macro scores: Dice: 0.909 | IOU: 0.848
2022-09-06 23:53:42.617 | INFO     | aux.metrics.metrics:show:233 - Micro scores: Dice: 0.928 | IOU: 0.866
2022-09-06 23:53:42.618 | INFO     | aux.metrics.metrics:show:228 - Evaluate non
2022-09-06 23:53:42.618 | INFO     | aux.metrics.metrics:show:229 - Macro scores: Dice: 0.780 | IOU: 0.671
2022-09-06 23:53:42.618 | INFO     | aux.metrics.metrics:show:233 - Micro scores: Dice: 0.808 | IOU: 0.678
2022-09-06 23:53:43.077 | INFO     | tools.trainer:train_loop:115 - [Saving Snapshot:]/home/s/hungpv/polyps/checkpoints/neo_large_v6/MiT-B3-FaPNHead_best.pth
2022-09-06 23:56:18.929 | INFO     | tools.trainer:val_loop:204 - Valid | Epoch [012/012], with lr = 6.909830056250527e-06, Step [0169],                    [val_loss: 0.1471]
2022-09-06 23:56:19.052 | INFO     | aux.metrics.metrics:show:228 - Evaluate polyp
2022-09-06 23:56:19.053 | INFO     | aux.metrics.metrics:show:229 - Macro scores: Dice: 0.937 | IOU: 0.885
2022-09-06 23:56:19.053 | INFO     | aux.metrics.metrics:show:233 - Micro scores: Dice: 0.940 | IOU: 0.886
2022-09-06 23:56:19.053 | INFO     | aux.metrics.metrics:show:228 - Evaluate neo
2022-09-06 23:56:19.053 | INFO     | aux.metrics.metrics:show:229 - Macro scores: Dice: 0.905 | IOU: 0.844
2022-09-06 23:56:19.053 | INFO     | aux.metrics.metrics:show:233 - Micro scores: Dice: 0.931 | IOU: 0.872
2022-09-06 23:56:19.053 | INFO     | aux.metrics.metrics:show:228 - Evaluate non
2022-09-06 23:56:19.054 | INFO     | aux.metrics.metrics:show:229 - Macro scores: Dice: 0.786 | IOU: 0.680
2022-09-06 23:56:19.054 | INFO     | aux.metrics.metrics:show:233 - Micro scores: Dice: 0.814 | IOU: 0.687
2022-09-06 23:56:19.506 | INFO     | tools.trainer:train_loop:115 - [Saving Snapshot:]/home/s/hungpv/polyps/checkpoints/neo_large_v6/MiT-B3-FaPNHead_best.pth
2022-09-06 23:58:54.040 | INFO     | tools.trainer:val_loop:204 - Valid | Epoch [013/013], with lr = 5.000000000000003e-06, Step [0169],                    [val_loss: 0.1372]
2022-09-06 23:58:54.142 | INFO     | aux.metrics.metrics:show:228 - Evaluate polyp
2022-09-06 23:58:54.143 | INFO     | aux.metrics.metrics:show:229 - Macro scores: Dice: 0.937 | IOU: 0.884
2022-09-06 23:58:54.143 | INFO     | aux.metrics.metrics:show:233 - Micro scores: Dice: 0.940 | IOU: 0.887
2022-09-06 23:58:54.143 | INFO     | aux.metrics.metrics:show:228 - Evaluate neo
2022-09-06 23:58:54.143 | INFO     | aux.metrics.metrics:show:229 - Macro scores: Dice: 0.896 | IOU: 0.839
2022-09-06 23:58:54.143 | INFO     | aux.metrics.metrics:show:233 - Micro scores: Dice: 0.931 | IOU: 0.872
2022-09-06 23:58:54.144 | INFO     | aux.metrics.metrics:show:228 - Evaluate non
2022-09-06 23:58:54.144 | INFO     | aux.metrics.metrics:show:229 - Macro scores: Dice: 0.792 | IOU: 0.686
2022-09-06 23:58:54.144 | INFO     | aux.metrics.metrics:show:233 - Micro scores: Dice: 0.818 | IOU: 0.692
2022-09-06 23:58:54.595 | INFO     | tools.trainer:train_loop:115 - [Saving Snapshot:]/home/s/hungpv/polyps/checkpoints/neo_large_v6/MiT-B3-FaPNHead_best.pth
2022-09-07 00:01:30.169 | INFO     | tools.trainer:val_loop:204 - Valid | Epoch [014/014], with lr = 3.308693936411421e-06, Step [0169],                    [val_loss: 0.1188]
2022-09-07 00:01:30.271 | INFO     | aux.metrics.metrics:show:228 - Evaluate polyp
2022-09-07 00:01:30.271 | INFO     | aux.metrics.metrics:show:229 - Macro scores: Dice: 0.940 | IOU: 0.889
2022-09-07 00:01:30.271 | INFO     | aux.metrics.metrics:show:233 - Micro scores: Dice: 0.941 | IOU: 0.888
2022-09-07 00:01:30.271 | INFO     | aux.metrics.metrics:show:228 - Evaluate neo
2022-09-07 00:01:30.272 | INFO     | aux.metrics.metrics:show:229 - Macro scores: Dice: 0.896 | IOU: 0.835
2022-09-07 00:01:30.272 | INFO     | aux.metrics.metrics:show:233 - Micro scores: Dice: 0.932 | IOU: 0.873
2022-09-07 00:01:30.272 | INFO     | aux.metrics.metrics:show:228 - Evaluate non
2022-09-07 00:01:30.272 | INFO     | aux.metrics.metrics:show:229 - Macro scores: Dice: 0.793 | IOU: 0.686
2022-09-07 00:01:30.272 | INFO     | aux.metrics.metrics:show:233 - Micro scores: Dice: 0.820 | IOU: 0.695
2022-09-07 00:01:30.732 | INFO     | tools.trainer:train_loop:115 - [Saving Snapshot:]/home/s/hungpv/polyps/checkpoints/neo_large_v6/MiT-B3-FaPNHead_best.pth
2022-09-07 00:01:31.135 | INFO     | tools.trainer:train_loop:138 - [Saving Snapshot:]/home/s/hungpv/polyps/checkpoints/neo_large_v6/MiT-B3-FaPNHead_15.pth
2022-09-07 00:01:31.135 | INFO     | tools.trainer:train_loop:147 - Training cost: 2327.362392371986seconds
