2022-07-08 20:48:24.917 | INFO     | __main__:main:57 - Load config from configs/neo_large.yaml
2022-07-08 20:48:24.918 | INFO     | __main__:main:58 - {'dataset': {'data_path': '/home/s/WLIv5_pub_noud', 'train_data_path': ['/home/s/hungpv/polyps/datatest/train'], 'test_data_path': ['/home/s/hungpv/polyps/datatest/test'], 'val_data_path': ['/home/s/hungpv/polyps/datatest/test']}, 'model': {'num_classes': 3, 'save_dir': '/home/s/hungpv/polyps/checkpoints/neo_large_v1', 'backbone': 'MiT-B3', 'head': 'UPerHead', 'pretrained': '/home/s/hungpv/polyps/pretrained_models/mit_b3.pth'}, 'optimizer': {'name': 'adam', 'lr': 0.0001, 'clip': 0.5, 'scheduler': 'cosine_warmup', 'loss': 'structure_loss'}, 'dev': 'cuda', 'train': {'start_from': 0, 'save_from': 59, 'num_epochs': 60, 'num_warmup_epoch': 4, 'is_val': True, 'size_rates': [0.75, 1, 1.25], 'dataloader': {'batchsize': 16, 'img_size': 352, 'shuffle': True, 'num_workers': 4, 'pin_memory': True, 'drop_last': True}, 'amp': False, 'ddp': False, 'augment': {'prob': 1, 'Flip_prob': 0.5, 'HueSaturationValue_prob': 0.5, 'RandomBrightnessContrast_prob': 0.5, 'randomrotate90_prob': 0.5}}, 'val': {'dataloader': {'batchsize': 16, 'img_size': 352, 'shuffle': True, 'num_workers': 4, 'pin_memory': True, 'drop_last': True}}, 'test': {'dev': 'cuda', 'visualize': False, 'visualize_dir': '/mnt/data/hungpv/polyps/visualize', 'vis_x': 180, 'vis_overwrite': False, 'checkpoint_dir': '/home/s/hungpv/polyps/checkpoints/neo_large_v1/MiT-B3-UPerHead_3.pth', 'dataloader': {'batchsize': 1, 'img_size': 352, 'shuffle': True, 'num_workers': 2, 'pin_memory': True, 'drop_last': True}, 'augment': {'prob': 1, 'Flip_prob': 0, 'HueSaturationValue_prob': 0, 'RandomBrightnessContrast_prob': 0, 'crop_prob': 0, 'randomrotate90_prob': 0, 'elastictransform_prob': 0, 'gridistortion_prob': 0, 'opticaldistortion_prob': 0, 'verticalflip_prob': 0, 'horizontalflip_prob': 0, 'randomgamma_prob': 0, 'CoarseDropout_prob': 0, 'RGBShift_prob': 0, 'MotionBlur_prob': 0, 'MedianBlur_prob': 0, 'GaussianBlur_prob': 0, 'GaussNoise_prob': 0, 'ChannelShuffle_prob': 0}}}
2022-07-08 20:48:24.918 | INFO     | __main__:main:59 - Getting datapath
2022-07-08 20:48:24.918 | INFO     | __main__:main:74 - There are 100 images to train
2022-07-08 20:48:24.919 | INFO     | __main__:main:91 - There are 50 images to val
2022-07-08 20:48:24.919 | INFO     | __main__:main:95 - Loading data
2022-07-08 20:48:24.937 | INFO     | __main__:main:109 - 6 batches to train
2022-07-08 20:48:24.945 | INFO     | __main__:main:122 - Loading model
2022-07-08 20:48:24.945 | INFO     | __main__:main:143 - Loading checkpoint from /home/s/hungpv/polyps/pretrained_models/mit_b3.pth ...
2022-07-08 20:48:28.097 | INFO     | __main__:main:186 - Training with FP32 ...
2022-07-08 20:48:41.136 | INFO     | tools.trainer:val_loop:183 - Valid | Epoch [000/000], with lr = 1.25e-05, Step [0002],                    [val_loss: 3.7622]
2022-07-08 20:48:41.351 | INFO     | tools.trainer:val_loop:209 - Macro scores: Dice all: 0.089 | IOU all: 0.047 | Dice neo: 0.101 | IOU neo: 0.053 | Dice non: 0.002 | IOU non: 0.001
2022-07-08 20:48:52.477 | INFO     | tools.trainer:val_loop:183 - Valid | Epoch [001/001], with lr = 1.25e-05, Step [0002],                    [val_loss: 3.0426]
2022-07-08 20:48:52.699 | INFO     | tools.trainer:val_loop:209 - Macro scores: Dice all: 0.097 | IOU all: 0.051 | Dice neo: 0.102 | IOU neo: 0.054 | Dice non: 0.006 | IOU non: 0.003
2022-07-08 20:49:03.831 | INFO     | tools.trainer:val_loop:183 - Valid | Epoch [002/002], with lr = 3.4375e-05, Step [0002],                    [val_loss: 3.0121]
2022-07-08 20:49:04.045 | INFO     | tools.trainer:val_loop:209 - Macro scores: Dice all: 0.088 | IOU all: 0.046 | Dice neo: 0.090 | IOU neo: 0.047 | Dice non: 0.004 | IOU non: 0.002
2022-07-08 20:49:04.517 | INFO     | tools.trainer:train_loop:115 - [Saving Snapshot:]/home/s/hungpv/polyps/checkpoints/neo_large_v1/MiT-B3-UPerHead_3.pth
2022-07-08 20:49:15.663 | INFO     | tools.trainer:val_loop:183 - Valid | Epoch [003/003], with lr = 5.6250000000000005e-05, Step [0002],                    [val_loss: 2.8714]
2022-07-08 20:49:15.876 | INFO     | tools.trainer:val_loop:209 - Macro scores: Dice all: 0.103 | IOU all: 0.054 | Dice neo: 0.102 | IOU neo: 0.054 | Dice non: 0.003 | IOU non: 0.001
2022-07-08 20:49:27.070 | INFO     | tools.trainer:val_loop:183 - Valid | Epoch [004/004], with lr = 7.8125e-05, Step [0002],                    [val_loss: 2.0596]
2022-07-08 20:49:27.289 | INFO     | tools.trainer:val_loop:209 - Macro scores: Dice all: 0.134 | IOU all: 0.072 | Dice neo: 0.133 | IOU neo: 0.071 | Dice non: 0.001 | IOU non: 0.000
2022-07-08 20:49:38.406 | INFO     | tools.trainer:val_loop:183 - Valid | Epoch [005/005], with lr = 0.0001, Step [0002],                    [val_loss: 1.4102]
2022-07-08 20:49:38.629 | INFO     | tools.trainer:val_loop:209 - Macro scores: Dice all: 0.122 | IOU all: 0.065 | Dice neo: 0.120 | IOU neo: 0.064 | Dice non: 0.000 | IOU non: 0.000
2022-07-08 20:49:49.814 | INFO     | tools.trainer:val_loop:183 - Valid | Epoch [006/006], with lr = 0.0001, Step [0002],                    [val_loss: 2.2640]
2022-07-08 20:49:50.019 | INFO     | tools.trainer:val_loop:209 - Macro scores: Dice all: 0.097 | IOU all: 0.051 | Dice neo: 0.093 | IOU neo: 0.049 | Dice non: 0.000 | IOU non: 0.000
