2022-07-12 10:43:33.221 | INFO     | __main__:main:57 - Load config from configs/neo_large.yaml
2022-07-12 10:43:33.221 | INFO     | __main__:main:58 - {'dataset': {'data_path': '/home/s/WLIv5_pub_noud', 'train_data_path': ['/home/s/WLIv5_pub_noud/Train'], 'test_data_path': ['/home/s/WLIv5_pub_noud/Test'], 'val_data_path': ['/home/s/WLIv5_pub_noud/Test']}, 'model': {'num_classes': 3, 'save_dir': '/home/s/hungpv/polyps/checkpoints/neo_large_v6', 'backbone': 'MiT-B3', 'head': 'UPerHead', 'pretrained': '/home/s/hungpv/polyps/pretrained_models/mit_b3.pth'}, 'optimizer': {'name': 'adam', 'lr': 0.0001, 'clip': 0.5, 'scheduler': 'cosine_warmup', 'loss': 'CELoss'}, 'dev': 'cuda', 'train': {'start_from': 0, 'save_from': 59, 'num_epochs': 60, 'num_warmup_epoch': 4, 'is_val': True, 'size_rates': [0.75, 1, 1.25], 'dataloader': {'batchsize': 16, 'img_size': 352, 'shuffle': True, 'num_workers': 4, 'pin_memory': True, 'drop_last': True}, 'amp': False, 'ddp': False, 'augment': {'prob': 1, 'Flip_prob': 0.5, 'HueSaturationValue_prob': 0.5, 'RandomBrightnessContrast_prob': 0.5, 'randomrotate90_prob': 0.5}}, 'val': {'dataloader': {'batchsize': 8, 'img_size': 352, 'shuffle': True, 'num_workers': 4, 'pin_memory': True, 'drop_last': False}}, 'test': {'dev': 'cuda', 'visualize': False, 'visualize_dir': '/mnt/data/hungpv/polyps/visualize', 'vis_x': 180, 'vis_overwrite': False, 'checkpoint_dir': '/home/s/hungpv/polyps/checkpoints/neo_large_v3/MiT-B3-UPerHead_best.pth', 'dataloader': {'batchsize': 1, 'img_size': 352, 'shuffle': True, 'num_workers': 4, 'pin_memory': True, 'drop_last': False}, 'augment': {'prob': 1, 'Flip_prob': 0, 'HueSaturationValue_prob': 0, 'RandomBrightnessContrast_prob': 0, 'crop_prob': 0, 'randomrotate90_prob': 0, 'elastictransform_prob': 0, 'gridistortion_prob': 0, 'opticaldistortion_prob': 0, 'verticalflip_prob': 0, 'horizontalflip_prob': 0, 'randomgamma_prob': 0, 'CoarseDropout_prob': 0, 'RGBShift_prob': 0, 'MotionBlur_prob': 0, 'MedianBlur_prob': 0, 'GaussianBlur_prob': 0, 'GaussNoise_prob': 0, 'ChannelShuffle_prob': 0}}}
2022-07-12 10:43:33.221 | INFO     | __main__:main:59 - Getting datapath
2022-07-12 10:43:33.247 | INFO     | __main__:main:74 - There are 5277 images to train
2022-07-12 10:43:33.253 | INFO     | __main__:main:91 - There are 1353 images to val
2022-07-12 10:43:33.253 | INFO     | __main__:main:95 - Loading data
2022-07-12 10:43:34.043 | INFO     | __main__:main:109 - 329 batches to train
2022-07-12 10:43:34.244 | INFO     | __main__:main:122 - Loading model
2022-07-12 10:43:34.244 | INFO     | __main__:main:143 - Loading checkpoint from /home/s/hungpv/polyps/pretrained_models/mit_b3.pth ...
2022-07-12 10:43:37.304 | INFO     | __main__:main:186 - Training with FP32 ...
2022-07-12 10:50:25.382 | INFO     | tools.trainer:val_loop:201 - Valid | Epoch [000/000], with lr = 1.25e-05, Step [0169],                    [val_loss: 0.2413]
2022-07-12 10:50:25.475 | INFO     | aux.metrics.metrics:show:228 - Evaluate polyp
2022-07-12 10:50:25.475 | INFO     | aux.metrics.metrics:show:229 - Macro scores: Dice: 0.436 | IOU: 0.293
2022-07-12 10:50:25.476 | INFO     | aux.metrics.metrics:show:233 - Micro scores: Dice: 0.457 | IOU: 0.296
2022-07-12 10:50:25.476 | INFO     | aux.metrics.metrics:show:228 - Evaluate neo
2022-07-12 10:50:25.476 | INFO     | aux.metrics.metrics:show:229 - Macro scores: Dice: 0.463 | IOU: 0.320
2022-07-12 10:50:25.476 | INFO     | aux.metrics.metrics:show:233 - Micro scores: Dice: 0.498 | IOU: 0.331
2022-07-12 10:50:25.476 | INFO     | aux.metrics.metrics:show:228 - Evaluate non
2022-07-12 10:50:25.476 | INFO     | aux.metrics.metrics:show:229 - Macro scores: Dice: 0.008 | IOU: 0.007
2022-07-12 10:50:25.476 | INFO     | aux.metrics.metrics:show:233 - Micro scores: Dice: 0.002 | IOU: 0.001
