2022-03-29 23:28:55.608 | INFO     | __main__:main:45 - Load config from configs/pvtv2-uperhead.yaml
2022-03-29 23:28:55.608 | INFO     | __main__:main:46 - {'dataset': {'data_path': '/home/admin_mcn/hungpv/polyps/dataset/KCECE', 'train_data_path': ['/home/admin_mcn/hungpv/polyps/dataset/KCECE/TrainDataset'], 'test_data_path': ['/home/admin_mcn/hungpv/polyps/dataset/KCECE/TestDataset/Kvasir'], 'val_data_path': ['/home/admin_mcn/hungpv/polyps/dataset/KCECE/TestDataset/CVC-300']}, 'model': {'num_classes': 1, 'save_dir': '/mnt/data/hungpv/polyps/checkpoint/KCECE/pvtv2-uperhead_v10', 'backbone': 'PVTv2-B3', 'head': 'UPerHead', 'pretrained': '/mnt/data/hungpv/polyps/pretrained-backbone/pvt_v2_b3.pth'}, 'optimizer': {'name': 'adam', 'lr': 0.0001, 'clip': 0.5, 'scheduler': 'cosine_warmup', 'loss': 'structure_loss'}, 'dev': 'cuda', 'train': {'start_from': 0, 'save_from': 78, 'num_epochs': 80, 'num_warmup_epoch': 10, 'is_val': False, 'size_rates': [0.75, 1, 1.25], 'dataloader': {'batchsize': 16, 'img_size': 352, 'shuffle': True, 'num_workers': 2, 'pin_memory': True, 'drop_last': True}, 'amp': False, 'ddp': False, 'augment': {'prob': 1, 'Flip_prob': 0.7, 'HueSaturationValue_prob': 0.7, 'RandomBrightnessContrast_prob': 0.5, 'crop_prob': 0.0, 'randomrotate90_prob': 0.7}}, 'test': {'dev': 'cuda', 'visualize': False, 'visualize_dir': '/mnt/data/hungpv/polyps/visualize', 'vis_x': 180, 'vis_overwrite': False, 'checkpoint_dir': '/mnt/data/hungpv/polyps/checkpoint/KCECE/pvtv2-uperhead_v9/PVTv2-B3-UPerHead_80.pth', 'dataloader': {'batchsize': 1, 'img_size': 352, 'shuffle': True, 'num_workers': 2, 'pin_memory': True, 'drop_last': True}, 'augment': {'prob': 1, 'Flip_prob': 0, 'HueSaturationValue_prob': 0, 'RandomBrightnessContrast_prob': 0, 'crop_prob': 0, 'randomrotate90_prob': 0, 'elastictransform_prob': 0, 'gridistortion_prob': 0, 'opticaldistortion_prob': 0, 'verticalflip_prob': 0, 'horizontalflip_prob': 0, 'randomgamma_prob': 0, 'CoarseDropout_prob': 0, 'RGBShift_prob': 0, 'MotionBlur_prob': 0, 'MedianBlur_prob': 0, 'GaussianBlur_prob': 0, 'GaussNoise_prob': 0, 'ChannelShuffle_prob': 0}}}
2022-03-29 23:28:55.608 | INFO     | __main__:main:47 - Getting datapath
2022-03-29 23:28:55.614 | INFO     | __main__:main:61 - There are 1450 images to train
2022-03-29 23:28:55.614 | INFO     | __main__:main:80 - Train model with no valid dataset
2022-03-29 23:28:55.614 | INFO     | __main__:main:82 - Loading data
2022-03-29 23:28:55.706 | INFO     | __main__:main:96 - 90 batches to train
2022-03-29 23:28:55.710 | INFO     | __main__:main:109 - Loading model
2022-03-29 23:28:55.711 | INFO     | __main__:main:126 - Loading checkpoint from /mnt/data/hungpv/polyps/pretrained-backbone/pvt_v2_b3.pth ...
2022-03-29 23:28:58.239 | INFO     | __main__:main:164 - Training with FP32 ...
2022-03-29 23:32:47.170 | INFO     | tools.trainer:train_loop:89 - Epoch: [1/ 80] | Train loss: [1.2306228889359367]
2022-03-29 23:36:35.231 | INFO     | tools.trainer:train_loop:89 - Epoch: [2/ 80] | Train loss: [0.629099080297682]
2022-03-29 23:40:23.252 | INFO     | tools.trainer:train_loop:89 - Epoch: [3/ 80] | Train loss: [0.4793837196297116]
2022-03-29 23:40:23.464 | INFO     | tools.trainer:train_loop:104 - [Saving Snapshot:]/mnt/data/hungpv/polyps/checkpoint/KCECE/pvtv2-uperhead_v10/PVTv2-B3-UPerHead_3.pth
2022-03-29 23:44:11.654 | INFO     | tools.trainer:train_loop:89 - Epoch: [4/ 80] | Train loss: [0.3797115587525898]
2022-03-29 23:47:59.744 | INFO     | tools.trainer:train_loop:89 - Epoch: [5/ 80] | Train loss: [0.3117967377106349]
2022-03-29 23:51:47.899 | INFO     | tools.trainer:train_loop:89 - Epoch: [6/ 80] | Train loss: [0.28695664124356374]
2022-03-29 23:55:35.955 | INFO     | tools.trainer:train_loop:89 - Epoch: [7/ 80] | Train loss: [0.261921998196178]
2022-03-29 23:59:23.975 | INFO     | tools.trainer:train_loop:89 - Epoch: [8/ 80] | Train loss: [0.23629415796862707]
2022-03-30 00:03:11.818 | INFO     | tools.trainer:train_loop:89 - Epoch: [9/ 80] | Train loss: [0.216910839246379]
2022-03-30 00:06:59.859 | INFO     | tools.trainer:train_loop:89 - Epoch: [10/ 80] | Train loss: [0.2075328093436029]
2022-03-30 00:10:47.917 | INFO     | tools.trainer:train_loop:89 - Epoch: [11/ 80] | Train loss: [0.19881007588571972]
2022-03-30 00:14:36.024 | INFO     | tools.trainer:train_loop:89 - Epoch: [12/ 80] | Train loss: [0.18780043754312728]
2022-03-30 00:18:23.921 | INFO     | tools.trainer:train_loop:89 - Epoch: [13/ 80] | Train loss: [0.17591716936892934]
2022-03-30 00:22:11.841 | INFO     | tools.trainer:train_loop:89 - Epoch: [14/ 80] | Train loss: [0.17397839766409662]
2022-03-30 00:25:59.774 | INFO     | tools.trainer:train_loop:89 - Epoch: [15/ 80] | Train loss: [0.17067008746994866]
2022-03-30 00:29:47.697 | INFO     | tools.trainer:train_loop:89 - Epoch: [16/ 80] | Train loss: [0.16327928826212884]
2022-03-30 00:33:35.590 | INFO     | tools.trainer:train_loop:89 - Epoch: [17/ 80] | Train loss: [0.15458850695027246]
2022-03-30 00:37:23.597 | INFO     | tools.trainer:train_loop:89 - Epoch: [18/ 80] | Train loss: [0.14981181249022485]
2022-03-30 00:41:11.603 | INFO     | tools.trainer:train_loop:89 - Epoch: [19/ 80] | Train loss: [0.15247243386175896]
2022-03-30 00:44:59.482 | INFO     | tools.trainer:train_loop:89 - Epoch: [20/ 80] | Train loss: [0.14801029215256373]
2022-03-30 00:48:47.390 | INFO     | tools.trainer:train_loop:89 - Epoch: [21/ 80] | Train loss: [0.1436141592760881]
2022-03-30 00:52:35.324 | INFO     | tools.trainer:train_loop:89 - Epoch: [22/ 80] | Train loss: [0.1449246229396926]
2022-03-30 00:56:23.154 | INFO     | tools.trainer:train_loop:89 - Epoch: [23/ 80] | Train loss: [0.14165151160624292]
2022-03-30 01:00:11.160 | INFO     | tools.trainer:train_loop:89 - Epoch: [24/ 80] | Train loss: [0.13266774324907196]
2022-03-30 01:03:59.109 | INFO     | tools.trainer:train_loop:89 - Epoch: [25/ 80] | Train loss: [0.13196430827180544]
2022-03-30 01:07:47.174 | INFO     | tools.trainer:train_loop:89 - Epoch: [26/ 80] | Train loss: [0.13284604714976417]
2022-03-30 01:11:35.089 | INFO     | tools.trainer:train_loop:89 - Epoch: [27/ 80] | Train loss: [0.12970173814230496]
2022-03-30 01:15:23.203 | INFO     | tools.trainer:train_loop:89 - Epoch: [28/ 80] | Train loss: [0.12507089186045858]
2022-03-30 01:19:11.125 | INFO     | tools.trainer:train_loop:89 - Epoch: [29/ 80] | Train loss: [0.11615846339199278]
2022-03-30 01:22:59.116 | INFO     | tools.trainer:train_loop:89 - Epoch: [30/ 80] | Train loss: [0.1246962986058659]
2022-03-30 01:26:47.248 | INFO     | tools.trainer:train_loop:89 - Epoch: [31/ 80] | Train loss: [0.13702659358580907]
2022-03-30 01:30:35.432 | INFO     | tools.trainer:train_loop:89 - Epoch: [32/ 80] | Train loss: [0.12475194128023254]
2022-03-30 01:34:23.476 | INFO     | tools.trainer:train_loop:89 - Epoch: [33/ 80] | Train loss: [0.11519918185141352]
2022-03-30 01:38:11.363 | INFO     | tools.trainer:train_loop:89 - Epoch: [34/ 80] | Train loss: [0.11531026131576962]
2022-03-30 01:41:59.363 | INFO     | tools.trainer:train_loop:89 - Epoch: [35/ 80] | Train loss: [0.10800859166516198]
2022-03-30 01:45:47.417 | INFO     | tools.trainer:train_loop:89 - Epoch: [36/ 80] | Train loss: [0.10360844938291444]
2022-03-30 01:49:35.519 | INFO     | tools.trainer:train_loop:89 - Epoch: [37/ 80] | Train loss: [0.10280764343010054]
2022-03-30 01:53:23.341 | INFO     | tools.trainer:train_loop:89 - Epoch: [38/ 80] | Train loss: [0.10731037673023013]
2022-03-30 01:57:11.297 | INFO     | tools.trainer:train_loop:89 - Epoch: [39/ 80] | Train loss: [0.10497093755337927]
2022-03-30 02:00:59.323 | INFO     | tools.trainer:train_loop:89 - Epoch: [40/ 80] | Train loss: [0.10394106664591365]
2022-03-30 02:04:47.389 | INFO     | tools.trainer:train_loop:89 - Epoch: [41/ 80] | Train loss: [0.1049716462691625]
2022-03-30 02:08:35.257 | INFO     | tools.trainer:train_loop:89 - Epoch: [42/ 80] | Train loss: [0.0983324887851874]
2022-03-30 02:12:23.174 | INFO     | tools.trainer:train_loop:89 - Epoch: [43/ 80] | Train loss: [0.09627350866794586]
2022-03-30 02:16:10.927 | INFO     | tools.trainer:train_loop:89 - Epoch: [44/ 80] | Train loss: [0.10446796599361631]
2022-03-30 02:19:58.824 | INFO     | tools.trainer:train_loop:89 - Epoch: [45/ 80] | Train loss: [0.09570409663849407]
2022-03-30 02:23:46.934 | INFO     | tools.trainer:train_loop:89 - Epoch: [46/ 80] | Train loss: [0.09432128916184107]
2022-03-30 02:27:35.058 | INFO     | tools.trainer:train_loop:89 - Epoch: [47/ 80] | Train loss: [0.09486053304539786]
2022-03-30 02:31:23.122 | INFO     | tools.trainer:train_loop:89 - Epoch: [48/ 80] | Train loss: [0.08963986386855444]
2022-03-30 02:35:11.144 | INFO     | tools.trainer:train_loop:89 - Epoch: [49/ 80] | Train loss: [0.09125889092683792]
2022-03-30 02:38:58.947 | INFO     | tools.trainer:train_loop:89 - Epoch: [50/ 80] | Train loss: [0.09128718293375439]
2022-03-30 02:42:46.832 | INFO     | tools.trainer:train_loop:89 - Epoch: [51/ 80] | Train loss: [0.09159223528371917]
2022-03-30 02:46:35.077 | INFO     | tools.trainer:train_loop:89 - Epoch: [52/ 80] | Train loss: [0.08748401742842463]
2022-03-30 02:50:22.961 | INFO     | tools.trainer:train_loop:89 - Epoch: [53/ 80] | Train loss: [0.08618044621414608]
2022-03-30 02:54:10.960 | INFO     | tools.trainer:train_loop:89 - Epoch: [54/ 80] | Train loss: [0.0841128001610438]
2022-03-30 02:57:59.172 | INFO     | tools.trainer:train_loop:89 - Epoch: [55/ 80] | Train loss: [0.08303830847144127]
2022-03-30 03:01:47.194 | INFO     | tools.trainer:train_loop:89 - Epoch: [56/ 80] | Train loss: [0.08245227626628346]
2022-03-30 03:05:35.223 | INFO     | tools.trainer:train_loop:89 - Epoch: [57/ 80] | Train loss: [0.08091881954007679]
2022-03-30 03:09:23.145 | INFO     | tools.trainer:train_loop:89 - Epoch: [58/ 80] | Train loss: [0.0799781683832407]
2022-03-30 03:13:11.353 | INFO     | tools.trainer:train_loop:89 - Epoch: [59/ 80] | Train loss: [0.07926365931828817]
2022-03-30 03:16:59.447 | INFO     | tools.trainer:train_loop:89 - Epoch: [60/ 80] | Train loss: [0.0773923509236839]
2022-03-30 03:20:47.667 | INFO     | tools.trainer:train_loop:89 - Epoch: [61/ 80] | Train loss: [0.07713575085832013]
2022-03-30 03:24:36.442 | INFO     | tools.trainer:train_loop:89 - Epoch: [62/ 80] | Train loss: [0.07637511119246483]
2022-03-30 03:28:24.753 | INFO     | tools.trainer:train_loop:89 - Epoch: [63/ 80] | Train loss: [0.07519455005725224]
2022-03-30 03:32:13.291 | INFO     | tools.trainer:train_loop:89 - Epoch: [64/ 80] | Train loss: [0.07521275099780825]
2022-03-30 03:36:01.645 | INFO     | tools.trainer:train_loop:89 - Epoch: [65/ 80] | Train loss: [0.07456897178457843]
2022-03-30 03:39:50.149 | INFO     | tools.trainer:train_loop:89 - Epoch: [66/ 80] | Train loss: [0.07253135918743081]
2022-03-30 03:43:38.567 | INFO     | tools.trainer:train_loop:89 - Epoch: [67/ 80] | Train loss: [0.07205896625916162]
2022-03-30 03:47:27.019 | INFO     | tools.trainer:train_loop:89 - Epoch: [68/ 80] | Train loss: [0.07142082593507237]
2022-03-30 03:51:15.259 | INFO     | tools.trainer:train_loop:89 - Epoch: [69/ 80] | Train loss: [0.07105633115602863]
2022-03-30 03:55:03.694 | INFO     | tools.trainer:train_loop:89 - Epoch: [70/ 80] | Train loss: [0.07051010632680522]
2022-03-30 03:58:52.272 | INFO     | tools.trainer:train_loop:89 - Epoch: [71/ 80] | Train loss: [0.06956526583267583]
2022-03-30 04:02:40.747 | INFO     | tools.trainer:train_loop:89 - Epoch: [72/ 80] | Train loss: [0.06889738846156332]
2022-03-30 04:06:29.288 | INFO     | tools.trainer:train_loop:89 - Epoch: [73/ 80] | Train loss: [0.06798359573715262]
2022-03-30 04:10:17.744 | INFO     | tools.trainer:train_loop:89 - Epoch: [74/ 80] | Train loss: [0.06771769101421038]
2022-03-30 04:14:06.236 | INFO     | tools.trainer:train_loop:89 - Epoch: [75/ 80] | Train loss: [0.06668649411035908]
2022-03-30 04:17:54.766 | INFO     | tools.trainer:train_loop:89 - Epoch: [76/ 80] | Train loss: [0.06665927962296539]
2022-03-30 04:21:43.211 | INFO     | tools.trainer:train_loop:89 - Epoch: [77/ 80] | Train loss: [0.06616140165262752]
2022-03-30 04:25:31.913 | INFO     | tools.trainer:train_loop:89 - Epoch: [78/ 80] | Train loss: [0.06596748878558477]
2022-03-30 04:29:20.390 | INFO     | tools.trainer:train_loop:89 - Epoch: [79/ 80] | Train loss: [0.06515247366494603]
2022-03-30 04:29:20.595 | INFO     | tools.trainer:train_loop:104 - [Saving Snapshot:]/mnt/data/hungpv/polyps/checkpoint/KCECE/pvtv2-uperhead_v10/PVTv2-B3-UPerHead_79.pth
2022-03-30 04:33:08.912 | INFO     | tools.trainer:train_loop:89 - Epoch: [80/ 80] | Train loss: [0.06526302066114213]
2022-03-30 04:33:09.113 | INFO     | tools.trainer:train_loop:104 - [Saving Snapshot:]/mnt/data/hungpv/polyps/checkpoint/KCECE/pvtv2-uperhead_v10/PVTv2-B3-UPerHead_80.pth
2022-03-30 04:33:09.113 | INFO     | tools.trainer:train_loop:110 - Training cost: 18249.871005767seconds
