2022-03-30 18:29:01.200 | INFO     | __main__:main:45 - Load config from configs/pvtv2-uperhead.yaml
2022-03-30 18:29:01.200 | INFO     | __main__:main:46 - {'dataset': {'data_path': '/home/admin_mcn/hungpv/polyps/dataset/KCECE', 'train_data_path': ['/home/admin_mcn/hungpv/polyps/dataset/KCECE/TrainDataset'], 'test_data_path': ['/home/admin_mcn/hungpv/polyps/dataset/KCECE/TestDataset/Kvasir'], 'val_data_path': ['/home/admin_mcn/hungpv/polyps/dataset/KCECE/TestDataset/CVC-300']}, 'model': {'num_classes': 1, 'save_dir': '/mnt/data/hungpv/polyps/checkpoint/KCECE/pvtv2-uperhead_v12', 'backbone': 'PVTv2-B3', 'head': 'UPerHead', 'pretrained': '/mnt/data/hungpv/polyps/pretrained-backbone/pvt_v2_b3.pth'}, 'optimizer': {'name': 'adam', 'lr': 0.0001, 'clip': 0.5, 'scheduler': 'cosine_warmup', 'loss': 'structure_loss'}, 'dev': 'cuda', 'train': {'start_from': 0, 'save_from': 78, 'num_epochs': 80, 'num_warmup_epoch': 10, 'is_val': False, 'size_rates': [0.75, 1, 1.25], 'dataloader': {'batchsize': 16, 'img_size': 352, 'shuffle': True, 'num_workers': 2, 'pin_memory': True, 'drop_last': True}, 'amp': False, 'ddp': False, 'augment': {'prob': 1, 'Flip_prob': 0.7, 'HueSaturationValue_prob': 0.7, 'RandomBrightnessContrast_prob': 0.5, 'crop_prob': 0.0, 'randomrotate90_prob': 0.7}}, 'test': {'dev': 'cuda', 'visualize': False, 'visualize_dir': '/mnt/data/hungpv/polyps/visualize', 'vis_x': 180, 'vis_overwrite': False, 'checkpoint_dir': '/mnt/data/hungpv/polyps/checkpoint/KCECE/pvtv2-uperhead_v11/PVTv2-B3-UPerHead_80.pth', 'dataloader': {'batchsize': 1, 'img_size': 352, 'shuffle': True, 'num_workers': 2, 'pin_memory': True, 'drop_last': True}, 'augment': {'prob': 1, 'Flip_prob': 0, 'HueSaturationValue_prob': 0, 'RandomBrightnessContrast_prob': 0, 'crop_prob': 0, 'randomrotate90_prob': 0, 'elastictransform_prob': 0, 'gridistortion_prob': 0, 'opticaldistortion_prob': 0, 'verticalflip_prob': 0, 'horizontalflip_prob': 0, 'randomgamma_prob': 0, 'CoarseDropout_prob': 0, 'RGBShift_prob': 0, 'MotionBlur_prob': 0, 'MedianBlur_prob': 0, 'GaussianBlur_prob': 0, 'GaussNoise_prob': 0, 'ChannelShuffle_prob': 0}}}
2022-03-30 18:29:01.200 | INFO     | __main__:main:47 - Getting datapath
2022-03-30 18:29:01.206 | INFO     | __main__:main:61 - There are 1450 images to train
2022-03-30 18:29:01.207 | INFO     | __main__:main:80 - Train model with no valid dataset
2022-03-30 18:29:01.207 | INFO     | __main__:main:82 - Loading data
2022-03-30 18:29:01.298 | INFO     | __main__:main:96 - 90 batches to train
2022-03-30 18:29:01.302 | INFO     | __main__:main:109 - Loading model
2022-03-30 18:29:01.302 | INFO     | __main__:main:126 - Loading checkpoint from /mnt/data/hungpv/polyps/pretrained-backbone/pvt_v2_b3.pth ...
2022-03-30 18:29:03.860 | INFO     | __main__:main:164 - Training with FP32 ...
2022-03-30 18:32:52.980 | INFO     | tools.trainer:train_loop:89 - Epoch: [1/ 80] | Train loss: [3.309964120388031]
2022-03-30 18:36:41.698 | INFO     | tools.trainer:train_loop:89 - Epoch: [2/ 80] | Train loss: [0.8921501166290707]
2022-03-30 18:40:30.418 | INFO     | tools.trainer:train_loop:89 - Epoch: [3/ 80] | Train loss: [0.656622741288609]
2022-03-30 18:40:30.628 | INFO     | tools.trainer:train_loop:104 - [Saving Snapshot:]/mnt/data/hungpv/polyps/checkpoint/KCECE/pvtv2-uperhead_v12/PVTv2-B3-UPerHead_3.pth
2022-03-30 18:44:19.503 | INFO     | tools.trainer:train_loop:89 - Epoch: [4/ 80] | Train loss: [0.5101616634262933]
2022-03-30 18:48:08.513 | INFO     | tools.trainer:train_loop:89 - Epoch: [5/ 80] | Train loss: [0.4058406945731905]
2022-03-30 18:51:57.658 | INFO     | tools.trainer:train_loop:89 - Epoch: [6/ 80] | Train loss: [0.3529903491338094]
2022-03-30 18:55:46.890 | INFO     | tools.trainer:train_loop:89 - Epoch: [7/ 80] | Train loss: [0.3190659542878469]
2022-03-30 18:59:35.954 | INFO     | tools.trainer:train_loop:89 - Epoch: [8/ 80] | Train loss: [0.278976702855693]
2022-03-30 19:03:25.029 | INFO     | tools.trainer:train_loop:89 - Epoch: [9/ 80] | Train loss: [0.2669478861822022]
2022-03-30 19:07:13.998 | INFO     | tools.trainer:train_loop:89 - Epoch: [10/ 80] | Train loss: [0.23637327684296502]
2022-03-30 19:11:03.052 | INFO     | tools.trainer:train_loop:89 - Epoch: [11/ 80] | Train loss: [0.21718864821725423]
2022-03-30 19:14:52.277 | INFO     | tools.trainer:train_loop:89 - Epoch: [12/ 80] | Train loss: [0.20905378990703158]
2022-03-30 19:18:41.360 | INFO     | tools.trainer:train_loop:89 - Epoch: [13/ 80] | Train loss: [0.28271169811487196]
2022-03-30 19:22:30.365 | INFO     | tools.trainer:train_loop:89 - Epoch: [14/ 80] | Train loss: [0.22264276693264642]
2022-03-30 19:26:19.354 | INFO     | tools.trainer:train_loop:89 - Epoch: [15/ 80] | Train loss: [0.19558441721730763]
2022-03-30 19:30:08.376 | INFO     | tools.trainer:train_loop:89 - Epoch: [16/ 80] | Train loss: [0.1888727094564173]
2022-03-30 19:33:57.295 | INFO     | tools.trainer:train_loop:89 - Epoch: [17/ 80] | Train loss: [0.1792118856476413]
2022-03-30 19:37:46.347 | INFO     | tools.trainer:train_loop:89 - Epoch: [18/ 80] | Train loss: [0.17146603738268215]
2022-03-30 19:41:35.329 | INFO     | tools.trainer:train_loop:89 - Epoch: [19/ 80] | Train loss: [0.1652948567436801]
2022-03-30 19:45:24.393 | INFO     | tools.trainer:train_loop:89 - Epoch: [20/ 80] | Train loss: [0.16161768552329805]
2022-03-30 19:49:13.539 | INFO     | tools.trainer:train_loop:89 - Epoch: [21/ 80] | Train loss: [0.15495103456907802]
2022-03-30 19:53:02.617 | INFO     | tools.trainer:train_loop:89 - Epoch: [22/ 80] | Train loss: [0.15539615866210726]
2022-03-30 19:56:51.562 | INFO     | tools.trainer:train_loop:89 - Epoch: [23/ 80] | Train loss: [0.14903671070933341]
2022-03-30 20:00:40.612 | INFO     | tools.trainer:train_loop:89 - Epoch: [24/ 80] | Train loss: [0.14706638918982612]
2022-03-30 20:04:29.742 | INFO     | tools.trainer:train_loop:89 - Epoch: [25/ 80] | Train loss: [0.14222953965266547]
2022-03-30 20:08:18.645 | INFO     | tools.trainer:train_loop:89 - Epoch: [26/ 80] | Train loss: [0.15013582623667188]
2022-03-30 20:12:07.685 | INFO     | tools.trainer:train_loop:89 - Epoch: [27/ 80] | Train loss: [0.14950496521261003]
2022-03-30 20:15:56.506 | INFO     | tools.trainer:train_loop:89 - Epoch: [28/ 80] | Train loss: [0.1384054510957665]
2022-03-30 20:19:45.646 | INFO     | tools.trainer:train_loop:89 - Epoch: [29/ 80] | Train loss: [0.13534314566188388]
2022-03-30 20:23:34.694 | INFO     | tools.trainer:train_loop:89 - Epoch: [30/ 80] | Train loss: [0.13078233467208014]
2022-03-30 20:27:23.755 | INFO     | tools.trainer:train_loop:89 - Epoch: [31/ 80] | Train loss: [0.12544940387209255]
2022-03-30 20:31:12.828 | INFO     | tools.trainer:train_loop:89 - Epoch: [32/ 80] | Train loss: [0.1267252418729994]
2022-03-30 20:35:02.085 | INFO     | tools.trainer:train_loop:89 - Epoch: [33/ 80] | Train loss: [0.12207790960868199]
2022-03-30 20:38:51.092 | INFO     | tools.trainer:train_loop:89 - Epoch: [34/ 80] | Train loss: [0.11844504699110985]
2022-03-30 20:42:40.083 | INFO     | tools.trainer:train_loop:89 - Epoch: [35/ 80] | Train loss: [0.12023756926258405]
2022-03-30 20:46:29.372 | INFO     | tools.trainer:train_loop:89 - Epoch: [36/ 80] | Train loss: [0.12064992205964195]
2022-03-30 20:50:18.350 | INFO     | tools.trainer:train_loop:89 - Epoch: [37/ 80] | Train loss: [0.11999568641185761]
2022-03-30 20:54:07.519 | INFO     | tools.trainer:train_loop:89 - Epoch: [38/ 80] | Train loss: [0.11376170996162627]
2022-03-30 20:57:56.494 | INFO     | tools.trainer:train_loop:89 - Epoch: [39/ 80] | Train loss: [0.11322469032473034]
2022-03-30 21:01:45.462 | INFO     | tools.trainer:train_loop:89 - Epoch: [40/ 80] | Train loss: [0.11018761255674892]
2022-03-30 21:05:34.391 | INFO     | tools.trainer:train_loop:89 - Epoch: [41/ 80] | Train loss: [0.10732310555047458]
2022-03-30 21:09:23.212 | INFO     | tools.trainer:train_loop:89 - Epoch: [42/ 80] | Train loss: [0.10614492446184158]
2022-03-30 21:13:12.038 | INFO     | tools.trainer:train_loop:89 - Epoch: [43/ 80] | Train loss: [0.1026397854089737]
2022-03-30 21:17:01.045 | INFO     | tools.trainer:train_loop:89 - Epoch: [44/ 80] | Train loss: [0.10395426932308409]
2022-03-30 21:20:50.008 | INFO     | tools.trainer:train_loop:89 - Epoch: [45/ 80] | Train loss: [0.10375575456354354]
2022-03-30 21:24:38.920 | INFO     | tools.trainer:train_loop:89 - Epoch: [46/ 80] | Train loss: [0.10782238990068435]
2022-03-30 21:28:27.757 | INFO     | tools.trainer:train_loop:89 - Epoch: [47/ 80] | Train loss: [0.10030944670240084]
2022-03-30 21:32:16.606 | INFO     | tools.trainer:train_loop:89 - Epoch: [48/ 80] | Train loss: [0.09745966129832798]
2022-03-30 21:36:05.339 | INFO     | tools.trainer:train_loop:89 - Epoch: [49/ 80] | Train loss: [0.09557185785637962]
2022-03-30 21:39:54.328 | INFO     | tools.trainer:train_loop:89 - Epoch: [50/ 80] | Train loss: [0.09510154889689551]
2022-03-30 21:43:43.106 | INFO     | tools.trainer:train_loop:89 - Epoch: [51/ 80] | Train loss: [0.09408584394388729]
2022-03-30 21:47:31.958 | INFO     | tools.trainer:train_loop:89 - Epoch: [52/ 80] | Train loss: [0.09290278868542777]
2022-03-30 21:51:20.823 | INFO     | tools.trainer:train_loop:89 - Epoch: [53/ 80] | Train loss: [0.09188606325123046]
2022-03-30 21:55:09.844 | INFO     | tools.trainer:train_loop:89 - Epoch: [54/ 80] | Train loss: [0.08771066607700453]
2022-03-30 21:58:58.725 | INFO     | tools.trainer:train_loop:89 - Epoch: [55/ 80] | Train loss: [0.08835021009047826]
2022-03-30 22:02:47.728 | INFO     | tools.trainer:train_loop:89 - Epoch: [56/ 80] | Train loss: [0.0873631107310454]
2022-03-30 22:06:36.709 | INFO     | tools.trainer:train_loop:89 - Epoch: [57/ 80] | Train loss: [0.0857569071981642]
2022-03-30 22:10:25.700 | INFO     | tools.trainer:train_loop:89 - Epoch: [58/ 80] | Train loss: [0.0838744586540593]
2022-03-30 22:14:14.747 | INFO     | tools.trainer:train_loop:89 - Epoch: [59/ 80] | Train loss: [0.08297170864211188]
2022-03-30 22:18:03.736 | INFO     | tools.trainer:train_loop:89 - Epoch: [60/ 80] | Train loss: [0.0828542979227172]
2022-03-30 22:21:52.766 | INFO     | tools.trainer:train_loop:89 - Epoch: [61/ 80] | Train loss: [0.08096987199452188]
2022-03-30 22:25:41.842 | INFO     | tools.trainer:train_loop:89 - Epoch: [62/ 80] | Train loss: [0.08043572612934642]
2022-03-30 22:29:30.875 | INFO     | tools.trainer:train_loop:89 - Epoch: [63/ 80] | Train loss: [0.07989273708727625]
2022-03-30 22:33:19.834 | INFO     | tools.trainer:train_loop:89 - Epoch: [64/ 80] | Train loss: [0.07926655676629808]
2022-03-30 22:37:08.559 | INFO     | tools.trainer:train_loop:89 - Epoch: [65/ 80] | Train loss: [0.07814890998933051]
2022-03-30 22:40:57.539 | INFO     | tools.trainer:train_loop:89 - Epoch: [66/ 80] | Train loss: [0.0775929366548856]
2022-03-30 22:44:46.505 | INFO     | tools.trainer:train_loop:89 - Epoch: [67/ 80] | Train loss: [0.07536391665538152]
2022-03-30 22:48:35.474 | INFO     | tools.trainer:train_loop:89 - Epoch: [68/ 80] | Train loss: [0.07563302628695964]
2022-03-30 22:52:24.449 | INFO     | tools.trainer:train_loop:89 - Epoch: [69/ 80] | Train loss: [0.07676544355021583]
2022-03-30 22:56:13.217 | INFO     | tools.trainer:train_loop:89 - Epoch: [70/ 80] | Train loss: [0.07489918751849069]
2022-03-30 23:00:02.194 | INFO     | tools.trainer:train_loop:89 - Epoch: [71/ 80] | Train loss: [0.07359607559111384]
2022-03-30 23:03:51.088 | INFO     | tools.trainer:train_loop:89 - Epoch: [72/ 80] | Train loss: [0.07189210537407133]
2022-03-30 23:07:39.878 | INFO     | tools.trainer:train_loop:89 - Epoch: [73/ 80] | Train loss: [0.07186994498802556]
2022-03-30 23:11:28.877 | INFO     | tools.trainer:train_loop:89 - Epoch: [74/ 80] | Train loss: [0.07129731215536594]
2022-03-30 23:15:17.790 | INFO     | tools.trainer:train_loop:89 - Epoch: [75/ 80] | Train loss: [0.07051852275100019]
2022-03-30 23:19:06.879 | INFO     | tools.trainer:train_loop:89 - Epoch: [76/ 80] | Train loss: [0.0699452329840925]
2022-03-30 23:22:55.734 | INFO     | tools.trainer:train_loop:89 - Epoch: [77/ 80] | Train loss: [0.06979374268816577]
2022-03-30 23:26:44.611 | INFO     | tools.trainer:train_loop:89 - Epoch: [78/ 80] | Train loss: [0.06946683882011308]
2022-03-30 23:30:33.573 | INFO     | tools.trainer:train_loop:89 - Epoch: [79/ 80] | Train loss: [0.0685556225064728]
2022-03-30 23:30:33.779 | INFO     | tools.trainer:train_loop:104 - [Saving Snapshot:]/mnt/data/hungpv/polyps/checkpoint/KCECE/pvtv2-uperhead_v12/PVTv2-B3-UPerHead_79.pth
2022-03-30 23:34:22.808 | INFO     | tools.trainer:train_loop:89 - Epoch: [80/ 80] | Train loss: [0.06868521215187179]
2022-03-30 23:34:23.016 | INFO     | tools.trainer:train_loop:104 - [Saving Snapshot:]/mnt/data/hungpv/polyps/checkpoint/KCECE/pvtv2-uperhead_v12/PVTv2-B3-UPerHead_80.pth
2022-03-30 23:34:23.016 | INFO     | tools.trainer:train_loop:110 - Training cost: 18318.14162231599seconds
