2022-03-27 22:37:07.704 | INFO     | __main__:main:45 - Load config from configs/pvtv2-uperhead.yaml
2022-03-27 22:37:07.704 | INFO     | __main__:main:46 - {'dataset': {'data_path': '/home/admin_mcn/hungpv/polyps/dataset/KCECE', 'train_data_path': ['/home/admin_mcn/hungpv/polyps/dataset/KCECE/TrainDataset'], 'test_data_path': ['/home/admin_mcn/hungpv/polyps/dataset/KCECE/TestDataset/Kvasir'], 'val_data_path': ['/home/admin_mcn/hungpv/polyps/dataset/KCECE/TestDataset/CVC-300']}, 'model': {'num_classes': 1, 'save_dir': '/mnt/data/hungpv/polyps/checkpoint/KCECE/pvtv2-uperhead_v8', 'backbone': 'PVTv2-B3', 'head': 'UPerHead', 'pretrained': '/mnt/data/hungpv/polyps/pretrained-backbone/pvt_v2_b3.pth'}, 'optimizer': {'name': 'adam', 'lr': 0.0001, 'clip': 0.5, 'scheduler': 'cosine_warmup', 'loss': 'structure_loss'}, 'dev': 'cuda', 'train': {'start_from': 0, 'save_from': 78, 'num_epochs': 80, 'num_warmup_epoch': 8, 'is_val': False, 'size_rates': [0.75, 1, 1.25], 'dataloader': {'batchsize': 16, 'img_size': 352, 'shuffle': True, 'num_workers': 2, 'pin_memory': True, 'drop_last': True}, 'amp': False, 'ddp': False, 'augment': {'prob': 1, 'Flip_prob': 0.7, 'HueSaturationValue_prob': 0.7, 'RandomBrightnessContrast_prob': 0.5, 'crop_prob': 0.2, 'randomrotate90_prob': 0.7}}, 'test': {'dev': 'cuda', 'visualize': False, 'visualize_dir': '/mnt/data/hungpv/polyps/visualize', 'vis_x': 180, 'vis_overwrite': False, 'checkpoint_dir': '/mnt/data/hungpv/polyps/checkpoint/KCECE/pvtv2-uperhead_v8/PVTv2-B3-UPerHead_80.pth', 'dataloader': {'batchsize': 1, 'img_size': 352, 'shuffle': True, 'num_workers': 2, 'pin_memory': True, 'drop_last': True}, 'augment': {'prob': 1, 'Flip_prob': 0, 'HueSaturationValue_prob': 0, 'RandomBrightnessContrast_prob': 0, 'crop_prob': 0, 'randomrotate90_prob': 0, 'elastictransform_prob': 0, 'gridistortion_prob': 0, 'opticaldistortion_prob': 0, 'verticalflip_prob': 0, 'horizontalflip_prob': 0, 'randomgamma_prob': 0, 'CoarseDropout_prob': 0, 'RGBShift_prob': 0, 'MotionBlur_prob': 0, 'MedianBlur_prob': 0, 'GaussianBlur_prob': 0, 'GaussNoise_prob': 0, 'ChannelShuffle_prob': 0}}}
2022-03-27 22:37:07.704 | INFO     | __main__:main:47 - Getting datapath
2022-03-27 22:37:07.710 | INFO     | __main__:main:61 - There are 1450 images to train
2022-03-27 22:37:07.711 | INFO     | __main__:main:80 - Train model with no valid dataset
2022-03-27 22:37:07.711 | INFO     | __main__:main:82 - Loading data
2022-03-27 22:37:07.797 | INFO     | __main__:main:96 - 90 batches to train
2022-03-27 22:37:07.800 | INFO     | __main__:main:109 - Loading model
2022-03-27 22:37:07.801 | INFO     | __main__:main:126 - Loading checkpoint from /mnt/data/hungpv/polyps/pretrained-backbone/pvt_v2_b3.pth ...
2022-03-27 22:37:10.349 | INFO     | __main__:main:164 - Training with FP32 ...
2022-03-27 22:41:06.327 | INFO     | tools.trainer:train_loop:89 - Epoch: [1/ 80] | Train loss: [2.6130115071932476]
2022-03-27 22:45:00.457 | INFO     | tools.trainer:train_loop:89 - Epoch: [2/ 80] | Train loss: [0.8906018525362015]
2022-03-27 22:48:54.898 | INFO     | tools.trainer:train_loop:89 - Epoch: [3/ 80] | Train loss: [0.6699089305268393]
2022-03-27 22:48:55.104 | INFO     | tools.trainer:train_loop:104 - [Saving Snapshot:]/mnt/data/hungpv/polyps/checkpoint/KCECE/pvtv2-uperhead_v8/PVTv2-B3-UPerHead_3.pth
2022-03-27 22:52:49.494 | INFO     | tools.trainer:train_loop:89 - Epoch: [4/ 80] | Train loss: [0.5071948475307888]
2022-03-27 22:56:44.423 | INFO     | tools.trainer:train_loop:89 - Epoch: [5/ 80] | Train loss: [0.42565293146504296]
2022-03-27 23:00:39.188 | INFO     | tools.trainer:train_loop:89 - Epoch: [6/ 80] | Train loss: [0.3799481302499771]
2022-03-27 23:04:34.275 | INFO     | tools.trainer:train_loop:89 - Epoch: [7/ 80] | Train loss: [0.3499274848235978]
2022-03-27 23:08:29.400 | INFO     | tools.trainer:train_loop:89 - Epoch: [8/ 80] | Train loss: [0.3479566047588984]
2022-03-27 23:12:24.632 | INFO     | tools.trainer:train_loop:89 - Epoch: [9/ 80] | Train loss: [0.294910918838448]
2022-03-27 23:16:19.970 | INFO     | tools.trainer:train_loop:89 - Epoch: [10/ 80] | Train loss: [0.28536186350716486]
2022-03-27 23:20:14.861 | INFO     | tools.trainer:train_loop:89 - Epoch: [11/ 80] | Train loss: [0.28391462614138924]
2022-03-27 23:24:10.127 | INFO     | tools.trainer:train_loop:89 - Epoch: [12/ 80] | Train loss: [0.24876922716697056]
2022-03-27 23:28:05.271 | INFO     | tools.trainer:train_loop:89 - Epoch: [13/ 80] | Train loss: [0.2371941124399503]
2022-03-27 23:32:00.743 | INFO     | tools.trainer:train_loop:89 - Epoch: [14/ 80] | Train loss: [0.22267555279864204]
2022-03-27 23:35:55.850 | INFO     | tools.trainer:train_loop:89 - Epoch: [15/ 80] | Train loss: [0.24341396192709605]
2022-03-27 23:39:50.769 | INFO     | tools.trainer:train_loop:89 - Epoch: [16/ 80] | Train loss: [0.2166290463672744]
2022-03-27 23:43:45.695 | INFO     | tools.trainer:train_loop:89 - Epoch: [17/ 80] | Train loss: [0.22223670184612274]
2022-03-27 23:47:40.809 | INFO     | tools.trainer:train_loop:89 - Epoch: [18/ 80] | Train loss: [0.2108135352532069]
2022-03-27 23:51:36.254 | INFO     | tools.trainer:train_loop:89 - Epoch: [19/ 80] | Train loss: [0.20861738489733803]
2022-03-27 23:55:31.637 | INFO     | tools.trainer:train_loop:89 - Epoch: [20/ 80] | Train loss: [0.2275975055164761]
2022-03-27 23:59:27.496 | INFO     | tools.trainer:train_loop:89 - Epoch: [21/ 80] | Train loss: [0.20606203418638971]
2022-03-28 00:03:22.887 | INFO     | tools.trainer:train_loop:89 - Epoch: [22/ 80] | Train loss: [0.20352067516909705]
2022-03-28 00:07:18.095 | INFO     | tools.trainer:train_loop:89 - Epoch: [23/ 80] | Train loss: [0.21447192612621518]
2022-03-28 00:11:13.428 | INFO     | tools.trainer:train_loop:89 - Epoch: [24/ 80] | Train loss: [0.20722204695145288]
2022-03-28 00:15:08.756 | INFO     | tools.trainer:train_loop:89 - Epoch: [25/ 80] | Train loss: [0.20226691580481]
2022-03-28 00:19:04.071 | INFO     | tools.trainer:train_loop:89 - Epoch: [26/ 80] | Train loss: [0.19290605808297792]
2022-03-28 00:22:59.277 | INFO     | tools.trainer:train_loop:89 - Epoch: [27/ 80] | Train loss: [0.1926430049041907]
2022-03-28 00:26:54.524 | INFO     | tools.trainer:train_loop:89 - Epoch: [28/ 80] | Train loss: [0.19347068634298112]
2022-03-28 00:30:49.941 | INFO     | tools.trainer:train_loop:89 - Epoch: [29/ 80] | Train loss: [0.1828160449034638]
2022-03-28 00:34:44.960 | INFO     | tools.trainer:train_loop:89 - Epoch: [30/ 80] | Train loss: [0.1825925970243083]
2022-03-28 00:38:40.172 | INFO     | tools.trainer:train_loop:89 - Epoch: [31/ 80] | Train loss: [0.18747258765829933]
2022-03-28 00:42:35.155 | INFO     | tools.trainer:train_loop:89 - Epoch: [32/ 80] | Train loss: [0.184175636453761]
2022-03-28 00:46:30.295 | INFO     | tools.trainer:train_loop:89 - Epoch: [33/ 80] | Train loss: [0.17137680591808424]
2022-03-28 00:50:25.472 | INFO     | tools.trainer:train_loop:89 - Epoch: [34/ 80] | Train loss: [0.16910592574212285]
2022-03-28 00:54:20.520 | INFO     | tools.trainer:train_loop:89 - Epoch: [35/ 80] | Train loss: [0.17873762663867737]
2022-03-28 00:58:15.936 | INFO     | tools.trainer:train_loop:89 - Epoch: [36/ 80] | Train loss: [0.17080580890178682]
2022-03-28 01:02:10.964 | INFO     | tools.trainer:train_loop:89 - Epoch: [37/ 80] | Train loss: [0.19146939747863345]
2022-03-28 01:06:05.861 | INFO     | tools.trainer:train_loop:89 - Epoch: [38/ 80] | Train loss: [0.17170566560493575]
2022-03-28 01:10:00.867 | INFO     | tools.trainer:train_loop:89 - Epoch: [39/ 80] | Train loss: [0.17296234178874229]
2022-03-28 01:13:55.711 | INFO     | tools.trainer:train_loop:89 - Epoch: [40/ 80] | Train loss: [0.15553117328219943]
2022-03-28 01:17:50.433 | INFO     | tools.trainer:train_loop:89 - Epoch: [41/ 80] | Train loss: [0.1579491451382637]
2022-03-28 01:21:45.701 | INFO     | tools.trainer:train_loop:89 - Epoch: [42/ 80] | Train loss: [0.15961249669392905]
2022-03-28 01:25:40.678 | INFO     | tools.trainer:train_loop:89 - Epoch: [43/ 80] | Train loss: [0.15741345956921576]
2022-03-28 01:29:35.914 | INFO     | tools.trainer:train_loop:89 - Epoch: [44/ 80] | Train loss: [0.1565122402376599]
2022-03-28 01:33:30.778 | INFO     | tools.trainer:train_loop:89 - Epoch: [45/ 80] | Train loss: [0.15095522287819121]
2022-03-28 01:37:25.825 | INFO     | tools.trainer:train_loop:89 - Epoch: [46/ 80] | Train loss: [0.14675535145733093]
2022-03-28 01:41:20.469 | INFO     | tools.trainer:train_loop:89 - Epoch: [47/ 80] | Train loss: [0.14465440362691878]
2022-03-28 01:45:15.090 | INFO     | tools.trainer:train_loop:89 - Epoch: [48/ 80] | Train loss: [0.14202795343266594]
2022-03-28 01:49:10.161 | INFO     | tools.trainer:train_loop:89 - Epoch: [49/ 80] | Train loss: [0.14285226108299362]
2022-03-28 01:53:04.812 | INFO     | tools.trainer:train_loop:89 - Epoch: [50/ 80] | Train loss: [0.13892277421222793]
2022-03-28 01:56:59.604 | INFO     | tools.trainer:train_loop:89 - Epoch: [51/ 80] | Train loss: [0.14592590307195982]
2022-03-28 02:00:54.178 | INFO     | tools.trainer:train_loop:89 - Epoch: [52/ 80] | Train loss: [0.14291914767689176]
2022-03-28 02:04:49.176 | INFO     | tools.trainer:train_loop:89 - Epoch: [53/ 80] | Train loss: [0.1498601025177373]
2022-03-28 02:08:44.277 | INFO     | tools.trainer:train_loop:89 - Epoch: [54/ 80] | Train loss: [0.15285100249780548]
2022-03-28 02:12:39.186 | INFO     | tools.trainer:train_loop:89 - Epoch: [55/ 80] | Train loss: [0.14554277393552992]
2022-03-28 02:16:34.428 | INFO     | tools.trainer:train_loop:89 - Epoch: [56/ 80] | Train loss: [0.13910730638437802]
2022-03-28 02:20:29.581 | INFO     | tools.trainer:train_loop:89 - Epoch: [57/ 80] | Train loss: [0.13082493758863872]
2022-03-28 02:24:24.762 | INFO     | tools.trainer:train_loop:89 - Epoch: [58/ 80] | Train loss: [0.139466344151232]
2022-03-28 02:28:19.685 | INFO     | tools.trainer:train_loop:89 - Epoch: [59/ 80] | Train loss: [0.13458725950784153]
2022-03-28 02:32:14.231 | INFO     | tools.trainer:train_loop:89 - Epoch: [60/ 80] | Train loss: [0.13497223638825948]
2022-03-28 02:36:09.310 | INFO     | tools.trainer:train_loop:89 - Epoch: [61/ 80] | Train loss: [0.1326072811252541]
2022-03-28 02:40:04.195 | INFO     | tools.trainer:train_loop:89 - Epoch: [62/ 80] | Train loss: [0.12641346686416202]
2022-03-28 02:43:58.998 | INFO     | tools.trainer:train_loop:89 - Epoch: [63/ 80] | Train loss: [0.12824389048748547]
2022-03-28 02:47:53.841 | INFO     | tools.trainer:train_loop:89 - Epoch: [64/ 80] | Train loss: [0.12427977994084358]
2022-03-28 02:51:48.833 | INFO     | tools.trainer:train_loop:89 - Epoch: [65/ 80] | Train loss: [0.12665230052338705]
2022-03-28 02:55:43.547 | INFO     | tools.trainer:train_loop:89 - Epoch: [66/ 80] | Train loss: [0.11979858254392942]
2022-03-28 02:59:38.434 | INFO     | tools.trainer:train_loop:89 - Epoch: [67/ 80] | Train loss: [0.1250090192589495]
2022-03-28 03:03:33.106 | INFO     | tools.trainer:train_loop:89 - Epoch: [68/ 80] | Train loss: [0.1212494714392556]
2022-03-28 03:07:28.341 | INFO     | tools.trainer:train_loop:89 - Epoch: [69/ 80] | Train loss: [0.11587764024734497]
2022-03-28 03:11:23.269 | INFO     | tools.trainer:train_loop:89 - Epoch: [70/ 80] | Train loss: [0.11654041500555144]
2022-03-28 03:15:18.098 | INFO     | tools.trainer:train_loop:89 - Epoch: [71/ 80] | Train loss: [0.11833058090673552]
2022-03-28 03:19:12.745 | INFO     | tools.trainer:train_loop:89 - Epoch: [72/ 80] | Train loss: [0.11463393022616704]
2022-03-28 03:23:07.872 | INFO     | tools.trainer:train_loop:89 - Epoch: [73/ 80] | Train loss: [0.12029408655232854]
2022-03-28 03:27:02.820 | INFO     | tools.trainer:train_loop:89 - Epoch: [74/ 80] | Train loss: [0.11383367454012235]
2022-03-28 03:30:58.191 | INFO     | tools.trainer:train_loop:89 - Epoch: [75/ 80] | Train loss: [0.11345883475409614]
2022-03-28 03:34:53.159 | INFO     | tools.trainer:train_loop:89 - Epoch: [76/ 80] | Train loss: [0.11737933721807269]
2022-03-28 03:38:47.781 | INFO     | tools.trainer:train_loop:89 - Epoch: [77/ 80] | Train loss: [0.11950868111517694]
2022-03-28 03:42:42.224 | INFO     | tools.trainer:train_loop:89 - Epoch: [78/ 80] | Train loss: [0.11364932565225495]
2022-03-28 03:46:37.017 | INFO     | tools.trainer:train_loop:89 - Epoch: [79/ 80] | Train loss: [0.10564338308241632]
2022-03-28 03:46:37.220 | INFO     | tools.trainer:train_loop:104 - [Saving Snapshot:]/mnt/data/hungpv/polyps/checkpoint/KCECE/pvtv2-uperhead_v8/PVTv2-B3-UPerHead_79.pth
2022-03-28 03:50:32.059 | INFO     | tools.trainer:train_loop:89 - Epoch: [80/ 80] | Train loss: [0.11359955295920372]
2022-03-28 03:50:32.260 | INFO     | tools.trainer:train_loop:104 - [Saving Snapshot:]/mnt/data/hungpv/polyps/checkpoint/KCECE/pvtv2-uperhead_v8/PVTv2-B3-UPerHead_80.pth
2022-03-28 03:50:32.261 | INFO     | tools.trainer:train_loop:110 - Training cost: 18800.926748644997seconds
