2022-03-30 06:53:12.103 | INFO     | __main__:main:45 - Load config from configs/pvtv2-uperhead.yaml
2022-03-30 06:53:12.103 | INFO     | __main__:main:46 - {'dataset': {'data_path': '/home/admin_mcn/hungpv/polyps/dataset/KCECE', 'train_data_path': ['/home/admin_mcn/hungpv/polyps/dataset/KCECE/TrainDataset'], 'test_data_path': ['/home/admin_mcn/hungpv/polyps/dataset/KCECE/TestDataset/CVC-ColonDB'], 'val_data_path': ['/home/admin_mcn/hungpv/polyps/dataset/KCECE/TestDataset/CVC-300']}, 'model': {'num_classes': 1, 'save_dir': '/mnt/data/hungpv/polyps/checkpoint/KCECE/pvtv2-uperhead_v10', 'backbone': 'PVTv2-B3', 'head': 'UPerHead', 'pretrained': '/mnt/data/hungpv/polyps/pretrained-backbone/pvt_v2_b3.pth'}, 'optimizer': {'name': 'adam', 'lr': 0.0001, 'clip': 0.5, 'scheduler': 'cosine_warmup', 'loss': 'structure_loss'}, 'dev': 'cuda', 'train': {'start_from': 0, 'save_from': 78, 'num_epochs': 80, 'num_warmup_epoch': 10, 'is_val': False, 'size_rates': [0.75, 1, 1.25], 'dataloader': {'batchsize': 16, 'img_size': 352, 'shuffle': True, 'num_workers': 2, 'pin_memory': True, 'drop_last': True}, 'amp': False, 'ddp': False, 'augment': {'prob': 1, 'Flip_prob': 0.7, 'HueSaturationValue_prob': 0.7, 'RandomBrightnessContrast_prob': 0.5, 'crop_prob': 0.0, 'randomrotate90_prob': 0.7}}, 'test': {'dev': 'cuda', 'visualize': False, 'visualize_dir': '/mnt/data/hungpv/polyps/visualize', 'vis_x': 180, 'vis_overwrite': False, 'checkpoint_dir': '/mnt/data/hungpv/polyps/checkpoint/KCECE/pvtv2-uperhead_v10/PVTv2-B3-UPerHead_80.pth', 'dataloader': {'batchsize': 1, 'img_size': 352, 'shuffle': True, 'num_workers': 2, 'pin_memory': True, 'drop_last': True}, 'augment': {'prob': 1, 'Flip_prob': 0, 'HueSaturationValue_prob': 0, 'RandomBrightnessContrast_prob': 0, 'crop_prob': 0, 'randomrotate90_prob': 0, 'elastictransform_prob': 0, 'gridistortion_prob': 0, 'opticaldistortion_prob': 0, 'verticalflip_prob': 0, 'horizontalflip_prob': 0, 'randomgamma_prob': 0, 'CoarseDropout_prob': 0, 'RGBShift_prob': 0, 'MotionBlur_prob': 0, 'MedianBlur_prob': 0, 'GaussianBlur_prob': 0, 'GaussNoise_prob': 0, 'ChannelShuffle_prob': 0}}}
2022-03-30 06:53:12.103 | INFO     | __main__:main:47 - Getting datapath
2022-03-30 06:53:12.109 | INFO     | __main__:main:61 - There are 1450 images to train
2022-03-30 06:53:12.110 | INFO     | __main__:main:80 - Train model with no valid dataset
2022-03-30 06:53:12.110 | INFO     | __main__:main:82 - Loading data
2022-03-30 06:53:12.205 | INFO     | __main__:main:96 - 90 batches to train
2022-03-30 06:53:12.209 | INFO     | __main__:main:109 - Loading model
2022-03-30 06:53:12.209 | INFO     | __main__:main:126 - Loading checkpoint from /mnt/data/hungpv/polyps/pretrained-backbone/pvt_v2_b3.pth ...
2022-03-30 06:53:14.797 | INFO     | __main__:main:164 - Training with FP32 ...
2022-03-30 06:57:04.386 | INFO     | tools.trainer:train_loop:89 - Epoch: [1/ 80] | Train loss: [1.7415800174077352]
2022-03-30 07:00:53.260 | INFO     | tools.trainer:train_loop:89 - Epoch: [2/ 80] | Train loss: [0.7232475267516242]
2022-03-30 07:04:42.601 | INFO     | tools.trainer:train_loop:89 - Epoch: [3/ 80] | Train loss: [0.566793531510565]
2022-03-30 07:04:42.810 | INFO     | tools.trainer:train_loop:104 - [Saving Snapshot:]/mnt/data/hungpv/polyps/checkpoint/KCECE/pvtv2-uperhead_v10/PVTv2-B3-UPerHead_3.pth
2022-03-30 07:08:32.051 | INFO     | tools.trainer:train_loop:89 - Epoch: [4/ 80] | Train loss: [0.43465308944384257]
2022-03-30 07:12:21.331 | INFO     | tools.trainer:train_loop:89 - Epoch: [5/ 80] | Train loss: [0.38274318873882296]
2022-03-30 07:16:10.562 | INFO     | tools.trainer:train_loop:89 - Epoch: [6/ 80] | Train loss: [0.3204267147514555]
2022-03-30 07:19:59.887 | INFO     | tools.trainer:train_loop:89 - Epoch: [7/ 80] | Train loss: [0.27300116734372243]
2022-03-30 07:23:49.285 | INFO     | tools.trainer:train_loop:89 - Epoch: [8/ 80] | Train loss: [0.25401222374704147]
2022-03-30 07:27:38.687 | INFO     | tools.trainer:train_loop:89 - Epoch: [9/ 80] | Train loss: [0.23048247198263805]
2022-03-30 07:31:27.967 | INFO     | tools.trainer:train_loop:89 - Epoch: [10/ 80] | Train loss: [0.21906849377685123]
2022-03-30 07:35:17.388 | INFO     | tools.trainer:train_loop:89 - Epoch: [11/ 80] | Train loss: [0.2021725239853064]
2022-03-30 07:39:06.502 | INFO     | tools.trainer:train_loop:89 - Epoch: [12/ 80] | Train loss: [0.1965481758117676]
2022-03-30 07:42:56.072 | INFO     | tools.trainer:train_loop:89 - Epoch: [13/ 80] | Train loss: [0.18639517145024406]
2022-03-30 07:46:45.658 | INFO     | tools.trainer:train_loop:89 - Epoch: [14/ 80] | Train loss: [0.18215567072232564]
2022-03-30 07:50:35.015 | INFO     | tools.trainer:train_loop:89 - Epoch: [15/ 80] | Train loss: [0.17356251784496837]
2022-03-30 07:54:24.514 | INFO     | tools.trainer:train_loop:89 - Epoch: [16/ 80] | Train loss: [0.16322746814952957]
2022-03-30 07:58:13.873 | INFO     | tools.trainer:train_loop:89 - Epoch: [17/ 80] | Train loss: [0.16037869991527665]
2022-03-30 08:02:03.272 | INFO     | tools.trainer:train_loop:89 - Epoch: [18/ 80] | Train loss: [0.1710597353676955]
2022-03-30 08:05:52.672 | INFO     | tools.trainer:train_loop:89 - Epoch: [19/ 80] | Train loss: [0.15796920193566216]
2022-03-30 08:09:41.936 | INFO     | tools.trainer:train_loop:89 - Epoch: [20/ 80] | Train loss: [0.1553053872452842]
2022-03-30 08:13:31.280 | INFO     | tools.trainer:train_loop:89 - Epoch: [21/ 80] | Train loss: [0.14356785002681943]
2022-03-30 08:17:20.664 | INFO     | tools.trainer:train_loop:89 - Epoch: [22/ 80] | Train loss: [0.1384899309111966]
2022-03-30 08:21:10.025 | INFO     | tools.trainer:train_loop:89 - Epoch: [23/ 80] | Train loss: [0.13650495633482934]
2022-03-30 08:24:59.574 | INFO     | tools.trainer:train_loop:89 - Epoch: [24/ 80] | Train loss: [0.13732978825767836]
2022-03-30 08:28:48.970 | INFO     | tools.trainer:train_loop:89 - Epoch: [25/ 80] | Train loss: [0.1360597476363182]
2022-03-30 08:32:38.537 | INFO     | tools.trainer:train_loop:89 - Epoch: [26/ 80] | Train loss: [0.14125122245815064]
2022-03-30 08:36:28.113 | INFO     | tools.trainer:train_loop:89 - Epoch: [27/ 80] | Train loss: [0.13793199467990133]
2022-03-30 08:40:17.643 | INFO     | tools.trainer:train_loop:89 - Epoch: [28/ 80] | Train loss: [0.13539631424678697]
2022-03-30 08:44:07.179 | INFO     | tools.trainer:train_loop:89 - Epoch: [29/ 80] | Train loss: [0.1293716279996766]
2022-03-30 08:47:56.660 | INFO     | tools.trainer:train_loop:89 - Epoch: [30/ 80] | Train loss: [0.13717329113019838]
2022-03-30 08:51:46.245 | INFO     | tools.trainer:train_loop:89 - Epoch: [31/ 80] | Train loss: [0.13047794931464726]
2022-03-30 08:55:35.777 | INFO     | tools.trainer:train_loop:89 - Epoch: [32/ 80] | Train loss: [0.12420212941037284]
2022-03-30 08:59:25.356 | INFO     | tools.trainer:train_loop:89 - Epoch: [33/ 80] | Train loss: [0.12205168555180232]
2022-03-30 09:03:15.140 | INFO     | tools.trainer:train_loop:89 - Epoch: [34/ 80] | Train loss: [0.11414456897311741]
2022-03-30 09:07:04.733 | INFO     | tools.trainer:train_loop:89 - Epoch: [35/ 80] | Train loss: [0.11340812096993129]
2022-03-30 09:10:54.293 | INFO     | tools.trainer:train_loop:89 - Epoch: [36/ 80] | Train loss: [0.11135232696930568]
2022-03-30 09:14:43.844 | INFO     | tools.trainer:train_loop:89 - Epoch: [37/ 80] | Train loss: [0.10993953388598231]
2022-03-30 09:18:33.670 | INFO     | tools.trainer:train_loop:89 - Epoch: [38/ 80] | Train loss: [0.10859046545293596]
2022-03-30 09:22:23.425 | INFO     | tools.trainer:train_loop:89 - Epoch: [39/ 80] | Train loss: [0.1063665078745948]
2022-03-30 09:26:13.233 | INFO     | tools.trainer:train_loop:89 - Epoch: [40/ 80] | Train loss: [0.10979834902617666]
2022-03-30 09:30:02.968 | INFO     | tools.trainer:train_loop:89 - Epoch: [41/ 80] | Train loss: [0.10317263205846151]
2022-03-30 09:33:52.649 | INFO     | tools.trainer:train_loop:89 - Epoch: [42/ 80] | Train loss: [0.1038951822453075]
2022-03-30 09:37:42.328 | INFO     | tools.trainer:train_loop:89 - Epoch: [43/ 80] | Train loss: [0.10005472443170017]
2022-03-30 09:41:31.834 | INFO     | tools.trainer:train_loop:89 - Epoch: [44/ 80] | Train loss: [0.09720076637135612]
2022-03-30 09:45:21.392 | INFO     | tools.trainer:train_loop:89 - Epoch: [45/ 80] | Train loss: [0.09810450863507059]
2022-03-30 09:49:11.176 | INFO     | tools.trainer:train_loop:89 - Epoch: [46/ 80] | Train loss: [0.09629673022362921]
2022-03-30 09:53:00.897 | INFO     | tools.trainer:train_loop:89 - Epoch: [47/ 80] | Train loss: [0.09570715808206134]
2022-03-30 09:56:50.673 | INFO     | tools.trainer:train_loop:89 - Epoch: [48/ 80] | Train loss: [0.09444203161531024]
2022-03-30 10:00:40.299 | INFO     | tools.trainer:train_loop:89 - Epoch: [49/ 80] | Train loss: [0.09306833065218395]
2022-03-30 10:04:29.811 | INFO     | tools.trainer:train_loop:89 - Epoch: [50/ 80] | Train loss: [0.09353328429990344]
2022-03-30 10:08:19.264 | INFO     | tools.trainer:train_loop:89 - Epoch: [51/ 80] | Train loss: [0.08948678970336914]
2022-03-30 10:12:08.915 | INFO     | tools.trainer:train_loop:89 - Epoch: [52/ 80] | Train loss: [0.0887704768942462]
2022-03-30 10:15:58.291 | INFO     | tools.trainer:train_loop:89 - Epoch: [53/ 80] | Train loss: [0.08673138146599134]
2022-03-30 10:19:47.772 | INFO     | tools.trainer:train_loop:89 - Epoch: [54/ 80] | Train loss: [0.09081375557515356]
2022-03-30 10:23:37.326 | INFO     | tools.trainer:train_loop:89 - Epoch: [55/ 80] | Train loss: [0.08557868392931091]
2022-03-30 10:27:27.015 | INFO     | tools.trainer:train_loop:89 - Epoch: [56/ 80] | Train loss: [0.08559610189663039]
2022-03-30 10:31:16.623 | INFO     | tools.trainer:train_loop:89 - Epoch: [57/ 80] | Train loss: [0.08446071189310815]
2022-03-30 10:35:06.282 | INFO     | tools.trainer:train_loop:89 - Epoch: [58/ 80] | Train loss: [0.08342778715822431]
2022-03-30 10:38:55.906 | INFO     | tools.trainer:train_loop:89 - Epoch: [59/ 80] | Train loss: [0.0813942907171117]
2022-03-30 10:42:45.548 | INFO     | tools.trainer:train_loop:89 - Epoch: [60/ 80] | Train loss: [0.08098929267790582]
2022-03-30 10:46:35.107 | INFO     | tools.trainer:train_loop:89 - Epoch: [61/ 80] | Train loss: [0.07936433777213096]
2022-03-30 10:50:25.002 | INFO     | tools.trainer:train_loop:89 - Epoch: [62/ 80] | Train loss: [0.07824493969480197]
2022-03-30 10:54:14.604 | INFO     | tools.trainer:train_loop:89 - Epoch: [63/ 80] | Train loss: [0.07817492311199506]
2022-03-30 10:58:04.171 | INFO     | tools.trainer:train_loop:89 - Epoch: [64/ 80] | Train loss: [0.07688244382540385]
2022-03-30 11:01:53.706 | INFO     | tools.trainer:train_loop:89 - Epoch: [65/ 80] | Train loss: [0.07648111888104014]
2022-03-30 11:05:43.197 | INFO     | tools.trainer:train_loop:89 - Epoch: [66/ 80] | Train loss: [0.07434076406061649]
2022-03-30 11:09:32.691 | INFO     | tools.trainer:train_loop:89 - Epoch: [67/ 80] | Train loss: [0.07455504180656539]
2022-03-30 11:13:22.240 | INFO     | tools.trainer:train_loop:89 - Epoch: [68/ 80] | Train loss: [0.07405295777651999]
2022-03-30 11:17:11.723 | INFO     | tools.trainer:train_loop:89 - Epoch: [69/ 80] | Train loss: [0.07325992853277259]
2022-03-30 11:21:01.213 | INFO     | tools.trainer:train_loop:89 - Epoch: [70/ 80] | Train loss: [0.07253343483640087]
2022-03-30 11:24:50.730 | INFO     | tools.trainer:train_loop:89 - Epoch: [71/ 80] | Train loss: [0.07196456504364808]
2022-03-30 11:28:40.045 | INFO     | tools.trainer:train_loop:89 - Epoch: [72/ 80] | Train loss: [0.07204363830387592]
2022-03-30 11:32:29.356 | INFO     | tools.trainer:train_loop:89 - Epoch: [73/ 80] | Train loss: [0.06996842192278968]
2022-03-30 11:36:19.008 | INFO     | tools.trainer:train_loop:89 - Epoch: [74/ 80] | Train loss: [0.06953990140722857]
2022-03-30 11:40:08.725 | INFO     | tools.trainer:train_loop:89 - Epoch: [75/ 80] | Train loss: [0.06956309009757307]
2022-03-30 11:43:58.315 | INFO     | tools.trainer:train_loop:89 - Epoch: [76/ 80] | Train loss: [0.0690124417344729]
2022-03-30 11:47:47.837 | INFO     | tools.trainer:train_loop:89 - Epoch: [77/ 80] | Train loss: [0.06760037913918496]
2022-03-30 11:51:37.286 | INFO     | tools.trainer:train_loop:89 - Epoch: [78/ 80] | Train loss: [0.06780837062332365]
2022-03-30 11:55:26.833 | INFO     | tools.trainer:train_loop:89 - Epoch: [79/ 80] | Train loss: [0.06744667854573992]
2022-03-30 11:55:27.037 | INFO     | tools.trainer:train_loop:104 - [Saving Snapshot:]/mnt/data/hungpv/polyps/checkpoint/KCECE/pvtv2-uperhead_v10/PVTv2-B3-UPerHead_79.pth
2022-03-30 11:59:16.467 | INFO     | tools.trainer:train_loop:89 - Epoch: [80/ 80] | Train loss: [0.06727823780642615]
2022-03-30 11:59:16.670 | INFO     | tools.trainer:train_loop:104 - [Saving Snapshot:]/mnt/data/hungpv/polyps/checkpoint/KCECE/pvtv2-uperhead_v10/PVTv2-B3-UPerHead_80.pth
2022-03-30 11:59:16.670 | INFO     | tools.trainer:train_loop:110 - Training cost: 18360.877239812995seconds
