2022-03-27 09:52:04.316 | INFO     | __main__:main:45 - Load config from configs/pvtv2-uperhead.yaml
2022-03-27 09:52:04.316 | INFO     | __main__:main:46 - {'dataset': {'data_path': '/home/admin_mcn/hungpv/polyps/dataset/KCECE', 'train_data_path': ['/home/admin_mcn/hungpv/polyps/dataset/KCECE/TrainDataset'], 'test_data_path': ['/home/admin_mcn/hungpv/polyps/dataset/KCECE/TestDataset/Kvasir'], 'val_data_path': ['/home/admin_mcn/hungpv/polyps/dataset/KCECE/TestDataset/CVC-300']}, 'model': {'num_classes': 1, 'save_dir': '/mnt/data/hungpv/polyps/checkpoint/KCECE/pvtv2-uperhead_v8', 'backbone': 'PVTv2-B3', 'head': 'UPerHead', 'pretrained': '/mnt/data/hungpv/polyps/pretrained-backbone/pvt_v2_b3.pth'}, 'optimizer': {'name': 'adam', 'lr': 0.0001, 'clip': 0.5, 'scheduler': 'cosine_warmup', 'loss': 'structure_loss'}, 'dev': 'cuda', 'train': {'start_from': 0, 'save_from': 78, 'num_epochs': 80, 'num_warmup_epoch': 8, 'is_val': False, 'size_rates': [0.75, 1, 1.25], 'dataloader': {'batchsize': 16, 'img_size': 352, 'shuffle': True, 'num_workers': 2, 'pin_memory': True, 'drop_last': True}, 'amp': False, 'ddp': False, 'augment': {'prob': 1, 'Flip_prob': 0.7, 'HueSaturationValue_prob': 0.7, 'RandomBrightnessContrast_prob': 0.5, 'crop_prob': 0.2, 'randomrotate90_prob': 0.7}}, 'test': {'dev': 'cuda', 'visualize': False, 'visualize_dir': '/mnt/data/hungpv/polyps/visualize', 'vis_x': 180, 'vis_overwrite': False, 'checkpoint_dir': '/mnt/data/hungpv/polyps/checkpoint/KCECE/pvtv2-uperhead_v8/PVTv2-B3-UPerHead_80.pth', 'dataloader': {'batchsize': 1, 'img_size': 352, 'shuffle': True, 'num_workers': 2, 'pin_memory': True, 'drop_last': True}, 'augment': {'prob': 1, 'Flip_prob': 0, 'HueSaturationValue_prob': 0, 'RandomBrightnessContrast_prob': 0, 'crop_prob': 0, 'randomrotate90_prob': 0, 'elastictransform_prob': 0, 'gridistortion_prob': 0, 'opticaldistortion_prob': 0, 'verticalflip_prob': 0, 'horizontalflip_prob': 0, 'randomgamma_prob': 0, 'CoarseDropout_prob': 0, 'RGBShift_prob': 0, 'MotionBlur_prob': 0, 'MedianBlur_prob': 0, 'GaussianBlur_prob': 0, 'GaussNoise_prob': 0, 'ChannelShuffle_prob': 0}}}
2022-03-27 09:52:04.317 | INFO     | __main__:main:47 - Getting datapath
2022-03-27 09:52:04.323 | INFO     | __main__:main:61 - There are 1450 images to train
2022-03-27 09:52:04.323 | INFO     | __main__:main:80 - Train model with no valid dataset
2022-03-27 09:52:04.323 | INFO     | __main__:main:82 - Loading data
2022-03-27 09:52:04.410 | INFO     | __main__:main:96 - 90 batches to train
2022-03-27 09:52:04.414 | INFO     | __main__:main:109 - Loading model
2022-03-27 09:52:04.415 | INFO     | __main__:main:126 - Loading checkpoint from /mnt/data/hungpv/polyps/pretrained-backbone/pvt_v2_b3.pth ...
2022-03-27 09:52:07.007 | INFO     | __main__:main:164 - Training with FP32 ...
2022-03-27 09:56:02.895 | INFO     | tools.trainer:train_loop:89 - Epoch: [1/ 80] | Train loss: [3.003860065009859]
2022-03-27 09:59:57.876 | INFO     | tools.trainer:train_loop:89 - Epoch: [2/ 80] | Train loss: [0.9510894940959083]
2022-03-27 10:03:53.566 | INFO     | tools.trainer:train_loop:89 - Epoch: [3/ 80] | Train loss: [0.7022280073828168]
2022-03-27 10:03:53.770 | INFO     | tools.trainer:train_loop:104 - [Saving Snapshot:]/mnt/data/hungpv/polyps/checkpoint/KCECE/pvtv2-uperhead_v8/PVTv2-B3-UPerHead_3.pth
2022-03-27 10:07:49.628 | INFO     | tools.trainer:train_loop:89 - Epoch: [4/ 80] | Train loss: [0.5455210046635733]
2022-03-27 10:11:45.846 | INFO     | tools.trainer:train_loop:89 - Epoch: [5/ 80] | Train loss: [0.4669638103908963]
2022-03-27 10:15:41.835 | INFO     | tools.trainer:train_loop:89 - Epoch: [6/ 80] | Train loss: [0.3839186915092998]
2022-03-27 10:19:38.056 | INFO     | tools.trainer:train_loop:89 - Epoch: [7/ 80] | Train loss: [0.4054682607452075]
2022-03-27 10:23:34.433 | INFO     | tools.trainer:train_loop:89 - Epoch: [8/ 80] | Train loss: [0.3363711024324099]
2022-03-27 10:27:31.153 | INFO     | tools.trainer:train_loop:89 - Epoch: [9/ 80] | Train loss: [0.3188584821091758]
2022-03-27 10:31:27.726 | INFO     | tools.trainer:train_loop:89 - Epoch: [10/ 80] | Train loss: [0.3284164261486795]
2022-03-27 10:35:24.188 | INFO     | tools.trainer:train_loop:89 - Epoch: [11/ 80] | Train loss: [0.28606742272774377]
2022-03-27 10:39:20.673 | INFO     | tools.trainer:train_loop:89 - Epoch: [12/ 80] | Train loss: [0.268305809630288]
2022-03-27 10:43:17.065 | INFO     | tools.trainer:train_loop:89 - Epoch: [13/ 80] | Train loss: [0.23496624959839715]
2022-03-27 10:47:13.185 | INFO     | tools.trainer:train_loop:89 - Epoch: [14/ 80] | Train loss: [0.25351229674286313]
2022-03-27 10:51:09.588 | INFO     | tools.trainer:train_loop:89 - Epoch: [15/ 80] | Train loss: [0.2505724001261923]
2022-03-27 10:55:05.960 | INFO     | tools.trainer:train_loop:89 - Epoch: [16/ 80] | Train loss: [0.23260847280422847]
2022-03-27 10:59:02.381 | INFO     | tools.trainer:train_loop:89 - Epoch: [17/ 80] | Train loss: [0.2163184470600552]
2022-03-27 11:02:59.114 | INFO     | tools.trainer:train_loop:89 - Epoch: [18/ 80] | Train loss: [0.22477574961053]
2022-03-27 11:06:55.987 | INFO     | tools.trainer:train_loop:89 - Epoch: [19/ 80] | Train loss: [0.21229706108570098]
2022-03-27 11:10:52.596 | INFO     | tools.trainer:train_loop:89 - Epoch: [20/ 80] | Train loss: [0.21658966342608135]
2022-03-27 11:14:49.393 | INFO     | tools.trainer:train_loop:89 - Epoch: [21/ 80] | Train loss: [0.20700208048025767]
2022-03-27 11:18:45.966 | INFO     | tools.trainer:train_loop:89 - Epoch: [22/ 80] | Train loss: [0.20004528247647815]
2022-03-27 11:22:42.617 | INFO     | tools.trainer:train_loop:89 - Epoch: [23/ 80] | Train loss: [0.20375383670131367]
2022-03-27 11:26:39.177 | INFO     | tools.trainer:train_loop:89 - Epoch: [24/ 80] | Train loss: [0.20250942624277538]
2022-03-27 11:30:35.601 | INFO     | tools.trainer:train_loop:89 - Epoch: [25/ 80] | Train loss: [0.20318009969260958]
2022-03-27 11:34:32.020 | INFO     | tools.trainer:train_loop:89 - Epoch: [26/ 80] | Train loss: [0.20652998015284538]
2022-03-27 11:38:28.858 | INFO     | tools.trainer:train_loop:89 - Epoch: [27/ 80] | Train loss: [0.21887320569819874]
2022-03-27 11:42:25.486 | INFO     | tools.trainer:train_loop:89 - Epoch: [28/ 80] | Train loss: [0.18555947235888906]
2022-03-27 11:46:22.038 | INFO     | tools.trainer:train_loop:89 - Epoch: [29/ 80] | Train loss: [0.17233126825756498]
2022-03-27 11:50:18.585 | INFO     | tools.trainer:train_loop:89 - Epoch: [30/ 80] | Train loss: [0.1884044472542074]
2022-03-27 11:54:15.024 | INFO     | tools.trainer:train_loop:89 - Epoch: [31/ 80] | Train loss: [0.18143630681766404]
2022-03-27 11:58:11.475 | INFO     | tools.trainer:train_loop:89 - Epoch: [32/ 80] | Train loss: [0.16460365951061248]
2022-03-27 12:02:08.338 | INFO     | tools.trainer:train_loop:89 - Epoch: [33/ 80] | Train loss: [0.17751412466168404]
2022-03-27 12:06:04.761 | INFO     | tools.trainer:train_loop:89 - Epoch: [34/ 80] | Train loss: [0.16509060660998026]
2022-03-27 12:10:01.226 | INFO     | tools.trainer:train_loop:89 - Epoch: [35/ 80] | Train loss: [0.17329510516590543]
2022-03-27 12:13:57.865 | INFO     | tools.trainer:train_loop:89 - Epoch: [36/ 80] | Train loss: [0.15245449915528297]
2022-03-27 12:17:54.702 | INFO     | tools.trainer:train_loop:89 - Epoch: [37/ 80] | Train loss: [0.1746797872086366]
2022-03-27 12:21:51.099 | INFO     | tools.trainer:train_loop:89 - Epoch: [38/ 80] | Train loss: [0.17140132337808608]
2022-03-27 12:25:48.145 | INFO     | tools.trainer:train_loop:89 - Epoch: [39/ 80] | Train loss: [0.1598963223397732]
2022-03-27 12:29:44.412 | INFO     | tools.trainer:train_loop:89 - Epoch: [40/ 80] | Train loss: [0.15896371983819538]
2022-03-27 12:33:40.963 | INFO     | tools.trainer:train_loop:89 - Epoch: [41/ 80] | Train loss: [0.16845477985011206]
2022-03-27 12:37:37.746 | INFO     | tools.trainer:train_loop:89 - Epoch: [42/ 80] | Train loss: [0.15689853090378975]
2022-03-27 12:41:34.260 | INFO     | tools.trainer:train_loop:89 - Epoch: [43/ 80] | Train loss: [0.1594749649365743]
2022-03-27 12:45:31.306 | INFO     | tools.trainer:train_loop:89 - Epoch: [44/ 80] | Train loss: [0.14798066003455057]
2022-03-27 12:49:28.051 | INFO     | tools.trainer:train_loop:89 - Epoch: [45/ 80] | Train loss: [0.1643634577592214]
2022-03-27 12:53:24.394 | INFO     | tools.trainer:train_loop:89 - Epoch: [46/ 80] | Train loss: [0.1482465526296033]
2022-03-27 12:57:21.276 | INFO     | tools.trainer:train_loop:89 - Epoch: [47/ 80] | Train loss: [0.14321801505155032]
2022-03-27 13:01:17.549 | INFO     | tools.trainer:train_loop:89 - Epoch: [48/ 80] | Train loss: [0.13978590369224547]
2022-03-27 13:05:14.521 | INFO     | tools.trainer:train_loop:89 - Epoch: [49/ 80] | Train loss: [0.13989810057812266]
2022-03-27 13:09:11.295 | INFO     | tools.trainer:train_loop:89 - Epoch: [50/ 80] | Train loss: [0.1440167991651429]
2022-03-27 13:13:07.732 | INFO     | tools.trainer:train_loop:89 - Epoch: [51/ 80] | Train loss: [0.14255733845962418]
2022-03-27 13:17:04.360 | INFO     | tools.trainer:train_loop:89 - Epoch: [52/ 80] | Train loss: [0.13706534248259333]
2022-03-27 13:21:00.766 | INFO     | tools.trainer:train_loop:89 - Epoch: [53/ 80] | Train loss: [0.13897298417157597]
2022-03-27 13:24:57.250 | INFO     | tools.trainer:train_loop:89 - Epoch: [54/ 80] | Train loss: [0.13483131867316034]
2022-03-27 13:28:53.657 | INFO     | tools.trainer:train_loop:89 - Epoch: [55/ 80] | Train loss: [0.14189049551884333]
2022-03-27 13:32:50.092 | INFO     | tools.trainer:train_loop:89 - Epoch: [56/ 80] | Train loss: [0.141877920842833]
2022-03-27 13:36:46.601 | INFO     | tools.trainer:train_loop:89 - Epoch: [57/ 80] | Train loss: [0.13174304440617562]
2022-03-27 13:40:42.616 | INFO     | tools.trainer:train_loop:89 - Epoch: [58/ 80] | Train loss: [0.13525552343991068]
2022-03-27 13:44:38.637 | INFO     | tools.trainer:train_loop:89 - Epoch: [59/ 80] | Train loss: [0.1282240850230058]
2022-03-27 13:48:35.020 | INFO     | tools.trainer:train_loop:89 - Epoch: [60/ 80] | Train loss: [0.12772404394216008]
2022-03-27 13:52:31.685 | INFO     | tools.trainer:train_loop:89 - Epoch: [61/ 80] | Train loss: [0.12973591908812523]
2022-03-27 13:56:27.992 | INFO     | tools.trainer:train_loop:89 - Epoch: [62/ 80] | Train loss: [0.12552507056130302]
2022-03-27 14:00:24.551 | INFO     | tools.trainer:train_loop:89 - Epoch: [63/ 80] | Train loss: [0.13105364731616445]
2022-03-27 14:04:21.070 | INFO     | tools.trainer:train_loop:89 - Epoch: [64/ 80] | Train loss: [0.12527450323104858]
2022-03-27 14:08:17.252 | INFO     | tools.trainer:train_loop:89 - Epoch: [65/ 80] | Train loss: [0.12158590522077349]
2022-03-27 14:12:13.333 | INFO     | tools.trainer:train_loop:89 - Epoch: [66/ 80] | Train loss: [0.1208979835940732]
2022-03-27 14:16:09.493 | INFO     | tools.trainer:train_loop:89 - Epoch: [67/ 80] | Train loss: [0.12589295398857858]
2022-03-27 14:20:05.436 | INFO     | tools.trainer:train_loop:89 - Epoch: [68/ 80] | Train loss: [0.11918325573205948]
2022-03-27 14:24:01.838 | INFO     | tools.trainer:train_loop:89 - Epoch: [69/ 80] | Train loss: [0.11737774064143498]
2022-03-27 14:27:58.662 | INFO     | tools.trainer:train_loop:89 - Epoch: [70/ 80] | Train loss: [0.116046092659235]
2022-03-27 14:31:55.074 | INFO     | tools.trainer:train_loop:89 - Epoch: [71/ 80] | Train loss: [0.11593622747394773]
2022-03-27 14:35:51.504 | INFO     | tools.trainer:train_loop:89 - Epoch: [72/ 80] | Train loss: [0.11947164667977227]
2022-03-27 14:39:48.174 | INFO     | tools.trainer:train_loop:89 - Epoch: [73/ 80] | Train loss: [0.11104260293973817]
2022-03-27 14:43:44.954 | INFO     | tools.trainer:train_loop:89 - Epoch: [74/ 80] | Train loss: [0.11921342950728205]
2022-03-27 14:47:41.108 | INFO     | tools.trainer:train_loop:89 - Epoch: [75/ 80] | Train loss: [0.11138401594426897]
2022-03-27 14:51:37.274 | INFO     | tools.trainer:train_loop:89 - Epoch: [76/ 80] | Train loss: [0.11153657386700312]
2022-03-27 14:55:33.958 | INFO     | tools.trainer:train_loop:89 - Epoch: [77/ 80] | Train loss: [0.11416736543178559]
2022-03-27 14:59:29.970 | INFO     | tools.trainer:train_loop:89 - Epoch: [78/ 80] | Train loss: [0.11797305891911189]
2022-03-27 15:03:26.165 | INFO     | tools.trainer:train_loop:89 - Epoch: [79/ 80] | Train loss: [0.11457897068725692]
2022-03-27 15:03:26.370 | INFO     | tools.trainer:train_loop:104 - [Saving Snapshot:]/mnt/data/hungpv/polyps/checkpoint/KCECE/pvtv2-uperhead_v8/PVTv2-B3-UPerHead_79.pth
2022-03-27 15:07:22.757 | INFO     | tools.trainer:train_loop:89 - Epoch: [80/ 80] | Train loss: [0.11667575827903218]
2022-03-27 15:07:22.956 | INFO     | tools.trainer:train_loop:104 - [Saving Snapshot:]/mnt/data/hungpv/polyps/checkpoint/KCECE/pvtv2-uperhead_v8/PVTv2-B3-UPerHead_80.pth
2022-03-27 15:07:22.957 | INFO     | tools.trainer:train_loop:110 - Training cost: 18914.956881318998seconds
