2022-03-24 20:57:31.136 | INFO     | __main__:main:45 - Load config from configs/pvtv2-uperhead.yaml
2022-03-24 20:57:31.136 | INFO     | __main__:main:46 - {'dataset': {'data_path': '/home/admin_mcn/hungpv/polyps/dataset/KCECE', 'train_data_path': ['/home/admin_mcn/hungpv/polyps/dataset/KCECE/TrainDataset'], 'test_data_path': ['/home/admin_mcn/hungpv/polyps/dataset/KCECE/TestDataset/ETIS-LaribPolypDB'], 'val_data_path': ['/home/admin_mcn/hungpv/polyps/dataset/KCECE/TestDataset/CVC-300']}, 'model': {'num_classes': 1, 'save_dir': '/mnt/data/hungpv/polyps/checkpoint/KCECE/pvtv2-uperhead_v2', 'backbone': 'PVTv2-B3', 'head': 'UPerHead', 'pretrained': '/mnt/data/hungpv/polyps/pretrained-backbone/pvt_v2_b3.pth'}, 'optimizer': {'name': 'adam', 'lr': 0.0001, 'clip': 0.5, 'scheduler': 'cosine_warmup', 'num_warmup_epoch': 1, 'loss': 'structure_loss'}, 'dev': 'cuda', 'train': {'start_from': 0, 'save_from': 58, 'num_epochs': 60, 'num_warmup_epoch': 8, 'is_val': False, 'size_rates': [0.75, 1, 1.25], 'dataloader': {'batchsize': 16, 'img_size': 352, 'shuffle': True, 'num_workers': 2, 'pin_memory': True, 'drop_last': True}, 'amp': False, 'ddp': False, 'augment': {'prob': 1, 'Flip_prob': 0.7, 'HueSaturationValue_prob': 0.7, 'RandomBrightnessContrast_prob': 0.5, 'crop_prob': 0.2, 'randomrotate90_prob': 0.7}}, 'test': {'dev': 'cuda', 'visualize': False, 'visualize_dir': '/mnt/data/hungpv/polyps/visualize', 'vis_x': 180, 'vis_overwrite': False, 'checkpoint_dir': '/mnt/data/hungpv/polyps/checkpoint/KCECE/pvtv2-uperhead_v1/PVTv2-B3-UPerHead_60.pth', 'dataloader': {'batchsize': 1, 'img_size': 352, 'shuffle': True, 'num_workers': 2, 'pin_memory': True, 'drop_last': True}, 'augment': {'prob': 1, 'Flip_prob': 0, 'HueSaturationValue_prob': 0, 'RandomBrightnessContrast_prob': 0, 'crop_prob': 0, 'randomrotate90_prob': 0, 'elastictransform_prob': 0, 'gridistortion_prob': 0, 'opticaldistortion_prob': 0, 'verticalflip_prob': 0, 'horizontalflip_prob': 0, 'randomgamma_prob': 0, 'CoarseDropout_prob': 0, 'RGBShift_prob': 0, 'MotionBlur_prob': 0, 'MedianBlur_prob': 0, 'GaussianBlur_prob': 0, 'GaussNoise_prob': 0, 'ChannelShuffle_prob': 0}}}
2022-03-24 20:57:31.137 | INFO     | __main__:main:47 - Getting datapath
2022-03-24 20:57:31.143 | INFO     | __main__:main:61 - There are 1450 images to train
2022-03-24 20:57:31.143 | INFO     | __main__:main:80 - Train model with no valid dataset
2022-03-24 20:57:31.143 | INFO     | __main__:main:82 - Loading data
2022-03-24 20:57:31.236 | INFO     | __main__:main:96 - 90 batches to train
2022-03-24 20:57:31.240 | INFO     | __main__:main:109 - Loading model
2022-03-24 20:57:31.240 | INFO     | __main__:main:126 - Loading checkpoint from /mnt/data/hungpv/polyps/pretrained-backbone/pvt_v2_b3.pth ...
2022-03-24 20:57:34.070 | INFO     | __main__:main:164 - Training with FP32 ...
2022-03-24 21:01:28.716 | INFO     | tools.trainer:train_loop:89 - Epoch: [1/ 60] | Train loss: [2.557699501514435]
2022-03-24 21:05:23.985 | INFO     | tools.trainer:train_loop:89 - Epoch: [2/ 60] | Train loss: [0.8972456441985236]
2022-03-24 21:09:19.575 | INFO     | tools.trainer:train_loop:89 - Epoch: [3/ 60] | Train loss: [0.6532851858271493]
2022-03-24 21:09:19.801 | INFO     | tools.trainer:train_loop:103 - [Saving Snapshot:]/mnt/data/hungpv/polyps/checkpoint/KCECE/pvtv2-uperhead_v2/PVTv2-B3-UPerHead_3.pth
2022-03-24 21:13:15.674 | INFO     | tools.trainer:train_loop:89 - Epoch: [4/ 60] | Train loss: [0.5241961326864031]
2022-03-24 21:17:11.655 | INFO     | tools.trainer:train_loop:89 - Epoch: [5/ 60] | Train loss: [0.44110734661420187]
2022-03-24 21:21:07.720 | INFO     | tools.trainer:train_loop:89 - Epoch: [6/ 60] | Train loss: [0.3773170770870315]
2022-03-24 21:25:04.213 | INFO     | tools.trainer:train_loop:89 - Epoch: [7/ 60] | Train loss: [0.3390905037522316]
2022-03-24 21:29:00.673 | INFO     | tools.trainer:train_loop:89 - Epoch: [8/ 60] | Train loss: [0.3288302774230639]
2022-03-24 21:32:56.669 | INFO     | tools.trainer:train_loop:89 - Epoch: [9/ 60] | Train loss: [0.27508802761634193]
2022-03-24 21:36:52.414 | INFO     | tools.trainer:train_loop:89 - Epoch: [10/ 60] | Train loss: [0.2824356178442637]
2022-03-24 21:40:48.532 | INFO     | tools.trainer:train_loop:89 - Epoch: [11/ 60] | Train loss: [0.2740203501449691]
2022-03-24 21:44:44.113 | INFO     | tools.trainer:train_loop:89 - Epoch: [12/ 60] | Train loss: [0.30763850659132]
2022-03-24 21:48:40.576 | INFO     | tools.trainer:train_loop:89 - Epoch: [13/ 60] | Train loss: [0.244140188395977]
2022-03-24 21:52:36.605 | INFO     | tools.trainer:train_loop:89 - Epoch: [14/ 60] | Train loss: [0.2453822339574496]
2022-03-24 21:56:31.960 | INFO     | tools.trainer:train_loop:89 - Epoch: [15/ 60] | Train loss: [0.22819094806909562]
2022-03-24 22:00:27.023 | INFO     | tools.trainer:train_loop:89 - Epoch: [16/ 60] | Train loss: [0.22379965997404522]
2022-03-24 22:04:22.077 | INFO     | tools.trainer:train_loop:89 - Epoch: [17/ 60] | Train loss: [0.22269737952285343]
2022-03-24 22:08:17.044 | INFO     | tools.trainer:train_loop:89 - Epoch: [18/ 60] | Train loss: [0.22805128254824214]
2022-03-24 22:12:12.367 | INFO     | tools.trainer:train_loop:89 - Epoch: [19/ 60] | Train loss: [0.2087060128649076]
2022-03-24 22:16:07.512 | INFO     | tools.trainer:train_loop:89 - Epoch: [20/ 60] | Train loss: [0.20744038538800347]
2022-03-24 22:20:03.165 | INFO     | tools.trainer:train_loop:89 - Epoch: [21/ 60] | Train loss: [0.20356949923766984]
2022-03-24 22:23:59.520 | INFO     | tools.trainer:train_loop:89 - Epoch: [22/ 60] | Train loss: [0.20733204293582175]
2022-03-24 22:27:54.876 | INFO     | tools.trainer:train_loop:89 - Epoch: [23/ 60] | Train loss: [0.19702099652753935]
2022-03-24 22:31:50.506 | INFO     | tools.trainer:train_loop:89 - Epoch: [24/ 60] | Train loss: [0.1867657353480657]
2022-03-24 22:35:45.740 | INFO     | tools.trainer:train_loop:89 - Epoch: [25/ 60] | Train loss: [0.19416807997557853]
2022-03-24 22:39:41.414 | INFO     | tools.trainer:train_loop:89 - Epoch: [26/ 60] | Train loss: [0.18607262290186352]
2022-03-24 22:43:37.220 | INFO     | tools.trainer:train_loop:89 - Epoch: [27/ 60] | Train loss: [0.17887073763542705]
2022-03-24 22:47:32.468 | INFO     | tools.trainer:train_loop:89 - Epoch: [28/ 60] | Train loss: [0.17403425549467405]
2022-03-24 22:51:27.925 | INFO     | tools.trainer:train_loop:89 - Epoch: [29/ 60] | Train loss: [0.18425115545590717]
2022-03-24 22:55:23.136 | INFO     | tools.trainer:train_loop:89 - Epoch: [30/ 60] | Train loss: [0.18225300717684959]
2022-03-24 22:59:18.265 | INFO     | tools.trainer:train_loop:89 - Epoch: [31/ 60] | Train loss: [0.17776545286178588]
2022-03-24 23:03:13.178 | INFO     | tools.trainer:train_loop:89 - Epoch: [32/ 60] | Train loss: [0.17615657846132915]
2022-03-24 23:07:08.256 | INFO     | tools.trainer:train_loop:89 - Epoch: [33/ 60] | Train loss: [0.17452742490503523]
2022-03-24 23:11:03.405 | INFO     | tools.trainer:train_loop:89 - Epoch: [34/ 60] | Train loss: [0.16710386267966695]
2022-03-24 23:14:58.199 | INFO     | tools.trainer:train_loop:89 - Epoch: [35/ 60] | Train loss: [0.16170537744959196]
2022-03-24 23:18:53.649 | INFO     | tools.trainer:train_loop:89 - Epoch: [36/ 60] | Train loss: [0.16880028429958555]
2022-03-24 23:22:49.008 | INFO     | tools.trainer:train_loop:89 - Epoch: [37/ 60] | Train loss: [0.1540919106039736]
2022-03-24 23:26:44.370 | INFO     | tools.trainer:train_loop:89 - Epoch: [38/ 60] | Train loss: [0.14751097468866242]
2022-03-24 23:30:40.304 | INFO     | tools.trainer:train_loop:89 - Epoch: [39/ 60] | Train loss: [0.1565471124317911]
2022-03-24 23:34:36.036 | INFO     | tools.trainer:train_loop:89 - Epoch: [40/ 60] | Train loss: [0.16239922203951412]
2022-03-24 23:38:31.131 | INFO     | tools.trainer:train_loop:89 - Epoch: [41/ 60] | Train loss: [0.15334484179814656]
2022-03-24 23:42:26.229 | INFO     | tools.trainer:train_loop:89 - Epoch: [42/ 60] | Train loss: [0.14585232767793868]
2022-03-24 23:46:21.658 | INFO     | tools.trainer:train_loop:89 - Epoch: [43/ 60] | Train loss: [0.1596267707645893]
2022-03-24 23:50:17.204 | INFO     | tools.trainer:train_loop:89 - Epoch: [44/ 60] | Train loss: [0.14476448885268636]
2022-03-24 23:54:12.555 | INFO     | tools.trainer:train_loop:89 - Epoch: [45/ 60] | Train loss: [0.14030647410286798]
2022-03-24 23:58:07.762 | INFO     | tools.trainer:train_loop:89 - Epoch: [46/ 60] | Train loss: [0.1427077585624324]
2022-03-25 00:02:02.738 | INFO     | tools.trainer:train_loop:89 - Epoch: [47/ 60] | Train loss: [0.13928428118427594]
2022-03-25 00:05:57.543 | INFO     | tools.trainer:train_loop:89 - Epoch: [48/ 60] | Train loss: [0.13720913860532974]
2022-03-25 00:09:52.436 | INFO     | tools.trainer:train_loop:89 - Epoch: [49/ 60] | Train loss: [0.13834679341978498]
2022-03-25 00:13:47.574 | INFO     | tools.trainer:train_loop:89 - Epoch: [50/ 60] | Train loss: [0.14811252024438645]
2022-03-25 00:17:42.503 | INFO     | tools.trainer:train_loop:89 - Epoch: [51/ 60] | Train loss: [0.13157723645369213]
2022-03-25 00:21:37.649 | INFO     | tools.trainer:train_loop:89 - Epoch: [52/ 60] | Train loss: [0.13130471375253466]
2022-03-25 00:25:32.560 | INFO     | tools.trainer:train_loop:89 - Epoch: [53/ 60] | Train loss: [0.13283560764458444]
2022-03-25 00:29:27.802 | INFO     | tools.trainer:train_loop:89 - Epoch: [54/ 60] | Train loss: [0.12611874573760562]
2022-03-25 00:33:22.698 | INFO     | tools.trainer:train_loop:89 - Epoch: [55/ 60] | Train loss: [0.12330384022659725]
2022-03-25 00:37:17.751 | INFO     | tools.trainer:train_loop:89 - Epoch: [56/ 60] | Train loss: [0.13245859228902393]
2022-03-25 00:41:12.521 | INFO     | tools.trainer:train_loop:89 - Epoch: [57/ 60] | Train loss: [0.12069040710727373]
2022-03-25 00:45:07.583 | INFO     | tools.trainer:train_loop:89 - Epoch: [58/ 60] | Train loss: [0.12471567731764581]
2022-03-25 00:49:02.639 | INFO     | tools.trainer:train_loop:89 - Epoch: [59/ 60] | Train loss: [0.12634922423296505]
