2022-03-30 18:28:47.556 | INFO     | __main__:main:45 - Load config from configs/pvtv2-uperhead.yaml
2022-03-30 18:28:47.556 | INFO     | __main__:main:46 - {'dataset': {'data_path': '/home/admin_mcn/hungpv/polyps/dataset/KCECE', 'train_data_path': ['/home/admin_mcn/hungpv/polyps/dataset/KCECE/TrainDataset'], 'test_data_path': ['/home/admin_mcn/hungpv/polyps/dataset/KCECE/TestDataset/Kvasir'], 'val_data_path': ['/home/admin_mcn/hungpv/polyps/dataset/KCECE/TestDataset/CVC-300']}, 'model': {'num_classes': 1, 'save_dir': '/mnt/data/hungpv/polyps/checkpoint/KCECE/pvtv2-uperhead_v12', 'backbone': 'PVTv2-B3', 'head': 'UPerHead', 'pretrained': '/mnt/data/hungpv/polyps/pretrained-backbone/pvt_v2_b3.pth'}, 'optimizer': {'name': 'adam', 'lr': 0.0001, 'clip': 0.5, 'scheduler': 'cosine_warmup', 'loss': 'structure_loss'}, 'dev': 'cuda', 'train': {'start_from': 0, 'save_from': 78, 'num_epochs': 80, 'num_warmup_epoch': 10, 'is_val': False, 'size_rates': [0.75, 1, 1.25], 'dataloader': {'batchsize': 16, 'img_size': 352, 'shuffle': True, 'num_workers': 2, 'pin_memory': True, 'drop_last': True}, 'amp': False, 'ddp': False, 'augment': {'prob': 1, 'Flip_prob': 0.7, 'HueSaturationValue_prob': 0.7, 'RandomBrightnessContrast_prob': 0.5, 'crop_prob': 0.0, 'randomrotate90_prob': 0.7}}, 'test': {'dev': 'cuda', 'visualize': False, 'visualize_dir': '/mnt/data/hungpv/polyps/visualize', 'vis_x': 180, 'vis_overwrite': False, 'checkpoint_dir': '/mnt/data/hungpv/polyps/checkpoint/KCECE/pvtv2-uperhead_v11/PVTv2-B3-UPerHead_80.pth', 'dataloader': {'batchsize': 1, 'img_size': 352, 'shuffle': True, 'num_workers': 2, 'pin_memory': True, 'drop_last': True}, 'augment': {'prob': 1, 'Flip_prob': 0, 'HueSaturationValue_prob': 0, 'RandomBrightnessContrast_prob': 0, 'crop_prob': 0, 'randomrotate90_prob': 0, 'elastictransform_prob': 0, 'gridistortion_prob': 0, 'opticaldistortion_prob': 0, 'verticalflip_prob': 0, 'horizontalflip_prob': 0, 'randomgamma_prob': 0, 'CoarseDropout_prob': 0, 'RGBShift_prob': 0, 'MotionBlur_prob': 0, 'MedianBlur_prob': 0, 'GaussianBlur_prob': 0, 'GaussNoise_prob': 0, 'ChannelShuffle_prob': 0}}}
2022-03-30 18:28:47.556 | INFO     | __main__:main:47 - Getting datapath
2022-03-30 18:28:47.562 | INFO     | __main__:main:61 - There are 1450 images to train
2022-03-30 18:28:47.562 | INFO     | __main__:main:80 - Train model with no valid dataset
2022-03-30 18:28:47.562 | INFO     | __main__:main:82 - Loading data
2022-03-30 18:28:47.653 | INFO     | __main__:main:96 - 90 batches to train
2022-03-30 18:28:47.657 | INFO     | __main__:main:109 - Loading model
2022-03-30 18:28:47.658 | INFO     | __main__:main:126 - Loading checkpoint from /mnt/data/hungpv/polyps/pretrained-backbone/pvt_v2_b3.pth ...
2022-03-30 18:28:50.169 | INFO     | __main__:main:164 - Training with FP32 ...
2022-03-30 18:32:55.505 | INFO     | tools.trainer:train_loop:89 - Epoch: [1/ 80] | Train loss: [1.4303342176808251]
2022-03-30 18:37:15.606 | INFO     | tools.trainer:train_loop:89 - Epoch: [2/ 80] | Train loss: [0.7081510855091943]
2022-03-30 18:41:40.147 | INFO     | tools.trainer:train_loop:89 - Epoch: [3/ 80] | Train loss: [0.5248061849011315]
2022-03-30 18:41:40.850 | INFO     | tools.trainer:train_loop:104 - [Saving Snapshot:]/mnt/data/hungpv/polyps/checkpoint/KCECE/pvtv2-uperhead_v12/PVTv2-B3-UPerHead_3.pth
2022-03-30 18:46:09.414 | INFO     | tools.trainer:train_loop:89 - Epoch: [4/ 80] | Train loss: [0.4050066712829802]
2022-03-30 18:50:41.145 | INFO     | tools.trainer:train_loop:89 - Epoch: [5/ 80] | Train loss: [0.3513625082042482]
2022-03-30 18:55:16.417 | INFO     | tools.trainer:train_loop:89 - Epoch: [6/ 80] | Train loss: [0.2977252827750312]
2022-03-30 18:59:54.960 | INFO     | tools.trainer:train_loop:89 - Epoch: [7/ 80] | Train loss: [0.26541100392738975]
2022-03-30 19:04:33.770 | INFO     | tools.trainer:train_loop:89 - Epoch: [8/ 80] | Train loss: [0.24984166390366025]
2022-03-30 19:09:16.846 | INFO     | tools.trainer:train_loop:89 - Epoch: [9/ 80] | Train loss: [0.22226377858055962]
2022-03-30 19:13:56.262 | INFO     | tools.trainer:train_loop:89 - Epoch: [10/ 80] | Train loss: [0.20437598791387346]
2022-03-30 19:18:33.892 | INFO     | tools.trainer:train_loop:89 - Epoch: [11/ 80] | Train loss: [0.20540615999036366]
2022-03-30 19:23:10.117 | INFO     | tools.trainer:train_loop:89 - Epoch: [12/ 80] | Train loss: [0.19634157833125856]
2022-03-30 19:27:45.156 | INFO     | tools.trainer:train_loop:89 - Epoch: [13/ 80] | Train loss: [0.18752087006966273]
2022-03-30 19:32:16.941 | INFO     | tools.trainer:train_loop:89 - Epoch: [14/ 80] | Train loss: [0.17731677186157968]
2022-03-30 19:36:50.774 | INFO     | tools.trainer:train_loop:89 - Epoch: [15/ 80] | Train loss: [0.17262492014302147]
2022-03-30 19:41:29.675 | INFO     | tools.trainer:train_loop:89 - Epoch: [16/ 80] | Train loss: [0.1642242700689369]
2022-03-30 19:46:09.836 | INFO     | tools.trainer:train_loop:89 - Epoch: [17/ 80] | Train loss: [0.15846991530723042]
2022-03-30 19:50:53.527 | INFO     | tools.trainer:train_loop:89 - Epoch: [18/ 80] | Train loss: [0.15525966410835584]
2022-03-30 19:55:37.758 | INFO     | tools.trainer:train_loop:89 - Epoch: [19/ 80] | Train loss: [0.15532658381594552]
2022-03-30 20:00:20.586 | INFO     | tools.trainer:train_loop:89 - Epoch: [20/ 80] | Train loss: [0.14681453050838578]
2022-03-30 20:04:58.668 | INFO     | tools.trainer:train_loop:89 - Epoch: [21/ 80] | Train loss: [0.13901837484704124]
2022-03-30 20:09:35.035 | INFO     | tools.trainer:train_loop:89 - Epoch: [22/ 80] | Train loss: [0.1377127766609192]
2022-03-30 20:14:09.834 | INFO     | tools.trainer:train_loop:89 - Epoch: [23/ 80] | Train loss: [0.14626697997252147]
2022-03-30 20:18:42.130 | INFO     | tools.trainer:train_loop:89 - Epoch: [24/ 80] | Train loss: [0.1371534027159214]
2022-03-30 20:23:18.413 | INFO     | tools.trainer:train_loop:89 - Epoch: [25/ 80] | Train loss: [0.14504501049717267]
2022-03-30 20:27:58.909 | INFO     | tools.trainer:train_loop:89 - Epoch: [26/ 80] | Train loss: [0.1382940859430366]
2022-03-30 20:32:41.074 | INFO     | tools.trainer:train_loop:89 - Epoch: [27/ 80] | Train loss: [0.13167208921578194]
2022-03-30 20:37:17.164 | INFO     | tools.trainer:train_loop:89 - Epoch: [28/ 80] | Train loss: [0.1247105446126726]
2022-03-30 20:41:50.176 | INFO     | tools.trainer:train_loop:89 - Epoch: [29/ 80] | Train loss: [0.13050148247016802]
2022-03-30 20:46:23.313 | INFO     | tools.trainer:train_loop:89 - Epoch: [30/ 80] | Train loss: [0.1204376854830318]
2022-03-30 20:50:55.944 | INFO     | tools.trainer:train_loop:89 - Epoch: [31/ 80] | Train loss: [0.1183460132115417]
2022-03-30 20:55:29.774 | INFO     | tools.trainer:train_loop:89 - Epoch: [32/ 80] | Train loss: [0.11409577636255158]
2022-03-30 21:00:00.987 | INFO     | tools.trainer:train_loop:89 - Epoch: [33/ 80] | Train loss: [0.11642550875743231]
2022-03-30 21:04:31.039 | INFO     | tools.trainer:train_loop:89 - Epoch: [34/ 80] | Train loss: [0.11522165023618275]
2022-03-30 21:09:03.010 | INFO     | tools.trainer:train_loop:89 - Epoch: [35/ 80] | Train loss: [0.11074473137656847]
2022-03-30 21:13:34.030 | INFO     | tools.trainer:train_loop:89 - Epoch: [36/ 80] | Train loss: [0.10787866479820675]
2022-03-30 21:18:05.078 | INFO     | tools.trainer:train_loop:89 - Epoch: [37/ 80] | Train loss: [0.1059815058277713]
2022-03-30 21:22:36.513 | INFO     | tools.trainer:train_loop:89 - Epoch: [38/ 80] | Train loss: [0.1106830613480674]
2022-03-30 21:27:08.619 | INFO     | tools.trainer:train_loop:89 - Epoch: [39/ 80] | Train loss: [0.10501797679397795]
2022-03-30 21:31:39.424 | INFO     | tools.trainer:train_loop:89 - Epoch: [40/ 80] | Train loss: [0.10177270397543907]
2022-03-30 21:36:08.973 | INFO     | tools.trainer:train_loop:89 - Epoch: [41/ 80] | Train loss: [0.09937344756391313]
2022-03-30 21:40:40.874 | INFO     | tools.trainer:train_loop:89 - Epoch: [42/ 80] | Train loss: [0.09786069153083696]
2022-03-30 21:45:11.994 | INFO     | tools.trainer:train_loop:89 - Epoch: [43/ 80] | Train loss: [0.0952482805483871]
2022-03-30 21:49:43.260 | INFO     | tools.trainer:train_loop:89 - Epoch: [44/ 80] | Train loss: [0.09660567028654946]
2022-03-30 21:54:14.164 | INFO     | tools.trainer:train_loop:89 - Epoch: [45/ 80] | Train loss: [0.09921303648087713]
2022-03-30 21:58:42.646 | INFO     | tools.trainer:train_loop:89 - Epoch: [46/ 80] | Train loss: [0.0954546059999201]
2022-03-30 22:03:13.752 | INFO     | tools.trainer:train_loop:89 - Epoch: [47/ 80] | Train loss: [0.09605634129709667]
2022-03-30 22:07:43.666 | INFO     | tools.trainer:train_loop:89 - Epoch: [48/ 80] | Train loss: [0.09535597951875793]
2022-03-30 22:12:13.787 | INFO     | tools.trainer:train_loop:89 - Epoch: [49/ 80] | Train loss: [0.09172163332502047]
2022-03-30 22:16:45.777 | INFO     | tools.trainer:train_loop:89 - Epoch: [50/ 80] | Train loss: [0.08844346528251966]
2022-03-30 22:21:15.610 | INFO     | tools.trainer:train_loop:89 - Epoch: [51/ 80] | Train loss: [0.08854992373122109]
2022-03-30 22:25:45.747 | INFO     | tools.trainer:train_loop:89 - Epoch: [52/ 80] | Train loss: [0.08717942477928267]
2022-03-30 22:30:19.570 | INFO     | tools.trainer:train_loop:89 - Epoch: [53/ 80] | Train loss: [0.08607519343495369]
2022-03-30 22:34:51.194 | INFO     | tools.trainer:train_loop:89 - Epoch: [54/ 80] | Train loss: [0.08319105058908463]
2022-03-30 22:39:23.212 | INFO     | tools.trainer:train_loop:89 - Epoch: [55/ 80] | Train loss: [0.08649333798223072]
2022-03-30 22:43:54.700 | INFO     | tools.trainer:train_loop:89 - Epoch: [56/ 80] | Train loss: [0.08621552661061287]
2022-03-30 22:48:27.041 | INFO     | tools.trainer:train_loop:89 - Epoch: [57/ 80] | Train loss: [0.08384773300753699]
2022-03-30 22:52:57.969 | INFO     | tools.trainer:train_loop:89 - Epoch: [58/ 80] | Train loss: [0.08110488611790868]
2022-03-30 22:57:29.805 | INFO     | tools.trainer:train_loop:89 - Epoch: [59/ 80] | Train loss: [0.08101311085952653]
2022-03-30 23:02:00.390 | INFO     | tools.trainer:train_loop:89 - Epoch: [60/ 80] | Train loss: [0.07908552984396616]
2022-03-30 23:06:33.357 | INFO     | tools.trainer:train_loop:89 - Epoch: [61/ 80] | Train loss: [0.07785321035318904]
2022-03-30 23:11:05.021 | INFO     | tools.trainer:train_loop:89 - Epoch: [62/ 80] | Train loss: [0.07580324485898018]
2022-03-30 23:15:35.649 | INFO     | tools.trainer:train_loop:89 - Epoch: [63/ 80] | Train loss: [0.07670166335172124]
2022-03-30 23:20:08.520 | INFO     | tools.trainer:train_loop:89 - Epoch: [64/ 80] | Train loss: [0.07533549836112394]
2022-03-30 23:24:38.818 | INFO     | tools.trainer:train_loop:89 - Epoch: [65/ 80] | Train loss: [0.07347881425586011]
2022-03-30 23:29:10.550 | INFO     | tools.trainer:train_loop:89 - Epoch: [66/ 80] | Train loss: [0.07401881458030807]
2022-03-30 23:33:42.550 | INFO     | tools.trainer:train_loop:89 - Epoch: [67/ 80] | Train loss: [0.07475154163936774]
2022-03-30 23:37:56.611 | INFO     | tools.trainer:train_loop:89 - Epoch: [68/ 80] | Train loss: [0.07251338751779662]
2022-03-30 23:41:57.662 | INFO     | tools.trainer:train_loop:89 - Epoch: [69/ 80] | Train loss: [0.07357580003639062]
2022-03-30 23:45:57.358 | INFO     | tools.trainer:train_loop:89 - Epoch: [70/ 80] | Train loss: [0.07141760910550753]
2022-03-30 23:50:00.020 | INFO     | tools.trainer:train_loop:89 - Epoch: [71/ 80] | Train loss: [0.0699879722048839]
2022-03-30 23:54:04.860 | INFO     | tools.trainer:train_loop:89 - Epoch: [72/ 80] | Train loss: [0.06933326919873556]
2022-03-30 23:58:06.833 | INFO     | tools.trainer:train_loop:89 - Epoch: [73/ 80] | Train loss: [0.06956596908469995]
2022-03-31 00:02:09.209 | INFO     | tools.trainer:train_loop:89 - Epoch: [74/ 80] | Train loss: [0.0687482550740242]
2022-03-31 00:06:11.741 | INFO     | tools.trainer:train_loop:89 - Epoch: [75/ 80] | Train loss: [0.06822155258721775]
2022-03-31 00:10:13.820 | INFO     | tools.trainer:train_loop:89 - Epoch: [76/ 80] | Train loss: [0.06709850947890017]
2022-03-31 00:14:16.752 | INFO     | tools.trainer:train_loop:89 - Epoch: [77/ 80] | Train loss: [0.06689930881063143]
2022-03-31 00:18:18.984 | INFO     | tools.trainer:train_loop:89 - Epoch: [78/ 80] | Train loss: [0.06670956081814236]
2022-03-31 00:22:18.978 | INFO     | tools.trainer:train_loop:89 - Epoch: [79/ 80] | Train loss: [0.06650503286057048]
2022-03-31 00:22:19.670 | INFO     | tools.trainer:train_loop:104 - [Saving Snapshot:]/mnt/data/hungpv/polyps/checkpoint/KCECE/pvtv2-uperhead_v12/PVTv2-B3-UPerHead_79.pth
2022-03-31 00:26:18.291 | INFO     | tools.trainer:train_loop:89 - Epoch: [80/ 80] | Train loss: [0.06622025043600135]
2022-03-31 00:26:18.978 | INFO     | tools.trainer:train_loop:104 - [Saving Snapshot:]/mnt/data/hungpv/polyps/checkpoint/KCECE/pvtv2-uperhead_v12/PVTv2-B3-UPerHead_80.pth
2022-03-31 00:26:18.978 | INFO     | tools.trainer:train_loop:110 - Training cost: 21447.819783297993seconds
