2022-03-27 15:49:08.801 | INFO     | __main__:main:45 - Load config from configs/pvtv2-uperhead.yaml
2022-03-27 15:49:08.806 | INFO     | __main__:main:46 - {'dataset': {'data_path': '/home/admin_mcn/hungpv/polyps/dataset/KCECE', 'train_data_path': ['/home/admin_mcn/hungpv/polyps/dataset/KCECE/TrainDataset'], 'test_data_path': ['/home/admin_mcn/hungpv/polyps/dataset/KCECE/TestDataset/CVC-300'], 'val_data_path': ['/home/admin_mcn/hungpv/polyps/dataset/KCECE/TestDataset/CVC-300']}, 'model': {'num_classes': 1, 'save_dir': '/mnt/data/hungpv/polyps/checkpoint/KCECE/pvtv2-uperhead_v8', 'backbone': 'PVTv2-B3', 'head': 'UPerHead', 'pretrained': '/mnt/data/hungpv/polyps/pretrained-backbone/pvt_v2_b3.pth'}, 'optimizer': {'name': 'adam', 'lr': 0.0001, 'clip': 0.5, 'scheduler': 'cosine_warmup', 'loss': 'structure_loss'}, 'dev': 'cuda', 'train': {'start_from': 0, 'save_from': 78, 'num_epochs': 80, 'num_warmup_epoch': 8, 'is_val': False, 'size_rates': [0.75, 1, 1.25], 'dataloader': {'batchsize': 16, 'img_size': 352, 'shuffle': True, 'num_workers': 2, 'pin_memory': True, 'drop_last': True}, 'amp': False, 'ddp': False, 'augment': {'prob': 1, 'Flip_prob': 0.7, 'HueSaturationValue_prob': 0.7, 'RandomBrightnessContrast_prob': 0.5, 'crop_prob': 0.2, 'randomrotate90_prob': 0.7}}, 'test': {'dev': 'cuda', 'visualize': False, 'visualize_dir': '/mnt/data/hungpv/polyps/visualize', 'vis_x': 180, 'vis_overwrite': False, 'checkpoint_dir': '/mnt/data/hungpv/polyps/checkpoint/KCECE/pvtv2-uperhead_v7/PVTv2-B3-UPerHead_80.pth', 'dataloader': {'batchsize': 1, 'img_size': 352, 'shuffle': True, 'num_workers': 2, 'pin_memory': True, 'drop_last': True}, 'augment': {'prob': 1, 'Flip_prob': 0, 'HueSaturationValue_prob': 0, 'RandomBrightnessContrast_prob': 0, 'crop_prob': 0, 'randomrotate90_prob': 0, 'elastictransform_prob': 0, 'gridistortion_prob': 0, 'opticaldistortion_prob': 0, 'verticalflip_prob': 0, 'horizontalflip_prob': 0, 'randomgamma_prob': 0, 'CoarseDropout_prob': 0, 'RGBShift_prob': 0, 'MotionBlur_prob': 0, 'MedianBlur_prob': 0, 'GaussianBlur_prob': 0, 'GaussNoise_prob': 0, 'ChannelShuffle_prob': 0}}}
2022-03-27 15:49:08.806 | INFO     | __main__:main:47 - Getting datapath
2022-03-27 15:49:08.814 | INFO     | __main__:main:61 - There are 1450 images to train
2022-03-27 15:49:08.814 | INFO     | __main__:main:80 - Train model with no valid dataset
2022-03-27 15:49:08.814 | INFO     | __main__:main:82 - Loading data
2022-03-27 15:49:08.904 | INFO     | __main__:main:96 - 90 batches to train
2022-03-27 15:49:08.907 | INFO     | __main__:main:109 - Loading model
2022-03-27 15:49:08.908 | INFO     | __main__:main:126 - Loading checkpoint from /mnt/data/hungpv/polyps/pretrained-backbone/pvt_v2_b3.pth ...
2022-03-27 15:49:11.445 | INFO     | __main__:main:164 - Training with FP32 ...
2022-03-27 15:53:08.768 | INFO     | tools.trainer:train_loop:89 - Epoch: [1/ 80] | Train loss: [1.557490332921346]
2022-03-27 15:57:03.210 | INFO     | tools.trainer:train_loop:89 - Epoch: [2/ 80] | Train loss: [0.8490391747819053]
2022-03-27 16:00:57.816 | INFO     | tools.trainer:train_loop:89 - Epoch: [3/ 80] | Train loss: [0.6394836369487974]
2022-03-27 16:00:58.022 | INFO     | tools.trainer:train_loop:104 - [Saving Snapshot:]/mnt/data/hungpv/polyps/checkpoint/KCECE/pvtv2-uperhead_v8/PVTv2-B3-UPerHead_3.pth
2022-03-27 16:04:53.140 | INFO     | tools.trainer:train_loop:89 - Epoch: [4/ 80] | Train loss: [0.5006529602739546]
2022-03-27 16:08:48.362 | INFO     | tools.trainer:train_loop:89 - Epoch: [5/ 80] | Train loss: [0.4179168336921268]
2022-03-27 16:12:44.268 | INFO     | tools.trainer:train_loop:89 - Epoch: [6/ 80] | Train loss: [0.346533297167884]
2022-03-27 16:16:40.232 | INFO     | tools.trainer:train_loop:89 - Epoch: [7/ 80] | Train loss: [0.31704852200216715]
2022-03-27 16:20:35.858 | INFO     | tools.trainer:train_loop:89 - Epoch: [8/ 80] | Train loss: [0.3049242892199092]
2022-03-27 16:24:31.160 | INFO     | tools.trainer:train_loop:89 - Epoch: [9/ 80] | Train loss: [0.2766809062825309]
2022-03-27 16:28:26.797 | INFO     | tools.trainer:train_loop:89 - Epoch: [10/ 80] | Train loss: [0.28065037677685417]
2022-03-27 16:32:22.621 | INFO     | tools.trainer:train_loop:89 - Epoch: [11/ 80] | Train loss: [0.2636710657013787]
2022-03-27 16:36:19.633 | INFO     | tools.trainer:train_loop:89 - Epoch: [12/ 80] | Train loss: [0.2508251816034317]
2022-03-27 16:40:17.357 | INFO     | tools.trainer:train_loop:89 - Epoch: [13/ 80] | Train loss: [0.2290705766942766]
2022-03-27 16:44:14.724 | INFO     | tools.trainer:train_loop:89 - Epoch: [14/ 80] | Train loss: [0.23561893221404817]
2022-03-27 16:48:12.639 | INFO     | tools.trainer:train_loop:89 - Epoch: [15/ 80] | Train loss: [0.22833929691049787]
2022-03-27 16:52:10.563 | INFO     | tools.trainer:train_loop:89 - Epoch: [16/ 80] | Train loss: [0.23337662832604514]
2022-03-27 16:56:07.203 | INFO     | tools.trainer:train_loop:89 - Epoch: [17/ 80] | Train loss: [0.23709815972381168]
2022-03-27 17:00:03.281 | INFO     | tools.trainer:train_loop:89 - Epoch: [18/ 80] | Train loss: [0.21582529006732834]
2022-03-27 17:03:59.048 | INFO     | tools.trainer:train_loop:89 - Epoch: [19/ 80] | Train loss: [0.2248423015077909]
2022-03-27 17:07:54.917 | INFO     | tools.trainer:train_loop:89 - Epoch: [20/ 80] | Train loss: [0.21087408579058117]
2022-03-27 17:11:50.768 | INFO     | tools.trainer:train_loop:89 - Epoch: [21/ 80] | Train loss: [0.2510224312543869]
2022-03-27 17:15:46.545 | INFO     | tools.trainer:train_loop:89 - Epoch: [22/ 80] | Train loss: [0.19706757697794172]
2022-03-27 17:19:42.306 | INFO     | tools.trainer:train_loop:89 - Epoch: [23/ 80] | Train loss: [0.19687358869446647]
2022-03-27 17:23:38.472 | INFO     | tools.trainer:train_loop:89 - Epoch: [24/ 80] | Train loss: [0.1966740760538313]
2022-03-27 17:27:34.530 | INFO     | tools.trainer:train_loop:89 - Epoch: [25/ 80] | Train loss: [0.19127419541279475]
2022-03-27 17:31:30.194 | INFO     | tools.trainer:train_loop:89 - Epoch: [26/ 80] | Train loss: [0.20365871257252163]
2022-03-27 17:35:26.103 | INFO     | tools.trainer:train_loop:89 - Epoch: [27/ 80] | Train loss: [0.18361420035362244]
2022-03-27 17:39:22.846 | INFO     | tools.trainer:train_loop:89 - Epoch: [28/ 80] | Train loss: [0.17968992590904237]
2022-03-27 17:43:20.552 | INFO     | tools.trainer:train_loop:89 - Epoch: [29/ 80] | Train loss: [0.163375367058648]
2022-03-27 17:47:18.505 | INFO     | tools.trainer:train_loop:89 - Epoch: [30/ 80] | Train loss: [0.18886088985535834]
2022-03-27 17:51:16.007 | INFO     | tools.trainer:train_loop:89 - Epoch: [31/ 80] | Train loss: [0.17371626910236146]
2022-03-27 17:55:12.773 | INFO     | tools.trainer:train_loop:89 - Epoch: [32/ 80] | Train loss: [0.16640818922056091]
2022-03-27 17:59:09.050 | INFO     | tools.trainer:train_loop:89 - Epoch: [33/ 80] | Train loss: [0.1819384231335587]
2022-03-27 18:03:04.729 | INFO     | tools.trainer:train_loop:89 - Epoch: [34/ 80] | Train loss: [0.1799857293566068]
2022-03-27 18:07:00.649 | INFO     | tools.trainer:train_loop:89 - Epoch: [35/ 80] | Train loss: [0.16972610023286608]
2022-03-27 18:10:56.732 | INFO     | tools.trainer:train_loop:89 - Epoch: [36/ 80] | Train loss: [0.16154864521490203]
2022-03-27 18:14:52.407 | INFO     | tools.trainer:train_loop:89 - Epoch: [37/ 80] | Train loss: [0.15799639117386605]
2022-03-27 18:18:48.598 | INFO     | tools.trainer:train_loop:89 - Epoch: [38/ 80] | Train loss: [0.17044492363929747]
2022-03-27 18:22:44.547 | INFO     | tools.trainer:train_loop:89 - Epoch: [39/ 80] | Train loss: [0.17522470711006058]
2022-03-27 18:26:39.948 | INFO     | tools.trainer:train_loop:89 - Epoch: [40/ 80] | Train loss: [0.1648968173397912]
2022-03-27 18:30:36.162 | INFO     | tools.trainer:train_loop:89 - Epoch: [41/ 80] | Train loss: [0.1622496746480465]
2022-03-27 18:34:33.156 | INFO     | tools.trainer:train_loop:89 - Epoch: [42/ 80] | Train loss: [0.15650135676066082]
2022-03-27 18:38:31.612 | INFO     | tools.trainer:train_loop:89 - Epoch: [43/ 80] | Train loss: [0.148750901222229]
2022-03-27 18:42:29.453 | INFO     | tools.trainer:train_loop:89 - Epoch: [44/ 80] | Train loss: [0.15518807967503864]
2022-03-27 18:46:27.573 | INFO     | tools.trainer:train_loop:89 - Epoch: [45/ 80] | Train loss: [0.13999745208356115]
2022-03-27 18:50:25.885 | INFO     | tools.trainer:train_loop:89 - Epoch: [46/ 80] | Train loss: [0.15082296604911485]
2022-03-27 18:54:23.333 | INFO     | tools.trainer:train_loop:89 - Epoch: [47/ 80] | Train loss: [0.14958504943384066]
2022-03-27 18:58:20.584 | INFO     | tools.trainer:train_loop:89 - Epoch: [48/ 80] | Train loss: [0.14635906169811885]
2022-03-27 19:02:16.538 | INFO     | tools.trainer:train_loop:89 - Epoch: [49/ 80] | Train loss: [0.13565462943580414]
2022-03-27 19:06:12.641 | INFO     | tools.trainer:train_loop:89 - Epoch: [50/ 80] | Train loss: [0.1356546998023987]
2022-03-27 19:10:08.649 | INFO     | tools.trainer:train_loop:89 - Epoch: [51/ 80] | Train loss: [0.13920860845181676]
2022-03-27 19:14:04.884 | INFO     | tools.trainer:train_loop:89 - Epoch: [52/ 80] | Train loss: [0.14797672372725273]
2022-03-27 19:18:00.702 | INFO     | tools.trainer:train_loop:89 - Epoch: [53/ 80] | Train loss: [0.13630079833997621]
2022-03-27 19:21:56.748 | INFO     | tools.trainer:train_loop:89 - Epoch: [54/ 80] | Train loss: [0.13170821939905483]
2022-03-27 19:25:53.163 | INFO     | tools.trainer:train_loop:89 - Epoch: [55/ 80] | Train loss: [0.13998604027761352]
2022-03-27 19:29:50.403 | INFO     | tools.trainer:train_loop:89 - Epoch: [56/ 80] | Train loss: [0.13496124868591627]
2022-03-27 19:33:47.768 | INFO     | tools.trainer:train_loop:89 - Epoch: [57/ 80] | Train loss: [0.12405174672603607]
2022-03-27 19:37:45.956 | INFO     | tools.trainer:train_loop:89 - Epoch: [58/ 80] | Train loss: [0.13305478278133603]
2022-03-27 19:41:44.395 | INFO     | tools.trainer:train_loop:89 - Epoch: [59/ 80] | Train loss: [0.12107770012484656]
2022-03-27 19:45:41.953 | INFO     | tools.trainer:train_loop:89 - Epoch: [60/ 80] | Train loss: [0.12551139882869192]
2022-03-27 19:49:38.234 | INFO     | tools.trainer:train_loop:89 - Epoch: [61/ 80] | Train loss: [0.1322839339574178]
2022-03-27 19:53:34.198 | INFO     | tools.trainer:train_loop:89 - Epoch: [62/ 80] | Train loss: [0.12827476114034653]
2022-03-27 19:57:29.764 | INFO     | tools.trainer:train_loop:89 - Epoch: [63/ 80] | Train loss: [0.1232367317709658]
2022-03-27 20:01:25.056 | INFO     | tools.trainer:train_loop:89 - Epoch: [64/ 80] | Train loss: [0.11849873057670063]
2022-03-27 20:05:20.534 | INFO     | tools.trainer:train_loop:89 - Epoch: [65/ 80] | Train loss: [0.11761394010649787]
2022-03-27 20:09:16.093 | INFO     | tools.trainer:train_loop:89 - Epoch: [66/ 80] | Train loss: [0.1277538985841804]
2022-03-27 20:13:11.360 | INFO     | tools.trainer:train_loop:89 - Epoch: [67/ 80] | Train loss: [0.11223156841264831]
2022-03-27 20:17:06.990 | INFO     | tools.trainer:train_loop:89 - Epoch: [68/ 80] | Train loss: [0.11887107971641753]
2022-03-27 20:21:02.533 | INFO     | tools.trainer:train_loop:89 - Epoch: [69/ 80] | Train loss: [0.11841681740350193]
2022-03-27 20:24:57.788 | INFO     | tools.trainer:train_loop:89 - Epoch: [70/ 80] | Train loss: [0.1295676913526323]
2022-03-27 20:28:53.579 | INFO     | tools.trainer:train_loop:89 - Epoch: [71/ 80] | Train loss: [0.1278177304400338]
2022-03-27 20:32:49.436 | INFO     | tools.trainer:train_loop:89 - Epoch: [72/ 80] | Train loss: [0.11701244645648533]
2022-03-27 20:36:45.276 | INFO     | tools.trainer:train_loop:89 - Epoch: [73/ 80] | Train loss: [0.11761484386192428]
2022-03-27 20:40:41.396 | INFO     | tools.trainer:train_loop:89 - Epoch: [74/ 80] | Train loss: [0.10865433679686652]
2022-03-27 20:44:36.613 | INFO     | tools.trainer:train_loop:89 - Epoch: [75/ 80] | Train loss: [0.11854173151983155]
2022-03-27 20:48:32.357 | INFO     | tools.trainer:train_loop:89 - Epoch: [76/ 80] | Train loss: [0.11919180088573032]
2022-03-27 20:52:27.621 | INFO     | tools.trainer:train_loop:89 - Epoch: [77/ 80] | Train loss: [0.11296986722283893]
2022-03-27 20:56:22.893 | INFO     | tools.trainer:train_loop:89 - Epoch: [78/ 80] | Train loss: [0.11103647467162873]
2022-03-27 21:00:18.506 | INFO     | tools.trainer:train_loop:89 - Epoch: [79/ 80] | Train loss: [0.11151373974151081]
2022-03-27 21:00:18.704 | INFO     | tools.trainer:train_loop:104 - [Saving Snapshot:]/mnt/data/hungpv/polyps/checkpoint/KCECE/pvtv2-uperhead_v8/PVTv2-B3-UPerHead_79.pth
2022-03-27 21:04:14.139 | INFO     | tools.trainer:train_loop:89 - Epoch: [80/ 80] | Train loss: [0.11366889509889815]
2022-03-27 21:04:14.339 | INFO     | tools.trainer:train_loop:104 - [Saving Snapshot:]/mnt/data/hungpv/polyps/checkpoint/KCECE/pvtv2-uperhead_v8/PVTv2-B3-UPerHead_80.pth
2022-03-27 21:04:14.340 | INFO     | tools.trainer:train_loop:110 - Training cost: 18901.910517029seconds
