2022-03-30 06:53:02.194 | INFO     | __main__:main:45 - Load config from configs/pvtv2-uperhead.yaml
2022-03-30 06:53:02.195 | INFO     | __main__:main:46 - {'dataset': {'data_path': '/home/admin_mcn/hungpv/polyps/dataset/KCECE', 'train_data_path': ['/home/admin_mcn/hungpv/polyps/dataset/KCECE/TrainDataset'], 'test_data_path': ['/home/admin_mcn/hungpv/polyps/dataset/KCECE/TestDataset/CVC-ColonDB'], 'val_data_path': ['/home/admin_mcn/hungpv/polyps/dataset/KCECE/TestDataset/CVC-300']}, 'model': {'num_classes': 1, 'save_dir': '/mnt/data/hungpv/polyps/checkpoint/KCECE/pvtv2-uperhead_v9', 'backbone': 'PVTv2-B3', 'head': 'UPerHead', 'pretrained': '/mnt/data/hungpv/polyps/pretrained-backbone/pvt_v2_b3.pth'}, 'optimizer': {'name': 'adam', 'lr': 0.0001, 'clip': 0.5, 'scheduler': 'cosine_warmup', 'loss': 'structure_loss'}, 'dev': 'cuda', 'train': {'start_from': 0, 'save_from': 78, 'num_epochs': 80, 'num_warmup_epoch': 10, 'is_val': False, 'size_rates': [0.75, 1, 1.25], 'dataloader': {'batchsize': 16, 'img_size': 352, 'shuffle': True, 'num_workers': 2, 'pin_memory': True, 'drop_last': True}, 'amp': False, 'ddp': False, 'augment': {'prob': 1, 'Flip_prob': 0.7, 'HueSaturationValue_prob': 0.7, 'RandomBrightnessContrast_prob': 0.5, 'crop_prob': 0.0, 'randomrotate90_prob': 0.7}}, 'test': {'dev': 'cuda', 'visualize': False, 'visualize_dir': '/mnt/data/hungpv/polyps/visualize', 'vis_x': 180, 'vis_overwrite': False, 'checkpoint_dir': '/mnt/data/hungpv/polyps/checkpoint/KCECE/pvtv2-uperhead_v10/PVTv2-B3-UPerHead_80.pth', 'dataloader': {'batchsize': 1, 'img_size': 352, 'shuffle': True, 'num_workers': 2, 'pin_memory': True, 'drop_last': True}, 'augment': {'prob': 1, 'Flip_prob': 0, 'HueSaturationValue_prob': 0, 'RandomBrightnessContrast_prob': 0, 'crop_prob': 0, 'randomrotate90_prob': 0, 'elastictransform_prob': 0, 'gridistortion_prob': 0, 'opticaldistortion_prob': 0, 'verticalflip_prob': 0, 'horizontalflip_prob': 0, 'randomgamma_prob': 0, 'CoarseDropout_prob': 0, 'RGBShift_prob': 0, 'MotionBlur_prob': 0, 'MedianBlur_prob': 0, 'GaussianBlur_prob': 0, 'GaussNoise_prob': 0, 'ChannelShuffle_prob': 0}}}
2022-03-30 06:53:02.195 | INFO     | __main__:main:47 - Getting datapath
2022-03-30 06:53:02.201 | INFO     | __main__:main:61 - There are 1450 images to train
2022-03-30 06:53:02.201 | INFO     | __main__:main:80 - Train model with no valid dataset
2022-03-30 06:53:02.201 | INFO     | __main__:main:82 - Loading data
2022-03-30 06:53:02.290 | INFO     | __main__:main:96 - 90 batches to train
2022-03-30 06:53:02.294 | INFO     | __main__:main:109 - Loading model
2022-03-30 06:53:02.294 | INFO     | __main__:main:126 - Loading checkpoint from /mnt/data/hungpv/polyps/pretrained-backbone/pvt_v2_b3.pth ...
2022-03-30 06:53:04.839 | INFO     | __main__:main:164 - Training with FP32 ...
2022-03-30 06:57:07.692 | INFO     | tools.trainer:train_loop:89 - Epoch: [1/ 80] | Train loss: [1.1093281077014074]
2022-03-30 07:01:23.622 | INFO     | tools.trainer:train_loop:89 - Epoch: [2/ 80] | Train loss: [0.6009108169211281]
2022-03-30 07:05:43.657 | INFO     | tools.trainer:train_loop:89 - Epoch: [3/ 80] | Train loss: [0.4537648873196708]
2022-03-30 07:05:43.858 | INFO     | tools.trainer:train_loop:104 - [Saving Snapshot:]/mnt/data/hungpv/polyps/checkpoint/KCECE/pvtv2-uperhead_v9/PVTv2-B3-UPerHead_3.pth
2022-03-30 07:10:04.874 | INFO     | tools.trainer:train_loop:89 - Epoch: [4/ 80] | Train loss: [0.36152999152739845]
2022-03-30 07:14:27.124 | INFO     | tools.trainer:train_loop:89 - Epoch: [5/ 80] | Train loss: [0.30659887658225166]
2022-03-30 07:18:48.879 | INFO     | tools.trainer:train_loop:89 - Epoch: [6/ 80] | Train loss: [0.27283967004881965]
2022-03-30 07:23:12.522 | INFO     | tools.trainer:train_loop:89 - Epoch: [7/ 80] | Train loss: [0.24827241715457704]
2022-03-30 07:27:35.695 | INFO     | tools.trainer:train_loop:89 - Epoch: [8/ 80] | Train loss: [0.2432867232296202]
2022-03-30 07:31:57.306 | INFO     | tools.trainer:train_loop:89 - Epoch: [9/ 80] | Train loss: [0.21343684693177542]
2022-03-30 07:36:20.788 | INFO     | tools.trainer:train_loop:89 - Epoch: [10/ 80] | Train loss: [0.19991961121559143]
2022-03-30 07:40:44.097 | INFO     | tools.trainer:train_loop:89 - Epoch: [11/ 80] | Train loss: [0.195856830643283]
2022-03-30 07:45:06.333 | INFO     | tools.trainer:train_loop:89 - Epoch: [12/ 80] | Train loss: [0.18151272841625743]
2022-03-30 07:49:29.258 | INFO     | tools.trainer:train_loop:89 - Epoch: [13/ 80] | Train loss: [0.18601347282528877]
2022-03-30 07:53:53.056 | INFO     | tools.trainer:train_loop:89 - Epoch: [14/ 80] | Train loss: [0.17343712018595803]
2022-03-30 07:58:16.871 | INFO     | tools.trainer:train_loop:89 - Epoch: [15/ 80] | Train loss: [0.16461964804265233]
2022-03-30 08:02:38.313 | INFO     | tools.trainer:train_loop:89 - Epoch: [16/ 80] | Train loss: [0.15439687528544002]
2022-03-30 08:07:02.771 | INFO     | tools.trainer:train_loop:89 - Epoch: [17/ 80] | Train loss: [0.15724925117360222]
2022-03-30 08:11:25.366 | INFO     | tools.trainer:train_loop:89 - Epoch: [18/ 80] | Train loss: [0.1507471642560429]
2022-03-30 08:15:47.421 | INFO     | tools.trainer:train_loop:89 - Epoch: [19/ 80] | Train loss: [0.14568644083208507]
2022-03-30 08:20:09.769 | INFO     | tools.trainer:train_loop:89 - Epoch: [20/ 80] | Train loss: [0.1460494962003496]
2022-03-30 08:24:31.378 | INFO     | tools.trainer:train_loop:89 - Epoch: [21/ 80] | Train loss: [0.14120352177156342]
2022-03-30 08:28:54.754 | INFO     | tools.trainer:train_loop:89 - Epoch: [22/ 80] | Train loss: [0.14048307794663642]
2022-03-30 08:33:23.663 | INFO     | tools.trainer:train_loop:89 - Epoch: [23/ 80] | Train loss: [0.13744945997993152]
2022-03-30 08:37:52.717 | INFO     | tools.trainer:train_loop:89 - Epoch: [24/ 80] | Train loss: [0.14212930906150076]
2022-03-30 08:42:25.438 | INFO     | tools.trainer:train_loop:89 - Epoch: [25/ 80] | Train loss: [0.15309507805440162]
2022-03-30 08:46:58.077 | INFO     | tools.trainer:train_loop:89 - Epoch: [26/ 80] | Train loss: [0.1382242380744881]
2022-03-30 08:51:30.309 | INFO     | tools.trainer:train_loop:89 - Epoch: [27/ 80] | Train loss: [0.12863388458887737]
2022-03-30 08:56:03.850 | INFO     | tools.trainer:train_loop:89 - Epoch: [28/ 80] | Train loss: [0.12220500707626343]
2022-03-30 09:00:37.411 | INFO     | tools.trainer:train_loop:89 - Epoch: [29/ 80] | Train loss: [0.11931873361269633]
2022-03-30 09:05:11.405 | INFO     | tools.trainer:train_loop:89 - Epoch: [30/ 80] | Train loss: [0.11583634449376]
2022-03-30 09:09:46.914 | INFO     | tools.trainer:train_loop:89 - Epoch: [31/ 80] | Train loss: [0.11979483076267772]
2022-03-30 09:14:20.392 | INFO     | tools.trainer:train_loop:89 - Epoch: [32/ 80] | Train loss: [0.1138762744764487]
2022-03-30 09:18:56.329 | INFO     | tools.trainer:train_loop:89 - Epoch: [33/ 80] | Train loss: [0.11153691030210919]
2022-03-30 09:23:31.877 | INFO     | tools.trainer:train_loop:89 - Epoch: [34/ 80] | Train loss: [0.10903104022145271]
2022-03-30 09:28:08.539 | INFO     | tools.trainer:train_loop:89 - Epoch: [35/ 80] | Train loss: [0.11286942346228493]
2022-03-30 09:32:44.164 | INFO     | tools.trainer:train_loop:89 - Epoch: [36/ 80] | Train loss: [0.11387298934989505]
2022-03-30 09:37:19.680 | INFO     | tools.trainer:train_loop:89 - Epoch: [37/ 80] | Train loss: [0.10631401911377907]
2022-03-30 09:41:52.708 | INFO     | tools.trainer:train_loop:89 - Epoch: [38/ 80] | Train loss: [0.10433342374033398]
2022-03-30 09:46:28.169 | INFO     | tools.trainer:train_loop:89 - Epoch: [39/ 80] | Train loss: [0.10210465432869063]
2022-03-30 09:51:05.820 | INFO     | tools.trainer:train_loop:89 - Epoch: [40/ 80] | Train loss: [0.10110428192549281]
2022-03-30 09:55:40.905 | INFO     | tools.trainer:train_loop:89 - Epoch: [41/ 80] | Train loss: [0.10153366161717309]
2022-03-30 10:00:10.638 | INFO     | tools.trainer:train_loop:89 - Epoch: [42/ 80] | Train loss: [0.09800771764583058]
2022-03-30 10:04:38.462 | INFO     | tools.trainer:train_loop:89 - Epoch: [43/ 80] | Train loss: [0.1034655471642812]
2022-03-30 10:09:05.930 | INFO     | tools.trainer:train_loop:89 - Epoch: [44/ 80] | Train loss: [0.09682278484106063]
2022-03-30 10:13:31.561 | INFO     | tools.trainer:train_loop:89 - Epoch: [45/ 80] | Train loss: [0.09451290923688146]
2022-03-30 10:17:54.900 | INFO     | tools.trainer:train_loop:89 - Epoch: [46/ 80] | Train loss: [0.0937949377629492]
2022-03-30 10:22:26.496 | INFO     | tools.trainer:train_loop:89 - Epoch: [47/ 80] | Train loss: [0.09105232059955597]
2022-03-30 10:27:00.305 | INFO     | tools.trainer:train_loop:89 - Epoch: [48/ 80] | Train loss: [0.09100518905454212]
2022-03-30 10:31:33.895 | INFO     | tools.trainer:train_loop:89 - Epoch: [49/ 80] | Train loss: [0.09191688721378645]
2022-03-30 10:36:06.142 | INFO     | tools.trainer:train_loop:89 - Epoch: [50/ 80] | Train loss: [0.08820893805887964]
2022-03-30 10:40:41.318 | INFO     | tools.trainer:train_loop:89 - Epoch: [51/ 80] | Train loss: [0.08868913542893198]
2022-03-30 10:45:16.987 | INFO     | tools.trainer:train_loop:89 - Epoch: [52/ 80] | Train loss: [0.08671238521734874]
2022-03-30 10:49:55.859 | INFO     | tools.trainer:train_loop:89 - Epoch: [53/ 80] | Train loss: [0.08439392025272051]
2022-03-30 10:54:28.906 | INFO     | tools.trainer:train_loop:89 - Epoch: [54/ 80] | Train loss: [0.08359263340632121]
2022-03-30 10:59:00.707 | INFO     | tools.trainer:train_loop:89 - Epoch: [55/ 80] | Train loss: [0.08255336036284765]
2022-03-30 11:03:28.140 | INFO     | tools.trainer:train_loop:89 - Epoch: [56/ 80] | Train loss: [0.08288861918780539]
2022-03-30 11:07:55.434 | INFO     | tools.trainer:train_loop:89 - Epoch: [57/ 80] | Train loss: [0.08444020193484095]
2022-03-30 11:12:22.302 | INFO     | tools.trainer:train_loop:89 - Epoch: [58/ 80] | Train loss: [0.08099547276894252]
2022-03-30 11:16:48.989 | INFO     | tools.trainer:train_loop:89 - Epoch: [59/ 80] | Train loss: [0.07936041959457928]
2022-03-30 11:21:17.068 | INFO     | tools.trainer:train_loop:89 - Epoch: [60/ 80] | Train loss: [0.07823185854487949]
2022-03-30 11:25:44.114 | INFO     | tools.trainer:train_loop:89 - Epoch: [61/ 80] | Train loss: [0.07859031106862757]
2022-03-30 11:30:10.105 | INFO     | tools.trainer:train_loop:89 - Epoch: [62/ 80] | Train loss: [0.0765740224884616]
2022-03-30 11:34:37.239 | INFO     | tools.trainer:train_loop:89 - Epoch: [63/ 80] | Train loss: [0.07458511247403092]
2022-03-30 11:39:03.200 | INFO     | tools.trainer:train_loop:89 - Epoch: [64/ 80] | Train loss: [0.0738120995875862]
2022-03-30 11:43:29.773 | INFO     | tools.trainer:train_loop:89 - Epoch: [65/ 80] | Train loss: [0.07429293360975053]
2022-03-30 11:47:55.503 | INFO     | tools.trainer:train_loop:89 - Epoch: [66/ 80] | Train loss: [0.07208558797008462]
2022-03-30 11:52:21.587 | INFO     | tools.trainer:train_loop:89 - Epoch: [67/ 80] | Train loss: [0.07261708490550518]
2022-03-30 11:56:47.898 | INFO     | tools.trainer:train_loop:89 - Epoch: [68/ 80] | Train loss: [0.07130839377641678]
2022-03-30 12:01:09.465 | INFO     | tools.trainer:train_loop:89 - Epoch: [69/ 80] | Train loss: [0.07209032699465752]
2022-03-30 12:05:09.077 | INFO     | tools.trainer:train_loop:89 - Epoch: [70/ 80] | Train loss: [0.07069569606747893]
2022-03-30 12:09:06.015 | INFO     | tools.trainer:train_loop:89 - Epoch: [71/ 80] | Train loss: [0.0702157982935508]
2022-03-30 12:13:02.406 | INFO     | tools.trainer:train_loop:89 - Epoch: [72/ 80] | Train loss: [0.06866731171806653]
2022-03-30 12:16:58.704 | INFO     | tools.trainer:train_loop:89 - Epoch: [73/ 80] | Train loss: [0.06848972700536252]
2022-03-30 12:20:54.831 | INFO     | tools.trainer:train_loop:89 - Epoch: [74/ 80] | Train loss: [0.06811722810897562]
2022-03-30 12:24:52.694 | INFO     | tools.trainer:train_loop:89 - Epoch: [75/ 80] | Train loss: [0.06866752807464864]
2022-03-30 12:28:50.053 | INFO     | tools.trainer:train_loop:89 - Epoch: [76/ 80] | Train loss: [0.0669446642200152]
2022-03-30 12:33:01.169 | INFO     | tools.trainer:train_loop:89 - Epoch: [77/ 80] | Train loss: [0.06663787398073408]
2022-03-30 12:37:22.193 | INFO     | tools.trainer:train_loop:89 - Epoch: [78/ 80] | Train loss: [0.06632087706691689]
2022-03-30 12:41:47.320 | INFO     | tools.trainer:train_loop:89 - Epoch: [79/ 80] | Train loss: [0.06565118845966127]
2022-03-30 12:41:47.524 | INFO     | tools.trainer:train_loop:104 - [Saving Snapshot:]/mnt/data/hungpv/polyps/checkpoint/KCECE/pvtv2-uperhead_v9/PVTv2-B3-UPerHead_79.pth
2022-03-30 12:46:12.385 | INFO     | tools.trainer:train_loop:89 - Epoch: [80/ 80] | Train loss: [0.0654174394491646]
2022-03-30 12:46:12.585 | INFO     | tools.trainer:train_loop:104 - [Saving Snapshot:]/mnt/data/hungpv/polyps/checkpoint/KCECE/pvtv2-uperhead_v9/PVTv2-B3-UPerHead_80.pth
2022-03-30 12:46:12.585 | INFO     | tools.trainer:train_loop:110 - Training cost: 21186.74944015201seconds
