2022-03-29 18:02:25.076 | INFO     | __main__:main:45 - Load config from configs/pvtv2-uperhead.yaml
2022-03-29 18:02:25.076 | INFO     | __main__:main:46 - {'dataset': {'data_path': '/home/admin_mcn/hungpv/polyps/dataset/KCECE', 'train_data_path': ['/home/admin_mcn/hungpv/polyps/dataset/KCECE/TrainDataset'], 'test_data_path': ['/home/admin_mcn/hungpv/polyps/dataset/KCECE/TestDataset/Kvasir'], 'val_data_path': ['/home/admin_mcn/hungpv/polyps/dataset/KCECE/TestDataset/CVC-300']}, 'model': {'num_classes': 1, 'save_dir': '/mnt/data/hungpv/polyps/checkpoint/KCECE/pvtv2-uperhead_v9', 'backbone': 'PVTv2-B3', 'head': 'UPerHead', 'pretrained': '/mnt/data/hungpv/polyps/pretrained-backbone/pvt_v2_b3.pth'}, 'optimizer': {'name': 'adam', 'lr': 0.0001, 'clip': 0.5, 'scheduler': 'cosine_warmup', 'loss': 'structure_loss'}, 'dev': 'cuda', 'train': {'start_from': 0, 'save_from': 78, 'num_epochs': 80, 'num_warmup_epoch': 10, 'is_val': False, 'size_rates': [0.75, 1, 1.25], 'dataloader': {'batchsize': 16, 'img_size': 352, 'shuffle': True, 'num_workers': 2, 'pin_memory': True, 'drop_last': True}, 'amp': False, 'ddp': False, 'augment': {'prob': 1, 'Flip_prob': 0.7, 'HueSaturationValue_prob': 0.7, 'RandomBrightnessContrast_prob': 0.5, 'crop_prob': 0.0, 'randomrotate90_prob': 0.7}}, 'test': {'dev': 'cuda', 'visualize': False, 'visualize_dir': '/mnt/data/hungpv/polyps/visualize', 'vis_x': 180, 'vis_overwrite': False, 'checkpoint_dir': '/mnt/data/hungpv/polyps/checkpoint/KCECE/pvtv2-uperhead_v9/PVTv2-B3-UPerHead_80.pth', 'dataloader': {'batchsize': 1, 'img_size': 352, 'shuffle': True, 'num_workers': 2, 'pin_memory': True, 'drop_last': True}, 'augment': {'prob': 1, 'Flip_prob': 0, 'HueSaturationValue_prob': 0, 'RandomBrightnessContrast_prob': 0, 'crop_prob': 0, 'randomrotate90_prob': 0, 'elastictransform_prob': 0, 'gridistortion_prob': 0, 'opticaldistortion_prob': 0, 'verticalflip_prob': 0, 'horizontalflip_prob': 0, 'randomgamma_prob': 0, 'CoarseDropout_prob': 0, 'RGBShift_prob': 0, 'MotionBlur_prob': 0, 'MedianBlur_prob': 0, 'GaussianBlur_prob': 0, 'GaussNoise_prob': 0, 'ChannelShuffle_prob': 0}}}
2022-03-29 18:02:25.076 | INFO     | __main__:main:47 - Getting datapath
2022-03-29 18:02:25.090 | INFO     | __main__:main:61 - There are 1450 images to train
2022-03-29 18:02:25.091 | INFO     | __main__:main:80 - Train model with no valid dataset
2022-03-29 18:02:25.091 | INFO     | __main__:main:82 - Loading data
2022-03-29 18:02:25.529 | INFO     | __main__:main:96 - 90 batches to train
2022-03-29 18:02:25.533 | INFO     | __main__:main:109 - Loading model
2022-03-29 18:02:25.533 | INFO     | __main__:main:126 - Loading checkpoint from /mnt/data/hungpv/polyps/pretrained-backbone/pvt_v2_b3.pth ...
2022-03-29 18:02:28.776 | INFO     | __main__:main:164 - Training with FP32 ...
2022-03-29 18:06:23.478 | INFO     | tools.trainer:train_loop:89 - Epoch: [1/ 80] | Train loss: [1.7597555584377713]
2022-03-29 18:10:18.346 | INFO     | tools.trainer:train_loop:89 - Epoch: [2/ 80] | Train loss: [0.7555705868535572]
2022-03-29 18:14:14.300 | INFO     | tools.trainer:train_loop:89 - Epoch: [3/ 80] | Train loss: [0.571444974342982]
2022-03-29 18:14:14.513 | INFO     | tools.trainer:train_loop:104 - [Saving Snapshot:]/mnt/data/hungpv/polyps/checkpoint/KCECE/pvtv2-uperhead_v9/PVTv2-B3-UPerHead_3.pth
2022-03-29 18:18:10.880 | INFO     | tools.trainer:train_loop:89 - Epoch: [4/ 80] | Train loss: [0.4415317667855157]
2022-03-29 18:22:07.382 | INFO     | tools.trainer:train_loop:89 - Epoch: [5/ 80] | Train loss: [0.35964753180742265]
2022-03-29 18:26:04.605 | INFO     | tools.trainer:train_loop:89 - Epoch: [6/ 80] | Train loss: [0.312977677418126]
2022-03-29 18:30:02.499 | INFO     | tools.trainer:train_loop:89 - Epoch: [7/ 80] | Train loss: [0.2733331537908978]
2022-03-29 18:33:59.300 | INFO     | tools.trainer:train_loop:89 - Epoch: [8/ 80] | Train loss: [0.25705280072159237]
2022-03-29 18:37:56.204 | INFO     | tools.trainer:train_loop:89 - Epoch: [9/ 80] | Train loss: [0.2387027422587077]
2022-03-29 18:41:52.743 | INFO     | tools.trainer:train_loop:89 - Epoch: [10/ 80] | Train loss: [0.2207759294244978]
2022-03-29 18:45:49.073 | INFO     | tools.trainer:train_loop:89 - Epoch: [11/ 80] | Train loss: [0.2033393104871114]
2022-03-29 18:49:44.910 | INFO     | tools.trainer:train_loop:89 - Epoch: [12/ 80] | Train loss: [0.1960062712430954]
2022-03-29 18:53:40.838 | INFO     | tools.trainer:train_loop:89 - Epoch: [13/ 80] | Train loss: [0.19100651525788837]
2022-03-29 18:57:37.106 | INFO     | tools.trainer:train_loop:89 - Epoch: [14/ 80] | Train loss: [0.18479807964629597]
2022-03-29 19:01:33.572 | INFO     | tools.trainer:train_loop:89 - Epoch: [15/ 80] | Train loss: [0.174550045778354]
2022-03-29 19:05:30.645 | INFO     | tools.trainer:train_loop:89 - Epoch: [16/ 80] | Train loss: [0.1676777785850896]
2022-03-29 19:09:27.593 | INFO     | tools.trainer:train_loop:89 - Epoch: [17/ 80] | Train loss: [0.15909848006235228]
2022-03-29 19:13:24.883 | INFO     | tools.trainer:train_loop:89 - Epoch: [18/ 80] | Train loss: [0.16503362705310184]
2022-03-29 19:17:21.902 | INFO     | tools.trainer:train_loop:89 - Epoch: [19/ 80] | Train loss: [0.15432000930110615]
2022-03-29 19:21:18.583 | INFO     | tools.trainer:train_loop:89 - Epoch: [20/ 80] | Train loss: [0.1420445605284638]
2022-03-29 19:25:15.344 | INFO     | tools.trainer:train_loop:89 - Epoch: [21/ 80] | Train loss: [0.14490612008505396]
2022-03-29 19:29:11.817 | INFO     | tools.trainer:train_loop:89 - Epoch: [22/ 80] | Train loss: [0.13904444699486096]
2022-03-29 19:33:08.520 | INFO     | tools.trainer:train_loop:89 - Epoch: [23/ 80] | Train loss: [0.13981994887193044]
2022-03-29 19:37:05.739 | INFO     | tools.trainer:train_loop:89 - Epoch: [24/ 80] | Train loss: [0.1465278750492467]
2022-03-29 19:41:02.241 | INFO     | tools.trainer:train_loop:89 - Epoch: [25/ 80] | Train loss: [0.14313792859514554]
2022-03-29 19:44:58.360 | INFO     | tools.trainer:train_loop:89 - Epoch: [26/ 80] | Train loss: [0.1311932462784979]
2022-03-29 19:48:54.337 | INFO     | tools.trainer:train_loop:89 - Epoch: [27/ 80] | Train loss: [0.1323972704509894]
2022-03-29 19:52:50.242 | INFO     | tools.trainer:train_loop:89 - Epoch: [28/ 80] | Train loss: [0.12482941216892667]
2022-03-29 19:56:46.496 | INFO     | tools.trainer:train_loop:89 - Epoch: [29/ 80] | Train loss: [0.12478088488181432]
2022-03-29 20:00:42.554 | INFO     | tools.trainer:train_loop:89 - Epoch: [30/ 80] | Train loss: [0.1214225339392821]
2022-03-29 20:04:38.666 | INFO     | tools.trainer:train_loop:89 - Epoch: [31/ 80] | Train loss: [0.11770897350377507]
2022-03-29 20:08:34.819 | INFO     | tools.trainer:train_loop:89 - Epoch: [32/ 80] | Train loss: [0.11256451225943036]
2022-03-29 20:12:31.630 | INFO     | tools.trainer:train_loop:89 - Epoch: [33/ 80] | Train loss: [0.11254322702685991]
2022-03-29 20:16:28.591 | INFO     | tools.trainer:train_loop:89 - Epoch: [34/ 80] | Train loss: [0.11685510103901227]
2022-03-29 20:20:25.626 | INFO     | tools.trainer:train_loop:89 - Epoch: [35/ 80] | Train loss: [0.10996047655741374]
2022-03-29 20:24:22.648 | INFO     | tools.trainer:train_loop:89 - Epoch: [36/ 80] | Train loss: [0.10990225109789106]
2022-03-29 20:28:19.198 | INFO     | tools.trainer:train_loop:89 - Epoch: [37/ 80] | Train loss: [0.10952477248178588]
2022-03-29 20:32:16.933 | INFO     | tools.trainer:train_loop:89 - Epoch: [38/ 80] | Train loss: [0.10428534174958864]
2022-03-29 20:36:18.647 | INFO     | tools.trainer:train_loop:89 - Epoch: [39/ 80] | Train loss: [0.10304869951473342]
2022-03-29 20:40:16.466 | INFO     | tools.trainer:train_loop:89 - Epoch: [40/ 80] | Train loss: [0.10570909223622746]
2022-03-29 20:44:12.632 | INFO     | tools.trainer:train_loop:89 - Epoch: [41/ 80] | Train loss: [0.11148696748746766]
2022-03-29 20:48:08.275 | INFO     | tools.trainer:train_loop:89 - Epoch: [42/ 80] | Train loss: [0.10573101010587481]
2022-03-29 20:52:03.902 | INFO     | tools.trainer:train_loop:89 - Epoch: [43/ 80] | Train loss: [0.10738457764188448]
2022-03-29 20:55:59.622 | INFO     | tools.trainer:train_loop:89 - Epoch: [44/ 80] | Train loss: [0.10162592174278365]
2022-03-29 20:59:55.457 | INFO     | tools.trainer:train_loop:89 - Epoch: [45/ 80] | Train loss: [0.09633328053686353]
2022-03-29 21:03:50.469 | INFO     | tools.trainer:train_loop:89 - Epoch: [46/ 80] | Train loss: [0.09638222811950578]
2022-03-29 21:07:45.677 | INFO     | tools.trainer:train_loop:89 - Epoch: [47/ 80] | Train loss: [0.093952004197571]
2022-03-29 21:11:40.510 | INFO     | tools.trainer:train_loop:89 - Epoch: [48/ 80] | Train loss: [0.09204138831959831]
2022-03-29 21:15:35.795 | INFO     | tools.trainer:train_loop:89 - Epoch: [49/ 80] | Train loss: [0.09113991666171285]
2022-03-29 21:19:30.771 | INFO     | tools.trainer:train_loop:89 - Epoch: [50/ 80] | Train loss: [0.09267810020181867]
2022-03-29 21:23:25.772 | INFO     | tools.trainer:train_loop:89 - Epoch: [51/ 80] | Train loss: [0.09042557626962662]
2022-03-29 21:27:21.100 | INFO     | tools.trainer:train_loop:89 - Epoch: [52/ 80] | Train loss: [0.09031607136130333]
2022-03-29 21:31:15.800 | INFO     | tools.trainer:train_loop:89 - Epoch: [53/ 80] | Train loss: [0.0883839106394185]
2022-03-29 21:35:10.698 | INFO     | tools.trainer:train_loop:89 - Epoch: [54/ 80] | Train loss: [0.08865410188833872]
2022-03-29 21:39:05.550 | INFO     | tools.trainer:train_loop:89 - Epoch: [55/ 80] | Train loss: [0.0854099481470055]
2022-03-29 21:43:00.170 | INFO     | tools.trainer:train_loop:89 - Epoch: [56/ 80] | Train loss: [0.0848278424806065]
2022-03-29 21:46:54.982 | INFO     | tools.trainer:train_loop:89 - Epoch: [57/ 80] | Train loss: [0.08386459781063928]
2022-03-29 21:50:49.834 | INFO     | tools.trainer:train_loop:89 - Epoch: [58/ 80] | Train loss: [0.08143820779191123]
2022-03-29 21:54:44.708 | INFO     | tools.trainer:train_loop:89 - Epoch: [59/ 80] | Train loss: [0.08058269321918488]
2022-03-29 21:58:39.324 | INFO     | tools.trainer:train_loop:89 - Epoch: [60/ 80] | Train loss: [0.08028927197058995]
2022-03-29 21:58:39.525 | INFO     | tools.trainer:train_loop:104 - [Saving Snapshot:]/mnt/data/hungpv/polyps/checkpoint/KCECE/pvtv2-uperhead_v9/PVTv2-B3-UPerHead_60.pth
2022-03-29 22:02:34.381 | INFO     | tools.trainer:train_loop:89 - Epoch: [61/ 80] | Train loss: [0.07815843530827099]
2022-03-29 22:06:29.205 | INFO     | tools.trainer:train_loop:89 - Epoch: [62/ 80] | Train loss: [0.07727538438306915]
2022-03-29 22:10:23.963 | INFO     | tools.trainer:train_loop:89 - Epoch: [63/ 80] | Train loss: [0.07927897589074241]
2022-03-29 22:14:18.402 | INFO     | tools.trainer:train_loop:89 - Epoch: [64/ 80] | Train loss: [0.07822430932687388]
2022-03-29 22:18:12.573 | INFO     | tools.trainer:train_loop:89 - Epoch: [65/ 80] | Train loss: [0.0758687445273002]
2022-03-29 22:22:07.240 | INFO     | tools.trainer:train_loop:89 - Epoch: [66/ 80] | Train loss: [0.07497193887829781]
2022-03-29 22:26:02.057 | INFO     | tools.trainer:train_loop:89 - Epoch: [67/ 80] | Train loss: [0.07354885964757867]
2022-03-29 22:29:57.462 | INFO     | tools.trainer:train_loop:89 - Epoch: [68/ 80] | Train loss: [0.07361413625379404]
2022-03-29 22:33:52.613 | INFO     | tools.trainer:train_loop:89 - Epoch: [69/ 80] | Train loss: [0.07327468854685625]
2022-03-29 22:37:48.193 | INFO     | tools.trainer:train_loop:89 - Epoch: [70/ 80] | Train loss: [0.0729173383778996]
2022-03-29 22:41:43.260 | INFO     | tools.trainer:train_loop:89 - Epoch: [71/ 80] | Train loss: [0.0714449721078078]
2022-03-29 22:45:38.275 | INFO     | tools.trainer:train_loop:89 - Epoch: [72/ 80] | Train loss: [0.07110745078987546]
2022-03-29 22:49:33.124 | INFO     | tools.trainer:train_loop:89 - Epoch: [73/ 80] | Train loss: [0.07107529391845067]
2022-03-29 22:53:28.259 | INFO     | tools.trainer:train_loop:89 - Epoch: [74/ 80] | Train loss: [0.06963999014761713]
2022-03-29 22:57:24.058 | INFO     | tools.trainer:train_loop:89 - Epoch: [75/ 80] | Train loss: [0.06902150722841421]
2022-03-29 23:01:19.042 | INFO     | tools.trainer:train_loop:89 - Epoch: [76/ 80] | Train loss: [0.06948284544050694]
2022-03-29 23:05:14.044 | INFO     | tools.trainer:train_loop:89 - Epoch: [77/ 80] | Train loss: [0.06888776496052743]
2022-03-29 23:09:08.873 | INFO     | tools.trainer:train_loop:89 - Epoch: [78/ 80] | Train loss: [0.06794936665230328]
2022-03-29 23:13:03.791 | INFO     | tools.trainer:train_loop:89 - Epoch: [79/ 80] | Train loss: [0.06798377450969484]
2022-03-29 23:13:03.990 | INFO     | tools.trainer:train_loop:104 - [Saving Snapshot:]/mnt/data/hungpv/polyps/checkpoint/KCECE/pvtv2-uperhead_v9/PVTv2-B3-UPerHead_79.pth
2022-03-29 23:16:59.546 | INFO     | tools.trainer:train_loop:89 - Epoch: [80/ 80] | Train loss: [0.0675276466127899]
2022-03-29 23:16:59.744 | INFO     | tools.trainer:train_loop:104 - [Saving Snapshot:]/mnt/data/hungpv/polyps/checkpoint/KCECE/pvtv2-uperhead_v9/PVTv2-B3-UPerHead_80.pth
2022-03-29 23:16:59.744 | INFO     | tools.trainer:train_loop:110 - Training cost: 18869.331175556seconds
