2022-03-31 13:47:17.730 | INFO     | __main__:main:45 - Load config from configs/pvtv2-uperhead.yaml
2022-03-31 13:47:17.730 | INFO     | __main__:main:46 - {'dataset': {'data_path': '/home/admin_mcn/hungpv/polyps/dataset/KCECE', 'train_data_path': ['/home/admin_mcn/hungpv/polyps/dataset/KCECE/TrainDataset'], 'test_data_path': ['/home/admin_mcn/hungpv/polyps/dataset/KCECE/TestDataset/Kvasir'], 'val_data_path': ['/home/admin_mcn/hungpv/polyps/dataset/KCECE/TestDataset/CVC-300']}, 'model': {'num_classes': 1, 'save_dir': '/mnt/data/hungpv/polyps/checkpoint/KCECE/pvtv2-uperhead_v14', 'backbone': 'PVTv2-B3', 'head': 'UPerHead', 'pretrained': '/mnt/data/hungpv/polyps/pretrained-backbone/pvt_v2_b3.pth'}, 'optimizer': {'name': 'adam', 'lr': 0.0001, 'clip': 0.5, 'scheduler': 'cosine_warmup', 'loss': 'structure_loss'}, 'dev': 'cuda', 'train': {'start_from': 0, 'save_from': 78, 'num_epochs': 80, 'num_warmup_epoch': 10, 'is_val': False, 'size_rates': [0.75, 1, 1.25], 'dataloader': {'batchsize': 16, 'img_size': 352, 'shuffle': True, 'num_workers': 2, 'pin_memory': True, 'drop_last': True}, 'amp': False, 'ddp': False, 'augment': {'prob': 1, 'Flip_prob': 0.7, 'HueSaturationValue_prob': 0.7, 'RandomBrightnessContrast_prob': 0.5, 'crop_prob': 0.0, 'randomrotate90_prob': 0.7}}, 'test': {'dev': 'cuda', 'visualize': False, 'visualize_dir': '/mnt/data/hungpv/polyps/visualize', 'vis_x': 180, 'vis_overwrite': False, 'checkpoint_dir': '/mnt/data/hungpv/polyps/checkpoint/KCECE/pvtv2-uperhead_v14/PVTv2-B3-UPerHead_80.pth', 'dataloader': {'batchsize': 1, 'img_size': 352, 'shuffle': True, 'num_workers': 2, 'pin_memory': True, 'drop_last': True}, 'augment': {'prob': 1, 'Flip_prob': 0, 'HueSaturationValue_prob': 0, 'RandomBrightnessContrast_prob': 0, 'crop_prob': 0, 'randomrotate90_prob': 0, 'elastictransform_prob': 0, 'gridistortion_prob': 0, 'opticaldistortion_prob': 0, 'verticalflip_prob': 0, 'horizontalflip_prob': 0, 'randomgamma_prob': 0, 'CoarseDropout_prob': 0, 'RGBShift_prob': 0, 'MotionBlur_prob': 0, 'MedianBlur_prob': 0, 'GaussianBlur_prob': 0, 'GaussNoise_prob': 0, 'ChannelShuffle_prob': 0}}}
2022-03-31 13:47:17.730 | INFO     | __main__:main:47 - Getting datapath
2022-03-31 13:47:17.736 | INFO     | __main__:main:61 - There are 1450 images to train
2022-03-31 13:47:17.737 | INFO     | __main__:main:80 - Train model with no valid dataset
2022-03-31 13:47:17.737 | INFO     | __main__:main:82 - Loading data
2022-03-31 13:47:17.833 | INFO     | __main__:main:96 - 90 batches to train
2022-03-31 13:47:17.837 | INFO     | __main__:main:109 - Loading model
2022-03-31 13:47:17.837 | INFO     | __main__:main:126 - Loading checkpoint from /mnt/data/hungpv/polyps/pretrained-backbone/pvt_v2_b3.pth ...
2022-03-31 13:47:20.400 | INFO     | __main__:main:164 - Training with FP32 ...
2022-03-31 13:51:10.261 | INFO     | tools.trainer:train_loop:89 - Epoch: [1/ 80] | Train loss: [1.2229920440249973]
2022-03-31 13:54:59.220 | INFO     | tools.trainer:train_loop:89 - Epoch: [2/ 80] | Train loss: [0.6786912679672241]
2022-03-31 13:58:48.372 | INFO     | tools.trainer:train_loop:89 - Epoch: [3/ 80] | Train loss: [0.5025200327237447]
2022-03-31 13:58:48.581 | INFO     | tools.trainer:train_loop:104 - [Saving Snapshot:]/mnt/data/hungpv/polyps/checkpoint/KCECE/pvtv2-uperhead_v14/PVTv2-B3-UPerHead_3.pth
2022-03-31 14:02:37.915 | INFO     | tools.trainer:train_loop:89 - Epoch: [4/ 80] | Train loss: [0.3975757555829154]
2022-03-31 14:06:27.050 | INFO     | tools.trainer:train_loop:89 - Epoch: [5/ 80] | Train loss: [0.32658520026339427]
2022-03-31 14:10:16.342 | INFO     | tools.trainer:train_loop:89 - Epoch: [6/ 80] | Train loss: [0.279591466486454]
2022-03-31 14:14:05.583 | INFO     | tools.trainer:train_loop:89 - Epoch: [7/ 80] | Train loss: [0.25710232771105235]
2022-03-31 14:17:54.856 | INFO     | tools.trainer:train_loop:89 - Epoch: [8/ 80] | Train loss: [0.25002254943052926]
2022-03-31 14:21:44.190 | INFO     | tools.trainer:train_loop:89 - Epoch: [9/ 80] | Train loss: [0.21678204983472824]
2022-03-31 14:25:33.454 | INFO     | tools.trainer:train_loop:89 - Epoch: [10/ 80] | Train loss: [0.21011299822065566]
2022-03-31 14:29:22.808 | INFO     | tools.trainer:train_loop:89 - Epoch: [11/ 80] | Train loss: [0.19511992658178012]
2022-03-31 14:33:12.130 | INFO     | tools.trainer:train_loop:89 - Epoch: [12/ 80] | Train loss: [0.19497210648324753]
2022-03-31 14:37:01.476 | INFO     | tools.trainer:train_loop:89 - Epoch: [13/ 80] | Train loss: [0.17649160482817225]
2022-03-31 14:40:50.523 | INFO     | tools.trainer:train_loop:89 - Epoch: [14/ 80] | Train loss: [0.17080323323607444]
2022-03-31 14:44:39.868 | INFO     | tools.trainer:train_loop:89 - Epoch: [15/ 80] | Train loss: [0.16530939431654082]
2022-03-31 14:48:29.158 | INFO     | tools.trainer:train_loop:89 - Epoch: [16/ 80] | Train loss: [0.16608414898316065]
2022-03-31 14:52:18.596 | INFO     | tools.trainer:train_loop:89 - Epoch: [17/ 80] | Train loss: [0.15892632181445757]
2022-03-31 14:56:07.905 | INFO     | tools.trainer:train_loop:89 - Epoch: [18/ 80] | Train loss: [0.14804927855730057]
2022-03-31 14:59:57.346 | INFO     | tools.trainer:train_loop:89 - Epoch: [19/ 80] | Train loss: [0.1436765942308638]
2022-03-31 15:03:46.802 | INFO     | tools.trainer:train_loop:89 - Epoch: [20/ 80] | Train loss: [0.14279667221837575]
2022-03-31 15:07:36.277 | INFO     | tools.trainer:train_loop:89 - Epoch: [21/ 80] | Train loss: [0.14081650699178377]
2022-03-31 15:11:25.579 | INFO     | tools.trainer:train_loop:89 - Epoch: [22/ 80] | Train loss: [0.13959644097420904]
2022-03-31 15:15:14.855 | INFO     | tools.trainer:train_loop:89 - Epoch: [23/ 80] | Train loss: [0.13360739093687798]
2022-03-31 15:19:04.214 | INFO     | tools.trainer:train_loop:89 - Epoch: [24/ 80] | Train loss: [0.1400643053981993]
2022-03-31 15:22:53.570 | INFO     | tools.trainer:train_loop:89 - Epoch: [25/ 80] | Train loss: [0.1382529550956355]
2022-03-31 15:26:42.917 | INFO     | tools.trainer:train_loop:89 - Epoch: [26/ 80] | Train loss: [0.12787758459647497]
2022-03-31 15:30:32.388 | INFO     | tools.trainer:train_loop:89 - Epoch: [27/ 80] | Train loss: [0.13464452226956686]
2022-03-31 15:34:21.764 | INFO     | tools.trainer:train_loop:89 - Epoch: [28/ 80] | Train loss: [0.12713578301999304]
2022-03-31 15:38:11.010 | INFO     | tools.trainer:train_loop:89 - Epoch: [29/ 80] | Train loss: [0.1304012472430865]
2022-03-31 15:42:00.305 | INFO     | tools.trainer:train_loop:89 - Epoch: [30/ 80] | Train loss: [0.12479072411855062]
2022-03-31 15:45:49.671 | INFO     | tools.trainer:train_loop:89 - Epoch: [31/ 80] | Train loss: [0.11522198443611463]
2022-03-31 15:49:39.066 | INFO     | tools.trainer:train_loop:89 - Epoch: [32/ 80] | Train loss: [0.11551234084698889]
2022-03-31 15:53:28.322 | INFO     | tools.trainer:train_loop:89 - Epoch: [33/ 80] | Train loss: [0.11208331916067335]
2022-03-31 15:57:17.802 | INFO     | tools.trainer:train_loop:89 - Epoch: [34/ 80] | Train loss: [0.12004530943102307]
2022-03-31 16:01:07.157 | INFO     | tools.trainer:train_loop:89 - Epoch: [35/ 80] | Train loss: [0.10970129387246239]
2022-03-31 16:04:56.631 | INFO     | tools.trainer:train_loop:89 - Epoch: [36/ 80] | Train loss: [0.10751648652884695]
2022-03-31 16:08:46.212 | INFO     | tools.trainer:train_loop:89 - Epoch: [37/ 80] | Train loss: [0.10628851494855351]
2022-03-31 16:12:35.557 | INFO     | tools.trainer:train_loop:89 - Epoch: [38/ 80] | Train loss: [0.10417736147840818]
2022-03-31 16:16:25.014 | INFO     | tools.trainer:train_loop:89 - Epoch: [39/ 80] | Train loss: [0.10319213478101624]
2022-03-31 16:20:14.354 | INFO     | tools.trainer:train_loop:89 - Epoch: [40/ 80] | Train loss: [0.10121291801333428]
2022-03-31 16:24:03.806 | INFO     | tools.trainer:train_loop:89 - Epoch: [41/ 80] | Train loss: [0.09761561933490966]
2022-03-31 16:27:53.106 | INFO     | tools.trainer:train_loop:89 - Epoch: [42/ 80] | Train loss: [0.09760556427968872]
2022-03-31 16:31:42.618 | INFO     | tools.trainer:train_loop:89 - Epoch: [43/ 80] | Train loss: [0.09789237711164686]
2022-03-31 16:35:31.982 | INFO     | tools.trainer:train_loop:89 - Epoch: [44/ 80] | Train loss: [0.09955938541226916]
2022-03-31 16:39:21.272 | INFO     | tools.trainer:train_loop:89 - Epoch: [45/ 80] | Train loss: [0.09692695281571811]
2022-03-31 16:43:10.899 | INFO     | tools.trainer:train_loop:89 - Epoch: [46/ 80] | Train loss: [0.09273100934094852]
2022-03-31 16:47:00.530 | INFO     | tools.trainer:train_loop:89 - Epoch: [47/ 80] | Train loss: [0.095362778670258]
2022-03-31 16:50:49.849 | INFO     | tools.trainer:train_loop:89 - Epoch: [48/ 80] | Train loss: [0.09145528053243955]
2022-03-31 16:54:39.319 | INFO     | tools.trainer:train_loop:89 - Epoch: [49/ 80] | Train loss: [0.09110878134767214]
2022-03-31 16:58:28.753 | INFO     | tools.trainer:train_loop:89 - Epoch: [50/ 80] | Train loss: [0.09189390473895603]
2022-03-31 17:02:18.065 | INFO     | tools.trainer:train_loop:89 - Epoch: [51/ 80] | Train loss: [0.0894082081814607]
2022-03-31 17:06:07.860 | INFO     | tools.trainer:train_loop:89 - Epoch: [52/ 80] | Train loss: [0.08808540726701418]
2022-03-31 17:09:57.296 | INFO     | tools.trainer:train_loop:89 - Epoch: [53/ 80] | Train loss: [0.09183841513262855]
2022-03-31 17:13:46.765 | INFO     | tools.trainer:train_loop:89 - Epoch: [54/ 80] | Train loss: [0.08589442893862724]
2022-03-31 17:17:36.306 | INFO     | tools.trainer:train_loop:89 - Epoch: [55/ 80] | Train loss: [0.08366665484176741]
2022-03-31 17:21:25.686 | INFO     | tools.trainer:train_loop:89 - Epoch: [56/ 80] | Train loss: [0.0834178104168839]
2022-03-31 17:25:15.171 | INFO     | tools.trainer:train_loop:89 - Epoch: [57/ 80] | Train loss: [0.08294463430841764]
2022-03-31 17:29:04.628 | INFO     | tools.trainer:train_loop:89 - Epoch: [58/ 80] | Train loss: [0.08191783900062242]
2022-03-31 17:32:53.970 | INFO     | tools.trainer:train_loop:89 - Epoch: [59/ 80] | Train loss: [0.08052546977996826]
2022-03-31 17:36:43.264 | INFO     | tools.trainer:train_loop:89 - Epoch: [60/ 80] | Train loss: [0.07950162966218259]
2022-03-31 17:40:32.513 | INFO     | tools.trainer:train_loop:89 - Epoch: [61/ 80] | Train loss: [0.07906445215145746]
2022-03-31 17:44:21.888 | INFO     | tools.trainer:train_loop:89 - Epoch: [62/ 80] | Train loss: [0.07673787648479144]
2022-03-31 17:48:11.184 | INFO     | tools.trainer:train_loop:89 - Epoch: [63/ 80] | Train loss: [0.07664535567164421]
2022-03-31 17:52:00.743 | INFO     | tools.trainer:train_loop:89 - Epoch: [64/ 80] | Train loss: [0.07512625170250734]
2022-03-31 17:55:50.009 | INFO     | tools.trainer:train_loop:89 - Epoch: [65/ 80] | Train loss: [0.0741808975322379]
2022-03-31 17:59:39.280 | INFO     | tools.trainer:train_loop:89 - Epoch: [66/ 80] | Train loss: [0.07351175422469775]
2022-03-31 18:03:28.594 | INFO     | tools.trainer:train_loop:89 - Epoch: [67/ 80] | Train loss: [0.07333264135652118]
2022-03-31 18:07:18.067 | INFO     | tools.trainer:train_loop:89 - Epoch: [68/ 80] | Train loss: [0.07262912752727667]
2022-03-31 18:11:07.492 | INFO     | tools.trainer:train_loop:89 - Epoch: [69/ 80] | Train loss: [0.07183406361275249]
2022-03-31 18:14:56.732 | INFO     | tools.trainer:train_loop:89 - Epoch: [70/ 80] | Train loss: [0.07138849799003866]
2022-03-31 18:18:45.995 | INFO     | tools.trainer:train_loop:89 - Epoch: [71/ 80] | Train loss: [0.06990556737615003]
2022-03-31 18:22:35.400 | INFO     | tools.trainer:train_loop:89 - Epoch: [72/ 80] | Train loss: [0.07011441923677922]
2022-03-31 18:26:24.772 | INFO     | tools.trainer:train_loop:89 - Epoch: [73/ 80] | Train loss: [0.06913738205201096]
2022-03-31 18:30:14.419 | INFO     | tools.trainer:train_loop:89 - Epoch: [74/ 80] | Train loss: [0.06936653235720264]
2022-03-31 18:34:03.903 | INFO     | tools.trainer:train_loop:89 - Epoch: [75/ 80] | Train loss: [0.0683901941196786]
2022-03-31 18:37:53.198 | INFO     | tools.trainer:train_loop:89 - Epoch: [76/ 80] | Train loss: [0.06776748109194967]
2022-03-31 18:41:42.542 | INFO     | tools.trainer:train_loop:89 - Epoch: [77/ 80] | Train loss: [0.06697275882793798]
2022-03-31 18:45:31.869 | INFO     | tools.trainer:train_loop:89 - Epoch: [78/ 80] | Train loss: [0.06775466402371724]
2022-03-31 18:49:21.265 | INFO     | tools.trainer:train_loop:89 - Epoch: [79/ 80] | Train loss: [0.0657592578480641]
2022-03-31 18:49:21.470 | INFO     | tools.trainer:train_loop:104 - [Saving Snapshot:]/mnt/data/hungpv/polyps/checkpoint/KCECE/pvtv2-uperhead_v14/PVTv2-B3-UPerHead_79.pth
2022-03-31 18:53:10.635 | INFO     | tools.trainer:train_loop:89 - Epoch: [80/ 80] | Train loss: [0.06548614907595847]
2022-03-31 18:53:10.836 | INFO     | tools.trainer:train_loop:104 - [Saving Snapshot:]/mnt/data/hungpv/polyps/checkpoint/KCECE/pvtv2-uperhead_v14/PVTv2-B3-UPerHead_80.pth
2022-03-31 18:53:10.837 | INFO     | tools.trainer:train_loop:110 - Training cost: 18349.423992807977seconds
