2022-03-26 18:05:12.061 | INFO     | __main__:main:45 - Load config from configs/pvtv2-uperhead.yaml
2022-03-26 18:05:12.061 | INFO     | __main__:main:46 - {'dataset': {'data_path': '/home/admin_mcn/hungpv/polyps/dataset/KCECE', 'train_data_path': ['/home/admin_mcn/hungpv/polyps/dataset/KCECE/TrainDataset'], 'test_data_path': ['/home/admin_mcn/hungpv/polyps/dataset/KCECE/TestDataset/Kvasir'], 'val_data_path': ['/home/admin_mcn/hungpv/polyps/dataset/KCECE/TestDataset/CVC-300']}, 'model': {'num_classes': 1, 'save_dir': '/mnt/data/hungpv/polyps/checkpoint/KCECE/pvtv2-uperhead_v7', 'backbone': 'PVTv2-B3', 'head': 'UPerHead', 'pretrained': '/mnt/data/hungpv/polyps/pretrained-backbone/pvt_v2_b3.pth'}, 'optimizer': {'name': 'adam', 'lr': 0.0001, 'clip': 0.5, 'scheduler': 'cosine_warmup', 'num_warmup_epoch': 1, 'loss': 'structure_loss'}, 'dev': 'cuda', 'train': {'start_from': 0, 'save_from': 98, 'num_epochs': 100, 'num_warmup_epoch': 8, 'is_val': False, 'size_rates': [0.75, 1, 1.25], 'dataloader': {'batchsize': 16, 'img_size': 352, 'shuffle': True, 'num_workers': 2, 'pin_memory': True, 'drop_last': True}, 'amp': False, 'ddp': False, 'augment': {'prob': 1, 'Flip_prob': 0.7, 'HueSaturationValue_prob': 0.7, 'RandomBrightnessContrast_prob': 0.5, 'crop_prob': 0.2, 'randomrotate90_prob': 0.7}}, 'test': {'dev': 'cuda', 'visualize': False, 'visualize_dir': '/mnt/data/hungpv/polyps/visualize', 'vis_x': 180, 'vis_overwrite': False, 'checkpoint_dir': '/mnt/data/hungpv/polyps/checkpoint/KCECE/pvtv2-uperhead_v6/PVTv2-B3-UPerHead_80.pth', 'dataloader': {'batchsize': 1, 'img_size': 352, 'shuffle': True, 'num_workers': 2, 'pin_memory': True, 'drop_last': True}, 'augment': {'prob': 1, 'Flip_prob': 0, 'HueSaturationValue_prob': 0, 'RandomBrightnessContrast_prob': 0, 'crop_prob': 0, 'randomrotate90_prob': 0, 'elastictransform_prob': 0, 'gridistortion_prob': 0, 'opticaldistortion_prob': 0, 'verticalflip_prob': 0, 'horizontalflip_prob': 0, 'randomgamma_prob': 0, 'CoarseDropout_prob': 0, 'RGBShift_prob': 0, 'MotionBlur_prob': 0, 'MedianBlur_prob': 0, 'GaussianBlur_prob': 0, 'GaussNoise_prob': 0, 'ChannelShuffle_prob': 0}}}
2022-03-26 18:05:12.061 | INFO     | __main__:main:47 - Getting datapath
2022-03-26 18:05:12.067 | INFO     | __main__:main:61 - There are 1450 images to train
2022-03-26 18:05:12.067 | INFO     | __main__:main:80 - Train model with no valid dataset
2022-03-26 18:05:12.067 | INFO     | __main__:main:82 - Loading data
2022-03-26 18:05:12.155 | INFO     | __main__:main:96 - 90 batches to train
2022-03-26 18:05:12.159 | INFO     | __main__:main:109 - Loading model
2022-03-26 18:05:12.159 | INFO     | __main__:main:126 - Loading checkpoint from /mnt/data/hungpv/polyps/pretrained-backbone/pvt_v2_b3.pth ...
2022-03-26 18:05:14.661 | INFO     | __main__:main:164 - Training with FP32 ...
2022-03-26 18:09:09.240 | INFO     | tools.trainer:train_loop:89 - Epoch: [1/ 100] | Train loss: [2.863667052984238]
2022-03-26 18:13:04.129 | INFO     | tools.trainer:train_loop:89 - Epoch: [2/ 100] | Train loss: [0.8825008591016134]
2022-03-26 18:16:59.736 | INFO     | tools.trainer:train_loop:89 - Epoch: [3/ 100] | Train loss: [0.6744814687305026]
2022-03-26 18:16:59.938 | INFO     | tools.trainer:train_loop:104 - [Saving Snapshot:]/mnt/data/hungpv/polyps/checkpoint/KCECE/pvtv2-uperhead_v7/PVTv2-B3-UPerHead_3.pth
2022-03-26 18:20:56.283 | INFO     | tools.trainer:train_loop:89 - Epoch: [4/ 100] | Train loss: [0.5039594206545088]
2022-03-26 18:24:52.599 | INFO     | tools.trainer:train_loop:89 - Epoch: [5/ 100] | Train loss: [0.440180805987782]
2022-03-26 18:28:49.178 | INFO     | tools.trainer:train_loop:89 - Epoch: [6/ 100] | Train loss: [0.407288249499268]
2022-03-26 18:32:45.612 | INFO     | tools.trainer:train_loop:89 - Epoch: [7/ 100] | Train loss: [0.3679821097188526]
2022-03-26 18:36:42.368 | INFO     | tools.trainer:train_loop:89 - Epoch: [8/ 100] | Train loss: [0.3396513021654553]
2022-03-26 18:40:39.223 | INFO     | tools.trainer:train_loop:89 - Epoch: [9/ 100] | Train loss: [0.3072632135616408]
2022-03-26 18:44:36.208 | INFO     | tools.trainer:train_loop:89 - Epoch: [10/ 100] | Train loss: [0.2762379116482205]
2022-03-26 18:48:32.520 | INFO     | tools.trainer:train_loop:89 - Epoch: [11/ 100] | Train loss: [0.27320505264732575]
2022-03-26 18:52:29.160 | INFO     | tools.trainer:train_loop:89 - Epoch: [12/ 100] | Train loss: [0.2579159256484773]
2022-03-26 18:56:25.721 | INFO     | tools.trainer:train_loop:89 - Epoch: [13/ 100] | Train loss: [0.24250476559003195]
2022-03-26 19:00:22.652 | INFO     | tools.trainer:train_loop:89 - Epoch: [14/ 100] | Train loss: [0.2599948356548945]
2022-03-26 19:04:19.469 | INFO     | tools.trainer:train_loop:89 - Epoch: [15/ 100] | Train loss: [0.24399103273948033]
2022-03-26 19:08:16.300 | INFO     | tools.trainer:train_loop:89 - Epoch: [16/ 100] | Train loss: [0.25021568917565873]
2022-03-26 19:12:13.298 | INFO     | tools.trainer:train_loop:89 - Epoch: [17/ 100] | Train loss: [0.2294433051513301]
2022-03-26 19:16:10.654 | INFO     | tools.trainer:train_loop:89 - Epoch: [18/ 100] | Train loss: [0.21799811869859695]
2022-03-26 19:20:07.151 | INFO     | tools.trainer:train_loop:89 - Epoch: [19/ 100] | Train loss: [0.20885551687743928]
2022-03-26 19:24:03.806 | INFO     | tools.trainer:train_loop:89 - Epoch: [20/ 100] | Train loss: [0.2223334284292327]
2022-03-26 19:28:00.189 | INFO     | tools.trainer:train_loop:89 - Epoch: [21/ 100] | Train loss: [0.20571792680356238]
2022-03-26 19:31:56.666 | INFO     | tools.trainer:train_loop:89 - Epoch: [22/ 100] | Train loss: [0.20322315163082547]
2022-03-26 19:35:53.251 | INFO     | tools.trainer:train_loop:89 - Epoch: [23/ 100] | Train loss: [0.21910888966586856]
2022-03-26 19:39:49.291 | INFO     | tools.trainer:train_loop:89 - Epoch: [24/ 100] | Train loss: [0.21881480299764208]
2022-03-26 19:43:46.112 | INFO     | tools.trainer:train_loop:89 - Epoch: [25/ 100] | Train loss: [0.19422334929307303]
2022-03-26 19:47:42.846 | INFO     | tools.trainer:train_loop:89 - Epoch: [26/ 100] | Train loss: [0.18542291786935594]
2022-03-26 19:51:39.599 | INFO     | tools.trainer:train_loop:89 - Epoch: [27/ 100] | Train loss: [0.18305850136611196]
2022-03-26 19:55:36.182 | INFO     | tools.trainer:train_loop:89 - Epoch: [28/ 100] | Train loss: [0.20114149120118882]
2022-03-26 19:59:33.052 | INFO     | tools.trainer:train_loop:89 - Epoch: [29/ 100] | Train loss: [0.18337470889091492]
2022-03-26 20:03:29.802 | INFO     | tools.trainer:train_loop:89 - Epoch: [30/ 100] | Train loss: [0.19087702855467797]
2022-03-26 20:07:26.215 | INFO     | tools.trainer:train_loop:89 - Epoch: [31/ 100] | Train loss: [0.18133228719234468]
2022-03-26 20:11:22.751 | INFO     | tools.trainer:train_loop:89 - Epoch: [32/ 100] | Train loss: [0.21438377681705686]
2022-03-26 20:15:18.819 | INFO     | tools.trainer:train_loop:89 - Epoch: [33/ 100] | Train loss: [0.19481696138779322]
2022-03-26 20:19:15.211 | INFO     | tools.trainer:train_loop:89 - Epoch: [34/ 100] | Train loss: [0.1975003765689002]
2022-03-26 20:23:11.280 | INFO     | tools.trainer:train_loop:89 - Epoch: [35/ 100] | Train loss: [0.18489527660939428]
2022-03-26 20:27:07.341 | INFO     | tools.trainer:train_loop:89 - Epoch: [36/ 100] | Train loss: [0.17746464510758717]
2022-03-26 20:31:03.516 | INFO     | tools.trainer:train_loop:89 - Epoch: [37/ 100] | Train loss: [0.17557203877303335]
2022-03-26 20:34:59.821 | INFO     | tools.trainer:train_loop:89 - Epoch: [38/ 100] | Train loss: [0.17248488598399692]
2022-03-26 20:38:56.179 | INFO     | tools.trainer:train_loop:89 - Epoch: [39/ 100] | Train loss: [0.15941164526674484]
2022-03-26 20:42:52.036 | INFO     | tools.trainer:train_loop:89 - Epoch: [40/ 100] | Train loss: [0.17344729602336884]
2022-03-26 20:46:48.137 | INFO     | tools.trainer:train_loop:89 - Epoch: [41/ 100] | Train loss: [0.16179362071885003]
2022-03-26 20:50:44.536 | INFO     | tools.trainer:train_loop:89 - Epoch: [42/ 100] | Train loss: [0.16258906978699897]
2022-03-26 20:54:40.440 | INFO     | tools.trainer:train_loop:89 - Epoch: [43/ 100] | Train loss: [0.15748848790923756]
2022-03-26 20:58:36.668 | INFO     | tools.trainer:train_loop:89 - Epoch: [44/ 100] | Train loss: [0.15313911156521903]
2022-03-26 21:02:32.987 | INFO     | tools.trainer:train_loop:89 - Epoch: [45/ 100] | Train loss: [0.1661858383980062]
2022-03-26 21:06:29.431 | INFO     | tools.trainer:train_loop:89 - Epoch: [46/ 100] | Train loss: [0.16556512241562207]
2022-03-26 21:10:25.448 | INFO     | tools.trainer:train_loop:89 - Epoch: [47/ 100] | Train loss: [0.15481198893653023]
2022-03-26 21:14:21.365 | INFO     | tools.trainer:train_loop:89 - Epoch: [48/ 100] | Train loss: [0.16451809671190049]
2022-03-26 21:18:17.644 | INFO     | tools.trainer:train_loop:89 - Epoch: [49/ 100] | Train loss: [0.1523751443458928]
2022-03-26 21:22:13.513 | INFO     | tools.trainer:train_loop:89 - Epoch: [50/ 100] | Train loss: [0.15113115310668945]
2022-03-26 21:26:09.526 | INFO     | tools.trainer:train_loop:89 - Epoch: [51/ 100] | Train loss: [0.14948858635293114]
2022-03-26 21:30:05.417 | INFO     | tools.trainer:train_loop:89 - Epoch: [52/ 100] | Train loss: [0.16111116872893438]
2022-03-26 21:34:01.411 | INFO     | tools.trainer:train_loop:89 - Epoch: [53/ 100] | Train loss: [0.1462363158663114]
2022-03-26 21:37:57.678 | INFO     | tools.trainer:train_loop:89 - Epoch: [54/ 100] | Train loss: [0.14038555928402477]
2022-03-26 21:41:53.531 | INFO     | tools.trainer:train_loop:89 - Epoch: [55/ 100] | Train loss: [0.14222543181644545]
2022-03-26 21:45:49.186 | INFO     | tools.trainer:train_loop:89 - Epoch: [56/ 100] | Train loss: [0.13960473686456681]
2022-03-26 21:49:45.318 | INFO     | tools.trainer:train_loop:89 - Epoch: [57/ 100] | Train loss: [0.14224152887860933]
2022-03-26 21:53:41.415 | INFO     | tools.trainer:train_loop:89 - Epoch: [58/ 100] | Train loss: [0.1468493777844641]
2022-03-26 21:57:37.420 | INFO     | tools.trainer:train_loop:89 - Epoch: [59/ 100] | Train loss: [0.13171387414137523]
2022-03-26 22:01:33.266 | INFO     | tools.trainer:train_loop:89 - Epoch: [60/ 100] | Train loss: [0.13284974760479398]
2022-03-26 22:01:33.464 | INFO     | tools.trainer:train_loop:104 - [Saving Snapshot:]/mnt/data/hungpv/polyps/checkpoint/KCECE/pvtv2-uperhead_v7/PVTv2-B3-UPerHead_60.pth
2022-03-26 22:05:29.114 | INFO     | tools.trainer:train_loop:89 - Epoch: [61/ 100] | Train loss: [0.14256783864564365]
2022-03-26 22:09:24.778 | INFO     | tools.trainer:train_loop:89 - Epoch: [62/ 100] | Train loss: [0.15612577009532186]
2022-03-26 22:13:20.526 | INFO     | tools.trainer:train_loop:89 - Epoch: [63/ 100] | Train loss: [0.13800154278675716]
2022-03-26 22:17:16.099 | INFO     | tools.trainer:train_loop:89 - Epoch: [64/ 100] | Train loss: [0.1346077151596546]
2022-03-26 22:21:11.678 | INFO     | tools.trainer:train_loop:89 - Epoch: [65/ 100] | Train loss: [0.12891379156046442]
2022-03-26 22:25:07.551 | INFO     | tools.trainer:train_loop:89 - Epoch: [66/ 100] | Train loss: [0.14620891652173465]
2022-03-26 22:29:03.244 | INFO     | tools.trainer:train_loop:89 - Epoch: [67/ 100] | Train loss: [0.13038183922568958]
2022-03-26 22:32:58.810 | INFO     | tools.trainer:train_loop:89 - Epoch: [68/ 100] | Train loss: [0.13189679218663108]
2022-03-26 22:36:54.669 | INFO     | tools.trainer:train_loop:89 - Epoch: [69/ 100] | Train loss: [0.13909275788399908]
2022-03-26 22:40:50.268 | INFO     | tools.trainer:train_loop:89 - Epoch: [70/ 100] | Train loss: [0.12712909513049656]
2022-03-26 22:44:46.393 | INFO     | tools.trainer:train_loop:89 - Epoch: [71/ 100] | Train loss: [0.13547146254115636]
2022-03-26 22:48:41.940 | INFO     | tools.trainer:train_loop:89 - Epoch: [72/ 100] | Train loss: [0.12086641871266895]
2022-03-26 22:52:37.406 | INFO     | tools.trainer:train_loop:89 - Epoch: [73/ 100] | Train loss: [0.1192603149347835]
2022-03-26 22:56:32.927 | INFO     | tools.trainer:train_loop:89 - Epoch: [74/ 100] | Train loss: [0.11767265995343526]
2022-03-26 23:00:28.561 | INFO     | tools.trainer:train_loop:89 - Epoch: [75/ 100] | Train loss: [0.11879386231303216]
2022-03-26 23:04:24.166 | INFO     | tools.trainer:train_loop:89 - Epoch: [76/ 100] | Train loss: [0.11714439830846257]
2022-03-26 23:08:19.863 | INFO     | tools.trainer:train_loop:89 - Epoch: [77/ 100] | Train loss: [0.12102225762274531]
2022-03-26 23:12:15.349 | INFO     | tools.trainer:train_loop:89 - Epoch: [78/ 100] | Train loss: [0.1137484592696031]
2022-03-26 23:16:11.322 | INFO     | tools.trainer:train_loop:89 - Epoch: [79/ 100] | Train loss: [0.11279092133045196]
2022-03-26 23:20:06.933 | INFO     | tools.trainer:train_loop:89 - Epoch: [80/ 100] | Train loss: [0.1323108566304048]
2022-03-26 23:20:07.130 | INFO     | tools.trainer:train_loop:104 - [Saving Snapshot:]/mnt/data/hungpv/polyps/checkpoint/KCECE/pvtv2-uperhead_v7/PVTv2-B3-UPerHead_80.pth
2022-03-26 23:24:03.012 | INFO     | tools.trainer:train_loop:89 - Epoch: [81/ 100] | Train loss: [0.11436318879326185]
2022-03-26 23:27:58.808 | INFO     | tools.trainer:train_loop:89 - Epoch: [82/ 100] | Train loss: [0.11376271107130581]
2022-03-26 23:31:54.973 | INFO     | tools.trainer:train_loop:89 - Epoch: [83/ 100] | Train loss: [0.10991654735472467]
2022-03-26 23:35:51.201 | INFO     | tools.trainer:train_loop:89 - Epoch: [84/ 100] | Train loss: [0.11084030378195975]
2022-03-26 23:39:46.750 | INFO     | tools.trainer:train_loop:89 - Epoch: [85/ 100] | Train loss: [0.11380355498856969]
2022-03-26 23:43:42.488 | INFO     | tools.trainer:train_loop:89 - Epoch: [86/ 100] | Train loss: [0.11142104491591454]
2022-03-26 23:47:38.676 | INFO     | tools.trainer:train_loop:89 - Epoch: [87/ 100] | Train loss: [0.11506382409069273]
2022-03-26 23:51:34.204 | INFO     | tools.trainer:train_loop:89 - Epoch: [88/ 100] | Train loss: [0.11319537477360832]
2022-03-26 23:55:29.890 | INFO     | tools.trainer:train_loop:89 - Epoch: [89/ 100] | Train loss: [0.10714801127711931]
2022-03-26 23:59:25.620 | INFO     | tools.trainer:train_loop:89 - Epoch: [90/ 100] | Train loss: [0.13048179555270406]
2022-03-26 23:59:25.818 | INFO     | tools.trainer:train_loop:104 - [Saving Snapshot:]/mnt/data/hungpv/polyps/checkpoint/KCECE/pvtv2-uperhead_v7/PVTv2-B3-UPerHead_90.pth
2022-03-27 00:03:21.563 | INFO     | tools.trainer:train_loop:89 - Epoch: [91/ 100] | Train loss: [0.10275945257809427]
2022-03-27 00:07:17.417 | INFO     | tools.trainer:train_loop:89 - Epoch: [92/ 100] | Train loss: [0.1131702629228433]
2022-03-27 00:11:13.300 | INFO     | tools.trainer:train_loop:89 - Epoch: [93/ 100] | Train loss: [0.10996943397654427]
2022-03-27 00:15:09.073 | INFO     | tools.trainer:train_loop:89 - Epoch: [94/ 100] | Train loss: [0.10668364059593942]
2022-03-27 00:19:04.721 | INFO     | tools.trainer:train_loop:89 - Epoch: [95/ 100] | Train loss: [0.10730325662427478]
2022-03-27 00:23:00.514 | INFO     | tools.trainer:train_loop:89 - Epoch: [96/ 100] | Train loss: [0.10859158949719536]
2022-03-27 00:26:56.184 | INFO     | tools.trainer:train_loop:89 - Epoch: [97/ 100] | Train loss: [0.10985030606389046]
2022-03-27 00:30:51.716 | INFO     | tools.trainer:train_loop:89 - Epoch: [98/ 100] | Train loss: [0.10968561131093237]
2022-03-27 00:34:47.002 | INFO     | tools.trainer:train_loop:89 - Epoch: [99/ 100] | Train loss: [0.10691052890486187]
2022-03-27 00:34:47.203 | INFO     | tools.trainer:train_loop:104 - [Saving Snapshot:]/mnt/data/hungpv/polyps/checkpoint/KCECE/pvtv2-uperhead_v7/PVTv2-B3-UPerHead_99.pth
2022-03-27 00:38:41.936 | INFO     | tools.trainer:train_loop:89 - Epoch: [100/ 100] | Train loss: [0.10839091622167163]
2022-03-27 00:38:42.131 | INFO     | tools.trainer:train_loop:104 - [Saving Snapshot:]/mnt/data/hungpv/polyps/checkpoint/KCECE/pvtv2-uperhead_v7/PVTv2-B3-UPerHead_100.pth
2022-03-27 00:38:42.132 | INFO     | tools.trainer:train_loop:110 - Training cost: 23606.483610478987seconds
