2022-03-28 20:28:49.341 | INFO     | __main__:main:45 - Load config from configs/pvtv2-uperhead.yaml
2022-03-28 20:28:49.341 | INFO     | __main__:main:46 - {'dataset': {'data_path': '/home/admin_mcn/hungpv/polyps/dataset/KCECE', 'train_data_path': ['/home/admin_mcn/hungpv/polyps/dataset/KCECE/TrainDataset'], 'test_data_path': ['/home/admin_mcn/hungpv/polyps/dataset/KCECE/TestDataset/Kvasir'], 'val_data_path': ['/home/admin_mcn/hungpv/polyps/dataset/KCECE/TestDataset/CVC-300']}, 'model': {'num_classes': 1, 'save_dir': '/mnt/data/hungpv/polyps/checkpoint/KCECE/pvtv2-uperhead_v8', 'backbone': 'PVTv2-B3', 'head': 'UPerHead', 'pretrained': '/mnt/data/hungpv/polyps/pretrained-backbone/pvt_v2_b3.pth'}, 'optimizer': {'name': 'adam', 'lr': 0.0001, 'clip': 0.5, 'scheduler': 'cosine_warmup', 'loss': 'structure_loss'}, 'dev': 'cuda', 'train': {'start_from': 0, 'save_from': 78, 'num_epochs': 80, 'num_warmup_epoch': 10, 'is_val': False, 'size_rates': [0.75, 1, 1.25], 'dataloader': {'batchsize': 16, 'img_size': 352, 'shuffle': True, 'num_workers': 2, 'pin_memory': True, 'drop_last': True}, 'amp': False, 'ddp': False, 'augment': {'prob': 1, 'Flip_prob': 0.7, 'HueSaturationValue_prob': 0.7, 'RandomBrightnessContrast_prob': 0.5, 'crop_prob': 0.0, 'randomrotate90_prob': 0.7}}, 'test': {'dev': 'cuda', 'visualize': False, 'visualize_dir': '/mnt/data/hungpv/polyps/visualize', 'vis_x': 180, 'vis_overwrite': False, 'checkpoint_dir': '/mnt/data/hungpv/polyps/checkpoint/KCECE/pvtv2-uperhead_v8/PVTv2-B3-UPerHead_80.pth', 'dataloader': {'batchsize': 1, 'img_size': 352, 'shuffle': True, 'num_workers': 2, 'pin_memory': True, 'drop_last': True}, 'augment': {'prob': 1, 'Flip_prob': 0, 'HueSaturationValue_prob': 0, 'RandomBrightnessContrast_prob': 0, 'crop_prob': 0, 'randomrotate90_prob': 0, 'elastictransform_prob': 0, 'gridistortion_prob': 0, 'opticaldistortion_prob': 0, 'verticalflip_prob': 0, 'horizontalflip_prob': 0, 'randomgamma_prob': 0, 'CoarseDropout_prob': 0, 'RGBShift_prob': 0, 'MotionBlur_prob': 0, 'MedianBlur_prob': 0, 'GaussianBlur_prob': 0, 'GaussNoise_prob': 0, 'ChannelShuffle_prob': 0}}}
2022-03-28 20:28:49.341 | INFO     | __main__:main:47 - Getting datapath
2022-03-28 20:28:49.347 | INFO     | __main__:main:61 - There are 1450 images to train
2022-03-28 20:28:49.347 | INFO     | __main__:main:80 - Train model with no valid dataset
2022-03-28 20:28:49.347 | INFO     | __main__:main:82 - Loading data
2022-03-28 20:28:49.436 | INFO     | __main__:main:96 - 90 batches to train
2022-03-28 20:28:49.440 | INFO     | __main__:main:109 - Loading model
2022-03-28 20:28:49.441 | INFO     | __main__:main:126 - Loading checkpoint from /mnt/data/hungpv/polyps/pretrained-backbone/pvt_v2_b3.pth ...
2022-03-28 20:28:52.064 | INFO     | __main__:main:164 - Training with FP32 ...
2022-03-28 20:32:48.391 | INFO     | tools.trainer:train_loop:89 - Epoch: [1/ 80] | Train loss: [2.930231088399887]
2022-03-28 20:36:42.735 | INFO     | tools.trainer:train_loop:89 - Epoch: [2/ 80] | Train loss: [0.8343110369311438]
2022-03-28 20:40:37.190 | INFO     | tools.trainer:train_loop:89 - Epoch: [3/ 80] | Train loss: [0.630514066418012]
2022-03-28 20:40:37.395 | INFO     | tools.trainer:train_loop:104 - [Saving Snapshot:]/mnt/data/hungpv/polyps/checkpoint/KCECE/pvtv2-uperhead_v8/PVTv2-B3-UPerHead_3.pth
2022-03-28 20:44:31.827 | INFO     | tools.trainer:train_loop:89 - Epoch: [4/ 80] | Train loss: [0.47509294748306274]
2022-03-28 20:48:27.250 | INFO     | tools.trainer:train_loop:89 - Epoch: [5/ 80] | Train loss: [0.4074895371993383]
2022-03-28 20:52:22.804 | INFO     | tools.trainer:train_loop:89 - Epoch: [6/ 80] | Train loss: [0.34229358037312824]
2022-03-28 20:56:18.287 | INFO     | tools.trainer:train_loop:89 - Epoch: [7/ 80] | Train loss: [0.30615449796120325]
2022-03-28 21:00:13.652 | INFO     | tools.trainer:train_loop:89 - Epoch: [8/ 80] | Train loss: [0.2754918091826969]
2022-03-28 21:04:08.846 | INFO     | tools.trainer:train_loop:89 - Epoch: [9/ 80] | Train loss: [0.24689935859706666]
2022-03-28 21:08:04.057 | INFO     | tools.trainer:train_loop:89 - Epoch: [10/ 80] | Train loss: [0.23276502937078475]
2022-03-28 21:11:59.198 | INFO     | tools.trainer:train_loop:89 - Epoch: [11/ 80] | Train loss: [0.23919833103815716]
2022-03-28 21:15:54.667 | INFO     | tools.trainer:train_loop:89 - Epoch: [12/ 80] | Train loss: [0.20532184226645364]
2022-03-28 21:19:50.154 | INFO     | tools.trainer:train_loop:89 - Epoch: [13/ 80] | Train loss: [0.2051110789179802]
2022-03-28 21:23:45.971 | INFO     | tools.trainer:train_loop:89 - Epoch: [14/ 80] | Train loss: [0.1951102075477441]
2022-03-28 21:27:41.599 | INFO     | tools.trainer:train_loop:89 - Epoch: [15/ 80] | Train loss: [0.18460582296053568]
2022-03-28 21:31:36.738 | INFO     | tools.trainer:train_loop:89 - Epoch: [16/ 80] | Train loss: [0.17714065437515578]
2022-03-28 21:35:32.082 | INFO     | tools.trainer:train_loop:89 - Epoch: [17/ 80] | Train loss: [0.18298277697629398]
2022-03-28 21:39:27.517 | INFO     | tools.trainer:train_loop:89 - Epoch: [18/ 80] | Train loss: [0.17584055273069277]
2022-03-28 21:43:23.370 | INFO     | tools.trainer:train_loop:89 - Epoch: [19/ 80] | Train loss: [0.16474970885448986]
2022-03-28 21:47:19.325 | INFO     | tools.trainer:train_loop:89 - Epoch: [20/ 80] | Train loss: [0.161733551737335]
2022-03-28 21:51:15.183 | INFO     | tools.trainer:train_loop:89 - Epoch: [21/ 80] | Train loss: [0.15124410912394523]
2022-03-28 21:55:11.401 | INFO     | tools.trainer:train_loop:89 - Epoch: [22/ 80] | Train loss: [0.14581628971629673]
2022-03-28 21:59:07.635 | INFO     | tools.trainer:train_loop:89 - Epoch: [23/ 80] | Train loss: [0.15128441345360544]
2022-03-28 22:03:03.496 | INFO     | tools.trainer:train_loop:89 - Epoch: [24/ 80] | Train loss: [0.15006600121657054]
2022-03-28 22:06:59.080 | INFO     | tools.trainer:train_loop:89 - Epoch: [25/ 80] | Train loss: [0.14930728988515007]
2022-03-28 22:10:54.729 | INFO     | tools.trainer:train_loop:89 - Epoch: [26/ 80] | Train loss: [0.14907382155458132]
2022-03-28 22:14:50.600 | INFO     | tools.trainer:train_loop:89 - Epoch: [27/ 80] | Train loss: [0.13980378649300998]
2022-03-28 22:18:46.437 | INFO     | tools.trainer:train_loop:89 - Epoch: [28/ 80] | Train loss: [0.13515135331286324]
2022-03-28 22:22:42.137 | INFO     | tools.trainer:train_loop:89 - Epoch: [29/ 80] | Train loss: [0.12809552310241593]
2022-03-28 22:26:37.761 | INFO     | tools.trainer:train_loop:89 - Epoch: [30/ 80] | Train loss: [0.14156085443165567]
2022-03-28 22:30:33.670 | INFO     | tools.trainer:train_loop:89 - Epoch: [31/ 80] | Train loss: [0.16301871745122803]
2022-03-28 22:34:30.019 | INFO     | tools.trainer:train_loop:89 - Epoch: [32/ 80] | Train loss: [0.1303997481862704]
2022-03-28 22:38:26.207 | INFO     | tools.trainer:train_loop:89 - Epoch: [33/ 80] | Train loss: [0.1253660821252399]
2022-03-28 22:42:22.174 | INFO     | tools.trainer:train_loop:89 - Epoch: [34/ 80] | Train loss: [0.125352234310574]
2022-03-28 22:46:18.074 | INFO     | tools.trainer:train_loop:89 - Epoch: [35/ 80] | Train loss: [0.12770638200971815]
2022-03-28 22:50:14.243 | INFO     | tools.trainer:train_loop:89 - Epoch: [36/ 80] | Train loss: [0.11753322631120681]
2022-03-28 22:54:09.445 | INFO     | tools.trainer:train_loop:89 - Epoch: [37/ 80] | Train loss: [0.11536777135398653]
2022-03-28 22:58:05.220 | INFO     | tools.trainer:train_loop:89 - Epoch: [38/ 80] | Train loss: [0.11226375069883135]
2022-03-28 23:02:00.903 | INFO     | tools.trainer:train_loop:89 - Epoch: [39/ 80] | Train loss: [0.10913905675212542]
2022-03-28 23:05:56.621 | INFO     | tools.trainer:train_loop:89 - Epoch: [40/ 80] | Train loss: [0.10717415884137153]
2022-03-28 23:09:52.049 | INFO     | tools.trainer:train_loop:89 - Epoch: [41/ 80] | Train loss: [0.10785857687393824]
2022-03-28 23:13:47.894 | INFO     | tools.trainer:train_loop:89 - Epoch: [42/ 80] | Train loss: [0.1059666389392482]
2022-03-28 23:17:43.593 | INFO     | tools.trainer:train_loop:89 - Epoch: [43/ 80] | Train loss: [0.10376874986622069]
2022-03-28 23:21:39.396 | INFO     | tools.trainer:train_loop:89 - Epoch: [44/ 80] | Train loss: [0.10267290820678075]
2022-03-28 23:25:35.289 | INFO     | tools.trainer:train_loop:89 - Epoch: [45/ 80] | Train loss: [0.10099876481625769]
2022-03-28 23:29:30.930 | INFO     | tools.trainer:train_loop:89 - Epoch: [46/ 80] | Train loss: [0.10733704153034422]
2022-03-28 23:33:27.029 | INFO     | tools.trainer:train_loop:89 - Epoch: [47/ 80] | Train loss: [0.10363238718774584]
2022-03-28 23:37:22.984 | INFO     | tools.trainer:train_loop:89 - Epoch: [48/ 80] | Train loss: [0.09952111219366391]
2022-03-28 23:41:18.523 | INFO     | tools.trainer:train_loop:89 - Epoch: [49/ 80] | Train loss: [0.1003193552295367]
2022-03-28 23:45:14.388 | INFO     | tools.trainer:train_loop:89 - Epoch: [50/ 80] | Train loss: [0.09570412892434332]
2022-03-28 23:49:10.122 | INFO     | tools.trainer:train_loop:89 - Epoch: [51/ 80] | Train loss: [0.09253538317150539]
2022-03-28 23:53:05.692 | INFO     | tools.trainer:train_loop:89 - Epoch: [52/ 80] | Train loss: [0.09236171998911434]
2022-03-28 23:57:01.427 | INFO     | tools.trainer:train_loop:89 - Epoch: [53/ 80] | Train loss: [0.09113245117995473]
2022-03-29 00:00:56.752 | INFO     | tools.trainer:train_loop:89 - Epoch: [54/ 80] | Train loss: [0.08990184606777298]
2022-03-29 00:04:52.581 | INFO     | tools.trainer:train_loop:89 - Epoch: [55/ 80] | Train loss: [0.09296344204081429]
2022-03-29 00:08:48.112 | INFO     | tools.trainer:train_loop:89 - Epoch: [56/ 80] | Train loss: [0.09010081630614068]
2022-03-29 00:12:43.928 | INFO     | tools.trainer:train_loop:89 - Epoch: [57/ 80] | Train loss: [0.08834203787975842]
2022-03-29 00:16:39.443 | INFO     | tools.trainer:train_loop:89 - Epoch: [58/ 80] | Train loss: [0.08661828024519815]
2022-03-29 00:20:34.897 | INFO     | tools.trainer:train_loop:89 - Epoch: [59/ 80] | Train loss: [0.08537685548265775]
2022-03-29 00:24:30.261 | INFO     | tools.trainer:train_loop:89 - Epoch: [60/ 80] | Train loss: [0.08598234810762935]
2022-03-29 00:28:25.982 | INFO     | tools.trainer:train_loop:89 - Epoch: [61/ 80] | Train loss: [0.08515258654952049]
2022-03-29 00:32:21.833 | INFO     | tools.trainer:train_loop:89 - Epoch: [62/ 80] | Train loss: [0.08419311170776685]
2022-03-29 00:36:17.372 | INFO     | tools.trainer:train_loop:89 - Epoch: [63/ 80] | Train loss: [0.08129108804795478]
2022-03-29 00:40:12.829 | INFO     | tools.trainer:train_loop:89 - Epoch: [64/ 80] | Train loss: [0.08065262974964248]
2022-03-29 00:44:08.264 | INFO     | tools.trainer:train_loop:89 - Epoch: [65/ 80] | Train loss: [0.08024084394176802]
2022-03-29 00:48:03.837 | INFO     | tools.trainer:train_loop:89 - Epoch: [66/ 80] | Train loss: [0.07931264357434378]
2022-03-29 00:51:59.750 | INFO     | tools.trainer:train_loop:89 - Epoch: [67/ 80] | Train loss: [0.07780104652047157]
2022-03-29 00:55:55.840 | INFO     | tools.trainer:train_loop:89 - Epoch: [68/ 80] | Train loss: [0.07786988781558143]
2022-03-29 00:59:51.361 | INFO     | tools.trainer:train_loop:89 - Epoch: [69/ 80] | Train loss: [0.07615614326463806]
2022-03-29 01:03:47.351 | INFO     | tools.trainer:train_loop:89 - Epoch: [70/ 80] | Train loss: [0.07568062245845794]
2022-03-29 01:07:43.643 | INFO     | tools.trainer:train_loop:89 - Epoch: [71/ 80] | Train loss: [0.07552645384437508]
2022-03-29 01:11:39.718 | INFO     | tools.trainer:train_loop:89 - Epoch: [72/ 80] | Train loss: [0.0749766276528438]
2022-03-29 01:15:35.386 | INFO     | tools.trainer:train_loop:89 - Epoch: [73/ 80] | Train loss: [0.07396083834270636]
2022-03-29 01:19:31.192 | INFO     | tools.trainer:train_loop:89 - Epoch: [74/ 80] | Train loss: [0.0730554779784547]
2022-03-29 01:23:26.831 | INFO     | tools.trainer:train_loop:89 - Epoch: [75/ 80] | Train loss: [0.07450608495208952]
2022-03-29 01:27:22.927 | INFO     | tools.trainer:train_loop:89 - Epoch: [76/ 80] | Train loss: [0.0725392391698228]
2022-03-29 01:31:19.084 | INFO     | tools.trainer:train_loop:89 - Epoch: [77/ 80] | Train loss: [0.0719671093341377]
2022-03-29 01:35:15.489 | INFO     | tools.trainer:train_loop:89 - Epoch: [78/ 80] | Train loss: [0.07144307183722655]
2022-03-29 01:39:11.566 | INFO     | tools.trainer:train_loop:89 - Epoch: [79/ 80] | Train loss: [0.07141658643053637]
2022-03-29 01:39:11.766 | INFO     | tools.trainer:train_loop:104 - [Saving Snapshot:]/mnt/data/hungpv/polyps/checkpoint/KCECE/pvtv2-uperhead_v8/PVTv2-B3-UPerHead_79.pth
2022-03-29 01:43:07.453 | INFO     | tools.trainer:train_loop:89 - Epoch: [80/ 80] | Train loss: [0.07118713938527638]
2022-03-29 01:43:07.651 | INFO     | tools.trainer:train_loop:104 - [Saving Snapshot:]/mnt/data/hungpv/polyps/checkpoint/KCECE/pvtv2-uperhead_v8/PVTv2-B3-UPerHead_80.pth
2022-03-29 01:43:07.651 | INFO     | tools.trainer:train_loop:110 - Training cost: 18854.59984412405seconds
