2022-06-06 20:23:33.766 | INFO     | __main__:main:47 - Load config from configs/proposed.yaml
2022-06-06 20:23:33.767 | INFO     | __main__:main:48 - {'dataset': {'data_path': '/home/admin_mcn/hungpv/polyps/dataset/KCECE', 'train_data_path': ['/home/admin_mcn/hungpv/polyps/dataset/KCECE/TrainDataset'], 'test_data_path': ['/home/admin_mcn/hungpv/polyps/dataset/KCECE/TestDataset/CVC-300'], 'val_data_path': ['/home/admin_mcn/hungpv/polyps/dataset/KCECE/TestDataset/CVC-300']}, 'model': {'num_classes': 1, 'save_dir': '/mnt/data/hungpv/polyps/checkpoint/KCECE/proposed_v7', 'backbone': 'PVTv2-B4', 'head': 'UPerHead', 'pretrained': '/home/admin_mcn/hungpv/polyps/pretrained-backbone/pvt_v2_b4.pth'}, 'optimizer': {'name': 'adam', 'lr': 0.0001, 'clip': 0.5, 'scheduler': 'cosine_warmup', 'loss': 'structure_ssim_loss'}, 'dev': 'cuda', 'train': {'start_from': 0, 'save_from': 29, 'num_epochs': 30, 'num_warmup_epoch': 6, 'is_val': False, 'size_rates': [0.75, 1, 1.25], 'dataloader': {'batchsize': 12, 'img_size': 352, 'shuffle': True, 'num_workers': 4, 'pin_memory': True, 'drop_last': True}, 'amp': False, 'ddp': False, 'augment': {'prob': 1, 'HueSaturationValue_prob': 0.5, 'RandomBrightnessContrast_prob': 0.5, 'crop_prob': 0.3, 'randomrotate90_prob': 0.5}}, 'test': {'dev': 'cuda', 'visualize': False, 'visualize_dir': '/mnt/data/hungpv/polyps/visualize', 'vis_x': 180, 'vis_overwrite': False, 'checkpoint_dir': '/home/admin_mcn/hungpv/polyps/checkpoints/proposed_v7/PVTv2-B4-UPerHead_30.pth', 'dataloader': {'batchsize': 1, 'img_size': 352, 'shuffle': True, 'num_workers': 2, 'pin_memory': True, 'drop_last': True}, 'augment': {'prob': 1, 'Flip_prob': 0, 'HueSaturationValue_prob': 0, 'RandomBrightnessContrast_prob': 0, 'crop_prob': 0, 'randomrotate90_prob': 0, 'elastictransform_prob': 0, 'gridistortion_prob': 0, 'opticaldistortion_prob': 0, 'verticalflip_prob': 0, 'horizontalflip_prob': 0, 'randomgamma_prob': 0, 'CoarseDropout_prob': 0, 'RGBShift_prob': 0, 'MotionBlur_prob': 0, 'MedianBlur_prob': 0, 'GaussianBlur_prob': 0, 'GaussNoise_prob': 0, 'ChannelShuffle_prob': 0}}}
2022-06-06 20:23:33.767 | INFO     | __main__:main:49 - Getting datapath
2022-06-06 20:23:33.771 | INFO     | __main__:main:63 - There are 1450 images to train
2022-06-06 20:23:33.771 | INFO     | __main__:main:82 - Train model with no valid dataset
2022-06-06 20:23:33.772 | INFO     | __main__:main:84 - Loading data
2022-06-06 20:23:33.835 | INFO     | __main__:main:98 - 120 batches to train
2022-06-06 20:23:33.838 | INFO     | __main__:main:111 - Loading model
2022-06-06 20:23:33.838 | INFO     | __main__:main:132 - Loading checkpoint from /home/admin_mcn/hungpv/polyps/pretrained-backbone/pvt_v2_b4.pth ...
2022-06-06 20:23:36.929 | INFO     | __main__:main:175 - Training with FP32 ...
2022-06-06 20:27:48.307 | INFO     | tools.trainer:train_loop:103 - Epoch: [1/ 30] | Train loss: [1.83310703287522]
2022-06-06 20:31:59.065 | INFO     | tools.trainer:train_loop:103 - Epoch: [2/ 30] | Train loss: [1.0172730376323065]
2022-06-06 20:36:10.418 | INFO     | tools.trainer:train_loop:103 - Epoch: [3/ 30] | Train loss: [0.8236750637491544]
2022-06-06 20:36:10.679 | INFO     | tools.trainer:train_loop:115 - [Saving Snapshot:]/mnt/data/hungpv/polyps/checkpoint/KCECE/proposed_v7/PVTv2-B4-UPerHead_3.pth
2022-06-06 20:40:21.352 | INFO     | tools.trainer:train_loop:103 - Epoch: [4/ 30] | Train loss: [0.6863312756021818]
2022-06-06 20:44:31.831 | INFO     | tools.trainer:train_loop:103 - Epoch: [5/ 30] | Train loss: [0.5884324123462041]
2022-06-06 20:48:42.707 | INFO     | tools.trainer:train_loop:103 - Epoch: [6/ 30] | Train loss: [0.47813497061530746]
2022-06-06 20:52:53.790 | INFO     | tools.trainer:train_loop:103 - Epoch: [7/ 30] | Train loss: [0.4574382538596789]
2022-06-06 20:57:05.064 | INFO     | tools.trainer:train_loop:103 - Epoch: [8/ 30] | Train loss: [0.42851217873394487]
2022-06-06 21:01:16.504 | INFO     | tools.trainer:train_loop:103 - Epoch: [9/ 30] | Train loss: [0.40829432643949987]
2022-06-06 21:05:27.639 | INFO     | tools.trainer:train_loop:103 - Epoch: [10/ 30] | Train loss: [0.3568683199584484]
2022-06-06 21:09:38.883 | INFO     | tools.trainer:train_loop:103 - Epoch: [11/ 30] | Train loss: [0.34308830375472704]
2022-06-06 21:13:50.009 | INFO     | tools.trainer:train_loop:103 - Epoch: [12/ 30] | Train loss: [0.3351835452020168]
2022-06-06 21:18:01.223 | INFO     | tools.trainer:train_loop:103 - Epoch: [13/ 30] | Train loss: [0.35361666791141033]
2022-06-06 21:22:12.692 | INFO     | tools.trainer:train_loop:103 - Epoch: [14/ 30] | Train loss: [0.3404401415338119]
2022-06-06 21:26:23.099 | INFO     | tools.trainer:train_loop:103 - Epoch: [15/ 30] | Train loss: [0.3663578843077024]
2022-06-06 21:30:33.964 | INFO     | tools.trainer:train_loop:103 - Epoch: [16/ 30] | Train loss: [0.31993228731056056]
2022-06-06 21:34:45.403 | INFO     | tools.trainer:train_loop:103 - Epoch: [17/ 30] | Train loss: [0.29661303435762726]
2022-06-06 21:38:56.633 | INFO     | tools.trainer:train_loop:103 - Epoch: [18/ 30] | Train loss: [0.33346970813969773]
2022-06-06 21:43:08.465 | INFO     | tools.trainer:train_loop:103 - Epoch: [19/ 30] | Train loss: [0.2865821565190951]
2022-06-06 21:47:21.187 | INFO     | tools.trainer:train_loop:103 - Epoch: [20/ 30] | Train loss: [0.2531574190904697]
2022-06-06 21:51:33.960 | INFO     | tools.trainer:train_loop:103 - Epoch: [21/ 30] | Train loss: [0.24884686768054962]
2022-06-06 21:55:46.608 | INFO     | tools.trainer:train_loop:103 - Epoch: [22/ 30] | Train loss: [0.24201805492242176]
2022-06-06 21:59:58.851 | INFO     | tools.trainer:train_loop:103 - Epoch: [23/ 30] | Train loss: [0.24861898409823577]
2022-06-06 22:04:11.068 | INFO     | tools.trainer:train_loop:103 - Epoch: [24/ 30] | Train loss: [0.2549876168370247]
2022-06-06 22:08:23.395 | INFO     | tools.trainer:train_loop:103 - Epoch: [25/ 30] | Train loss: [0.23773597050458192]
2022-06-06 22:12:35.975 | INFO     | tools.trainer:train_loop:103 - Epoch: [26/ 30] | Train loss: [0.24292042839030425]
2022-06-06 22:16:48.045 | INFO     | tools.trainer:train_loop:103 - Epoch: [27/ 30] | Train loss: [0.20708311330527068]
2022-06-06 22:21:00.363 | INFO     | tools.trainer:train_loop:103 - Epoch: [28/ 30] | Train loss: [0.20693833610663812]
2022-06-06 22:25:12.348 | INFO     | tools.trainer:train_loop:103 - Epoch: [29/ 30] | Train loss: [0.20714806169271469]
2022-06-06 22:29:23.905 | INFO     | tools.trainer:train_loop:103 - Epoch: [30/ 30] | Train loss: [0.20340034030377865]
2022-06-06 22:29:24.167 | INFO     | tools.trainer:train_loop:115 - [Saving Snapshot:]/mnt/data/hungpv/polyps/checkpoint/KCECE/proposed_v7/PVTv2-B4-UPerHead_30.pth
2022-06-06 22:29:24.168 | INFO     | tools.trainer:train_loop:124 - Training cost: 7546.3053878989995seconds
