2022-07-07 17:11:53.572 | INFO     | __main__:main:45 - Load config from configs/proposed.yaml
2022-07-07 17:11:53.572 | INFO     | __main__:main:46 - {'dataset': {'data_path': '/home/admin_mcn/hungpv/polyps/dataset/KCECE', 'train_data_path': ['/home/admin_mcn/hungpv/polyps/dataset/KCECE/TrainDataset'], 'test_data_path': ['/home/admin_mcn/hungpv/polyps/dataset/KCECE/TestDataset/ETIS-LaribPolypDB'], 'val_data_path': ['/home/admin_mcn/hungpv/polyps/dataset/KCECE/TestDataset/CVC-300']}, 'model': {'num_classes': 1, 'save_dir': '/home/admin_mcn/hungpv/polyps/checkpoints/mit-proposed_v5', 'backbone': 'MiT-B3', 'head': 'UPerHead', 'pretrained': '/home/admin_mcn/hungpv/polyps/pretrained-backbone/mit_b3.pth'}, 'optimizer': {'name': 'adam', 'lr': 0.0001, 'clip': 0.5, 'scheduler': 'cosine_warmup', 'loss': 'structure_loss'}, 'dev': 'cuda', 'train': {'start_from': 0, 'save_from': 79, 'num_epochs': 80, 'num_warmup_epoch': 4, 'is_val': False, 'size_rates': [0.75, 1, 1.25], 'dataloader': {'batchsize': 16, 'img_size': 352, 'shuffle': True, 'num_workers': 4, 'pin_memory': True, 'drop_last': True}, 'amp': False, 'ddp': False, 'augment': {'prob': 1, 'Flip_prob': 0.5, 'HueSaturationValue_prob': 0.5, 'RandomBrightnessContrast_prob': 0.5, 'randomrotate90_prob': 0.5}}, 'test': {'dev': 'cuda', 'visualize': False, 'visualize_dir': '/mnt/data/hungpv/polyps/visualize', 'vis_x': 180, 'vis_overwrite': False, 'checkpoint_dir': '/home/admin_mcn/hungpv/polyps/checkpoints/mit-proposed_v3/MiT-B3-UPerHead_60.pth', 'dataloader': {'batchsize': 1, 'img_size': 352, 'shuffle': True, 'num_workers': 2, 'pin_memory': True, 'drop_last': True}, 'augment': {'prob': 1, 'Flip_prob': 0, 'HueSaturationValue_prob': 0, 'RandomBrightnessContrast_prob': 0, 'crop_prob': 0, 'randomrotate90_prob': 0, 'elastictransform_prob': 0, 'gridistortion_prob': 0, 'opticaldistortion_prob': 0, 'verticalflip_prob': 0, 'horizontalflip_prob': 0, 'randomgamma_prob': 0, 'CoarseDropout_prob': 0, 'RGBShift_prob': 0, 'MotionBlur_prob': 0, 'MedianBlur_prob': 0, 'GaussianBlur_prob': 0, 'GaussNoise_prob': 0, 'ChannelShuffle_prob': 0}}}
2022-07-07 17:11:53.572 | INFO     | __main__:main:47 - Getting datapath
2022-07-07 17:11:53.577 | INFO     | __main__:main:61 - There are 1450 images to train
2022-07-07 17:11:53.577 | INFO     | __main__:main:80 - Train model with no valid dataset
2022-07-07 17:11:53.577 | INFO     | __main__:main:82 - Loading data
2022-07-07 17:11:53.969 | INFO     | __main__:main:96 - 90 batches to train
2022-07-07 17:11:53.985 | INFO     | __main__:main:109 - Loading model
2022-07-07 17:11:53.985 | INFO     | __main__:main:126 - Loading checkpoint from /home/admin_mcn/hungpv/polyps/pretrained-backbone/mit_b3.pth ...
2022-07-07 17:11:58.039 | INFO     | __main__:main:169 - Training with FP32 ...
2022-07-07 17:17:46.001 | INFO     | tools.trainer:train_loop:103 - Epoch: [1/ 80] | Train loss: [1.5496505240599314]
2022-07-07 17:25:20.929 | INFO     | tools.trainer:train_loop:103 - Epoch: [2/ 80] | Train loss: [0.7324043111668692]
2022-07-07 17:32:56.729 | INFO     | tools.trainer:train_loop:103 - Epoch: [3/ 80] | Train loss: [0.532177190317048]
2022-07-07 17:32:56.958 | INFO     | tools.trainer:train_loop:115 - [Saving Snapshot:]/home/admin_mcn/hungpv/polyps/checkpoints/mit-proposed_v5/MiT-B3-UPerHead_3.pth
2022-07-07 17:40:38.046 | INFO     | tools.trainer:train_loop:103 - Epoch: [4/ 80] | Train loss: [0.4001079829202758]
2022-07-07 17:48:17.823 | INFO     | tools.trainer:train_loop:103 - Epoch: [5/ 80] | Train loss: [0.3294834070735507]
2022-07-07 17:55:58.516 | INFO     | tools.trainer:train_loop:103 - Epoch: [6/ 80] | Train loss: [0.2671627167198393]
2022-07-07 18:03:38.586 | INFO     | tools.trainer:train_loop:103 - Epoch: [7/ 80] | Train loss: [0.2430455928047498]
2022-07-07 18:11:21.216 | INFO     | tools.trainer:train_loop:103 - Epoch: [8/ 80] | Train loss: [0.21202112038930257]
2022-07-07 18:19:05.723 | INFO     | tools.trainer:train_loop:103 - Epoch: [9/ 80] | Train loss: [0.196722381727563]
2022-07-07 18:26:46.860 | INFO     | tools.trainer:train_loop:103 - Epoch: [10/ 80] | Train loss: [0.1968568002184232]
2022-07-07 18:34:25.631 | INFO     | tools.trainer:train_loop:103 - Epoch: [11/ 80] | Train loss: [0.1870882536802027]
2022-07-07 18:42:00.676 | INFO     | tools.trainer:train_loop:103 - Epoch: [12/ 80] | Train loss: [0.1734253440466192]
2022-07-07 18:49:39.057 | INFO     | tools.trainer:train_loop:103 - Epoch: [13/ 80] | Train loss: [0.17520629258619413]
2022-07-07 18:57:16.750 | INFO     | tools.trainer:train_loop:103 - Epoch: [14/ 80] | Train loss: [0.15905563425686625]
2022-07-07 19:04:53.060 | INFO     | tools.trainer:train_loop:103 - Epoch: [15/ 80] | Train loss: [0.15368076314528784]
2022-07-07 19:12:30.859 | INFO     | tools.trainer:train_loop:103 - Epoch: [16/ 80] | Train loss: [0.14703261074092652]
2022-07-07 19:20:00.874 | INFO     | tools.trainer:train_loop:103 - Epoch: [17/ 80] | Train loss: [0.16054841371046172]
2022-07-07 19:27:39.606 | INFO     | tools.trainer:train_loop:103 - Epoch: [18/ 80] | Train loss: [0.15326346051361825]
2022-07-07 19:35:21.111 | INFO     | tools.trainer:train_loop:103 - Epoch: [19/ 80] | Train loss: [0.14481673861543337]
2022-07-07 19:43:00.789 | INFO     | tools.trainer:train_loop:103 - Epoch: [20/ 80] | Train loss: [0.13804651912715699]
2022-07-07 19:50:40.919 | INFO     | tools.trainer:train_loop:103 - Epoch: [21/ 80] | Train loss: [0.1465089950296614]
2022-07-07 19:58:16.209 | INFO     | tools.trainer:train_loop:103 - Epoch: [22/ 80] | Train loss: [0.13408657519353762]
2022-07-07 20:05:55.013 | INFO     | tools.trainer:train_loop:103 - Epoch: [23/ 80] | Train loss: [0.12766532376408576]
2022-07-07 20:13:34.090 | INFO     | tools.trainer:train_loop:103 - Epoch: [24/ 80] | Train loss: [0.12322838356097539]
2022-07-07 20:21:11.811 | INFO     | tools.trainer:train_loop:103 - Epoch: [25/ 80] | Train loss: [0.12051842601762877]
2022-07-07 20:28:46.746 | INFO     | tools.trainer:train_loop:103 - Epoch: [26/ 80] | Train loss: [0.12795552810033162]
2022-07-07 20:36:16.511 | INFO     | tools.trainer:train_loop:103 - Epoch: [27/ 80] | Train loss: [0.12128474141160647]
2022-07-07 20:43:52.588 | INFO     | tools.trainer:train_loop:103 - Epoch: [28/ 80] | Train loss: [0.11978369578719139]
2022-07-07 20:51:29.051 | INFO     | tools.trainer:train_loop:103 - Epoch: [29/ 80] | Train loss: [0.11757904423607721]
2022-07-07 20:59:05.874 | INFO     | tools.trainer:train_loop:103 - Epoch: [30/ 80] | Train loss: [0.12982997910843955]
2022-07-07 21:06:40.421 | INFO     | tools.trainer:train_loop:103 - Epoch: [31/ 80] | Train loss: [0.11697445006834137]
2022-07-07 21:14:13.235 | INFO     | tools.trainer:train_loop:103 - Epoch: [32/ 80] | Train loss: [0.11526865685979525]
2022-07-07 21:21:53.292 | INFO     | tools.trainer:train_loop:103 - Epoch: [33/ 80] | Train loss: [0.12356218753589523]
2022-07-07 21:29:31.288 | INFO     | tools.trainer:train_loop:103 - Epoch: [34/ 80] | Train loss: [0.11355181808272997]
2022-07-07 21:37:06.698 | INFO     | tools.trainer:train_loop:103 - Epoch: [35/ 80] | Train loss: [0.10869661056333119]
2022-07-07 21:44:38.408 | INFO     | tools.trainer:train_loop:103 - Epoch: [36/ 80] | Train loss: [0.10509759229090479]
2022-07-07 21:52:13.500 | INFO     | tools.trainer:train_loop:103 - Epoch: [37/ 80] | Train loss: [0.10500083424978786]
2022-07-07 21:59:47.814 | INFO     | tools.trainer:train_loop:103 - Epoch: [38/ 80] | Train loss: [0.11850794702768326]
2022-07-07 22:07:22.979 | INFO     | tools.trainer:train_loop:103 - Epoch: [39/ 80] | Train loss: [0.10582219552662638]
2022-07-07 22:14:57.968 | INFO     | tools.trainer:train_loop:103 - Epoch: [40/ 80] | Train loss: [0.1005873981449339]
2022-07-07 22:22:26.628 | INFO     | tools.trainer:train_loop:103 - Epoch: [41/ 80] | Train loss: [0.09766440962751706]
2022-07-07 22:30:00.530 | INFO     | tools.trainer:train_loop:103 - Epoch: [42/ 80] | Train loss: [0.09609567812747426]
2022-07-07 22:37:40.218 | INFO     | tools.trainer:train_loop:103 - Epoch: [43/ 80] | Train loss: [0.09367875423696306]
2022-07-07 22:45:18.187 | INFO     | tools.trainer:train_loop:103 - Epoch: [44/ 80] | Train loss: [0.09323716933528582]
2022-07-07 22:52:57.196 | INFO     | tools.trainer:train_loop:103 - Epoch: [45/ 80] | Train loss: [0.09106185320350858]
2022-07-07 23:00:27.741 | INFO     | tools.trainer:train_loop:103 - Epoch: [46/ 80] | Train loss: [0.09081362825300958]
2022-07-07 23:08:02.787 | INFO     | tools.trainer:train_loop:103 - Epoch: [47/ 80] | Train loss: [0.09125610639651617]
2022-07-07 23:15:41.225 | INFO     | tools.trainer:train_loop:103 - Epoch: [48/ 80] | Train loss: [0.08838382172915671]
2022-07-07 23:23:18.442 | INFO     | tools.trainer:train_loop:103 - Epoch: [49/ 80] | Train loss: [0.08735718917515543]
2022-07-07 23:30:56.284 | INFO     | tools.trainer:train_loop:103 - Epoch: [50/ 80] | Train loss: [0.0865443763633569]
2022-07-07 23:38:33.293 | INFO     | tools.trainer:train_loop:103 - Epoch: [51/ 80] | Train loss: [0.08611184615227911]
2022-07-07 23:46:12.135 | INFO     | tools.trainer:train_loop:103 - Epoch: [52/ 80] | Train loss: [0.08461829316284922]
2022-07-07 23:53:47.702 | INFO     | tools.trainer:train_loop:103 - Epoch: [53/ 80] | Train loss: [0.08375254968802134]
2022-07-08 00:01:24.864 | INFO     | tools.trainer:train_loop:103 - Epoch: [54/ 80] | Train loss: [0.0820763380991088]
2022-07-08 00:05:35.935 | INFO     | tools.trainer:train_loop:103 - Epoch: [55/ 80] | Train loss: [0.08239671107795503]
2022-07-08 00:08:04.722 | INFO     | tools.trainer:train_loop:103 - Epoch: [56/ 80] | Train loss: [0.08149261863695251]
2022-07-08 00:10:23.302 | INFO     | tools.trainer:train_loop:103 - Epoch: [57/ 80] | Train loss: [0.08028489806585842]
2022-07-08 00:12:36.934 | INFO     | tools.trainer:train_loop:103 - Epoch: [58/ 80] | Train loss: [0.07979245053397285]
2022-07-08 00:14:49.343 | INFO     | tools.trainer:train_loop:103 - Epoch: [59/ 80] | Train loss: [0.07848461005422804]
2022-07-08 00:16:58.190 | INFO     | tools.trainer:train_loop:103 - Epoch: [60/ 80] | Train loss: [0.07735198198093308]
2022-07-08 00:19:04.377 | INFO     | tools.trainer:train_loop:103 - Epoch: [61/ 80] | Train loss: [0.07699548780090279]
2022-07-08 00:21:10.951 | INFO     | tools.trainer:train_loop:103 - Epoch: [62/ 80] | Train loss: [0.0764867678284645]
2022-07-08 00:23:17.072 | INFO     | tools.trainer:train_loop:103 - Epoch: [63/ 80] | Train loss: [0.07453960370686319]
2022-07-08 00:25:25.285 | INFO     | tools.trainer:train_loop:103 - Epoch: [64/ 80] | Train loss: [0.07362711073623764]
2022-07-08 00:27:39.208 | INFO     | tools.trainer:train_loop:103 - Epoch: [65/ 80] | Train loss: [0.07285933469732603]
2022-07-08 00:29:52.281 | INFO     | tools.trainer:train_loop:103 - Epoch: [66/ 80] | Train loss: [0.07295250958866543]
2022-07-08 00:32:02.632 | INFO     | tools.trainer:train_loop:103 - Epoch: [67/ 80] | Train loss: [0.07317701458103126]
2022-07-08 00:34:12.682 | INFO     | tools.trainer:train_loop:103 - Epoch: [68/ 80] | Train loss: [0.0703256549520625]
2022-07-08 00:36:18.311 | INFO     | tools.trainer:train_loop:103 - Epoch: [69/ 80] | Train loss: [0.07028599691887696]
2022-07-08 00:38:24.031 | INFO     | tools.trainer:train_loop:103 - Epoch: [70/ 80] | Train loss: [0.07098615161246724]
2022-07-08 00:40:29.687 | INFO     | tools.trainer:train_loop:103 - Epoch: [71/ 80] | Train loss: [0.07025842169920603]
2022-07-08 00:42:37.333 | INFO     | tools.trainer:train_loop:103 - Epoch: [72/ 80] | Train loss: [0.06994509365823534]
2022-07-08 00:44:48.724 | INFO     | tools.trainer:train_loop:103 - Epoch: [73/ 80] | Train loss: [0.06866654203169875]
2022-07-08 00:47:03.499 | INFO     | tools.trainer:train_loop:103 - Epoch: [74/ 80] | Train loss: [0.06870662031902207]
2022-07-08 00:49:16.838 | INFO     | tools.trainer:train_loop:103 - Epoch: [75/ 80] | Train loss: [0.06897178056339423]
2022-07-08 00:51:28.771 | INFO     | tools.trainer:train_loop:103 - Epoch: [76/ 80] | Train loss: [0.06728887955347697]
2022-07-08 00:53:39.542 | INFO     | tools.trainer:train_loop:103 - Epoch: [77/ 80] | Train loss: [0.06752084642648697]
2022-07-08 00:55:48.316 | INFO     | tools.trainer:train_loop:103 - Epoch: [78/ 80] | Train loss: [0.0667312614619732]
2022-07-08 00:57:54.244 | INFO     | tools.trainer:train_loop:103 - Epoch: [79/ 80] | Train loss: [0.06760572551025285]
2022-07-08 01:00:00.006 | INFO     | tools.trainer:train_loop:103 - Epoch: [80/ 80] | Train loss: [0.06709839254617692]
2022-07-08 01:00:00.197 | INFO     | tools.trainer:train_loop:115 - [Saving Snapshot:]/home/admin_mcn/hungpv/polyps/checkpoints/mit-proposed_v5/MiT-B3-UPerHead_80.pth
2022-07-08 01:00:00.197 | INFO     | tools.trainer:train_loop:124 - Training cost: 28080.359511530987seconds
