2022-06-02 12:09:43.176 | INFO     | __main__:main:47 - Load config from configs/proposed.yaml
2022-06-02 12:09:43.176 | INFO     | __main__:main:48 - {'dataset': {'data_path': '/home/admin_mcn/hungpv/polyps/dataset/KCECE', 'train_data_path': ['/home/admin_mcn/hungpv/polyps/dataset/KCECE/TrainDataset'], 'test_data_path': ['/home/admin_mcn/hungpv/polyps/dataset/KCECE/TestDataset/ETIS-LaribPolypDB'], 'val_data_path': ['/home/admin_mcn/hungpv/polyps/dataset/KCECE/TestDataset/CVC-300']}, 'model': {'num_classes': 1, 'save_dir': '/home/admin_mcn/hungpv/polyps/checkpoints/proposed_v2', 'backbone': 'PVTv2-B3', 'head': 'UPerHead', 'pretrained': '/mnt/data/hungpv/polyps/pretrained-backbone/pvt_v2_b3.pth'}, 'optimizer': {'name': 'adamw', 'lr': 0.0001, 'clip': 0.5, 'scheduler': 'cosine_warmup', 'loss': 'structure_ssim_loss'}, 'dev': 'cuda', 'train': {'start_from': 0, 'save_from': 39, 'num_epochs': 40, 'num_warmup_epoch': 5, 'is_val': False, 'size_rates': [0.75, 1, 1.25], 'dataloader': {'batchsize': 16, 'img_size': 352, 'shuffle': True, 'num_workers': 2, 'pin_memory': True, 'drop_last': True}, 'amp': False, 'ddp': False, 'augment': {'prob': 1, 'Flip_prob': 0.5, 'HueSaturationValue_prob': 0.5, 'RandomBrightnessContrast_prob': 0.5, 'crop_prob': 0.0, 'randomrotate90_prob': 0.5}}, 'test': {'dev': 'cuda', 'visualize': False, 'visualize_dir': '/mnt/data/hungpv/polyps/visualize', 'vis_x': 180, 'vis_overwrite': False, 'checkpoint_dir': '/home/admin_mcn/hungpv/polyps/checkpoints/proposed_v1/PVTv2-B3-UPerHead_40.pth', 'dataloader': {'batchsize': 1, 'img_size': 352, 'shuffle': True, 'num_workers': 2, 'pin_memory': True, 'drop_last': True}, 'augment': {'prob': 1, 'Flip_prob': 0, 'HueSaturationValue_prob': 0, 'RandomBrightnessContrast_prob': 0, 'crop_prob': 0, 'randomrotate90_prob': 0, 'elastictransform_prob': 0, 'gridistortion_prob': 0, 'opticaldistortion_prob': 0, 'verticalflip_prob': 0, 'horizontalflip_prob': 0, 'randomgamma_prob': 0, 'CoarseDropout_prob': 0, 'RGBShift_prob': 0, 'MotionBlur_prob': 0, 'MedianBlur_prob': 0, 'GaussianBlur_prob': 0, 'GaussNoise_prob': 0, 'ChannelShuffle_prob': 0}}}
2022-06-02 12:09:43.176 | INFO     | __main__:main:49 - Getting datapath
2022-06-02 12:09:43.181 | INFO     | __main__:main:63 - There are 1450 images to train
2022-06-02 12:09:43.181 | INFO     | __main__:main:82 - Train model with no valid dataset
2022-06-02 12:09:43.181 | INFO     | __main__:main:84 - Loading data
2022-06-02 12:09:43.246 | INFO     | __main__:main:98 - 90 batches to train
2022-06-02 12:09:43.248 | INFO     | __main__:main:111 - Loading model
2022-06-02 12:09:43.249 | INFO     | __main__:main:132 - Loading checkpoint from /mnt/data/hungpv/polyps/pretrained-backbone/pvt_v2_b3.pth ...
2022-06-02 12:09:46.612 | INFO     | __main__:main:175 - Training with FP32 ...
2022-06-02 12:13:55.205 | INFO     | tools.trainer:train_loop:103 - Epoch: [1/ 40] | Train loss: [2.7787605179680717]
2022-06-02 12:18:16.406 | INFO     | tools.trainer:train_loop:103 - Epoch: [2/ 40] | Train loss: [1.1272751477029588]
2022-06-02 12:22:38.915 | INFO     | tools.trainer:train_loop:103 - Epoch: [3/ 40] | Train loss: [0.9406438615587023]
2022-06-02 12:22:39.125 | INFO     | tools.trainer:train_loop:115 - [Saving Snapshot:]/home/admin_mcn/hungpv/polyps/checkpoints/proposed_v2/PVTv2-B3-UPerHead_3.pth
2022-06-02 12:27:02.624 | INFO     | tools.trainer:train_loop:103 - Epoch: [4/ 40] | Train loss: [0.6796084307961994]
2022-06-02 12:31:32.137 | INFO     | tools.trainer:train_loop:103 - Epoch: [5/ 40] | Train loss: [0.5475575142436557]
2022-06-02 12:35:54.390 | INFO     | tools.trainer:train_loop:103 - Epoch: [6/ 40] | Train loss: [0.4775018244981766]
2022-06-02 12:40:13.221 | INFO     | tools.trainer:train_loop:103 - Epoch: [7/ 40] | Train loss: [0.4569403941432635]
2022-06-02 12:44:38.196 | INFO     | tools.trainer:train_loop:103 - Epoch: [8/ 40] | Train loss: [0.41768334839079113]
2022-06-02 12:48:59.409 | INFO     | tools.trainer:train_loop:103 - Epoch: [9/ 40] | Train loss: [0.3473487608962589]
2022-06-02 12:53:17.788 | INFO     | tools.trainer:train_loop:103 - Epoch: [10/ 40] | Train loss: [0.346170374751091]
2022-06-02 12:57:34.150 | INFO     | tools.trainer:train_loop:103 - Epoch: [11/ 40] | Train loss: [0.31510393768548967]
2022-06-02 13:01:58.241 | INFO     | tools.trainer:train_loop:103 - Epoch: [12/ 40] | Train loss: [0.29552625649505193]
2022-06-02 13:06:25.185 | INFO     | tools.trainer:train_loop:103 - Epoch: [13/ 40] | Train loss: [0.2680377956893709]
2022-06-02 13:10:46.108 | INFO     | tools.trainer:train_loop:103 - Epoch: [14/ 40] | Train loss: [0.25475196209218764]
2022-06-02 13:15:14.209 | INFO     | tools.trainer:train_loop:103 - Epoch: [15/ 40] | Train loss: [0.2491729282670551]
2022-06-02 13:19:38.301 | INFO     | tools.trainer:train_loop:103 - Epoch: [16/ 40] | Train loss: [0.24166584114233652]
2022-06-02 13:24:14.225 | INFO     | tools.trainer:train_loop:103 - Epoch: [17/ 40] | Train loss: [0.22507497039106156]
2022-06-02 13:29:01.897 | INFO     | tools.trainer:train_loop:103 - Epoch: [18/ 40] | Train loss: [0.22211519181728362]
2022-06-02 13:33:36.512 | INFO     | tools.trainer:train_loop:103 - Epoch: [19/ 40] | Train loss: [0.34156943841112986]
2022-06-02 13:38:08.934 | INFO     | tools.trainer:train_loop:103 - Epoch: [20/ 40] | Train loss: [0.2681105461385515]
2022-06-02 13:42:37.209 | INFO     | tools.trainer:train_loop:103 - Epoch: [21/ 40] | Train loss: [0.2358203422692087]
2022-06-02 13:47:03.640 | INFO     | tools.trainer:train_loop:103 - Epoch: [22/ 40] | Train loss: [0.22060735457473332]
2022-06-02 13:51:24.977 | INFO     | tools.trainer:train_loop:103 - Epoch: [23/ 40] | Train loss: [0.2148046119345559]
2022-06-02 13:55:46.931 | INFO     | tools.trainer:train_loop:103 - Epoch: [24/ 40] | Train loss: [0.20130165053738489]
2022-06-02 14:00:07.774 | INFO     | tools.trainer:train_loop:103 - Epoch: [25/ 40] | Train loss: [0.19785733040836123]
2022-06-02 14:04:36.257 | INFO     | tools.trainer:train_loop:103 - Epoch: [26/ 40] | Train loss: [0.1955796190434032]
2022-06-02 14:09:04.621 | INFO     | tools.trainer:train_loop:103 - Epoch: [27/ 40] | Train loss: [0.1851117520696587]
2022-06-02 14:13:28.508 | INFO     | tools.trainer:train_loop:103 - Epoch: [28/ 40] | Train loss: [0.18575852496756448]
2022-06-02 14:17:52.901 | INFO     | tools.trainer:train_loop:103 - Epoch: [29/ 40] | Train loss: [0.18143036282724803]
2022-06-02 14:22:15.091 | INFO     | tools.trainer:train_loop:103 - Epoch: [30/ 40] | Train loss: [0.17584333030713928]
2022-06-02 14:26:41.043 | INFO     | tools.trainer:train_loop:103 - Epoch: [31/ 40] | Train loss: [0.17882124856114387]
2022-06-02 14:31:06.416 | INFO     | tools.trainer:train_loop:103 - Epoch: [32/ 40] | Train loss: [0.16793502370516458]
2022-06-02 14:35:37.037 | INFO     | tools.trainer:train_loop:103 - Epoch: [33/ 40] | Train loss: [0.1643858647180928]
2022-06-02 14:40:18.891 | INFO     | tools.trainer:train_loop:103 - Epoch: [34/ 40] | Train loss: [0.16071781118710834]
2022-06-02 14:44:55.652 | INFO     | tools.trainer:train_loop:103 - Epoch: [35/ 40] | Train loss: [0.158373305035962]
2022-06-02 14:49:16.455 | INFO     | tools.trainer:train_loop:103 - Epoch: [36/ 40] | Train loss: [0.15691597196790907]
2022-06-02 14:53:28.408 | INFO     | tools.trainer:train_loop:103 - Epoch: [37/ 40] | Train loss: [0.15855152764254146]
2022-06-02 14:57:44.212 | INFO     | tools.trainer:train_loop:103 - Epoch: [38/ 40] | Train loss: [0.15354958582255576]
2022-06-02 15:02:04.151 | INFO     | tools.trainer:train_loop:103 - Epoch: [39/ 40] | Train loss: [0.14960400155848927]
2022-06-02 15:06:25.394 | INFO     | tools.trainer:train_loop:103 - Epoch: [40/ 40] | Train loss: [0.14874532628390524]
2022-06-02 15:06:25.599 | INFO     | tools.trainer:train_loop:115 - [Saving Snapshot:]/home/admin_mcn/hungpv/polyps/checkpoints/proposed_v2/PVTv2-B3-UPerHead_40.pth
2022-06-02 15:06:25.600 | INFO     | tools.trainer:train_loop:124 - Training cost: 10597.952327768086seconds
