2022-04-21 17:29:06.328 | INFO     | __main__:main:46 - Load config from configs/proposed.yaml
2022-04-21 17:29:06.328 | INFO     | __main__:main:47 - {'dataset': {'data_path': '/home/admin_mcn/hungpv/polyps/dataset/KCECE', 'train_data_path': ['/home/admin_mcn/hungpv/polyps/dataset/KCECE/TrainDataset'], 'test_data_path': ['/home/admin_mcn/hungpv/polyps/dataset/KCECE/TestDataset/CVC-ClinicDB'], 'val_data_path': ['/home/admin_mcn/hungpv/polyps/dataset/KCECE/TestDataset/CVC-300']}, 'model': {'num_classes': 1, 'save_dir': '/mnt/data/hungpv/polyps/checkpoint/KCECE/proposed_v6', 'backbone': 'PVTv2-B3', 'head': 'UPerHead', 'pretrained': '/mnt/data/hungpv/polyps/pretrained-backbone/pvt_v2_b3.pth'}, 'optimizer': {'name': 'adam', 'lr': 0.0001, 'clip': 0.5, 'scheduler': 'cosine_warmup', 'loss': 'structure_loss'}, 'dev': 'cuda', 'train': {'start_from': 0, 'save_from': 78, 'num_epochs': 80, 'num_warmup_epoch': 10, 'is_val': False, 'size_rates': [0.75, 1, 1.25], 'dataloader': {'batchsize': 16, 'img_size': 352, 'shuffle': True, 'num_workers': 2, 'pin_memory': True, 'drop_last': True}, 'amp': False, 'ddp': False, 'augment': {'prob': 1, 'Flip_prob': 0.7, 'HueSaturationValue_prob': 0.7, 'RandomBrightnessContrast_prob': 0.5, 'crop_prob': 0.0, 'randomrotate90_prob': 0.7}}, 'test': {'dev': 'cuda', 'visualize': False, 'visualize_dir': '/mnt/data/hungpv/polyps/visualize', 'vis_x': 180, 'vis_overwrite': False, 'checkpoint_dir': '/mnt/data/hungpv/polyps/checkpoint/KCECE/proposed_v5/PVTv2-B3-UPerHead_60.pth', 'dataloader': {'batchsize': 1, 'img_size': 352, 'shuffle': True, 'num_workers': 2, 'pin_memory': True, 'drop_last': True}, 'augment': {'prob': 1, 'Flip_prob': 0, 'HueSaturationValue_prob': 0, 'RandomBrightnessContrast_prob': 0, 'crop_prob': 0, 'randomrotate90_prob': 0, 'elastictransform_prob': 0, 'gridistortion_prob': 0, 'opticaldistortion_prob': 0, 'verticalflip_prob': 0, 'horizontalflip_prob': 0, 'randomgamma_prob': 0, 'CoarseDropout_prob': 0, 'RGBShift_prob': 0, 'MotionBlur_prob': 0, 'MedianBlur_prob': 0, 'GaussianBlur_prob': 0, 'GaussNoise_prob': 0, 'ChannelShuffle_prob': 0}}}
2022-04-21 17:29:06.328 | INFO     | __main__:main:48 - Getting datapath
2022-04-21 17:29:06.334 | INFO     | __main__:main:62 - There are 1450 images to train
2022-04-21 17:29:06.334 | INFO     | __main__:main:81 - Train model with no valid dataset
2022-04-21 17:29:06.334 | INFO     | __main__:main:83 - Loading data
2022-04-21 17:29:06.423 | INFO     | __main__:main:97 - 90 batches to train
2022-04-21 17:29:06.427 | INFO     | __main__:main:110 - Loading model
2022-04-21 17:29:06.428 | INFO     | __main__:main:131 - Loading checkpoint from /mnt/data/hungpv/polyps/pretrained-backbone/pvt_v2_b3.pth ...
2022-04-21 17:29:09.181 | INFO     | __main__:main:174 - Training with FP32 ...
2022-04-21 17:32:56.671 | INFO     | tools.trainer:train_loop:102 - Epoch: [1/ 80] | Train loss: [1.8520605941613515]
2022-04-21 17:36:42.451 | INFO     | tools.trainer:train_loop:102 - Epoch: [2/ 80] | Train loss: [0.7885141763422224]
2022-04-21 17:40:27.953 | INFO     | tools.trainer:train_loop:102 - Epoch: [3/ 80] | Train loss: [0.6053302784760793]
2022-04-21 17:40:28.165 | INFO     | tools.trainer:train_loop:117 - [Saving Snapshot:]/mnt/data/hungpv/polyps/checkpoint/KCECE/proposed_v6/PVTv2-B3-UPerHead_3.pth
2022-04-21 17:44:14.662 | INFO     | tools.trainer:train_loop:102 - Epoch: [4/ 80] | Train loss: [0.4881181508302689]
2022-04-21 17:48:00.560 | INFO     | tools.trainer:train_loop:102 - Epoch: [5/ 80] | Train loss: [0.3943818991382917]
2022-04-21 17:51:46.983 | INFO     | tools.trainer:train_loop:102 - Epoch: [6/ 80] | Train loss: [0.34443188988500173]
2022-04-21 17:55:32.663 | INFO     | tools.trainer:train_loop:102 - Epoch: [7/ 80] | Train loss: [0.30797421750095155]
2022-04-21 17:59:18.803 | INFO     | tools.trainer:train_loop:102 - Epoch: [8/ 80] | Train loss: [0.27365283105108473]
2022-04-21 18:03:06.745 | INFO     | tools.trainer:train_loop:102 - Epoch: [9/ 80] | Train loss: [0.25228599194023343]
2022-04-21 18:06:56.938 | INFO     | tools.trainer:train_loop:102 - Epoch: [10/ 80] | Train loss: [0.23932438807355033]
2022-04-21 18:10:44.397 | INFO     | tools.trainer:train_loop:102 - Epoch: [11/ 80] | Train loss: [0.2267302052842246]
2022-04-21 18:14:31.140 | INFO     | tools.trainer:train_loop:102 - Epoch: [12/ 80] | Train loss: [0.21897117131286198]
2022-04-21 18:18:18.157 | INFO     | tools.trainer:train_loop:102 - Epoch: [13/ 80] | Train loss: [0.20186946954992083]
2022-04-21 18:22:05.006 | INFO     | tools.trainer:train_loop:102 - Epoch: [14/ 80] | Train loss: [0.19496129916773902]
2022-04-21 18:25:51.423 | INFO     | tools.trainer:train_loop:102 - Epoch: [15/ 80] | Train loss: [0.1888967913058069]
2022-04-21 18:29:37.479 | INFO     | tools.trainer:train_loop:102 - Epoch: [16/ 80] | Train loss: [0.17865194959772956]
2022-04-21 18:33:24.268 | INFO     | tools.trainer:train_loop:102 - Epoch: [17/ 80] | Train loss: [0.16820165746741825]
2022-04-21 18:37:09.819 | INFO     | tools.trainer:train_loop:102 - Epoch: [18/ 80] | Train loss: [0.1701029709643788]
2022-04-21 18:40:55.478 | INFO     | tools.trainer:train_loop:102 - Epoch: [19/ 80] | Train loss: [0.16317459783620306]
2022-04-21 18:44:41.398 | INFO     | tools.trainer:train_loop:102 - Epoch: [20/ 80] | Train loss: [0.15685133702225154]
2022-04-21 18:48:27.132 | INFO     | tools.trainer:train_loop:102 - Epoch: [21/ 80] | Train loss: [0.16046760554114978]
2022-04-21 18:52:13.598 | INFO     | tools.trainer:train_loop:102 - Epoch: [22/ 80] | Train loss: [0.14568339561422666]
2022-04-21 18:56:00.560 | INFO     | tools.trainer:train_loop:102 - Epoch: [23/ 80] | Train loss: [0.14605112746357918]
2022-04-21 18:59:47.414 | INFO     | tools.trainer:train_loop:102 - Epoch: [24/ 80] | Train loss: [0.14136719852685928]
2022-04-21 19:03:33.984 | INFO     | tools.trainer:train_loop:102 - Epoch: [25/ 80] | Train loss: [0.1481985870334837]
2022-04-21 19:07:20.411 | INFO     | tools.trainer:train_loop:102 - Epoch: [26/ 80] | Train loss: [0.14208435581790077]
2022-04-21 19:11:06.957 | INFO     | tools.trainer:train_loop:102 - Epoch: [27/ 80] | Train loss: [0.13586509691344367]
2022-04-21 19:14:52.894 | INFO     | tools.trainer:train_loop:102 - Epoch: [28/ 80] | Train loss: [0.13801607464750607]
2022-04-21 19:18:38.245 | INFO     | tools.trainer:train_loop:102 - Epoch: [29/ 80] | Train loss: [0.12816492451561823]
2022-04-21 19:22:35.058 | INFO     | tools.trainer:train_loop:102 - Epoch: [30/ 80] | Train loss: [0.12584133802188768]
2022-04-21 19:22:35.262 | INFO     | tools.trainer:train_loop:117 - [Saving Snapshot:]/mnt/data/hungpv/polyps/checkpoint/KCECE/proposed_v6/PVTv2-B3-UPerHead_30.pth
2022-04-21 19:26:36.256 | INFO     | tools.trainer:train_loop:102 - Epoch: [31/ 80] | Train loss: [0.1263847584525744]
2022-04-21 19:30:25.159 | INFO     | tools.trainer:train_loop:102 - Epoch: [32/ 80] | Train loss: [0.126602184606923]
2022-04-21 19:34:24.267 | INFO     | tools.trainer:train_loop:102 - Epoch: [33/ 80] | Train loss: [0.11882442285617192]
2022-04-21 19:38:35.839 | INFO     | tools.trainer:train_loop:102 - Epoch: [34/ 80] | Train loss: [0.12100972135861715]
2022-04-21 19:42:51.885 | INFO     | tools.trainer:train_loop:102 - Epoch: [35/ 80] | Train loss: [0.12135020395119984]
2022-04-21 19:47:09.402 | INFO     | tools.trainer:train_loop:102 - Epoch: [36/ 80] | Train loss: [0.11480839823683103]
2022-04-21 19:51:27.746 | INFO     | tools.trainer:train_loop:102 - Epoch: [37/ 80] | Train loss: [0.11172823947336939]
2022-04-21 19:55:46.165 | INFO     | tools.trainer:train_loop:102 - Epoch: [38/ 80] | Train loss: [0.11811958178877831]
2022-04-21 20:00:03.269 | INFO     | tools.trainer:train_loop:102 - Epoch: [39/ 80] | Train loss: [0.11386886777149306]
2022-04-21 20:04:20.599 | INFO     | tools.trainer:train_loop:102 - Epoch: [40/ 80] | Train loss: [0.10927478952540291]
2022-04-21 20:04:20.806 | INFO     | tools.trainer:train_loop:117 - [Saving Snapshot:]/mnt/data/hungpv/polyps/checkpoint/KCECE/proposed_v6/PVTv2-B3-UPerHead_40.pth
2022-04-21 20:08:41.928 | INFO     | tools.trainer:train_loop:102 - Epoch: [41/ 80] | Train loss: [0.1088593157629172]
2022-04-21 20:13:05.768 | INFO     | tools.trainer:train_loop:102 - Epoch: [42/ 80] | Train loss: [0.10734436561663946]
2022-04-21 20:17:27.842 | INFO     | tools.trainer:train_loop:102 - Epoch: [43/ 80] | Train loss: [0.10494480695989397]
2022-04-21 20:21:49.153 | INFO     | tools.trainer:train_loop:102 - Epoch: [44/ 80] | Train loss: [0.1022647290594048]
2022-04-21 20:26:07.837 | INFO     | tools.trainer:train_loop:102 - Epoch: [45/ 80] | Train loss: [0.100470203657945]
2022-04-21 20:30:27.985 | INFO     | tools.trainer:train_loop:102 - Epoch: [46/ 80] | Train loss: [0.1041734387477239]
2022-04-21 20:34:47.998 | INFO     | tools.trainer:train_loop:102 - Epoch: [47/ 80] | Train loss: [0.10053973338670201]
2022-04-21 20:39:07.585 | INFO     | tools.trainer:train_loop:102 - Epoch: [48/ 80] | Train loss: [0.0975942586031225]
2022-04-21 20:43:29.706 | INFO     | tools.trainer:train_loop:102 - Epoch: [49/ 80] | Train loss: [0.09750587799482875]
2022-04-21 20:47:49.536 | INFO     | tools.trainer:train_loop:102 - Epoch: [50/ 80] | Train loss: [0.09561037239101199]
2022-04-21 20:47:49.742 | INFO     | tools.trainer:train_loop:117 - [Saving Snapshot:]/mnt/data/hungpv/polyps/checkpoint/KCECE/proposed_v6/PVTv2-B3-UPerHead_50.pth
2022-04-21 20:52:09.320 | INFO     | tools.trainer:train_loop:102 - Epoch: [51/ 80] | Train loss: [0.09596062161856228]
2022-04-21 20:56:27.143 | INFO     | tools.trainer:train_loop:102 - Epoch: [52/ 80] | Train loss: [0.0947719693183899]
2022-04-21 21:00:47.563 | INFO     | tools.trainer:train_loop:102 - Epoch: [53/ 80] | Train loss: [0.0906755710641543]
2022-04-21 21:05:07.357 | INFO     | tools.trainer:train_loop:102 - Epoch: [54/ 80] | Train loss: [0.08911755631367366]
2022-04-21 21:09:26.468 | INFO     | tools.trainer:train_loop:102 - Epoch: [55/ 80] | Train loss: [0.08807919050256412]
2022-04-21 21:13:48.129 | INFO     | tools.trainer:train_loop:102 - Epoch: [56/ 80] | Train loss: [0.08760768862234222]
2022-04-21 21:18:13.573 | INFO     | tools.trainer:train_loop:102 - Epoch: [57/ 80] | Train loss: [0.08623059764504433]
2022-04-21 21:22:33.134 | INFO     | tools.trainer:train_loop:102 - Epoch: [58/ 80] | Train loss: [0.08443056833412912]
2022-04-21 21:26:50.916 | INFO     | tools.trainer:train_loop:102 - Epoch: [59/ 80] | Train loss: [0.08383720268805822]
2022-04-21 21:31:09.573 | INFO     | tools.trainer:train_loop:102 - Epoch: [60/ 80] | Train loss: [0.08270855554276042]
2022-04-21 21:31:09.778 | INFO     | tools.trainer:train_loop:117 - [Saving Snapshot:]/mnt/data/hungpv/polyps/checkpoint/KCECE/proposed_v6/PVTv2-B3-UPerHead_60.pth
2022-04-21 21:35:27.903 | INFO     | tools.trainer:train_loop:102 - Epoch: [61/ 80] | Train loss: [0.08285576254129409]
2022-04-21 21:39:44.665 | INFO     | tools.trainer:train_loop:102 - Epoch: [62/ 80] | Train loss: [0.08279664880699582]
2022-04-21 21:44:04.566 | INFO     | tools.trainer:train_loop:102 - Epoch: [63/ 80] | Train loss: [0.08057931943072213]
2022-04-21 21:48:21.707 | INFO     | tools.trainer:train_loop:102 - Epoch: [64/ 80] | Train loss: [0.07898095887568261]
2022-04-21 21:52:40.129 | INFO     | tools.trainer:train_loop:102 - Epoch: [65/ 80] | Train loss: [0.07853696420788765]
2022-04-21 21:56:57.161 | INFO     | tools.trainer:train_loop:102 - Epoch: [66/ 80] | Train loss: [0.0779225723610984]
2022-04-21 22:01:14.624 | INFO     | tools.trainer:train_loop:102 - Epoch: [67/ 80] | Train loss: [0.0773955896910694]
2022-04-21 22:05:31.588 | INFO     | tools.trainer:train_loop:102 - Epoch: [68/ 80] | Train loss: [0.07654592245817185]
2022-04-21 22:09:47.593 | INFO     | tools.trainer:train_loop:102 - Epoch: [69/ 80] | Train loss: [0.07558789985875289]
2022-04-21 22:14:05.948 | INFO     | tools.trainer:train_loop:102 - Epoch: [70/ 80] | Train loss: [0.07501110004054176]
2022-04-21 22:14:06.152 | INFO     | tools.trainer:train_loop:117 - [Saving Snapshot:]/mnt/data/hungpv/polyps/checkpoint/KCECE/proposed_v6/PVTv2-B3-UPerHead_70.pth
2022-04-21 22:18:23.732 | INFO     | tools.trainer:train_loop:102 - Epoch: [71/ 80] | Train loss: [0.07545209204157194]
2022-04-21 22:22:42.179 | INFO     | tools.trainer:train_loop:102 - Epoch: [72/ 80] | Train loss: [0.07347332777248489]
2022-04-21 22:27:00.158 | INFO     | tools.trainer:train_loop:102 - Epoch: [73/ 80] | Train loss: [0.07361525541378391]
2022-04-21 22:31:17.823 | INFO     | tools.trainer:train_loop:102 - Epoch: [74/ 80] | Train loss: [0.07206482713421186]
2022-04-21 22:35:35.635 | INFO     | tools.trainer:train_loop:102 - Epoch: [75/ 80] | Train loss: [0.07164620330764188]
2022-04-21 22:39:52.590 | INFO     | tools.trainer:train_loop:102 - Epoch: [76/ 80] | Train loss: [0.07104422396255863]
2022-04-21 22:44:10.034 | INFO     | tools.trainer:train_loop:102 - Epoch: [77/ 80] | Train loss: [0.07063903932770094]
2022-04-21 22:48:29.166 | INFO     | tools.trainer:train_loop:102 - Epoch: [78/ 80] | Train loss: [0.0700424459659391]
2022-04-21 22:52:47.749 | INFO     | tools.trainer:train_loop:102 - Epoch: [79/ 80] | Train loss: [0.07070063224269284]
2022-04-21 22:52:47.950 | INFO     | tools.trainer:train_loop:117 - [Saving Snapshot:]/mnt/data/hungpv/polyps/checkpoint/KCECE/proposed_v6/PVTv2-B3-UPerHead_79.pth
2022-04-21 22:57:07.151 | INFO     | tools.trainer:train_loop:102 - Epoch: [80/ 80] | Train loss: [0.06991403872768084]
2022-04-21 22:57:07.352 | INFO     | tools.trainer:train_loop:117 - [Saving Snapshot:]/mnt/data/hungpv/polyps/checkpoint/KCECE/proposed_v6/PVTv2-B3-UPerHead_80.pth
2022-04-21 22:57:07.353 | INFO     | tools.trainer:train_loop:123 - Training cost: 19677.26074595598seconds
