2022-04-22 19:00:26.376 | INFO     | __main__:main:46 - Load config from configs/proposed.yaml
2022-04-22 19:00:26.377 | INFO     | __main__:main:47 - {'dataset': {'data_path': '/home/admin_mcn/hungpv/polyps/dataset/KCECE', 'train_data_path': ['/home/admin_mcn/hungpv/polyps/dataset/KCECE/TrainDataset'], 'test_data_path': ['/home/admin_mcn/hungpv/polyps/dataset/KCECE/TestDataset/ETIS-LaribPolypDB'], 'val_data_path': ['/home/admin_mcn/hungpv/polyps/dataset/KCECE/TestDataset/CVC-300']}, 'model': {'num_classes': 1, 'save_dir': '/mnt/data/hungpv/polyps/checkpoint/KCECE/proposed_v1', 'backbone': 'PVTv2-B3', 'head': 'UPerHead', 'pretrained': '/mnt/data/hungpv/polyps/pretrained-backbone/pvt_v2_b3.pth'}, 'optimizer': {'name': 'adam', 'lr': 0.0001, 'clip': 0.5, 'scheduler': 'cosine_warmup', 'loss': 'structure_loss'}, 'dev': 'cuda', 'train': {'start_from': 0, 'save_from': 79, 'num_epochs': 80, 'num_warmup_epoch': 10, 'is_val': False, 'size_rates': [0.75, 1, 1.25], 'dataloader': {'batchsize': 16, 'img_size': 352, 'shuffle': True, 'num_workers': 2, 'pin_memory': True, 'drop_last': True}, 'amp': False, 'ddp': False, 'augment': {'prob': 1, 'Flip_prob': 0.7, 'HueSaturationValue_prob': 0.7, 'RandomBrightnessContrast_prob': 0.5, 'crop_prob': 0.0, 'randomrotate90_prob': 0.7}}, 'test': {'dev': 'cuda', 'visualize': False, 'visualize_dir': '/mnt/data/hungpv/polyps/visualize', 'vis_x': 180, 'vis_overwrite': False, 'checkpoint_dir': '/mnt/data/hungpv/polyps/checkpoint/KCECE/proposed_v1/PVTv2-B3-UPerHead_80.pth', 'dataloader': {'batchsize': 1, 'img_size': 352, 'shuffle': True, 'num_workers': 2, 'pin_memory': True, 'drop_last': True}, 'augment': {'prob': 1, 'Flip_prob': 0, 'HueSaturationValue_prob': 0, 'RandomBrightnessContrast_prob': 0, 'crop_prob': 0, 'randomrotate90_prob': 0, 'elastictransform_prob': 0, 'gridistortion_prob': 0, 'opticaldistortion_prob': 0, 'verticalflip_prob': 0, 'horizontalflip_prob': 0, 'randomgamma_prob': 0, 'CoarseDropout_prob': 0, 'RGBShift_prob': 0, 'MotionBlur_prob': 0, 'MedianBlur_prob': 0, 'GaussianBlur_prob': 0, 'GaussNoise_prob': 0, 'ChannelShuffle_prob': 0}}}
2022-04-22 19:00:26.377 | INFO     | __main__:main:48 - Getting datapath
2022-04-22 19:00:26.383 | INFO     | __main__:main:62 - There are 1450 images to train
2022-04-22 19:00:26.383 | INFO     | __main__:main:81 - Train model with no valid dataset
2022-04-22 19:00:26.383 | INFO     | __main__:main:83 - Loading data
2022-04-22 19:00:26.471 | INFO     | __main__:main:97 - 90 batches to train
2022-04-22 19:00:26.475 | INFO     | __main__:main:110 - Loading model
2022-04-22 19:00:26.476 | INFO     | __main__:main:131 - Loading checkpoint from /mnt/data/hungpv/polyps/pretrained-backbone/pvt_v2_b3.pth ...
2022-04-22 19:00:29.233 | INFO     | __main__:main:174 - Training with FP32 ...
2022-04-22 19:04:17.136 | INFO     | tools.trainer:train_loop:103 - Epoch: [1/ 80] | Train loss: [1.3488430553012425]
2022-04-22 19:08:19.944 | INFO     | tools.trainer:train_loop:103 - Epoch: [2/ 80] | Train loss: [0.7329935255977843]
2022-04-22 19:12:32.263 | INFO     | tools.trainer:train_loop:103 - Epoch: [3/ 80] | Train loss: [0.5545669217904409]
2022-04-22 19:12:32.479 | INFO     | tools.trainer:train_loop:118 - [Saving Snapshot:]/mnt/data/hungpv/polyps/checkpoint/KCECE/proposed_v1/PVTv2-B3-UPerHead_3.pth
2022-04-22 19:16:51.755 | INFO     | tools.trainer:train_loop:103 - Epoch: [4/ 80] | Train loss: [0.4519439263476266]
2022-04-22 19:21:14.055 | INFO     | tools.trainer:train_loop:103 - Epoch: [5/ 80] | Train loss: [0.3638727221224043]
2022-04-22 19:25:37.368 | INFO     | tools.trainer:train_loop:103 - Epoch: [6/ 80] | Train loss: [0.32580822441313]
2022-04-22 19:30:02.366 | INFO     | tools.trainer:train_loop:103 - Epoch: [7/ 80] | Train loss: [0.2886172557870547]
2022-04-22 19:34:30.535 | INFO     | tools.trainer:train_loop:103 - Epoch: [8/ 80] | Train loss: [0.2551473413904508]
2022-04-22 19:38:55.108 | INFO     | tools.trainer:train_loop:103 - Epoch: [9/ 80] | Train loss: [0.24367377559343975]
2022-04-22 19:43:18.138 | INFO     | tools.trainer:train_loop:103 - Epoch: [10/ 80] | Train loss: [0.2272774347000652]
2022-04-22 19:47:42.723 | INFO     | tools.trainer:train_loop:103 - Epoch: [11/ 80] | Train loss: [0.21093967739078734]
2022-04-22 19:52:03.204 | INFO     | tools.trainer:train_loop:103 - Epoch: [12/ 80] | Train loss: [0.20241405384408104]
2022-04-22 19:56:25.793 | INFO     | tools.trainer:train_loop:103 - Epoch: [13/ 80] | Train loss: [0.1894791391160753]
2022-04-22 20:00:48.490 | INFO     | tools.trainer:train_loop:103 - Epoch: [14/ 80] | Train loss: [0.18609336978859373]
2022-04-22 20:05:06.885 | INFO     | tools.trainer:train_loop:103 - Epoch: [15/ 80] | Train loss: [0.17185383348001373]
2022-04-22 20:09:25.281 | INFO     | tools.trainer:train_loop:103 - Epoch: [16/ 80] | Train loss: [0.16714049519764052]
2022-04-22 20:13:43.456 | INFO     | tools.trainer:train_loop:103 - Epoch: [17/ 80] | Train loss: [0.16985998368925517]
2022-04-22 20:18:05.007 | INFO     | tools.trainer:train_loop:103 - Epoch: [18/ 80] | Train loss: [0.15942016161150402]
2022-04-22 20:22:22.050 | INFO     | tools.trainer:train_loop:103 - Epoch: [19/ 80] | Train loss: [0.18479132884078556]
2022-04-22 20:26:39.511 | INFO     | tools.trainer:train_loop:103 - Epoch: [20/ 80] | Train loss: [0.16191865412725343]
2022-04-22 20:30:56.847 | INFO     | tools.trainer:train_loop:103 - Epoch: [21/ 80] | Train loss: [0.15180651222666106]
2022-04-22 20:35:14.705 | INFO     | tools.trainer:train_loop:103 - Epoch: [22/ 80] | Train loss: [0.1429826775358783]
2022-04-22 20:39:33.040 | INFO     | tools.trainer:train_loop:103 - Epoch: [23/ 80] | Train loss: [0.14412078178591198]
2022-04-22 20:43:51.358 | INFO     | tools.trainer:train_loop:103 - Epoch: [24/ 80] | Train loss: [0.14150783146421114]
2022-04-22 20:48:09.736 | INFO     | tools.trainer:train_loop:103 - Epoch: [25/ 80] | Train loss: [0.13569079637527465]
2022-04-22 20:52:27.770 | INFO     | tools.trainer:train_loop:103 - Epoch: [26/ 80] | Train loss: [0.13769527946909269]
2022-04-22 20:56:47.993 | INFO     | tools.trainer:train_loop:103 - Epoch: [27/ 80] | Train loss: [0.13227624578608407]
2022-04-22 21:01:06.585 | INFO     | tools.trainer:train_loop:103 - Epoch: [28/ 80] | Train loss: [0.13042576561371486]
2022-04-22 21:05:24.166 | INFO     | tools.trainer:train_loop:103 - Epoch: [29/ 80] | Train loss: [0.12444888692763116]
2022-04-22 21:09:41.582 | INFO     | tools.trainer:train_loop:103 - Epoch: [30/ 80] | Train loss: [0.12201966850294008]
2022-04-22 21:14:00.478 | INFO     | tools.trainer:train_loop:103 - Epoch: [31/ 80] | Train loss: [0.12396257478329871]
2022-04-22 21:18:18.464 | INFO     | tools.trainer:train_loop:103 - Epoch: [32/ 80] | Train loss: [0.11916706065336863]
2022-04-22 21:22:37.380 | INFO     | tools.trainer:train_loop:103 - Epoch: [33/ 80] | Train loss: [0.12835139019621744]
2022-04-22 21:26:54.964 | INFO     | tools.trainer:train_loop:103 - Epoch: [34/ 80] | Train loss: [0.13286964454584652]
2022-04-22 21:31:13.506 | INFO     | tools.trainer:train_loop:103 - Epoch: [35/ 80] | Train loss: [0.11893197298049926]
2022-04-22 21:35:32.951 | INFO     | tools.trainer:train_loop:103 - Epoch: [36/ 80] | Train loss: [0.11829766879479091]
2022-04-22 21:39:49.533 | INFO     | tools.trainer:train_loop:103 - Epoch: [37/ 80] | Train loss: [0.11368160537547535]
2022-04-22 21:44:08.174 | INFO     | tools.trainer:train_loop:103 - Epoch: [38/ 80] | Train loss: [0.11057106968429353]
2022-04-22 21:48:26.685 | INFO     | tools.trainer:train_loop:103 - Epoch: [39/ 80] | Train loss: [0.11403451570206219]
2022-04-22 21:52:44.312 | INFO     | tools.trainer:train_loop:103 - Epoch: [40/ 80] | Train loss: [0.10936537459492683]
2022-04-22 21:57:02.408 | INFO     | tools.trainer:train_loop:103 - Epoch: [41/ 80] | Train loss: [0.10430067752798398]
2022-04-22 22:01:18.999 | INFO     | tools.trainer:train_loop:103 - Epoch: [42/ 80] | Train loss: [0.10852792825963763]
2022-04-22 22:05:35.495 | INFO     | tools.trainer:train_loop:103 - Epoch: [43/ 80] | Train loss: [0.1043599577413665]
2022-04-22 22:09:53.726 | INFO     | tools.trainer:train_loop:103 - Epoch: [44/ 80] | Train loss: [0.10208248438106643]
2022-04-22 22:14:09.747 | INFO     | tools.trainer:train_loop:103 - Epoch: [45/ 80] | Train loss: [0.1007488334344493]
2022-04-22 22:18:27.454 | INFO     | tools.trainer:train_loop:103 - Epoch: [46/ 80] | Train loss: [0.09739730780323347]
2022-04-22 22:22:46.849 | INFO     | tools.trainer:train_loop:103 - Epoch: [47/ 80] | Train loss: [0.09765134097801315]
2022-04-22 22:27:03.116 | INFO     | tools.trainer:train_loop:103 - Epoch: [48/ 80] | Train loss: [0.09615232232544157]
2022-04-22 22:31:20.721 | INFO     | tools.trainer:train_loop:103 - Epoch: [49/ 80] | Train loss: [0.0925730210211542]
2022-04-22 22:35:38.241 | INFO     | tools.trainer:train_loop:103 - Epoch: [50/ 80] | Train loss: [0.09144955972830454]
2022-04-22 22:39:57.740 | INFO     | tools.trainer:train_loop:103 - Epoch: [51/ 80] | Train loss: [0.0913187244700061]
2022-04-22 22:44:15.165 | INFO     | tools.trainer:train_loop:103 - Epoch: [52/ 80] | Train loss: [0.09012020536594921]
2022-04-22 22:48:33.946 | INFO     | tools.trainer:train_loop:103 - Epoch: [53/ 80] | Train loss: [0.089733617587222]
2022-04-22 22:52:52.952 | INFO     | tools.trainer:train_loop:103 - Epoch: [54/ 80] | Train loss: [0.0880095552239153]
2022-04-22 22:57:08.067 | INFO     | tools.trainer:train_loop:103 - Epoch: [55/ 80] | Train loss: [0.08631378006603983]
2022-04-22 23:01:23.599 | INFO     | tools.trainer:train_loop:103 - Epoch: [56/ 80] | Train loss: [0.08660845011472702]
2022-04-22 23:05:41.110 | INFO     | tools.trainer:train_loop:103 - Epoch: [57/ 80] | Train loss: [0.08431831300258637]
2022-04-22 23:09:59.239 | INFO     | tools.trainer:train_loop:103 - Epoch: [58/ 80] | Train loss: [0.08293100107047292]
2022-04-22 23:14:16.476 | INFO     | tools.trainer:train_loop:103 - Epoch: [59/ 80] | Train loss: [0.0823286932375696]
2022-04-22 23:18:36.320 | INFO     | tools.trainer:train_loop:103 - Epoch: [60/ 80] | Train loss: [0.08205042945014106]
2022-04-22 23:22:55.605 | INFO     | tools.trainer:train_loop:103 - Epoch: [61/ 80] | Train loss: [0.08111677484379874]
2022-04-22 23:27:12.519 | INFO     | tools.trainer:train_loop:103 - Epoch: [62/ 80] | Train loss: [0.08055499353342586]
2022-04-22 23:31:28.306 | INFO     | tools.trainer:train_loop:103 - Epoch: [63/ 80] | Train loss: [0.07895929482248094]
2022-04-22 23:35:47.138 | INFO     | tools.trainer:train_loop:103 - Epoch: [64/ 80] | Train loss: [0.07693352955910894]
2022-04-22 23:40:06.104 | INFO     | tools.trainer:train_loop:103 - Epoch: [65/ 80] | Train loss: [0.07670077217949761]
2022-04-22 23:44:25.408 | INFO     | tools.trainer:train_loop:103 - Epoch: [66/ 80] | Train loss: [0.07578156739473343]
2022-04-22 23:48:42.937 | INFO     | tools.trainer:train_loop:103 - Epoch: [67/ 80] | Train loss: [0.07431437017189133]
2022-04-22 23:52:33.743 | INFO     | tools.trainer:train_loop:103 - Epoch: [68/ 80] | Train loss: [0.07420668693052399]
2022-04-22 23:56:17.179 | INFO     | tools.trainer:train_loop:103 - Epoch: [69/ 80] | Train loss: [0.07403714979688326]
2022-04-22 23:59:59.566 | INFO     | tools.trainer:train_loop:103 - Epoch: [70/ 80] | Train loss: [0.07243475044767061]
2022-04-23 00:03:41.797 | INFO     | tools.trainer:train_loop:103 - Epoch: [71/ 80] | Train loss: [0.07242117751803663]
2022-04-23 00:07:23.882 | INFO     | tools.trainer:train_loop:103 - Epoch: [72/ 80] | Train loss: [0.07206730788780583]
2022-04-23 00:11:06.096 | INFO     | tools.trainer:train_loop:103 - Epoch: [73/ 80] | Train loss: [0.07109065929220783]
2022-04-23 00:14:48.869 | INFO     | tools.trainer:train_loop:103 - Epoch: [74/ 80] | Train loss: [0.07097391829722458]
2022-04-23 00:18:30.737 | INFO     | tools.trainer:train_loop:103 - Epoch: [75/ 80] | Train loss: [0.07062393617298868]
2022-04-23 00:22:12.810 | INFO     | tools.trainer:train_loop:103 - Epoch: [76/ 80] | Train loss: [0.0702767080316941]
2022-04-23 00:25:54.278 | INFO     | tools.trainer:train_loop:103 - Epoch: [77/ 80] | Train loss: [0.06944952338106103]
2022-04-23 00:29:35.947 | INFO     | tools.trainer:train_loop:103 - Epoch: [78/ 80] | Train loss: [0.0679785066180759]
2022-04-23 00:33:17.642 | INFO     | tools.trainer:train_loop:103 - Epoch: [79/ 80] | Train loss: [0.06803238371180163]
2022-04-23 00:36:59.159 | INFO     | tools.trainer:train_loop:103 - Epoch: [80/ 80] | Train loss: [0.06776189299093352]
2022-04-23 00:36:59.364 | INFO     | tools.trainer:train_loop:118 - [Saving Snapshot:]/mnt/data/hungpv/polyps/checkpoint/KCECE/proposed_v1/PVTv2-B3-UPerHead_80.pth
2022-04-23 00:36:59.365 | INFO     | tools.trainer:train_loop:124 - Training cost: 20189.217982301954seconds
