2022-04-21 19:30:09.696 | INFO     | __main__:main:46 - Load config from configs/proposed.yaml
2022-04-21 19:30:09.697 | INFO     | __main__:main:47 - {'dataset': {'data_path': '/home/admin_mcn/hungpv/polyps/dataset/KCECE', 'train_data_path': ['/home/admin_mcn/hungpv/polyps/dataset/KCECE/TrainDataset'], 'test_data_path': ['/home/admin_mcn/hungpv/polyps/dataset/KCECE/TestDataset/CVC-ClinicDB'], 'val_data_path': ['/home/admin_mcn/hungpv/polyps/dataset/KCECE/TestDataset/CVC-300']}, 'model': {'num_classes': 1, 'save_dir': '/mnt/data/hungpv/polyps/checkpoint/KCECE/proposed_v7', 'backbone': 'PVTv2-B3', 'head': 'UPerHead', 'pretrained': '/mnt/data/hungpv/polyps/pretrained-backbone/pvt_v2_b3.pth'}, 'optimizer': {'name': 'adam', 'lr': 0.0001, 'clip': 0.5, 'scheduler': 'cosine_warmup', 'loss': 'structure_loss'}, 'dev': 'cuda', 'train': {'start_from': 0, 'save_from': 89, 'num_epochs': 90, 'num_warmup_epoch': 10, 'is_val': False, 'size_rates': [0.75, 1, 1.25], 'dataloader': {'batchsize': 16, 'img_size': 352, 'shuffle': True, 'num_workers': 2, 'pin_memory': True, 'drop_last': True}, 'amp': False, 'ddp': False, 'augment': {'prob': 1, 'Flip_prob': 0.7, 'HueSaturationValue_prob': 0.7, 'RandomBrightnessContrast_prob': 0.5, 'crop_prob': 0.0, 'randomrotate90_prob': 0.7}}, 'test': {'dev': 'cuda', 'visualize': False, 'visualize_dir': '/mnt/data/hungpv/polyps/visualize', 'vis_x': 180, 'vis_overwrite': False, 'checkpoint_dir': '/mnt/data/hungpv/polyps/checkpoint/KCECE/proposed_v1/PVTv2-B3-UPerHead_100.pth', 'dataloader': {'batchsize': 1, 'img_size': 352, 'shuffle': True, 'num_workers': 2, 'pin_memory': True, 'drop_last': True}, 'augment': {'prob': 1, 'Flip_prob': 0, 'HueSaturationValue_prob': 0, 'RandomBrightnessContrast_prob': 0, 'crop_prob': 0, 'randomrotate90_prob': 0, 'elastictransform_prob': 0, 'gridistortion_prob': 0, 'opticaldistortion_prob': 0, 'verticalflip_prob': 0, 'horizontalflip_prob': 0, 'randomgamma_prob': 0, 'CoarseDropout_prob': 0, 'RGBShift_prob': 0, 'MotionBlur_prob': 0, 'MedianBlur_prob': 0, 'GaussianBlur_prob': 0, 'GaussNoise_prob': 0, 'ChannelShuffle_prob': 0}}}
2022-04-21 19:30:09.697 | INFO     | __main__:main:48 - Getting datapath
2022-04-21 19:30:09.703 | INFO     | __main__:main:62 - There are 1450 images to train
2022-04-21 19:30:09.703 | INFO     | __main__:main:81 - Train model with no valid dataset
2022-04-21 19:30:09.703 | INFO     | __main__:main:83 - Loading data
2022-04-21 19:30:09.794 | INFO     | __main__:main:97 - 90 batches to train
2022-04-21 19:30:09.798 | INFO     | __main__:main:110 - Loading model
2022-04-21 19:30:09.799 | INFO     | __main__:main:131 - Loading checkpoint from /mnt/data/hungpv/polyps/pretrained-backbone/pvt_v2_b3.pth ...
2022-04-21 19:30:12.516 | INFO     | __main__:main:174 - Training with FP32 ...
2022-04-21 19:33:53.176 | INFO     | tools.trainer:train_loop:102 - Epoch: [1/ 90] | Train loss: [2.8803730183177523]
2022-04-21 19:37:33.206 | INFO     | tools.trainer:train_loop:102 - Epoch: [2/ 90] | Train loss: [0.9396720045142704]
2022-04-21 19:41:13.159 | INFO     | tools.trainer:train_loop:102 - Epoch: [3/ 90] | Train loss: [0.6884361942609151]
2022-04-21 19:41:13.371 | INFO     | tools.trainer:train_loop:117 - [Saving Snapshot:]/mnt/data/hungpv/polyps/checkpoint/KCECE/proposed_v7/PVTv2-B3-UPerHead_3.pth
2022-04-21 19:44:53.365 | INFO     | tools.trainer:train_loop:102 - Epoch: [4/ 90] | Train loss: [0.5375127484401067]
2022-04-21 19:48:33.425 | INFO     | tools.trainer:train_loop:102 - Epoch: [5/ 90] | Train loss: [0.4411433481507831]
2022-04-21 19:52:13.393 | INFO     | tools.trainer:train_loop:102 - Epoch: [6/ 90] | Train loss: [0.38094815495941375]
2022-04-21 19:55:53.364 | INFO     | tools.trainer:train_loop:102 - Epoch: [7/ 90] | Train loss: [0.345944697327084]
2022-04-21 19:59:33.308 | INFO     | tools.trainer:train_loop:102 - Epoch: [8/ 90] | Train loss: [0.3103455366359817]
2022-04-21 20:03:13.228 | INFO     | tools.trainer:train_loop:102 - Epoch: [9/ 90] | Train loss: [0.27079077925946976]
2022-04-21 20:06:53.230 | INFO     | tools.trainer:train_loop:102 - Epoch: [10/ 90] | Train loss: [0.25970253679487443]
2022-04-21 20:10:33.415 | INFO     | tools.trainer:train_loop:102 - Epoch: [11/ 90] | Train loss: [0.2421952227751414]
2022-04-21 20:14:13.479 | INFO     | tools.trainer:train_loop:102 - Epoch: [12/ 90] | Train loss: [0.24386844403213925]
2022-04-21 20:17:53.402 | INFO     | tools.trainer:train_loop:102 - Epoch: [13/ 90] | Train loss: [0.24430819004774093]
2022-04-21 20:21:33.154 | INFO     | tools.trainer:train_loop:102 - Epoch: [14/ 90] | Train loss: [0.21212338424391217]
2022-04-21 20:25:13.028 | INFO     | tools.trainer:train_loop:102 - Epoch: [15/ 90] | Train loss: [0.20799117949273851]
2022-04-21 20:28:53.198 | INFO     | tools.trainer:train_loop:102 - Epoch: [16/ 90] | Train loss: [0.1919402304622862]
2022-04-21 20:32:33.322 | INFO     | tools.trainer:train_loop:102 - Epoch: [17/ 90] | Train loss: [0.17429040902190737]
2022-04-21 20:36:13.500 | INFO     | tools.trainer:train_loop:102 - Epoch: [18/ 90] | Train loss: [0.17497988931006855]
2022-04-21 20:39:53.420 | INFO     | tools.trainer:train_loop:102 - Epoch: [19/ 90] | Train loss: [0.1762457976738612]
2022-04-21 20:43:33.370 | INFO     | tools.trainer:train_loop:102 - Epoch: [20/ 90] | Train loss: [0.16392310278283226]
2022-04-21 20:47:13.322 | INFO     | tools.trainer:train_loop:102 - Epoch: [21/ 90] | Train loss: [0.1536351583070225]
2022-04-21 20:50:53.394 | INFO     | tools.trainer:train_loop:102 - Epoch: [22/ 90] | Train loss: [0.1504823914832539]
2022-04-21 20:54:33.424 | INFO     | tools.trainer:train_loop:102 - Epoch: [23/ 90] | Train loss: [0.1549677843021022]
2022-04-21 20:58:13.320 | INFO     | tools.trainer:train_loop:102 - Epoch: [24/ 90] | Train loss: [0.14942640860875447]
2022-04-21 21:01:53.343 | INFO     | tools.trainer:train_loop:102 - Epoch: [25/ 90] | Train loss: [0.1419157933857706]
2022-04-21 21:05:33.401 | INFO     | tools.trainer:train_loop:102 - Epoch: [26/ 90] | Train loss: [0.1354155802892314]
2022-04-21 21:09:13.602 | INFO     | tools.trainer:train_loop:102 - Epoch: [27/ 90] | Train loss: [0.13974603025449647]
2022-04-21 21:12:53.685 | INFO     | tools.trainer:train_loop:102 - Epoch: [28/ 90] | Train loss: [0.13890337281756931]
2022-04-21 21:16:33.861 | INFO     | tools.trainer:train_loop:102 - Epoch: [29/ 90] | Train loss: [0.13718559253546928]
2022-04-21 21:20:14.079 | INFO     | tools.trainer:train_loop:102 - Epoch: [30/ 90] | Train loss: [0.1478118807077408]
2022-04-21 21:20:14.291 | INFO     | tools.trainer:train_loop:117 - [Saving Snapshot:]/mnt/data/hungpv/polyps/checkpoint/KCECE/proposed_v7/PVTv2-B3-UPerHead_30.pth
2022-04-21 21:23:54.292 | INFO     | tools.trainer:train_loop:102 - Epoch: [31/ 90] | Train loss: [0.16189804880155456]
2022-04-21 21:27:34.270 | INFO     | tools.trainer:train_loop:102 - Epoch: [32/ 90] | Train loss: [0.13465074979596667]
2022-04-21 21:31:14.406 | INFO     | tools.trainer:train_loop:102 - Epoch: [33/ 90] | Train loss: [0.12925378945138719]
2022-04-21 21:34:54.537 | INFO     | tools.trainer:train_loop:102 - Epoch: [34/ 90] | Train loss: [0.12532027082310782]
2022-04-21 21:38:34.688 | INFO     | tools.trainer:train_loop:102 - Epoch: [35/ 90] | Train loss: [0.12202887708942095]
2022-04-21 21:42:14.827 | INFO     | tools.trainer:train_loop:102 - Epoch: [36/ 90] | Train loss: [0.11989677705698543]
2022-04-21 21:45:54.991 | INFO     | tools.trainer:train_loop:102 - Epoch: [37/ 90] | Train loss: [0.11578320604231622]
2022-04-21 21:49:35.263 | INFO     | tools.trainer:train_loop:102 - Epoch: [38/ 90] | Train loss: [0.1148891209728188]
2022-04-21 21:53:15.349 | INFO     | tools.trainer:train_loop:102 - Epoch: [39/ 90] | Train loss: [0.11509665432903501]
2022-04-21 21:56:55.447 | INFO     | tools.trainer:train_loop:102 - Epoch: [40/ 90] | Train loss: [0.12568818595674303]
2022-04-21 21:56:55.653 | INFO     | tools.trainer:train_loop:117 - [Saving Snapshot:]/mnt/data/hungpv/polyps/checkpoint/KCECE/proposed_v7/PVTv2-B3-UPerHead_40.pth
2022-04-21 22:00:35.695 | INFO     | tools.trainer:train_loop:102 - Epoch: [41/ 90] | Train loss: [0.11766665428876877]
2022-04-21 22:04:15.775 | INFO     | tools.trainer:train_loop:102 - Epoch: [42/ 90] | Train loss: [0.1119591861963272]
2022-04-21 22:07:55.973 | INFO     | tools.trainer:train_loop:102 - Epoch: [43/ 90] | Train loss: [0.10838010145558251]
2022-04-21 22:11:36.113 | INFO     | tools.trainer:train_loop:102 - Epoch: [44/ 90] | Train loss: [0.1099850242336591]
2022-04-21 22:15:16.265 | INFO     | tools.trainer:train_loop:102 - Epoch: [45/ 90] | Train loss: [0.10843077691064941]
2022-04-21 22:18:56.272 | INFO     | tools.trainer:train_loop:102 - Epoch: [46/ 90] | Train loss: [0.10813059409459432]
2022-04-21 22:22:36.222 | INFO     | tools.trainer:train_loop:102 - Epoch: [47/ 90] | Train loss: [0.10760453724198871]
2022-04-21 22:26:16.460 | INFO     | tools.trainer:train_loop:102 - Epoch: [48/ 90] | Train loss: [0.10424436214897367]
2022-04-21 22:29:56.656 | INFO     | tools.trainer:train_loop:102 - Epoch: [49/ 90] | Train loss: [0.10483147303263346]
2022-04-21 22:33:36.709 | INFO     | tools.trainer:train_loop:102 - Epoch: [50/ 90] | Train loss: [0.09903407221039136]
2022-04-21 22:33:36.918 | INFO     | tools.trainer:train_loop:117 - [Saving Snapshot:]/mnt/data/hungpv/polyps/checkpoint/KCECE/proposed_v7/PVTv2-B3-UPerHead_50.pth
2022-04-21 22:37:17.013 | INFO     | tools.trainer:train_loop:102 - Epoch: [51/ 90] | Train loss: [0.09868480645947986]
2022-04-21 22:40:57.054 | INFO     | tools.trainer:train_loop:102 - Epoch: [52/ 90] | Train loss: [0.09664066293173366]
2022-04-21 22:44:37.253 | INFO     | tools.trainer:train_loop:102 - Epoch: [53/ 90] | Train loss: [0.09506321963336732]
2022-04-21 22:48:17.201 | INFO     | tools.trainer:train_loop:102 - Epoch: [54/ 90] | Train loss: [0.0933306246995926]
2022-04-21 22:51:57.252 | INFO     | tools.trainer:train_loop:102 - Epoch: [55/ 90] | Train loss: [0.10141306560900476]
2022-04-21 22:55:37.343 | INFO     | tools.trainer:train_loop:102 - Epoch: [56/ 90] | Train loss: [0.09466029778122902]
2022-04-21 22:59:17.403 | INFO     | tools.trainer:train_loop:102 - Epoch: [57/ 90] | Train loss: [0.09304166734218597]
2022-04-21 23:03:02.665 | INFO     | tools.trainer:train_loop:102 - Epoch: [58/ 90] | Train loss: [0.09073537886142731]
2022-04-21 23:06:42.828 | INFO     | tools.trainer:train_loop:102 - Epoch: [59/ 90] | Train loss: [0.09274327407280604]
2022-04-21 23:10:22.816 | INFO     | tools.trainer:train_loop:102 - Epoch: [60/ 90] | Train loss: [0.08933671249283684]
2022-04-21 23:10:23.026 | INFO     | tools.trainer:train_loop:117 - [Saving Snapshot:]/mnt/data/hungpv/polyps/checkpoint/KCECE/proposed_v7/PVTv2-B3-UPerHead_60.pth
2022-04-21 23:14:03.056 | INFO     | tools.trainer:train_loop:102 - Epoch: [61/ 90] | Train loss: [0.09327504974272516]
2022-04-21 23:17:43.307 | INFO     | tools.trainer:train_loop:102 - Epoch: [62/ 90] | Train loss: [0.08967050247722202]
2022-04-21 23:21:23.426 | INFO     | tools.trainer:train_loop:102 - Epoch: [63/ 90] | Train loss: [0.0877625467048751]
2022-04-21 23:25:03.465 | INFO     | tools.trainer:train_loop:102 - Epoch: [64/ 90] | Train loss: [0.08592492151591513]
2022-04-21 23:28:43.528 | INFO     | tools.trainer:train_loop:102 - Epoch: [65/ 90] | Train loss: [0.08445778042078018]
2022-04-21 23:32:23.508 | INFO     | tools.trainer:train_loop:102 - Epoch: [66/ 90] | Train loss: [0.0846822939813137]
2022-04-21 23:36:03.564 | INFO     | tools.trainer:train_loop:102 - Epoch: [67/ 90] | Train loss: [0.08391430030266443]
2022-04-21 23:39:43.634 | INFO     | tools.trainer:train_loop:102 - Epoch: [68/ 90] | Train loss: [0.08274392129646407]
2022-04-21 23:43:23.967 | INFO     | tools.trainer:train_loop:102 - Epoch: [69/ 90] | Train loss: [0.08256290761960877]
2022-04-21 23:47:04.090 | INFO     | tools.trainer:train_loop:102 - Epoch: [70/ 90] | Train loss: [0.08194789754019843]
2022-04-21 23:47:04.303 | INFO     | tools.trainer:train_loop:117 - [Saving Snapshot:]/mnt/data/hungpv/polyps/checkpoint/KCECE/proposed_v7/PVTv2-B3-UPerHead_70.pth
2022-04-21 23:50:44.410 | INFO     | tools.trainer:train_loop:102 - Epoch: [71/ 90] | Train loss: [0.07963356483313773]
2022-04-21 23:54:24.515 | INFO     | tools.trainer:train_loop:102 - Epoch: [72/ 90] | Train loss: [0.07891795676615503]
2022-04-21 23:58:04.624 | INFO     | tools.trainer:train_loop:102 - Epoch: [73/ 90] | Train loss: [0.07860081758764055]
2022-04-22 00:01:44.697 | INFO     | tools.trainer:train_loop:102 - Epoch: [74/ 90] | Train loss: [0.07797919627692965]
2022-04-22 00:05:24.662 | INFO     | tools.trainer:train_loop:102 - Epoch: [75/ 90] | Train loss: [0.07766596716311243]
2022-04-22 00:09:04.654 | INFO     | tools.trainer:train_loop:102 - Epoch: [76/ 90] | Train loss: [0.0775006362133556]
2022-04-22 00:12:44.649 | INFO     | tools.trainer:train_loop:102 - Epoch: [77/ 90] | Train loss: [0.07535927486088541]
2022-04-22 00:16:24.770 | INFO     | tools.trainer:train_loop:102 - Epoch: [78/ 90] | Train loss: [0.07470396090712812]
2022-04-22 00:20:04.852 | INFO     | tools.trainer:train_loop:102 - Epoch: [79/ 90] | Train loss: [0.07483718312448925]
2022-04-22 00:23:45.047 | INFO     | tools.trainer:train_loop:102 - Epoch: [80/ 90] | Train loss: [0.0744498696592119]
2022-04-22 00:23:45.261 | INFO     | tools.trainer:train_loop:117 - [Saving Snapshot:]/mnt/data/hungpv/polyps/checkpoint/KCECE/proposed_v7/PVTv2-B3-UPerHead_80.pth
2022-04-22 00:27:25.220 | INFO     | tools.trainer:train_loop:102 - Epoch: [81/ 90] | Train loss: [0.0735428933882051]
2022-04-22 00:31:05.127 | INFO     | tools.trainer:train_loop:102 - Epoch: [82/ 90] | Train loss: [0.07401896135674582]
2022-04-22 00:34:45.123 | INFO     | tools.trainer:train_loop:102 - Epoch: [83/ 90] | Train loss: [0.07293697045081192]
2022-04-22 00:38:25.208 | INFO     | tools.trainer:train_loop:102 - Epoch: [84/ 90] | Train loss: [0.07229767197536098]
2022-04-22 00:42:05.394 | INFO     | tools.trainer:train_loop:102 - Epoch: [85/ 90] | Train loss: [0.07179681402113702]
2022-04-22 00:45:45.370 | INFO     | tools.trainer:train_loop:102 - Epoch: [86/ 90] | Train loss: [0.07143542841076851]
2022-04-22 00:49:25.357 | INFO     | tools.trainer:train_loop:102 - Epoch: [87/ 90] | Train loss: [0.07158172995679908]
2022-04-22 00:53:05.406 | INFO     | tools.trainer:train_loop:102 - Epoch: [88/ 90] | Train loss: [0.0702307391497824]
2022-04-22 00:56:45.329 | INFO     | tools.trainer:train_loop:102 - Epoch: [89/ 90] | Train loss: [0.07035041641857889]
2022-04-22 01:00:25.359 | INFO     | tools.trainer:train_loop:102 - Epoch: [90/ 90] | Train loss: [0.07013289253744814]
2022-04-22 01:00:25.571 | INFO     | tools.trainer:train_loop:117 - [Saving Snapshot:]/mnt/data/hungpv/polyps/checkpoint/KCECE/proposed_v7/PVTv2-B3-UPerHead_90.pth
2022-04-22 01:00:25.571 | INFO     | tools.trainer:train_loop:123 - Training cost: 19812.12768995494seconds
