2022-04-22 19:01:08.786 | INFO     | __main__:main:46 - Load config from configs/proposed.yaml
2022-04-22 19:01:08.787 | INFO     | __main__:main:47 - {'dataset': {'data_path': '/home/admin_mcn/hungpv/polyps/dataset/KCECE', 'train_data_path': ['/home/admin_mcn/hungpv/polyps/dataset/KCECE/TrainDataset'], 'test_data_path': ['/home/admin_mcn/hungpv/polyps/dataset/KCECE/TestDataset/ETIS-LaribPolypDB'], 'val_data_path': ['/home/admin_mcn/hungpv/polyps/dataset/KCECE/TestDataset/CVC-300']}, 'model': {'num_classes': 1, 'save_dir': '/mnt/data/hungpv/polyps/checkpoint/KCECE/proposed_v2', 'backbone': 'PVTv2-B3', 'head': 'UPerHead', 'pretrained': '/mnt/data/hungpv/polyps/pretrained-backbone/pvt_v2_b3.pth'}, 'optimizer': {'name': 'adam', 'lr': 0.0001, 'clip': 0.5, 'scheduler': 'cosine_warmup', 'loss': 'structure_loss'}, 'dev': 'cuda', 'train': {'start_from': 0, 'save_from': 79, 'num_epochs': 80, 'num_warmup_epoch': 10, 'is_val': False, 'size_rates': [0.75, 1, 1.25], 'dataloader': {'batchsize': 16, 'img_size': 352, 'shuffle': True, 'num_workers': 2, 'pin_memory': True, 'drop_last': True}, 'amp': False, 'ddp': False, 'augment': {'prob': 1, 'Flip_prob': 0.7, 'HueSaturationValue_prob': 0.7, 'RandomBrightnessContrast_prob': 0.5, 'crop_prob': 0.0, 'randomrotate90_prob': 0.7}}, 'test': {'dev': 'cuda', 'visualize': False, 'visualize_dir': '/mnt/data/hungpv/polyps/visualize', 'vis_x': 180, 'vis_overwrite': False, 'checkpoint_dir': '/mnt/data/hungpv/polyps/checkpoint/KCECE/proposed_v1/PVTv2-B3-UPerHead_80.pth', 'dataloader': {'batchsize': 1, 'img_size': 352, 'shuffle': True, 'num_workers': 2, 'pin_memory': True, 'drop_last': True}, 'augment': {'prob': 1, 'Flip_prob': 0, 'HueSaturationValue_prob': 0, 'RandomBrightnessContrast_prob': 0, 'crop_prob': 0, 'randomrotate90_prob': 0, 'elastictransform_prob': 0, 'gridistortion_prob': 0, 'opticaldistortion_prob': 0, 'verticalflip_prob': 0, 'horizontalflip_prob': 0, 'randomgamma_prob': 0, 'CoarseDropout_prob': 0, 'RGBShift_prob': 0, 'MotionBlur_prob': 0, 'MedianBlur_prob': 0, 'GaussianBlur_prob': 0, 'GaussNoise_prob': 0, 'ChannelShuffle_prob': 0}}}
2022-04-22 19:01:08.787 | INFO     | __main__:main:48 - Getting datapath
2022-04-22 19:01:08.793 | INFO     | __main__:main:62 - There are 1450 images to train
2022-04-22 19:01:08.793 | INFO     | __main__:main:81 - Train model with no valid dataset
2022-04-22 19:01:08.793 | INFO     | __main__:main:83 - Loading data
2022-04-22 19:01:08.880 | INFO     | __main__:main:97 - 90 batches to train
2022-04-22 19:01:08.884 | INFO     | __main__:main:110 - Loading model
2022-04-22 19:01:08.885 | INFO     | __main__:main:131 - Loading checkpoint from /mnt/data/hungpv/polyps/pretrained-backbone/pvt_v2_b3.pth ...
2022-04-22 19:01:11.502 | INFO     | __main__:main:174 - Training with FP32 ...
2022-04-22 19:04:47.078 | INFO     | tools.trainer:train_loop:103 - Epoch: [1/ 80] | Train loss: [2.470311815208859]
2022-04-22 19:08:22.003 | INFO     | tools.trainer:train_loop:103 - Epoch: [2/ 80] | Train loss: [0.8128661957052019]
2022-04-22 19:11:57.249 | INFO     | tools.trainer:train_loop:103 - Epoch: [3/ 80] | Train loss: [0.6428764475716485]
2022-04-22 19:11:57.462 | INFO     | tools.trainer:train_loop:118 - [Saving Snapshot:]/mnt/data/hungpv/polyps/checkpoint/KCECE/proposed_v2/PVTv2-B3-UPerHead_3.pth
2022-04-22 19:15:32.544 | INFO     | tools.trainer:train_loop:103 - Epoch: [4/ 80] | Train loss: [0.4859556431571643]
2022-04-22 19:19:07.778 | INFO     | tools.trainer:train_loop:103 - Epoch: [5/ 80] | Train loss: [0.4105961882405811]
2022-04-22 19:22:42.903 | INFO     | tools.trainer:train_loop:103 - Epoch: [6/ 80] | Train loss: [0.3617293334669537]
2022-04-22 19:26:18.168 | INFO     | tools.trainer:train_loop:103 - Epoch: [7/ 80] | Train loss: [0.3160385062297185]
2022-04-22 19:29:53.331 | INFO     | tools.trainer:train_loop:103 - Epoch: [8/ 80] | Train loss: [0.2739013450013267]
2022-04-22 19:33:28.595 | INFO     | tools.trainer:train_loop:103 - Epoch: [9/ 80] | Train loss: [0.2590431398815579]
2022-04-22 19:37:03.854 | INFO     | tools.trainer:train_loop:103 - Epoch: [10/ 80] | Train loss: [0.24583054913414848]
2022-04-22 19:40:38.966 | INFO     | tools.trainer:train_loop:103 - Epoch: [11/ 80] | Train loss: [0.2426807113819652]
2022-04-22 19:44:14.112 | INFO     | tools.trainer:train_loop:103 - Epoch: [12/ 80] | Train loss: [0.2235278050104777]
2022-04-22 19:47:49.372 | INFO     | tools.trainer:train_loop:103 - Epoch: [13/ 80] | Train loss: [0.19668593522575167]
2022-04-22 19:51:24.573 | INFO     | tools.trainer:train_loop:103 - Epoch: [14/ 80] | Train loss: [0.1931576921708054]
2022-04-22 19:54:59.727 | INFO     | tools.trainer:train_loop:103 - Epoch: [15/ 80] | Train loss: [0.1872161015868187]
2022-04-22 19:58:34.709 | INFO     | tools.trainer:train_loop:103 - Epoch: [16/ 80] | Train loss: [0.1758727513253689]
2022-04-22 20:02:09.720 | INFO     | tools.trainer:train_loop:103 - Epoch: [17/ 80] | Train loss: [0.17475856997900538]
2022-04-22 20:05:44.915 | INFO     | tools.trainer:train_loop:103 - Epoch: [18/ 80] | Train loss: [0.18377603309022056]
2022-04-22 20:09:19.992 | INFO     | tools.trainer:train_loop:103 - Epoch: [19/ 80] | Train loss: [0.17408862966630195]
2022-04-22 20:12:55.158 | INFO     | tools.trainer:train_loop:103 - Epoch: [20/ 80] | Train loss: [0.16634722012612554]
2022-04-22 20:16:30.242 | INFO     | tools.trainer:train_loop:103 - Epoch: [21/ 80] | Train loss: [0.15883635986182426]
2022-04-22 20:20:05.415 | INFO     | tools.trainer:train_loop:103 - Epoch: [22/ 80] | Train loss: [0.15805996192826166]
2022-04-22 20:23:40.620 | INFO     | tools.trainer:train_loop:103 - Epoch: [23/ 80] | Train loss: [0.15322504084971217]
2022-04-22 20:27:15.902 | INFO     | tools.trainer:train_loop:103 - Epoch: [24/ 80] | Train loss: [0.15163400313920444]
2022-04-22 20:30:51.230 | INFO     | tools.trainer:train_loop:103 - Epoch: [25/ 80] | Train loss: [0.14939385048217244]
2022-04-22 20:34:26.438 | INFO     | tools.trainer:train_loop:103 - Epoch: [26/ 80] | Train loss: [0.13502854688300026]
2022-04-22 20:38:01.612 | INFO     | tools.trainer:train_loop:103 - Epoch: [27/ 80] | Train loss: [0.13466682127780386]
2022-04-22 20:41:36.869 | INFO     | tools.trainer:train_loop:103 - Epoch: [28/ 80] | Train loss: [0.136067765371667]
2022-04-22 20:45:12.104 | INFO     | tools.trainer:train_loop:103 - Epoch: [29/ 80] | Train loss: [0.13304425635271602]
2022-04-22 20:48:47.314 | INFO     | tools.trainer:train_loop:103 - Epoch: [30/ 80] | Train loss: [0.1265665439267953]
2022-04-22 20:52:22.529 | INFO     | tools.trainer:train_loop:103 - Epoch: [31/ 80] | Train loss: [0.13362163338396285]
2022-04-22 20:55:57.668 | INFO     | tools.trainer:train_loop:103 - Epoch: [32/ 80] | Train loss: [0.13142408223615754]
2022-04-22 20:59:32.818 | INFO     | tools.trainer:train_loop:103 - Epoch: [33/ 80] | Train loss: [0.12792347992459932]
2022-04-22 21:03:07.930 | INFO     | tools.trainer:train_loop:103 - Epoch: [34/ 80] | Train loss: [0.12076653076542748]
2022-04-22 21:06:43.104 | INFO     | tools.trainer:train_loop:103 - Epoch: [35/ 80] | Train loss: [0.11830396412147416]
2022-04-22 21:10:18.303 | INFO     | tools.trainer:train_loop:103 - Epoch: [36/ 80] | Train loss: [0.12290317465861639]
2022-04-22 21:13:53.518 | INFO     | tools.trainer:train_loop:103 - Epoch: [37/ 80] | Train loss: [0.11871097750133938]
2022-04-22 21:17:28.843 | INFO     | tools.trainer:train_loop:103 - Epoch: [38/ 80] | Train loss: [0.11808965777357419]
2022-04-22 21:21:04.049 | INFO     | tools.trainer:train_loop:103 - Epoch: [39/ 80] | Train loss: [0.11052965488698747]
2022-04-22 21:24:39.100 | INFO     | tools.trainer:train_loop:103 - Epoch: [40/ 80] | Train loss: [0.11340738245182568]
2022-04-22 21:28:14.037 | INFO     | tools.trainer:train_loop:103 - Epoch: [41/ 80] | Train loss: [0.10808360485566987]
2022-04-22 21:31:49.163 | INFO     | tools.trainer:train_loop:103 - Epoch: [42/ 80] | Train loss: [0.10464887701802783]
2022-04-22 21:35:24.356 | INFO     | tools.trainer:train_loop:103 - Epoch: [43/ 80] | Train loss: [0.10531274154782296]
2022-04-22 21:38:59.596 | INFO     | tools.trainer:train_loop:103 - Epoch: [44/ 80] | Train loss: [0.1070461903181341]
2022-04-22 21:42:34.780 | INFO     | tools.trainer:train_loop:103 - Epoch: [45/ 80] | Train loss: [0.10689221993088723]
2022-04-22 21:46:10.137 | INFO     | tools.trainer:train_loop:103 - Epoch: [46/ 80] | Train loss: [0.1059564775062932]
2022-04-22 21:49:45.605 | INFO     | tools.trainer:train_loop:103 - Epoch: [47/ 80] | Train loss: [0.10332612726423475]
2022-04-22 21:53:20.940 | INFO     | tools.trainer:train_loop:103 - Epoch: [48/ 80] | Train loss: [0.09901142393549284]
2022-04-22 21:56:56.086 | INFO     | tools.trainer:train_loop:103 - Epoch: [49/ 80] | Train loss: [0.0961383644077513]
2022-04-22 22:00:31.115 | INFO     | tools.trainer:train_loop:103 - Epoch: [50/ 80] | Train loss: [0.09767606059710185]
2022-04-22 22:04:06.199 | INFO     | tools.trainer:train_loop:103 - Epoch: [51/ 80] | Train loss: [0.09436295164955986]
2022-04-22 22:07:41.432 | INFO     | tools.trainer:train_loop:103 - Epoch: [52/ 80] | Train loss: [0.09620269801881579]
2022-04-22 22:11:16.724 | INFO     | tools.trainer:train_loop:103 - Epoch: [53/ 80] | Train loss: [0.09561601910326216]
2022-04-22 22:14:51.883 | INFO     | tools.trainer:train_loop:103 - Epoch: [54/ 80] | Train loss: [0.09601193070411682]
2022-04-22 22:18:27.103 | INFO     | tools.trainer:train_loop:103 - Epoch: [55/ 80] | Train loss: [0.09098436931769054]
2022-04-22 22:22:02.366 | INFO     | tools.trainer:train_loop:103 - Epoch: [56/ 80] | Train loss: [0.08884629665149582]
2022-04-22 22:25:37.720 | INFO     | tools.trainer:train_loop:103 - Epoch: [57/ 80] | Train loss: [0.08959123715758324]
2022-04-22 22:29:12.850 | INFO     | tools.trainer:train_loop:103 - Epoch: [58/ 80] | Train loss: [0.09517562356260088]
2022-04-22 22:32:48.136 | INFO     | tools.trainer:train_loop:103 - Epoch: [59/ 80] | Train loss: [0.08751124474737379]
2022-04-22 22:36:23.346 | INFO     | tools.trainer:train_loop:103 - Epoch: [60/ 80] | Train loss: [0.08559991858071751]
2022-04-22 22:39:58.575 | INFO     | tools.trainer:train_loop:103 - Epoch: [61/ 80] | Train loss: [0.08454980328679085]
2022-04-22 22:43:33.545 | INFO     | tools.trainer:train_loop:103 - Epoch: [62/ 80] | Train loss: [0.08307479702764087]
2022-04-22 22:47:08.725 | INFO     | tools.trainer:train_loop:103 - Epoch: [63/ 80] | Train loss: [0.08312215713991059]
2022-04-22 22:50:43.843 | INFO     | tools.trainer:train_loop:103 - Epoch: [64/ 80] | Train loss: [0.083078723318047]
2022-04-22 22:54:19.158 | INFO     | tools.trainer:train_loop:103 - Epoch: [65/ 80] | Train loss: [0.0806916442182329]
2022-04-22 22:57:54.464 | INFO     | tools.trainer:train_loop:103 - Epoch: [66/ 80] | Train loss: [0.0801568366587162]
2022-04-22 23:01:29.764 | INFO     | tools.trainer:train_loop:103 - Epoch: [67/ 80] | Train loss: [0.08040308505296707]
2022-04-22 23:05:04.993 | INFO     | tools.trainer:train_loop:103 - Epoch: [68/ 80] | Train loss: [0.07996557036207783]
2022-04-22 23:08:40.328 | INFO     | tools.trainer:train_loop:103 - Epoch: [69/ 80] | Train loss: [0.07815880187683635]
2022-04-22 23:12:15.549 | INFO     | tools.trainer:train_loop:103 - Epoch: [70/ 80] | Train loss: [0.07712148030598959]
2022-04-22 23:15:50.749 | INFO     | tools.trainer:train_loop:103 - Epoch: [71/ 80] | Train loss: [0.07648706071906619]
2022-04-22 23:19:25.839 | INFO     | tools.trainer:train_loop:103 - Epoch: [72/ 80] | Train loss: [0.07603577437500159]
2022-04-22 23:23:01.061 | INFO     | tools.trainer:train_loop:103 - Epoch: [73/ 80] | Train loss: [0.07581096966233518]
2022-04-22 23:26:36.094 | INFO     | tools.trainer:train_loop:103 - Epoch: [74/ 80] | Train loss: [0.07585061722331576]
2022-04-22 23:30:11.244 | INFO     | tools.trainer:train_loop:103 - Epoch: [75/ 80] | Train loss: [0.07463623475697305]
2022-04-22 23:33:46.407 | INFO     | tools.trainer:train_loop:103 - Epoch: [76/ 80] | Train loss: [0.07462233242889245]
2022-04-22 23:37:21.647 | INFO     | tools.trainer:train_loop:103 - Epoch: [77/ 80] | Train loss: [0.07284632908801238]
2022-04-22 23:40:56.933 | INFO     | tools.trainer:train_loop:103 - Epoch: [78/ 80] | Train loss: [0.07266892546580897]
2022-04-22 23:44:32.191 | INFO     | tools.trainer:train_loop:103 - Epoch: [79/ 80] | Train loss: [0.07262226935062144]
2022-04-22 23:48:07.449 | INFO     | tools.trainer:train_loop:103 - Epoch: [80/ 80] | Train loss: [0.07232499495148659]
2022-04-22 23:48:07.658 | INFO     | tools.trainer:train_loop:118 - [Saving Snapshot:]/mnt/data/hungpv/polyps/checkpoint/KCECE/proposed_v2/PVTv2-B3-UPerHead_80.pth
2022-04-22 23:48:07.658 | INFO     | tools.trainer:train_loop:124 - Training cost: 17215.250238029985seconds
