2022-04-21 12:19:18.751 | INFO     | __main__:main:46 - Load config from configs/proposed.yaml
2022-04-21 12:19:18.751 | INFO     | __main__:main:47 - {'dataset': {'data_path': '/home/admin_mcn/hungpv/polyps/dataset/KCECE', 'train_data_path': ['/home/admin_mcn/hungpv/polyps/dataset/KCECE/TrainDataset'], 'test_data_path': ['/home/admin_mcn/hungpv/polyps/dataset/KCECE/TestDataset/ETIS-LaribPolypDB'], 'val_data_path': ['/home/admin_mcn/hungpv/polyps/dataset/KCECE/TestDataset/CVC-300']}, 'model': {'num_classes': 1, 'save_dir': '/mnt/data/hungpv/polyps/checkpoint/KCECE/proposed_v4', 'backbone': 'PVTv2-B3', 'head': 'UPerHead', 'pretrained': '/mnt/data/hungpv/polyps/pretrained-backbone/pvt_v2_b3.pth'}, 'optimizer': {'name': 'adam', 'lr': 0.0001, 'clip': 0.5, 'scheduler': 'cosine_warmup', 'loss': 'structure_loss'}, 'dev': 'cuda', 'train': {'start_from': 0, 'save_from': 10, 'num_epochs': 50, 'num_warmup_epoch': 10, 'is_val': False, 'size_rates': [0.75, 1, 1.25], 'dataloader': {'batchsize': 16, 'img_size': 352, 'shuffle': True, 'num_workers': 2, 'pin_memory': True, 'drop_last': True}, 'amp': False, 'ddp': False, 'augment': {'prob': 1, 'Flip_prob': 0.7, 'HueSaturationValue_prob': 0.7, 'RandomBrightnessContrast_prob': 0.5, 'crop_prob': 0.0, 'randomrotate90_prob': 0.7}}, 'test': {'dev': 'cuda', 'visualize': False, 'visualize_dir': '/mnt/data/hungpv/polyps/visualize', 'vis_x': 180, 'vis_overwrite': False, 'checkpoint_dir': '/mnt/data/hungpv/polyps/checkpoint/KCECE/proposed_v2/PVTv2-B3-UPerHead_30.pth', 'dataloader': {'batchsize': 1, 'img_size': 352, 'shuffle': True, 'num_workers': 2, 'pin_memory': True, 'drop_last': True}, 'augment': {'prob': 1, 'Flip_prob': 0, 'HueSaturationValue_prob': 0, 'RandomBrightnessContrast_prob': 0, 'crop_prob': 0, 'randomrotate90_prob': 0, 'elastictransform_prob': 0, 'gridistortion_prob': 0, 'opticaldistortion_prob': 0, 'verticalflip_prob': 0, 'horizontalflip_prob': 0, 'randomgamma_prob': 0, 'CoarseDropout_prob': 0, 'RGBShift_prob': 0, 'MotionBlur_prob': 0, 'MedianBlur_prob': 0, 'GaussianBlur_prob': 0, 'GaussNoise_prob': 0, 'ChannelShuffle_prob': 0}}}
2022-04-21 12:19:18.751 | INFO     | __main__:main:48 - Getting datapath
2022-04-21 12:19:18.757 | INFO     | __main__:main:62 - There are 1450 images to train
2022-04-21 12:19:18.757 | INFO     | __main__:main:81 - Train model with no valid dataset
2022-04-21 12:19:18.758 | INFO     | __main__:main:83 - Loading data
2022-04-21 12:19:18.848 | INFO     | __main__:main:97 - 90 batches to train
2022-04-21 12:19:18.852 | INFO     | __main__:main:110 - Loading model
2022-04-21 12:19:18.852 | INFO     | __main__:main:131 - Loading checkpoint from /mnt/data/hungpv/polyps/pretrained-backbone/pvt_v2_b3.pth ...
2022-04-21 12:19:21.600 | INFO     | __main__:main:174 - Training with FP32 ...
2022-04-21 12:23:34.818 | INFO     | tools.trainer:train_loop:102 - Epoch: [1/ 50] | Train loss: [2.3045444654093847]
2022-04-21 12:27:48.628 | INFO     | tools.trainer:train_loop:102 - Epoch: [2/ 50] | Train loss: [0.8421119107140436]
2022-04-21 12:32:06.999 | INFO     | tools.trainer:train_loop:102 - Epoch: [3/ 50] | Train loss: [0.6305272665288714]
2022-04-21 12:32:07.206 | INFO     | tools.trainer:train_loop:117 - [Saving Snapshot:]/mnt/data/hungpv/polyps/checkpoint/KCECE/proposed_v4/PVTv2-B3-UPerHead_3.pth
2022-04-21 12:36:22.816 | INFO     | tools.trainer:train_loop:102 - Epoch: [4/ 50] | Train loss: [0.5019117881854375]
2022-04-21 12:40:29.171 | INFO     | tools.trainer:train_loop:102 - Epoch: [5/ 50] | Train loss: [0.40216495560275184]
2022-04-21 12:44:18.492 | INFO     | tools.trainer:train_loop:102 - Epoch: [6/ 50] | Train loss: [0.3750381115410063]
2022-04-21 12:48:05.450 | INFO     | tools.trainer:train_loop:102 - Epoch: [7/ 50] | Train loss: [0.3344337006409963]
2022-04-21 12:51:52.351 | INFO     | tools.trainer:train_loop:102 - Epoch: [8/ 50] | Train loss: [0.2878972871436013]
2022-04-21 12:55:39.025 | INFO     | tools.trainer:train_loop:102 - Epoch: [9/ 50] | Train loss: [0.2626851972606447]
2022-04-21 12:59:25.386 | INFO     | tools.trainer:train_loop:102 - Epoch: [10/ 50] | Train loss: [0.2346615771452586]
2022-04-21 13:03:11.624 | INFO     | tools.trainer:train_loop:102 - Epoch: [11/ 50] | Train loss: [0.2580775578816732]
2022-04-21 13:03:11.831 | INFO     | tools.trainer:train_loop:117 - [Saving Snapshot:]/mnt/data/hungpv/polyps/checkpoint/KCECE/proposed_v4/PVTv2-B3-UPerHead_11.pth
2022-04-21 13:06:58.440 | INFO     | tools.trainer:train_loop:102 - Epoch: [12/ 50] | Train loss: [0.22606983747747209]
2022-04-21 13:06:58.651 | INFO     | tools.trainer:train_loop:117 - [Saving Snapshot:]/mnt/data/hungpv/polyps/checkpoint/KCECE/proposed_v4/PVTv2-B3-UPerHead_12.pth
2022-04-21 13:10:47.045 | INFO     | tools.trainer:train_loop:102 - Epoch: [13/ 50] | Train loss: [0.20642985817458895]
2022-04-21 13:10:47.254 | INFO     | tools.trainer:train_loop:117 - [Saving Snapshot:]/mnt/data/hungpv/polyps/checkpoint/KCECE/proposed_v4/PVTv2-B3-UPerHead_13.pth
