2022-04-22 10:01:46.238 | INFO     | __main__:main:46 - Load config from configs/proposed.yaml
2022-04-22 10:01:46.238 | INFO     | __main__:main:47 - {'dataset': {'data_path': '/home/admin_mcn/hungpv/polyps/dataset/KCECE', 'train_data_path': ['/home/admin_mcn/hungpv/polyps/dataset/KCECE/TrainDataset'], 'test_data_path': ['/home/admin_mcn/hungpv/polyps/dataset/KCECE/TestDataset/ETIS-LaribPolypDB'], 'val_data_path': ['/home/admin_mcn/hungpv/polyps/dataset/KCECE/TestDataset/CVC-300']}, 'model': {'num_classes': 1, 'save_dir': '/mnt/data/hungpv/polyps/checkpoint/KCECE/proposed_v9', 'backbone': 'PVTv2-B2', 'head': 'UPerHead', 'pretrained': '/mnt/data/hungpv/polyps/pretrained-backbone/pvt_v2_b2.pth'}, 'optimizer': {'name': 'adam', 'lr': 0.0001, 'clip': 0.5, 'scheduler': 'cosine_warmup', 'loss': 'structure_loss'}, 'dev': 'cuda', 'train': {'start_from': 0, 'save_from': 79, 'num_epochs': 80, 'num_warmup_epoch': 10, 'is_val': False, 'size_rates': [0.75, 1, 1.25], 'dataloader': {'batchsize': 16, 'img_size': 352, 'shuffle': True, 'num_workers': 2, 'pin_memory': True, 'drop_last': True}, 'amp': False, 'ddp': False, 'augment': {'prob': 1, 'Flip_prob': 0.7, 'HueSaturationValue_prob': 0.7, 'RandomBrightnessContrast_prob': 0.5, 'crop_prob': 0.0, 'randomrotate90_prob': 0.7}}, 'test': {'dev': 'cuda', 'visualize': False, 'visualize_dir': '/mnt/data/hungpv/polyps/visualize', 'vis_x': 180, 'vis_overwrite': False, 'checkpoint_dir': '/mnt/data/hungpv/polyps/checkpoint/KCECE/proposed_v8/PVTv2-B3-UPerHead_80.pth', 'dataloader': {'batchsize': 1, 'img_size': 352, 'shuffle': True, 'num_workers': 2, 'pin_memory': True, 'drop_last': True}, 'augment': {'prob': 1, 'Flip_prob': 0, 'HueSaturationValue_prob': 0, 'RandomBrightnessContrast_prob': 0, 'crop_prob': 0, 'randomrotate90_prob': 0, 'elastictransform_prob': 0, 'gridistortion_prob': 0, 'opticaldistortion_prob': 0, 'verticalflip_prob': 0, 'horizontalflip_prob': 0, 'randomgamma_prob': 0, 'CoarseDropout_prob': 0, 'RGBShift_prob': 0, 'MotionBlur_prob': 0, 'MedianBlur_prob': 0, 'GaussianBlur_prob': 0, 'GaussNoise_prob': 0, 'ChannelShuffle_prob': 0}}}
2022-04-22 10:01:46.238 | INFO     | __main__:main:48 - Getting datapath
2022-04-22 10:01:46.244 | INFO     | __main__:main:62 - There are 1450 images to train
2022-04-22 10:01:46.244 | INFO     | __main__:main:81 - Train model with no valid dataset
2022-04-22 10:01:46.244 | INFO     | __main__:main:83 - Loading data
2022-04-22 10:01:46.334 | INFO     | __main__:main:97 - 90 batches to train
2022-04-22 10:01:46.338 | INFO     | __main__:main:110 - Loading model
2022-04-22 10:01:46.339 | INFO     | __main__:main:131 - Loading checkpoint from /mnt/data/hungpv/polyps/pretrained-backbone/pvt_v2_b2.pth ...
2022-04-22 10:01:48.918 | INFO     | __main__:main:174 - Training with FP32 ...
2022-04-22 10:04:53.266 | INFO     | tools.trainer:train_loop:103 - Epoch: [1/ 80] | Train loss: [1.4221995843781365]
2022-04-22 10:08:05.356 | INFO     | tools.trainer:train_loop:103 - Epoch: [2/ 80] | Train loss: [0.8294633421632979]
2022-04-22 10:11:24.875 | INFO     | tools.trainer:train_loop:103 - Epoch: [3/ 80] | Train loss: [0.6533819407224655]
2022-04-22 10:11:25.008 | INFO     | tools.trainer:train_loop:118 - [Saving Snapshot:]/mnt/data/hungpv/polyps/checkpoint/KCECE/proposed_v9/PVTv2-B2-UPerHead_3.pth
2022-04-22 10:14:47.770 | INFO     | tools.trainer:train_loop:103 - Epoch: [4/ 80] | Train loss: [0.52931054201391]
2022-04-22 10:18:13.755 | INFO     | tools.trainer:train_loop:103 - Epoch: [5/ 80] | Train loss: [0.43654196825292374]
2022-04-22 10:21:41.706 | INFO     | tools.trainer:train_loop:103 - Epoch: [6/ 80] | Train loss: [0.3653816186719471]
2022-04-22 10:25:08.429 | INFO     | tools.trainer:train_loop:103 - Epoch: [7/ 80] | Train loss: [0.3282981158958541]
2022-04-22 10:28:37.445 | INFO     | tools.trainer:train_loop:103 - Epoch: [8/ 80] | Train loss: [0.31727933651871154]
2022-04-22 10:32:05.095 | INFO     | tools.trainer:train_loop:103 - Epoch: [9/ 80] | Train loss: [0.28275945683320364]
2022-04-22 10:35:35.421 | INFO     | tools.trainer:train_loop:103 - Epoch: [10/ 80] | Train loss: [0.26754100968440375]
2022-04-22 10:39:04.135 | INFO     | tools.trainer:train_loop:103 - Epoch: [11/ 80] | Train loss: [0.24311603804429371]
2022-04-22 10:42:35.055 | INFO     | tools.trainer:train_loop:103 - Epoch: [12/ 80] | Train loss: [0.23267517040173213]
2022-04-22 10:46:04.492 | INFO     | tools.trainer:train_loop:103 - Epoch: [13/ 80] | Train loss: [0.23140425069464576]
2022-04-22 10:49:34.951 | INFO     | tools.trainer:train_loop:103 - Epoch: [14/ 80] | Train loss: [0.21340603844987022]
2022-04-22 10:53:07.649 | INFO     | tools.trainer:train_loop:103 - Epoch: [15/ 80] | Train loss: [0.20651412076420253]
2022-04-22 10:56:40.713 | INFO     | tools.trainer:train_loop:103 - Epoch: [16/ 80] | Train loss: [0.19279236363040075]
2022-04-22 11:00:13.426 | INFO     | tools.trainer:train_loop:103 - Epoch: [17/ 80] | Train loss: [0.189243274099297]
2022-04-22 11:03:45.934 | INFO     | tools.trainer:train_loop:103 - Epoch: [18/ 80] | Train loss: [0.18005972355604172]
2022-04-22 11:07:17.596 | INFO     | tools.trainer:train_loop:103 - Epoch: [19/ 80] | Train loss: [0.1877486658593019]
2022-04-22 11:10:49.681 | INFO     | tools.trainer:train_loop:103 - Epoch: [20/ 80] | Train loss: [0.18027745890948507]
2022-04-22 11:14:21.841 | INFO     | tools.trainer:train_loop:103 - Epoch: [21/ 80] | Train loss: [0.16535295719901721]
2022-04-22 11:17:53.250 | INFO     | tools.trainer:train_loop:103 - Epoch: [22/ 80] | Train loss: [0.16116998717188835]
2022-04-22 11:21:24.766 | INFO     | tools.trainer:train_loop:103 - Epoch: [23/ 80] | Train loss: [0.1650775082409382]
2022-04-22 11:24:55.752 | INFO     | tools.trainer:train_loop:103 - Epoch: [24/ 80] | Train loss: [0.15406200455294716]
2022-04-22 11:28:28.240 | INFO     | tools.trainer:train_loop:103 - Epoch: [25/ 80] | Train loss: [0.15573037713766097]
2022-04-22 11:32:00.159 | INFO     | tools.trainer:train_loop:103 - Epoch: [26/ 80] | Train loss: [0.15534909011589157]
2022-04-22 11:35:32.846 | INFO     | tools.trainer:train_loop:103 - Epoch: [27/ 80] | Train loss: [0.1497924793097708]
2022-04-22 11:39:06.113 | INFO     | tools.trainer:train_loop:103 - Epoch: [28/ 80] | Train loss: [0.15235192676385242]
2022-04-22 11:42:38.907 | INFO     | tools.trainer:train_loop:103 - Epoch: [29/ 80] | Train loss: [0.17124940877159436]
2022-04-22 11:46:11.793 | INFO     | tools.trainer:train_loop:103 - Epoch: [30/ 80] | Train loss: [0.14373961927162276]
2022-04-22 11:49:44.387 | INFO     | tools.trainer:train_loop:103 - Epoch: [31/ 80] | Train loss: [0.13779389311869938]
2022-04-22 11:53:16.933 | INFO     | tools.trainer:train_loop:103 - Epoch: [32/ 80] | Train loss: [0.1383193517724673]
2022-04-22 11:56:50.441 | INFO     | tools.trainer:train_loop:103 - Epoch: [33/ 80] | Train loss: [0.13451362848281861]
2022-04-22 12:00:25.100 | INFO     | tools.trainer:train_loop:103 - Epoch: [34/ 80] | Train loss: [0.1277316161327892]
2022-04-22 12:03:58.639 | INFO     | tools.trainer:train_loop:103 - Epoch: [35/ 80] | Train loss: [0.12935436036851672]
2022-04-22 12:07:33.082 | INFO     | tools.trainer:train_loop:103 - Epoch: [36/ 80] | Train loss: [0.12687727610270183]
2022-04-22 12:11:10.023 | INFO     | tools.trainer:train_loop:103 - Epoch: [37/ 80] | Train loss: [0.12542972995175256]
2022-04-22 12:14:45.492 | INFO     | tools.trainer:train_loop:103 - Epoch: [38/ 80] | Train loss: [0.12623807746503088]
2022-04-22 12:18:20.618 | INFO     | tools.trainer:train_loop:103 - Epoch: [39/ 80] | Train loss: [0.12045132832394706]
2022-04-22 12:21:55.318 | INFO     | tools.trainer:train_loop:103 - Epoch: [40/ 80] | Train loss: [0.12174381017684936]
2022-04-22 12:25:29.646 | INFO     | tools.trainer:train_loop:103 - Epoch: [41/ 80] | Train loss: [0.1180073515408569]
2022-04-22 12:29:05.947 | INFO     | tools.trainer:train_loop:103 - Epoch: [42/ 80] | Train loss: [0.11281400372584661]
2022-04-22 12:32:43.239 | INFO     | tools.trainer:train_loop:103 - Epoch: [43/ 80] | Train loss: [0.11790312122967508]
2022-04-22 12:36:19.108 | INFO     | tools.trainer:train_loop:103 - Epoch: [44/ 80] | Train loss: [0.11437352846066157]
2022-04-22 12:39:54.994 | INFO     | tools.trainer:train_loop:103 - Epoch: [45/ 80] | Train loss: [0.11737512507372433]
2022-04-22 12:43:30.918 | INFO     | tools.trainer:train_loop:103 - Epoch: [46/ 80] | Train loss: [0.1108178657790025]
2022-04-22 12:47:05.734 | INFO     | tools.trainer:train_loop:103 - Epoch: [47/ 80] | Train loss: [0.11151403221819135]
2022-04-22 12:50:41.270 | INFO     | tools.trainer:train_loop:103 - Epoch: [48/ 80] | Train loss: [0.10795984061227905]
2022-04-22 12:54:17.451 | INFO     | tools.trainer:train_loop:103 - Epoch: [49/ 80] | Train loss: [0.10786866802308294]
2022-04-22 12:57:55.048 | INFO     | tools.trainer:train_loop:103 - Epoch: [50/ 80] | Train loss: [0.1046552271478706]
2022-04-22 13:01:32.099 | INFO     | tools.trainer:train_loop:103 - Epoch: [51/ 80] | Train loss: [0.10426865046223005]
2022-04-22 13:05:08.744 | INFO     | tools.trainer:train_loop:103 - Epoch: [52/ 80] | Train loss: [0.10439687255356046]
2022-04-22 13:08:45.407 | INFO     | tools.trainer:train_loop:103 - Epoch: [53/ 80] | Train loss: [0.10167888494001495]
2022-04-22 13:12:22.062 | INFO     | tools.trainer:train_loop:103 - Epoch: [54/ 80] | Train loss: [0.10135781541466712]
2022-04-22 13:15:58.694 | INFO     | tools.trainer:train_loop:103 - Epoch: [55/ 80] | Train loss: [0.09846081145935588]
2022-04-22 13:19:34.566 | INFO     | tools.trainer:train_loop:103 - Epoch: [56/ 80] | Train loss: [0.09717779540353351]
2022-04-22 13:23:10.152 | INFO     | tools.trainer:train_loop:103 - Epoch: [57/ 80] | Train loss: [0.09902433678507805]
2022-04-22 13:26:46.831 | INFO     | tools.trainer:train_loop:103 - Epoch: [58/ 80] | Train loss: [0.09750309106376435]
2022-04-22 13:30:23.486 | INFO     | tools.trainer:train_loop:103 - Epoch: [59/ 80] | Train loss: [0.09690048437979486]
2022-04-22 13:34:00.364 | INFO     | tools.trainer:train_loop:103 - Epoch: [60/ 80] | Train loss: [0.09467519149184227]
2022-04-22 13:37:37.047 | INFO     | tools.trainer:train_loop:103 - Epoch: [61/ 80] | Train loss: [0.09274923685524199]
2022-04-22 13:41:15.564 | INFO     | tools.trainer:train_loop:103 - Epoch: [62/ 80] | Train loss: [0.09335232136978043]
2022-04-22 13:44:53.175 | INFO     | tools.trainer:train_loop:103 - Epoch: [63/ 80] | Train loss: [0.09145645557178392]
2022-04-22 13:48:30.478 | INFO     | tools.trainer:train_loop:103 - Epoch: [64/ 80] | Train loss: [0.09124969931112395]
2022-04-22 13:52:07.816 | INFO     | tools.trainer:train_loop:103 - Epoch: [65/ 80] | Train loss: [0.08960245003302893]
2022-04-22 13:55:45.699 | INFO     | tools.trainer:train_loop:103 - Epoch: [66/ 80] | Train loss: [0.0892407072087129]
2022-04-22 13:59:24.614 | INFO     | tools.trainer:train_loop:103 - Epoch: [67/ 80] | Train loss: [0.08965659961104393]
2022-04-22 14:03:03.578 | INFO     | tools.trainer:train_loop:103 - Epoch: [68/ 80] | Train loss: [0.08723524428076214]
2022-04-22 14:06:45.406 | INFO     | tools.trainer:train_loop:103 - Epoch: [69/ 80] | Train loss: [0.0860874248875512]
2022-04-22 14:10:26.477 | INFO     | tools.trainer:train_loop:103 - Epoch: [70/ 80] | Train loss: [0.08577522478169865]
2022-04-22 14:14:07.908 | INFO     | tools.trainer:train_loop:103 - Epoch: [71/ 80] | Train loss: [0.08567648786637518]
2022-04-22 14:17:49.194 | INFO     | tools.trainer:train_loop:103 - Epoch: [72/ 80] | Train loss: [0.08472414020862844]
2022-04-22 14:21:29.229 | INFO     | tools.trainer:train_loop:103 - Epoch: [73/ 80] | Train loss: [0.0841354293955697]
2022-04-22 14:25:09.212 | INFO     | tools.trainer:train_loop:103 - Epoch: [74/ 80] | Train loss: [0.08382649686601427]
2022-04-22 14:28:51.093 | INFO     | tools.trainer:train_loop:103 - Epoch: [75/ 80] | Train loss: [0.08288466996616788]
2022-04-22 14:32:33.950 | INFO     | tools.trainer:train_loop:103 - Epoch: [76/ 80] | Train loss: [0.08479922860860825]
2022-04-22 14:36:16.228 | INFO     | tools.trainer:train_loop:103 - Epoch: [77/ 80] | Train loss: [0.08265729960468081]
2022-04-22 14:39:58.180 | INFO     | tools.trainer:train_loop:103 - Epoch: [78/ 80] | Train loss: [0.0814623322751787]
2022-04-22 14:43:39.498 | INFO     | tools.trainer:train_loop:103 - Epoch: [79/ 80] | Train loss: [0.08179825991392135]
2022-04-22 14:47:19.650 | INFO     | tools.trainer:train_loop:103 - Epoch: [80/ 80] | Train loss: [0.08141725949115224]
2022-04-22 14:47:19.781 | INFO     | tools.trainer:train_loop:118 - [Saving Snapshot:]/mnt/data/hungpv/polyps/checkpoint/KCECE/proposed_v9/PVTv2-B2-UPerHead_80.pth
2022-04-22 14:47:19.781 | INFO     | tools.trainer:train_loop:124 - Training cost: 17129.945626577013seconds
