2022-04-21 00:40:29.657 | INFO     | __main__:main:46 - Load config from configs/proposed.yaml
2022-04-21 00:40:29.657 | INFO     | __main__:main:47 - {'dataset': {'data_path': '/home/admin_mcn/hungpv/polyps/dataset/KCECE', 'train_data_path': ['/home/admin_mcn/hungpv/polyps/dataset/KCECE/TrainDataset'], 'test_data_path': ['/home/admin_mcn/hungpv/polyps/dataset/KCECE/TestDataset/CVC-300'], 'val_data_path': ['/home/admin_mcn/hungpv/polyps/dataset/KCECE/TestDataset/CVC-300']}, 'model': {'num_classes': 1, 'save_dir': '/mnt/data/hungpv/polyps/checkpoint/KCECE/proposed_v1', 'backbone': 'PVTv2-B3', 'head': 'UPerHead', 'pretrained': '/mnt/data/hungpv/polyps/pretrained-backbone/pvt_v2_b3.pth'}, 'optimizer': {'name': 'adam', 'lr': 0.0001, 'clip': 0.5, 'scheduler': 'cosine_warmup', 'loss': 'structure_loss'}, 'dev': 'cuda', 'train': {'start_from': 0, 'save_from': 98, 'num_epochs': 100, 'num_warmup_epoch': 10, 'is_val': False, 'size_rates': [0.75, 1, 1.25], 'dataloader': {'batchsize': 16, 'img_size': 352, 'shuffle': True, 'num_workers': 2, 'pin_memory': True, 'drop_last': True}, 'amp': False, 'ddp': False, 'augment': {'prob': 1, 'Flip_prob': 0.7, 'HueSaturationValue_prob': 0.7, 'RandomBrightnessContrast_prob': 0.5, 'crop_prob': 0.0, 'randomrotate90_prob': 0.7}}, 'test': {'dev': 'cuda', 'visualize': False, 'visualize_dir': '/mnt/data/hungpv/polyps/visualize', 'vis_x': 180, 'vis_overwrite': False, 'checkpoint_dir': '/mnt/data/hungpv/polyps/checkpoint/KCECE/pvtv2-uperhead_v8/PVTv2-B3-UPerHead_80.pth', 'dataloader': {'batchsize': 1, 'img_size': 352, 'shuffle': True, 'num_workers': 2, 'pin_memory': True, 'drop_last': True}, 'augment': {'prob': 1, 'Flip_prob': 0, 'HueSaturationValue_prob': 0, 'RandomBrightnessContrast_prob': 0, 'crop_prob': 0, 'randomrotate90_prob': 0, 'elastictransform_prob': 0, 'gridistortion_prob': 0, 'opticaldistortion_prob': 0, 'verticalflip_prob': 0, 'horizontalflip_prob': 0, 'randomgamma_prob': 0, 'CoarseDropout_prob': 0, 'RGBShift_prob': 0, 'MotionBlur_prob': 0, 'MedianBlur_prob': 0, 'GaussianBlur_prob': 0, 'GaussNoise_prob': 0, 'ChannelShuffle_prob': 0}}}
2022-04-21 00:40:29.658 | INFO     | __main__:main:48 - Getting datapath
2022-04-21 00:40:29.664 | INFO     | __main__:main:62 - There are 1450 images to train
2022-04-21 00:40:29.664 | INFO     | __main__:main:81 - Train model with no valid dataset
2022-04-21 00:40:29.664 | INFO     | __main__:main:83 - Loading data
2022-04-21 00:40:29.757 | INFO     | __main__:main:97 - 90 batches to train
2022-04-21 00:40:29.763 | INFO     | __main__:main:110 - Loading model
2022-04-21 00:40:29.763 | INFO     | __main__:main:127 - Loading checkpoint from /mnt/data/hungpv/polyps/pretrained-backbone/pvt_v2_b3.pth ...
2022-04-21 00:40:32.708 | INFO     | __main__:main:170 - Training with FP32 ...
2022-04-21 00:44:42.817 | INFO     | tools.trainer:train_loop:97 - Epoch: [1/ 100] | Train loss: [2.6039054969946545]
2022-04-21 00:48:55.726 | INFO     | tools.trainer:train_loop:97 - Epoch: [2/ 100] | Train loss: [0.8135162893268797]
2022-04-21 00:53:11.866 | INFO     | tools.trainer:train_loop:97 - Epoch: [3/ 100] | Train loss: [0.5922107958131366]
2022-04-21 00:53:12.087 | INFO     | tools.trainer:train_loop:112 - [Saving Snapshot:]/mnt/data/hungpv/polyps/checkpoint/KCECE/proposed_v1/PVTv2-B3-UPerHead_3.pth
2022-04-21 00:57:29.217 | INFO     | tools.trainer:train_loop:97 - Epoch: [4/ 100] | Train loss: [0.4886539300282796]
2022-04-21 01:01:45.548 | INFO     | tools.trainer:train_loop:97 - Epoch: [5/ 100] | Train loss: [0.4336745109823015]
2022-04-21 01:06:00.518 | INFO     | tools.trainer:train_loop:97 - Epoch: [6/ 100] | Train loss: [0.3424995337923368]
2022-04-21 01:10:15.664 | INFO     | tools.trainer:train_loop:97 - Epoch: [7/ 100] | Train loss: [0.31946434064043894]
2022-04-21 01:14:30.863 | INFO     | tools.trainer:train_loop:97 - Epoch: [8/ 100] | Train loss: [0.29868698947959477]
2022-04-21 01:18:47.735 | INFO     | tools.trainer:train_loop:97 - Epoch: [9/ 100] | Train loss: [0.2628105484777027]
2022-04-21 01:23:02.413 | INFO     | tools.trainer:train_loop:97 - Epoch: [10/ 100] | Train loss: [0.27871922221448686]
2022-04-21 01:27:18.853 | INFO     | tools.trainer:train_loop:97 - Epoch: [11/ 100] | Train loss: [0.2389499329858356]
2022-04-21 01:31:34.990 | INFO     | tools.trainer:train_loop:97 - Epoch: [12/ 100] | Train loss: [0.22821270823478698]
2022-04-21 01:35:51.412 | INFO     | tools.trainer:train_loop:97 - Epoch: [13/ 100] | Train loss: [0.23249826083580652]
2022-04-21 01:40:07.148 | INFO     | tools.trainer:train_loop:97 - Epoch: [14/ 100] | Train loss: [0.20064678059683905]
2022-04-21 01:44:22.929 | INFO     | tools.trainer:train_loop:97 - Epoch: [15/ 100] | Train loss: [0.20733031928539275]
2022-04-21 01:48:39.213 | INFO     | tools.trainer:train_loop:97 - Epoch: [16/ 100] | Train loss: [0.20069197101725472]
2022-04-21 01:52:55.193 | INFO     | tools.trainer:train_loop:97 - Epoch: [17/ 100] | Train loss: [0.19006990326775444]
2022-04-21 01:57:11.235 | INFO     | tools.trainer:train_loop:97 - Epoch: [18/ 100] | Train loss: [0.17181072185436885]
2022-04-21 02:01:26.939 | INFO     | tools.trainer:train_loop:97 - Epoch: [19/ 100] | Train loss: [0.16842042158047357]
2022-04-21 02:05:42.633 | INFO     | tools.trainer:train_loop:97 - Epoch: [20/ 100] | Train loss: [0.1645715688665708]
2022-04-21 02:09:58.640 | INFO     | tools.trainer:train_loop:97 - Epoch: [21/ 100] | Train loss: [0.16071176843510734]
2022-04-21 02:14:14.827 | INFO     | tools.trainer:train_loop:97 - Epoch: [22/ 100] | Train loss: [0.17010576236579153]
2022-04-21 02:18:32.201 | INFO     | tools.trainer:train_loop:97 - Epoch: [23/ 100] | Train loss: [0.15235423503650558]
2022-04-21 02:22:49.479 | INFO     | tools.trainer:train_loop:97 - Epoch: [24/ 100] | Train loss: [0.14987218322025406]
2022-04-21 02:27:05.552 | INFO     | tools.trainer:train_loop:97 - Epoch: [25/ 100] | Train loss: [0.14342981725931167]
2022-04-21 02:31:22.044 | INFO     | tools.trainer:train_loop:97 - Epoch: [26/ 100] | Train loss: [0.13815835126572185]
2022-04-21 02:35:39.063 | INFO     | tools.trainer:train_loop:97 - Epoch: [27/ 100] | Train loss: [0.1524913894633452]
2022-04-21 02:39:53.559 | INFO     | tools.trainer:train_loop:97 - Epoch: [28/ 100] | Train loss: [0.1453750588827663]
2022-04-21 02:44:12.144 | INFO     | tools.trainer:train_loop:97 - Epoch: [29/ 100] | Train loss: [0.13736661026875177]
2022-04-21 02:48:28.997 | INFO     | tools.trainer:train_loop:97 - Epoch: [30/ 100] | Train loss: [0.1357842714422279]
2022-04-21 02:48:29.205 | INFO     | tools.trainer:train_loop:112 - [Saving Snapshot:]/mnt/data/hungpv/polyps/checkpoint/KCECE/proposed_v1/PVTv2-B3-UPerHead_30.pth
2022-04-21 02:52:44.403 | INFO     | tools.trainer:train_loop:97 - Epoch: [31/ 100] | Train loss: [0.132361884166797]
2022-04-21 02:56:59.170 | INFO     | tools.trainer:train_loop:97 - Epoch: [32/ 100] | Train loss: [0.12900831202665966]
2022-04-21 03:01:15.569 | INFO     | tools.trainer:train_loop:97 - Epoch: [33/ 100] | Train loss: [0.13434496165977583]
2022-04-21 03:05:32.762 | INFO     | tools.trainer:train_loop:97 - Epoch: [34/ 100] | Train loss: [0.1383404897318946]
2022-04-21 03:09:47.338 | INFO     | tools.trainer:train_loop:97 - Epoch: [35/ 100] | Train loss: [0.12726043429639605]
2022-04-21 03:14:02.433 | INFO     | tools.trainer:train_loop:97 - Epoch: [36/ 100] | Train loss: [0.13270918561352624]
2022-04-21 03:18:17.773 | INFO     | tools.trainer:train_loop:97 - Epoch: [37/ 100] | Train loss: [0.1235736909839842]
2022-04-21 03:22:32.240 | INFO     | tools.trainer:train_loop:97 - Epoch: [38/ 100] | Train loss: [0.11847364447183079]
2022-04-21 03:26:48.028 | INFO     | tools.trainer:train_loop:97 - Epoch: [39/ 100] | Train loss: [0.11566501814458105]
2022-04-21 03:31:03.537 | INFO     | tools.trainer:train_loop:97 - Epoch: [40/ 100] | Train loss: [0.11205253874262174]
2022-04-21 03:31:03.757 | INFO     | tools.trainer:train_loop:112 - [Saving Snapshot:]/mnt/data/hungpv/polyps/checkpoint/KCECE/proposed_v1/PVTv2-B3-UPerHead_40.pth
2022-04-21 03:35:21.322 | INFO     | tools.trainer:train_loop:97 - Epoch: [41/ 100] | Train loss: [0.11349235475063324]
2022-04-21 03:39:35.133 | INFO     | tools.trainer:train_loop:97 - Epoch: [42/ 100] | Train loss: [0.1146591463022762]
2022-04-21 03:43:51.488 | INFO     | tools.trainer:train_loop:97 - Epoch: [43/ 100] | Train loss: [0.12060552347037527]
2022-04-21 03:48:05.530 | INFO     | tools.trainer:train_loop:97 - Epoch: [44/ 100] | Train loss: [0.12053903564810753]
2022-04-21 03:52:21.298 | INFO     | tools.trainer:train_loop:97 - Epoch: [45/ 100] | Train loss: [0.11669187388486332]
2022-04-21 03:56:36.986 | INFO     | tools.trainer:train_loop:97 - Epoch: [46/ 100] | Train loss: [0.11148799508810044]
2022-04-21 04:00:51.889 | INFO     | tools.trainer:train_loop:97 - Epoch: [47/ 100] | Train loss: [0.10745281386706564]
2022-04-21 04:04:54.738 | INFO     | tools.trainer:train_loop:97 - Epoch: [48/ 100] | Train loss: [0.10519766012827556]
2022-04-21 04:08:47.438 | INFO     | tools.trainer:train_loop:97 - Epoch: [49/ 100] | Train loss: [0.10075061602724923]
2022-04-21 04:12:39.425 | INFO     | tools.trainer:train_loop:97 - Epoch: [50/ 100] | Train loss: [0.10498846934901343]
2022-04-21 04:12:39.627 | INFO     | tools.trainer:train_loop:112 - [Saving Snapshot:]/mnt/data/hungpv/polyps/checkpoint/KCECE/proposed_v1/PVTv2-B3-UPerHead_50.pth
2022-04-21 04:16:42.274 | INFO     | tools.trainer:train_loop:97 - Epoch: [51/ 100] | Train loss: [0.10238364222976896]
2022-04-21 04:20:55.997 | INFO     | tools.trainer:train_loop:97 - Epoch: [52/ 100] | Train loss: [0.0998109752105342]
2022-04-21 04:25:11.097 | INFO     | tools.trainer:train_loop:97 - Epoch: [53/ 100] | Train loss: [0.09898646987146802]
2022-04-21 04:29:26.593 | INFO     | tools.trainer:train_loop:97 - Epoch: [54/ 100] | Train loss: [0.09837761264708307]
2022-04-21 04:33:43.441 | INFO     | tools.trainer:train_loop:97 - Epoch: [55/ 100] | Train loss: [0.09599229130480025]
2022-04-21 04:38:00.907 | INFO     | tools.trainer:train_loop:97 - Epoch: [56/ 100] | Train loss: [0.0971348418129815]
2022-04-21 04:42:18.320 | INFO     | tools.trainer:train_loop:97 - Epoch: [57/ 100] | Train loss: [0.0925619653529591]
2022-04-21 04:46:36.054 | INFO     | tools.trainer:train_loop:97 - Epoch: [58/ 100] | Train loss: [0.09311330070098241]
2022-04-21 04:50:52.307 | INFO     | tools.trainer:train_loop:97 - Epoch: [59/ 100] | Train loss: [0.09135226441754235]
2022-04-21 04:55:09.140 | INFO     | tools.trainer:train_loop:97 - Epoch: [60/ 100] | Train loss: [0.09245961233973503]
2022-04-21 04:55:09.347 | INFO     | tools.trainer:train_loop:112 - [Saving Snapshot:]/mnt/data/hungpv/polyps/checkpoint/KCECE/proposed_v1/PVTv2-B3-UPerHead_60.pth
2022-04-21 04:59:25.090 | INFO     | tools.trainer:train_loop:97 - Epoch: [61/ 100] | Train loss: [0.08954486532343758]
2022-04-21 05:03:39.488 | INFO     | tools.trainer:train_loop:97 - Epoch: [62/ 100] | Train loss: [0.08773964155051443]
2022-04-21 05:07:55.723 | INFO     | tools.trainer:train_loop:97 - Epoch: [63/ 100] | Train loss: [0.08788737025525835]
2022-04-21 05:12:09.679 | INFO     | tools.trainer:train_loop:97 - Epoch: [64/ 100] | Train loss: [0.08553637580739128]
2022-04-21 05:16:23.898 | INFO     | tools.trainer:train_loop:97 - Epoch: [65/ 100] | Train loss: [0.0850842345919874]
2022-04-21 05:20:39.771 | INFO     | tools.trainer:train_loop:97 - Epoch: [66/ 100] | Train loss: [0.08568460254205598]
2022-04-21 05:24:58.444 | INFO     | tools.trainer:train_loop:97 - Epoch: [67/ 100] | Train loss: [0.08700158372521401]
2022-04-21 05:29:14.874 | INFO     | tools.trainer:train_loop:97 - Epoch: [68/ 100] | Train loss: [0.08315080834759606]
2022-04-21 05:33:32.473 | INFO     | tools.trainer:train_loop:97 - Epoch: [69/ 100] | Train loss: [0.08176059954696231]
2022-04-21 05:37:47.647 | INFO     | tools.trainer:train_loop:97 - Epoch: [70/ 100] | Train loss: [0.08129291650321749]
2022-04-21 05:37:47.853 | INFO     | tools.trainer:train_loop:112 - [Saving Snapshot:]/mnt/data/hungpv/polyps/checkpoint/KCECE/proposed_v1/PVTv2-B3-UPerHead_70.pth
2022-04-21 05:42:03.619 | INFO     | tools.trainer:train_loop:97 - Epoch: [71/ 100] | Train loss: [0.08269334294729763]
2022-04-21 05:46:20.103 | INFO     | tools.trainer:train_loop:97 - Epoch: [72/ 100] | Train loss: [0.08004493241508802]
2022-04-21 05:50:34.553 | INFO     | tools.trainer:train_loop:97 - Epoch: [73/ 100] | Train loss: [0.0789084502392345]
2022-04-21 05:54:51.078 | INFO     | tools.trainer:train_loop:97 - Epoch: [74/ 100] | Train loss: [0.0786106871234046]
2022-04-21 05:59:09.415 | INFO     | tools.trainer:train_loop:97 - Epoch: [75/ 100] | Train loss: [0.07659399691555235]
2022-04-21 06:03:23.536 | INFO     | tools.trainer:train_loop:97 - Epoch: [76/ 100] | Train loss: [0.07610360139773951]
2022-04-21 06:07:39.740 | INFO     | tools.trainer:train_loop:97 - Epoch: [77/ 100] | Train loss: [0.07558359627922376]
2022-04-21 06:11:55.744 | INFO     | tools.trainer:train_loop:97 - Epoch: [78/ 100] | Train loss: [0.07508431499203046]
2022-04-21 06:16:13.207 | INFO     | tools.trainer:train_loop:97 - Epoch: [79/ 100] | Train loss: [0.07417120428548919]
2022-04-21 06:20:29.307 | INFO     | tools.trainer:train_loop:97 - Epoch: [80/ 100] | Train loss: [0.07392640643649631]
2022-04-21 06:20:29.515 | INFO     | tools.trainer:train_loop:112 - [Saving Snapshot:]/mnt/data/hungpv/polyps/checkpoint/KCECE/proposed_v1/PVTv2-B3-UPerHead_80.pth
2022-04-21 06:24:43.641 | INFO     | tools.trainer:train_loop:97 - Epoch: [81/ 100] | Train loss: [0.07284574442439609]
2022-04-21 06:28:58.464 | INFO     | tools.trainer:train_loop:97 - Epoch: [82/ 100] | Train loss: [0.07308387578361564]
2022-04-21 06:33:15.320 | INFO     | tools.trainer:train_loop:97 - Epoch: [83/ 100] | Train loss: [0.07176098177830378]
2022-04-21 06:37:33.089 | INFO     | tools.trainer:train_loop:97 - Epoch: [84/ 100] | Train loss: [0.07169052362442016]
2022-04-21 06:41:47.777 | INFO     | tools.trainer:train_loop:97 - Epoch: [85/ 100] | Train loss: [0.07000148424671757]
2022-04-21 06:46:04.835 | INFO     | tools.trainer:train_loop:97 - Epoch: [86/ 100] | Train loss: [0.06918633696105746]
2022-04-21 06:50:19.590 | INFO     | tools.trainer:train_loop:97 - Epoch: [87/ 100] | Train loss: [0.06976985157363945]
2022-04-21 06:54:34.761 | INFO     | tools.trainer:train_loop:97 - Epoch: [88/ 100] | Train loss: [0.06924298140737746]
2022-04-21 06:58:48.997 | INFO     | tools.trainer:train_loop:97 - Epoch: [89/ 100] | Train loss: [0.06868877021802797]
2022-04-21 07:03:03.665 | INFO     | tools.trainer:train_loop:97 - Epoch: [90/ 100] | Train loss: [0.06809257927040259]
2022-04-21 07:03:03.873 | INFO     | tools.trainer:train_loop:112 - [Saving Snapshot:]/mnt/data/hungpv/polyps/checkpoint/KCECE/proposed_v1/PVTv2-B3-UPerHead_90.pth
2022-04-21 07:07:20.968 | INFO     | tools.trainer:train_loop:97 - Epoch: [91/ 100] | Train loss: [0.06799667924642563]
2022-04-21 07:11:37.427 | INFO     | tools.trainer:train_loop:97 - Epoch: [92/ 100] | Train loss: [0.06726572083102332]
2022-04-21 07:15:54.873 | INFO     | tools.trainer:train_loop:97 - Epoch: [93/ 100] | Train loss: [0.06580259948968888]
2022-04-21 07:20:09.832 | INFO     | tools.trainer:train_loop:97 - Epoch: [94/ 100] | Train loss: [0.06575371134612296]
2022-04-21 07:24:25.975 | INFO     | tools.trainer:train_loop:97 - Epoch: [95/ 100] | Train loss: [0.0663479355474313]
2022-04-21 07:28:42.567 | INFO     | tools.trainer:train_loop:97 - Epoch: [96/ 100] | Train loss: [0.0664286319166422]
2022-04-21 07:32:58.539 | INFO     | tools.trainer:train_loop:97 - Epoch: [97/ 100] | Train loss: [0.06572684865030977]
2022-04-21 07:37:14.459 | INFO     | tools.trainer:train_loop:97 - Epoch: [98/ 100] | Train loss: [0.06522246243225203]
2022-04-21 07:41:29.904 | INFO     | tools.trainer:train_loop:97 - Epoch: [99/ 100] | Train loss: [0.06527378066546387]
2022-04-21 07:41:30.108 | INFO     | tools.trainer:train_loop:112 - [Saving Snapshot:]/mnt/data/hungpv/polyps/checkpoint/KCECE/proposed_v1/PVTv2-B3-UPerHead_99.pth
2022-04-21 07:45:45.882 | INFO     | tools.trainer:train_loop:97 - Epoch: [100/ 100] | Train loss: [0.06511925520996252]
2022-04-21 07:45:46.086 | INFO     | tools.trainer:train_loop:112 - [Saving Snapshot:]/mnt/data/hungpv/polyps/checkpoint/KCECE/proposed_v1/PVTv2-B3-UPerHead_100.pth
2022-04-21 07:45:46.086 | INFO     | tools.trainer:train_loop:118 - Training cost: 25512.402663407032seconds
