2022-05-27 01:50:46.963 | INFO     | __main__:main:47 - Load config from configs/proposed.yaml
2022-05-27 01:50:46.963 | INFO     | __main__:main:48 - {'dataset': {'data_path': '/home/admin_mcn/hungpv/polyps/dataset/KCECE', 'train_data_path': ['/home/admin_mcn/hungpv/polyps/dataset/KCECE/TrainDataset'], 'test_data_path': ['/home/admin_mcn/hungpv/polyps/dataset/KCECE/TestDataset/Kvasir'], 'val_data_path': ['/home/admin_mcn/hungpv/polyps/dataset/KCECE/TestDataset/CVC-300']}, 'model': {'num_classes': 1, 'save_dir': '/mnt/data/hungpv/polyps/checkpoint/KCECE/proposed_v7', 'backbone': 'PVTv2-B3', 'head': 'UPerHead', 'pretrained': '/mnt/data/hungpv/polyps/pretrained-backbone/pvt_v2_b3.pth'}, 'optimizer': {'name': 'adamw', 'lr': 0.0001, 'clip': 0.5, 'scheduler': 'cosine_warmup', 'loss': 'structure_ssim_loss'}, 'dev': 'cuda', 'train': {'start_from': 0, 'save_from': 79, 'num_epochs': 80, 'num_warmup_epoch': 10, 'is_val': False, 'size_rates': [0.75, 1, 1.25], 'dataloader': {'batchsize': 16, 'img_size': 352, 'shuffle': True, 'num_workers': 2, 'pin_memory': True, 'drop_last': True}, 'amp': False, 'ddp': False, 'augment': {'prob': 1, 'Flip_prob': 0.5, 'HueSaturationValue_prob': 0.5, 'RandomBrightnessContrast_prob': 0.5, 'crop_prob': 0.0, 'randomrotate90_prob': 0.7}}, 'test': {'dev': 'cuda', 'visualize': False, 'visualize_dir': '/mnt/data/hungpv/polyps/visualize', 'vis_x': 180, 'vis_overwrite': False, 'checkpoint_dir': '/mnt/data/hungpv/polyps/checkpoint/KCECE/proposed_v6/PVTv2-B3-UPerHead_80.pth', 'dataloader': {'batchsize': 1, 'img_size': 352, 'shuffle': True, 'num_workers': 2, 'pin_memory': True, 'drop_last': True}, 'augment': {'prob': 1, 'Flip_prob': 0, 'HueSaturationValue_prob': 0, 'RandomBrightnessContrast_prob': 0, 'crop_prob': 0, 'randomrotate90_prob': 0, 'elastictransform_prob': 0, 'gridistortion_prob': 0, 'opticaldistortion_prob': 0, 'verticalflip_prob': 0, 'horizontalflip_prob': 0, 'randomgamma_prob': 0, 'CoarseDropout_prob': 0, 'RGBShift_prob': 0, 'MotionBlur_prob': 0, 'MedianBlur_prob': 0, 'GaussianBlur_prob': 0, 'GaussNoise_prob': 0, 'ChannelShuffle_prob': 0}}}
2022-05-27 01:50:46.963 | INFO     | __main__:main:49 - Getting datapath
2022-05-27 01:50:46.967 | INFO     | __main__:main:63 - There are 1450 images to train
2022-05-27 01:50:46.968 | INFO     | __main__:main:82 - Train model with no valid dataset
2022-05-27 01:50:46.968 | INFO     | __main__:main:84 - Loading data
2022-05-27 01:50:47.035 | INFO     | __main__:main:98 - 90 batches to train
2022-05-27 01:50:47.038 | INFO     | __main__:main:111 - Loading model
2022-05-27 01:50:47.038 | INFO     | __main__:main:132 - Loading checkpoint from /mnt/data/hungpv/polyps/pretrained-backbone/pvt_v2_b3.pth ...
2022-05-27 01:50:50.228 | INFO     | __main__:main:175 - Training with FP32 ...
2022-05-27 01:54:40.029 | INFO     | tools.trainer:train_loop:103 - Epoch: [1/ 80] | Train loss: [2.092378446790907]
2022-05-27 01:58:35.854 | INFO     | tools.trainer:train_loop:103 - Epoch: [2/ 80] | Train loss: [1.0247901141643525]
2022-05-27 02:02:37.568 | INFO     | tools.trainer:train_loop:103 - Epoch: [3/ 80] | Train loss: [0.8212292916244931]
2022-05-27 02:02:37.764 | INFO     | tools.trainer:train_loop:115 - [Saving Snapshot:]/mnt/data/hungpv/polyps/checkpoint/KCECE/proposed_v7/PVTv2-B3-UPerHead_3.pth
2022-05-27 02:06:39.913 | INFO     | tools.trainer:train_loop:103 - Epoch: [4/ 80] | Train loss: [0.6857901242044236]
2022-05-27 02:10:43.406 | INFO     | tools.trainer:train_loop:103 - Epoch: [5/ 80] | Train loss: [0.5653194146023857]
2022-05-27 02:14:43.695 | INFO     | tools.trainer:train_loop:103 - Epoch: [6/ 80] | Train loss: [0.49220368564128875]
2022-05-27 02:18:42.793 | INFO     | tools.trainer:train_loop:103 - Epoch: [7/ 80] | Train loss: [0.43223780658509997]
2022-05-27 02:22:41.920 | INFO     | tools.trainer:train_loop:103 - Epoch: [8/ 80] | Train loss: [0.40508291655116613]
2022-05-27 02:26:39.863 | INFO     | tools.trainer:train_loop:103 - Epoch: [9/ 80] | Train loss: [0.3759291524688403]
2022-05-27 02:30:35.739 | INFO     | tools.trainer:train_loop:103 - Epoch: [10/ 80] | Train loss: [0.3313660537203153]
2022-05-27 02:34:24.504 | INFO     | tools.trainer:train_loop:103 - Epoch: [11/ 80] | Train loss: [0.3180223673582077]
2022-05-27 02:38:15.418 | INFO     | tools.trainer:train_loop:103 - Epoch: [12/ 80] | Train loss: [0.29626838001939987]
2022-05-27 02:42:08.885 | INFO     | tools.trainer:train_loop:103 - Epoch: [13/ 80] | Train loss: [0.2869487548867861]
2022-05-27 02:46:02.574 | INFO     | tools.trainer:train_loop:103 - Epoch: [14/ 80] | Train loss: [0.2726702612307337]
2022-05-27 02:49:57.694 | INFO     | tools.trainer:train_loop:103 - Epoch: [15/ 80] | Train loss: [0.2653455783923467]
2022-05-27 02:53:52.756 | INFO     | tools.trainer:train_loop:103 - Epoch: [16/ 80] | Train loss: [0.24404885553651387]
2022-05-27 02:57:47.022 | INFO     | tools.trainer:train_loop:103 - Epoch: [17/ 80] | Train loss: [0.24760565890206232]
2022-05-27 03:01:40.795 | INFO     | tools.trainer:train_loop:103 - Epoch: [18/ 80] | Train loss: [0.23703279578023487]
2022-05-27 03:05:35.607 | INFO     | tools.trainer:train_loop:103 - Epoch: [19/ 80] | Train loss: [0.2201062132914861]
2022-05-27 03:09:29.468 | INFO     | tools.trainer:train_loop:103 - Epoch: [20/ 80] | Train loss: [0.22262829575273727]
2022-05-27 03:13:24.436 | INFO     | tools.trainer:train_loop:103 - Epoch: [21/ 80] | Train loss: [0.21961508939663568]
2022-05-27 03:17:15.372 | INFO     | tools.trainer:train_loop:103 - Epoch: [22/ 80] | Train loss: [0.21438921491305032]
2022-05-27 03:21:04.420 | INFO     | tools.trainer:train_loop:103 - Epoch: [23/ 80] | Train loss: [0.2017703933848275]
2022-05-27 03:24:52.976 | INFO     | tools.trainer:train_loop:103 - Epoch: [24/ 80] | Train loss: [0.19211681932210922]
2022-05-27 03:28:39.618 | INFO     | tools.trainer:train_loop:103 - Epoch: [25/ 80] | Train loss: [0.1891128569841385]
2022-05-27 03:32:24.440 | INFO     | tools.trainer:train_loop:103 - Epoch: [26/ 80] | Train loss: [0.18653642468982273]
2022-05-27 03:36:09.232 | INFO     | tools.trainer:train_loop:103 - Epoch: [27/ 80] | Train loss: [0.18093238257699543]
2022-05-27 03:39:56.753 | INFO     | tools.trainer:train_loop:103 - Epoch: [28/ 80] | Train loss: [0.1888580256038242]
2022-05-27 03:43:46.611 | INFO     | tools.trainer:train_loop:103 - Epoch: [29/ 80] | Train loss: [0.18270221882396273]
2022-05-27 03:47:39.298 | INFO     | tools.trainer:train_loop:103 - Epoch: [30/ 80] | Train loss: [0.17055165006054773]
2022-05-27 03:51:34.135 | INFO     | tools.trainer:train_loop:103 - Epoch: [31/ 80] | Train loss: [0.17943128877215916]
2022-05-27 03:55:29.536 | INFO     | tools.trainer:train_loop:103 - Epoch: [32/ 80] | Train loss: [0.17630798990527788]
2022-05-27 03:59:22.069 | INFO     | tools.trainer:train_loop:103 - Epoch: [33/ 80] | Train loss: [0.18978271236022312]
2022-05-27 04:03:12.293 | INFO     | tools.trainer:train_loop:103 - Epoch: [34/ 80] | Train loss: [0.16906238198280335]
2022-05-27 04:07:01.986 | INFO     | tools.trainer:train_loop:103 - Epoch: [35/ 80] | Train loss: [0.16204711919029555]
2022-05-27 04:10:51.003 | INFO     | tools.trainer:train_loop:103 - Epoch: [36/ 80] | Train loss: [0.156470428324408]
2022-05-27 04:14:38.723 | INFO     | tools.trainer:train_loop:103 - Epoch: [37/ 80] | Train loss: [0.1651137174003654]
2022-05-27 04:18:27.086 | INFO     | tools.trainer:train_loop:103 - Epoch: [38/ 80] | Train loss: [0.15395281844668918]
2022-05-27 04:22:17.083 | INFO     | tools.trainer:train_loop:103 - Epoch: [39/ 80] | Train loss: [0.150005335195197]
2022-05-27 04:26:05.258 | INFO     | tools.trainer:train_loop:103 - Epoch: [40/ 80] | Train loss: [0.14967929042047926]
2022-05-27 04:29:53.554 | INFO     | tools.trainer:train_loop:103 - Epoch: [41/ 80] | Train loss: [0.16094395195444425]
2022-05-27 04:33:39.570 | INFO     | tools.trainer:train_loop:103 - Epoch: [42/ 80] | Train loss: [0.16801093518733978]
2022-05-27 04:37:28.283 | INFO     | tools.trainer:train_loop:103 - Epoch: [43/ 80] | Train loss: [0.15142009953657787]
2022-05-27 04:41:19.141 | INFO     | tools.trainer:train_loop:103 - Epoch: [44/ 80] | Train loss: [0.14921169090602132]
2022-05-27 04:45:08.551 | INFO     | tools.trainer:train_loop:103 - Epoch: [45/ 80] | Train loss: [0.14352966902984512]
2022-05-27 04:49:00.127 | INFO     | tools.trainer:train_loop:103 - Epoch: [46/ 80] | Train loss: [0.14578181861175432]
2022-05-27 04:52:53.027 | INFO     | tools.trainer:train_loop:103 - Epoch: [47/ 80] | Train loss: [0.1351602184275786]
2022-05-27 04:56:48.643 | INFO     | tools.trainer:train_loop:103 - Epoch: [48/ 80] | Train loss: [0.13350410461425782]
2022-05-27 05:00:42.495 | INFO     | tools.trainer:train_loop:103 - Epoch: [49/ 80] | Train loss: [0.12922511771321296]
2022-05-27 05:04:37.397 | INFO     | tools.trainer:train_loop:103 - Epoch: [50/ 80] | Train loss: [0.13097942488061057]
2022-05-27 05:08:32.211 | INFO     | tools.trainer:train_loop:103 - Epoch: [51/ 80] | Train loss: [0.1287008403903908]
2022-05-27 05:12:27.320 | INFO     | tools.trainer:train_loop:103 - Epoch: [52/ 80] | Train loss: [0.1268416654732492]
2022-05-27 05:16:19.538 | INFO     | tools.trainer:train_loop:103 - Epoch: [53/ 80] | Train loss: [0.12413795698020193]
2022-05-27 05:20:08.720 | INFO     | tools.trainer:train_loop:103 - Epoch: [54/ 80] | Train loss: [0.12374697493182288]
2022-05-27 05:23:56.510 | INFO     | tools.trainer:train_loop:103 - Epoch: [55/ 80] | Train loss: [0.12452857750985358]
2022-05-27 05:27:43.346 | INFO     | tools.trainer:train_loop:103 - Epoch: [56/ 80] | Train loss: [0.12203015370501412]
2022-05-27 05:31:29.358 | INFO     | tools.trainer:train_loop:103 - Epoch: [57/ 80] | Train loss: [0.12158202735914124]
2022-05-27 05:35:14.739 | INFO     | tools.trainer:train_loop:103 - Epoch: [58/ 80] | Train loss: [0.12235258180234167]
2022-05-27 05:39:00.290 | INFO     | tools.trainer:train_loop:103 - Epoch: [59/ 80] | Train loss: [0.11818348914384842]
2022-05-27 05:42:45.999 | INFO     | tools.trainer:train_loop:103 - Epoch: [60/ 80] | Train loss: [0.11719116709298558]
2022-05-27 05:46:32.737 | INFO     | tools.trainer:train_loop:103 - Epoch: [61/ 80] | Train loss: [0.11401631012558937]
2022-05-27 05:50:21.217 | INFO     | tools.trainer:train_loop:103 - Epoch: [62/ 80] | Train loss: [0.11240209423833424]
2022-05-27 05:54:07.912 | INFO     | tools.trainer:train_loop:103 - Epoch: [63/ 80] | Train loss: [0.11074257319172223]
2022-05-27 05:57:52.947 | INFO     | tools.trainer:train_loop:103 - Epoch: [64/ 80] | Train loss: [0.11014187153842714]
2022-05-27 06:01:37.806 | INFO     | tools.trainer:train_loop:103 - Epoch: [65/ 80] | Train loss: [0.10992316984468037]
2022-05-27 06:05:21.620 | INFO     | tools.trainer:train_loop:103 - Epoch: [66/ 80] | Train loss: [0.10834093433287409]
2022-05-27 06:09:06.304 | INFO     | tools.trainer:train_loop:103 - Epoch: [67/ 80] | Train loss: [0.10751473837428623]
2022-05-27 06:12:50.093 | INFO     | tools.trainer:train_loop:103 - Epoch: [68/ 80] | Train loss: [0.10660207561320728]
2022-05-27 06:16:35.712 | INFO     | tools.trainer:train_loop:103 - Epoch: [69/ 80] | Train loss: [0.10476487220989333]
2022-05-27 06:20:21.092 | INFO     | tools.trainer:train_loop:103 - Epoch: [70/ 80] | Train loss: [0.10464757233858109]
2022-05-27 06:24:08.499 | INFO     | tools.trainer:train_loop:103 - Epoch: [71/ 80] | Train loss: [0.10309998691082001]
2022-05-27 06:27:57.780 | INFO     | tools.trainer:train_loop:103 - Epoch: [72/ 80] | Train loss: [0.1030306852526135]
2022-05-27 06:31:48.402 | INFO     | tools.trainer:train_loop:103 - Epoch: [73/ 80] | Train loss: [0.100873804009623]
2022-05-27 06:35:41.486 | INFO     | tools.trainer:train_loop:103 - Epoch: [74/ 80] | Train loss: [0.10135475421945254]
2022-05-27 06:39:36.133 | INFO     | tools.trainer:train_loop:103 - Epoch: [75/ 80] | Train loss: [0.10032759664787186]
2022-05-27 06:43:28.748 | INFO     | tools.trainer:train_loop:103 - Epoch: [76/ 80] | Train loss: [0.09909248451391856]
2022-05-27 06:47:17.678 | INFO     | tools.trainer:train_loop:103 - Epoch: [77/ 80] | Train loss: [0.09906209723816978]
2022-05-27 06:51:05.906 | INFO     | tools.trainer:train_loop:103 - Epoch: [78/ 80] | Train loss: [0.09763831314113405]
2022-05-27 06:54:52.467 | INFO     | tools.trainer:train_loop:103 - Epoch: [79/ 80] | Train loss: [0.09860162610809008]
2022-05-27 06:58:39.109 | INFO     | tools.trainer:train_loop:103 - Epoch: [80/ 80] | Train loss: [0.09704058766365051]
2022-05-27 06:58:39.307 | INFO     | tools.trainer:train_loop:115 - [Saving Snapshot:]/mnt/data/hungpv/polyps/checkpoint/KCECE/proposed_v7/PVTv2-B3-UPerHead_80.pth
2022-05-27 06:58:39.307 | INFO     | tools.trainer:train_loop:124 - Training cost: 18468.123814232065seconds
