2022-06-08 23:35:46.658 | INFO     | __main__:main:47 - Load config from configs/proposed.yaml
2022-06-08 23:35:46.658 | INFO     | __main__:main:48 - {'dataset': {'data_path': '/home/admin_mcn/hungpv/polyps/dataset/KCECE', 'train_data_path': ['/home/admin_mcn/hungpv/polyps/dataset/KCECE/TrainDataset'], 'test_data_path': ['/home/admin_mcn/hungpv/polyps/dataset/KCECE/TestDataset/Kvasir'], 'val_data_path': ['/home/admin_mcn/hungpv/polyps/dataset/KCECE/TestDataset/CVC-300']}, 'model': {'num_classes': 1, 'save_dir': '/home/admin_mcn/hungpv/polyps/checkpoints/proposed_v5', 'backbone': 'PVTv2-B3', 'head': 'UPerHead', 'pretrained': '/home/admin_mcn/hungpv/polyps/pretrained-backbone/pvt_v2_b3.pth'}, 'optimizer': {'name': 'adam', 'lr': 0.0001, 'clip': 0.5, 'scheduler': 'cosine_warmup', 'loss': 'structure_ssim_loss'}, 'dev': 'cuda', 'train': {'start_from': 0, 'save_from': 39, 'num_epochs': 40, 'num_warmup_epoch': 4, 'is_val': False, 'size_rates': [0.75, 1, 1.25], 'dataloader': {'batchsize': 16, 'img_size': 352, 'shuffle': True, 'num_workers': 4, 'pin_memory': True, 'drop_last': True}, 'amp': False, 'ddp': False, 'augment': {'prob': 1, 'HueSaturationValue_prob': 0.5, 'RandomBrightnessContrast_prob': 0.5, 'crop_prob': 0.3, 'randomrotate90_prob': 0.5}}, 'test': {'dev': 'cuda', 'visualize': False, 'visualize_dir': '/mnt/data/hungpv/polyps/visualize', 'vis_x': 180, 'vis_overwrite': False, 'checkpoint_dir': '/home/admin_mcn/hungpv/polyps/checkpoints/proposed_v5/PVTv2-B3-UPerHead_45.pth', 'dataloader': {'batchsize': 1, 'img_size': 352, 'shuffle': True, 'num_workers': 2, 'pin_memory': True, 'drop_last': True}, 'augment': {'prob': 1, 'Flip_prob': 0, 'HueSaturationValue_prob': 0, 'RandomBrightnessContrast_prob': 0, 'crop_prob': 0, 'randomrotate90_prob': 0, 'elastictransform_prob': 0, 'gridistortion_prob': 0, 'opticaldistortion_prob': 0, 'verticalflip_prob': 0, 'horizontalflip_prob': 0, 'randomgamma_prob': 0, 'CoarseDropout_prob': 0, 'RGBShift_prob': 0, 'MotionBlur_prob': 0, 'MedianBlur_prob': 0, 'GaussianBlur_prob': 0, 'GaussNoise_prob': 0, 'ChannelShuffle_prob': 0}}}
2022-06-08 23:35:46.658 | INFO     | __main__:main:49 - Getting datapath
2022-06-08 23:35:46.663 | INFO     | __main__:main:63 - There are 1450 images to train
2022-06-08 23:35:46.663 | INFO     | __main__:main:82 - Train model with no valid dataset
2022-06-08 23:35:46.663 | INFO     | __main__:main:84 - Loading data
2022-06-08 23:35:46.729 | INFO     | __main__:main:98 - 90 batches to train
2022-06-08 23:35:46.732 | INFO     | __main__:main:111 - Loading model
2022-06-08 23:35:46.732 | INFO     | __main__:main:132 - Loading checkpoint from /home/admin_mcn/hungpv/polyps/pretrained-backbone/pvt_v2_b3.pth ...
2022-06-08 23:35:50.106 | INFO     | __main__:main:175 - Training with FP32 ...
2022-06-08 23:40:03.432 | INFO     | tools.trainer:train_loop:103 - Epoch: [1/ 40] | Train loss: [2.9099509596824644]
2022-06-08 23:44:32.924 | INFO     | tools.trainer:train_loop:103 - Epoch: [2/ 40] | Train loss: [1.3227884729703268]
2022-06-08 23:49:09.285 | INFO     | tools.trainer:train_loop:103 - Epoch: [3/ 40] | Train loss: [0.9628776639699936]
2022-06-08 23:49:09.494 | INFO     | tools.trainer:train_loop:115 - [Saving Snapshot:]/home/admin_mcn/hungpv/polyps/checkpoints/proposed_v5/PVTv2-B3-UPerHead_3.pth
2022-06-08 23:53:47.760 | INFO     | tools.trainer:train_loop:103 - Epoch: [4/ 40] | Train loss: [0.8610755188597573]
2022-06-08 23:58:26.226 | INFO     | tools.trainer:train_loop:103 - Epoch: [5/ 40] | Train loss: [0.7988282183806101]
2022-06-09 00:03:08.087 | INFO     | tools.trainer:train_loop:103 - Epoch: [6/ 40] | Train loss: [0.6958177404271232]
2022-06-09 00:07:53.159 | INFO     | tools.trainer:train_loop:103 - Epoch: [7/ 40] | Train loss: [0.6596053193012873]
2022-06-09 00:12:37.754 | INFO     | tools.trainer:train_loop:103 - Epoch: [8/ 40] | Train loss: [0.5339889400535159]
2022-06-09 00:17:21.546 | INFO     | tools.trainer:train_loop:103 - Epoch: [9/ 40] | Train loss: [0.4743305888440874]
2022-06-09 00:21:52.967 | INFO     | tools.trainer:train_loop:103 - Epoch: [10/ 40] | Train loss: [0.48467175695631237]
2022-06-09 00:26:18.299 | INFO     | tools.trainer:train_loop:103 - Epoch: [11/ 40] | Train loss: [0.4126106525460879]
2022-06-09 00:30:39.982 | INFO     | tools.trainer:train_loop:103 - Epoch: [12/ 40] | Train loss: [0.3738985179199113]
2022-06-09 00:35:07.806 | INFO     | tools.trainer:train_loop:103 - Epoch: [13/ 40] | Train loss: [0.3910411078068945]
2022-06-09 00:39:42.322 | INFO     | tools.trainer:train_loop:103 - Epoch: [14/ 40] | Train loss: [0.3749071651034885]
2022-06-09 00:44:21.552 | INFO     | tools.trainer:train_loop:103 - Epoch: [15/ 40] | Train loss: [0.359385120206409]
2022-06-09 00:49:01.953 | INFO     | tools.trainer:train_loop:103 - Epoch: [16/ 40] | Train loss: [0.35896344499455557]
2022-06-09 00:53:39.150 | INFO     | tools.trainer:train_loop:103 - Epoch: [17/ 40] | Train loss: [0.33399151100052726]
2022-06-09 00:58:04.998 | INFO     | tools.trainer:train_loop:103 - Epoch: [18/ 40] | Train loss: [0.3383618528644244]
2022-06-09 01:02:28.315 | INFO     | tools.trainer:train_loop:103 - Epoch: [19/ 40] | Train loss: [0.34427123384343256]
2022-06-09 01:06:56.976 | INFO     | tools.trainer:train_loop:103 - Epoch: [20/ 40] | Train loss: [0.3363432263334592]
2022-06-09 01:11:29.824 | INFO     | tools.trainer:train_loop:103 - Epoch: [21/ 40] | Train loss: [0.33706691844595804]
2022-06-09 01:15:51.833 | INFO     | tools.trainer:train_loop:103 - Epoch: [22/ 40] | Train loss: [0.31625992324617175]
2022-06-09 01:20:11.234 | INFO     | tools.trainer:train_loop:103 - Epoch: [23/ 40] | Train loss: [0.2892424464225769]
2022-06-09 01:24:29.578 | INFO     | tools.trainer:train_loop:103 - Epoch: [24/ 40] | Train loss: [0.2830140186680688]
2022-06-09 01:28:51.192 | INFO     | tools.trainer:train_loop:103 - Epoch: [25/ 40] | Train loss: [0.288119027349684]
2022-06-09 01:33:15.991 | INFO     | tools.trainer:train_loop:103 - Epoch: [26/ 40] | Train loss: [0.33670304119586947]
2022-06-09 01:37:46.823 | INFO     | tools.trainer:train_loop:103 - Epoch: [27/ 40] | Train loss: [0.29013323850101896]
2022-06-09 01:42:22.912 | INFO     | tools.trainer:train_loop:103 - Epoch: [28/ 40] | Train loss: [0.27331165273984276]
2022-06-09 01:47:02.117 | INFO     | tools.trainer:train_loop:103 - Epoch: [29/ 40] | Train loss: [0.29698257744312284]
2022-06-09 01:51:40.841 | INFO     | tools.trainer:train_loop:103 - Epoch: [30/ 40] | Train loss: [0.2823289629485872]
2022-06-09 01:56:08.186 | INFO     | tools.trainer:train_loop:103 - Epoch: [31/ 40] | Train loss: [0.26421934101316663]
2022-06-09 02:00:29.286 | INFO     | tools.trainer:train_loop:103 - Epoch: [32/ 40] | Train loss: [0.2633375815219349]
2022-06-09 02:04:54.074 | INFO     | tools.trainer:train_loop:103 - Epoch: [33/ 40] | Train loss: [0.2567606379588445]
2022-06-09 02:09:26.642 | INFO     | tools.trainer:train_loop:103 - Epoch: [34/ 40] | Train loss: [0.25562044895357555]
2022-06-09 02:14:02.603 | INFO     | tools.trainer:train_loop:103 - Epoch: [35/ 40] | Train loss: [0.25438249475426145]
2022-06-09 02:18:39.414 | INFO     | tools.trainer:train_loop:103 - Epoch: [36/ 40] | Train loss: [0.23472721990611817]
2022-06-09 02:23:19.454 | INFO     | tools.trainer:train_loop:103 - Epoch: [37/ 40] | Train loss: [0.2351640209555626]
2022-06-09 02:27:49.390 | INFO     | tools.trainer:train_loop:103 - Epoch: [38/ 40] | Train loss: [0.21763841642273796]
2022-06-09 02:32:10.414 | INFO     | tools.trainer:train_loop:103 - Epoch: [39/ 40] | Train loss: [0.22851757903893788]
2022-06-09 02:36:32.610 | INFO     | tools.trainer:train_loop:103 - Epoch: [40/ 40] | Train loss: [0.224733151247104]
2022-06-09 02:36:32.823 | INFO     | tools.trainer:train_loop:115 - [Saving Snapshot:]/home/admin_mcn/hungpv/polyps/checkpoints/proposed_v5/PVTv2-B3-UPerHead_40.pth
2022-06-09 02:36:32.824 | INFO     | tools.trainer:train_loop:124 - Training cost: 10841.677534243005seconds
