2022-04-23 16:41:36.335 | INFO     | __main__:main:46 - Load config from configs/proposed.yaml
2022-04-23 16:41:36.335 | INFO     | __main__:main:47 - {'dataset': {'data_path': '/home/admin_mcn/hungpv/polyps/dataset/KCECE', 'train_data_path': ['/home/admin_mcn/hungpv/polyps/dataset/KCECE/TrainDataset'], 'test_data_path': ['/home/admin_mcn/hungpv/polyps/dataset/KCECE/TestDataset/CVC-ClinicDB'], 'val_data_path': ['/home/admin_mcn/hungpv/polyps/dataset/KCECE/TestDataset/CVC-300']}, 'model': {'num_classes': 1, 'save_dir': '/mnt/data/hungpv/polyps/checkpoint/KCECE/proposed_v3', 'backbone': 'PVTv2-B3', 'head': 'UPerHead', 'pretrained': '/mnt/data/hungpv/polyps/pretrained-backbone/pvt_v2_b3.pth'}, 'optimizer': {'name': 'adam', 'lr': 0.0001, 'clip': 0.5, 'scheduler': 'cosine_warmup', 'loss': 'structure_loss'}, 'dev': 'cuda', 'train': {'start_from': 0, 'save_from': 79, 'num_epochs': 80, 'num_warmup_epoch': 10, 'is_val': False, 'size_rates': [0.75, 1, 1.25], 'dataloader': {'batchsize': 16, 'img_size': 352, 'shuffle': True, 'num_workers': 2, 'pin_memory': True, 'drop_last': True}, 'amp': False, 'ddp': False, 'augment': {'prob': 1, 'Flip_prob': 0.7, 'HueSaturationValue_prob': 0.7, 'RandomBrightnessContrast_prob': 0.5, 'crop_prob': 0.0, 'randomrotate90_prob': 0.7}}, 'test': {'dev': 'cuda', 'visualize': False, 'visualize_dir': '/mnt/data/hungpv/polyps/visualize', 'vis_x': 180, 'vis_overwrite': False, 'checkpoint_dir': '/mnt/data/hungpv/polyps/checkpoint/KCECE/proposed_v2/PVTv2-B3-UPerHead_80.pth', 'dataloader': {'batchsize': 1, 'img_size': 352, 'shuffle': True, 'num_workers': 2, 'pin_memory': True, 'drop_last': True}, 'augment': {'prob': 1, 'Flip_prob': 0, 'HueSaturationValue_prob': 0, 'RandomBrightnessContrast_prob': 0, 'crop_prob': 0, 'randomrotate90_prob': 0, 'elastictransform_prob': 0, 'gridistortion_prob': 0, 'opticaldistortion_prob': 0, 'verticalflip_prob': 0, 'horizontalflip_prob': 0, 'randomgamma_prob': 0, 'CoarseDropout_prob': 0, 'RGBShift_prob': 0, 'MotionBlur_prob': 0, 'MedianBlur_prob': 0, 'GaussianBlur_prob': 0, 'GaussNoise_prob': 0, 'ChannelShuffle_prob': 0}}}
2022-04-23 16:41:36.335 | INFO     | __main__:main:48 - Getting datapath
2022-04-23 16:41:36.341 | INFO     | __main__:main:62 - There are 1450 images to train
2022-04-23 16:41:36.342 | INFO     | __main__:main:81 - Train model with no valid dataset
2022-04-23 16:41:36.342 | INFO     | __main__:main:83 - Loading data
2022-04-23 16:41:36.430 | INFO     | __main__:main:97 - 90 batches to train
2022-04-23 16:41:36.438 | INFO     | __main__:main:110 - Loading model
2022-04-23 16:41:36.438 | INFO     | __main__:main:131 - Loading checkpoint from /mnt/data/hungpv/polyps/pretrained-backbone/pvt_v2_b3.pth ...
2022-04-23 16:41:39.038 | INFO     | __main__:main:174 - Training with FP32 ...
2022-04-23 16:45:26.337 | INFO     | tools.trainer:train_loop:103 - Epoch: [1/ 80] | Train loss: [2.3466860863897536]
2022-04-23 16:49:12.671 | INFO     | tools.trainer:train_loop:103 - Epoch: [2/ 80] | Train loss: [0.8038146280580096]
2022-04-23 16:52:59.387 | INFO     | tools.trainer:train_loop:103 - Epoch: [3/ 80] | Train loss: [0.6029346287250519]
2022-04-23 16:52:59.597 | INFO     | tools.trainer:train_loop:118 - [Saving Snapshot:]/mnt/data/hungpv/polyps/checkpoint/KCECE/proposed_v3/PVTv2-B3-UPerHead_3.pth
2022-04-23 16:56:47.025 | INFO     | tools.trainer:train_loop:103 - Epoch: [4/ 80] | Train loss: [0.4589887148804135]
2022-04-23 17:00:35.492 | INFO     | tools.trainer:train_loop:103 - Epoch: [5/ 80] | Train loss: [0.38705844200319717]
2022-04-23 17:04:23.768 | INFO     | tools.trainer:train_loop:103 - Epoch: [6/ 80] | Train loss: [0.34837430400980846]
2022-04-23 17:08:12.531 | INFO     | tools.trainer:train_loop:103 - Epoch: [7/ 80] | Train loss: [0.3234405587116877]
2022-04-23 17:12:01.057 | INFO     | tools.trainer:train_loop:103 - Epoch: [8/ 80] | Train loss: [0.2813419151637289]
2022-04-23 17:15:50.199 | INFO     | tools.trainer:train_loop:103 - Epoch: [9/ 80] | Train loss: [0.2557019508547253]
2022-04-23 17:19:39.459 | INFO     | tools.trainer:train_loop:103 - Epoch: [10/ 80] | Train loss: [0.24208122707075544]
2022-04-23 17:23:28.776 | INFO     | tools.trainer:train_loop:103 - Epoch: [11/ 80] | Train loss: [0.2681401635209719]
2022-04-23 17:27:18.566 | INFO     | tools.trainer:train_loop:103 - Epoch: [12/ 80] | Train loss: [0.21175980385806825]
2022-04-23 17:31:07.676 | INFO     | tools.trainer:train_loop:103 - Epoch: [13/ 80] | Train loss: [0.21210274911589092]
2022-04-23 17:34:57.668 | INFO     | tools.trainer:train_loop:103 - Epoch: [14/ 80] | Train loss: [0.19864239974154366]
2022-04-23 17:38:46.483 | INFO     | tools.trainer:train_loop:103 - Epoch: [15/ 80] | Train loss: [0.20889309131436878]
2022-04-23 17:42:34.838 | INFO     | tools.trainer:train_loop:103 - Epoch: [16/ 80] | Train loss: [0.20443614919980366]
2022-04-23 17:46:23.535 | INFO     | tools.trainer:train_loop:103 - Epoch: [17/ 80] | Train loss: [0.2015516976515452]
2022-04-23 17:50:11.051 | INFO     | tools.trainer:train_loop:103 - Epoch: [18/ 80] | Train loss: [0.189602989041143]
2022-04-23 17:53:58.640 | INFO     | tools.trainer:train_loop:103 - Epoch: [19/ 80] | Train loss: [0.18569093975755904]
2022-04-23 17:57:46.534 | INFO     | tools.trainer:train_loop:103 - Epoch: [20/ 80] | Train loss: [0.1683698798219363]
2022-04-23 18:01:33.394 | INFO     | tools.trainer:train_loop:103 - Epoch: [21/ 80] | Train loss: [0.16369469149245156]
2022-04-23 18:05:20.894 | INFO     | tools.trainer:train_loop:103 - Epoch: [22/ 80] | Train loss: [0.15854300467504395]
2022-04-23 18:09:07.910 | INFO     | tools.trainer:train_loop:103 - Epoch: [23/ 80] | Train loss: [0.1477708463039663]
2022-04-23 18:12:54.843 | INFO     | tools.trainer:train_loop:103 - Epoch: [24/ 80] | Train loss: [0.14780160097612274]
2022-04-23 18:16:42.156 | INFO     | tools.trainer:train_loop:103 - Epoch: [25/ 80] | Train loss: [0.1480431837340196]
2022-04-23 18:20:29.551 | INFO     | tools.trainer:train_loop:103 - Epoch: [26/ 80] | Train loss: [0.14889311004016134]
2022-04-23 18:24:16.139 | INFO     | tools.trainer:train_loop:103 - Epoch: [27/ 80] | Train loss: [0.14074397567245694]
2022-04-23 18:28:03.239 | INFO     | tools.trainer:train_loop:103 - Epoch: [28/ 80] | Train loss: [0.13399862266249127]
2022-04-23 18:31:50.308 | INFO     | tools.trainer:train_loop:103 - Epoch: [29/ 80] | Train loss: [0.13542776728669803]
2022-04-23 18:35:36.840 | INFO     | tools.trainer:train_loop:103 - Epoch: [30/ 80] | Train loss: [0.1311020656592316]
2022-04-23 18:39:23.529 | INFO     | tools.trainer:train_loop:103 - Epoch: [31/ 80] | Train loss: [0.12722837924957275]
2022-04-23 18:43:10.280 | INFO     | tools.trainer:train_loop:103 - Epoch: [32/ 80] | Train loss: [0.12592155304219987]
2022-04-23 18:46:56.943 | INFO     | tools.trainer:train_loop:103 - Epoch: [33/ 80] | Train loss: [0.1398541871872213]
2022-04-23 18:50:43.843 | INFO     | tools.trainer:train_loop:103 - Epoch: [34/ 80] | Train loss: [0.12981711013449562]
2022-04-23 18:54:31.289 | INFO     | tools.trainer:train_loop:103 - Epoch: [35/ 80] | Train loss: [0.1292265776130888]
2022-04-23 18:58:18.186 | INFO     | tools.trainer:train_loop:103 - Epoch: [36/ 80] | Train loss: [0.11938595564828978]
2022-04-23 19:02:04.896 | INFO     | tools.trainer:train_loop:103 - Epoch: [37/ 80] | Train loss: [0.12038707269562615]
2022-04-23 19:05:51.682 | INFO     | tools.trainer:train_loop:103 - Epoch: [38/ 80] | Train loss: [0.11815343606803153]
2022-04-23 19:09:38.554 | INFO     | tools.trainer:train_loop:103 - Epoch: [39/ 80] | Train loss: [0.11823927288254102]
2022-04-23 19:13:25.614 | INFO     | tools.trainer:train_loop:103 - Epoch: [40/ 80] | Train loss: [0.12159425914287567]
2022-04-23 19:17:12.844 | INFO     | tools.trainer:train_loop:103 - Epoch: [41/ 80] | Train loss: [0.11370842307806014]
2022-04-23 19:21:01.074 | INFO     | tools.trainer:train_loop:103 - Epoch: [42/ 80] | Train loss: [0.10959615036845208]
2022-04-23 19:24:48.830 | INFO     | tools.trainer:train_loop:103 - Epoch: [43/ 80] | Train loss: [0.11531428512599733]
2022-04-23 19:28:37.140 | INFO     | tools.trainer:train_loop:103 - Epoch: [44/ 80] | Train loss: [0.11032756351762348]
2022-04-23 19:32:25.603 | INFO     | tools.trainer:train_loop:103 - Epoch: [45/ 80] | Train loss: [0.10781537029478284]
2022-04-23 19:36:13.786 | INFO     | tools.trainer:train_loop:103 - Epoch: [46/ 80] | Train loss: [0.10361972384982639]
2022-04-23 19:40:02.395 | INFO     | tools.trainer:train_loop:103 - Epoch: [47/ 80] | Train loss: [0.09965875819325447]
2022-04-23 19:43:50.706 | INFO     | tools.trainer:train_loop:103 - Epoch: [48/ 80] | Train loss: [0.10046273329191738]
2022-04-23 19:47:38.989 | INFO     | tools.trainer:train_loop:103 - Epoch: [49/ 80] | Train loss: [0.09847821204198731]
2022-04-23 19:51:27.014 | INFO     | tools.trainer:train_loop:103 - Epoch: [50/ 80] | Train loss: [0.09921342151032554]
2022-04-23 19:55:14.695 | INFO     | tools.trainer:train_loop:103 - Epoch: [51/ 80] | Train loss: [0.09557257029745314]
2022-04-23 19:59:02.855 | INFO     | tools.trainer:train_loop:103 - Epoch: [52/ 80] | Train loss: [0.10139894328183598]
2022-04-23 20:02:51.204 | INFO     | tools.trainer:train_loop:103 - Epoch: [53/ 80] | Train loss: [0.09632692121797137]
2022-04-23 20:06:38.971 | INFO     | tools.trainer:train_loop:103 - Epoch: [54/ 80] | Train loss: [0.09483399407731162]
2022-04-23 20:10:26.113 | INFO     | tools.trainer:train_loop:103 - Epoch: [55/ 80] | Train loss: [0.09218016324771774]
2022-04-23 20:14:13.388 | INFO     | tools.trainer:train_loop:103 - Epoch: [56/ 80] | Train loss: [0.0928189840581682]
2022-04-23 20:18:00.528 | INFO     | tools.trainer:train_loop:103 - Epoch: [57/ 80] | Train loss: [0.0913731414410803]
2022-04-23 20:21:47.325 | INFO     | tools.trainer:train_loop:103 - Epoch: [58/ 80] | Train loss: [0.08919680582152473]
2022-04-23 20:25:34.307 | INFO     | tools.trainer:train_loop:103 - Epoch: [59/ 80] | Train loss: [0.08851440010799302]
2022-04-23 20:29:21.146 | INFO     | tools.trainer:train_loop:103 - Epoch: [60/ 80] | Train loss: [0.08549832420216666]
2022-04-23 20:33:08.107 | INFO     | tools.trainer:train_loop:103 - Epoch: [61/ 80] | Train loss: [0.08520501164926422]
2022-04-23 20:36:55.162 | INFO     | tools.trainer:train_loop:103 - Epoch: [62/ 80] | Train loss: [0.08527813164724243]
2022-04-23 20:40:41.993 | INFO     | tools.trainer:train_loop:103 - Epoch: [63/ 80] | Train loss: [0.08400851728187667]
2022-04-23 20:44:28.884 | INFO     | tools.trainer:train_loop:103 - Epoch: [64/ 80] | Train loss: [0.08259360757138993]
2022-04-23 20:48:16.050 | INFO     | tools.trainer:train_loop:103 - Epoch: [65/ 80] | Train loss: [0.08204605960183674]
2022-04-23 20:52:02.579 | INFO     | tools.trainer:train_loop:103 - Epoch: [66/ 80] | Train loss: [0.080537711083889]
2022-04-23 20:55:49.279 | INFO     | tools.trainer:train_loop:103 - Epoch: [67/ 80] | Train loss: [0.07908457600408131]
2022-04-23 20:59:35.956 | INFO     | tools.trainer:train_loop:103 - Epoch: [68/ 80] | Train loss: [0.07902522600359387]
2022-04-23 21:03:22.647 | INFO     | tools.trainer:train_loop:103 - Epoch: [69/ 80] | Train loss: [0.07867635492649343]
2022-04-23 21:07:09.621 | INFO     | tools.trainer:train_loop:103 - Epoch: [70/ 80] | Train loss: [0.0792176730516884]
2022-04-23 21:10:56.905 | INFO     | tools.trainer:train_loop:103 - Epoch: [71/ 80] | Train loss: [0.07691931443081962]
2022-04-23 21:14:44.567 | INFO     | tools.trainer:train_loop:103 - Epoch: [72/ 80] | Train loss: [0.07658101949426863]
2022-04-23 21:18:32.258 | INFO     | tools.trainer:train_loop:103 - Epoch: [73/ 80] | Train loss: [0.07705880221393373]
2022-04-23 21:22:20.761 | INFO     | tools.trainer:train_loop:103 - Epoch: [74/ 80] | Train loss: [0.07581065677934223]
2022-04-23 21:26:09.257 | INFO     | tools.trainer:train_loop:103 - Epoch: [75/ 80] | Train loss: [0.07466353898247083]
2022-04-23 21:29:57.685 | INFO     | tools.trainer:train_loop:103 - Epoch: [76/ 80] | Train loss: [0.0751274709072378]
2022-04-23 21:33:45.310 | INFO     | tools.trainer:train_loop:103 - Epoch: [77/ 80] | Train loss: [0.07393875593940417]
2022-04-23 21:37:33.451 | INFO     | tools.trainer:train_loop:103 - Epoch: [78/ 80] | Train loss: [0.0729878183040354]
2022-04-23 21:41:21.798 | INFO     | tools.trainer:train_loop:103 - Epoch: [79/ 80] | Train loss: [0.07286631038619412]
2022-04-23 21:45:09.721 | INFO     | tools.trainer:train_loop:103 - Epoch: [80/ 80] | Train loss: [0.07295670505199167]
2022-04-23 21:45:09.926 | INFO     | tools.trainer:train_loop:118 - [Saving Snapshot:]/mnt/data/hungpv/polyps/checkpoint/KCECE/proposed_v3/PVTv2-B3-UPerHead_80.pth
2022-04-23 21:45:09.926 | INFO     | tools.trainer:train_loop:124 - Training cost: 18209.990228584036seconds
