2022-05-26 10:18:53.520 | INFO     | __main__:main:46 - Load config from configs/proposed.yaml
2022-05-26 10:18:53.520 | INFO     | __main__:main:47 - {'dataset': {'data_path': '/home/admin_mcn/hungpv/polyps/dataset/KCECE', 'train_data_path': ['/home/admin_mcn/hungpv/polyps/dataset/KCECE/TrainDataset'], 'test_data_path': ['/home/admin_mcn/hungpv/polyps/dataset/KCECE/TestDataset/Kvasir'], 'val_data_path': ['/home/admin_mcn/hungpv/polyps/dataset/KCECE/TestDataset/CVC-300']}, 'model': {'num_classes': 1, 'save_dir': '/mnt/data/hungpv/polyps/checkpoint/KCECE/proposed_v5', 'backbone': 'PVTv2-B3', 'head': 'UPerHead', 'pretrained': '/mnt/data/hungpv/polyps/pretrained-backbone/pvt_v2_b3.pth'}, 'optimizer': {'name': 'adamw', 'lr': 0.0001, 'clip': 0.5, 'scheduler': 'cosine_warmup', 'loss': 'structure_loss'}, 'dev': 'cuda', 'train': {'start_from': 0, 'save_from': 29, 'num_epochs': 30, 'num_warmup_epoch': 10, 'is_val': False, 'size_rates': [0.75, 1, 1.25], 'dataloader': {'batchsize': 16, 'img_size': 352, 'shuffle': True, 'num_workers': 2, 'pin_memory': True, 'drop_last': True}, 'amp': False, 'ddp': False, 'augment': {'prob': 1, 'Flip_prob': 0.5, 'HueSaturationValue_prob': 0.5, 'RandomBrightnessContrast_prob': 0.5, 'crop_prob': 0.0, 'randomrotate90_prob': 0.7}}, 'test': {'dev': 'cuda', 'visualize': False, 'visualize_dir': '/mnt/data/hungpv/polyps/visualize', 'vis_x': 180, 'vis_overwrite': False, 'checkpoint_dir': '/mnt/data/hungpv/polyps/checkpoint/KCECE/proposed_v4/PVTv2-B3-UPerHead_60.pth', 'dataloader': {'batchsize': 1, 'img_size': 352, 'shuffle': True, 'num_workers': 2, 'pin_memory': True, 'drop_last': True}, 'augment': {'prob': 1, 'Flip_prob': 0, 'HueSaturationValue_prob': 0, 'RandomBrightnessContrast_prob': 0, 'crop_prob': 0, 'randomrotate90_prob': 0, 'elastictransform_prob': 0, 'gridistortion_prob': 0, 'opticaldistortion_prob': 0, 'verticalflip_prob': 0, 'horizontalflip_prob': 0, 'randomgamma_prob': 0, 'CoarseDropout_prob': 0, 'RGBShift_prob': 0, 'MotionBlur_prob': 0, 'MedianBlur_prob': 0, 'GaussianBlur_prob': 0, 'GaussNoise_prob': 0, 'ChannelShuffle_prob': 0}}}
2022-05-26 10:18:53.521 | INFO     | __main__:main:48 - Getting datapath
2022-05-26 10:18:53.525 | INFO     | __main__:main:62 - There are 1450 images to train
2022-05-26 10:18:53.526 | INFO     | __main__:main:81 - Train model with no valid dataset
2022-05-26 10:18:53.526 | INFO     | __main__:main:83 - Loading data
2022-05-26 10:18:53.592 | INFO     | __main__:main:97 - 90 batches to train
2022-05-26 10:18:53.595 | INFO     | __main__:main:110 - Loading model
2022-05-26 10:18:53.595 | INFO     | __main__:main:131 - Loading checkpoint from /mnt/data/hungpv/polyps/pretrained-backbone/pvt_v2_b3.pth ...
2022-05-26 10:18:56.966 | INFO     | __main__:main:174 - Training with FP32 ...
2022-05-26 10:23:21.521 | INFO     | tools.trainer:train_loop:103 - Epoch: [1/ 30] | Train loss: [2.9346893668174743]
2022-05-26 10:27:51.273 | INFO     | tools.trainer:train_loop:103 - Epoch: [2/ 30] | Train loss: [0.8573149926132626]
2022-05-26 10:32:18.173 | INFO     | tools.trainer:train_loop:103 - Epoch: [3/ 30] | Train loss: [0.6394293910927242]
2022-05-26 10:32:18.871 | INFO     | tools.trainer:train_loop:115 - [Saving Snapshot:]/mnt/data/hungpv/polyps/checkpoint/KCECE/proposed_v5/PVTv2-B3-UPerHead_3.pth
2022-05-26 10:36:43.940 | INFO     | tools.trainer:train_loop:103 - Epoch: [4/ 30] | Train loss: [0.5087303042411804]
2022-05-26 10:41:17.656 | INFO     | tools.trainer:train_loop:103 - Epoch: [5/ 30] | Train loss: [0.4282527791129218]
2022-05-26 10:45:45.254 | INFO     | tools.trainer:train_loop:103 - Epoch: [6/ 30] | Train loss: [0.3689686738782459]
2022-05-26 10:50:07.207 | INFO     | tools.trainer:train_loop:103 - Epoch: [7/ 30] | Train loss: [0.31469051274988386]
2022-05-26 10:54:33.079 | INFO     | tools.trainer:train_loop:103 - Epoch: [8/ 30] | Train loss: [0.2919237262672848]
2022-05-26 10:58:56.229 | INFO     | tools.trainer:train_loop:103 - Epoch: [9/ 30] | Train loss: [0.2928552923931016]
2022-05-26 11:03:12.846 | INFO     | tools.trainer:train_loop:103 - Epoch: [10/ 30] | Train loss: [0.2486414149403572]
2022-05-26 11:07:24.914 | INFO     | tools.trainer:train_loop:103 - Epoch: [11/ 30] | Train loss: [0.22862544887595707]
2022-05-26 11:11:41.943 | INFO     | tools.trainer:train_loop:103 - Epoch: [12/ 30] | Train loss: [0.2375967307223214]
2022-05-26 11:16:08.515 | INFO     | tools.trainer:train_loop:103 - Epoch: [13/ 30] | Train loss: [0.21972766783502368]
2022-05-26 11:20:46.658 | INFO     | tools.trainer:train_loop:103 - Epoch: [14/ 30] | Train loss: [0.19688369350300894]
2022-05-26 11:25:23.431 | INFO     | tools.trainer:train_loop:103 - Epoch: [15/ 30] | Train loss: [0.20380380915270913]
2022-05-26 11:29:34.631 | INFO     | tools.trainer:train_loop:103 - Epoch: [16/ 30] | Train loss: [0.17999950713581508]
2022-05-26 11:33:54.228 | INFO     | tools.trainer:train_loop:103 - Epoch: [17/ 30] | Train loss: [0.19568493101331924]
2022-05-26 11:38:10.808 | INFO     | tools.trainer:train_loop:103 - Epoch: [18/ 30] | Train loss: [0.17091470402148035]
2022-05-26 11:42:25.070 | INFO     | tools.trainer:train_loop:103 - Epoch: [19/ 30] | Train loss: [0.16462879263692431]
2022-05-26 11:46:34.812 | INFO     | tools.trainer:train_loop:103 - Epoch: [20/ 30] | Train loss: [0.16734479293227195]
2022-05-26 11:50:41.924 | INFO     | tools.trainer:train_loop:103 - Epoch: [21/ 30] | Train loss: [0.15533600598573685]
2022-05-26 11:54:42.277 | INFO     | tools.trainer:train_loop:103 - Epoch: [22/ 30] | Train loss: [0.15503652600778473]
2022-05-26 11:58:45.897 | INFO     | tools.trainer:train_loop:103 - Epoch: [23/ 30] | Train loss: [0.14421652439567778]
2022-05-26 12:02:51.848 | INFO     | tools.trainer:train_loop:103 - Epoch: [24/ 30] | Train loss: [0.15053428850240178]
2022-05-26 12:07:04.410 | INFO     | tools.trainer:train_loop:103 - Epoch: [25/ 30] | Train loss: [0.14373162653711108]
2022-05-26 12:11:20.810 | INFO     | tools.trainer:train_loop:103 - Epoch: [26/ 30] | Train loss: [0.14408334717154503]
2022-05-26 12:15:37.054 | INFO     | tools.trainer:train_loop:103 - Epoch: [27/ 30] | Train loss: [0.1312379232711262]
2022-05-26 12:19:27.863 | INFO     | tools.trainer:train_loop:103 - Epoch: [28/ 30] | Train loss: [0.12839593001537852]
2022-05-26 12:22:40.426 | INFO     | tools.trainer:train_loop:103 - Epoch: [29/ 30] | Train loss: [0.1233343674076928]
2022-05-26 12:25:50.359 | INFO     | tools.trainer:train_loop:103 - Epoch: [30/ 30] | Train loss: [0.12215303977330526]
2022-05-26 12:25:50.551 | INFO     | tools.trainer:train_loop:115 - [Saving Snapshot:]/mnt/data/hungpv/polyps/checkpoint/KCECE/proposed_v5/PVTv2-B3-UPerHead_30.pth
2022-05-26 12:25:50.551 | INFO     | tools.trainer:train_loop:124 - Training cost: 7612.546438502031seconds
