2022-06-08 20:03:38.777 | INFO     | __main__:main:47 - Load config from configs/proposed.yaml
2022-06-08 20:03:38.777 | INFO     | __main__:main:48 - {'dataset': {'data_path': '/home/admin_mcn/hungpv/polyps/dataset/KCECE', 'train_data_path': ['/home/admin_mcn/hungpv/polyps/dataset/KCECE/TrainDataset'], 'test_data_path': ['/home/admin_mcn/hungpv/polyps/dataset/KCECE/TestDataset/Kvasir'], 'val_data_path': ['/home/admin_mcn/hungpv/polyps/dataset/KCECE/TestDataset/CVC-300']}, 'model': {'num_classes': 1, 'save_dir': '/home/admin_mcn/hungpv/polyps/checkpoints/proposed_v8', 'backbone': 'PVTv2-B3', 'head': 'UPerHead', 'pretrained': '/home/admin_mcn/hungpv/polyps/pretrained-backbone/pvt_v2_b3.pth'}, 'optimizer': {'name': 'adam', 'lr': 0.0001, 'clip': 0.5, 'scheduler': 'cosine_warmup', 'loss': 'structure_ssim_loss'}, 'dev': 'cuda', 'train': {'start_from': 0, 'save_from': 39, 'num_epochs': 40, 'num_warmup_epoch': 6, 'is_val': False, 'size_rates': [0.75, 1, 1.25], 'dataloader': {'batchsize': 16, 'img_size': 352, 'shuffle': True, 'num_workers': 4, 'pin_memory': True, 'drop_last': True}, 'amp': False, 'ddp': False, 'augment': {'prob': 1, 'HueSaturationValue_prob': 0.5, 'RandomBrightnessContrast_prob': 0.5, 'crop_prob': 0.0, 'randomrotate90_prob': 0.5}}, 'test': {'dev': 'cuda', 'visualize': False, 'visualize_dir': '/mnt/data/hungpv/polyps/visualize', 'vis_x': 180, 'vis_overwrite': False, 'checkpoint_dir': '/home/admin_mcn/hungpv/polyps/checkpoints/proposed_v8/PVTv2-B3-UPerHead_40.pth', 'dataloader': {'batchsize': 1, 'img_size': 352, 'shuffle': True, 'num_workers': 2, 'pin_memory': True, 'drop_last': True}, 'augment': {'prob': 1, 'Flip_prob': 0, 'HueSaturationValue_prob': 0, 'RandomBrightnessContrast_prob': 0, 'crop_prob': 0, 'randomrotate90_prob': 0, 'elastictransform_prob': 0, 'gridistortion_prob': 0, 'opticaldistortion_prob': 0, 'verticalflip_prob': 0, 'horizontalflip_prob': 0, 'randomgamma_prob': 0, 'CoarseDropout_prob': 0, 'RGBShift_prob': 0, 'MotionBlur_prob': 0, 'MedianBlur_prob': 0, 'GaussianBlur_prob': 0, 'GaussNoise_prob': 0, 'ChannelShuffle_prob': 0}}}
2022-06-08 20:03:38.777 | INFO     | __main__:main:49 - Getting datapath
2022-06-08 20:03:38.782 | INFO     | __main__:main:63 - There are 1450 images to train
2022-06-08 20:03:38.782 | INFO     | __main__:main:82 - Train model with no valid dataset
2022-06-08 20:03:38.783 | INFO     | __main__:main:84 - Loading data
2022-06-08 20:03:38.848 | INFO     | __main__:main:98 - 90 batches to train
2022-06-08 20:03:38.851 | INFO     | __main__:main:111 - Loading model
2022-06-08 20:03:38.851 | INFO     | __main__:main:132 - Loading checkpoint from /home/admin_mcn/hungpv/polyps/pretrained-backbone/pvt_v2_b3.pth ...
2022-06-08 20:03:42.378 | INFO     | __main__:main:175 - Training with FP32 ...
2022-06-08 20:07:45.695 | INFO     | tools.trainer:train_loop:103 - Epoch: [1/ 40] | Train loss: [3.0159485114945306]
2022-06-08 20:12:02.034 | INFO     | tools.trainer:train_loop:103 - Epoch: [2/ 40] | Train loss: [1.2685095634725359]
2022-06-08 20:16:18.040 | INFO     | tools.trainer:train_loop:103 - Epoch: [3/ 40] | Train loss: [0.9292601426442464]
2022-06-08 20:16:18.258 | INFO     | tools.trainer:train_loop:115 - [Saving Snapshot:]/home/admin_mcn/hungpv/polyps/checkpoints/proposed_v8/PVTv2-B3-UPerHead_3.pth
2022-06-08 20:20:39.463 | INFO     | tools.trainer:train_loop:103 - Epoch: [4/ 40] | Train loss: [0.7286974155240589]
2022-06-08 20:25:05.792 | INFO     | tools.trainer:train_loop:103 - Epoch: [5/ 40] | Train loss: [0.6360246820582284]
2022-06-08 20:29:38.695 | INFO     | tools.trainer:train_loop:103 - Epoch: [6/ 40] | Train loss: [0.5157941510279973]
2022-06-08 20:34:15.076 | INFO     | tools.trainer:train_loop:103 - Epoch: [7/ 40] | Train loss: [0.4335441718498866]
2022-06-08 20:38:40.186 | INFO     | tools.trainer:train_loop:103 - Epoch: [8/ 40] | Train loss: [0.41506818168693116]
2022-06-08 20:43:00.965 | INFO     | tools.trainer:train_loop:103 - Epoch: [9/ 40] | Train loss: [0.34441201123926374]
2022-06-08 20:47:26.693 | INFO     | tools.trainer:train_loop:103 - Epoch: [10/ 40] | Train loss: [0.3252003684639931]
2022-06-08 20:51:59.274 | INFO     | tools.trainer:train_loop:103 - Epoch: [11/ 40] | Train loss: [0.2838837131857872]
2022-06-08 20:56:35.882 | INFO     | tools.trainer:train_loop:103 - Epoch: [12/ 40] | Train loss: [0.2617211158076922]
2022-06-08 21:01:12.989 | INFO     | tools.trainer:train_loop:103 - Epoch: [13/ 40] | Train loss: [0.357458733022213]
2022-06-08 21:05:53.236 | INFO     | tools.trainer:train_loop:103 - Epoch: [14/ 40] | Train loss: [0.2835641435450978]
2022-06-08 21:10:24.060 | INFO     | tools.trainer:train_loop:103 - Epoch: [15/ 40] | Train loss: [0.25582174923684864]
2022-06-08 21:14:46.391 | INFO     | tools.trainer:train_loop:103 - Epoch: [16/ 40] | Train loss: [0.23545961562130185]
2022-06-08 21:19:06.050 | INFO     | tools.trainer:train_loop:103 - Epoch: [17/ 40] | Train loss: [0.22617953055434756]
2022-06-08 21:23:25.372 | INFO     | tools.trainer:train_loop:103 - Epoch: [18/ 40] | Train loss: [0.20679371621873643]
2022-06-08 21:27:53.737 | INFO     | tools.trainer:train_loop:103 - Epoch: [19/ 40] | Train loss: [0.21531831539339488]
2022-06-08 21:32:28.673 | INFO     | tools.trainer:train_loop:103 - Epoch: [20/ 40] | Train loss: [0.20193418016036352]
2022-06-08 21:37:04.658 | INFO     | tools.trainer:train_loop:103 - Epoch: [21/ 40] | Train loss: [0.1938110073407491]
2022-06-08 21:41:36.180 | INFO     | tools.trainer:train_loop:103 - Epoch: [22/ 40] | Train loss: [0.2003279197547171]
2022-06-08 21:45:59.735 | INFO     | tools.trainer:train_loop:103 - Epoch: [23/ 40] | Train loss: [0.18513467303580708]
2022-06-08 21:50:20.030 | INFO     | tools.trainer:train_loop:103 - Epoch: [24/ 40] | Train loss: [0.17862239397234386]
2022-06-08 21:54:40.512 | INFO     | tools.trainer:train_loop:103 - Epoch: [25/ 40] | Train loss: [0.17556949771112865]
2022-06-08 21:59:09.625 | INFO     | tools.trainer:train_loop:103 - Epoch: [26/ 40] | Train loss: [0.16795591041445732]
2022-06-08 22:03:47.403 | INFO     | tools.trainer:train_loop:103 - Epoch: [27/ 40] | Train loss: [0.16389873524506887]
2022-06-08 22:08:24.979 | INFO     | tools.trainer:train_loop:103 - Epoch: [28/ 40] | Train loss: [0.16251873589224286]
2022-06-08 22:13:07.742 | INFO     | tools.trainer:train_loop:103 - Epoch: [29/ 40] | Train loss: [0.15789376985695627]
2022-06-08 22:17:48.981 | INFO     | tools.trainer:train_loop:103 - Epoch: [30/ 40] | Train loss: [0.15244377065036033]
2022-06-08 22:22:30.230 | INFO     | tools.trainer:train_loop:103 - Epoch: [31/ 40] | Train loss: [0.1509762399726444]
2022-06-08 22:27:11.645 | INFO     | tools.trainer:train_loop:103 - Epoch: [32/ 40] | Train loss: [0.14802342876791955]
2022-06-08 22:31:54.838 | INFO     | tools.trainer:train_loop:103 - Epoch: [33/ 40] | Train loss: [0.14102251819438405]
2022-06-08 22:36:28.184 | INFO     | tools.trainer:train_loop:103 - Epoch: [34/ 40] | Train loss: [0.14016954112384056]
2022-06-08 22:40:51.677 | INFO     | tools.trainer:train_loop:103 - Epoch: [35/ 40] | Train loss: [0.13461998593476082]
2022-06-08 22:45:14.751 | INFO     | tools.trainer:train_loop:103 - Epoch: [36/ 40] | Train loss: [0.13110682293772696]
2022-06-08 22:49:35.452 | INFO     | tools.trainer:train_loop:103 - Epoch: [37/ 40] | Train loss: [0.13206730137268702]
2022-06-08 22:53:56.632 | INFO     | tools.trainer:train_loop:103 - Epoch: [38/ 40] | Train loss: [0.13310972940590646]
2022-06-08 22:58:25.558 | INFO     | tools.trainer:train_loop:103 - Epoch: [39/ 40] | Train loss: [0.1298808185590638]
2022-06-08 23:03:00.571 | INFO     | tools.trainer:train_loop:103 - Epoch: [40/ 40] | Train loss: [0.12500902199082906]
2022-06-08 23:03:00.785 | INFO     | tools.trainer:train_loop:115 - [Saving Snapshot:]/home/admin_mcn/hungpv/polyps/checkpoints/proposed_v8/PVTv2-B3-UPerHead_40.pth
2022-06-08 23:03:00.786 | INFO     | tools.trainer:train_loop:124 - Training cost: 10757.363308269007seconds
