2022-04-21 10:08:56.861 | INFO     | __main__:main:46 - Load config from configs/proposed.yaml
2022-04-21 10:08:56.862 | INFO     | __main__:main:47 - {'dataset': {'data_path': '/home/admin_mcn/hungpv/polyps/dataset/KCECE', 'train_data_path': ['/home/admin_mcn/hungpv/polyps/dataset/KCECE/TrainDataset'], 'test_data_path': ['/home/admin_mcn/hungpv/polyps/dataset/KCECE/TestDataset/CVC-ColonDB'], 'val_data_path': ['/home/admin_mcn/hungpv/polyps/dataset/KCECE/TestDataset/CVC-300']}, 'model': {'num_classes': 1, 'save_dir': '/mnt/data/hungpv/polyps/checkpoint/KCECE/proposed_v2', 'backbone': 'PVTv2-B3', 'head': 'UPerHead', 'pretrained': '/mnt/data/hungpv/polyps/pretrained-backbone/pvt_v2_b3.pth'}, 'optimizer': {'name': 'adam', 'lr': 0.0001, 'clip': 0.5, 'scheduler': 'cosine_warmup', 'loss': 'structure_loss'}, 'dev': 'cuda', 'train': {'start_from': 0, 'save_from': 10, 'num_epochs': 30, 'num_warmup_epoch': 10, 'is_val': False, 'size_rates': [0.75, 1, 1.25], 'dataloader': {'batchsize': 16, 'img_size': 352, 'shuffle': True, 'num_workers': 2, 'pin_memory': True, 'drop_last': True}, 'amp': False, 'ddp': False, 'augment': {'prob': 1, 'Flip_prob': 0.7, 'HueSaturationValue_prob': 0.7, 'RandomBrightnessContrast_prob': 0.5, 'crop_prob': 0.0, 'randomrotate90_prob': 0.7}}, 'test': {'dev': 'cuda', 'visualize': False, 'visualize_dir': '/mnt/data/hungpv/polyps/visualize', 'vis_x': 180, 'vis_overwrite': False, 'checkpoint_dir': '/mnt/data/hungpv/polyps/checkpoint/KCECE/proposed_v1/PVTv2-B3-UPerHead_100.pth', 'dataloader': {'batchsize': 1, 'img_size': 352, 'shuffle': True, 'num_workers': 2, 'pin_memory': True, 'drop_last': True}, 'augment': {'prob': 1, 'Flip_prob': 0, 'HueSaturationValue_prob': 0, 'RandomBrightnessContrast_prob': 0, 'crop_prob': 0, 'randomrotate90_prob': 0, 'elastictransform_prob': 0, 'gridistortion_prob': 0, 'opticaldistortion_prob': 0, 'verticalflip_prob': 0, 'horizontalflip_prob': 0, 'randomgamma_prob': 0, 'CoarseDropout_prob': 0, 'RGBShift_prob': 0, 'MotionBlur_prob': 0, 'MedianBlur_prob': 0, 'GaussianBlur_prob': 0, 'GaussNoise_prob': 0, 'ChannelShuffle_prob': 0}}}
2022-04-21 10:08:56.862 | INFO     | __main__:main:48 - Getting datapath
2022-04-21 10:08:56.870 | INFO     | __main__:main:62 - There are 1450 images to train
2022-04-21 10:08:56.871 | INFO     | __main__:main:81 - Train model with no valid dataset
2022-04-21 10:08:56.871 | INFO     | __main__:main:83 - Loading data
2022-04-21 10:08:56.959 | INFO     | __main__:main:97 - 90 batches to train
2022-04-21 10:08:56.963 | INFO     | __main__:main:110 - Loading model
2022-04-21 10:08:56.964 | INFO     | __main__:main:131 - Loading checkpoint from /mnt/data/hungpv/polyps/pretrained-backbone/pvt_v2_b3.pth ...
2022-04-21 10:08:59.736 | INFO     | __main__:main:174 - Training with FP32 ...
2022-04-21 10:12:48.012 | INFO     | tools.trainer:train_loop:102 - Epoch: [1/ 30] | Train loss: [1.2866322524017757]
2022-04-21 10:16:48.803 | INFO     | tools.trainer:train_loop:102 - Epoch: [2/ 30] | Train loss: [0.6490668290191226]
2022-04-21 10:20:57.419 | INFO     | tools.trainer:train_loop:102 - Epoch: [3/ 30] | Train loss: [0.48900361359119415]
2022-04-21 10:20:57.655 | INFO     | tools.trainer:train_loop:117 - [Saving Snapshot:]/mnt/data/hungpv/polyps/checkpoint/KCECE/proposed_v2/PVTv2-B3-UPerHead_3.pth
2022-04-21 10:25:10.871 | INFO     | tools.trainer:train_loop:102 - Epoch: [4/ 30] | Train loss: [0.3907013065285153]
2022-04-21 10:29:23.087 | INFO     | tools.trainer:train_loop:102 - Epoch: [5/ 30] | Train loss: [0.3245687358909183]
2022-04-21 10:33:38.053 | INFO     | tools.trainer:train_loop:102 - Epoch: [6/ 30] | Train loss: [0.29681453224685456]
2022-04-21 10:37:54.799 | INFO     | tools.trainer:train_loop:102 - Epoch: [7/ 30] | Train loss: [0.2702791122926606]
2022-04-21 10:42:13.522 | INFO     | tools.trainer:train_loop:102 - Epoch: [8/ 30] | Train loss: [0.25438213530513976]
2022-04-21 10:46:30.955 | INFO     | tools.trainer:train_loop:102 - Epoch: [9/ 30] | Train loss: [0.23342111243142022]
2022-04-21 10:50:45.083 | INFO     | tools.trainer:train_loop:102 - Epoch: [10/ 30] | Train loss: [0.22317835026317173]
2022-04-21 10:55:02.794 | INFO     | tools.trainer:train_loop:102 - Epoch: [11/ 30] | Train loss: [0.21225861029492485]
2022-04-21 10:55:03.003 | INFO     | tools.trainer:train_loop:117 - [Saving Snapshot:]/mnt/data/hungpv/polyps/checkpoint/KCECE/proposed_v2/PVTv2-B3-UPerHead_11.pth
2022-04-21 10:59:20.477 | INFO     | tools.trainer:train_loop:102 - Epoch: [12/ 30] | Train loss: [0.2107280126876301]
2022-04-21 10:59:20.692 | INFO     | tools.trainer:train_loop:117 - [Saving Snapshot:]/mnt/data/hungpv/polyps/checkpoint/KCECE/proposed_v2/PVTv2-B3-UPerHead_12.pth
2022-04-21 11:03:39.887 | INFO     | tools.trainer:train_loop:102 - Epoch: [13/ 30] | Train loss: [0.19263476265801324]
2022-04-21 11:03:40.094 | INFO     | tools.trainer:train_loop:117 - [Saving Snapshot:]/mnt/data/hungpv/polyps/checkpoint/KCECE/proposed_v2/PVTv2-B3-UPerHead_13.pth
2022-04-21 11:07:58.040 | INFO     | tools.trainer:train_loop:102 - Epoch: [14/ 30] | Train loss: [0.18836568064159817]
2022-04-21 11:07:58.246 | INFO     | tools.trainer:train_loop:117 - [Saving Snapshot:]/mnt/data/hungpv/polyps/checkpoint/KCECE/proposed_v2/PVTv2-B3-UPerHead_14.pth
2022-04-21 11:12:16.905 | INFO     | tools.trainer:train_loop:102 - Epoch: [15/ 30] | Train loss: [0.1847755893237061]
2022-04-21 11:12:17.108 | INFO     | tools.trainer:train_loop:117 - [Saving Snapshot:]/mnt/data/hungpv/polyps/checkpoint/KCECE/proposed_v2/PVTv2-B3-UPerHead_15.pth
2022-04-21 11:16:33.667 | INFO     | tools.trainer:train_loop:102 - Epoch: [16/ 30] | Train loss: [0.17796686101290915]
2022-04-21 11:16:33.872 | INFO     | tools.trainer:train_loop:117 - [Saving Snapshot:]/mnt/data/hungpv/polyps/checkpoint/KCECE/proposed_v2/PVTv2-B3-UPerHead_16.pth
2022-04-21 11:20:51.566 | INFO     | tools.trainer:train_loop:102 - Epoch: [17/ 30] | Train loss: [0.1608132917020056]
2022-04-21 11:20:51.772 | INFO     | tools.trainer:train_loop:117 - [Saving Snapshot:]/mnt/data/hungpv/polyps/checkpoint/KCECE/proposed_v2/PVTv2-B3-UPerHead_17.pth
2022-04-21 11:25:10.047 | INFO     | tools.trainer:train_loop:102 - Epoch: [18/ 30] | Train loss: [0.15846462084187402]
2022-04-21 11:25:10.255 | INFO     | tools.trainer:train_loop:117 - [Saving Snapshot:]/mnt/data/hungpv/polyps/checkpoint/KCECE/proposed_v2/PVTv2-B3-UPerHead_18.pth
2022-04-21 11:29:27.025 | INFO     | tools.trainer:train_loop:102 - Epoch: [19/ 30] | Train loss: [0.15046793636348513]
2022-04-21 11:29:27.230 | INFO     | tools.trainer:train_loop:117 - [Saving Snapshot:]/mnt/data/hungpv/polyps/checkpoint/KCECE/proposed_v2/PVTv2-B3-UPerHead_19.pth
2022-04-21 11:33:43.286 | INFO     | tools.trainer:train_loop:102 - Epoch: [20/ 30] | Train loss: [0.15303152634037864]
2022-04-21 11:33:43.490 | INFO     | tools.trainer:train_loop:117 - [Saving Snapshot:]/mnt/data/hungpv/polyps/checkpoint/KCECE/proposed_v2/PVTv2-B3-UPerHead_20.pth
2022-04-21 11:38:02.641 | INFO     | tools.trainer:train_loop:102 - Epoch: [21/ 30] | Train loss: [0.1521785083744261]
2022-04-21 11:38:02.846 | INFO     | tools.trainer:train_loop:117 - [Saving Snapshot:]/mnt/data/hungpv/polyps/checkpoint/KCECE/proposed_v2/PVTv2-B3-UPerHead_21.pth
2022-04-21 11:42:24.320 | INFO     | tools.trainer:train_loop:102 - Epoch: [22/ 30] | Train loss: [0.14813995915982459]
2022-04-21 11:42:24.525 | INFO     | tools.trainer:train_loop:117 - [Saving Snapshot:]/mnt/data/hungpv/polyps/checkpoint/KCECE/proposed_v2/PVTv2-B3-UPerHead_22.pth
2022-04-21 11:46:47.535 | INFO     | tools.trainer:train_loop:102 - Epoch: [23/ 30] | Train loss: [0.1406635694205761]
2022-04-21 11:46:47.748 | INFO     | tools.trainer:train_loop:117 - [Saving Snapshot:]/mnt/data/hungpv/polyps/checkpoint/KCECE/proposed_v2/PVTv2-B3-UPerHead_23.pth
2022-04-21 11:51:07.978 | INFO     | tools.trainer:train_loop:102 - Epoch: [24/ 30] | Train loss: [0.13320294113622771]
2022-04-21 11:51:08.181 | INFO     | tools.trainer:train_loop:117 - [Saving Snapshot:]/mnt/data/hungpv/polyps/checkpoint/KCECE/proposed_v2/PVTv2-B3-UPerHead_24.pth
2022-04-21 11:55:24.533 | INFO     | tools.trainer:train_loop:102 - Epoch: [25/ 30] | Train loss: [0.13432351615693833]
2022-04-21 11:55:24.738 | INFO     | tools.trainer:train_loop:117 - [Saving Snapshot:]/mnt/data/hungpv/polyps/checkpoint/KCECE/proposed_v2/PVTv2-B3-UPerHead_25.pth
2022-04-21 11:59:42.232 | INFO     | tools.trainer:train_loop:102 - Epoch: [26/ 30] | Train loss: [0.1266280673444271]
2022-04-21 11:59:42.436 | INFO     | tools.trainer:train_loop:117 - [Saving Snapshot:]/mnt/data/hungpv/polyps/checkpoint/KCECE/proposed_v2/PVTv2-B3-UPerHead_26.pth
2022-04-21 12:04:00.861 | INFO     | tools.trainer:train_loop:102 - Epoch: [27/ 30] | Train loss: [0.12254777981175316]
2022-04-21 12:04:01.065 | INFO     | tools.trainer:train_loop:117 - [Saving Snapshot:]/mnt/data/hungpv/polyps/checkpoint/KCECE/proposed_v2/PVTv2-B3-UPerHead_27.pth
2022-04-21 12:08:21.757 | INFO     | tools.trainer:train_loop:102 - Epoch: [28/ 30] | Train loss: [0.12094211147891151]
2022-04-21 12:08:21.962 | INFO     | tools.trainer:train_loop:117 - [Saving Snapshot:]/mnt/data/hungpv/polyps/checkpoint/KCECE/proposed_v2/PVTv2-B3-UPerHead_28.pth
2022-04-21 12:12:40.599 | INFO     | tools.trainer:train_loop:102 - Epoch: [29/ 30] | Train loss: [0.11844225865271356]
2022-04-21 12:12:40.802 | INFO     | tools.trainer:train_loop:117 - [Saving Snapshot:]/mnt/data/hungpv/polyps/checkpoint/KCECE/proposed_v2/PVTv2-B3-UPerHead_29.pth
2022-04-21 12:16:59.195 | INFO     | tools.trainer:train_loop:102 - Epoch: [30/ 30] | Train loss: [0.11476008221507072]
2022-04-21 12:16:59.396 | INFO     | tools.trainer:train_loop:117 - [Saving Snapshot:]/mnt/data/hungpv/polyps/checkpoint/KCECE/proposed_v2/PVTv2-B3-UPerHead_30.pth
2022-04-21 12:16:59.397 | INFO     | tools.trainer:train_loop:123 - Training cost: 7678.717795060016seconds
