2022-06-03 10:55:55.155 | INFO     | __main__:main:47 - Load config from configs/proposed.yaml
2022-06-03 10:55:55.155 | INFO     | __main__:main:48 - {'dataset': {'data_path': '/home/admin_mcn/hungpv/polyps/dataset/KCECE', 'train_data_path': ['/home/admin_mcn/hungpv/polyps/dataset/KCECE/TrainDataset'], 'test_data_path': ['/home/admin_mcn/hungpv/polyps/dataset/KCECE/TestDataset/Kvasir'], 'val_data_path': ['/home/admin_mcn/hungpv/polyps/dataset/KCECE/TestDataset/CVC-300']}, 'model': {'num_classes': 1, 'save_dir': '/home/admin_mcn/hungpv/polyps/checkpoints/proposed_v5', 'backbone': 'PVTv2-B3', 'head': 'UPerHead', 'pretrained': '/mnt/data/hungpv/polyps/pretrained-backbone/pvt_v2_b3.pth'}, 'optimizer': {'name': 'adam', 'lr': 0.0001, 'clip': 0.5, 'scheduler': 'cosine_warmup', 'loss': 'structure_ssim_loss'}, 'dev': 'cuda', 'train': {'start_from': 0, 'save_from': 39, 'num_epochs': 40, 'num_warmup_epoch': 5, 'is_val': False, 'size_rates': [0.75, 1, 1.25], 'dataloader': {'batchsize': 16, 'img_size': 352, 'shuffle': True, 'num_workers': 2, 'pin_memory': True, 'drop_last': True}, 'amp': False, 'ddp': False, 'augment': {'prob': 1, 'Flip_prob': 0.5, 'HueSaturationValue_prob': 0.5, 'RandomBrightnessContrast_prob': 0.5, 'crop_prob': 0.0, 'randomrotate90_prob': 0.5, 'GaussianBlur_prob': 0.3}}, 'test': {'dev': 'cuda', 'visualize': False, 'visualize_dir': '/mnt/data/hungpv/polyps/visualize', 'vis_x': 180, 'vis_overwrite': False, 'checkpoint_dir': '/home/admin_mcn/hungpv/polyps/checkpoints/proposed_v5/PVTv2-B3-UPerHead_45.pth', 'dataloader': {'batchsize': 1, 'img_size': 352, 'shuffle': True, 'num_workers': 2, 'pin_memory': True, 'drop_last': True}, 'augment': {'prob': 1, 'Flip_prob': 0, 'HueSaturationValue_prob': 0, 'RandomBrightnessContrast_prob': 0, 'crop_prob': 0, 'randomrotate90_prob': 0, 'elastictransform_prob': 0, 'gridistortion_prob': 0, 'opticaldistortion_prob': 0, 'verticalflip_prob': 0, 'horizontalflip_prob': 0, 'randomgamma_prob': 0, 'CoarseDropout_prob': 0, 'RGBShift_prob': 0, 'MotionBlur_prob': 0, 'MedianBlur_prob': 0, 'GaussianBlur_prob': 0, 'GaussNoise_prob': 0, 'ChannelShuffle_prob': 0}}}
2022-06-03 10:55:55.155 | INFO     | __main__:main:49 - Getting datapath
2022-06-03 10:55:55.160 | INFO     | __main__:main:63 - There are 1450 images to train
2022-06-03 10:55:55.160 | INFO     | __main__:main:82 - Train model with no valid dataset
2022-06-03 10:55:55.160 | INFO     | __main__:main:84 - Loading data
2022-06-03 10:55:55.227 | INFO     | __main__:main:98 - 90 batches to train
2022-06-03 10:55:55.230 | INFO     | __main__:main:111 - Loading model
2022-06-03 10:55:55.230 | INFO     | __main__:main:132 - Loading checkpoint from /mnt/data/hungpv/polyps/pretrained-backbone/pvt_v2_b3.pth ...
2022-06-03 10:55:58.557 | INFO     | __main__:main:175 - Training with FP32 ...
2022-06-03 11:01:16.094 | INFO     | tools.trainer:train_loop:103 - Epoch: [1/ 40] | Train loss: [2.550179596741994]
2022-06-03 11:07:19.815 | INFO     | tools.trainer:train_loop:103 - Epoch: [2/ 40] | Train loss: [1.4186251666810779]
2022-06-03 11:13:46.609 | INFO     | tools.trainer:train_loop:103 - Epoch: [3/ 40] | Train loss: [1.13026053375668]
2022-06-03 11:13:46.930 | INFO     | tools.trainer:train_loop:115 - [Saving Snapshot:]/home/admin_mcn/hungpv/polyps/checkpoints/proposed_v5/PVTv2-B3-UPerHead_3.pth
2022-06-03 11:19:49.640 | INFO     | tools.trainer:train_loop:103 - Epoch: [4/ 40] | Train loss: [0.7737433446778191]
2022-06-03 11:25:43.399 | INFO     | tools.trainer:train_loop:103 - Epoch: [5/ 40] | Train loss: [0.6671529644065433]
2022-06-03 11:31:36.413 | INFO     | tools.trainer:train_loop:103 - Epoch: [6/ 40] | Train loss: [0.6057647976610395]
2022-06-03 11:37:32.050 | INFO     | tools.trainer:train_loop:103 - Epoch: [7/ 40] | Train loss: [0.4849387377500534]
2022-06-03 11:43:24.153 | INFO     | tools.trainer:train_loop:103 - Epoch: [8/ 40] | Train loss: [0.4208772685792711]
2022-06-03 11:49:42.282 | INFO     | tools.trainer:train_loop:103 - Epoch: [9/ 40] | Train loss: [0.37572098622719446]
2022-06-03 11:56:05.647 | INFO     | tools.trainer:train_loop:103 - Epoch: [10/ 40] | Train loss: [0.34656580256091224]
2022-06-03 12:02:07.289 | INFO     | tools.trainer:train_loop:103 - Epoch: [11/ 40] | Train loss: [0.32400166425440047]
2022-06-03 12:08:15.354 | INFO     | tools.trainer:train_loop:103 - Epoch: [12/ 40] | Train loss: [0.3142961151070065]
2022-06-03 12:14:29.515 | INFO     | tools.trainer:train_loop:103 - Epoch: [13/ 40] | Train loss: [0.2964819128314654]
2022-06-03 12:20:34.325 | INFO     | tools.trainer:train_loop:103 - Epoch: [14/ 40] | Train loss: [0.28011702862050797]
2022-06-03 12:26:45.057 | INFO     | tools.trainer:train_loop:103 - Epoch: [15/ 40] | Train loss: [0.26248487565252515]
2022-06-03 12:32:54.016 | INFO     | tools.trainer:train_loop:103 - Epoch: [16/ 40] | Train loss: [0.25268993112776017]
2022-06-03 12:38:59.310 | INFO     | tools.trainer:train_loop:103 - Epoch: [17/ 40] | Train loss: [0.23804232759608163]
2022-06-03 12:45:19.989 | INFO     | tools.trainer:train_loop:103 - Epoch: [18/ 40] | Train loss: [0.34207126647233965]
2022-06-03 12:51:56.187 | INFO     | tools.trainer:train_loop:103 - Epoch: [19/ 40] | Train loss: [0.27695143388377297]
2022-06-03 12:58:41.142 | INFO     | tools.trainer:train_loop:103 - Epoch: [20/ 40] | Train loss: [0.2587525912457042]
2022-06-03 13:04:50.681 | INFO     | tools.trainer:train_loop:103 - Epoch: [21/ 40] | Train loss: [0.24762927691141765]
2022-06-03 13:10:12.611 | INFO     | tools.trainer:train_loop:103 - Epoch: [22/ 40] | Train loss: [0.2647722936338849]
2022-06-03 13:15:50.627 | INFO     | tools.trainer:train_loop:103 - Epoch: [23/ 40] | Train loss: [0.23077789694070816]
2022-06-03 13:21:52.316 | INFO     | tools.trainer:train_loop:103 - Epoch: [24/ 40] | Train loss: [0.21436987734503216]
2022-06-03 13:26:24.150 | INFO     | tools.trainer:train_loop:103 - Epoch: [25/ 40] | Train loss: [0.2146250835723347]
2022-06-03 13:30:20.130 | INFO     | tools.trainer:train_loop:103 - Epoch: [26/ 40] | Train loss: [0.19995534320672353]
2022-06-03 13:34:18.117 | INFO     | tools.trainer:train_loop:103 - Epoch: [27/ 40] | Train loss: [0.2016730339990722]
2022-06-03 13:37:52.977 | INFO     | tools.trainer:train_loop:103 - Epoch: [28/ 40] | Train loss: [0.19004918701118892]
2022-06-03 13:41:52.111 | INFO     | tools.trainer:train_loop:103 - Epoch: [29/ 40] | Train loss: [0.18490530517366197]
2022-06-03 13:47:05.785 | INFO     | tools.trainer:train_loop:103 - Epoch: [30/ 40] | Train loss: [0.1830561144484414]
2022-06-03 13:52:52.356 | INFO     | tools.trainer:train_loop:103 - Epoch: [31/ 40] | Train loss: [0.18369094596968757]
2022-06-03 13:59:23.210 | INFO     | tools.trainer:train_loop:103 - Epoch: [32/ 40] | Train loss: [0.17442286097341114]
2022-06-03 14:06:07.582 | INFO     | tools.trainer:train_loop:103 - Epoch: [33/ 40] | Train loss: [0.1727628136674563]
2022-06-03 14:12:30.590 | INFO     | tools.trainer:train_loop:103 - Epoch: [34/ 40] | Train loss: [0.1706207085814741]
2022-06-03 14:19:04.564 | INFO     | tools.trainer:train_loop:103 - Epoch: [35/ 40] | Train loss: [0.1662831899192598]
2022-06-03 14:25:38.687 | INFO     | tools.trainer:train_loop:103 - Epoch: [36/ 40] | Train loss: [0.16250412033663855]
2022-06-03 14:32:13.535 | INFO     | tools.trainer:train_loop:103 - Epoch: [37/ 40] | Train loss: [0.16070196247763105]
2022-06-03 14:38:59.992 | INFO     | tools.trainer:train_loop:103 - Epoch: [38/ 40] | Train loss: [0.15593395969933935]
2022-06-03 14:45:27.949 | INFO     | tools.trainer:train_loop:103 - Epoch: [39/ 40] | Train loss: [0.15606964967317052]
2022-06-03 14:51:31.618 | INFO     | tools.trainer:train_loop:103 - Epoch: [40/ 40] | Train loss: [0.15498494174745348]
2022-06-03 14:51:31.825 | INFO     | tools.trainer:train_loop:115 - [Saving Snapshot:]/home/admin_mcn/hungpv/polyps/checkpoints/proposed_v5/PVTv2-B3-UPerHead_40.pth
2022-06-03 14:51:31.825 | INFO     | tools.trainer:train_loop:124 - Training cost: 14132.1860896789seconds
