2022-06-06 01:52:27.147 | INFO     | __main__:main:47 - Load config from configs/proposed.yaml
2022-06-06 01:52:27.148 | INFO     | __main__:main:48 - {'dataset': {'data_path': '/home/admin_mcn/hungpv/polyps/dataset/KCECE', 'train_data_path': ['/home/admin_mcn/hungpv/polyps/dataset/KCECE/TrainDataset'], 'test_data_path': ['/home/admin_mcn/hungpv/polyps/dataset/KCECE/TestDataset/CVC-300'], 'val_data_path': ['/home/admin_mcn/hungpv/polyps/dataset/KCECE/TestDataset/CVC-300']}, 'model': {'num_classes': 1, 'save_dir': '/home/admin_mcn/hungpv/polyps/checkpoints/proposed_v6', 'backbone': 'PVTv2-B4', 'head': 'UPerHead', 'pretrained': '/home/admin_mcn/hungpv/polyps/pretrained-backbone/pvt_v2_b4.pth'}, 'optimizer': {'name': 'adam', 'lr': 0.0001, 'clip': 0.5, 'scheduler': 'cosine_warmup', 'loss': 'structure_ssim_loss'}, 'dev': 'cuda', 'train': {'start_from': 0, 'save_from': 39, 'num_epochs': 40, 'num_warmup_epoch': 8, 'is_val': False, 'size_rates': [0.75, 1, 1.25], 'dataloader': {'batchsize': 12, 'img_size': 352, 'shuffle': True, 'num_workers': 4, 'pin_memory': True, 'drop_last': True}, 'amp': False, 'ddp': False, 'augment': {'prob': 1, 'HueSaturationValue_prob': 0.5, 'RandomBrightnessContrast_prob': 0.5, 'crop_prob': 0.3, 'randomrotate90_prob': 0.5}}, 'test': {'dev': 'cuda', 'visualize': False, 'visualize_dir': '/mnt/data/hungpv/polyps/visualize', 'vis_x': 180, 'vis_overwrite': False, 'checkpoint_dir': '/home/admin_mcn/hungpv/polyps/checkpoints/proposed_v4/PVTv2-B3-UPerHead_40.pth', 'dataloader': {'batchsize': 1, 'img_size': 352, 'shuffle': True, 'num_workers': 2, 'pin_memory': True, 'drop_last': True}, 'augment': {'prob': 1, 'Flip_prob': 0, 'HueSaturationValue_prob': 0, 'RandomBrightnessContrast_prob': 0, 'crop_prob': 0, 'randomrotate90_prob': 0, 'elastictransform_prob': 0, 'gridistortion_prob': 0, 'opticaldistortion_prob': 0, 'verticalflip_prob': 0, 'horizontalflip_prob': 0, 'randomgamma_prob': 0, 'CoarseDropout_prob': 0, 'RGBShift_prob': 0, 'MotionBlur_prob': 0, 'MedianBlur_prob': 0, 'GaussianBlur_prob': 0, 'GaussNoise_prob': 0, 'ChannelShuffle_prob': 0}}}
2022-06-06 01:52:27.148 | INFO     | __main__:main:49 - Getting datapath
2022-06-06 01:52:27.152 | INFO     | __main__:main:63 - There are 1450 images to train
2022-06-06 01:52:27.153 | INFO     | __main__:main:82 - Train model with no valid dataset
2022-06-06 01:52:27.153 | INFO     | __main__:main:84 - Loading data
2022-06-06 01:52:27.219 | INFO     | __main__:main:98 - 120 batches to train
2022-06-06 01:52:27.222 | INFO     | __main__:main:111 - Loading model
2022-06-06 01:52:27.223 | INFO     | __main__:main:132 - Loading checkpoint from /home/admin_mcn/hungpv/polyps/pretrained-backbone/pvt_v2_b4.pth ...
2022-06-06 01:52:30.758 | INFO     | __main__:main:175 - Training with FP32 ...
2022-06-06 01:56:42.889 | INFO     | tools.trainer:train_loop:103 - Epoch: [1/ 40] | Train loss: [2.3299772347013157]
2022-06-06 02:00:54.009 | INFO     | tools.trainer:train_loop:103 - Epoch: [2/ 40] | Train loss: [1.1977010875940324]
2022-06-06 02:05:04.981 | INFO     | tools.trainer:train_loop:103 - Epoch: [3/ 40] | Train loss: [0.9062529141704242]
2022-06-06 02:05:05.258 | INFO     | tools.trainer:train_loop:115 - [Saving Snapshot:]/home/admin_mcn/hungpv/polyps/checkpoints/proposed_v6/PVTv2-B4-UPerHead_3.pth
2022-06-06 02:09:16.127 | INFO     | tools.trainer:train_loop:103 - Epoch: [4/ 40] | Train loss: [0.7469994122783343]
2022-06-06 02:13:27.104 | INFO     | tools.trainer:train_loop:103 - Epoch: [5/ 40] | Train loss: [0.6410530572136243]
2022-06-06 02:17:38.062 | INFO     | tools.trainer:train_loop:103 - Epoch: [6/ 40] | Train loss: [0.6032220967113971]
2022-06-06 02:21:49.028 | INFO     | tools.trainer:train_loop:103 - Epoch: [7/ 40] | Train loss: [0.642545032252868]
2022-06-06 02:25:59.970 | INFO     | tools.trainer:train_loop:103 - Epoch: [8/ 40] | Train loss: [0.6682400517165661]
2022-06-06 02:30:11.128 | INFO     | tools.trainer:train_loop:103 - Epoch: [9/ 40] | Train loss: [0.5433669035633405]
2022-06-06 02:34:22.364 | INFO     | tools.trainer:train_loop:103 - Epoch: [10/ 40] | Train loss: [0.4469967397550742]
2022-06-06 02:38:33.504 | INFO     | tools.trainer:train_loop:103 - Epoch: [11/ 40] | Train loss: [0.4322748314589262]
2022-06-06 02:42:44.608 | INFO     | tools.trainer:train_loop:103 - Epoch: [12/ 40] | Train loss: [0.4185688491910696]
2022-06-06 02:46:56.123 | INFO     | tools.trainer:train_loop:103 - Epoch: [13/ 40] | Train loss: [0.407909328242143]
2022-06-06 02:51:07.217 | INFO     | tools.trainer:train_loop:103 - Epoch: [14/ 40] | Train loss: [0.3754814630995194]
2022-06-06 02:55:18.601 | INFO     | tools.trainer:train_loop:103 - Epoch: [15/ 40] | Train loss: [0.3689648819466432]
2022-06-06 02:59:29.775 | INFO     | tools.trainer:train_loop:103 - Epoch: [16/ 40] | Train loss: [0.3785599651436011]
2022-06-06 03:03:41.205 | INFO     | tools.trainer:train_loop:103 - Epoch: [17/ 40] | Train loss: [0.3414084456861019]
2022-06-06 03:07:52.595 | INFO     | tools.trainer:train_loop:103 - Epoch: [18/ 40] | Train loss: [0.34397660369674365]
2022-06-06 03:12:04.019 | INFO     | tools.trainer:train_loop:103 - Epoch: [19/ 40] | Train loss: [0.3608819113423427]
2022-06-06 03:16:15.346 | INFO     | tools.trainer:train_loop:103 - Epoch: [20/ 40] | Train loss: [0.3370757676661015]
2022-06-06 03:20:26.792 | INFO     | tools.trainer:train_loop:103 - Epoch: [21/ 40] | Train loss: [0.31391735387345154]
2022-06-06 03:24:38.135 | INFO     | tools.trainer:train_loop:103 - Epoch: [22/ 40] | Train loss: [0.31266749165952207]
2022-06-06 03:28:49.341 | INFO     | tools.trainer:train_loop:103 - Epoch: [23/ 40] | Train loss: [0.2888245111952225]
2022-06-06 03:33:00.638 | INFO     | tools.trainer:train_loop:103 - Epoch: [24/ 40] | Train loss: [0.2748812479277452]
2022-06-06 03:37:11.620 | INFO     | tools.trainer:train_loop:103 - Epoch: [25/ 40] | Train loss: [0.28250055176516375]
2022-06-06 03:41:22.894 | INFO     | tools.trainer:train_loop:103 - Epoch: [26/ 40] | Train loss: [0.29559112538894017]
2022-06-06 03:45:34.169 | INFO     | tools.trainer:train_loop:103 - Epoch: [27/ 40] | Train loss: [0.24751357187827427]
2022-06-06 03:49:45.644 | INFO     | tools.trainer:train_loop:103 - Epoch: [28/ 40] | Train loss: [0.2533785829941432]
2022-06-06 03:53:56.808 | INFO     | tools.trainer:train_loop:103 - Epoch: [29/ 40] | Train loss: [0.27123104060689607]
2022-06-06 03:58:07.955 | INFO     | tools.trainer:train_loop:103 - Epoch: [30/ 40] | Train loss: [0.2584086934104562]
2022-06-06 04:02:19.423 | INFO     | tools.trainer:train_loop:103 - Epoch: [31/ 40] | Train loss: [0.2568812952687343]
2022-06-06 04:06:30.538 | INFO     | tools.trainer:train_loop:103 - Epoch: [32/ 40] | Train loss: [0.22997159734368325]
2022-06-06 04:10:41.662 | INFO     | tools.trainer:train_loop:103 - Epoch: [33/ 40] | Train loss: [0.2322753883898258]
2022-06-06 04:14:52.887 | INFO     | tools.trainer:train_loop:103 - Epoch: [34/ 40] | Train loss: [0.23847508914768695]
2022-06-06 04:19:03.895 | INFO     | tools.trainer:train_loop:103 - Epoch: [35/ 40] | Train loss: [0.23415834351132314]
2022-06-06 04:23:14.902 | INFO     | tools.trainer:train_loop:103 - Epoch: [36/ 40] | Train loss: [0.2202005548402667]
2022-06-06 04:27:26.084 | INFO     | tools.trainer:train_loop:103 - Epoch: [37/ 40] | Train loss: [0.20547087670614322]
2022-06-06 04:31:37.474 | INFO     | tools.trainer:train_loop:103 - Epoch: [38/ 40] | Train loss: [0.19382631238549947]
2022-06-06 04:35:48.992 | INFO     | tools.trainer:train_loop:103 - Epoch: [39/ 40] | Train loss: [0.20893024976054828]
2022-06-06 04:40:00.309 | INFO     | tools.trainer:train_loop:103 - Epoch: [40/ 40] | Train loss: [0.19871997727702062]
2022-06-06 04:40:00.589 | INFO     | tools.trainer:train_loop:115 - [Saving Snapshot:]/home/admin_mcn/hungpv/polyps/checkpoints/proposed_v6/PVTv2-B4-UPerHead_40.pth
2022-06-06 04:40:00.590 | INFO     | tools.trainer:train_loop:124 - Training cost: 10048.85432385304seconds
