2022-06-03 15:25:09.571 | INFO     | __main__:main:47 - Load config from configs/proposed.yaml
2022-06-03 15:25:09.571 | INFO     | __main__:main:48 - {'dataset': {'data_path': '/home/admin_mcn/hungpv/polyps/dataset/KCECE', 'train_data_path': ['/home/admin_mcn/hungpv/polyps/dataset/KCECE/TrainDataset'], 'test_data_path': ['/home/admin_mcn/hungpv/polyps/dataset/KCECE/TestDataset/Kvasir'], 'val_data_path': ['/home/admin_mcn/hungpv/polyps/dataset/KCECE/TestDataset/CVC-300']}, 'model': {'num_classes': 1, 'save_dir': '/home/admin_mcn/hungpv/polyps/checkpoints/proposed_v4', 'backbone': 'PVTv2-B3', 'head': 'UPerHead', 'pretrained': '/mnt/data/hungpv/polyps/pretrained-backbone/pvt_v2_b3.pth'}, 'optimizer': {'name': 'adam', 'lr': 0.0001, 'clip': 0.5, 'scheduler': 'cosine_warmup', 'loss': 'structure_ssim_loss'}, 'dev': 'cuda', 'train': {'start_from': 0, 'save_from': 39, 'num_epochs': 40, 'num_warmup_epoch': 5, 'is_val': False, 'size_rates': [1], 'dataloader': {'batchsize': 16, 'img_size': 352, 'shuffle': True, 'num_workers': 4, 'pin_memory': True, 'drop_last': True}, 'amp': False, 'ddp': False, 'augment': {'prob': 1, 'Flip_prob': 0.5, 'HueSaturationValue_prob': 0.5, 'RandomBrightnessContrast_prob': 0.5, 'crop_prob': 0.0, 'randomrotate90_prob': 0.5, 'GaussianBlur_prob': 0.3}}, 'test': {'dev': 'cuda', 'visualize': False, 'visualize_dir': '/mnt/data/hungpv/polyps/visualize', 'vis_x': 180, 'vis_overwrite': False, 'checkpoint_dir': '/home/admin_mcn/hungpv/polyps/checkpoints/proposed_v5/PVTv2-B3-UPerHead_40.pth', 'dataloader': {'batchsize': 1, 'img_size': 352, 'shuffle': True, 'num_workers': 2, 'pin_memory': True, 'drop_last': True}, 'augment': {'prob': 1, 'Flip_prob': 0, 'HueSaturationValue_prob': 0, 'RandomBrightnessContrast_prob': 0, 'crop_prob': 0, 'randomrotate90_prob': 0, 'elastictransform_prob': 0, 'gridistortion_prob': 0, 'opticaldistortion_prob': 0, 'verticalflip_prob': 0, 'horizontalflip_prob': 0, 'randomgamma_prob': 0, 'CoarseDropout_prob': 0, 'RGBShift_prob': 0, 'MotionBlur_prob': 0, 'MedianBlur_prob': 0, 'GaussianBlur_prob': 0, 'GaussNoise_prob': 0, 'ChannelShuffle_prob': 0}}}
2022-06-03 15:25:09.571 | INFO     | __main__:main:49 - Getting datapath
2022-06-03 15:25:09.576 | INFO     | __main__:main:63 - There are 1450 images to train
2022-06-03 15:25:09.576 | INFO     | __main__:main:82 - Train model with no valid dataset
2022-06-03 15:25:09.576 | INFO     | __main__:main:84 - Loading data
2022-06-03 15:25:09.644 | INFO     | __main__:main:98 - 90 batches to train
2022-06-03 15:25:09.647 | INFO     | __main__:main:111 - Loading model
2022-06-03 15:25:09.647 | INFO     | __main__:main:132 - Loading checkpoint from /mnt/data/hungpv/polyps/pretrained-backbone/pvt_v2_b3.pth ...
2022-06-03 15:25:13.000 | INFO     | __main__:main:175 - Training with FP32 ...
2022-06-03 15:27:03.031 | INFO     | tools.trainer:train_loop:103 - Epoch: [1/ 40] | Train loss: [3.195853951242235]
2022-06-03 15:29:19.079 | INFO     | tools.trainer:train_loop:103 - Epoch: [2/ 40] | Train loss: [2.069313371181488]
2022-06-03 15:31:51.856 | INFO     | tools.trainer:train_loop:103 - Epoch: [3/ 40] | Train loss: [1.1556809173689948]
2022-06-03 15:31:52.356 | INFO     | tools.trainer:train_loop:115 - [Saving Snapshot:]/home/admin_mcn/hungpv/polyps/checkpoints/proposed_v4/PVTv2-B3-UPerHead_3.pth
2022-06-03 15:34:31.692 | INFO     | tools.trainer:train_loop:103 - Epoch: [4/ 40] | Train loss: [0.8498007718059751]
2022-06-03 15:37:12.899 | INFO     | tools.trainer:train_loop:103 - Epoch: [5/ 40] | Train loss: [0.7126602245701684]
2022-06-03 15:39:56.659 | INFO     | tools.trainer:train_loop:103 - Epoch: [6/ 40] | Train loss: [0.5957086202171114]
2022-06-03 15:42:45.502 | INFO     | tools.trainer:train_loop:103 - Epoch: [7/ 40] | Train loss: [0.5175926324394015]
2022-06-03 15:45:39.617 | INFO     | tools.trainer:train_loop:103 - Epoch: [8/ 40] | Train loss: [0.5010203222433726]
2022-06-03 15:48:34.702 | INFO     | tools.trainer:train_loop:103 - Epoch: [9/ 40] | Train loss: [0.45068551533752016]
2022-06-03 15:51:25.350 | INFO     | tools.trainer:train_loop:103 - Epoch: [10/ 40] | Train loss: [0.391024200949404]
2022-06-03 15:54:11.088 | INFO     | tools.trainer:train_loop:103 - Epoch: [11/ 40] | Train loss: [0.3745871593554815]
2022-06-03 15:56:57.742 | INFO     | tools.trainer:train_loop:103 - Epoch: [12/ 40] | Train loss: [0.3633259491788016]
2022-06-03 15:59:36.825 | INFO     | tools.trainer:train_loop:103 - Epoch: [13/ 40] | Train loss: [0.3518693221939935]
2022-06-03 16:02:22.921 | INFO     | tools.trainer:train_loop:103 - Epoch: [14/ 40] | Train loss: [0.334401921596792]
2022-06-03 16:05:04.964 | INFO     | tools.trainer:train_loop:103 - Epoch: [15/ 40] | Train loss: [0.30625083562400607]
2022-06-03 16:07:48.531 | INFO     | tools.trainer:train_loop:103 - Epoch: [16/ 40] | Train loss: [0.29517977750963637]
2022-06-03 16:10:34.178 | INFO     | tools.trainer:train_loop:103 - Epoch: [17/ 40] | Train loss: [0.29929744551579157]
2022-06-03 16:13:23.815 | INFO     | tools.trainer:train_loop:103 - Epoch: [18/ 40] | Train loss: [0.32575030459298027]
2022-06-03 16:16:20.429 | INFO     | tools.trainer:train_loop:103 - Epoch: [19/ 40] | Train loss: [0.28695627484056685]
2022-06-03 16:19:15.848 | INFO     | tools.trainer:train_loop:103 - Epoch: [20/ 40] | Train loss: [0.27484106404913794]
2022-06-03 16:22:07.292 | INFO     | tools.trainer:train_loop:103 - Epoch: [21/ 40] | Train loss: [0.2580335052476989]
2022-06-03 16:24:59.164 | INFO     | tools.trainer:train_loop:103 - Epoch: [22/ 40] | Train loss: [0.25137929138210086]
2022-06-03 16:27:45.116 | INFO     | tools.trainer:train_loop:103 - Epoch: [23/ 40] | Train loss: [0.2404243427846167]
2022-06-03 16:30:32.830 | INFO     | tools.trainer:train_loop:103 - Epoch: [24/ 40] | Train loss: [0.228375919494364]
2022-06-03 16:33:14.557 | INFO     | tools.trainer:train_loop:103 - Epoch: [25/ 40] | Train loss: [0.22394907044039833]
2022-06-03 16:35:56.552 | INFO     | tools.trainer:train_loop:103 - Epoch: [26/ 40] | Train loss: [0.22872675789727104]
2022-06-03 16:38:32.074 | INFO     | tools.trainer:train_loop:103 - Epoch: [27/ 40] | Train loss: [0.2245778977870941]
2022-06-03 16:41:09.170 | INFO     | tools.trainer:train_loop:103 - Epoch: [28/ 40] | Train loss: [0.2147912808590465]
2022-06-03 16:43:47.728 | INFO     | tools.trainer:train_loop:103 - Epoch: [29/ 40] | Train loss: [0.21522568033801184]
2022-06-03 16:46:32.801 | INFO     | tools.trainer:train_loop:103 - Epoch: [30/ 40] | Train loss: [0.21229763593938616]
2022-06-03 16:49:24.828 | INFO     | tools.trainer:train_loop:103 - Epoch: [31/ 40] | Train loss: [0.20728190044562023]
2022-06-03 16:52:21.054 | INFO     | tools.trainer:train_loop:103 - Epoch: [32/ 40] | Train loss: [0.20257216377390755]
2022-06-03 16:55:05.758 | INFO     | tools.trainer:train_loop:103 - Epoch: [33/ 40] | Train loss: [0.1977260582976871]
2022-06-03 16:57:44.200 | INFO     | tools.trainer:train_loop:103 - Epoch: [34/ 40] | Train loss: [0.1956815403368738]
2022-06-03 17:00:17.181 | INFO     | tools.trainer:train_loop:103 - Epoch: [35/ 40] | Train loss: [0.19752155045668285]
2022-06-03 17:02:52.104 | INFO     | tools.trainer:train_loop:103 - Epoch: [36/ 40] | Train loss: [0.19240153713358774]
2022-06-03 17:05:26.201 | INFO     | tools.trainer:train_loop:103 - Epoch: [37/ 40] | Train loss: [0.18929893838034736]
2022-06-03 17:07:51.534 | INFO     | tools.trainer:train_loop:103 - Epoch: [38/ 40] | Train loss: [0.18996545589632458]
2022-06-03 17:10:13.740 | INFO     | tools.trainer:train_loop:103 - Epoch: [39/ 40] | Train loss: [0.18644648724132115]
2022-06-03 17:12:40.601 | INFO     | tools.trainer:train_loop:103 - Epoch: [40/ 40] | Train loss: [0.18792740404605865]
2022-06-03 17:12:40.807 | INFO     | tools.trainer:train_loop:115 - [Saving Snapshot:]/home/admin_mcn/hungpv/polyps/checkpoints/proposed_v4/PVTv2-B3-UPerHead_40.pth
2022-06-03 17:12:40.807 | INFO     | tools.trainer:train_loop:124 - Training cost: 6446.770712555153seconds
