2022-06-08 16:09:30.403 | INFO     | __main__:main:47 - Load config from configs/proposed.yaml
2022-06-08 16:09:30.404 | INFO     | __main__:main:48 - {'dataset': {'data_path': '/home/admin_mcn/hungpv/polyps/dataset/KCECE', 'train_data_path': ['/home/admin_mcn/hungpv/polyps/dataset/KCECE/TrainDataset'], 'test_data_path': ['/home/admin_mcn/hungpv/polyps/dataset/KCECE/TestDataset/Kvasir'], 'val_data_path': ['/home/admin_mcn/hungpv/polyps/dataset/KCECE/TestDataset/CVC-300']}, 'model': {'num_classes': 1, 'save_dir': '/home/admin_mcn/hungpv/polyps/checkpoints/proposed_v8', 'backbone': 'PVTv2-B3', 'head': 'UPerHead', 'pretrained': '/home/admin_mcn/hungpv/polyps/pretrained-backbone/pvt_v2_b3.pth'}, 'optimizer': {'name': 'adam', 'lr': 0.0001, 'clip': 0.5, 'scheduler': 'cosine_warmup', 'loss': 'structure_ssim_loss'}, 'dev': 'cuda', 'train': {'start_from': 0, 'save_from': 39, 'num_epochs': 40, 'num_warmup_epoch': 8, 'is_val': False, 'size_rates': [0.75, 1, 1.25], 'dataloader': {'batchsize': 16, 'img_size': 352, 'shuffle': True, 'num_workers': 4, 'pin_memory': True, 'drop_last': True}, 'amp': False, 'ddp': False, 'augment': {'prob': 1, 'HueSaturationValue_prob': 0.5, 'RandomBrightnessContrast_prob': 0.5, 'crop_prob': 0.3, 'randomrotate90_prob': 0.5}}, 'test': {'dev': 'cuda', 'visualize': False, 'visualize_dir': '/mnt/data/hungpv/polyps/visualize', 'vis_x': 180, 'vis_overwrite': False, 'checkpoint_dir': '/home/admin_mcn/hungpv/polyps/checkpoints/proposed_v8/PVTv2-B3-UPerHead_30.pth', 'dataloader': {'batchsize': 1, 'img_size': 352, 'shuffle': True, 'num_workers': 2, 'pin_memory': True, 'drop_last': True}, 'augment': {'prob': 1, 'Flip_prob': 0, 'HueSaturationValue_prob': 0, 'RandomBrightnessContrast_prob': 0, 'crop_prob': 0, 'randomrotate90_prob': 0, 'elastictransform_prob': 0, 'gridistortion_prob': 0, 'opticaldistortion_prob': 0, 'verticalflip_prob': 0, 'horizontalflip_prob': 0, 'randomgamma_prob': 0, 'CoarseDropout_prob': 0, 'RGBShift_prob': 0, 'MotionBlur_prob': 0, 'MedianBlur_prob': 0, 'GaussianBlur_prob': 0, 'GaussNoise_prob': 0, 'ChannelShuffle_prob': 0}}}
2022-06-08 16:09:30.404 | INFO     | __main__:main:49 - Getting datapath
2022-06-08 16:09:30.408 | INFO     | __main__:main:63 - There are 1450 images to train
2022-06-08 16:09:30.409 | INFO     | __main__:main:82 - Train model with no valid dataset
2022-06-08 16:09:30.409 | INFO     | __main__:main:84 - Loading data
2022-06-08 16:09:30.474 | INFO     | __main__:main:98 - 90 batches to train
2022-06-08 16:09:30.477 | INFO     | __main__:main:111 - Loading model
2022-06-08 16:09:30.477 | INFO     | __main__:main:132 - Loading checkpoint from /home/admin_mcn/hungpv/polyps/pretrained-backbone/pvt_v2_b3.pth ...
2022-06-08 16:09:33.888 | INFO     | __main__:main:175 - Training with FP32 ...
2022-06-08 16:14:19.620 | INFO     | tools.trainer:train_loop:103 - Epoch: [1/ 40] | Train loss: [3.89109851386812]
2022-06-08 16:19:16.050 | INFO     | tools.trainer:train_loop:103 - Epoch: [2/ 40] | Train loss: [1.5667323324415419]
2022-06-08 16:24:11.781 | INFO     | tools.trainer:train_loop:103 - Epoch: [3/ 40] | Train loss: [1.0735386961036257]
2022-06-08 16:24:12.143 | INFO     | tools.trainer:train_loop:115 - [Saving Snapshot:]/home/admin_mcn/hungpv/polyps/checkpoints/proposed_v8/PVTv2-B3-UPerHead_3.pth
2022-06-08 16:29:06.191 | INFO     | tools.trainer:train_loop:103 - Epoch: [4/ 40] | Train loss: [0.8597131715880499]
2022-06-08 16:34:03.846 | INFO     | tools.trainer:train_loop:103 - Epoch: [5/ 40] | Train loss: [0.7244429151217143]
2022-06-08 16:38:56.751 | INFO     | tools.trainer:train_loop:103 - Epoch: [6/ 40] | Train loss: [0.6359794659747018]
2022-06-08 16:43:42.753 | INFO     | tools.trainer:train_loop:103 - Epoch: [7/ 40] | Train loss: [0.5702920489841037]
2022-06-08 16:48:31.569 | INFO     | tools.trainer:train_loop:103 - Epoch: [8/ 40] | Train loss: [0.5524439689185884]
2022-06-08 16:53:20.359 | INFO     | tools.trainer:train_loop:103 - Epoch: [9/ 40] | Train loss: [0.5240041895045174]
2022-06-08 16:58:08.303 | INFO     | tools.trainer:train_loop:103 - Epoch: [10/ 40] | Train loss: [0.4469161907831828]
2022-06-08 17:02:42.780 | INFO     | tools.trainer:train_loop:103 - Epoch: [11/ 40] | Train loss: [0.430579791797532]
2022-06-08 17:07:09.967 | INFO     | tools.trainer:train_loop:103 - Epoch: [12/ 40] | Train loss: [0.45521725879775154]
2022-06-08 17:11:37.395 | INFO     | tools.trainer:train_loop:103 - Epoch: [13/ 40] | Train loss: [0.4241973277595308]
2022-06-08 17:16:14.572 | INFO     | tools.trainer:train_loop:103 - Epoch: [14/ 40] | Train loss: [0.3662607373462783]
2022-06-08 17:20:58.691 | INFO     | tools.trainer:train_loop:103 - Epoch: [15/ 40] | Train loss: [0.3711039361026552]
2022-06-08 17:25:45.258 | INFO     | tools.trainer:train_loop:103 - Epoch: [16/ 40] | Train loss: [0.3234048085080253]
2022-06-08 17:30:30.398 | INFO     | tools.trainer:train_loop:103 - Epoch: [17/ 40] | Train loss: [0.3234893964396583]
2022-06-08 17:35:01.425 | INFO     | tools.trainer:train_loop:103 - Epoch: [18/ 40] | Train loss: [0.322154649760988]
2022-06-08 17:39:28.121 | INFO     | tools.trainer:train_loop:103 - Epoch: [19/ 40] | Train loss: [0.2956524400247468]
2022-06-08 17:44:01.671 | INFO     | tools.trainer:train_loop:103 - Epoch: [20/ 40] | Train loss: [0.29414295802513757]
2022-06-08 17:48:42.468 | INFO     | tools.trainer:train_loop:103 - Epoch: [21/ 40] | Train loss: [0.28267701781458326]
2022-06-08 17:53:29.715 | INFO     | tools.trainer:train_loop:103 - Epoch: [22/ 40] | Train loss: [0.2760245096352365]
2022-06-08 17:58:09.825 | INFO     | tools.trainer:train_loop:103 - Epoch: [23/ 40] | Train loss: [0.2911734812789493]
2022-06-08 18:02:41.600 | INFO     | tools.trainer:train_loop:103 - Epoch: [24/ 40] | Train loss: [0.2727283623483446]
2022-06-08 18:07:08.430 | INFO     | tools.trainer:train_loop:103 - Epoch: [25/ 40] | Train loss: [0.26500670860211056]
2022-06-08 18:11:39.390 | INFO     | tools.trainer:train_loop:103 - Epoch: [26/ 40] | Train loss: [0.28867927342653277]
2022-06-08 18:16:19.197 | INFO     | tools.trainer:train_loop:103 - Epoch: [27/ 40] | Train loss: [0.23610914647579193]
2022-06-08 18:21:00.871 | INFO     | tools.trainer:train_loop:103 - Epoch: [28/ 40] | Train loss: [0.2473776638507843]
2022-06-08 18:25:46.490 | INFO     | tools.trainer:train_loop:103 - Epoch: [29/ 40] | Train loss: [0.23531019886334736]
2022-06-08 18:30:30.962 | INFO     | tools.trainer:train_loop:103 - Epoch: [30/ 40] | Train loss: [0.23914142847061157]
2022-06-08 18:35:15.216 | INFO     | tools.trainer:train_loop:103 - Epoch: [31/ 40] | Train loss: [0.22652471131748622]
2022-06-08 18:39:59.484 | INFO     | tools.trainer:train_loop:103 - Epoch: [32/ 40] | Train loss: [0.2332214895221922]
2022-06-08 18:44:46.441 | INFO     | tools.trainer:train_loop:103 - Epoch: [33/ 40] | Train loss: [0.22518307367960613]
2022-06-08 18:49:32.756 | INFO     | tools.trainer:train_loop:103 - Epoch: [34/ 40] | Train loss: [0.21723623126745223]
2022-06-08 18:54:18.157 | INFO     | tools.trainer:train_loop:103 - Epoch: [35/ 40] | Train loss: [0.22986444615655474]
2022-06-08 18:59:03.700 | INFO     | tools.trainer:train_loop:103 - Epoch: [36/ 40] | Train loss: [0.205798968176047]
2022-06-08 19:03:45.930 | INFO     | tools.trainer:train_loop:103 - Epoch: [37/ 40] | Train loss: [0.20944719430473116]
2022-06-08 19:08:12.063 | INFO     | tools.trainer:train_loop:103 - Epoch: [38/ 40] | Train loss: [0.21270404110352198]
2022-06-08 19:12:33.130 | INFO     | tools.trainer:train_loop:103 - Epoch: [39/ 40] | Train loss: [0.19974557807048163]
2022-06-08 19:16:56.442 | INFO     | tools.trainer:train_loop:103 - Epoch: [40/ 40] | Train loss: [0.18955814838409424]
2022-06-08 19:16:56.654 | INFO     | tools.trainer:train_loop:115 - [Saving Snapshot:]/home/admin_mcn/hungpv/polyps/checkpoints/proposed_v8/PVTv2-B3-UPerHead_40.pth
2022-06-08 19:16:56.654 | INFO     | tools.trainer:train_loop:124 - Training cost: 11241.732498077996seconds
