2022-06-10 13:24:32.275 | INFO     | __main__:main:57 - Load config from configs/proposed.yaml
2022-06-10 13:24:32.275 | INFO     | __main__:main:58 - {'dataset': {'data_path': '/home/admin_mcn/hungpv/polyps/dataset/KCECE', 'train_data_path': ['/home/admin_mcn/hungpv/polyps/dataset/KCECE/TrainDataset'], 'test_data_path': ['/home/admin_mcn/hungpv/polyps/dataset/KCECE/TestDataset/Kvasir'], 'val_data_path': ['/home/admin_mcn/hungpv/polyps/dataset/KCECE/TestDataset/CVC-300']}, 'model': {'num_classes': 1, 'save_dir': '/home/admin_mcn/hungpv/polyps/checkpoints/proposed_v5', 'backbone': 'PVTv2-B3', 'head': 'UPerHead', 'pretrained': '/home/admin_mcn/hungpv/polyps/pretrained-backbone/pvt_v2_b3.pth'}, 'optimizer': {'name': 'adam', 'lr': 0.0001, 'clip': 0.5, 'scheduler': 'cosine_warmup', 'loss': 'structure_ssim_loss'}, 'dev': 'cuda', 'train': {'start_from': 0, 'save_from': 29, 'num_epochs': 30, 'num_warmup_epoch': 8, 'is_val': False, 'size_rates': [0.75, 1, 1.25], 'dataloader': {'batchsize': 16, 'img_size': 352, 'shuffle': True, 'num_workers': 4, 'pin_memory': True, 'drop_last': True}, 'amp': False, 'ddp': False, 'augment': {'prob': 1, 'HueSaturationValue_prob': 0.5, 'RandomBrightnessContrast_prob': 0.5, 'randomrotate90_prob': 0.5}}, 'test': {'dev': 'cuda', 'visualize': False, 'visualize_dir': '/mnt/data/hungpv/polyps/visualize', 'vis_x': 180, 'vis_overwrite': False, 'checkpoint_dir': '/home/admin_mcn/hungpv/polyps/checkpoints/proposed_v5/PVTv2-B4-UPerHead_40.pth', 'dataloader': {'batchsize': 1, 'img_size': 352, 'shuffle': True, 'num_workers': 2, 'pin_memory': True, 'drop_last': True}, 'augment': {'prob': 1, 'Flip_prob': 0, 'HueSaturationValue_prob': 0, 'RandomBrightnessContrast_prob': 0, 'crop_prob': 0, 'randomrotate90_prob': 0, 'elastictransform_prob': 0, 'gridistortion_prob': 0, 'opticaldistortion_prob': 0, 'verticalflip_prob': 0, 'horizontalflip_prob': 0, 'randomgamma_prob': 0, 'CoarseDropout_prob': 0, 'RGBShift_prob': 0, 'MotionBlur_prob': 0, 'MedianBlur_prob': 0, 'GaussianBlur_prob': 0, 'GaussNoise_prob': 0, 'ChannelShuffle_prob': 0}}}
2022-06-10 13:24:32.275 | INFO     | __main__:main:59 - Getting datapath
2022-06-10 13:24:32.280 | INFO     | __main__:main:73 - There are 1450 images to train
2022-06-10 13:24:32.281 | INFO     | __main__:main:92 - Train model with no valid dataset
2022-06-10 13:24:32.281 | INFO     | __main__:main:94 - Loading data
2022-06-10 13:24:32.346 | INFO     | __main__:main:108 - 90 batches to train
2022-06-10 13:24:32.353 | INFO     | __main__:main:121 - Loading model
2022-06-10 13:24:32.353 | INFO     | __main__:main:142 - Loading checkpoint from /home/admin_mcn/hungpv/polyps/pretrained-backbone/pvt_v2_b3.pth ...
2022-06-10 13:24:35.664 | INFO     | __main__:main:185 - Training with FP32 ...
2022-06-10 13:29:46.545 | INFO     | tools.trainer:train_loop:103 - Epoch: [1/ 30] | Train loss: [2.4417137258582646]
2022-06-10 13:35:41.374 | INFO     | tools.trainer:train_loop:103 - Epoch: [2/ 30] | Train loss: [1.0474823282824621]
2022-06-10 13:41:37.968 | INFO     | tools.trainer:train_loop:103 - Epoch: [3/ 30] | Train loss: [0.7737965987788307]
2022-06-10 13:41:38.191 | INFO     | tools.trainer:train_loop:115 - [Saving Snapshot:]/home/admin_mcn/hungpv/polyps/checkpoints/proposed_v5/PVTv2-B3-UPerHead_3.pth
2022-06-10 13:47:54.193 | INFO     | tools.trainer:train_loop:103 - Epoch: [4/ 30] | Train loss: [0.6332587079869376]
2022-06-10 13:53:54.140 | INFO     | tools.trainer:train_loop:103 - Epoch: [5/ 30] | Train loss: [0.5142501986689038]
2022-06-10 13:59:51.397 | INFO     | tools.trainer:train_loop:103 - Epoch: [6/ 30] | Train loss: [0.43638160990344155]
2022-06-10 14:06:10.452 | INFO     | tools.trainer:train_loop:103 - Epoch: [7/ 30] | Train loss: [0.3583227500319481]
2022-06-10 14:12:32.446 | INFO     | tools.trainer:train_loop:103 - Epoch: [8/ 30] | Train loss: [0.3279755108886295]
2022-06-10 14:18:48.414 | INFO     | tools.trainer:train_loop:103 - Epoch: [9/ 30] | Train loss: [0.31617643386125566]
2022-06-10 14:24:35.320 | INFO     | tools.trainer:train_loop:103 - Epoch: [10/ 30] | Train loss: [0.29628584533929825]
2022-06-10 14:30:00.477 | INFO     | tools.trainer:train_loop:103 - Epoch: [11/ 30] | Train loss: [0.2735127424200376]
2022-06-10 14:35:57.706 | INFO     | tools.trainer:train_loop:103 - Epoch: [12/ 30] | Train loss: [0.24250401688946618]
2022-06-10 14:42:20.449 | INFO     | tools.trainer:train_loop:103 - Epoch: [13/ 30] | Train loss: [0.22808622535732057]
2022-06-10 14:48:53.213 | INFO     | tools.trainer:train_loop:103 - Epoch: [14/ 30] | Train loss: [0.21114141196012498]
2022-06-10 14:55:34.855 | INFO     | tools.trainer:train_loop:103 - Epoch: [15/ 30] | Train loss: [0.211656606859631]
2022-06-10 15:02:03.135 | INFO     | tools.trainer:train_loop:103 - Epoch: [16/ 30] | Train loss: [0.2002264729804463]
2022-06-10 15:08:04.966 | INFO     | tools.trainer:train_loop:103 - Epoch: [17/ 30] | Train loss: [0.19300469325648414]
2022-06-10 15:13:38.585 | INFO     | tools.trainer:train_loop:103 - Epoch: [18/ 30] | Train loss: [0.18283262699842454]
2022-06-10 15:19:23.978 | INFO     | tools.trainer:train_loop:103 - Epoch: [19/ 30] | Train loss: [0.18161212537023758]
2022-06-10 15:25:16.198 | INFO     | tools.trainer:train_loop:103 - Epoch: [20/ 30] | Train loss: [0.18896554874049293]
2022-06-10 15:30:44.703 | INFO     | tools.trainer:train_loop:103 - Epoch: [21/ 30] | Train loss: [0.22840545458926095]
2022-06-10 15:36:06.249 | INFO     | tools.trainer:train_loop:103 - Epoch: [22/ 30] | Train loss: [0.18684307643108897]
2022-06-10 15:41:44.933 | INFO     | tools.trainer:train_loop:103 - Epoch: [23/ 30] | Train loss: [0.1934187828666634]
2022-06-10 15:47:30.177 | INFO     | tools.trainer:train_loop:103 - Epoch: [24/ 30] | Train loss: [0.17526939469907019]
2022-06-10 15:53:26.429 | INFO     | tools.trainer:train_loop:103 - Epoch: [25/ 30] | Train loss: [0.16575666359729238]
2022-06-10 15:59:00.647 | INFO     | tools.trainer:train_loop:103 - Epoch: [26/ 30] | Train loss: [0.15922151464554998]
2022-06-10 16:04:20.921 | INFO     | tools.trainer:train_loop:103 - Epoch: [27/ 30] | Train loss: [0.15781463210781416]
2022-06-10 16:09:39.961 | INFO     | tools.trainer:train_loop:103 - Epoch: [28/ 30] | Train loss: [0.15178611220584975]
2022-06-10 16:14:55.376 | INFO     | tools.trainer:train_loop:103 - Epoch: [29/ 30] | Train loss: [0.14811853211787013]
2022-06-10 16:20:22.993 | INFO     | tools.trainer:train_loop:103 - Epoch: [30/ 30] | Train loss: [0.14061065432098177]
2022-06-10 16:20:23.202 | INFO     | tools.trainer:train_loop:115 - [Saving Snapshot:]/home/admin_mcn/hungpv/polyps/checkpoints/proposed_v5/PVTv2-B3-UPerHead_30.pth
2022-06-10 16:20:23.202 | INFO     | tools.trainer:train_loop:124 - Training cost: 10546.493926021969seconds
