2022-06-03 17:33:39.842 | INFO     | __main__:main:47 - Load config from configs/proposed.yaml
2022-06-03 17:33:39.842 | INFO     | __main__:main:48 - {'dataset': {'data_path': '/home/admin_mcn/hungpv/polyps/dataset/KCECE', 'train_data_path': ['/home/admin_mcn/hungpv/polyps/dataset/KCECE/TrainDataset'], 'test_data_path': ['/home/admin_mcn/hungpv/polyps/dataset/KCECE/TestDataset/Kvasir'], 'val_data_path': ['/home/admin_mcn/hungpv/polyps/dataset/KCECE/TestDataset/CVC-300']}, 'model': {'num_classes': 1, 'save_dir': '/home/admin_mcn/hungpv/polyps/checkpoints/proposed_v4', 'backbone': 'PVTv2-B3', 'head': 'UPerHead', 'pretrained': '/mnt/data/hungpv/polyps/pretrained-backbone/pvt_v2_b3.pth'}, 'optimizer': {'name': 'adam', 'lr': 0.0001, 'clip': 0.5, 'scheduler': 'cosine_warmup', 'loss': 'structure_ssim_loss'}, 'dev': 'cuda', 'train': {'start_from': 0, 'save_from': 39, 'num_epochs': 40, 'num_warmup_epoch': 5, 'is_val': False, 'size_rates': [0.5, 0.75, 1, 1.25], 'dataloader': {'batchsize': 16, 'img_size': 352, 'shuffle': True, 'num_workers': 4, 'pin_memory': True, 'drop_last': True}, 'amp': False, 'ddp': False, 'augment': {'prob': 1, 'HueSaturationValue_prob': 0.5, 'RandomBrightnessContrast_prob': 0.5, 'crop_prob': 0.0, 'randomrotate90_prob': 0.5, 'verticalflip_prob': 0.5, 'horizontalflip_prob': 0.5}}, 'test': {'dev': 'cuda', 'visualize': False, 'visualize_dir': '/mnt/data/hungpv/polyps/visualize', 'vis_x': 180, 'vis_overwrite': False, 'checkpoint_dir': '/home/admin_mcn/hungpv/polyps/checkpoints/proposed_v4/PVTv2-B3-UPerHead_40.pth', 'dataloader': {'batchsize': 1, 'img_size': 352, 'shuffle': True, 'num_workers': 2, 'pin_memory': True, 'drop_last': True}, 'augment': {'prob': 1, 'Flip_prob': 0, 'HueSaturationValue_prob': 0, 'RandomBrightnessContrast_prob': 0, 'crop_prob': 0, 'randomrotate90_prob': 0, 'elastictransform_prob': 0, 'gridistortion_prob': 0, 'opticaldistortion_prob': 0, 'verticalflip_prob': 0, 'horizontalflip_prob': 0, 'randomgamma_prob': 0, 'CoarseDropout_prob': 0, 'RGBShift_prob': 0, 'MotionBlur_prob': 0, 'MedianBlur_prob': 0, 'GaussianBlur_prob': 0, 'GaussNoise_prob': 0, 'ChannelShuffle_prob': 0}}}
2022-06-03 17:33:39.842 | INFO     | __main__:main:49 - Getting datapath
2022-06-03 17:33:39.847 | INFO     | __main__:main:63 - There are 1450 images to train
2022-06-03 17:33:39.847 | INFO     | __main__:main:82 - Train model with no valid dataset
2022-06-03 17:33:39.847 | INFO     | __main__:main:84 - Loading data
2022-06-03 17:33:39.912 | INFO     | __main__:main:98 - 90 batches to train
2022-06-03 17:33:39.915 | INFO     | __main__:main:111 - Loading model
2022-06-03 17:33:39.915 | INFO     | __main__:main:132 - Loading checkpoint from /mnt/data/hungpv/polyps/pretrained-backbone/pvt_v2_b3.pth ...
2022-06-03 17:33:43.165 | INFO     | __main__:main:175 - Training with FP32 ...
2022-06-03 17:39:26.073 | INFO     | tools.trainer:train_loop:103 - Epoch: [1/ 40] | Train loss: [2.6738409479459126]
2022-06-03 17:45:46.801 | INFO     | tools.trainer:train_loop:103 - Epoch: [2/ 40] | Train loss: [0.9066654152340359]
2022-06-03 17:51:58.437 | INFO     | tools.trainer:train_loop:103 - Epoch: [3/ 40] | Train loss: [0.8313737491766612]
2022-06-03 17:51:58.649 | INFO     | tools.trainer:train_loop:115 - [Saving Snapshot:]/home/admin_mcn/hungpv/polyps/checkpoints/proposed_v4/PVTv2-B3-UPerHead_3.pth
2022-06-03 17:58:07.879 | INFO     | tools.trainer:train_loop:103 - Epoch: [4/ 40] | Train loss: [0.5866084112061395]
2022-06-03 18:04:27.717 | INFO     | tools.trainer:train_loop:103 - Epoch: [5/ 40] | Train loss: [0.5029182275136311]
2022-06-03 18:10:51.415 | INFO     | tools.trainer:train_loop:103 - Epoch: [6/ 40] | Train loss: [0.448685755332311]
2022-06-03 18:17:20.108 | INFO     | tools.trainer:train_loop:103 - Epoch: [7/ 40] | Train loss: [0.38855456527736454]
2022-06-03 18:23:48.243 | INFO     | tools.trainer:train_loop:103 - Epoch: [8/ 40] | Train loss: [0.35071941117445626]
2022-06-03 18:30:00.536 | INFO     | tools.trainer:train_loop:103 - Epoch: [9/ 40] | Train loss: [0.31788395527336333]
2022-06-03 18:36:13.450 | INFO     | tools.trainer:train_loop:103 - Epoch: [10/ 40] | Train loss: [0.2879047218296263]
2022-06-03 18:42:38.553 | INFO     | tools.trainer:train_loop:103 - Epoch: [11/ 40] | Train loss: [0.287426419225004]
2022-06-03 18:49:20.412 | INFO     | tools.trainer:train_loop:103 - Epoch: [12/ 40] | Train loss: [0.37424668818712237]
2022-06-03 18:56:01.358 | INFO     | tools.trainer:train_loop:103 - Epoch: [13/ 40] | Train loss: [0.32035673840178386]
2022-06-03 19:02:31.232 | INFO     | tools.trainer:train_loop:103 - Epoch: [14/ 40] | Train loss: [0.3554437730047438]
2022-06-03 19:08:59.542 | INFO     | tools.trainer:train_loop:103 - Epoch: [15/ 40] | Train loss: [0.2963803889022933]
2022-06-03 19:15:30.170 | INFO     | tools.trainer:train_loop:103 - Epoch: [16/ 40] | Train loss: [0.26491677363713584]
2022-06-03 19:22:05.184 | INFO     | tools.trainer:train_loop:103 - Epoch: [17/ 40] | Train loss: [0.2479178849193785]
2022-06-03 19:28:36.148 | INFO     | tools.trainer:train_loop:103 - Epoch: [18/ 40] | Train loss: [0.23070125248697068]
2022-06-03 19:34:54.759 | INFO     | tools.trainer:train_loop:103 - Epoch: [19/ 40] | Train loss: [0.22311176988813614]
2022-06-03 19:41:12.307 | INFO     | tools.trainer:train_loop:103 - Epoch: [20/ 40] | Train loss: [0.21324737783935335]
2022-06-03 19:47:25.803 | INFO     | tools.trainer:train_loop:103 - Epoch: [21/ 40] | Train loss: [0.22862167722649043]
2022-06-03 19:53:37.979 | INFO     | tools.trainer:train_loop:103 - Epoch: [22/ 40] | Train loss: [0.21389695306619008]
2022-06-03 19:59:51.794 | INFO     | tools.trainer:train_loop:103 - Epoch: [23/ 40] | Train loss: [0.21255364277296596]
2022-06-03 20:06:06.960 | INFO     | tools.trainer:train_loop:103 - Epoch: [24/ 40] | Train loss: [0.19796115093761021]
2022-06-03 20:12:22.643 | INFO     | tools.trainer:train_loop:103 - Epoch: [25/ 40] | Train loss: [0.19579590608676276]
2022-06-03 20:18:40.724 | INFO     | tools.trainer:train_loop:103 - Epoch: [26/ 40] | Train loss: [0.18440296716160245]
2022-06-03 20:25:09.185 | INFO     | tools.trainer:train_loop:103 - Epoch: [27/ 40] | Train loss: [0.18001589808199142]
2022-06-03 20:31:35.938 | INFO     | tools.trainer:train_loop:103 - Epoch: [28/ 40] | Train loss: [0.17578523374266095]
2022-06-03 20:37:39.696 | INFO     | tools.trainer:train_loop:103 - Epoch: [29/ 40] | Train loss: [0.1706429640452067]
2022-06-03 20:43:46.535 | INFO     | tools.trainer:train_loop:103 - Epoch: [30/ 40] | Train loss: [0.16452241117755573]
2022-06-03 20:49:52.014 | INFO     | tools.trainer:train_loop:103 - Epoch: [31/ 40] | Train loss: [0.16449765786528586]
2022-06-03 20:56:01.595 | INFO     | tools.trainer:train_loop:103 - Epoch: [32/ 40] | Train loss: [0.16169784350527658]
2022-06-03 21:02:13.869 | INFO     | tools.trainer:train_loop:103 - Epoch: [33/ 40] | Train loss: [0.15370453695456188]
2022-06-03 21:08:21.706 | INFO     | tools.trainer:train_loop:103 - Epoch: [34/ 40] | Train loss: [0.15022284247808987]
2022-06-03 21:14:19.526 | INFO     | tools.trainer:train_loop:103 - Epoch: [35/ 40] | Train loss: [0.15079604271385405]
2022-06-03 21:20:17.466 | INFO     | tools.trainer:train_loop:103 - Epoch: [36/ 40] | Train loss: [0.1502367963393529]
2022-06-03 21:26:28.201 | INFO     | tools.trainer:train_loop:103 - Epoch: [37/ 40] | Train loss: [0.14619401204917165]
2022-06-03 21:32:28.758 | INFO     | tools.trainer:train_loop:103 - Epoch: [38/ 40] | Train loss: [0.14558586767978138]
2022-06-03 21:38:14.431 | INFO     | tools.trainer:train_loop:103 - Epoch: [39/ 40] | Train loss: [0.14189883967240652]
2022-06-03 21:44:04.836 | INFO     | tools.trainer:train_loop:103 - Epoch: [40/ 40] | Train loss: [0.13912034258246422]
2022-06-03 21:44:05.040 | INFO     | tools.trainer:train_loop:115 - [Saving Snapshot:]/home/admin_mcn/hungpv/polyps/checkpoints/proposed_v4/PVTv2-B3-UPerHead_40.pth
2022-06-03 21:44:05.041 | INFO     | tools.trainer:train_loop:124 - Training cost: 15020.860345761059seconds
