2022-05-03 21:34:03.351 | INFO     | __main__:main:46 - Load config from ./configs/cara-pvtv2-uperhead.yaml
2022-05-03 21:34:03.351 | INFO     | __main__:main:47 - {'dataset': {'data_path': '/home/admin_mcn/hungpv/polyps/dataset/KCECE', 'train_data_path': ['/home/admin_mcn/hungpv/polyps/dataset/KCECE/TrainDataset'], 'test_data_path': ['/home/admin_mcn/hungpv/polyps/dataset/KCECE/TestDataset/CVC-300'], 'val_data_path': ['/home/admin_mcn/hungpv/polyps/dataset/KCECE/TestDataset/CVC-300']}, 'model': {'num_classes': 1, 'save_dir': '/mnt/data/hungpv/polyps/checkpoint/KCECE/cara-pvtv2-uperhead_v2', 'backbone': 'PVTv2-B3', 'head': 'UPerHead', 'pretrained': '/mnt/data/hungpv/polyps/pretrained-backbone/pvt_v2_b3.pth'}, 'optimizer': {'name': 'adam', 'lr': 0.0001, 'clip': 0.5, 'scheduler': 'cosine_warmup', 'loss': 'structure_loss'}, 'dev': 'cuda', 'train': {'start_from': 0, 'save_from': 78, 'num_epochs': 80, 'num_warmup_epoch': 10, 'is_val': False, 'size_rates': [0.75, 1, 1.25], 'multi_loss': True, 'dataloader': {'batchsize': 8, 'img_size': 352, 'shuffle': True, 'num_workers': 4, 'pin_memory': True, 'drop_last': True}, 'amp': False, 'ddp': False, 'augment': {'prob': 1, 'Flip_prob': 0.7, 'HueSaturationValue_prob': 0.7, 'RandomBrightnessContrast_prob': 0.5, 'crop_prob': 0.0, 'randomrotate90_prob': 0.7}}, 'test': {'dev': 'cuda', 'visualize': False, 'visualize_dir': '/mnt/data/hungpv/polyps/visualize', 'vis_x': 180, 'vis_overwrite': False, 'checkpoint_dir': '/mnt/data/hungpv/polyps/checkpoint/KCECE/mit-uperhead-cara_v3/MiT-B3-UPerHead_80.pth', 'dataloader': {'batchsize': 1, 'img_size': 352, 'shuffle': True, 'num_workers': 2, 'pin_memory': True, 'drop_last': True}, 'augment': {'prob': 1, 'Flip_prob': 0, 'HueSaturationValue_prob': 0, 'RandomBrightnessContrast_prob': 0, 'crop_prob': 0, 'randomrotate90_prob': 0, 'elastictransform_prob': 0, 'gridistortion_prob': 0, 'opticaldistortion_prob': 0, 'verticalflip_prob': 0, 'horizontalflip_prob': 0, 'randomgamma_prob': 0, 'CoarseDropout_prob': 0, 'RGBShift_prob': 0, 'MotionBlur_prob': 0, 'MedianBlur_prob': 0, 'GaussianBlur_prob': 0, 'GaussNoise_prob': 0, 'ChannelShuffle_prob': 0}}}
2022-05-03 21:34:03.352 | INFO     | __main__:main:48 - Getting datapath
2022-05-03 21:34:03.358 | INFO     | __main__:main:62 - There are 1450 images to train
2022-05-03 21:34:03.358 | INFO     | __main__:main:81 - Train model with no valid dataset
2022-05-03 21:34:03.358 | INFO     | __main__:main:83 - Loading data
2022-05-03 21:34:03.767 | INFO     | __main__:main:97 - 181 batches to train
2022-05-03 21:34:03.785 | INFO     | __main__:main:110 - Loading model
2022-05-03 21:34:03.786 | INFO     | __main__:main:127 - Loading checkpoint from /mnt/data/hungpv/polyps/pretrained-backbone/pvt_v2_b3.pth ...
2022-05-03 21:34:08.028 | INFO     | __main__:main:163 - Use deep supervision for training
2022-05-03 21:34:08.028 | INFO     | __main__:main:167 - Training with FP32 ...
2022-05-03 21:44:28.909 | INFO     | tools.trainer:train_loop:103 - Epoch: [1/ 80] | Train loss: [9.173720043667114]
2022-05-03 21:54:49.741 | INFO     | tools.trainer:train_loop:103 - Epoch: [2/ 80] | Train loss: [4.330196644719793]
2022-05-03 22:07:14.364 | INFO     | tools.trainer:train_loop:103 - Epoch: [3/ 80] | Train loss: [3.2797191268172714]
2022-05-03 22:07:16.112 | INFO     | tools.trainer:train_loop:118 - [Saving Snapshot:]/mnt/data/hungpv/polyps/checkpoint/KCECE/cara-pvtv2-uperhead_v2/PVTv2-B3-UPerHead_3.pth
2022-05-03 22:21:21.661 | INFO     | tools.trainer:train_loop:103 - Epoch: [4/ 80] | Train loss: [2.336643423164747]
2022-05-03 22:35:36.541 | INFO     | tools.trainer:train_loop:103 - Epoch: [5/ 80] | Train loss: [1.7063532432139907]
2022-05-03 22:49:52.948 | INFO     | tools.trainer:train_loop:103 - Epoch: [6/ 80] | Train loss: [1.4336410457916682]
2022-05-03 23:00:51.523 | INFO     | tools.trainer:train_loop:103 - Epoch: [7/ 80] | Train loss: [1.3290777114214818]
2022-05-03 23:11:19.918 | INFO     | tools.trainer:train_loop:103 - Epoch: [8/ 80] | Train loss: [1.1960452205568388]
2022-05-03 23:22:02.282 | INFO     | tools.trainer:train_loop:103 - Epoch: [9/ 80] | Train loss: [1.0900300915728616]
2022-05-03 23:34:56.908 | INFO     | tools.trainer:train_loop:103 - Epoch: [10/ 80] | Train loss: [1.073975209373137]
2022-05-03 23:48:24.202 | INFO     | tools.trainer:train_loop:103 - Epoch: [11/ 80] | Train loss: [1.062263595135831]
2022-05-04 00:01:52.171 | INFO     | tools.trainer:train_loop:103 - Epoch: [12/ 80] | Train loss: [0.9744024671902314]
2022-05-04 00:15:13.689 | INFO     | tools.trainer:train_loop:103 - Epoch: [13/ 80] | Train loss: [0.9687969437620257]
2022-05-04 00:28:40.307 | INFO     | tools.trainer:train_loop:103 - Epoch: [14/ 80] | Train loss: [0.9340043845097663]
2022-05-04 00:42:11.228 | INFO     | tools.trainer:train_loop:103 - Epoch: [15/ 80] | Train loss: [0.8671846304150576]
2022-05-04 00:56:32.382 | INFO     | tools.trainer:train_loop:103 - Epoch: [16/ 80] | Train loss: [0.8687798772727587]
2022-05-04 01:10:51.924 | INFO     | tools.trainer:train_loop:103 - Epoch: [17/ 80] | Train loss: [0.8465767585111587]
2022-05-04 01:25:16.856 | INFO     | tools.trainer:train_loop:103 - Epoch: [18/ 80] | Train loss: [0.8555811765444213]
2022-05-04 01:39:48.158 | INFO     | tools.trainer:train_loop:103 - Epoch: [19/ 80] | Train loss: [0.8165050242816546]
2022-05-04 01:54:09.180 | INFO     | tools.trainer:train_loop:103 - Epoch: [20/ 80] | Train loss: [0.811960372806254]
2022-05-04 02:08:31.550 | INFO     | tools.trainer:train_loop:103 - Epoch: [21/ 80] | Train loss: [0.8258860170511909]
2022-05-04 02:22:50.698 | INFO     | tools.trainer:train_loop:103 - Epoch: [22/ 80] | Train loss: [0.7741675004774694]
2022-05-04 02:37:17.653 | INFO     | tools.trainer:train_loop:103 - Epoch: [23/ 80] | Train loss: [0.7291259146527033]
2022-05-04 02:51:42.321 | INFO     | tools.trainer:train_loop:103 - Epoch: [24/ 80] | Train loss: [0.7120535648659448]
2022-05-04 03:06:00.736 | INFO     | tools.trainer:train_loop:103 - Epoch: [25/ 80] | Train loss: [0.7153799658980817]
2022-05-04 03:20:23.641 | INFO     | tools.trainer:train_loop:103 - Epoch: [26/ 80] | Train loss: [0.737727572246151]
2022-05-04 03:34:46.058 | INFO     | tools.trainer:train_loop:103 - Epoch: [27/ 80] | Train loss: [0.6949846061224437]
2022-05-04 03:49:05.812 | INFO     | tools.trainer:train_loop:103 - Epoch: [28/ 80] | Train loss: [0.6971991317377565]
2022-05-04 04:02:29.052 | INFO     | tools.trainer:train_loop:103 - Epoch: [29/ 80] | Train loss: [0.653364924436116]
2022-05-04 04:15:21.372 | INFO     | tools.trainer:train_loop:103 - Epoch: [30/ 80] | Train loss: [0.6469578757799791]
2022-05-04 04:25:58.217 | INFO     | tools.trainer:train_loop:103 - Epoch: [31/ 80] | Train loss: [0.6374303693600123]
2022-05-04 04:36:25.338 | INFO     | tools.trainer:train_loop:103 - Epoch: [32/ 80] | Train loss: [0.6572540909545856]
2022-05-04 04:46:59.134 | INFO     | tools.trainer:train_loop:103 - Epoch: [33/ 80] | Train loss: [0.6276168788664908]
2022-05-04 04:57:28.392 | INFO     | tools.trainer:train_loop:103 - Epoch: [34/ 80] | Train loss: [0.6407489001092331]
2022-05-04 05:08:01.962 | INFO     | tools.trainer:train_loop:103 - Epoch: [35/ 80] | Train loss: [0.6167247326663845]
2022-05-04 05:18:29.019 | INFO     | tools.trainer:train_loop:103 - Epoch: [36/ 80] | Train loss: [0.5876087936577876]
2022-05-04 05:28:57.999 | INFO     | tools.trainer:train_loop:103 - Epoch: [37/ 80] | Train loss: [0.5737404225610238]
2022-05-04 05:39:28.285 | INFO     | tools.trainer:train_loop:103 - Epoch: [38/ 80] | Train loss: [0.568932380959474]
2022-05-04 05:49:54.809 | INFO     | tools.trainer:train_loop:103 - Epoch: [39/ 80] | Train loss: [0.5584385590987969]
2022-05-04 06:00:22.993 | INFO     | tools.trainer:train_loop:103 - Epoch: [40/ 80] | Train loss: [0.5486204612650265]
2022-05-04 06:10:55.401 | INFO     | tools.trainer:train_loop:103 - Epoch: [41/ 80] | Train loss: [0.5412850254807025]
2022-05-04 06:21:22.447 | INFO     | tools.trainer:train_loop:103 - Epoch: [42/ 80] | Train loss: [0.562323427002733]
2022-05-04 06:31:54.382 | INFO     | tools.trainer:train_loop:103 - Epoch: [43/ 80] | Train loss: [0.5543209423017765]
2022-05-04 06:42:28.625 | INFO     | tools.trainer:train_loop:103 - Epoch: [44/ 80] | Train loss: [0.5327712129492786]
2022-05-04 06:53:02.364 | INFO     | tools.trainer:train_loop:103 - Epoch: [45/ 80] | Train loss: [0.5074132613384921]
2022-05-04 07:03:38.975 | INFO     | tools.trainer:train_loop:103 - Epoch: [46/ 80] | Train loss: [0.5050941916460491]
2022-05-04 07:14:12.508 | INFO     | tools.trainer:train_loop:103 - Epoch: [47/ 80] | Train loss: [0.5064366431855365]
2022-05-04 07:24:49.077 | INFO     | tools.trainer:train_loop:103 - Epoch: [48/ 80] | Train loss: [0.5076488205411817]
2022-05-04 07:35:25.344 | INFO     | tools.trainer:train_loop:103 - Epoch: [49/ 80] | Train loss: [0.48504552673239737]
2022-05-04 07:46:04.132 | INFO     | tools.trainer:train_loop:103 - Epoch: [50/ 80] | Train loss: [0.47855355380648407]
2022-05-04 07:56:42.422 | INFO     | tools.trainer:train_loop:103 - Epoch: [51/ 80] | Train loss: [0.4878866723558521]
2022-05-04 08:07:16.953 | INFO     | tools.trainer:train_loop:103 - Epoch: [52/ 80] | Train loss: [0.4697679412957713]
2022-05-04 08:20:09.288 | INFO     | tools.trainer:train_loop:103 - Epoch: [53/ 80] | Train loss: [0.4693111742728323]
2022-05-04 08:33:42.227 | INFO     | tools.trainer:train_loop:103 - Epoch: [54/ 80] | Train loss: [0.49190146685963837]
2022-05-04 08:47:24.898 | INFO     | tools.trainer:train_loop:103 - Epoch: [55/ 80] | Train loss: [0.4602930162163729]
2022-05-04 09:00:52.503 | INFO     | tools.trainer:train_loop:103 - Epoch: [56/ 80] | Train loss: [0.4559422714934165]
2022-05-04 09:14:02.828 | INFO     | tools.trainer:train_loop:103 - Epoch: [57/ 80] | Train loss: [0.43933827244774415]
2022-05-04 09:26:16.663 | INFO     | tools.trainer:train_loop:103 - Epoch: [58/ 80] | Train loss: [0.43569087307097504]
2022-05-04 09:39:42.276 | INFO     | tools.trainer:train_loop:103 - Epoch: [59/ 80] | Train loss: [0.42913998737519615]
2022-05-04 09:53:15.155 | INFO     | tools.trainer:train_loop:103 - Epoch: [60/ 80] | Train loss: [0.42410135861918413]
2022-05-04 10:06:41.019 | INFO     | tools.trainer:train_loop:103 - Epoch: [61/ 80] | Train loss: [0.4263149224921485]
2022-05-04 10:20:17.059 | INFO     | tools.trainer:train_loop:103 - Epoch: [62/ 80] | Train loss: [0.42132658573145365]
2022-05-04 10:32:26.000 | INFO     | tools.trainer:train_loop:103 - Epoch: [63/ 80] | Train loss: [0.42315178780265933]
2022-05-04 10:45:37.269 | INFO     | tools.trainer:train_loop:103 - Epoch: [64/ 80] | Train loss: [0.4104174675203819]
2022-05-04 10:59:03.515 | INFO     | tools.trainer:train_loop:103 - Epoch: [65/ 80] | Train loss: [0.40583539535986124]
2022-05-04 11:12:31.600 | INFO     | tools.trainer:train_loop:103 - Epoch: [66/ 80] | Train loss: [0.40573650071634115]
2022-05-04 11:25:59.691 | INFO     | tools.trainer:train_loop:103 - Epoch: [67/ 80] | Train loss: [0.3975447551321588]
2022-05-04 11:38:44.932 | INFO     | tools.trainer:train_loop:103 - Epoch: [68/ 80] | Train loss: [0.40052787852550736]
2022-05-04 11:49:26.731 | INFO     | tools.trainer:train_loop:103 - Epoch: [69/ 80] | Train loss: [0.39406125486226373]
2022-05-04 12:00:06.389 | INFO     | tools.trainer:train_loop:103 - Epoch: [70/ 80] | Train loss: [0.3869954905786567]
2022-05-04 12:10:49.863 | INFO     | tools.trainer:train_loop:103 - Epoch: [71/ 80] | Train loss: [0.38515905747756113]
2022-05-04 12:21:32.643 | INFO     | tools.trainer:train_loop:103 - Epoch: [72/ 80] | Train loss: [0.38272709329483917]
2022-05-04 12:32:18.313 | INFO     | tools.trainer:train_loop:103 - Epoch: [73/ 80] | Train loss: [0.38239006722829616]
2022-05-04 12:42:58.948 | INFO     | tools.trainer:train_loop:103 - Epoch: [74/ 80] | Train loss: [0.38009683170371295]
2022-05-04 12:53:39.724 | INFO     | tools.trainer:train_loop:103 - Epoch: [75/ 80] | Train loss: [0.3743813258508292]
2022-05-04 13:04:19.364 | INFO     | tools.trainer:train_loop:103 - Epoch: [76/ 80] | Train loss: [0.37271197790599003]
2022-05-04 13:15:28.778 | INFO     | tools.trainer:train_loop:103 - Epoch: [77/ 80] | Train loss: [0.3722440257915476]
2022-05-04 13:30:09.986 | INFO     | tools.trainer:train_loop:103 - Epoch: [78/ 80] | Train loss: [0.370074988564075]
2022-05-04 13:45:11.472 | INFO     | tools.trainer:train_loop:103 - Epoch: [79/ 80] | Train loss: [0.3695072829723358]
2022-05-04 13:45:12.243 | INFO     | tools.trainer:train_loop:118 - [Saving Snapshot:]/mnt/data/hungpv/polyps/checkpoint/KCECE/cara-pvtv2-uperhead_v2/PVTv2-B3-UPerHead_79.pth
2022-05-04 14:00:23.541 | INFO     | tools.trainer:train_loop:103 - Epoch: [80/ 80] | Train loss: [0.3678947999991106]
2022-05-04 14:00:24.224 | INFO     | tools.trainer:train_loop:118 - [Saving Snapshot:]/mnt/data/hungpv/polyps/checkpoint/KCECE/cara-pvtv2-uperhead_v2/PVTv2-B3-UPerHead_80.pth
2022-05-04 14:00:24.225 | INFO     | tools.trainer:train_loop:124 - Training cost: 59174.73203649seconds
