2022-04-08 17:25:39.465 | INFO     | __main__:main:46 - Load config from configs/mit-uperhead-cara.yaml
2022-04-08 17:25:39.465 | INFO     | __main__:main:47 - {'dataset': {'data_path': '/home/admin_mcn/hungpv/polyps/dataset/KCECE', 'train_data_path': ['/home/admin_mcn/hungpv/polyps/dataset/KCECE/TrainDataset'], 'test_data_path': ['/home/admin_mcn/hungpv/polyps/dataset/KCECE/TestDataset/CVC-300'], 'val_data_path': ['/home/admin_mcn/hungpv/polyps/dataset/KCECE/TestDataset/CVC-300']}, 'model': {'num_classes': 1, 'save_dir': '/mnt/data/hungpv/polyps/checkpoint/KCECE/mit-uperhead-cara_v3', 'backbone': 'MiT-B3', 'head': 'UPerHead', 'pretrained': '/mnt/data/hungpv/polyps/pretrained-backbone/mit_b3.pth'}, 'optimizer': {'name': 'adam', 'lr': 0.0001, 'clip': 0.5, 'scheduler': 'cosine_warmup', 'loss': 'structure_loss'}, 'dev': 'cuda', 'train': {'start_from': 0, 'save_from': 78, 'num_epochs': 80, 'num_warmup_epoch': 10, 'is_val': False, 'size_rates': [0.75, 1, 1.25], 'dataloader': {'batchsize': 12, 'img_size': 352, 'shuffle': True, 'num_workers': 4, 'pin_memory': True, 'drop_last': True}, 'amp': False, 'ddp': False, 'augment': {'prob': 1, 'Flip_prob': 0.7, 'HueSaturationValue_prob': 0.7, 'RandomBrightnessContrast_prob': 0.5, 'crop_prob': 0.0, 'randomrotate90_prob': 0.7}}, 'test': {'dev': 'cuda', 'visualize': False, 'visualize_dir': '/mnt/data/hungpv/polyps/visualize', 'vis_x': 180, 'vis_overwrite': False, 'checkpoint_dir': '/mnt/data/hungpv/polyps/checkpoint/KCECE/mit-uperhead-cara_v2/MiT-B3-UPerHead_80.pth', 'dataloader': {'batchsize': 1, 'img_size': 352, 'shuffle': True, 'num_workers': 2, 'pin_memory': True, 'drop_last': True}, 'augment': {'prob': 1, 'Flip_prob': 0, 'HueSaturationValue_prob': 0, 'RandomBrightnessContrast_prob': 0, 'crop_prob': 0, 'randomrotate90_prob': 0, 'elastictransform_prob': 0, 'gridistortion_prob': 0, 'opticaldistortion_prob': 0, 'verticalflip_prob': 0, 'horizontalflip_prob': 0, 'randomgamma_prob': 0, 'CoarseDropout_prob': 0, 'RGBShift_prob': 0, 'MotionBlur_prob': 0, 'MedianBlur_prob': 0, 'GaussianBlur_prob': 0, 'GaussNoise_prob': 0, 'ChannelShuffle_prob': 0}}}
2022-04-08 17:25:39.465 | INFO     | __main__:main:48 - Getting datapath
2022-04-08 17:25:39.471 | INFO     | __main__:main:62 - There are 1450 images to train
2022-04-08 17:25:39.472 | INFO     | __main__:main:81 - Train model with no valid dataset
2022-04-08 17:25:39.472 | INFO     | __main__:main:83 - Loading data
2022-04-08 17:25:39.558 | INFO     | __main__:main:97 - 120 batches to train
2022-04-08 17:25:39.562 | INFO     | __main__:main:110 - Loading model
2022-04-08 17:25:39.562 | INFO     | __main__:main:127 - Training custom with cara module
2022-04-08 17:25:39.563 | INFO     | __main__:main:128 - Loading checkpoint from /mnt/data/hungpv/polyps/pretrained-backbone/mit_b3.pth ...
2022-04-08 17:25:42.880 | INFO     | __main__:main:166 - Training with FP32 ...
2022-04-08 17:33:55.569 | INFO     | tools.trainer:train_loop:89 - Epoch: [1/ 80] | Train loss: [2.0772416313489277]
2022-04-08 17:42:07.679 | INFO     | tools.trainer:train_loop:89 - Epoch: [2/ 80] | Train loss: [0.9554935281475385]
2022-04-08 17:50:19.900 | INFO     | tools.trainer:train_loop:89 - Epoch: [3/ 80] | Train loss: [0.6540327735245228]
2022-04-08 17:50:20.596 | INFO     | tools.trainer:train_loop:104 - [Saving Snapshot:]/mnt/data/hungpv/polyps/checkpoint/KCECE/mit-uperhead-cara_v3/MiT-B3-UPerHead_3.pth
2022-04-08 17:58:32.836 | INFO     | tools.trainer:train_loop:89 - Epoch: [4/ 80] | Train loss: [0.4529028135041396]
2022-04-08 18:06:45.047 | INFO     | tools.trainer:train_loop:89 - Epoch: [5/ 80] | Train loss: [0.36170075200498103]
2022-04-08 18:14:57.011 | INFO     | tools.trainer:train_loop:89 - Epoch: [6/ 80] | Train loss: [0.31878540478646755]
2022-04-08 18:23:08.779 | INFO     | tools.trainer:train_loop:89 - Epoch: [7/ 80] | Train loss: [0.2986266005784273]
2022-04-08 18:31:20.470 | INFO     | tools.trainer:train_loop:89 - Epoch: [8/ 80] | Train loss: [0.27318863372008007]
2022-04-08 18:39:32.323 | INFO     | tools.trainer:train_loop:89 - Epoch: [9/ 80] | Train loss: [0.2553843889385462]
2022-04-08 18:47:44.393 | INFO     | tools.trainer:train_loop:89 - Epoch: [10/ 80] | Train loss: [0.24027926611403624]
2022-04-08 18:55:56.679 | INFO     | tools.trainer:train_loop:89 - Epoch: [11/ 80] | Train loss: [0.22905276628832022]
2022-04-08 19:04:08.082 | INFO     | tools.trainer:train_loop:89 - Epoch: [12/ 80] | Train loss: [0.22327862282594044]
2022-04-08 19:12:20.088 | INFO     | tools.trainer:train_loop:89 - Epoch: [13/ 80] | Train loss: [0.21906980859736602]
2022-04-08 19:20:31.606 | INFO     | tools.trainer:train_loop:89 - Epoch: [14/ 80] | Train loss: [0.20350645209352175]
2022-04-08 19:28:43.257 | INFO     | tools.trainer:train_loop:89 - Epoch: [15/ 80] | Train loss: [0.18792516067624093]
2022-04-08 19:36:55.281 | INFO     | tools.trainer:train_loop:89 - Epoch: [16/ 80] | Train loss: [0.17981635623921952]
2022-04-08 19:45:07.143 | INFO     | tools.trainer:train_loop:89 - Epoch: [17/ 80] | Train loss: [0.1897024712835749]
2022-04-08 19:53:19.598 | INFO     | tools.trainer:train_loop:89 - Epoch: [18/ 80] | Train loss: [0.18098547980189322]
2022-04-08 20:01:31.931 | INFO     | tools.trainer:train_loop:89 - Epoch: [19/ 80] | Train loss: [0.17906253716597956]
2022-04-08 20:09:43.666 | INFO     | tools.trainer:train_loop:89 - Epoch: [20/ 80] | Train loss: [0.17068542893975974]
2022-04-08 20:17:56.176 | INFO     | tools.trainer:train_loop:89 - Epoch: [21/ 80] | Train loss: [0.16922607328742742]
2022-04-08 20:26:08.106 | INFO     | tools.trainer:train_loop:89 - Epoch: [22/ 80] | Train loss: [0.1672915446261565]
2022-04-08 20:34:19.981 | INFO     | tools.trainer:train_loop:89 - Epoch: [23/ 80] | Train loss: [0.1555296115577221]
2022-04-08 20:42:32.277 | INFO     | tools.trainer:train_loop:89 - Epoch: [24/ 80] | Train loss: [0.15375803858041764]
2022-04-08 20:50:44.531 | INFO     | tools.trainer:train_loop:89 - Epoch: [25/ 80] | Train loss: [0.15310222276796898]
2022-04-08 20:58:56.411 | INFO     | tools.trainer:train_loop:89 - Epoch: [26/ 80] | Train loss: [0.1578782955184579]
2022-04-08 21:07:08.899 | INFO     | tools.trainer:train_loop:89 - Epoch: [27/ 80] | Train loss: [0.15176872151593368]
2022-04-08 21:15:21.114 | INFO     | tools.trainer:train_loop:89 - Epoch: [28/ 80] | Train loss: [0.1514654173826178]
2022-04-08 21:23:33.605 | INFO     | tools.trainer:train_loop:89 - Epoch: [29/ 80] | Train loss: [0.1441797054062287]
2022-04-08 21:31:45.923 | INFO     | tools.trainer:train_loop:89 - Epoch: [30/ 80] | Train loss: [0.15882358613113562]
2022-04-08 21:39:58.281 | INFO     | tools.trainer:train_loop:89 - Epoch: [31/ 80] | Train loss: [0.14067738230029742]
2022-04-08 21:48:10.762 | INFO     | tools.trainer:train_loop:89 - Epoch: [32/ 80] | Train loss: [0.1346671825274825]
2022-04-08 21:56:23.010 | INFO     | tools.trainer:train_loop:89 - Epoch: [33/ 80] | Train loss: [0.134130329079926]
2022-04-08 22:04:35.087 | INFO     | tools.trainer:train_loop:89 - Epoch: [34/ 80] | Train loss: [0.13242595264067253]
2022-04-08 22:12:47.282 | INFO     | tools.trainer:train_loop:89 - Epoch: [35/ 80] | Train loss: [0.13273417775829632]
2022-04-08 22:20:59.502 | INFO     | tools.trainer:train_loop:89 - Epoch: [36/ 80] | Train loss: [0.1307174633567532]
2022-04-08 22:29:11.819 | INFO     | tools.trainer:train_loop:89 - Epoch: [37/ 80] | Train loss: [0.13005652831246456]
2022-04-08 22:37:23.811 | INFO     | tools.trainer:train_loop:89 - Epoch: [38/ 80] | Train loss: [0.12218837241331736]
2022-04-08 22:45:35.254 | INFO     | tools.trainer:train_loop:89 - Epoch: [39/ 80] | Train loss: [0.12365383226424456]
2022-04-08 22:53:46.709 | INFO     | tools.trainer:train_loop:89 - Epoch: [40/ 80] | Train loss: [0.12168866160015265]
2022-04-08 23:01:58.179 | INFO     | tools.trainer:train_loop:89 - Epoch: [41/ 80] | Train loss: [0.12041128246734539]
2022-04-08 23:10:10.094 | INFO     | tools.trainer:train_loop:89 - Epoch: [42/ 80] | Train loss: [0.12400958786408106]
2022-04-08 23:18:21.711 | INFO     | tools.trainer:train_loop:89 - Epoch: [43/ 80] | Train loss: [0.11709726049254338]
2022-04-08 23:26:33.570 | INFO     | tools.trainer:train_loop:89 - Epoch: [44/ 80] | Train loss: [0.11518290042877197]
2022-04-08 23:34:45.670 | INFO     | tools.trainer:train_loop:89 - Epoch: [45/ 80] | Train loss: [0.11228427073607843]
2022-04-08 23:42:57.429 | INFO     | tools.trainer:train_loop:89 - Epoch: [46/ 80] | Train loss: [0.11430216090132793]
2022-04-08 23:51:09.120 | INFO     | tools.trainer:train_loop:89 - Epoch: [47/ 80] | Train loss: [0.11532222237437964]
2022-04-08 23:59:20.785 | INFO     | tools.trainer:train_loop:89 - Epoch: [48/ 80] | Train loss: [0.10878001550833384]
2022-04-09 00:07:32.530 | INFO     | tools.trainer:train_loop:89 - Epoch: [49/ 80] | Train loss: [0.10558534152805805]
2022-04-09 00:15:43.875 | INFO     | tools.trainer:train_loop:89 - Epoch: [50/ 80] | Train loss: [0.1048728184774518]
2022-04-09 00:23:55.623 | INFO     | tools.trainer:train_loop:89 - Epoch: [51/ 80] | Train loss: [0.10560109509776036]
2022-04-09 00:32:07.295 | INFO     | tools.trainer:train_loop:89 - Epoch: [52/ 80] | Train loss: [0.10474445136884848]
2022-04-09 00:40:19.294 | INFO     | tools.trainer:train_loop:89 - Epoch: [53/ 80] | Train loss: [0.10038866605609656]
2022-04-09 00:48:30.852 | INFO     | tools.trainer:train_loop:89 - Epoch: [54/ 80] | Train loss: [0.09848695825785399]
2022-04-09 00:56:42.593 | INFO     | tools.trainer:train_loop:89 - Epoch: [55/ 80] | Train loss: [0.09781190988918145]
2022-04-09 01:04:54.356 | INFO     | tools.trainer:train_loop:89 - Epoch: [56/ 80] | Train loss: [0.09855489532152811]
2022-04-09 01:13:06.021 | INFO     | tools.trainer:train_loop:89 - Epoch: [57/ 80] | Train loss: [0.09780297062049309]
2022-04-09 01:21:17.739 | INFO     | tools.trainer:train_loop:89 - Epoch: [58/ 80] | Train loss: [0.0968521370862921]
2022-04-09 01:29:29.487 | INFO     | tools.trainer:train_loop:89 - Epoch: [59/ 80] | Train loss: [0.09468645037462314]
2022-04-09 01:37:40.679 | INFO     | tools.trainer:train_loop:89 - Epoch: [60/ 80] | Train loss: [0.09492259559532007]
2022-04-09 01:37:41.409 | INFO     | tools.trainer:train_loop:104 - [Saving Snapshot:]/mnt/data/hungpv/polyps/checkpoint/KCECE/mit-uperhead-cara_v3/MiT-B3-UPerHead_60.pth
2022-04-09 01:45:52.889 | INFO     | tools.trainer:train_loop:89 - Epoch: [61/ 80] | Train loss: [0.09205895544340213]
2022-04-09 01:54:04.386 | INFO     | tools.trainer:train_loop:89 - Epoch: [62/ 80] | Train loss: [0.0912941069031755]
2022-04-09 02:02:15.989 | INFO     | tools.trainer:train_loop:89 - Epoch: [63/ 80] | Train loss: [0.08871299798289935]
2022-04-09 02:10:27.642 | INFO     | tools.trainer:train_loop:89 - Epoch: [64/ 80] | Train loss: [0.08786282458653052]
2022-04-09 02:18:39.173 | INFO     | tools.trainer:train_loop:89 - Epoch: [65/ 80] | Train loss: [0.08870813300212224]
2022-04-09 02:26:50.777 | INFO     | tools.trainer:train_loop:89 - Epoch: [66/ 80] | Train loss: [0.08609451738496622]
2022-04-09 02:35:02.354 | INFO     | tools.trainer:train_loop:89 - Epoch: [67/ 80] | Train loss: [0.08630459296206633]
2022-04-09 02:43:14.006 | INFO     | tools.trainer:train_loop:89 - Epoch: [68/ 80] | Train loss: [0.0852692948654294]
2022-04-09 02:51:25.546 | INFO     | tools.trainer:train_loop:89 - Epoch: [69/ 80] | Train loss: [0.08422400380174319]
2022-04-09 02:59:37.221 | INFO     | tools.trainer:train_loop:89 - Epoch: [70/ 80] | Train loss: [0.08286555496354898]
2022-04-09 03:07:48.794 | INFO     | tools.trainer:train_loop:89 - Epoch: [71/ 80] | Train loss: [0.08231943889210622]
2022-04-09 03:16:00.326 | INFO     | tools.trainer:train_loop:89 - Epoch: [72/ 80] | Train loss: [0.0823482632637024]
2022-04-09 03:24:12.303 | INFO     | tools.trainer:train_loop:89 - Epoch: [73/ 80] | Train loss: [0.08009784122308096]
2022-04-09 03:32:23.768 | INFO     | tools.trainer:train_loop:89 - Epoch: [74/ 80] | Train loss: [0.08103122698764006]
2022-04-09 03:40:35.344 | INFO     | tools.trainer:train_loop:89 - Epoch: [75/ 80] | Train loss: [0.08018606447925171]
2022-04-09 03:48:46.980 | INFO     | tools.trainer:train_loop:89 - Epoch: [76/ 80] | Train loss: [0.07980216207603613]
2022-04-09 03:56:58.284 | INFO     | tools.trainer:train_loop:89 - Epoch: [77/ 80] | Train loss: [0.07838421942045291]
2022-04-09 04:05:09.805 | INFO     | tools.trainer:train_loop:89 - Epoch: [78/ 80] | Train loss: [0.07785706194117666]
2022-04-09 04:13:21.405 | INFO     | tools.trainer:train_loop:89 - Epoch: [79/ 80] | Train loss: [0.07767663737758994]
2022-04-09 04:13:22.121 | INFO     | tools.trainer:train_loop:104 - [Saving Snapshot:]/mnt/data/hungpv/polyps/checkpoint/KCECE/mit-uperhead-cara_v3/MiT-B3-UPerHead_79.pth
2022-04-09 04:21:33.840 | INFO     | tools.trainer:train_loop:89 - Epoch: [80/ 80] | Train loss: [0.07790374147395293]
2022-04-09 04:21:34.526 | INFO     | tools.trainer:train_loop:104 - [Saving Snapshot:]/mnt/data/hungpv/polyps/checkpoint/KCECE/mit-uperhead-cara_v3/MiT-B3-UPerHead_80.pth
2022-04-09 04:21:34.527 | INFO     | tools.trainer:train_loop:110 - Training cost: 39350.713418974seconds
