2022-04-07 19:15:21.064 | INFO     | __main__:main:46 - Load config from configs/mit-uperhead-cara.yaml
2022-04-07 19:15:21.064 | INFO     | __main__:main:47 - {'dataset': {'data_path': '/home/admin_mcn/hungpv/polyps/dataset/KCECE', 'train_data_path': ['/home/admin_mcn/hungpv/polyps/dataset/KCECE/TrainDataset'], 'test_data_path': ['/home/admin_mcn/hungpv/polyps/dataset/KCECE/TestDataset/Kvasir'], 'val_data_path': ['/home/admin_mcn/hungpv/polyps/dataset/KCECE/TestDataset/CVC-300']}, 'model': {'num_classes': 1, 'save_dir': '/mnt/data/hungpv/polyps/checkpoint/KCECE/mit-uperhead-cara_v1', 'backbone': 'MiT-B3', 'head': 'UPerHead', 'pretrained': '/mnt/data/hungpv/polyps/pretrained-backbone/mit_b3.pth'}, 'optimizer': {'name': 'adam', 'lr': 0.0001, 'clip': 0.5, 'scheduler': 'cosine_warmup', 'loss': 'structure_loss'}, 'dev': 'cuda', 'train': {'start_from': 0, 'save_from': 78, 'num_epochs': 80, 'num_warmup_epoch': 10, 'is_val': False, 'size_rates': [0.75, 1, 1.25], 'dataloader': {'batchsize': 12, 'img_size': 352, 'shuffle': True, 'num_workers': 4, 'pin_memory': True, 'drop_last': True}, 'amp': False, 'ddp': False, 'augment': {'prob': 1, 'Flip_prob': 0.7, 'HueSaturationValue_prob': 0.7, 'RandomBrightnessContrast_prob': 0.5, 'crop_prob': 0.0, 'randomrotate90_prob': 0.7}}, 'test': {'dev': 'cuda', 'visualize': False, 'visualize_dir': '/mnt/data/hungpv/polyps/visualize', 'vis_x': 180, 'vis_overwrite': False, 'checkpoint_dir': '/mnt/data/hungpv/polyps/checkpoint/KCECE/mit-uperhead-cara_v2.yaml/MiT-B3-UPerHead_60.pth', 'dataloader': {'batchsize': 1, 'img_size': 352, 'shuffle': True, 'num_workers': 2, 'pin_memory': True, 'drop_last': True}, 'augment': {'prob': 1, 'Flip_prob': 0, 'HueSaturationValue_prob': 0, 'RandomBrightnessContrast_prob': 0, 'crop_prob': 0, 'randomrotate90_prob': 0, 'elastictransform_prob': 0, 'gridistortion_prob': 0, 'opticaldistortion_prob': 0, 'verticalflip_prob': 0, 'horizontalflip_prob': 0, 'randomgamma_prob': 0, 'CoarseDropout_prob': 0, 'RGBShift_prob': 0, 'MotionBlur_prob': 0, 'MedianBlur_prob': 0, 'GaussianBlur_prob': 0, 'GaussNoise_prob': 0, 'ChannelShuffle_prob': 0}}}
2022-04-07 19:15:21.064 | INFO     | __main__:main:48 - Getting datapath
2022-04-07 19:15:21.070 | INFO     | __main__:main:62 - There are 1450 images to train
2022-04-07 19:15:21.070 | INFO     | __main__:main:81 - Train model with no valid dataset
2022-04-07 19:15:21.070 | INFO     | __main__:main:83 - Loading data
2022-04-07 19:15:21.158 | INFO     | __main__:main:97 - 120 batches to train
2022-04-07 19:15:21.162 | INFO     | __main__:main:110 - Loading model
2022-04-07 19:15:21.163 | INFO     | __main__:main:127 - Training custom with cara module
2022-04-07 19:15:21.163 | INFO     | __main__:main:128 - Loading checkpoint from /mnt/data/hungpv/polyps/pretrained-backbone/mit_b3.pth ...
2022-04-07 19:15:24.381 | INFO     | __main__:main:166 - Training with FP32 ...
2022-04-07 19:25:18.573 | INFO     | tools.trainer:train_loop:89 - Epoch: [1/ 80] | Train loss: [1.854866588115692]
2022-04-07 19:35:16.541 | INFO     | tools.trainer:train_loop:89 - Epoch: [2/ 80] | Train loss: [0.9392639706532161]
2022-04-07 19:45:14.701 | INFO     | tools.trainer:train_loop:89 - Epoch: [3/ 80] | Train loss: [0.663336913784345]
2022-04-07 19:45:15.419 | INFO     | tools.trainer:train_loop:104 - [Saving Snapshot:]/mnt/data/hungpv/polyps/checkpoint/KCECE/mit-uperhead-cara_v1/MiT-B3-UPerHead_3.pth
2022-04-07 19:55:21.667 | INFO     | tools.trainer:train_loop:89 - Epoch: [4/ 80] | Train loss: [0.45597032432754836]
2022-04-07 20:05:27.334 | INFO     | tools.trainer:train_loop:89 - Epoch: [5/ 80] | Train loss: [0.37691961986323197]
2022-04-07 20:15:33.436 | INFO     | tools.trainer:train_loop:89 - Epoch: [6/ 80] | Train loss: [0.3286414135247469]
2022-04-07 20:25:34.134 | INFO     | tools.trainer:train_loop:89 - Epoch: [7/ 80] | Train loss: [0.2942102755109469]
2022-04-07 20:35:36.467 | INFO     | tools.trainer:train_loop:89 - Epoch: [8/ 80] | Train loss: [0.2679058166841666]
2022-04-07 20:45:39.827 | INFO     | tools.trainer:train_loop:89 - Epoch: [9/ 80] | Train loss: [0.2548426070561012]
2022-04-07 20:55:37.215 | INFO     | tools.trainer:train_loop:89 - Epoch: [10/ 80] | Train loss: [0.2432240206748247]
2022-04-07 21:05:32.851 | INFO     | tools.trainer:train_loop:89 - Epoch: [11/ 80] | Train loss: [0.2306219156831503]
2022-04-07 21:15:36.007 | INFO     | tools.trainer:train_loop:89 - Epoch: [12/ 80] | Train loss: [0.2077514504392942]
2022-04-07 21:29:05.247 | INFO     | tools.trainer:train_loop:89 - Epoch: [13/ 80] | Train loss: [0.23509791865944862]
2022-04-07 21:43:45.486 | INFO     | tools.trainer:train_loop:89 - Epoch: [14/ 80] | Train loss: [0.21267809271812438]
2022-04-07 21:58:41.910 | INFO     | tools.trainer:train_loop:89 - Epoch: [15/ 80] | Train loss: [0.19702091068029404]
2022-04-07 22:13:03.990 | INFO     | tools.trainer:train_loop:89 - Epoch: [16/ 80] | Train loss: [0.19554286015530428]
2022-04-07 22:23:20.325 | INFO     | tools.trainer:train_loop:89 - Epoch: [17/ 80] | Train loss: [0.186668867059052]
2022-04-07 22:33:16.169 | INFO     | tools.trainer:train_loop:89 - Epoch: [18/ 80] | Train loss: [0.1790754569073518]
2022-04-07 22:43:15.186 | INFO     | tools.trainer:train_loop:89 - Epoch: [19/ 80] | Train loss: [0.1877780048797528]
2022-04-07 22:53:16.158 | INFO     | tools.trainer:train_loop:89 - Epoch: [20/ 80] | Train loss: [0.18687644215921562]
2022-04-07 23:03:08.360 | INFO     | tools.trainer:train_loop:89 - Epoch: [21/ 80] | Train loss: [0.18015058723588784]
2022-04-07 23:13:00.691 | INFO     | tools.trainer:train_loop:89 - Epoch: [22/ 80] | Train loss: [0.16149328133712212]
2022-04-07 23:22:58.568 | INFO     | tools.trainer:train_loop:89 - Epoch: [23/ 80] | Train loss: [0.1591368104641636]
2022-04-07 23:32:53.733 | INFO     | tools.trainer:train_loop:89 - Epoch: [24/ 80] | Train loss: [0.15967910774052144]
2022-04-07 23:42:44.515 | INFO     | tools.trainer:train_loop:89 - Epoch: [25/ 80] | Train loss: [0.15587628552069266]
2022-04-07 23:52:35.523 | INFO     | tools.trainer:train_loop:89 - Epoch: [26/ 80] | Train loss: [0.15426936919490497]
2022-04-08 00:02:26.907 | INFO     | tools.trainer:train_loop:89 - Epoch: [27/ 80] | Train loss: [0.14473461049298444]
2022-04-08 00:12:17.125 | INFO     | tools.trainer:train_loop:89 - Epoch: [28/ 80] | Train loss: [0.18300552759319544]
2022-04-08 00:22:07.238 | INFO     | tools.trainer:train_loop:89 - Epoch: [29/ 80] | Train loss: [0.15920936514933903]
2022-04-08 00:32:01.358 | INFO     | tools.trainer:train_loop:89 - Epoch: [30/ 80] | Train loss: [0.14940711731712022]
2022-04-08 00:41:49.460 | INFO     | tools.trainer:train_loop:89 - Epoch: [31/ 80] | Train loss: [0.14035156952838104]
2022-04-08 00:51:38.907 | INFO     | tools.trainer:train_loop:89 - Epoch: [32/ 80] | Train loss: [0.141404542264839]
2022-04-08 01:01:26.838 | INFO     | tools.trainer:train_loop:89 - Epoch: [33/ 80] | Train loss: [0.13967606276273728]
2022-04-08 01:11:13.782 | INFO     | tools.trainer:train_loop:89 - Epoch: [34/ 80] | Train loss: [0.13535683030883472]
2022-04-08 01:21:03.828 | INFO     | tools.trainer:train_loop:89 - Epoch: [35/ 80] | Train loss: [0.13090172627319893]
2022-04-08 01:30:53.843 | INFO     | tools.trainer:train_loop:89 - Epoch: [36/ 80] | Train loss: [0.12965596430003642]
2022-04-08 01:40:39.076 | INFO     | tools.trainer:train_loop:89 - Epoch: [37/ 80] | Train loss: [0.12369595915079117]
2022-04-08 01:50:25.393 | INFO     | tools.trainer:train_loop:89 - Epoch: [38/ 80] | Train loss: [0.12948494106531144]
2022-04-08 02:00:08.672 | INFO     | tools.trainer:train_loop:89 - Epoch: [39/ 80] | Train loss: [0.12792046914498012]
2022-04-08 02:09:59.212 | INFO     | tools.trainer:train_loop:89 - Epoch: [40/ 80] | Train loss: [0.12287692651152611]
2022-04-08 02:19:45.195 | INFO     | tools.trainer:train_loop:89 - Epoch: [41/ 80] | Train loss: [0.1189757273842891]
2022-04-08 02:29:37.449 | INFO     | tools.trainer:train_loop:89 - Epoch: [42/ 80] | Train loss: [0.11899241817494234]
2022-04-08 02:39:22.686 | INFO     | tools.trainer:train_loop:89 - Epoch: [43/ 80] | Train loss: [0.11510648609449466]
2022-04-08 02:49:14.092 | INFO     | tools.trainer:train_loop:89 - Epoch: [44/ 80] | Train loss: [0.11526727663973967]
2022-04-08 02:58:57.146 | INFO     | tools.trainer:train_loop:89 - Epoch: [45/ 80] | Train loss: [0.11503464374691248]
2022-04-08 03:08:39.397 | INFO     | tools.trainer:train_loop:89 - Epoch: [46/ 80] | Train loss: [0.115860632310311]
2022-04-08 03:18:27.204 | INFO     | tools.trainer:train_loop:89 - Epoch: [47/ 80] | Train loss: [0.1105141717940569]
2022-04-08 03:28:14.345 | INFO     | tools.trainer:train_loop:89 - Epoch: [48/ 80] | Train loss: [0.10995355267077685]
2022-04-08 03:37:59.245 | INFO     | tools.trainer:train_loop:89 - Epoch: [49/ 80] | Train loss: [0.11097249084462722]
2022-04-08 03:47:45.169 | INFO     | tools.trainer:train_loop:89 - Epoch: [50/ 80] | Train loss: [0.10683881274114053]
2022-04-08 03:57:34.371 | INFO     | tools.trainer:train_loop:89 - Epoch: [51/ 80] | Train loss: [0.10422971261044343]
2022-04-08 04:07:22.965 | INFO     | tools.trainer:train_loop:89 - Epoch: [52/ 80] | Train loss: [0.10524115736285845]
2022-04-08 04:17:16.124 | INFO     | tools.trainer:train_loop:89 - Epoch: [53/ 80] | Train loss: [0.10101214305808147]
2022-04-08 04:27:05.216 | INFO     | tools.trainer:train_loop:89 - Epoch: [54/ 80] | Train loss: [0.10002050505330165]
2022-04-08 04:36:55.163 | INFO     | tools.trainer:train_loop:89 - Epoch: [55/ 80] | Train loss: [0.099274540754656]
2022-04-08 04:46:41.505 | INFO     | tools.trainer:train_loop:89 - Epoch: [56/ 80] | Train loss: [0.09761073185751835]
2022-04-08 04:56:28.563 | INFO     | tools.trainer:train_loop:89 - Epoch: [57/ 80] | Train loss: [0.09956240157286327]
2022-04-08 05:06:16.689 | INFO     | tools.trainer:train_loop:89 - Epoch: [58/ 80] | Train loss: [0.09717940166592598]
2022-04-08 05:15:59.146 | INFO     | tools.trainer:train_loop:89 - Epoch: [59/ 80] | Train loss: [0.0948624549433589]
2022-04-08 05:25:45.517 | INFO     | tools.trainer:train_loop:89 - Epoch: [60/ 80] | Train loss: [0.09412495971967777]
2022-04-08 05:25:46.194 | INFO     | tools.trainer:train_loop:104 - [Saving Snapshot:]/mnt/data/hungpv/polyps/checkpoint/KCECE/mit-uperhead-cara_v1/MiT-B3-UPerHead_60.pth
2022-04-08 05:35:33.121 | INFO     | tools.trainer:train_loop:89 - Epoch: [61/ 80] | Train loss: [0.09154911233733097]
2022-04-08 05:45:15.170 | INFO     | tools.trainer:train_loop:89 - Epoch: [62/ 80] | Train loss: [0.09016571020086607]
2022-04-08 05:54:59.980 | INFO     | tools.trainer:train_loop:89 - Epoch: [63/ 80] | Train loss: [0.09096191258480152]
2022-04-08 06:04:47.978 | INFO     | tools.trainer:train_loop:89 - Epoch: [64/ 80] | Train loss: [0.08882877758393685]
2022-04-08 06:14:42.259 | INFO     | tools.trainer:train_loop:89 - Epoch: [65/ 80] | Train loss: [0.08904979260017475]
2022-04-08 06:24:32.979 | INFO     | tools.trainer:train_loop:89 - Epoch: [66/ 80] | Train loss: [0.08667314139505228]
2022-04-08 06:34:21.834 | INFO     | tools.trainer:train_loop:89 - Epoch: [67/ 80] | Train loss: [0.08558771976580222]
2022-04-08 06:44:17.376 | INFO     | tools.trainer:train_loop:89 - Epoch: [68/ 80] | Train loss: [0.08466264251619578]
2022-04-08 06:54:11.474 | INFO     | tools.trainer:train_loop:89 - Epoch: [69/ 80] | Train loss: [0.08443809803575278]
2022-04-08 07:04:04.828 | INFO     | tools.trainer:train_loop:89 - Epoch: [70/ 80] | Train loss: [0.084080676920712]
2022-04-08 07:14:04.057 | INFO     | tools.trainer:train_loop:89 - Epoch: [71/ 80] | Train loss: [0.08285879772156476]
2022-04-08 07:23:58.418 | INFO     | tools.trainer:train_loop:89 - Epoch: [72/ 80] | Train loss: [0.08271039960285027]
2022-04-08 07:34:00.990 | INFO     | tools.trainer:train_loop:89 - Epoch: [73/ 80] | Train loss: [0.08190163324276606]
2022-04-08 07:44:02.789 | INFO     | tools.trainer:train_loop:89 - Epoch: [74/ 80] | Train loss: [0.08067605545123419]
2022-04-08 07:54:07.606 | INFO     | tools.trainer:train_loop:89 - Epoch: [75/ 80] | Train loss: [0.07950913167248169]
2022-04-08 08:04:01.730 | INFO     | tools.trainer:train_loop:89 - Epoch: [76/ 80] | Train loss: [0.08072535848865907]
2022-04-08 08:13:54.878 | INFO     | tools.trainer:train_loop:89 - Epoch: [77/ 80] | Train loss: [0.07895277937253316]
2022-04-08 08:23:55.569 | INFO     | tools.trainer:train_loop:89 - Epoch: [78/ 80] | Train loss: [0.07848702979584535]
2022-04-08 08:34:02.556 | INFO     | tools.trainer:train_loop:89 - Epoch: [79/ 80] | Train loss: [0.077707345969975]
2022-04-08 08:34:03.250 | INFO     | tools.trainer:train_loop:104 - [Saving Snapshot:]/mnt/data/hungpv/polyps/checkpoint/KCECE/mit-uperhead-cara_v1/MiT-B3-UPerHead_79.pth
2022-04-08 08:44:06.553 | INFO     | tools.trainer:train_loop:89 - Epoch: [80/ 80] | Train loss: [0.07836996161689361]
2022-04-08 08:44:07.241 | INFO     | tools.trainer:train_loop:104 - [Saving Snapshot:]/mnt/data/hungpv/polyps/checkpoint/KCECE/mit-uperhead-cara_v1/MiT-B3-UPerHead_80.pth
2022-04-08 08:44:07.241 | INFO     | tools.trainer:train_loop:110 - Training cost: 48521.967473465seconds
