2022-04-08 13:09:57.416 | INFO     | __main__:main:46 - Load config from configs/mit-uperhead-cara.yaml
2022-04-08 13:09:57.416 | INFO     | __main__:main:47 - {'dataset': {'data_path': '/home/admin_mcn/hungpv/polyps/dataset/KCECE', 'train_data_path': ['/home/admin_mcn/hungpv/polyps/dataset/KCECE/TrainDataset'], 'test_data_path': ['/home/admin_mcn/hungpv/polyps/dataset/KCECE/TestDataset/CVC-300'], 'val_data_path': ['/home/admin_mcn/hungpv/polyps/dataset/KCECE/TestDataset/CVC-300']}, 'model': {'num_classes': 1, 'save_dir': '/mnt/data/hungpv/polyps/checkpoint/KCECE/mit-uperhead-cara_v2', 'backbone': 'MiT-B3', 'head': 'UPerHead', 'pretrained': '/mnt/data/hungpv/polyps/pretrained-backbone/mit_b3.pth'}, 'optimizer': {'name': 'adam', 'lr': 0.0001, 'clip': 0.5, 'scheduler': 'cosine_warmup', 'loss': 'structure_loss'}, 'dev': 'cuda', 'train': {'start_from': 0, 'save_from': 78, 'num_epochs': 80, 'num_warmup_epoch': 10, 'is_val': False, 'size_rates': [0.75, 1, 1.25], 'dataloader': {'batchsize': 12, 'img_size': 352, 'shuffle': True, 'num_workers': 4, 'pin_memory': True, 'drop_last': True}, 'amp': False, 'ddp': False, 'augment': {'prob': 1, 'Flip_prob': 0.7, 'HueSaturationValue_prob': 0.7, 'RandomBrightnessContrast_prob': 0.5, 'crop_prob': 0.0, 'randomrotate90_prob': 0.7}}, 'test': {'dev': 'cuda', 'visualize': False, 'visualize_dir': '/mnt/data/hungpv/polyps/visualize', 'vis_x': 180, 'vis_overwrite': False, 'checkpoint_dir': '/mnt/data/hungpv/polyps/checkpoint/KCECE/mit-uperhead-cara_v2/MiT-B3-UPerHead_80.pth', 'dataloader': {'batchsize': 1, 'img_size': 352, 'shuffle': True, 'num_workers': 2, 'pin_memory': True, 'drop_last': True}, 'augment': {'prob': 1, 'Flip_prob': 0, 'HueSaturationValue_prob': 0, 'RandomBrightnessContrast_prob': 0, 'crop_prob': 0, 'randomrotate90_prob': 0, 'elastictransform_prob': 0, 'gridistortion_prob': 0, 'opticaldistortion_prob': 0, 'verticalflip_prob': 0, 'horizontalflip_prob': 0, 'randomgamma_prob': 0, 'CoarseDropout_prob': 0, 'RGBShift_prob': 0, 'MotionBlur_prob': 0, 'MedianBlur_prob': 0, 'GaussianBlur_prob': 0, 'GaussNoise_prob': 0, 'ChannelShuffle_prob': 0}}}
2022-04-08 13:09:57.416 | INFO     | __main__:main:48 - Getting datapath
2022-04-08 13:09:57.422 | INFO     | __main__:main:62 - There are 1450 images to train
2022-04-08 13:09:57.423 | INFO     | __main__:main:81 - Train model with no valid dataset
2022-04-08 13:09:57.423 | INFO     | __main__:main:83 - Loading data
2022-04-08 13:09:57.509 | INFO     | __main__:main:97 - 120 batches to train
2022-04-08 13:09:57.513 | INFO     | __main__:main:110 - Loading model
2022-04-08 13:09:57.513 | INFO     | __main__:main:127 - Training custom with cara module
2022-04-08 13:09:57.513 | INFO     | __main__:main:128 - Loading checkpoint from /mnt/data/hungpv/polyps/pretrained-backbone/mit_b3.pth ...
2022-04-08 13:10:00.765 | INFO     | __main__:main:166 - Training with FP32 ...
2022-04-08 13:19:46.389 | INFO     | tools.trainer:train_loop:89 - Epoch: [1/ 80] | Train loss: [2.1039618174235026]
2022-04-08 13:29:49.923 | INFO     | tools.trainer:train_loop:89 - Epoch: [2/ 80] | Train loss: [0.965134737143914]
2022-04-08 13:39:52.438 | INFO     | tools.trainer:train_loop:89 - Epoch: [3/ 80] | Train loss: [0.6687016365428765]
2022-04-08 13:39:53.115 | INFO     | tools.trainer:train_loop:104 - [Saving Snapshot:]/mnt/data/hungpv/polyps/checkpoint/KCECE/mit-uperhead-cara_v2/MiT-B3-UPerHead_3.pth
2022-04-08 13:49:46.773 | INFO     | tools.trainer:train_loop:89 - Epoch: [4/ 80] | Train loss: [0.4507140550762415]
2022-04-08 13:59:47.703 | INFO     | tools.trainer:train_loop:89 - Epoch: [5/ 80] | Train loss: [0.373741381491224]
2022-04-08 14:09:47.606 | INFO     | tools.trainer:train_loop:89 - Epoch: [6/ 80] | Train loss: [0.332947730148832]
2022-04-08 14:19:52.648 | INFO     | tools.trainer:train_loop:89 - Epoch: [7/ 80] | Train loss: [0.2928732986251513]
2022-04-08 14:31:31.739 | INFO     | tools.trainer:train_loop:89 - Epoch: [8/ 80] | Train loss: [0.26591265213986237]
2022-04-08 14:42:41.073 | INFO     | tools.trainer:train_loop:89 - Epoch: [9/ 80] | Train loss: [0.2466959197074175]
2022-04-08 14:53:54.360 | INFO     | tools.trainer:train_loop:89 - Epoch: [10/ 80] | Train loss: [0.22894254413743814]
2022-04-08 15:06:40.346 | INFO     | tools.trainer:train_loop:89 - Epoch: [11/ 80] | Train loss: [0.2274554420262575]
2022-04-08 15:19:10.524 | INFO     | tools.trainer:train_loop:89 - Epoch: [12/ 80] | Train loss: [0.226771367713809]
2022-04-08 15:29:21.969 | INFO     | tools.trainer:train_loop:89 - Epoch: [13/ 80] | Train loss: [0.21694834306836128]
2022-04-08 15:42:00.069 | INFO     | tools.trainer:train_loop:89 - Epoch: [14/ 80] | Train loss: [0.19934427204231422]
2022-04-08 15:52:22.086 | INFO     | tools.trainer:train_loop:89 - Epoch: [15/ 80] | Train loss: [0.20255206332852443]
2022-04-08 16:02:18.103 | INFO     | tools.trainer:train_loop:89 - Epoch: [16/ 80] | Train loss: [0.1972858738154173]
2022-04-08 16:12:23.096 | INFO     | tools.trainer:train_loop:89 - Epoch: [17/ 80] | Train loss: [0.18708372712135315]
2022-04-08 16:22:25.665 | INFO     | tools.trainer:train_loop:89 - Epoch: [18/ 80] | Train loss: [0.18204680637766918]
2022-04-08 16:32:30.689 | INFO     | tools.trainer:train_loop:89 - Epoch: [19/ 80] | Train loss: [0.18918110753099124]
2022-04-08 16:42:30.792 | INFO     | tools.trainer:train_loop:89 - Epoch: [20/ 80] | Train loss: [0.17629566496858995]
2022-04-08 16:52:29.171 | INFO     | tools.trainer:train_loop:89 - Epoch: [21/ 80] | Train loss: [0.16438684140642484]
2022-04-08 17:02:31.774 | INFO     | tools.trainer:train_loop:89 - Epoch: [22/ 80] | Train loss: [0.15940391483406227]
2022-04-08 17:12:28.648 | INFO     | tools.trainer:train_loop:89 - Epoch: [23/ 80] | Train loss: [0.15716722483436266]
2022-04-08 17:22:27.942 | INFO     | tools.trainer:train_loop:89 - Epoch: [24/ 80] | Train loss: [0.1626527061065038]
2022-04-08 17:34:22.613 | INFO     | tools.trainer:train_loop:89 - Epoch: [25/ 80] | Train loss: [0.15836747909585636]
2022-04-08 17:48:32.075 | INFO     | tools.trainer:train_loop:89 - Epoch: [26/ 80] | Train loss: [0.16386471254130205]
2022-04-08 18:02:57.816 | INFO     | tools.trainer:train_loop:89 - Epoch: [27/ 80] | Train loss: [0.1487490490078926]
2022-04-08 18:17:29.811 | INFO     | tools.trainer:train_loop:89 - Epoch: [28/ 80] | Train loss: [0.14365007976690927]
2022-04-08 18:31:55.953 | INFO     | tools.trainer:train_loop:89 - Epoch: [29/ 80] | Train loss: [0.17106035233785707]
2022-04-08 18:46:09.998 | INFO     | tools.trainer:train_loop:89 - Epoch: [30/ 80] | Train loss: [0.15223068427294492]
2022-04-08 19:00:29.129 | INFO     | tools.trainer:train_loop:89 - Epoch: [31/ 80] | Train loss: [0.14572613382091124]
2022-04-08 19:14:46.953 | INFO     | tools.trainer:train_loop:89 - Epoch: [32/ 80] | Train loss: [0.14566297164807718]
2022-04-08 19:29:06.751 | INFO     | tools.trainer:train_loop:89 - Epoch: [33/ 80] | Train loss: [0.14466426987200975]
2022-04-08 19:43:35.412 | INFO     | tools.trainer:train_loop:89 - Epoch: [34/ 80] | Train loss: [0.1299530228599906]
2022-04-08 19:58:13.793 | INFO     | tools.trainer:train_loop:89 - Epoch: [35/ 80] | Train loss: [0.12734931961943705]
2022-04-08 20:12:49.995 | INFO     | tools.trainer:train_loop:89 - Epoch: [36/ 80] | Train loss: [0.12898106686770916]
2022-04-08 20:27:25.036 | INFO     | tools.trainer:train_loop:89 - Epoch: [37/ 80] | Train loss: [0.1261361014097929]
2022-04-08 20:42:08.353 | INFO     | tools.trainer:train_loop:89 - Epoch: [38/ 80] | Train loss: [0.1282029252499342]
2022-04-08 20:56:52.576 | INFO     | tools.trainer:train_loop:89 - Epoch: [39/ 80] | Train loss: [0.1234175636122624]
2022-04-08 21:11:31.857 | INFO     | tools.trainer:train_loop:89 - Epoch: [40/ 80] | Train loss: [0.1314428952212135]
2022-04-08 21:26:23.745 | INFO     | tools.trainer:train_loop:89 - Epoch: [41/ 80] | Train loss: [0.12302595886091391]
2022-04-08 21:41:16.183 | INFO     | tools.trainer:train_loop:89 - Epoch: [42/ 80] | Train loss: [0.11961165238171816]
2022-04-08 21:56:30.378 | INFO     | tools.trainer:train_loop:89 - Epoch: [43/ 80] | Train loss: [0.11395664283384879]
2022-04-08 22:11:28.255 | INFO     | tools.trainer:train_loop:89 - Epoch: [44/ 80] | Train loss: [0.11977847497910261]
2022-04-08 22:26:13.512 | INFO     | tools.trainer:train_loop:89 - Epoch: [45/ 80] | Train loss: [0.11781762341658274]
2022-04-08 22:40:57.446 | INFO     | tools.trainer:train_loop:89 - Epoch: [46/ 80] | Train loss: [0.11163524941851695]
2022-04-08 22:55:34.888 | INFO     | tools.trainer:train_loop:89 - Epoch: [47/ 80] | Train loss: [0.10987272256364425]
2022-04-08 23:10:16.692 | INFO     | tools.trainer:train_loop:89 - Epoch: [48/ 80] | Train loss: [0.10637342184782028]
2022-04-08 23:24:55.942 | INFO     | tools.trainer:train_loop:89 - Epoch: [49/ 80] | Train loss: [0.10667874521265427]
2022-04-08 23:39:37.853 | INFO     | tools.trainer:train_loop:89 - Epoch: [50/ 80] | Train loss: [0.10411246071259181]
2022-04-08 23:54:19.138 | INFO     | tools.trainer:train_loop:89 - Epoch: [51/ 80] | Train loss: [0.10765977160384257]
2022-04-09 00:08:57.518 | INFO     | tools.trainer:train_loop:89 - Epoch: [52/ 80] | Train loss: [0.1046154337003827]
2022-04-09 00:23:46.841 | INFO     | tools.trainer:train_loop:89 - Epoch: [53/ 80] | Train loss: [0.10503378429760536]
2022-04-09 00:38:30.245 | INFO     | tools.trainer:train_loop:89 - Epoch: [54/ 80] | Train loss: [0.10304383939752976]
2022-04-09 00:53:16.179 | INFO     | tools.trainer:train_loop:89 - Epoch: [55/ 80] | Train loss: [0.10210252739489079]
2022-04-09 01:08:09.089 | INFO     | tools.trainer:train_loop:89 - Epoch: [56/ 80] | Train loss: [0.09760806150734425]
2022-04-09 01:22:55.161 | INFO     | tools.trainer:train_loop:89 - Epoch: [57/ 80] | Train loss: [0.09687691883494456]
2022-04-09 01:37:43.773 | INFO     | tools.trainer:train_loop:89 - Epoch: [58/ 80] | Train loss: [0.09559072951475779]
2022-04-09 01:52:23.962 | INFO     | tools.trainer:train_loop:89 - Epoch: [59/ 80] | Train loss: [0.09383599478751421]
2022-04-09 02:07:13.607 | INFO     | tools.trainer:train_loop:89 - Epoch: [60/ 80] | Train loss: [0.09524341517438491]
2022-04-09 02:07:14.298 | INFO     | tools.trainer:train_loop:104 - [Saving Snapshot:]/mnt/data/hungpv/polyps/checkpoint/KCECE/mit-uperhead-cara_v2/MiT-B3-UPerHead_60.pth
2022-04-09 02:21:56.858 | INFO     | tools.trainer:train_loop:89 - Epoch: [61/ 80] | Train loss: [0.09312620392690102]
2022-04-09 02:36:43.651 | INFO     | tools.trainer:train_loop:89 - Epoch: [62/ 80] | Train loss: [0.09080180830011765]
2022-04-09 02:51:25.235 | INFO     | tools.trainer:train_loop:89 - Epoch: [63/ 80] | Train loss: [0.09288872523854176]
2022-04-09 03:06:14.064 | INFO     | tools.trainer:train_loop:89 - Epoch: [64/ 80] | Train loss: [0.08944176640361548]
2022-04-09 03:20:53.603 | INFO     | tools.trainer:train_loop:89 - Epoch: [65/ 80] | Train loss: [0.0878169913465778]
2022-04-09 03:35:34.853 | INFO     | tools.trainer:train_loop:89 - Epoch: [66/ 80] | Train loss: [0.08799475065122048]
2022-04-09 03:50:12.057 | INFO     | tools.trainer:train_loop:89 - Epoch: [67/ 80] | Train loss: [0.08703566597153743]
2022-04-09 04:04:50.673 | INFO     | tools.trainer:train_loop:89 - Epoch: [68/ 80] | Train loss: [0.08671489109595616]
2022-04-09 04:19:25.758 | INFO     | tools.trainer:train_loop:89 - Epoch: [69/ 80] | Train loss: [0.08541010357439519]
2022-04-09 04:30:49.917 | INFO     | tools.trainer:train_loop:89 - Epoch: [70/ 80] | Train loss: [0.0844367379322648]
2022-04-09 04:40:50.048 | INFO     | tools.trainer:train_loop:89 - Epoch: [71/ 80] | Train loss: [0.0829706381385525]
2022-04-09 04:50:48.327 | INFO     | tools.trainer:train_loop:89 - Epoch: [72/ 80] | Train loss: [0.08198095473150412]
2022-04-09 05:00:40.315 | INFO     | tools.trainer:train_loop:89 - Epoch: [73/ 80] | Train loss: [0.08251485886673132]
2022-04-09 05:10:37.026 | INFO     | tools.trainer:train_loop:89 - Epoch: [74/ 80] | Train loss: [0.08108340644588073]
2022-04-09 05:20:39.088 | INFO     | tools.trainer:train_loop:89 - Epoch: [75/ 80] | Train loss: [0.08073012543221315]
2022-04-09 05:30:41.702 | INFO     | tools.trainer:train_loop:89 - Epoch: [76/ 80] | Train loss: [0.08012099185337623]
2022-04-09 05:40:40.974 | INFO     | tools.trainer:train_loop:89 - Epoch: [77/ 80] | Train loss: [0.07963480862478416]
2022-04-09 05:50:40.955 | INFO     | tools.trainer:train_loop:89 - Epoch: [78/ 80] | Train loss: [0.07971729120860498]
2022-04-09 06:00:42.820 | INFO     | tools.trainer:train_loop:89 - Epoch: [79/ 80] | Train loss: [0.07964475142459075]
2022-04-09 06:00:43.500 | INFO     | tools.trainer:train_loop:104 - [Saving Snapshot:]/mnt/data/hungpv/polyps/checkpoint/KCECE/mit-uperhead-cara_v2/MiT-B3-UPerHead_79.pth
2022-04-09 06:10:38.439 | INFO     | tools.trainer:train_loop:89 - Epoch: [80/ 80] | Train loss: [0.07828907575458288]
2022-04-09 06:10:39.131 | INFO     | tools.trainer:train_loop:104 - [Saving Snapshot:]/mnt/data/hungpv/polyps/checkpoint/KCECE/mit-uperhead-cara_v2/MiT-B3-UPerHead_80.pth
2022-04-09 06:10:39.131 | INFO     | tools.trainer:train_loop:110 - Training cost: 61237.460173692seconds
