2022-04-07 09:03:42.439 | INFO     | __main__:main:46 - Load config from configs/mit-uperhead-cara.yaml
2022-04-07 09:03:42.440 | INFO     | __main__:main:47 - {'dataset': {'data_path': '/home/admin_mcn/hungpv/polyps/dataset/KCECE', 'train_data_path': ['/home/admin_mcn/hungpv/polyps/dataset/KCECE/TrainDataset'], 'test_data_path': ['/home/admin_mcn/hungpv/polyps/dataset/KCECE/TestDataset/Kvasir'], 'val_data_path': ['/home/admin_mcn/hungpv/polyps/dataset/KCECE/TestDataset/CVC-300']}, 'model': {'num_classes': 1, 'save_dir': '/mnt/data/hungpv/polyps/checkpoint/KCECE/mit-uperhead-cara_v2.yaml', 'backbone': 'MiT-B3', 'head': 'UPerHead', 'pretrained': '/mnt/data/hungpv/polyps/pretrained-backbone/mit_b3.pth'}, 'optimizer': {'name': 'adam', 'lr': 0.0001, 'clip': 0.5, 'scheduler': 'cosine_warmup', 'loss': 'structure_loss'}, 'dev': 'cuda', 'train': {'start_from': 0, 'save_from': 78, 'num_epochs': 80, 'num_warmup_epoch': 10, 'is_val': False, 'size_rates': [0.75, 1, 1.25], 'dataloader': {'batchsize': 12, 'img_size': 352, 'shuffle': True, 'num_workers': 4, 'pin_memory': True, 'drop_last': True}, 'amp': False, 'ddp': False, 'augment': {'prob': 1, 'Flip_prob': 0.7, 'HueSaturationValue_prob': 0.7, 'RandomBrightnessContrast_prob': 0.5, 'crop_prob': 0.0, 'randomrotate90_prob': 0.7}}, 'test': {'dev': 'cuda', 'visualize': False, 'visualize_dir': '/mnt/data/hungpv/polyps/visualize', 'vis_x': 180, 'vis_overwrite': False, 'checkpoint_dir': '/mnt/data/hungpv/polyps/checkpoint/KCECE/mit-uperhead_v5/MiT-B3-UPerHead_80.pth', 'dataloader': {'batchsize': 1, 'img_size': 352, 'shuffle': True, 'num_workers': 2, 'pin_memory': True, 'drop_last': True}, 'augment': {'prob': 1, 'Flip_prob': 0, 'HueSaturationValue_prob': 0, 'RandomBrightnessContrast_prob': 0, 'crop_prob': 0, 'randomrotate90_prob': 0, 'elastictransform_prob': 0, 'gridistortion_prob': 0, 'opticaldistortion_prob': 0, 'verticalflip_prob': 0, 'horizontalflip_prob': 0, 'randomgamma_prob': 0, 'CoarseDropout_prob': 0, 'RGBShift_prob': 0, 'MotionBlur_prob': 0, 'MedianBlur_prob': 0, 'GaussianBlur_prob': 0, 'GaussNoise_prob': 0, 'ChannelShuffle_prob': 0}}}
2022-04-07 09:03:42.440 | INFO     | __main__:main:48 - Getting datapath
2022-04-07 09:03:42.446 | INFO     | __main__:main:62 - There are 1450 images to train
2022-04-07 09:03:42.446 | INFO     | __main__:main:81 - Train model with no valid dataset
2022-04-07 09:03:42.446 | INFO     | __main__:main:83 - Loading data
2022-04-07 09:03:42.540 | INFO     | __main__:main:97 - 120 batches to train
2022-04-07 09:03:42.544 | INFO     | __main__:main:110 - Loading model
2022-04-07 09:03:42.545 | INFO     | __main__:main:127 - Training custom with cara module
2022-04-07 09:03:42.545 | INFO     | __main__:main:128 - Loading checkpoint from /mnt/data/hungpv/polyps/pretrained-backbone/mit_b3.pth ...
2022-04-07 09:03:45.921 | INFO     | __main__:main:166 - Training with FP32 ...
2022-04-07 09:11:57.895 | INFO     | tools.trainer:train_loop:89 - Epoch: [1/ 80] | Train loss: [1.9116009399294853]
2022-04-07 09:20:09.420 | INFO     | tools.trainer:train_loop:89 - Epoch: [2/ 80] | Train loss: [0.9565094828605651]
2022-04-07 09:28:20.985 | INFO     | tools.trainer:train_loop:89 - Epoch: [3/ 80] | Train loss: [0.6466225206851959]
2022-04-07 09:28:21.740 | INFO     | tools.trainer:train_loop:104 - [Saving Snapshot:]/mnt/data/hungpv/polyps/checkpoint/KCECE/mit-uperhead-cara_v2.yaml/MiT-B3-UPerHead_3.pth
2022-04-07 09:36:33.680 | INFO     | tools.trainer:train_loop:89 - Epoch: [4/ 80] | Train loss: [0.4519863563279311]
2022-04-07 09:44:46.176 | INFO     | tools.trainer:train_loop:89 - Epoch: [5/ 80] | Train loss: [0.36858861446380614]
2022-04-07 09:52:58.717 | INFO     | tools.trainer:train_loop:89 - Epoch: [6/ 80] | Train loss: [0.3119021909932295]
2022-04-07 10:01:10.814 | INFO     | tools.trainer:train_loop:89 - Epoch: [7/ 80] | Train loss: [0.2909849452475707]
2022-04-07 10:09:23.058 | INFO     | tools.trainer:train_loop:89 - Epoch: [8/ 80] | Train loss: [0.2606114602337281]
2022-04-07 10:17:35.859 | INFO     | tools.trainer:train_loop:89 - Epoch: [9/ 80] | Train loss: [0.24395286850631237]
2022-04-07 10:25:47.755 | INFO     | tools.trainer:train_loop:89 - Epoch: [10/ 80] | Train loss: [0.23929098608593147]
2022-04-07 10:33:59.444 | INFO     | tools.trainer:train_loop:89 - Epoch: [11/ 80] | Train loss: [0.2282130129635334]
2022-04-07 10:42:11.606 | INFO     | tools.trainer:train_loop:89 - Epoch: [12/ 80] | Train loss: [0.22452192107836405]
2022-04-07 10:50:23.910 | INFO     | tools.trainer:train_loop:89 - Epoch: [13/ 80] | Train loss: [0.2116459183394909]
2022-04-07 10:58:36.965 | INFO     | tools.trainer:train_loop:89 - Epoch: [14/ 80] | Train loss: [0.20531201933821042]
2022-04-07 11:06:49.219 | INFO     | tools.trainer:train_loop:89 - Epoch: [15/ 80] | Train loss: [0.20346319365004698]
2022-04-07 11:15:01.634 | INFO     | tools.trainer:train_loop:89 - Epoch: [16/ 80] | Train loss: [0.19654156900942327]
2022-04-07 11:23:13.304 | INFO     | tools.trainer:train_loop:89 - Epoch: [17/ 80] | Train loss: [0.18657999398807684]
2022-04-07 11:31:24.823 | INFO     | tools.trainer:train_loop:89 - Epoch: [18/ 80] | Train loss: [0.17545690598587196]
2022-04-07 11:39:36.354 | INFO     | tools.trainer:train_loop:89 - Epoch: [19/ 80] | Train loss: [0.18030771979441246]
2022-04-07 11:47:48.395 | INFO     | tools.trainer:train_loop:89 - Epoch: [20/ 80] | Train loss: [0.1796952249482274]
2022-04-07 11:56:00.441 | INFO     | tools.trainer:train_loop:89 - Epoch: [21/ 80] | Train loss: [0.17346511855721475]
2022-04-07 12:04:12.918 | INFO     | tools.trainer:train_loop:89 - Epoch: [22/ 80] | Train loss: [0.1648089854667584]
2022-04-07 12:12:24.995 | INFO     | tools.trainer:train_loop:89 - Epoch: [23/ 80] | Train loss: [0.1681536787499984]
2022-04-07 12:20:37.303 | INFO     | tools.trainer:train_loop:89 - Epoch: [24/ 80] | Train loss: [0.16559114878376324]
2022-04-07 12:28:49.401 | INFO     | tools.trainer:train_loop:89 - Epoch: [25/ 80] | Train loss: [0.15650050503512222]
2022-04-07 12:37:01.971 | INFO     | tools.trainer:train_loop:89 - Epoch: [26/ 80] | Train loss: [0.1541335475941499]
2022-04-07 12:45:14.299 | INFO     | tools.trainer:train_loop:89 - Epoch: [27/ 80] | Train loss: [0.1507396071528395]
2022-04-07 12:53:26.181 | INFO     | tools.trainer:train_loop:89 - Epoch: [28/ 80] | Train loss: [0.14710962449510892]
2022-04-07 13:01:37.850 | INFO     | tools.trainer:train_loop:89 - Epoch: [29/ 80] | Train loss: [0.14188851844519376]
2022-04-07 13:09:50.358 | INFO     | tools.trainer:train_loop:89 - Epoch: [30/ 80] | Train loss: [0.14937422312796117]
2022-04-07 13:18:02.819 | INFO     | tools.trainer:train_loop:89 - Epoch: [31/ 80] | Train loss: [0.13659480661153794]
2022-04-07 13:26:15.057 | INFO     | tools.trainer:train_loop:89 - Epoch: [32/ 80] | Train loss: [0.13704335410147905]
2022-04-07 13:34:27.029 | INFO     | tools.trainer:train_loop:89 - Epoch: [33/ 80] | Train loss: [0.13230436065544685]
2022-04-07 13:42:39.190 | INFO     | tools.trainer:train_loop:89 - Epoch: [34/ 80] | Train loss: [0.13691845778375863]
2022-04-07 13:50:52.040 | INFO     | tools.trainer:train_loop:89 - Epoch: [35/ 80] | Train loss: [0.13106761816889048]
2022-04-07 13:59:03.721 | INFO     | tools.trainer:train_loop:89 - Epoch: [36/ 80] | Train loss: [0.12540253357340891]
2022-04-07 14:07:16.138 | INFO     | tools.trainer:train_loop:89 - Epoch: [37/ 80] | Train loss: [0.12242683128764233]
2022-04-07 14:15:28.545 | INFO     | tools.trainer:train_loop:89 - Epoch: [38/ 80] | Train loss: [0.12284156953295072]
2022-04-07 14:23:40.403 | INFO     | tools.trainer:train_loop:89 - Epoch: [39/ 80] | Train loss: [0.12240781895816326]
2022-04-07 14:31:52.367 | INFO     | tools.trainer:train_loop:89 - Epoch: [40/ 80] | Train loss: [0.1278634779776136]
2022-04-07 14:40:04.248 | INFO     | tools.trainer:train_loop:89 - Epoch: [41/ 80] | Train loss: [0.12499006111174822]
2022-04-07 14:48:15.982 | INFO     | tools.trainer:train_loop:89 - Epoch: [42/ 80] | Train loss: [0.11787619441747665]
2022-04-07 14:56:27.733 | INFO     | tools.trainer:train_loop:89 - Epoch: [43/ 80] | Train loss: [0.11458926430592935]
2022-04-07 15:04:39.559 | INFO     | tools.trainer:train_loop:89 - Epoch: [44/ 80] | Train loss: [0.11253137389818828]
2022-04-07 15:12:51.290 | INFO     | tools.trainer:train_loop:89 - Epoch: [45/ 80] | Train loss: [0.10983574377993742]
2022-04-07 15:21:02.971 | INFO     | tools.trainer:train_loop:89 - Epoch: [46/ 80] | Train loss: [0.10932116496066252]
2022-04-07 15:29:14.745 | INFO     | tools.trainer:train_loop:89 - Epoch: [47/ 80] | Train loss: [0.11156822008391222]
2022-04-07 15:37:26.310 | INFO     | tools.trainer:train_loop:89 - Epoch: [48/ 80] | Train loss: [0.10691704961160818]
2022-04-07 15:45:36.338 | INFO     | tools.trainer:train_loop:89 - Epoch: [49/ 80] | Train loss: [0.1081432535002629]
2022-04-07 15:53:45.855 | INFO     | tools.trainer:train_loop:89 - Epoch: [50/ 80] | Train loss: [0.10584043835600217]
2022-04-07 16:01:55.809 | INFO     | tools.trainer:train_loop:89 - Epoch: [51/ 80] | Train loss: [0.1130307249724865]
2022-04-07 16:10:05.817 | INFO     | tools.trainer:train_loop:89 - Epoch: [52/ 80] | Train loss: [0.10373233867188295]
2022-04-07 16:18:16.074 | INFO     | tools.trainer:train_loop:89 - Epoch: [53/ 80] | Train loss: [0.10122773877034584]
2022-04-07 16:26:25.923 | INFO     | tools.trainer:train_loop:89 - Epoch: [54/ 80] | Train loss: [0.09875508410235247]
2022-04-07 16:34:35.633 | INFO     | tools.trainer:train_loop:89 - Epoch: [55/ 80] | Train loss: [0.0979953682050109]
2022-04-07 16:42:45.256 | INFO     | tools.trainer:train_loop:89 - Epoch: [56/ 80] | Train loss: [0.09675441334644953]
2022-04-07 16:50:55.023 | INFO     | tools.trainer:train_loop:89 - Epoch: [57/ 80] | Train loss: [0.09601848411063353]
2022-04-07 16:59:04.286 | INFO     | tools.trainer:train_loop:89 - Epoch: [58/ 80] | Train loss: [0.09899450230101745]
2022-04-07 17:07:14.500 | INFO     | tools.trainer:train_loop:89 - Epoch: [59/ 80] | Train loss: [0.09539436356474956]
2022-04-07 17:15:23.618 | INFO     | tools.trainer:train_loop:89 - Epoch: [60/ 80] | Train loss: [0.0924898729349176]
2022-04-07 17:15:24.373 | INFO     | tools.trainer:train_loop:104 - [Saving Snapshot:]/mnt/data/hungpv/polyps/checkpoint/KCECE/mit-uperhead-cara_v2.yaml/MiT-B3-UPerHead_60.pth
2022-04-07 17:23:33.842 | INFO     | tools.trainer:train_loop:89 - Epoch: [61/ 80] | Train loss: [0.09144279720882574]
2022-04-07 17:31:43.289 | INFO     | tools.trainer:train_loop:89 - Epoch: [62/ 80] | Train loss: [0.09085307270288467]
2022-04-07 17:39:52.717 | INFO     | tools.trainer:train_loop:89 - Epoch: [63/ 80] | Train loss: [0.09043467938899993]
2022-04-07 17:48:01.848 | INFO     | tools.trainer:train_loop:89 - Epoch: [64/ 80] | Train loss: [0.08842259732385477]
2022-04-07 17:56:11.445 | INFO     | tools.trainer:train_loop:89 - Epoch: [65/ 80] | Train loss: [0.08858444709330797]
2022-04-07 18:04:20.766 | INFO     | tools.trainer:train_loop:89 - Epoch: [66/ 80] | Train loss: [0.08806117729594311]
2022-04-07 18:12:29.894 | INFO     | tools.trainer:train_loop:89 - Epoch: [67/ 80] | Train loss: [0.08548337798565626]
2022-04-07 18:20:39.796 | INFO     | tools.trainer:train_loop:89 - Epoch: [68/ 80] | Train loss: [0.0856589383756121]
