2022-03-20 23:43:13.839 | INFO     | __main__:main:45 - Load config from configs/convnext-segformer.yaml
2022-03-20 23:43:13.839 | INFO     | __main__:main:46 - {'dataset': {'data_path': '/home/admin_mcn/hungpv/polyps/dataset/KCECE', 'train_data_path': ['/home/admin_mcn/hungpv/polyps/dataset/KCECE/TrainDataset'], 'test_data_path': ['/home/admin_mcn/hungpv/polyps/dataset/KCECE/TestDataset/CVC-300'], 'val_data_path': ['/home/admin_mcn/hungpv/polyps/dataset/KCECE/TestDataset/CVC-300']}, 'model': {'num_classes': 1, 'save_dir': '/mnt/data/hungpv/polyps/checkpoint/KCECE/convnext-segformer_v1', 'backbone': 'ConvNeXt-S', 'head': 'SegFormerHead', 'pretrained': '/mnt/data/hungpv/polyps/pretrained-backbone/convnext_small_1k_224_ema.pth'}, 'optimizer': {'name': 'adam', 'lr': 0.0001, 'clip': 0.5, 'scheduler': 'cosine_warmup', 'num_warmup_epoch': 1, 'loss': 'structure_loss'}, 'dev': 'cuda', 'train': {'start_from': 0, 'save_from': 148, 'num_epochs': 150, 'num_warmup_epoch': 8, 'is_val': False, 'size_rates': [0.75, 1, 1.25], 'dataloader': {'batchsize': 16, 'img_size': 352, 'shuffle': True, 'num_workers': 2, 'pin_memory': True, 'drop_last': True}, 'amp': False, 'ddp': False, 'augment': {'prob': 1, 'Flip_prob': 0.7, 'HueSaturationValue_prob': 0.7, 'RandomBrightnessContrast_prob': 0.5, 'crop_prob': 0.2, 'randomrotate90_prob': 0.7}}, 'test': {'dev': 'cuda', 'visualize': False, 'visualize_dir': '/mnt/data/hungpv/polyps/visualize', 'vis_x': 180, 'vis_overwrite': False, 'checkpoint_dir': '/mnt/data/hungpv/polyps/checkpoint/KCECE/convnext-segformer_v1/ConvNeXt-S-SegFormerHead_60.pth', 'dataloader': {'batchsize': 1, 'img_size': 352, 'shuffle': True, 'num_workers': 2, 'pin_memory': True, 'drop_last': True}, 'augment': {'prob': 1, 'Flip_prob': 0, 'HueSaturationValue_prob': 0, 'RandomBrightnessContrast_prob': 0, 'crop_prob': 0, 'randomrotate90_prob': 0, 'elastictransform_prob': 0, 'gridistortion_prob': 0, 'opticaldistortion_prob': 0, 'verticalflip_prob': 0, 'horizontalflip_prob': 0, 'randomgamma_prob': 0, 'CoarseDropout_prob': 0, 'RGBShift_prob': 0, 'MotionBlur_prob': 0, 'MedianBlur_prob': 0, 'GaussianBlur_prob': 0, 'GaussNoise_prob': 0, 'ChannelShuffle_prob': 0}}}
2022-03-20 23:43:13.839 | INFO     | __main__:main:47 - Getting datapath
2022-03-20 23:43:13.845 | INFO     | __main__:main:61 - There are 1450 images to train
2022-03-20 23:43:13.845 | INFO     | __main__:main:80 - Train model with no valid dataset
2022-03-20 23:43:13.845 | INFO     | __main__:main:82 - Loading data
2022-03-20 23:43:13.935 | INFO     | __main__:main:96 - 90 batches to train
2022-03-20 23:43:13.939 | INFO     | __main__:main:109 - Loading model
2022-03-20 23:43:13.940 | INFO     | __main__:main:126 - Loading checkpoint from /mnt/data/hungpv/polyps/pretrained-backbone/convnext_small_1k_224_ema.pth ...
2022-03-20 23:43:16.608 | INFO     | __main__:main:164 - Training with FP32 ...
2022-03-20 23:44:31.645 | INFO     | tools.trainer:train_loop:89 - Epoch: [1/ 150] | Train loss: [4.96305918958452]
2022-03-20 23:45:46.003 | INFO     | tools.trainer:train_loop:89 - Epoch: [2/ 150] | Train loss: [3.1821953508589003]
2022-03-20 23:47:00.544 | INFO     | tools.trainer:train_loop:89 - Epoch: [3/ 150] | Train loss: [2.5297780209117464]
2022-03-20 23:47:00.774 | INFO     | tools.trainer:train_loop:103 - [Saving Snapshot:]/mnt/data/hungpv/polyps/checkpoint/KCECE/convnext-segformer_v1/ConvNeXt-S-SegFormerHead_3.pth
2022-03-20 23:48:15.346 | INFO     | tools.trainer:train_loop:89 - Epoch: [4/ 150] | Train loss: [2.09992530213462]
2022-03-20 23:49:30.004 | INFO     | tools.trainer:train_loop:89 - Epoch: [5/ 150] | Train loss: [1.7908270306057401]
2022-03-20 23:50:44.778 | INFO     | tools.trainer:train_loop:89 - Epoch: [6/ 150] | Train loss: [1.6627878957324558]
2022-03-20 23:51:59.436 | INFO     | tools.trainer:train_loop:89 - Epoch: [7/ 150] | Train loss: [1.576292786333296]
2022-03-20 23:53:14.183 | INFO     | tools.trainer:train_loop:89 - Epoch: [8/ 150] | Train loss: [1.4921426839298673]
2022-03-20 23:54:28.836 | INFO     | tools.trainer:train_loop:89 - Epoch: [9/ 150] | Train loss: [1.4180026080873278]
2022-03-20 23:55:43.534 | INFO     | tools.trainer:train_loop:89 - Epoch: [10/ 150] | Train loss: [1.3720430387390985]
2022-03-20 23:56:58.272 | INFO     | tools.trainer:train_loop:89 - Epoch: [11/ 150] | Train loss: [1.3062587870491875]
2022-03-20 23:58:13.008 | INFO     | tools.trainer:train_loop:89 - Epoch: [12/ 150] | Train loss: [1.285909370581309]
2022-03-20 23:59:27.897 | INFO     | tools.trainer:train_loop:89 - Epoch: [13/ 150] | Train loss: [1.2542042043473987]
2022-03-21 00:00:42.728 | INFO     | tools.trainer:train_loop:89 - Epoch: [14/ 150] | Train loss: [1.231958395904965]
2022-03-21 00:01:57.526 | INFO     | tools.trainer:train_loop:89 - Epoch: [15/ 150] | Train loss: [1.2254997968673706]
2022-03-21 00:03:12.358 | INFO     | tools.trainer:train_loop:89 - Epoch: [16/ 150] | Train loss: [1.1823491083251105]
2022-03-21 00:04:27.245 | INFO     | tools.trainer:train_loop:89 - Epoch: [17/ 150] | Train loss: [1.1972272687488132]
2022-03-21 00:05:41.995 | INFO     | tools.trainer:train_loop:89 - Epoch: [18/ 150] | Train loss: [1.1734428975317213]
2022-03-21 00:06:56.771 | INFO     | tools.trainer:train_loop:89 - Epoch: [19/ 150] | Train loss: [1.160045203897688]
2022-03-21 00:08:11.621 | INFO     | tools.trainer:train_loop:89 - Epoch: [20/ 150] | Train loss: [1.156484728389316]
2022-03-21 00:09:26.435 | INFO     | tools.trainer:train_loop:89 - Epoch: [21/ 150] | Train loss: [1.1455652952194213]
2022-03-21 00:10:41.207 | INFO     | tools.trainer:train_loop:89 - Epoch: [22/ 150] | Train loss: [1.1410178853405846]
2022-03-21 00:11:56.014 | INFO     | tools.trainer:train_loop:89 - Epoch: [23/ 150] | Train loss: [1.1329126901096769]
2022-03-21 00:13:10.741 | INFO     | tools.trainer:train_loop:89 - Epoch: [24/ 150] | Train loss: [1.1292756259441377]
2022-03-21 00:14:25.577 | INFO     | tools.trainer:train_loop:89 - Epoch: [25/ 150] | Train loss: [1.1164663347933028]
2022-03-21 00:15:40.357 | INFO     | tools.trainer:train_loop:89 - Epoch: [26/ 150] | Train loss: [1.1169659985436333]
2022-03-21 00:16:55.207 | INFO     | tools.trainer:train_loop:89 - Epoch: [27/ 150] | Train loss: [1.0974849979082744]
2022-03-21 00:18:10.060 | INFO     | tools.trainer:train_loop:89 - Epoch: [28/ 150] | Train loss: [1.0807991650369433]
2022-03-21 00:19:24.912 | INFO     | tools.trainer:train_loop:89 - Epoch: [29/ 150] | Train loss: [1.0514941659238604]
2022-03-21 00:20:39.728 | INFO     | tools.trainer:train_loop:89 - Epoch: [30/ 150] | Train loss: [1.0168503310945298]
2022-03-21 00:21:54.598 | INFO     | tools.trainer:train_loop:89 - Epoch: [31/ 150] | Train loss: [1.0112019512388442]
2022-03-21 00:23:09.402 | INFO     | tools.trainer:train_loop:89 - Epoch: [32/ 150] | Train loss: [0.9828218367364672]
2022-03-21 00:24:24.382 | INFO     | tools.trainer:train_loop:89 - Epoch: [33/ 150] | Train loss: [0.9512223098013136]
2022-03-21 00:25:39.274 | INFO     | tools.trainer:train_loop:89 - Epoch: [34/ 150] | Train loss: [0.9347353246476915]
2022-03-21 00:26:54.074 | INFO     | tools.trainer:train_loop:89 - Epoch: [35/ 150] | Train loss: [0.9041366292370691]
2022-03-21 00:28:08.911 | INFO     | tools.trainer:train_loop:89 - Epoch: [36/ 150] | Train loss: [0.8793014314439561]
2022-03-21 00:29:23.726 | INFO     | tools.trainer:train_loop:89 - Epoch: [37/ 150] | Train loss: [0.8396884123484294]
2022-03-21 00:30:38.524 | INFO     | tools.trainer:train_loop:89 - Epoch: [38/ 150] | Train loss: [0.8225398818651836]
2022-03-21 00:31:53.317 | INFO     | tools.trainer:train_loop:89 - Epoch: [39/ 150] | Train loss: [0.7904081139299605]
2022-03-21 00:33:08.196 | INFO     | tools.trainer:train_loop:89 - Epoch: [40/ 150] | Train loss: [0.761336225271225]
2022-03-21 00:34:23.048 | INFO     | tools.trainer:train_loop:89 - Epoch: [41/ 150] | Train loss: [0.7406344049506717]
2022-03-21 00:35:37.931 | INFO     | tools.trainer:train_loop:89 - Epoch: [42/ 150] | Train loss: [0.7385845373074214]
2022-03-21 00:36:52.631 | INFO     | tools.trainer:train_loop:89 - Epoch: [43/ 150] | Train loss: [0.7108906070391338]
2022-03-21 00:38:07.399 | INFO     | tools.trainer:train_loop:89 - Epoch: [44/ 150] | Train loss: [0.688917452428076]
2022-03-21 00:39:22.197 | INFO     | tools.trainer:train_loop:89 - Epoch: [45/ 150] | Train loss: [0.6940415104230245]
2022-03-21 00:40:36.918 | INFO     | tools.trainer:train_loop:89 - Epoch: [46/ 150] | Train loss: [0.6611898912323846]
2022-03-21 00:41:51.641 | INFO     | tools.trainer:train_loop:89 - Epoch: [47/ 150] | Train loss: [0.6548742026090622]
2022-03-21 00:43:06.466 | INFO     | tools.trainer:train_loop:89 - Epoch: [48/ 150] | Train loss: [0.6276433514224158]
2022-03-21 00:44:21.350 | INFO     | tools.trainer:train_loop:89 - Epoch: [49/ 150] | Train loss: [0.6228291302919388]
2022-03-21 00:45:36.128 | INFO     | tools.trainer:train_loop:89 - Epoch: [50/ 150] | Train loss: [0.6194611920250787]
2022-03-21 00:46:50.939 | INFO     | tools.trainer:train_loop:89 - Epoch: [51/ 150] | Train loss: [0.5935037861267726]
2022-03-21 00:48:05.725 | INFO     | tools.trainer:train_loop:89 - Epoch: [52/ 150] | Train loss: [0.6061756100919512]
2022-03-21 00:49:20.613 | INFO     | tools.trainer:train_loop:89 - Epoch: [53/ 150] | Train loss: [0.572409975859854]
2022-03-21 00:50:35.413 | INFO     | tools.trainer:train_loop:89 - Epoch: [54/ 150] | Train loss: [0.5835019962655174]
2022-03-21 00:51:50.132 | INFO     | tools.trainer:train_loop:89 - Epoch: [55/ 150] | Train loss: [0.5628822022014194]
2022-03-21 00:53:04.923 | INFO     | tools.trainer:train_loop:89 - Epoch: [56/ 150] | Train loss: [0.5618946529097028]
2022-03-21 00:54:19.758 | INFO     | tools.trainer:train_loop:89 - Epoch: [57/ 150] | Train loss: [0.5550919228129917]
2022-03-21 00:55:34.515 | INFO     | tools.trainer:train_loop:89 - Epoch: [58/ 150] | Train loss: [0.5480508416891098]
2022-03-21 00:56:49.290 | INFO     | tools.trainer:train_loop:89 - Epoch: [59/ 150] | Train loss: [0.542290723323822]
2022-03-21 00:58:04.013 | INFO     | tools.trainer:train_loop:89 - Epoch: [60/ 150] | Train loss: [0.5278367926677068]
2022-03-21 00:59:18.792 | INFO     | tools.trainer:train_loop:89 - Epoch: [61/ 150] | Train loss: [0.5222498625516891]
2022-03-21 01:00:33.681 | INFO     | tools.trainer:train_loop:89 - Epoch: [62/ 150] | Train loss: [0.5099802878167894]
2022-03-21 01:01:48.514 | INFO     | tools.trainer:train_loop:89 - Epoch: [63/ 150] | Train loss: [0.511849985520045]
2022-03-21 01:03:03.354 | INFO     | tools.trainer:train_loop:89 - Epoch: [64/ 150] | Train loss: [0.5071139120393329]
2022-03-21 01:04:18.170 | INFO     | tools.trainer:train_loop:89 - Epoch: [65/ 150] | Train loss: [0.5023347841368782]
2022-03-21 01:05:32.962 | INFO     | tools.trainer:train_loop:89 - Epoch: [66/ 150] | Train loss: [0.49898467560609183]
2022-03-21 01:06:47.643 | INFO     | tools.trainer:train_loop:89 - Epoch: [67/ 150] | Train loss: [0.49190253714720406]
2022-03-21 01:08:02.407 | INFO     | tools.trainer:train_loop:89 - Epoch: [68/ 150] | Train loss: [0.49588719242148926]
2022-03-21 01:09:17.132 | INFO     | tools.trainer:train_loop:89 - Epoch: [69/ 150] | Train loss: [0.482259754008717]
2022-03-21 01:10:32.019 | INFO     | tools.trainer:train_loop:89 - Epoch: [70/ 150] | Train loss: [0.4753000984589259]
2022-03-21 01:11:46.793 | INFO     | tools.trainer:train_loop:89 - Epoch: [71/ 150] | Train loss: [0.47706772983074186]
2022-03-21 01:13:01.579 | INFO     | tools.trainer:train_loop:89 - Epoch: [72/ 150] | Train loss: [0.4656416353252199]
2022-03-21 01:14:16.354 | INFO     | tools.trainer:train_loop:89 - Epoch: [73/ 150] | Train loss: [0.4680778463681539]
2022-03-21 01:15:31.177 | INFO     | tools.trainer:train_loop:89 - Epoch: [74/ 150] | Train loss: [0.4648048490285873]
2022-03-21 01:16:46.013 | INFO     | tools.trainer:train_loop:89 - Epoch: [75/ 150] | Train loss: [0.4516908182038201]
2022-03-21 01:18:00.851 | INFO     | tools.trainer:train_loop:89 - Epoch: [76/ 150] | Train loss: [0.4627804441584481]
2022-03-21 01:19:15.639 | INFO     | tools.trainer:train_loop:89 - Epoch: [77/ 150] | Train loss: [0.4553551137447357]
2022-03-21 01:20:30.486 | INFO     | tools.trainer:train_loop:89 - Epoch: [78/ 150] | Train loss: [0.45134598943922255]
2022-03-21 01:21:45.303 | INFO     | tools.trainer:train_loop:89 - Epoch: [79/ 150] | Train loss: [0.4459685292508867]
2022-03-21 01:23:00.068 | INFO     | tools.trainer:train_loop:89 - Epoch: [80/ 150] | Train loss: [0.43610998458332484]
2022-03-21 01:24:14.811 | INFO     | tools.trainer:train_loop:89 - Epoch: [81/ 150] | Train loss: [0.44359191209077836]
2022-03-21 01:25:29.600 | INFO     | tools.trainer:train_loop:89 - Epoch: [82/ 150] | Train loss: [0.43555514845583176]
2022-03-21 01:26:44.346 | INFO     | tools.trainer:train_loop:89 - Epoch: [83/ 150] | Train loss: [0.41123438874880475]
2022-03-21 01:27:59.135 | INFO     | tools.trainer:train_loop:89 - Epoch: [84/ 150] | Train loss: [0.4321040434969796]
2022-03-21 01:29:13.927 | INFO     | tools.trainer:train_loop:89 - Epoch: [85/ 150] | Train loss: [0.4208533975813124]
2022-03-21 01:30:28.764 | INFO     | tools.trainer:train_loop:89 - Epoch: [86/ 150] | Train loss: [0.4040092968278461]
2022-03-21 01:31:43.633 | INFO     | tools.trainer:train_loop:89 - Epoch: [87/ 150] | Train loss: [0.4170222658250067]
2022-03-21 01:32:58.498 | INFO     | tools.trainer:train_loop:89 - Epoch: [88/ 150] | Train loss: [0.40561296194791796]
2022-03-21 01:34:13.267 | INFO     | tools.trainer:train_loop:89 - Epoch: [89/ 150] | Train loss: [0.39427894668446645]
2022-03-21 01:35:28.221 | INFO     | tools.trainer:train_loop:89 - Epoch: [90/ 150] | Train loss: [0.4095853562156359]
2022-03-21 01:36:42.944 | INFO     | tools.trainer:train_loop:89 - Epoch: [91/ 150] | Train loss: [0.39797307054201764]
2022-03-21 01:37:57.785 | INFO     | tools.trainer:train_loop:89 - Epoch: [92/ 150] | Train loss: [0.39396263029840256]
2022-03-21 01:39:12.629 | INFO     | tools.trainer:train_loop:89 - Epoch: [93/ 150] | Train loss: [0.3933948551615079]
2022-03-21 01:40:27.398 | INFO     | tools.trainer:train_loop:89 - Epoch: [94/ 150] | Train loss: [0.39542991121610005]
2022-03-21 01:41:42.275 | INFO     | tools.trainer:train_loop:89 - Epoch: [95/ 150] | Train loss: [0.3989979185991817]
2022-03-21 01:42:57.109 | INFO     | tools.trainer:train_loop:89 - Epoch: [96/ 150] | Train loss: [0.3795602485537529]
2022-03-21 01:44:11.981 | INFO     | tools.trainer:train_loop:89 - Epoch: [97/ 150] | Train loss: [0.3796072946654426]
2022-03-21 01:45:26.743 | INFO     | tools.trainer:train_loop:89 - Epoch: [98/ 150] | Train loss: [0.38076506521966724]
2022-03-21 01:46:41.531 | INFO     | tools.trainer:train_loop:89 - Epoch: [99/ 150] | Train loss: [0.3803010783261723]
2022-03-21 01:47:56.365 | INFO     | tools.trainer:train_loop:89 - Epoch: [100/ 150] | Train loss: [0.37999631232685516]
2022-03-21 01:49:11.253 | INFO     | tools.trainer:train_loop:89 - Epoch: [101/ 150] | Train loss: [0.37760832442177666]
2022-03-21 01:50:26.073 | INFO     | tools.trainer:train_loop:89 - Epoch: [102/ 150] | Train loss: [0.3657269128494792]
2022-03-21 01:51:40.890 | INFO     | tools.trainer:train_loop:89 - Epoch: [103/ 150] | Train loss: [0.37420012288623383]
2022-03-21 01:52:55.704 | INFO     | tools.trainer:train_loop:89 - Epoch: [104/ 150] | Train loss: [0.3650996974772877]
2022-03-21 01:54:10.552 | INFO     | tools.trainer:train_loop:89 - Epoch: [105/ 150] | Train loss: [0.3622312039136887]
2022-03-21 01:55:25.314 | INFO     | tools.trainer:train_loop:89 - Epoch: [106/ 150] | Train loss: [0.3590016919705603]
2022-03-21 01:56:40.082 | INFO     | tools.trainer:train_loop:89 - Epoch: [107/ 150] | Train loss: [0.3505814135074615]
2022-03-21 01:57:54.935 | INFO     | tools.trainer:train_loop:89 - Epoch: [108/ 150] | Train loss: [0.36269652197758356]
2022-03-21 01:59:09.723 | INFO     | tools.trainer:train_loop:89 - Epoch: [109/ 150] | Train loss: [0.3570652897159258]
2022-03-21 02:00:24.532 | INFO     | tools.trainer:train_loop:89 - Epoch: [110/ 150] | Train loss: [0.35021886924902595]
2022-03-21 02:01:39.392 | INFO     | tools.trainer:train_loop:89 - Epoch: [111/ 150] | Train loss: [0.3421415184934934]
2022-03-21 02:02:54.256 | INFO     | tools.trainer:train_loop:89 - Epoch: [112/ 150] | Train loss: [0.350144062936306]
2022-03-21 02:04:09.047 | INFO     | tools.trainer:train_loop:89 - Epoch: [113/ 150] | Train loss: [0.3517231151461601]
2022-03-21 02:05:23.917 | INFO     | tools.trainer:train_loop:89 - Epoch: [114/ 150] | Train loss: [0.3622355858484904]
2022-03-21 02:06:38.727 | INFO     | tools.trainer:train_loop:89 - Epoch: [115/ 150] | Train loss: [0.344045482079188]
2022-03-21 02:07:53.572 | INFO     | tools.trainer:train_loop:89 - Epoch: [116/ 150] | Train loss: [0.350197079943286]
2022-03-21 02:09:08.509 | INFO     | tools.trainer:train_loop:89 - Epoch: [117/ 150] | Train loss: [0.3512912122739686]
2022-03-21 02:10:23.306 | INFO     | tools.trainer:train_loop:89 - Epoch: [118/ 150] | Train loss: [0.33961394959025915]
2022-03-21 02:11:38.098 | INFO     | tools.trainer:train_loop:89 - Epoch: [119/ 150] | Train loss: [0.3424310636189249]
2022-03-21 02:12:52.864 | INFO     | tools.trainer:train_loop:89 - Epoch: [120/ 150] | Train loss: [0.3391498037510448]
2022-03-21 02:14:07.614 | INFO     | tools.trainer:train_loop:89 - Epoch: [121/ 150] | Train loss: [0.325903292828136]
2022-03-21 02:15:22.433 | INFO     | tools.trainer:train_loop:89 - Epoch: [122/ 150] | Train loss: [0.3513477744327651]
2022-03-21 02:16:37.289 | INFO     | tools.trainer:train_loop:89 - Epoch: [123/ 150] | Train loss: [0.3411305468943384]
2022-03-21 02:17:52.068 | INFO     | tools.trainer:train_loop:89 - Epoch: [124/ 150] | Train loss: [0.32973751028378806]
2022-03-21 02:19:06.928 | INFO     | tools.trainer:train_loop:89 - Epoch: [125/ 150] | Train loss: [0.3270392825206121]
2022-03-21 02:20:21.773 | INFO     | tools.trainer:train_loop:89 - Epoch: [126/ 150] | Train loss: [0.3283187445667055]
2022-03-21 02:21:36.641 | INFO     | tools.trainer:train_loop:89 - Epoch: [127/ 150] | Train loss: [0.3279171766506301]
2022-03-21 02:22:51.508 | INFO     | tools.trainer:train_loop:89 - Epoch: [128/ 150] | Train loss: [0.3193397247129016]
2022-03-21 02:24:06.280 | INFO     | tools.trainer:train_loop:89 - Epoch: [129/ 150] | Train loss: [0.3283099600010448]
2022-03-21 02:25:21.159 | INFO     | tools.trainer:train_loop:89 - Epoch: [130/ 150] | Train loss: [0.31619191898239984]
2022-03-21 02:26:36.017 | INFO     | tools.trainer:train_loop:89 - Epoch: [131/ 150] | Train loss: [0.3193647505508529]
2022-03-21 02:27:50.804 | INFO     | tools.trainer:train_loop:89 - Epoch: [132/ 150] | Train loss: [0.31899824258353976]
2022-03-21 02:29:05.583 | INFO     | tools.trainer:train_loop:89 - Epoch: [133/ 150] | Train loss: [0.32364568677213457]
2022-03-21 02:30:20.528 | INFO     | tools.trainer:train_loop:89 - Epoch: [134/ 150] | Train loss: [0.32837417523066204]
2022-03-21 02:31:35.332 | INFO     | tools.trainer:train_loop:89 - Epoch: [135/ 150] | Train loss: [0.31298433542251586]
2022-03-21 02:32:50.194 | INFO     | tools.trainer:train_loop:89 - Epoch: [136/ 150] | Train loss: [0.32487208760446973]
2022-03-21 02:34:05.075 | INFO     | tools.trainer:train_loop:89 - Epoch: [137/ 150] | Train loss: [0.3129290401935577]
2022-03-21 02:35:19.947 | INFO     | tools.trainer:train_loop:89 - Epoch: [138/ 150] | Train loss: [0.3164978787302971]
2022-03-21 02:36:34.788 | INFO     | tools.trainer:train_loop:89 - Epoch: [139/ 150] | Train loss: [0.3221104108624988]
2022-03-21 02:37:49.581 | INFO     | tools.trainer:train_loop:89 - Epoch: [140/ 150] | Train loss: [0.321665231221252]
2022-03-21 02:39:04.367 | INFO     | tools.trainer:train_loop:89 - Epoch: [141/ 150] | Train loss: [0.3136514339182112]
2022-03-21 02:40:19.165 | INFO     | tools.trainer:train_loop:89 - Epoch: [142/ 150] | Train loss: [0.3173115061389075]
2022-03-21 02:41:33.968 | INFO     | tools.trainer:train_loop:89 - Epoch: [143/ 150] | Train loss: [0.31077512303988136]
2022-03-21 02:42:48.794 | INFO     | tools.trainer:train_loop:89 - Epoch: [144/ 150] | Train loss: [0.3141767198840777]
2022-03-21 02:44:03.639 | INFO     | tools.trainer:train_loop:89 - Epoch: [145/ 150] | Train loss: [0.30824870235390134]
2022-03-21 02:45:18.420 | INFO     | tools.trainer:train_loop:89 - Epoch: [146/ 150] | Train loss: [0.3040036072333654]
2022-03-21 02:46:33.177 | INFO     | tools.trainer:train_loop:89 - Epoch: [147/ 150] | Train loss: [0.30869729022185005]
2022-03-21 02:47:47.988 | INFO     | tools.trainer:train_loop:89 - Epoch: [148/ 150] | Train loss: [0.3080397682057487]
2022-03-21 02:49:02.816 | INFO     | tools.trainer:train_loop:89 - Epoch: [149/ 150] | Train loss: [0.31255445778369906]
2022-03-21 02:49:03.044 | INFO     | tools.trainer:train_loop:103 - [Saving Snapshot:]/mnt/data/hungpv/polyps/checkpoint/KCECE/convnext-segformer_v1/ConvNeXt-S-SegFormerHead_149.pth
2022-03-21 02:50:17.915 | INFO     | tools.trainer:train_loop:89 - Epoch: [150/ 150] | Train loss: [0.3240470323297713]
2022-03-21 02:50:18.128 | INFO     | tools.trainer:train_loop:103 - [Saving Snapshot:]/mnt/data/hungpv/polyps/checkpoint/KCECE/convnext-segformer_v1/ConvNeXt-S-SegFormerHead_150.pth
2022-03-21 02:50:18.129 | INFO     | tools.trainer:train_loop:109 - Training cost: 11220.463041158044seconds
