2022-06-12 22:06:58.611 | INFO     | __main__:main:45 - Load config from configs/wli.yaml
2022-06-12 22:06:58.611 | INFO     | __main__:main:46 - {'dataset': {'data_path': '/home/admin_mcn/hungpv/polyps/dataset/WLI', 'train_data_path': ['/home/admin_mcn/hungpv/polyps/dataset/WLI/train'], 'test_data_path': ['/home/admin_mcn/hungpv/polyps/dataset/WLI/test'], 'val_data_path': ['/home/admin_mcn/hungpv/polyps/dataset/WLI/val']}, 'model': {'num_classes': 1, 'save_dir': '/home/admin_mcn/hungpv/polyps/checkpoints/wli', 'backbone': 'MiT-B3', 'head': 'SegFormerHead', 'pretrained': '/home/admin_mcn/hungpv/polyps/pretrained-backbone/mit_b3.pth'}, 'optimizer': {'name': 'adam', 'lr': 0.0001, 'clip': 0.5, 'scheduler': 'cosine_warmup', 'num_warmup_epoch': 1, 'loss': 'structure_loss'}, 'dev': 'cuda', 'train': {'start_from': 0, 'save_from': 19, 'num_epochs': 20, 'num_warmup_epoch': 4, 'is_val': False, 'size_rates': [0.75, 1, 1.25], 'dataloader': {'batchsize': 16, 'img_size': 352, 'shuffle': True, 'num_workers': 2, 'pin_memory': True, 'drop_last': True}, 'amp': False, 'ddp': False, 'augment': {'prob': 1, 'Flip_prob': 0.7, 'HueSaturationValue_prob': 0.7, 'RandomBrightnessContrast_prob': 0.5, 'crop_prob': 0.2, 'randomrotate90_prob': 0.7}}, 'test': {'dev': 'cuda', 'visualize': False, 'visualize_dir': '/mnt/data/hungpv/polyps/visualize', 'vis_x': 180, 'vis_overwrite': False, 'checkpoint_dir': '/mnt/data/hungpv/polyps/checkpoint/KCECE/mit-segformer_v3/MiT-B3-SegFormerHead_60.pth', 'dataloader': {'batchsize': 1, 'img_size': 224, 'shuffle': True, 'num_workers': 2, 'pin_memory': True, 'drop_last': True}, 'augment': {'prob': 1, 'Flip_prob': 0, 'HueSaturationValue_prob': 0, 'RandomBrightnessContrast_prob': 0, 'crop_prob': 0, 'randomrotate90_prob': 0, 'elastictransform_prob': 0, 'gridistortion_prob': 0, 'opticaldistortion_prob': 0, 'verticalflip_prob': 0, 'horizontalflip_prob': 0, 'randomgamma_prob': 0, 'CoarseDropout_prob': 0, 'RGBShift_prob': 0, 'MotionBlur_prob': 0, 'MedianBlur_prob': 0, 'GaussianBlur_prob': 0, 'GaussNoise_prob': 0, 'ChannelShuffle_prob': 0}}}
2022-06-12 22:06:58.611 | INFO     | __main__:main:47 - Getting datapath
2022-06-12 22:06:58.613 | INFO     | __main__:main:61 - There are 601 images to train
2022-06-12 22:06:58.614 | INFO     | __main__:main:80 - Train model with no valid dataset
2022-06-12 22:06:58.614 | INFO     | __main__:main:82 - Loading data
2022-06-12 22:06:58.660 | INFO     | __main__:main:96 - 37 batches to train
2022-06-12 22:06:58.671 | INFO     | __main__:main:109 - Loading model
2022-06-12 22:06:58.671 | INFO     | __main__:main:126 - Loading checkpoint from /home/admin_mcn/hungpv/polyps/pretrained-backbone/mit_b3.pth ...
2022-06-12 22:07:02.069 | INFO     | __main__:main:169 - Training with FP32 ...
2022-06-12 22:08:06.683 | INFO     | tools.trainer:train_loop:103 - Epoch: [1/ 20] | Train loss: [2.840356259732633]
2022-06-12 22:09:25.528 | INFO     | tools.trainer:train_loop:103 - Epoch: [2/ 20] | Train loss: [1.168092611673716]
2022-06-12 22:10:48.388 | INFO     | tools.trainer:train_loop:103 - Epoch: [3/ 20] | Train loss: [0.9512261861079448]
2022-06-12 22:10:48.578 | INFO     | tools.trainer:train_loop:115 - [Saving Snapshot:]/home/admin_mcn/hungpv/polyps/checkpoints/wli/MiT-B3-SegFormerHead_3.pth
2022-06-12 22:12:14.881 | INFO     | tools.trainer:train_loop:103 - Epoch: [4/ 20] | Train loss: [0.8898143881076092]
2022-06-12 22:13:42.623 | INFO     | tools.trainer:train_loop:103 - Epoch: [5/ 20] | Train loss: [0.8122522089932416]
2022-06-12 22:15:13.790 | INFO     | tools.trainer:train_loop:103 - Epoch: [6/ 20] | Train loss: [0.7689252817952955]
2022-06-12 22:16:46.373 | INFO     | tools.trainer:train_loop:103 - Epoch: [7/ 20] | Train loss: [0.7417901754379272]
2022-06-12 22:18:21.580 | INFO     | tools.trainer:train_loop:103 - Epoch: [8/ 20] | Train loss: [0.7137075453191191]
2022-06-12 22:19:58.176 | INFO     | tools.trainer:train_loop:103 - Epoch: [9/ 20] | Train loss: [0.701836753535915]
2022-06-12 22:21:33.349 | INFO     | tools.trainer:train_loop:103 - Epoch: [10/ 20] | Train loss: [0.6966788366034224]
2022-06-12 22:23:06.252 | INFO     | tools.trainer:train_loop:103 - Epoch: [11/ 20] | Train loss: [0.6906496592470117]
2022-06-12 22:24:39.832 | INFO     | tools.trainer:train_loop:103 - Epoch: [12/ 20] | Train loss: [0.6705631049903663]
2022-06-12 22:26:14.065 | INFO     | tools.trainer:train_loop:103 - Epoch: [13/ 20] | Train loss: [0.6574201213346945]
2022-06-12 22:27:47.867 | INFO     | tools.trainer:train_loop:103 - Epoch: [14/ 20] | Train loss: [0.6431437263617644]
2022-06-12 22:29:21.323 | INFO     | tools.trainer:train_loop:103 - Epoch: [15/ 20] | Train loss: [0.6196943167093638]
