2022-04-06 00:36:17.570 | INFO     | __main__:main:45 - Load config from configs/mit-uperhead.yaml
2022-04-06 00:36:17.570 | INFO     | __main__:main:46 - {'dataset': {'data_path': '/home/admin_mcn/hungpv/polyps/dataset/KCECE', 'train_data_path': ['/home/admin_mcn/hungpv/polyps/dataset/KCECE/TrainDataset'], 'test_data_path': ['/home/admin_mcn/hungpv/polyps/dataset/KCECE/TestDataset/Kvasir'], 'val_data_path': ['/home/admin_mcn/hungpv/polyps/dataset/KCECE/TestDataset/CVC-300']}, 'model': {'num_classes': 1, 'save_dir': '/mnt/data/hungpv/polyps/checkpoint/KCECE/mit-uperhead_v4', 'backbone': 'MiT-B3', 'head': 'UPerHead', 'pretrained': '/mnt/data/hungpv/polyps/pretrained-backbone/mit_b3.pth'}, 'optimizer': {'name': 'adam', 'lr': 0.0001, 'clip': 0.5, 'scheduler': 'cosine_warmup', 'loss': 'structure_loss'}, 'dev': 'cuda', 'train': {'start_from': 0, 'save_from': 78, 'num_epochs': 80, 'num_warmup_epoch': 10, 'is_val': False, 'size_rates': [0.75, 1, 1.25], 'dataloader': {'batchsize': 16, 'img_size': 352, 'shuffle': True, 'num_workers': 2, 'pin_memory': True, 'drop_last': True}, 'amp': False, 'ddp': False, 'augment': {'prob': 1, 'Flip_prob': 0.7, 'HueSaturationValue_prob': 0.7, 'RandomBrightnessContrast_prob': 0.5, 'crop_prob': 0.0, 'randomrotate90_prob': 0.7}}, 'test': {'dev': 'cuda', 'visualize': False, 'visualize_dir': '/mnt/data/hungpv/polyps/visualize', 'vis_x': 180, 'vis_overwrite': False, 'checkpoint_dir': '/mnt/data/hungpv/polyps/checkpoint/KCECE/mit-uperhead_v3/MiT-B3-UPerHead_80.pth', 'dataloader': {'batchsize': 1, 'img_size': 352, 'shuffle': True, 'num_workers': 2, 'pin_memory': True, 'drop_last': True}, 'augment': {'prob': 1, 'Flip_prob': 0, 'HueSaturationValue_prob': 0, 'RandomBrightnessContrast_prob': 0, 'crop_prob': 0, 'randomrotate90_prob': 0, 'elastictransform_prob': 0, 'gridistortion_prob': 0, 'opticaldistortion_prob': 0, 'verticalflip_prob': 0, 'horizontalflip_prob': 0, 'randomgamma_prob': 0, 'CoarseDropout_prob': 0, 'RGBShift_prob': 0, 'MotionBlur_prob': 0, 'MedianBlur_prob': 0, 'GaussianBlur_prob': 0, 'GaussNoise_prob': 0, 'ChannelShuffle_prob': 0}}}
2022-04-06 00:36:17.571 | INFO     | __main__:main:47 - Getting datapath
2022-04-06 00:36:17.576 | INFO     | __main__:main:61 - There are 1450 images to train
2022-04-06 00:36:17.577 | INFO     | __main__:main:80 - Train model with no valid dataset
2022-04-06 00:36:17.577 | INFO     | __main__:main:82 - Loading data
2022-04-06 00:36:17.669 | INFO     | __main__:main:96 - 90 batches to train
2022-04-06 00:36:17.673 | INFO     | __main__:main:109 - Loading model
2022-04-06 00:36:17.673 | INFO     | __main__:main:126 - Loading checkpoint from /mnt/data/hungpv/polyps/pretrained-backbone/mit_b3.pth ...
2022-04-06 00:36:20.385 | INFO     | __main__:main:164 - Training with FP32 ...
2022-04-06 00:39:05.467 | INFO     | tools.trainer:train_loop:89 - Epoch: [1/ 80] | Train loss: [1.7841408696439531]
2022-04-06 00:41:58.545 | INFO     | tools.trainer:train_loop:89 - Epoch: [2/ 80] | Train loss: [0.7309039231803682]
2022-04-06 00:44:56.570 | INFO     | tools.trainer:train_loop:89 - Epoch: [3/ 80] | Train loss: [0.5579180141290029]
2022-04-06 00:44:56.779 | INFO     | tools.trainer:train_loop:104 - [Saving Snapshot:]/mnt/data/hungpv/polyps/checkpoint/KCECE/mit-uperhead_v4/MiT-B3-UPerHead_3.pth
2022-04-06 00:47:55.782 | INFO     | tools.trainer:train_loop:89 - Epoch: [4/ 80] | Train loss: [0.45071795847680834]
2022-04-06 00:50:55.178 | INFO     | tools.trainer:train_loop:89 - Epoch: [5/ 80] | Train loss: [0.3808406237098906]
2022-04-06 00:53:57.859 | INFO     | tools.trainer:train_loop:89 - Epoch: [6/ 80] | Train loss: [0.3230210936731762]
2022-04-06 00:56:59.030 | INFO     | tools.trainer:train_loop:89 - Epoch: [7/ 80] | Train loss: [0.27836152563492456]
2022-04-06 01:00:01.022 | INFO     | tools.trainer:train_loop:89 - Epoch: [8/ 80] | Train loss: [0.2522749250133832]
2022-04-06 01:03:03.181 | INFO     | tools.trainer:train_loop:89 - Epoch: [9/ 80] | Train loss: [0.23221287628014883]
2022-04-06 01:06:05.235 | INFO     | tools.trainer:train_loop:89 - Epoch: [10/ 80] | Train loss: [0.22639065467649036]
2022-04-06 01:09:07.436 | INFO     | tools.trainer:train_loop:89 - Epoch: [11/ 80] | Train loss: [0.21617022852102916]
2022-04-06 01:12:10.869 | INFO     | tools.trainer:train_loop:89 - Epoch: [12/ 80] | Train loss: [0.20179383903741838]
2022-04-06 01:15:13.420 | INFO     | tools.trainer:train_loop:89 - Epoch: [13/ 80] | Train loss: [0.1928956237104204]
2022-04-06 01:18:14.521 | INFO     | tools.trainer:train_loop:89 - Epoch: [14/ 80] | Train loss: [0.1862387188606792]
2022-04-06 01:21:18.075 | INFO     | tools.trainer:train_loop:89 - Epoch: [15/ 80] | Train loss: [0.1746607353289922]
2022-04-06 01:24:21.047 | INFO     | tools.trainer:train_loop:89 - Epoch: [16/ 80] | Train loss: [0.17153541545073192]
2022-04-06 01:27:24.705 | INFO     | tools.trainer:train_loop:89 - Epoch: [17/ 80] | Train loss: [0.17004196751448844]
2022-04-06 01:30:27.721 | INFO     | tools.trainer:train_loop:89 - Epoch: [18/ 80] | Train loss: [0.16114132727185884]
2022-04-06 01:33:31.456 | INFO     | tools.trainer:train_loop:89 - Epoch: [19/ 80] | Train loss: [0.15795037845770518]
2022-04-06 01:36:34.287 | INFO     | tools.trainer:train_loop:89 - Epoch: [20/ 80] | Train loss: [0.1510261890788873]
2022-04-06 01:39:37.205 | INFO     | tools.trainer:train_loop:89 - Epoch: [21/ 80] | Train loss: [0.14717812264959018]
2022-04-06 01:42:40.582 | INFO     | tools.trainer:train_loop:89 - Epoch: [22/ 80] | Train loss: [0.1402598101231787]
2022-04-06 01:45:43.987 | INFO     | tools.trainer:train_loop:89 - Epoch: [23/ 80] | Train loss: [0.14043216274844275]
2022-04-06 01:48:47.402 | INFO     | tools.trainer:train_loop:89 - Epoch: [24/ 80] | Train loss: [0.14849919916854964]
2022-04-06 01:51:48.093 | INFO     | tools.trainer:train_loop:89 - Epoch: [25/ 80] | Train loss: [0.13620731143487824]
2022-04-06 01:54:49.624 | INFO     | tools.trainer:train_loop:89 - Epoch: [26/ 80] | Train loss: [0.13212916180491446]
2022-04-06 01:57:52.945 | INFO     | tools.trainer:train_loop:89 - Epoch: [27/ 80] | Train loss: [0.13719376805755829]
2022-04-06 02:00:55.797 | INFO     | tools.trainer:train_loop:89 - Epoch: [28/ 80] | Train loss: [0.1303582747777303]
2022-04-06 02:03:56.057 | INFO     | tools.trainer:train_loop:89 - Epoch: [29/ 80] | Train loss: [0.12478926388753785]
2022-04-06 02:07:00.465 | INFO     | tools.trainer:train_loop:89 - Epoch: [30/ 80] | Train loss: [0.13043416813015937]
2022-04-06 02:10:03.695 | INFO     | tools.trainer:train_loop:89 - Epoch: [31/ 80] | Train loss: [0.12159161178602113]
2022-04-06 02:13:05.722 | INFO     | tools.trainer:train_loop:89 - Epoch: [32/ 80] | Train loss: [0.12470721320973502]
2022-04-06 02:16:08.110 | INFO     | tools.trainer:train_loop:89 - Epoch: [33/ 80] | Train loss: [0.11801811448401875]
2022-04-06 02:19:10.155 | INFO     | tools.trainer:train_loop:89 - Epoch: [34/ 80] | Train loss: [0.11726791941457325]
2022-04-06 02:22:12.872 | INFO     | tools.trainer:train_loop:89 - Epoch: [35/ 80] | Train loss: [0.11694176139103042]
2022-04-06 02:25:16.262 | INFO     | tools.trainer:train_loop:89 - Epoch: [36/ 80] | Train loss: [0.11814742104874718]
2022-04-06 02:28:15.966 | INFO     | tools.trainer:train_loop:89 - Epoch: [37/ 80] | Train loss: [0.11165990390711361]
2022-04-06 02:31:18.397 | INFO     | tools.trainer:train_loop:89 - Epoch: [38/ 80] | Train loss: [0.11073509239488177]
2022-04-06 02:34:21.331 | INFO     | tools.trainer:train_loop:89 - Epoch: [39/ 80] | Train loss: [0.10833814185526636]
2022-04-06 02:37:21.963 | INFO     | tools.trainer:train_loop:89 - Epoch: [40/ 80] | Train loss: [0.10786375982893838]
2022-04-06 02:40:23.346 | INFO     | tools.trainer:train_loop:89 - Epoch: [41/ 80] | Train loss: [0.10799177206224865]
2022-04-06 02:43:25.682 | INFO     | tools.trainer:train_loop:89 - Epoch: [42/ 80] | Train loss: [0.10619615664084753]
2022-04-06 02:46:27.437 | INFO     | tools.trainer:train_loop:89 - Epoch: [43/ 80] | Train loss: [0.10416250386171871]
2022-04-06 02:49:30.367 | INFO     | tools.trainer:train_loop:89 - Epoch: [44/ 80] | Train loss: [0.10838070586323738]
2022-04-06 02:52:32.676 | INFO     | tools.trainer:train_loop:89 - Epoch: [45/ 80] | Train loss: [0.10442692596051428]
2022-04-06 02:55:35.853 | INFO     | tools.trainer:train_loop:89 - Epoch: [46/ 80] | Train loss: [0.0991855588224199]
2022-04-06 02:58:38.362 | INFO     | tools.trainer:train_loop:89 - Epoch: [47/ 80] | Train loss: [0.09828997237814797]
2022-04-06 03:01:42.584 | INFO     | tools.trainer:train_loop:89 - Epoch: [48/ 80] | Train loss: [0.09720449604921871]
2022-04-06 03:04:48.376 | INFO     | tools.trainer:train_loop:89 - Epoch: [49/ 80] | Train loss: [0.09386564592520395]
2022-04-06 03:07:52.546 | INFO     | tools.trainer:train_loop:89 - Epoch: [50/ 80] | Train loss: [0.09297784492373466]
2022-04-06 03:10:56.400 | INFO     | tools.trainer:train_loop:89 - Epoch: [51/ 80] | Train loss: [0.09316423527068562]
2022-04-06 03:14:00.994 | INFO     | tools.trainer:train_loop:89 - Epoch: [52/ 80] | Train loss: [0.09385974398917622]
2022-04-06 03:17:04.436 | INFO     | tools.trainer:train_loop:89 - Epoch: [53/ 80] | Train loss: [0.08910459089610312]
2022-04-06 03:20:09.748 | INFO     | tools.trainer:train_loop:89 - Epoch: [54/ 80] | Train loss: [0.08739863435427347]
2022-04-06 03:23:13.257 | INFO     | tools.trainer:train_loop:89 - Epoch: [55/ 80] | Train loss: [0.08767973225977686]
2022-04-06 03:26:18.461 | INFO     | tools.trainer:train_loop:89 - Epoch: [56/ 80] | Train loss: [0.08721870424018965]
2022-04-06 03:29:24.911 | INFO     | tools.trainer:train_loop:89 - Epoch: [57/ 80] | Train loss: [0.08616056342919667]
2022-04-06 03:32:30.874 | INFO     | tools.trainer:train_loop:89 - Epoch: [58/ 80] | Train loss: [0.08635804214411312]
2022-04-06 03:35:38.594 | INFO     | tools.trainer:train_loop:89 - Epoch: [59/ 80] | Train loss: [0.08350844374961323]
2022-04-06 03:38:45.842 | INFO     | tools.trainer:train_loop:89 - Epoch: [60/ 80] | Train loss: [0.08141742547353109]
2022-04-06 03:38:46.049 | INFO     | tools.trainer:train_loop:104 - [Saving Snapshot:]/mnt/data/hungpv/polyps/checkpoint/KCECE/mit-uperhead_v4/MiT-B3-UPerHead_60.pth
2022-04-06 03:41:52.948 | INFO     | tools.trainer:train_loop:89 - Epoch: [61/ 80] | Train loss: [0.08238621271318859]
2022-04-06 03:44:59.058 | INFO     | tools.trainer:train_loop:89 - Epoch: [62/ 80] | Train loss: [0.08111521883143319]
2022-04-06 03:48:04.684 | INFO     | tools.trainer:train_loop:89 - Epoch: [63/ 80] | Train loss: [0.08183469846844674]
2022-04-06 03:51:09.862 | INFO     | tools.trainer:train_loop:89 - Epoch: [64/ 80] | Train loss: [0.07924581302536858]
2022-04-06 03:54:14.623 | INFO     | tools.trainer:train_loop:89 - Epoch: [65/ 80] | Train loss: [0.07752398865090476]
2022-04-06 03:57:19.784 | INFO     | tools.trainer:train_loop:89 - Epoch: [66/ 80] | Train loss: [0.0763541255146265]
2022-04-06 04:00:14.235 | INFO     | tools.trainer:train_loop:89 - Epoch: [67/ 80] | Train loss: [0.07589123290446069]
2022-04-06 04:02:58.443 | INFO     | tools.trainer:train_loop:89 - Epoch: [68/ 80] | Train loss: [0.07638464197516441]
2022-04-06 04:05:39.331 | INFO     | tools.trainer:train_loop:89 - Epoch: [69/ 80] | Train loss: [0.07496033294333351]
2022-04-06 04:08:19.113 | INFO     | tools.trainer:train_loop:89 - Epoch: [70/ 80] | Train loss: [0.0744630119866795]
2022-04-06 04:10:59.367 | INFO     | tools.trainer:train_loop:89 - Epoch: [71/ 80] | Train loss: [0.07396596541835201]
2022-04-06 04:13:39.387 | INFO     | tools.trainer:train_loop:89 - Epoch: [72/ 80] | Train loss: [0.07262754299574428]
2022-04-06 04:16:20.071 | INFO     | tools.trainer:train_loop:89 - Epoch: [73/ 80] | Train loss: [0.0719406264109744]
2022-04-06 04:18:59.731 | INFO     | tools.trainer:train_loop:89 - Epoch: [74/ 80] | Train loss: [0.07127121339241664]
2022-04-06 04:21:39.765 | INFO     | tools.trainer:train_loop:89 - Epoch: [75/ 80] | Train loss: [0.07115598416162862]
2022-04-06 04:24:19.129 | INFO     | tools.trainer:train_loop:89 - Epoch: [76/ 80] | Train loss: [0.07097879234287474]
2022-04-06 04:26:58.802 | INFO     | tools.trainer:train_loop:89 - Epoch: [77/ 80] | Train loss: [0.06987988787392775]
2022-04-06 04:29:38.846 | INFO     | tools.trainer:train_loop:89 - Epoch: [78/ 80] | Train loss: [0.06972335858477487]
2022-04-06 04:32:18.833 | INFO     | tools.trainer:train_loop:89 - Epoch: [79/ 80] | Train loss: [0.06923295975559288]
2022-04-06 04:32:19.035 | INFO     | tools.trainer:train_loop:104 - [Saving Snapshot:]/mnt/data/hungpv/polyps/checkpoint/KCECE/mit-uperhead_v4/MiT-B3-UPerHead_79.pth
2022-04-06 04:34:58.020 | INFO     | tools.trainer:train_loop:89 - Epoch: [80/ 80] | Train loss: [0.07023467852009667]
2022-04-06 04:34:58.223 | INFO     | tools.trainer:train_loop:104 - [Saving Snapshot:]/mnt/data/hungpv/polyps/checkpoint/KCECE/mit-uperhead_v4/MiT-B3-UPerHead_80.pth
2022-04-06 04:34:58.223 | INFO     | tools.trainer:train_loop:110 - Training cost: 14316.855112161953seconds
