2022-04-05 20:23:25.297 | INFO     | __main__:main:45 - Load config from configs/mit-uperhead.yaml
2022-04-05 20:23:25.297 | INFO     | __main__:main:46 - {'dataset': {'data_path': '/home/admin_mcn/hungpv/polyps/dataset/KCECE', 'train_data_path': ['/home/admin_mcn/hungpv/polyps/dataset/KCECE/TrainDataset'], 'test_data_path': ['/home/admin_mcn/hungpv/polyps/dataset/KCECE/TestDataset/Kvasir'], 'val_data_path': ['/home/admin_mcn/hungpv/polyps/dataset/KCECE/TestDataset/CVC-300']}, 'model': {'num_classes': 1, 'save_dir': '/mnt/data/hungpv/polyps/checkpoint/KCECE/mit-uperhead_v3', 'backbone': 'MiT-B3', 'head': 'UPerHead', 'pretrained': '/mnt/data/hungpv/polyps/pretrained-backbone/mit_b3.pth'}, 'optimizer': {'name': 'adam', 'lr': 0.0001, 'clip': 0.5, 'scheduler': 'cosine_warmup', 'loss': 'structure_loss'}, 'dev': 'cuda', 'train': {'start_from': 0, 'save_from': 78, 'num_epochs': 80, 'num_warmup_epoch': 10, 'is_val': False, 'size_rates': [0.75, 1, 1.25], 'dataloader': {'batchsize': 16, 'img_size': 352, 'shuffle': True, 'num_workers': 2, 'pin_memory': True, 'drop_last': True}, 'amp': False, 'ddp': False, 'augment': {'prob': 1, 'Flip_prob': 0.7, 'HueSaturationValue_prob': 0.7, 'RandomBrightnessContrast_prob': 0.5, 'crop_prob': 0.0, 'randomrotate90_prob': 0.7}}, 'test': {'dev': 'cuda', 'visualize': False, 'visualize_dir': '/mnt/data/hungpv/polyps/visualize', 'vis_x': 180, 'vis_overwrite': False, 'checkpoint_dir': '/mnt/data/hungpv/polyps/checkpoint/KCECE/mit-uperhead_v1/MiT-B3-UPerHead_80.pth', 'dataloader': {'batchsize': 1, 'img_size': 352, 'shuffle': True, 'num_workers': 2, 'pin_memory': True, 'drop_last': True}, 'augment': {'prob': 1, 'Flip_prob': 0, 'HueSaturationValue_prob': 0, 'RandomBrightnessContrast_prob': 0, 'crop_prob': 0, 'randomrotate90_prob': 0, 'elastictransform_prob': 0, 'gridistortion_prob': 0, 'opticaldistortion_prob': 0, 'verticalflip_prob': 0, 'horizontalflip_prob': 0, 'randomgamma_prob': 0, 'CoarseDropout_prob': 0, 'RGBShift_prob': 0, 'MotionBlur_prob': 0, 'MedianBlur_prob': 0, 'GaussianBlur_prob': 0, 'GaussNoise_prob': 0, 'ChannelShuffle_prob': 0}}}
2022-04-05 20:23:25.297 | INFO     | __main__:main:47 - Getting datapath
2022-04-05 20:23:25.304 | INFO     | __main__:main:61 - There are 1450 images to train
2022-04-05 20:23:25.304 | INFO     | __main__:main:80 - Train model with no valid dataset
2022-04-05 20:23:25.304 | INFO     | __main__:main:82 - Loading data
2022-04-05 20:23:25.398 | INFO     | __main__:main:96 - 90 batches to train
2022-04-05 20:23:25.402 | INFO     | __main__:main:109 - Loading model
2022-04-05 20:23:25.403 | INFO     | __main__:main:126 - Loading checkpoint from /mnt/data/hungpv/polyps/pretrained-backbone/mit_b3.pth ...
2022-04-05 20:23:28.197 | INFO     | __main__:main:164 - Training with FP32 ...
2022-04-05 20:25:59.214 | INFO     | tools.trainer:train_loop:89 - Epoch: [1/ 80] | Train loss: [1.828704110119078]
2022-04-05 20:28:29.337 | INFO     | tools.trainer:train_loop:89 - Epoch: [2/ 80] | Train loss: [0.7379922419786453]
2022-04-05 20:31:00.085 | INFO     | tools.trainer:train_loop:89 - Epoch: [3/ 80] | Train loss: [0.5617802302042644]
2022-04-05 20:31:00.294 | INFO     | tools.trainer:train_loop:104 - [Saving Snapshot:]/mnt/data/hungpv/polyps/checkpoint/KCECE/mit-uperhead_v3/MiT-B3-UPerHead_3.pth
2022-04-05 20:33:31.005 | INFO     | tools.trainer:train_loop:89 - Epoch: [4/ 80] | Train loss: [0.43992936925755605]
2022-04-05 20:36:01.497 | INFO     | tools.trainer:train_loop:89 - Epoch: [5/ 80] | Train loss: [0.3697313972645336]
2022-04-05 20:38:32.144 | INFO     | tools.trainer:train_loop:89 - Epoch: [6/ 80] | Train loss: [0.3068391838007503]
2022-04-05 20:41:02.861 | INFO     | tools.trainer:train_loop:89 - Epoch: [7/ 80] | Train loss: [0.2767932438188129]
2022-04-05 20:43:33.493 | INFO     | tools.trainer:train_loop:89 - Epoch: [8/ 80] | Train loss: [0.2569869369268417]
2022-04-05 20:46:04.144 | INFO     | tools.trainer:train_loop:89 - Epoch: [9/ 80] | Train loss: [0.23000062985552683]
2022-04-05 20:48:34.795 | INFO     | tools.trainer:train_loop:89 - Epoch: [10/ 80] | Train loss: [0.22702982889281378]
2022-04-05 20:51:05.399 | INFO     | tools.trainer:train_loop:89 - Epoch: [11/ 80] | Train loss: [0.2075803150733312]
2022-04-05 20:53:36.105 | INFO     | tools.trainer:train_loop:89 - Epoch: [12/ 80] | Train loss: [0.2072113369901975]
2022-04-05 20:56:06.598 | INFO     | tools.trainer:train_loop:89 - Epoch: [13/ 80] | Train loss: [0.19656967471043268]
2022-04-05 20:58:37.341 | INFO     | tools.trainer:train_loop:89 - Epoch: [14/ 80] | Train loss: [0.1760159188674556]
2022-04-05 21:01:08.015 | INFO     | tools.trainer:train_loop:89 - Epoch: [15/ 80] | Train loss: [0.1752990215188927]
2022-04-05 21:03:38.493 | INFO     | tools.trainer:train_loop:89 - Epoch: [16/ 80] | Train loss: [0.17729046593109768]
2022-04-05 21:06:09.164 | INFO     | tools.trainer:train_loop:89 - Epoch: [17/ 80] | Train loss: [0.16440630911125076]
2022-04-05 21:08:39.836 | INFO     | tools.trainer:train_loop:89 - Epoch: [18/ 80] | Train loss: [0.16232157796621322]
2022-04-05 21:11:10.423 | INFO     | tools.trainer:train_loop:89 - Epoch: [19/ 80] | Train loss: [0.15124899968504907]
2022-04-05 21:13:41.049 | INFO     | tools.trainer:train_loop:89 - Epoch: [20/ 80] | Train loss: [0.14795082352227634]
2022-04-05 21:16:11.593 | INFO     | tools.trainer:train_loop:89 - Epoch: [21/ 80] | Train loss: [0.14583043936226103]
2022-04-05 21:18:42.450 | INFO     | tools.trainer:train_loop:89 - Epoch: [22/ 80] | Train loss: [0.15484408537546793]
2022-04-05 21:21:12.961 | INFO     | tools.trainer:train_loop:89 - Epoch: [23/ 80] | Train loss: [0.15540687069296838]
2022-04-05 21:23:43.852 | INFO     | tools.trainer:train_loop:89 - Epoch: [24/ 80] | Train loss: [0.15155297741293908]
2022-04-05 21:26:14.663 | INFO     | tools.trainer:train_loop:89 - Epoch: [25/ 80] | Train loss: [0.1369849032825894]
2022-04-05 21:28:45.391 | INFO     | tools.trainer:train_loop:89 - Epoch: [26/ 80] | Train loss: [0.12873532614774175]
2022-04-05 21:31:16.070 | INFO     | tools.trainer:train_loop:89 - Epoch: [27/ 80] | Train loss: [0.13073348899682363]
2022-04-05 21:33:46.690 | INFO     | tools.trainer:train_loop:89 - Epoch: [28/ 80] | Train loss: [0.1281190483106507]
2022-04-05 21:36:17.485 | INFO     | tools.trainer:train_loop:89 - Epoch: [29/ 80] | Train loss: [0.13961249979005919]
2022-04-05 21:38:48.138 | INFO     | tools.trainer:train_loop:89 - Epoch: [30/ 80] | Train loss: [0.12400940284132958]
2022-04-05 21:41:18.846 | INFO     | tools.trainer:train_loop:89 - Epoch: [31/ 80] | Train loss: [0.1287652394009961]
2022-04-05 21:45:27.223 | INFO     | tools.trainer:train_loop:89 - Epoch: [32/ 80] | Train loss: [0.1208238792916139]
2022-04-05 21:48:00.917 | INFO     | tools.trainer:train_loop:89 - Epoch: [33/ 80] | Train loss: [0.12753661341137357]
2022-04-05 21:50:31.173 | INFO     | tools.trainer:train_loop:89 - Epoch: [34/ 80] | Train loss: [0.11957253995868895]
2022-04-05 21:53:01.602 | INFO     | tools.trainer:train_loop:89 - Epoch: [35/ 80] | Train loss: [0.12286633178591728]
2022-04-05 21:55:32.189 | INFO     | tools.trainer:train_loop:89 - Epoch: [36/ 80] | Train loss: [0.1157623199125131]
2022-04-05 21:58:02.748 | INFO     | tools.trainer:train_loop:89 - Epoch: [37/ 80] | Train loss: [0.11255543091230923]
2022-04-05 22:00:33.357 | INFO     | tools.trainer:train_loop:89 - Epoch: [38/ 80] | Train loss: [0.110124857392576]
2022-04-05 22:03:03.976 | INFO     | tools.trainer:train_loop:89 - Epoch: [39/ 80] | Train loss: [0.10823538535171084]
2022-04-05 22:05:34.412 | INFO     | tools.trainer:train_loop:89 - Epoch: [40/ 80] | Train loss: [0.10430861645274692]
2022-04-05 22:08:04.966 | INFO     | tools.trainer:train_loop:89 - Epoch: [41/ 80] | Train loss: [0.10456646333138148]
2022-04-05 22:10:35.694 | INFO     | tools.trainer:train_loop:89 - Epoch: [42/ 80] | Train loss: [0.10521705829434924]
2022-04-05 22:13:06.251 | INFO     | tools.trainer:train_loop:89 - Epoch: [43/ 80] | Train loss: [0.10853640826212035]
2022-04-05 22:15:36.782 | INFO     | tools.trainer:train_loop:89 - Epoch: [44/ 80] | Train loss: [0.10422934533821213]
2022-04-05 22:18:06.996 | INFO     | tools.trainer:train_loop:89 - Epoch: [45/ 80] | Train loss: [0.10367978885769844]
2022-04-05 22:20:37.471 | INFO     | tools.trainer:train_loop:89 - Epoch: [46/ 80] | Train loss: [0.1002414873904652]
2022-04-05 22:23:08.038 | INFO     | tools.trainer:train_loop:89 - Epoch: [47/ 80] | Train loss: [0.0967128181623088]
2022-04-05 22:25:38.666 | INFO     | tools.trainer:train_loop:89 - Epoch: [48/ 80] | Train loss: [0.0943067175646623]
2022-04-05 22:28:08.976 | INFO     | tools.trainer:train_loop:89 - Epoch: [49/ 80] | Train loss: [0.09348063973916901]
2022-04-05 22:30:39.288 | INFO     | tools.trainer:train_loop:89 - Epoch: [50/ 80] | Train loss: [0.09160998248391682]
2022-04-05 22:33:09.702 | INFO     | tools.trainer:train_loop:89 - Epoch: [51/ 80] | Train loss: [0.09092098317212528]
2022-04-05 22:35:39.966 | INFO     | tools.trainer:train_loop:89 - Epoch: [52/ 80] | Train loss: [0.09106196951535013]
2022-04-05 22:38:10.588 | INFO     | tools.trainer:train_loop:89 - Epoch: [53/ 80] | Train loss: [0.08999273934298091]
2022-04-05 22:40:41.007 | INFO     | tools.trainer:train_loop:89 - Epoch: [54/ 80] | Train loss: [0.08762142211198806]
2022-04-05 22:43:11.520 | INFO     | tools.trainer:train_loop:89 - Epoch: [55/ 80] | Train loss: [0.08865012410614226]
2022-04-05 22:45:41.981 | INFO     | tools.trainer:train_loop:89 - Epoch: [56/ 80] | Train loss: [0.08950979320539368]
2022-04-05 22:48:12.508 | INFO     | tools.trainer:train_loop:89 - Epoch: [57/ 80] | Train loss: [0.08603578085700671]
2022-04-05 22:50:42.929 | INFO     | tools.trainer:train_loop:89 - Epoch: [58/ 80] | Train loss: [0.08517239466309548]
2022-04-05 22:53:13.454 | INFO     | tools.trainer:train_loop:89 - Epoch: [59/ 80] | Train loss: [0.08323888298537996]
2022-04-05 22:55:43.753 | INFO     | tools.trainer:train_loop:89 - Epoch: [60/ 80] | Train loss: [0.08144619340697924]
2022-04-05 22:55:43.962 | INFO     | tools.trainer:train_loop:104 - [Saving Snapshot:]/mnt/data/hungpv/polyps/checkpoint/KCECE/mit-uperhead_v3/MiT-B3-UPerHead_60.pth
2022-04-05 22:58:14.203 | INFO     | tools.trainer:train_loop:89 - Epoch: [61/ 80] | Train loss: [0.08083382671078046]
2022-04-05 23:00:44.560 | INFO     | tools.trainer:train_loop:89 - Epoch: [62/ 80] | Train loss: [0.08009123620059755]
2022-04-05 23:03:15.066 | INFO     | tools.trainer:train_loop:89 - Epoch: [63/ 80] | Train loss: [0.08007002510130405]
2022-04-05 23:05:45.693 | INFO     | tools.trainer:train_loop:89 - Epoch: [64/ 80] | Train loss: [0.07827459706200493]
2022-04-05 23:08:16.064 | INFO     | tools.trainer:train_loop:89 - Epoch: [65/ 80] | Train loss: [0.07693578195240762]
2022-04-05 23:10:46.564 | INFO     | tools.trainer:train_loop:89 - Epoch: [66/ 80] | Train loss: [0.07649646699428558]
2022-04-05 23:13:17.150 | INFO     | tools.trainer:train_loop:89 - Epoch: [67/ 80] | Train loss: [0.07716283202171326]
2022-04-05 23:15:47.656 | INFO     | tools.trainer:train_loop:89 - Epoch: [68/ 80] | Train loss: [0.07561110854148864]
2022-04-05 23:18:18.130 | INFO     | tools.trainer:train_loop:89 - Epoch: [69/ 80] | Train loss: [0.07496577348146173]
2022-04-05 23:20:48.711 | INFO     | tools.trainer:train_loop:89 - Epoch: [70/ 80] | Train loss: [0.07469592400723034]
2022-04-05 23:23:19.372 | INFO     | tools.trainer:train_loop:89 - Epoch: [71/ 80] | Train loss: [0.0734880785147349]
2022-04-05 23:25:49.956 | INFO     | tools.trainer:train_loop:89 - Epoch: [72/ 80] | Train loss: [0.07373770938979254]
2022-04-05 23:28:20.544 | INFO     | tools.trainer:train_loop:89 - Epoch: [73/ 80] | Train loss: [0.07202531028952863]
2022-04-05 23:30:50.925 | INFO     | tools.trainer:train_loop:89 - Epoch: [74/ 80] | Train loss: [0.07180285954640972]
2022-04-05 23:33:21.374 | INFO     | tools.trainer:train_loop:89 - Epoch: [75/ 80] | Train loss: [0.07175686173141002]
2022-04-05 23:35:51.830 | INFO     | tools.trainer:train_loop:89 - Epoch: [76/ 80] | Train loss: [0.0706662798093425]
2022-04-05 23:38:22.313 | INFO     | tools.trainer:train_loop:89 - Epoch: [77/ 80] | Train loss: [0.06986221861508157]
2022-04-05 23:40:52.676 | INFO     | tools.trainer:train_loop:89 - Epoch: [78/ 80] | Train loss: [0.07044534877770477]
2022-04-05 23:43:23.444 | INFO     | tools.trainer:train_loop:89 - Epoch: [79/ 80] | Train loss: [0.07016869704756472]
2022-04-05 23:43:23.651 | INFO     | tools.trainer:train_loop:104 - [Saving Snapshot:]/mnt/data/hungpv/polyps/checkpoint/KCECE/mit-uperhead_v3/MiT-B3-UPerHead_79.pth
2022-04-05 23:45:54.009 | INFO     | tools.trainer:train_loop:89 - Epoch: [80/ 80] | Train loss: [0.06868080095284515]
2022-04-05 23:45:54.214 | INFO     | tools.trainer:train_loop:104 - [Saving Snapshot:]/mnt/data/hungpv/polyps/checkpoint/KCECE/mit-uperhead_v3/MiT-B3-UPerHead_80.pth
2022-04-05 23:45:54.214 | INFO     | tools.trainer:train_loop:110 - Training cost: 12145.087030792958seconds
