2022-04-05 20:15:23.375 | INFO     | __main__:main:45 - Load config from configs/mit-uperhead.yaml
2022-04-05 20:15:23.375 | INFO     | __main__:main:46 - {'dataset': {'data_path': '/home/admin_mcn/hungpv/polyps/dataset/KCECE', 'train_data_path': ['/home/admin_mcn/hungpv/polyps/dataset/KCECE/TrainDataset'], 'test_data_path': ['/home/admin_mcn/hungpv/polyps/dataset/KCECE/TestDataset/Kvasir'], 'val_data_path': ['/home/admin_mcn/hungpv/polyps/dataset/KCECE/TestDataset/CVC-300']}, 'model': {'num_classes': 1, 'save_dir': '/mnt/data/hungpv/polyps/checkpoint/KCECE/mit-uperhead_v2', 'backbone': 'MiT-B3', 'head': 'UPerHead', 'pretrained': '/mnt/data/hungpv/polyps/pretrained-backbone/mit_b3.pth'}, 'optimizer': {'name': 'adam', 'lr': 0.0001, 'clip': 0.5, 'scheduler': 'cosine_warmup', 'loss': 'structure_loss'}, 'dev': 'cuda', 'train': {'start_from': 0, 'save_from': 78, 'num_epochs': 80, 'num_warmup_epoch': 10, 'is_val': False, 'size_rates': [0.75, 1, 1.25], 'dataloader': {'batchsize': 16, 'img_size': 352, 'shuffle': True, 'num_workers': 2, 'pin_memory': True, 'drop_last': True}, 'amp': False, 'ddp': False, 'augment': {'prob': 1, 'Flip_prob': 0.7, 'HueSaturationValue_prob': 0.7, 'RandomBrightnessContrast_prob': 0.5, 'crop_prob': 0.0, 'randomrotate90_prob': 0.7}}, 'test': {'dev': 'cuda', 'visualize': False, 'visualize_dir': '/mnt/data/hungpv/polyps/visualize', 'vis_x': 180, 'vis_overwrite': False, 'checkpoint_dir': '/mnt/data/hungpv/polyps/checkpoint/KCECE/mit-uperhead_v1/MiT-B3-UPerHead_80.pth', 'dataloader': {'batchsize': 1, 'img_size': 352, 'shuffle': True, 'num_workers': 2, 'pin_memory': True, 'drop_last': True}, 'augment': {'prob': 1, 'Flip_prob': 0, 'HueSaturationValue_prob': 0, 'RandomBrightnessContrast_prob': 0, 'crop_prob': 0, 'randomrotate90_prob': 0, 'elastictransform_prob': 0, 'gridistortion_prob': 0, 'opticaldistortion_prob': 0, 'verticalflip_prob': 0, 'horizontalflip_prob': 0, 'randomgamma_prob': 0, 'CoarseDropout_prob': 0, 'RGBShift_prob': 0, 'MotionBlur_prob': 0, 'MedianBlur_prob': 0, 'GaussianBlur_prob': 0, 'GaussNoise_prob': 0, 'ChannelShuffle_prob': 0}}}
2022-04-05 20:15:23.376 | INFO     | __main__:main:47 - Getting datapath
2022-04-05 20:15:23.381 | INFO     | __main__:main:61 - There are 1450 images to train
2022-04-05 20:15:23.382 | INFO     | __main__:main:80 - Train model with no valid dataset
2022-04-05 20:15:23.382 | INFO     | __main__:main:82 - Loading data
2022-04-05 20:15:23.474 | INFO     | __main__:main:96 - 90 batches to train
2022-04-05 20:15:23.478 | INFO     | __main__:main:109 - Loading model
2022-04-05 20:15:23.478 | INFO     | __main__:main:126 - Loading checkpoint from /mnt/data/hungpv/polyps/pretrained-backbone/mit_b3.pth ...
2022-04-05 20:15:26.068 | INFO     | __main__:main:164 - Training with FP32 ...
2022-04-05 20:18:08.480 | INFO     | tools.trainer:train_loop:89 - Epoch: [1/ 80] | Train loss: [2.3797329207261404]
2022-04-05 20:20:56.538 | INFO     | tools.trainer:train_loop:89 - Epoch: [2/ 80] | Train loss: [0.8533140457338757]
2022-04-05 20:23:44.766 | INFO     | tools.trainer:train_loop:89 - Epoch: [3/ 80] | Train loss: [0.6204604148864746]
2022-04-05 20:23:44.977 | INFO     | tools.trainer:train_loop:104 - [Saving Snapshot:]/mnt/data/hungpv/polyps/checkpoint/KCECE/mit-uperhead_v2/MiT-B3-UPerHead_3.pth
2022-04-05 20:26:45.530 | INFO     | tools.trainer:train_loop:89 - Epoch: [4/ 80] | Train loss: [0.49048378037081825]
2022-04-05 20:29:53.985 | INFO     | tools.trainer:train_loop:89 - Epoch: [5/ 80] | Train loss: [0.3991005448831452]
2022-04-05 20:32:58.015 | INFO     | tools.trainer:train_loop:89 - Epoch: [6/ 80] | Train loss: [0.33476201395193733]
2022-04-05 20:35:59.499 | INFO     | tools.trainer:train_loop:89 - Epoch: [7/ 80] | Train loss: [0.298303743203481]
2022-04-05 20:39:01.700 | INFO     | tools.trainer:train_loop:89 - Epoch: [8/ 80] | Train loss: [0.270343554019928]
2022-04-05 20:42:04.995 | INFO     | tools.trainer:train_loop:89 - Epoch: [9/ 80] | Train loss: [0.26063704556889006]
2022-04-05 20:45:08.940 | INFO     | tools.trainer:train_loop:89 - Epoch: [10/ 80] | Train loss: [0.23183880150318145]
2022-04-05 20:48:14.120 | INFO     | tools.trainer:train_loop:89 - Epoch: [11/ 80] | Train loss: [0.2148755270573828]
2022-04-05 20:51:18.588 | INFO     | tools.trainer:train_loop:89 - Epoch: [12/ 80] | Train loss: [0.20146854453616672]
2022-04-05 20:54:22.472 | INFO     | tools.trainer:train_loop:89 - Epoch: [13/ 80] | Train loss: [0.2023332471648852]
2022-04-05 20:57:26.481 | INFO     | tools.trainer:train_loop:89 - Epoch: [14/ 80] | Train loss: [0.18386122634013494]
2022-04-05 21:00:31.410 | INFO     | tools.trainer:train_loop:89 - Epoch: [15/ 80] | Train loss: [0.18248380538490083]
2022-04-05 21:03:34.273 | INFO     | tools.trainer:train_loop:89 - Epoch: [16/ 80] | Train loss: [0.19139712593621677]
2022-04-05 21:06:38.639 | INFO     | tools.trainer:train_loop:89 - Epoch: [17/ 80] | Train loss: [0.17694585447510083]
2022-04-05 21:09:42.367 | INFO     | tools.trainer:train_loop:89 - Epoch: [18/ 80] | Train loss: [0.1711491274336974]
2022-04-05 21:12:47.226 | INFO     | tools.trainer:train_loop:89 - Epoch: [19/ 80] | Train loss: [0.17001917544338438]
2022-04-05 21:15:52.212 | INFO     | tools.trainer:train_loop:89 - Epoch: [20/ 80] | Train loss: [0.16116964312063323]
2022-04-05 21:18:55.583 | INFO     | tools.trainer:train_loop:89 - Epoch: [21/ 80] | Train loss: [0.15285808013545144]
2022-04-05 21:22:01.933 | INFO     | tools.trainer:train_loop:89 - Epoch: [22/ 80] | Train loss: [0.15967593987782797]
2022-04-05 21:25:07.103 | INFO     | tools.trainer:train_loop:89 - Epoch: [23/ 80] | Train loss: [0.14873982212609715]
2022-04-05 21:28:11.256 | INFO     | tools.trainer:train_loop:89 - Epoch: [24/ 80] | Train loss: [0.14175450354814528]
2022-04-05 21:31:15.428 | INFO     | tools.trainer:train_loop:89 - Epoch: [25/ 80] | Train loss: [0.13852107988463508]
2022-04-05 21:34:19.909 | INFO     | tools.trainer:train_loop:89 - Epoch: [26/ 80] | Train loss: [0.13949771200617153]
2022-04-05 21:37:24.311 | INFO     | tools.trainer:train_loop:89 - Epoch: [27/ 80] | Train loss: [0.1383809271785948]
2022-04-05 21:40:28.715 | INFO     | tools.trainer:train_loop:89 - Epoch: [28/ 80] | Train loss: [0.142995732360416]
2022-04-05 21:43:33.481 | INFO     | tools.trainer:train_loop:89 - Epoch: [29/ 80] | Train loss: [0.13048584386706352]
2022-04-05 21:46:40.794 | INFO     | tools.trainer:train_loop:89 - Epoch: [30/ 80] | Train loss: [0.1264013080133332]
2022-04-05 21:49:47.219 | INFO     | tools.trainer:train_loop:89 - Epoch: [31/ 80] | Train loss: [0.12112776612242063]
2022-04-05 21:52:53.914 | INFO     | tools.trainer:train_loop:89 - Epoch: [32/ 80] | Train loss: [0.13633582409885195]
2022-04-05 21:55:56.859 | INFO     | tools.trainer:train_loop:89 - Epoch: [33/ 80] | Train loss: [0.13032477589117156]
2022-04-05 21:58:59.854 | INFO     | tools.trainer:train_loop:89 - Epoch: [34/ 80] | Train loss: [0.12480196787251366]
2022-04-05 22:02:04.413 | INFO     | tools.trainer:train_loop:89 - Epoch: [35/ 80] | Train loss: [0.1233403251402908]
2022-04-05 22:05:08.334 | INFO     | tools.trainer:train_loop:89 - Epoch: [36/ 80] | Train loss: [0.11743355608648724]
2022-04-05 22:08:10.102 | INFO     | tools.trainer:train_loop:89 - Epoch: [37/ 80] | Train loss: [0.11355178099539545]
2022-04-05 22:11:13.904 | INFO     | tools.trainer:train_loop:89 - Epoch: [38/ 80] | Train loss: [0.10991924711399609]
2022-04-05 22:14:18.440 | INFO     | tools.trainer:train_loop:89 - Epoch: [39/ 80] | Train loss: [0.11065636136465602]
2022-04-05 22:17:21.637 | INFO     | tools.trainer:train_loop:89 - Epoch: [40/ 80] | Train loss: [0.11955605803264512]
2022-04-05 22:20:26.421 | INFO     | tools.trainer:train_loop:89 - Epoch: [41/ 80] | Train loss: [0.11208316344353887]
2022-04-05 22:23:28.758 | INFO     | tools.trainer:train_loop:89 - Epoch: [42/ 80] | Train loss: [0.11120724636647436]
2022-04-05 22:26:31.924 | INFO     | tools.trainer:train_loop:89 - Epoch: [43/ 80] | Train loss: [0.10756653365161684]
2022-04-05 22:29:34.850 | INFO     | tools.trainer:train_loop:89 - Epoch: [44/ 80] | Train loss: [0.10768725019362238]
2022-04-05 22:32:38.649 | INFO     | tools.trainer:train_loop:89 - Epoch: [45/ 80] | Train loss: [0.10297813506589995]
2022-04-05 22:35:41.996 | INFO     | tools.trainer:train_loop:89 - Epoch: [46/ 80] | Train loss: [0.09992259028885099]
2022-04-05 22:38:46.121 | INFO     | tools.trainer:train_loop:89 - Epoch: [47/ 80] | Train loss: [0.09782572761178017]
2022-04-05 22:41:49.977 | INFO     | tools.trainer:train_loop:89 - Epoch: [48/ 80] | Train loss: [0.09849703328477012]
2022-04-05 22:44:52.550 | INFO     | tools.trainer:train_loop:89 - Epoch: [49/ 80] | Train loss: [0.09777407935924]
2022-04-05 22:47:56.213 | INFO     | tools.trainer:train_loop:89 - Epoch: [50/ 80] | Train loss: [0.0960460609032048]
2022-04-05 22:50:59.233 | INFO     | tools.trainer:train_loop:89 - Epoch: [51/ 80] | Train loss: [0.09402099268303978]
2022-04-05 22:54:01.918 | INFO     | tools.trainer:train_loop:89 - Epoch: [52/ 80] | Train loss: [0.09320377475685543]
2022-04-05 22:57:04.536 | INFO     | tools.trainer:train_loop:89 - Epoch: [53/ 80] | Train loss: [0.0929074621034993]
2022-04-05 23:00:08.517 | INFO     | tools.trainer:train_loop:89 - Epoch: [54/ 80] | Train loss: [0.0901337533361382]
2022-04-05 23:03:11.069 | INFO     | tools.trainer:train_loop:89 - Epoch: [55/ 80] | Train loss: [0.08955546617507934]
2022-04-05 23:06:14.964 | INFO     | tools.trainer:train_loop:89 - Epoch: [56/ 80] | Train loss: [0.08738424703478813]
2022-04-05 23:09:18.593 | INFO     | tools.trainer:train_loop:89 - Epoch: [57/ 80] | Train loss: [0.09088715877797869]
2022-04-05 23:12:21.980 | INFO     | tools.trainer:train_loop:89 - Epoch: [58/ 80] | Train loss: [0.08887210140625636]
2022-04-05 23:15:25.078 | INFO     | tools.trainer:train_loop:89 - Epoch: [59/ 80] | Train loss: [0.08667590129706594]
2022-04-05 23:18:27.658 | INFO     | tools.trainer:train_loop:89 - Epoch: [60/ 80] | Train loss: [0.08499381509092119]
2022-04-05 23:18:27.862 | INFO     | tools.trainer:train_loop:104 - [Saving Snapshot:]/mnt/data/hungpv/polyps/checkpoint/KCECE/mit-uperhead_v2/MiT-B3-UPerHead_60.pth
2022-04-05 23:21:30.378 | INFO     | tools.trainer:train_loop:89 - Epoch: [61/ 80] | Train loss: [0.08301664640506108]
2022-04-05 23:24:39.033 | INFO     | tools.trainer:train_loop:89 - Epoch: [62/ 80] | Train loss: [0.08089539806048075]
2022-04-05 23:27:46.327 | INFO     | tools.trainer:train_loop:89 - Epoch: [63/ 80] | Train loss: [0.08134052571323183]
2022-04-05 23:30:50.664 | INFO     | tools.trainer:train_loop:89 - Epoch: [64/ 80] | Train loss: [0.08008649821082751]
2022-04-05 23:33:53.863 | INFO     | tools.trainer:train_loop:89 - Epoch: [65/ 80] | Train loss: [0.07976816255185339]
2022-04-05 23:36:57.692 | INFO     | tools.trainer:train_loop:89 - Epoch: [66/ 80] | Train loss: [0.07826820173197323]
2022-04-05 23:40:01.003 | INFO     | tools.trainer:train_loop:89 - Epoch: [67/ 80] | Train loss: [0.07811710979375575]
2022-04-05 23:43:03.667 | INFO     | tools.trainer:train_loop:89 - Epoch: [68/ 80] | Train loss: [0.07696450824538867]
2022-04-05 23:46:05.272 | INFO     | tools.trainer:train_loop:89 - Epoch: [69/ 80] | Train loss: [0.076110975858238]
2022-04-05 23:48:55.278 | INFO     | tools.trainer:train_loop:89 - Epoch: [70/ 80] | Train loss: [0.07479397331674893]
2022-04-05 23:51:38.592 | INFO     | tools.trainer:train_loop:89 - Epoch: [71/ 80] | Train loss: [0.07437532072265943]
2022-04-05 23:54:18.763 | INFO     | tools.trainer:train_loop:89 - Epoch: [72/ 80] | Train loss: [0.0741914956520001]
2022-04-05 23:56:58.619 | INFO     | tools.trainer:train_loop:89 - Epoch: [73/ 80] | Train loss: [0.07381109471122424]
2022-04-05 23:59:38.369 | INFO     | tools.trainer:train_loop:89 - Epoch: [74/ 80] | Train loss: [0.07328103416495853]
2022-04-06 00:02:17.525 | INFO     | tools.trainer:train_loop:89 - Epoch: [75/ 80] | Train loss: [0.0722097003625499]
2022-04-06 00:04:56.666 | INFO     | tools.trainer:train_loop:89 - Epoch: [76/ 80] | Train loss: [0.07218547823528448]
2022-04-06 00:07:35.552 | INFO     | tools.trainer:train_loop:89 - Epoch: [77/ 80] | Train loss: [0.07166443723771307]
2022-04-06 00:10:14.003 | INFO     | tools.trainer:train_loop:89 - Epoch: [78/ 80] | Train loss: [0.07094375304877758]
2022-04-06 00:12:53.023 | INFO     | tools.trainer:train_loop:89 - Epoch: [79/ 80] | Train loss: [0.07075197969873746]
2022-04-06 00:12:53.230 | INFO     | tools.trainer:train_loop:104 - [Saving Snapshot:]/mnt/data/hungpv/polyps/checkpoint/KCECE/mit-uperhead_v2/MiT-B3-UPerHead_79.pth
2022-04-06 00:15:33.117 | INFO     | tools.trainer:train_loop:89 - Epoch: [80/ 80] | Train loss: [0.07021307349205017]
2022-04-06 00:15:33.316 | INFO     | tools.trainer:train_loop:104 - [Saving Snapshot:]/mnt/data/hungpv/polyps/checkpoint/KCECE/mit-uperhead_v2/MiT-B3-UPerHead_80.pth
2022-04-06 00:15:33.317 | INFO     | tools.trainer:train_loop:110 - Training cost: 14406.339249502053seconds
